T4E74 000:001.672   SEGGER J-Link V7.94d Log File
T4E74 000:001.922   DLL Compiled: Jan 11 2024 10:48:18
T4E74 000:001.977   Logging started @ 2024-01-29 04:40
T4E74 000:002.017   Process: C:\Users\a5123763\.eclipse\com.renesas.platform_865760450\DebugComp\RA\e2-server-gdb.exe
T4E74 000:002.056 - 2.053ms
T4E74 000:002.101 JLINK_GetDLLVersion()
T4E74 000:002.147 - 0.044ms returns 79404
T4E74 000:003.205 JLINK_OpenEx(...)
T4E74 000:018.385   Firmware: J-Link OB-S124 compiled Dec 13 2023 14:39:54
T4E74 000:019.538   Firmware: J-Link OB-S124 compiled Dec 13 2023 14:39:54
T4E74 000:045.924   Hardware: V1.00
T4E74 000:046.068   S/N: 831358877
T4E74 000:046.136   OEM: SEGGER
T4E74 000:046.208   Feature(s): None
T4E74 000:048.395   Bootloader: 2019 Oct 15
T4E74 000:049.612   USB speed mode: Full speed (12 MBit/s)
T4E74 000:050.546   TELNET listener socket opened on port 19021
T4E74 000:050.901   WEBSRV WEBSRV_Init(): Starting webserver thread(s)
T4E74 000:051.182   WEBSRV Webserver running on local port 19080
T4E74 000:051.505   Looking for J-Link GUI Server exe at: C:\Users\a5123763\.eclipse\com.renesas.platform_865760450\DebugComp\RA\ARM\Segger_v7.94.4\JLinkGUIServer.exe
T4E74 000:052.084   Looking for J-Link GUI Server exe at: \JLinkGUIServer.exe
T4E74 000:358.753   Failed to connect to J-Link GUI Server.
T4E74 000:358.896 - 355.675ms returns "O.K."
T4E74 000:359.528 JLINK_ExecCommand("ProjectFile=C:\Users\a5123763\e2_studio\workspace_porting\ra_mcuboot_ra4m3_swap_enc_qspi/ra_mcuboot_ra4m3_swap_enc_qspi Debug_Flat.jlink", ...).
T4E74 000:426.713 - 67.190ms returns 0x00
T4E74 000:427.193 JLINK_ExecCommand("device=R7FA4M3AF", ...).
T4E74 000:427.425   Flash bank @ 0x0100A100: SFL: Parsing sectorization info from ELF file
T4E74 000:427.458     FlashDevice.SectorInfo[0]: .SectorSize = 0x00000010, .SectorStartAddr = 0x00000000
T4E74 000:427.485   FlashBank @0x0100A100: Sectorization info from SFL ELF file ignored because sectorization override from DLL / XML file is active.
T4E74 000:427.844   Flash bank @ 0x60000000: SFL: Parsing sectorization info from ELF file
T4E74 000:427.881     FlashDevice.SectorInfo[0]: .SectorSize = 0x00010000, .SectorStartAddr = 0x00000000
T4E74 000:431.626   Device "R7FA4M3AF" selected.
T4E74 000:432.428 - 5.195ms returns 0x00
T4E74 000:432.476 JLINK_ReadMem(0xE000EDF0, 0x4 Bytes, ...)
T4E74 000:432.887   ConfigTargetSettings() start
T4E74 000:432.931    J-Link Script File: Executing ConfigTargetSettings()
T4E74 000:432.957   Configuring FlashDLNoRMWThreshold=0x200 in order to make sure that option bytes programming is done via read-modify-write
T4E74 000:459.625   ConfigTargetSettings() end - Took 26.6ms
T4E74 000:460.762   InitTarget() start
T4E74 000:460.803    J-Link Script File: Executing InitTarget()
T4E74 000:460.822   SWD selected. Executing JTAG -> SWD switching sequence.
T4E74 000:469.207   DAP initialized successfully.
T4E74 000:469.298   Determining TrustZone configuration...
T4E74 000:473.760     Secure Debug: Enabled (SSD)
T4E74 000:473.851   Determining currently configured transfer type by reading the AHB-AP CSW register.
T4E74 000:476.542     --> Correct transfer type configured. Done.
T4E74 000:476.624   InitTarget() end - Took 15.8ms
T4E74 000:479.174   Found SW-DP with ID 0x6BA02477
T4E74 000:487.947   DPIDR: 0x6BA02477
T4E74 000:488.009   CoreSight SoC-400 or earlier
T4E74 000:488.048   Scanning AP map to find all available APs
T4E74 000:492.666   AP[2]: Stopped AP scan as end of AP map has been reached
T4E74 000:492.757   AP[0]: AHB-AP (IDR: 0x84770001)
T4E74 000:492.791   AP[1]: APB-AP (IDR: 0x54770002)
T4E74 000:492.820   Iterating through AP map to find AHB-AP to use
T4E74 000:497.261   AP[0]: Core found
T4E74 000:497.352   AP[0]: AHB-AP ROM base: 0xE00FE000
T4E74 000:499.705   CPUID register: 0x410FD214. Implementer code: 0x41 (ARM)
T4E74 000:499.887   Feature set: Mainline
T4E74 000:502.126   Cache: No cache
T4E74 000:502.237   Found Cortex-M33 r0p4, Little endian.
T4E74 000:503.346   -- Max. mem block: 0x00001AE8
T4E74 000:506.376   CPU_ReadMem(4 bytes @ 0xE000EDF0)
T4E74 000:510.955   CPU_ReadMem(4 bytes @ 0xE0002000)
T4E74 000:513.337   FPUnit: 8 code (BP) slots and 0 literal slots
T4E74 000:513.464   CPU_ReadMem(4 bytes @ 0xE000EDFC)
T4E74 000:515.969   CPU_ReadMem(4 bytes @ 0xE0001000)
T4E74 000:518.370   CPU_ReadMem(4 bytes @ 0xE0001000)
T4E74 000:520.892   CPU_ReadMem(4 bytes @ 0xE0001028)
T4E74 000:523.222   CPU_ReadMem(4 bytes @ 0xE0001038)
T4E74 000:525.281   CPU_ReadMem(4 bytes @ 0xE0001048)
T4E74 000:527.679   CPU_ReadMem(4 bytes @ 0xE0001058)
T4E74 000:530.039   CPU_WriteMem(4 bytes @ 0xE0001000)
T4E74 000:532.236   CPU_ReadMem(4 bytes @ 0xE000ED88)
T4E74 000:534.579   CPU_WriteMem(4 bytes @ 0xE000ED88)
T4E74 000:537.034   CPU_ReadMem(4 bytes @ 0xE000ED88)
T4E74 000:539.158   CPU_WriteMem(4 bytes @ 0xE000ED88)
T4E74 000:541.308   CPU_ReadMem(4 bytes @ 0xE000EFB8)
T4E74 000:543.762   Security extension: implemented
T4E74 000:543.898   Secure debug: enabled
T4E74 000:543.950   CoreSight components:
T4E74 000:544.018   ROMTbl[0] @ E00FE000
T4E74 000:544.078   CPU_ReadMem(64 bytes @ 0xE00FE000)
T4E74 000:550.203   CPU_ReadMem(32 bytes @ 0xE0044FE0)
T4E74 000:554.462   CPU_ReadMem(4 bytes @ 0xE0044FBC)
T4E74 000:556.666   CPU_ReadMem(4 bytes @ 0xE0044FCC)
T4E74 000:559.130   [0][0]: E0044000 CID B105900D PID 005BB906 DEVARCH 00000000 DEVTYPE 14 CTI (?)
T4E74 000:559.260   CPU_ReadMem(32 bytes @ 0xE0047FE0)
T4E74 000:563.814   CPU_ReadMem(4 bytes @ 0xE0047FBC)
T4E74 000:566.333   CPU_ReadMem(4 bytes @ 0xE0047FCC)
T4E74 000:568.768   [0][1]: E0047000 CID B105900D PID 003BB908 DEVARCH 00000000 DEVTYPE 12 CSTF
T4E74 000:568.999   CPU_ReadMem(32 bytes @ 0xE0048FE0)
T4E74 000:573.345   CPU_ReadMem(4 bytes @ 0xE0048FBC)
T4E74 000:575.916   CPU_ReadMem(4 bytes @ 0xE0048FCC)
T4E74 000:578.193   [0][2]: E0048000 CID B105900D PID 001BB961 DEVARCH 00000000 DEVTYPE 21 ETB
T4E74 000:578.354   CPU_ReadMem(32 bytes @ 0xE0049FE0)
T4E74 000:582.610   [0][3]: E0049000 CID B105F00D PID 001BB101 TSG
T4E74 000:582.809   CPU_ReadMem(32 bytes @ 0xE0040FE0)
T4E74 000:587.249   CPU_ReadMem(4 bytes @ 0xE0040FBC)
T4E74 000:589.590   CPU_ReadMem(4 bytes @ 0xE0040FCC)
T4E74 000:592.143   [0][4]: E0040000 CID B105900D PID 000BBD21 DEVARCH 00000000 DEVTYPE 11 TPIU
T4E74 000:592.367   CPU_ReadMem(32 bytes @ 0xE00FFFE0)
T4E74 000:596.831   [0][5]: E00FF000 CID B105100D PID 000BB4C9 ROM Table
T4E74 000:597.061   ROMTbl[1] @ E00FF000
T4E74 000:597.163   CPU_ReadMem(64 bytes @ 0xE00FF000)
T4E74 000:603.830   CPU_ReadMem(32 bytes @ 0xE000EFE0)
T4E74 000:608.452   CPU_ReadMem(4 bytes @ 0xE000EFBC)
T4E74 000:611.160   CPU_ReadMem(4 bytes @ 0xE000EFCC)
T4E74 000:613.685   [1][0]: E000E000 CID B105900D PID 000BBD21 DEVARCH 47702A04 DEVTYPE 00 Cortex-M33
T4E74 000:613.951   CPU_ReadMem(32 bytes @ 0xE0001FE0)
T4E74 000:618.204   CPU_ReadMem(4 bytes @ 0xE0001FBC)
T4E74 000:621.007   CPU_ReadMem(4 bytes @ 0xE0001FCC)
T4E74 000:623.748   [1][1]: E0001000 CID B105900D PID 000BBD21 DEVARCH 47701A02 DEVTYPE 00 DWT
T4E74 000:624.013   CPU_ReadMem(32 bytes @ 0xE0002FE0)
T4E74 000:628.523   CPU_ReadMem(4 bytes @ 0xE0002FBC)
T4E74 000:631.237   CPU_ReadMem(4 bytes @ 0xE0002FCC)
T4E74 000:633.880   [1][2]: E0002000 CID B105900D PID 000BBD21 DEVARCH 47701A03 DEVTYPE 00 FPB
T4E74 000:634.119   CPU_ReadMem(32 bytes @ 0xE0000FE0)
T4E74 000:638.721   CPU_ReadMem(4 bytes @ 0xE0000FBC)
T4E74 000:641.371   CPU_ReadMem(4 bytes @ 0xE0000FCC)
T4E74 000:644.189   [1][3]: E0000000 CID B105900D PID 000BBD21 DEVARCH 47701A01 DEVTYPE 43 ITM
T4E74 000:644.457   CPU_ReadMem(32 bytes @ 0xE0041FE0)
T4E74 000:648.917   CPU_ReadMem(4 bytes @ 0xE0041FBC)
T4E74 000:651.560   CPU_ReadMem(4 bytes @ 0xE0041FCC)
T4E74 000:654.499   [1][5]: E0041000 CID B105900D PID 002BBD21 DEVARCH 47724A13 DEVTYPE 13 ETM
T4E74 000:654.803   CPU_ReadMem(32 bytes @ 0xE0042FE0)
T4E74 000:659.592   CPU_ReadMem(4 bytes @ 0xE0042FBC)
T4E74 000:662.572   CPU_ReadMem(4 bytes @ 0xE0042FCC)
T4E74 000:665.391   [1][6]: E0042000 CID B105900D PID 000BBD21 DEVARCH 47701A14 DEVTYPE 14 CSS600-CTI
T4E74 000:666.098   CPU_ReadMem(4 bytes @ 0xE000EDF0)
T4E74 000:668.741   Data:  03 00 13 00
T4E74 000:669.038   Debug reg: DHCSR
T4E74 000:669.185 - 236.707ms returns 0
T4E74 000:669.329 JLINK_ReadMem(0x400E002C, 0x4 Bytes, ...)
T4E74 000:669.589   CPU_ReadMem(4 bytes @ 0x400E002C)
T4E74 000:672.262   Data:  02 00 00 00
T4E74 000:672.559 - 3.230ms returns 0
T4E74 000:675.048 JLINK_ReadMem(0xE000EDF0, 0x4 Bytes, ...)
T4E74 000:675.297   CPU_ReadMem(4 bytes @ 0xE000EDF0)
T4E74 000:677.723   Data:  03 00 13 00
T4E74 000:678.020   Debug reg: DHCSR
T4E74 000:678.156 - 3.108ms returns 0
T4E74 000:678.350 JLINK_ReadMem(0xE000EDF0, 0x4 Bytes, ...)
T4E74 000:678.493   CPU_ReadMem(4 bytes @ 0xE000EDF0)
T4E74 000:680.867   Data:  03 00 13 00
T4E74 000:681.128   Debug reg: DHCSR
T4E74 000:681.279 - 2.928ms returns 0
T4E74 000:681.411 JLINK_ReadMem(0x400E001C, 0x4 Bytes, ...)
T4E74 000:681.547   CPU_ReadMem(4 bytes @ 0x400E001C)
T4E74 000:683.882   Data:  00 00 08 00
T4E74 000:684.159 - 2.747ms returns 0
T4E74 000:684.325 JLINK_ReadMem(0xE000EDF0, 0x4 Bytes, ...)
T4E74 000:684.467   CPU_ReadMem(4 bytes @ 0xE000EDF0)
T4E74 000:686.798   Data:  03 00 13 00
T4E74 000:687.021   Debug reg: DHCSR
T4E74 000:687.166 - 2.841ms returns 0
T4E74 000:687.281 JLINK_ReadMem(0x400E0018, 0x4 Bytes, ...)
T4E74 000:687.400   CPU_ReadMem(4 bytes @ 0x400E0018)
T4E74 000:689.673   Data:  00 00 08 00
T4E74 000:689.981 - 2.699ms returns 0
T4E74 000:690.105 JLINK_ReadMem(0xE000EDF0, 0x4 Bytes, ...)
T4E74 000:690.242   CPU_ReadMem(4 bytes @ 0xE000EDF0)
T4E74 000:692.551   Data:  03 00 13 00
T4E74 000:692.755   Debug reg: DHCSR
T4E74 000:692.881 - 2.776ms returns 0
T4E74 000:692.988 JLINK_ReadMem(0x400E0020, 0x4 Bytes, ...)
T4E74 000:693.104   CPU_ReadMem(4 bytes @ 0x400E0020)
T4E74 000:695.415   Data:  00 00 00 00
T4E74 000:695.623 - 2.634ms returns 0
T4E74 000:695.741 JLINK_ReadMem(0xE000EDF0, 0x4 Bytes, ...)
T4E74 000:695.869   CPU_ReadMem(4 bytes @ 0xE000EDF0)
T4E74 000:698.191   Data:  03 00 13 00
T4E74 000:698.399   Debug reg: DHCSR
T4E74 000:698.537 - 2.795ms returns 0
T4E74 000:698.642 JLINK_ReadMem(0x400E0028, 0x4 Bytes, ...)
T4E74 000:698.765   CPU_ReadMem(4 bytes @ 0x400E0028)
T4E74 000:701.030   Data:  00 00 02 00
T4E74 000:701.301 - 2.658ms returns 0
T4E74 000:703.347 JLINK_ReadMem(0xE000EDF0, 0x4 Bytes, ...)
T4E74 000:703.551   CPU_ReadMem(4 bytes @ 0xE000EDF0)
T4E74 000:705.813   Data:  03 00 13 00
T4E74 000:705.993   Debug reg: DHCSR
T4E74 000:706.076 - 2.730ms returns 0
T4E74 000:706.166 JLINK_ReadMem(0x400E0024, 0x4 Bytes, ...)
T4E74 000:706.241   CPU_ReadMem(4 bytes @ 0x400E0024)
T4E74 000:708.410   Data:  00 00 02 00
T4E74 000:708.548 - 2.381ms returns 0
T4E74 000:708.627 JLINK_ReadMem(0xE000EDF0, 0x4 Bytes, ...)
T4E74 000:708.709   CPU_ReadMem(4 bytes @ 0xE000EDF0)
T4E74 000:710.939   Data:  03 00 13 00
T4E74 000:711.162   Debug reg: DHCSR
T4E74 000:711.251 - 2.624ms returns 0
T4E74 000:711.324 JLINK_ReadMem(0x400E002C, 0x4 Bytes, ...)
T4E74 000:711.413   CPU_ReadMem(4 bytes @ 0x400E002C)
T4E74 000:714.014   Data:  02 00 00 00
T4E74 000:714.198 - 2.874ms returns 0
T4E74 000:714.287 JLINK_ReadMem(0xE000EDF0, 0x4 Bytes, ...)
T4E74 000:714.378   CPU_ReadMem(4 bytes @ 0xE000EDF0)
T4E74 000:716.559   Data:  03 00 13 00
T4E74 000:716.798   Debug reg: DHCSR
T4E74 000:716.901 - 2.613ms returns 0
T4E74 000:717.005 JLINK_ReadMem(0x400E002C, 0x4 Bytes, ...)
T4E74 000:717.108   CPU_ReadMem(4 bytes @ 0x400E002C)
T4E74 000:719.576   Data:  02 00 00 00
T4E74 000:719.769 - 2.765ms returns 0
T4E74 000:721.937 JLINK_Close()
T4E74 000:757.070 - 35.130ms
T4E74 000:757.258
T4E74 000:757.282   Closed
