T1580 000:002.149   SEGGER J-Link V7.98g Log File
T1580 000:002.365   DLL Compiled: Sep  5 2024 11:46:36
T1580 000:002.389   Logging started @ 2024-10-25 09:55
T1580 000:002.411   Process: C:\Users\a5123763\.eclipse\com.renesas.platform_15818172\DebugComp\RA\e2-server-gdb.exe
T1580 000:002.434 - 2.431ms
T1580 000:002.466 JLINK_GetDLLVersion()
T1580 000:002.492 - 0.027ms returns 79807
T1580 000:010.044 JLINK_OpenEx(...)
T1580 000:025.275   Firmware: J-Link OB-RA4M2 compiled Jul  3 2024 17:03:13
T1580 000:026.452   Firmware: J-Link OB-RA4M2 compiled Jul  3 2024 17:03:13
T1580 000:040.847   Hardware: V1.00
T1580 000:040.954   S/N: 1084050377
T1580 000:040.984   OEM: SEGGER
T1580 000:041.016   Feature(s): None
T1580 000:042.083   Bootloader: 2021 May 14
T1580 000:042.747   USB speed mode: Full speed (12 MBit/s)
T1580 000:043.371   TELNET listener socket opened on port 19021
T1580 000:043.723   WEBSRV WEBSRV_Init(): Starting webserver thread(s)
T1580 000:044.024   WEBSRV Webserver running on local port 19080
T1580 000:044.416   Looking for J-Link GUI Server exe at: C:\Users\a5123763\.eclipse\com.renesas.platform_15818172\DebugComp\RA\ARM\Segger_v7.98.7\JLinkGUIServer.exe
T1580 000:045.268   Looking for J-Link GUI Server exe at: \JLinkGUIServer.exe
T1580 000:349.296   Failed to connect to J-Link GUI Server.
T1580 000:349.506 - 339.449ms returns "O.K."
T1580 000:349.994 JLINK_TIF_Select(JLINKARM_TIF_SWD)
T1580 000:351.011 - 1.017ms returns 0x00
T1580 000:351.069 JLINK_ClrRESET()
T1580 000:351.608 - 0.538ms
T1580 000:402.653 JLINK_SetSpeed(1500)
T1580 000:402.929 - 0.287ms
T1580 000:402.990 JLINK_CORESIGHT_Configure(PerformTIFInit=0)
T1580 000:403.513 - 0.529ms returns 0
T1580 000:403.569 JLINK_CORESIGHT_ReadAPDPReg(DP reg 0x00)
T1580 000:404.065   Value=0x6BA02477
T1580 000:404.118 - 0.548ms returns 0
T1580 000:404.149 JLINK_CORESIGHT_WriteAPDPReg(DP reg 0x00, 0x0000001F)
T1580 000:404.461 - 0.311ms returns 0
T1580 000:404.510 JLINK_CORESIGHT_ReadAPDPReg(DP reg 0x00)
T1580 000:404.854   Value=0x6BA02477
T1580 000:404.911 - 0.401ms returns 0
T1580 000:404.940 JLINK_CORESIGHT_WriteAPDPReg(DP reg 0x02, 0x00000000)
T1580 000:405.280 - 0.339ms returns 0
T1580 000:405.329 JLINK_CORESIGHT_WriteAPDPReg(DP reg 0x01, 0x50000000)
T1580 000:405.638 - 0.308ms returns 0
T1580 000:405.696 JLINK_CORESIGHT_ReadAPDPReg(DP reg 0x01)
T1580 000:406.009   Value=0xF0000040
T1580 000:406.056 - 0.360ms returns 0
T1580 000:406.084 JLINK_CORESIGHT_WriteAPDPReg(DP reg 0x00, 0x0000001F)
T1580 000:406.357 - 0.273ms returns 0
T1580 000:406.403 JLINK_CORESIGHT_ReadAPDPReg(DP reg 0x00)
T1580 000:406.834   Value=0x6BA02477
T1580 000:407.011 - 0.606ms returns 0
T1580 000:407.070 JLINK_CORESIGHT_WriteAPDPReg(DP reg 0x01, 0x54000000)
T1580 000:407.368 - 0.302ms returns 0
T1580 000:407.429 JLINK_CORESIGHT_WriteAPDPReg(DP reg 0x01, 0x50000F00)
T1580 000:407.752 - 0.322ms returns 0
T1580 000:407.800 JLINK_CORESIGHT_WriteAPDPReg(DP reg 0x02, 0x01000000)
T1580 000:408.112 - 0.312ms returns 0
T1580 000:408.156 JLINK_CORESIGHT_WriteAPDPReg(AP reg 0x00, 0x80000002)
T1580 000:408.487 - 0.331ms returns 0
T1580 000:408.530 JLINK_CORESIGHT_WriteAPDPReg(AP reg 0x01, 0x80011100)
T1580 000:408.825 - 0.294ms returns 0
T1580 000:408.911 JLINK_CORESIGHT_WriteAPDPReg(AP reg 0x03, 0x000000A5)
T1580 000:409.178 - 0.266ms returns 0
T1580 000:409.237 JLINK_CORESIGHT_WriteAPDPReg(AP reg 0x00, 0x80000002)
T1580 000:409.597 - 0.360ms returns 0
T1580 000:409.646 JLINK_CORESIGHT_WriteAPDPReg(AP reg 0x01, 0x80011100)
T1580 000:409.966 - 0.319ms returns 0
T1580 000:410.014 JLINK_CORESIGHT_ReadAPDPReg(AP reg 0x03)
T1580 000:410.328   Value=0x000000A5
T1580 000:410.367 - 0.353ms returns 0
T1580 000:410.399 JLINK_ClrTMS()
T1580 000:410.566 - 0.174ms
T1580 000:416.407 JLINK_SetTCK()
T1580 000:416.666 - 0.258ms returns 0
T1580 000:422.419 JLINK_SetRESET()
T1580 000:422.737 - 0.317ms
T1580 000:623.254 JLINK_CORESIGHT_WriteAPDPReg(AP reg 0x00, 0x80000002)
T1580 000:623.580 - 0.325ms returns 0
T1580 000:623.624 JLINK_CORESIGHT_WriteAPDPReg(AP reg 0x01, 0x80011100)
T1580 000:623.961 - 0.337ms returns 0
T1580 000:623.998 JLINK_CORESIGHT_ReadAPDPReg(AP reg 0x03)
T1580 000:624.370   Value=0x00000000
T1580 000:624.415 - 0.417ms returns 0
T1580 000:624.440 JLINK_CORESIGHT_WriteAPDPReg(AP reg 0x00, 0x80000002)
T1580 000:624.705 - 0.265ms returns 0
T1580 000:624.741 JLINK_CORESIGHT_WriteAPDPReg(AP reg 0x01, 0x80011140)
T1580 000:625.005 - 0.263ms returns 0
T1580 000:625.053 JLINK_CORESIGHT_ReadAPDPReg(AP reg 0x03)
T1580 000:625.380   Value=0x00000002
T1580 000:625.469 - 0.415ms returns 0
T1580 000:625.508 JLINK_CORESIGHT_WriteAPDPReg(AP reg 0x00, 0x80000002)
T1580 000:625.840 - 0.330ms returns 0
T1580 000:625.890 JLINK_CORESIGHT_WriteAPDPReg(AP reg 0x01, 0x80011120)
T1580 000:626.150 - 0.259ms returns 0
T1580 000:626.193 JLINK_CORESIGHT_WriteAPDPReg(AP reg 0x03, 0x00000055)
T1580 000:626.422 - 0.228ms returns 0
T1580 000:626.462 JLINK_CORESIGHT_WriteAPDPReg(AP reg 0x00, 0x80000002)
T1580 000:626.710 - 0.248ms returns 0
T1580 000:626.757 JLINK_CORESIGHT_WriteAPDPReg(AP reg 0x01, 0x80011140)
T1580 000:627.046 - 0.288ms returns 0
T1580 000:627.110 JLINK_CORESIGHT_ReadAPDPReg(AP reg 0x03)
T1580 000:627.463   Value=0x00000000
T1580 000:627.567 - 0.456ms returns 0
T1580 000:627.609 JLINK_CORESIGHT_WriteAPDPReg(AP reg 0x00, 0x80000002)
T1580 000:627.928 - 0.319ms returns 0
T1580 000:627.978 JLINK_CORESIGHT_WriteAPDPReg(AP reg 0x01, 0x80011130)
T1580 000:628.272 - 0.293ms returns 0
T1580 000:628.313 JLINK_CORESIGHT_ReadAPDPReg(AP reg 0x03)
T1580 000:628.662   Value=0x000000C6
T1580 000:628.711 - 0.398ms returns 0
T1580 000:628.740 JLINK_CORESIGHT_WriteAPDPReg(AP reg 0x00, 0x80000002)
T1580 000:628.997 - 0.257ms returns 0
T1580 000:629.038 JLINK_CORESIGHT_WriteAPDPReg(AP reg 0x01, 0x80011140)
T1580 000:629.295 - 0.257ms returns 0
T1580 000:629.335 JLINK_CORESIGHT_ReadAPDPReg(AP reg 0x03)
T1580 000:629.592   Value=0x00000002
T1580 000:629.631 - 0.296ms returns 0
T1580 000:629.656 JLINK_CORESIGHT_WriteAPDPReg(AP reg 0x00, 0x80000002)
T1580 000:629.965 - 0.308ms returns 0
T1580 000:630.007 JLINK_CORESIGHT_WriteAPDPReg(AP reg 0x01, 0x80011120)
T1580 000:630.250 - 0.242ms returns 0
T1580 000:630.284 JLINK_CORESIGHT_WriteAPDPReg(AP reg 0x03, 0x3A010001)
T1580 000:630.524 - 0.240ms returns 0
T1580 000:630.556 JLINK_CORESIGHT_WriteAPDPReg(AP reg 0x00, 0x80000002)
T1580 000:630.821 - 0.264ms returns 0
T1580 000:630.853 JLINK_CORESIGHT_WriteAPDPReg(AP reg 0x01, 0x80011140)
T1580 000:631.108 - 0.254ms returns 0
T1580 000:631.144 JLINK_CORESIGHT_ReadAPDPReg(AP reg 0x03)
T1580 000:631.405   Value=0x00000002
T1580 000:631.442 - 0.298ms returns 0
T1580 000:631.464 JLINK_CORESIGHT_WriteAPDPReg(AP reg 0x00, 0x80000002)
T1580 000:631.720 - 0.256ms returns 0
T1580 000:631.750 JLINK_CORESIGHT_WriteAPDPReg(AP reg 0x01, 0x80011120)
T1580 000:631.955 - 0.204ms returns 0
T1580 000:631.985 JLINK_CORESIGHT_WriteAPDPReg(AP reg 0x03, 0x000003C5)
T1580 000:632.193 - 0.208ms returns 0
T1580 000:632.227 JLINK_CORESIGHT_WriteAPDPReg(AP reg 0x00, 0x80000002)
T1580 000:632.486 - 0.258ms returns 0
T1580 000:632.527 JLINK_CORESIGHT_WriteAPDPReg(AP reg 0x01, 0x80011140)
T1580 000:632.797 - 0.269ms returns 0
T1580 000:632.839 JLINK_CORESIGHT_ReadAPDPReg(AP reg 0x03)
T1580 000:633.137   Value=0x00000002
T1580 000:633.183 - 0.343ms returns 0
T1580 000:633.207 JLINK_CORESIGHT_ReadAPDPReg(AP reg 0x03)
T1580 000:633.500   Value=0x00000002
T1580 000:633.544 - 0.337ms returns 0
T1580 000:633.569 JLINK_CORESIGHT_ReadAPDPReg(AP reg 0x03)
T1580 000:633.908   Value=0x00000002
T1580 000:633.954 - 0.384ms returns 0
T1580 000:633.981 JLINK_CORESIGHT_ReadAPDPReg(AP reg 0x03)
T1580 000:634.234   Value=0x00000002
T1580 000:634.279 - 0.298ms returns 0
T1580 000:634.302 JLINK_CORESIGHT_ReadAPDPReg(AP reg 0x03)
T1580 000:634.589   Value=0x00000002
T1580 000:634.630 - 0.328ms returns 0
T1580 000:634.651 JLINK_CORESIGHT_ReadAPDPReg(AP reg 0x03)
T1580 000:634.935   Value=0x00000002
T1580 000:635.011 - 0.359ms returns 0
T1580 000:635.052 JLINK_CORESIGHT_ReadAPDPReg(AP reg 0x03)
T1580 000:635.440   Value=0x00000002
T1580 000:635.515 - 0.463ms returns 0
T1580 000:635.540 JLINK_CORESIGHT_ReadAPDPReg(AP reg 0x03)
T1580 000:635.882   Value=0x00000002
T1580 000:635.963 - 0.422ms returns 0
T1580 000:636.000 JLINK_CORESIGHT_ReadAPDPReg(AP reg 0x03)
T1580 000:636.340   Value=0x00000000
T1580 000:636.389 - 0.389ms returns 0
T1580 000:636.413 JLINK_CORESIGHT_WriteAPDPReg(AP reg 0x00, 0x80000002)
T1580 000:636.744 - 0.330ms returns 0
T1580 000:636.784 JLINK_CORESIGHT_WriteAPDPReg(AP reg 0x01, 0x80011130)
T1580 000:637.087 - 0.302ms returns 0
T1580 000:637.128 JLINK_CORESIGHT_ReadAPDPReg(AP reg 0x03)
T1580 000:637.479   Value=0x3A2A0081
T1580 000:637.529 - 0.400ms returns 0
T1580 000:637.554 JLINK_CORESIGHT_WriteAPDPReg(AP reg 0x00, 0x80000002)
T1580 000:637.862 - 0.308ms returns 0
T1580 000:637.907 JLINK_CORESIGHT_WriteAPDPReg(AP reg 0x01, 0x80011140)
T1580 000:638.216 - 0.308ms returns 0
T1580 000:638.262 JLINK_CORESIGHT_ReadAPDPReg(AP reg 0x03)
T1580 000:638.633   Value=0x00000000
T1580 000:638.681 - 0.418ms returns 0
T1580 000:638.704 JLINK_CORESIGHT_WriteAPDPReg(AP reg 0x00, 0x80000002)
T1580 000:639.004 - 0.300ms returns 0
T1580 000:639.044 JLINK_CORESIGHT_WriteAPDPReg(AP reg 0x01, 0x80011130)
T1580 000:639.327 - 0.282ms returns 0
T1580 000:639.366 JLINK_CORESIGHT_ReadAPDPReg(AP reg 0x03)
T1580 000:639.760   Value=0x808D5B00
T1580 000:639.805 - 0.439ms returns 0
T1580 000:639.828 JLINK_CORESIGHT_WriteAPDPReg(AP reg 0x00, 0x80000002)
T1580 000:640.157 - 0.329ms returns 0
T1580 000:640.209 JLINK_CORESIGHT_WriteAPDPReg(AP reg 0x01, 0x80011140)
T1580 000:640.420 - 0.210ms returns 0
T1580 000:640.466 JLINK_CORESIGHT_ReadAPDPReg(AP reg 0x03)
T1580 000:640.728   Value=0x00000000
T1580 000:640.771 - 0.305ms returns 0
T1580 000:640.796 JLINK_CORESIGHT_WriteAPDPReg(AP reg 0x00, 0x80000002)
T1580 000:641.030 - 0.234ms returns 0
T1580 000:641.082 JLINK_CORESIGHT_WriteAPDPReg(AP reg 0x01, 0x80011130)
T1580 000:641.351 - 0.268ms returns 0
T1580 000:641.444 JLINK_CORESIGHT_ReadAPDPReg(AP reg 0x03)
T1580 000:641.825   Value=0x0603030B
T1580 000:641.905 - 0.461ms returns 0
T1580 000:641.947 JLINK_CORESIGHT_WriteAPDPReg(AP reg 0x00, 0x80000002)
T1580 000:642.190 - 0.243ms returns 0
T1580 000:642.245 JLINK_CORESIGHT_WriteAPDPReg(AP reg 0x01, 0x80011140)
T1580 000:642.550 - 0.304ms returns 0
T1580 000:642.601 JLINK_CORESIGHT_ReadAPDPReg(AP reg 0x03)
T1580 000:642.896   Value=0x00000000
T1580 000:642.937 - 0.336ms returns 0
T1580 000:642.962 JLINK_CORESIGHT_WriteAPDPReg(AP reg 0x00, 0x80000002)
T1580 000:643.195 - 0.233ms returns 0
T1580 000:643.229 JLINK_CORESIGHT_WriteAPDPReg(AP reg 0x01, 0x80011130)
T1580 000:643.509 - 0.279ms returns 0
T1580 000:643.546 JLINK_CORESIGHT_ReadAPDPReg(AP reg 0x03)
T1580 000:643.897   Value=0x2F4B4E20
T1580 000:643.935 - 0.389ms returns 0
T1580 000:643.958 JLINK_CORESIGHT_WriteAPDPReg(AP reg 0x00, 0x80000002)
T1580 000:644.167 - 0.208ms returns 0
T1580 000:644.200 JLINK_CORESIGHT_WriteAPDPReg(AP reg 0x01, 0x80011140)
T1580 000:644.445 - 0.244ms returns 0
T1580 000:644.488 JLINK_CORESIGHT_ReadAPDPReg(AP reg 0x03)
T1580 000:644.812   Value=0x00000000
T1580 000:644.852 - 0.364ms returns 0
T1580 000:644.876 JLINK_CORESIGHT_WriteAPDPReg(AP reg 0x00, 0x80000002)
T1580 000:645.089 - 0.213ms returns 0
T1580 000:645.122 JLINK_CORESIGHT_WriteAPDPReg(AP reg 0x01, 0x80011130)
T1580 000:645.331 - 0.208ms returns 0
T1580 000:645.363 JLINK_CORESIGHT_ReadAPDPReg(AP reg 0x03)
T1580 000:645.707   Value=0x4795230A
T1580 000:645.745 - 0.382ms returns 0
T1580 000:645.769 JLINK_CORESIGHT_WriteAPDPReg(AP reg 0x00, 0x80000002)
T1580 000:645.983 - 0.214ms returns 0
T1580 000:646.024 JLINK_CORESIGHT_WriteAPDPReg(AP reg 0x01, 0x80011140)
T1580 000:646.246 - 0.221ms returns 0
T1580 000:646.282 JLINK_CORESIGHT_ReadAPDPReg(AP reg 0x03)
T1580 000:646.544   Value=0x00000000
T1580 000:646.583 - 0.301ms returns 0
T1580 000:646.608 JLINK_CORESIGHT_WriteAPDPReg(AP reg 0x00, 0x80000002)
T1580 000:646.836 - 0.228ms returns 0
T1580 000:646.881 JLINK_CORESIGHT_WriteAPDPReg(AP reg 0x01, 0x80011130)
T1580 000:647.093 - 0.212ms returns 0
T1580 000:647.125 JLINK_CORESIGHT_ReadAPDPReg(AP reg 0x03)
T1580 000:647.374   Value=0x39353553
T1580 000:647.417 - 0.292ms returns 0
T1580 000:647.441 JLINK_CORESIGHT_WriteAPDPReg(AP reg 0x00, 0x80000002)
T1580 000:647.710 - 0.269ms returns 0
T1580 000:647.747 JLINK_CORESIGHT_WriteAPDPReg(AP reg 0x01, 0x80011140)
T1580 000:647.955 - 0.208ms returns 0
T1580 000:647.988 JLINK_CORESIGHT_ReadAPDPReg(AP reg 0x03)
T1580 000:648.248   Value=0x00000000
T1580 000:648.287 - 0.298ms returns 0
T1580 000:648.310 JLINK_CORESIGHT_WriteAPDPReg(AP reg 0x00, 0x80000002)
T1580 000:648.536 - 0.226ms returns 0
T1580 000:648.574 JLINK_CORESIGHT_WriteAPDPReg(AP reg 0x01, 0x80011130)
T1580 000:648.822 - 0.248ms returns 0
T1580 000:648.859 JLINK_CORESIGHT_ReadAPDPReg(AP reg 0x03)
T1580 000:649.149   Value=0x78144333
T1580 000:649.267 - 0.407ms returns 0
T1580 000:649.358 JLINK_CORESIGHT_WriteAPDPReg(AP reg 0x00, 0x80000002)
T1580 000:649.725 - 0.369ms returns 0
T1580 000:649.766 JLINK_CORESIGHT_WriteAPDPReg(AP reg 0x01, 0x80011140)
T1580 000:649.985 - 0.218ms returns 0
T1580 000:650.045 JLINK_CORESIGHT_ReadAPDPReg(AP reg 0x03)
T1580 000:650.330   Value=0x00000000
T1580 000:650.371 - 0.326ms returns 0
T1580 000:650.411 JLINK_CORESIGHT_WriteAPDPReg(AP reg 0x00, 0x80000002)
T1580 000:650.618 - 0.207ms returns 0
T1580 000:650.653 JLINK_CORESIGHT_WriteAPDPReg(AP reg 0x01, 0x80011130)
T1580 000:650.878 - 0.225ms returns 0
T1580 000:650.912 JLINK_CORESIGHT_ReadAPDPReg(AP reg 0x03)
T1580 000:651.173   Value=0x463752A2
T1580 000:651.211 - 0.298ms returns 0
T1580 000:651.246 JLINK_CORESIGHT_WriteAPDPReg(AP reg 0x00, 0x80000002)
T1580 000:651.468 - 0.222ms returns 0
T1580 000:651.501 JLINK_CORESIGHT_WriteAPDPReg(AP reg 0x01, 0x80011140)
T1580 000:651.707 - 0.206ms returns 0
T1580 000:651.748 JLINK_CORESIGHT_ReadAPDPReg(AP reg 0x03)
T1580 000:652.027   Value=0x00000000
T1580 000:652.065 - 0.316ms returns 0
T1580 000:652.091 JLINK_CORESIGHT_WriteAPDPReg(AP reg 0x00, 0x80000002)
T1580 000:652.309 - 0.218ms returns 0
T1580 000:652.349 JLINK_CORESIGHT_WriteAPDPReg(AP reg 0x01, 0x80011130)
T1580 000:652.567 - 0.218ms returns 0
T1580 000:652.605 JLINK_CORESIGHT_ReadAPDPReg(AP reg 0x03)
T1580 000:652.883   Value=0x314D3841
T1580 000:652.929 - 0.323ms returns 0
T1580 000:652.953 JLINK_CORESIGHT_WriteAPDPReg(AP reg 0x00, 0x80000002)
T1580 000:653.187 - 0.234ms returns 0
T1580 000:653.243 JLINK_CORESIGHT_WriteAPDPReg(AP reg 0x01, 0x80011140)
T1580 000:653.503 - 0.260ms returns 0
T1580 000:653.564 JLINK_CORESIGHT_ReadAPDPReg(AP reg 0x03)
T1580 000:653.872   Value=0x00000000
T1580 000:653.913 - 0.348ms returns 0
T1580 000:653.991 JLINK_CORESIGHT_WriteAPDPReg(AP reg 0x00, 0x80000002)
T1580 000:654.224 - 0.232ms returns 0
T1580 000:654.257 JLINK_CORESIGHT_WriteAPDPReg(AP reg 0x01, 0x80011130)
T1580 000:654.477 - 0.219ms returns 0
T1580 000:654.509 JLINK_CORESIGHT_ReadAPDPReg(AP reg 0x03)
T1580 000:654.791   Value=0x43454841
T1580 000:654.831 - 0.321ms returns 0
T1580 000:654.853 JLINK_CORESIGHT_WriteAPDPReg(AP reg 0x00, 0x80000002)
T1580 000:655.072 - 0.219ms returns 0
T1580 000:655.105 JLINK_CORESIGHT_WriteAPDPReg(AP reg 0x01, 0x80011140)
T1580 000:655.334 - 0.228ms returns 0
T1580 000:655.393 JLINK_CORESIGHT_ReadAPDPReg(AP reg 0x03)
T1580 000:655.758   Value=0x00000000
T1580 000:655.837 - 0.442ms returns 0
T1580 000:655.876 JLINK_CORESIGHT_WriteAPDPReg(AP reg 0x00, 0x80000002)
T1580 000:656.125 - 0.249ms returns 0
T1580 000:656.168 JLINK_CORESIGHT_WriteAPDPReg(AP reg 0x01, 0x80011130)
T1580 000:656.422 - 0.253ms returns 0
T1580 000:656.470 JLINK_CORESIGHT_ReadAPDPReg(AP reg 0x03)
T1580 000:656.800   Value=0x20204442
T1580 000:656.845 - 0.374ms returns 0
T1580 000:656.869 JLINK_CORESIGHT_WriteAPDPReg(AP reg 0x00, 0x80000002)
T1580 000:657.122 - 0.252ms returns 0
T1580 000:657.162 JLINK_CORESIGHT_WriteAPDPReg(AP reg 0x01, 0x80011140)
T1580 000:657.357 - 0.195ms returns 0
T1580 000:657.397 JLINK_CORESIGHT_ReadAPDPReg(AP reg 0x03)
T1580 000:657.777   Value=0x00000000
T1580 000:657.829 - 0.432ms returns 0
T1580 000:657.868 JLINK_CORESIGHT_WriteAPDPReg(AP reg 0x00, 0x80000002)
T1580 000:658.103 - 0.235ms returns 0
T1580 000:658.159 JLINK_CORESIGHT_WriteAPDPReg(AP reg 0x01, 0x80011130)
T1580 000:658.418 - 0.259ms returns 0
T1580 000:658.478 JLINK_CORESIGHT_ReadAPDPReg(AP reg 0x03)
T1580 000:658.891   Value=0x0003D520
T1580 000:658.951 - 0.472ms returns 0
T1580 000:659.103 JLINK_CORESIGHT_WriteAPDPReg(AP reg 0x00, 0x80000002)
T1580 000:659.362 - 0.258ms returns 0
T1580 000:659.406 JLINK_CORESIGHT_WriteAPDPReg(AP reg 0x01, 0x80011140)
T1580 000:659.722 - 0.316ms returns 0
T1580 000:659.767 JLINK_CORESIGHT_ReadAPDPReg(AP reg 0x03)
T1580 000:660.051   Value=0x00000002
T1580 000:660.088 - 0.321ms returns 0
T1580 000:660.115 JLINK_CORESIGHT_WriteAPDPReg(AP reg 0x00, 0x80000002)
T1580 000:660.348 - 0.233ms returns 0
T1580 000:660.395 JLINK_CORESIGHT_WriteAPDPReg(AP reg 0x01, 0x80011120)
T1580 000:660.651 - 0.257ms returns 0
T1580 000:660.686 JLINK_CORESIGHT_WriteAPDPReg(AP reg 0x03, 0x2C010001)
T1580 000:660.911 - 0.225ms returns 0
T1580 000:660.944 JLINK_CORESIGHT_WriteAPDPReg(AP reg 0x00, 0x80000002)
T1580 000:661.161 - 0.217ms returns 0
T1580 000:661.195 JLINK_CORESIGHT_WriteAPDPReg(AP reg 0x01, 0x80011140)
T1580 000:661.414 - 0.219ms returns 0
T1580 000:661.464 JLINK_CORESIGHT_ReadAPDPReg(AP reg 0x03)
T1580 000:661.764   Value=0x00000002
T1580 000:661.827 - 0.362ms returns 0
T1580 000:661.860 JLINK_CORESIGHT_WriteAPDPReg(AP reg 0x00, 0x80000002)
T1580 000:662.106 - 0.246ms returns 0
T1580 000:662.150 JLINK_CORESIGHT_WriteAPDPReg(AP reg 0x01, 0x80011120)
T1580 000:662.416 - 0.265ms returns 0
T1580 000:662.457 JLINK_CORESIGHT_WriteAPDPReg(AP reg 0x03, 0x000003D3)
T1580 000:662.708 - 0.250ms returns 0
T1580 000:662.744 JLINK_CORESIGHT_WriteAPDPReg(AP reg 0x00, 0x80000002)
T1580 000:662.997 - 0.252ms returns 0
T1580 000:663.044 JLINK_CORESIGHT_WriteAPDPReg(AP reg 0x01, 0x80011140)
T1580 000:663.292 - 0.247ms returns 0
T1580 000:663.346 JLINK_CORESIGHT_ReadAPDPReg(AP reg 0x03)
T1580 000:663.714   Value=0x00000002
T1580 000:663.781 - 0.434ms returns 0
T1580 000:663.815 JLINK_CORESIGHT_ReadAPDPReg(AP reg 0x03)
T1580 000:664.108   Value=0x00000000
T1580 000:664.171 - 0.355ms returns 0
T1580 000:664.210 JLINK_CORESIGHT_WriteAPDPReg(AP reg 0x00, 0x80000002)
T1580 000:664.453 - 0.242ms returns 0
T1580 000:664.499 JLINK_CORESIGHT_WriteAPDPReg(AP reg 0x01, 0x80011130)
T1580 000:664.745 - 0.245ms returns 0
T1580 000:664.790 JLINK_CORESIGHT_ReadAPDPReg(AP reg 0x03)
T1580 000:665.085   Value=0x2C020081
T1580 000:665.140 - 0.350ms returns 0
T1580 000:665.173 JLINK_CORESIGHT_WriteAPDPReg(AP reg 0x00, 0x80000002)
T1580 000:665.407 - 0.233ms returns 0
T1580 000:665.453 JLINK_CORESIGHT_WriteAPDPReg(AP reg 0x01, 0x80011140)
T1580 000:665.714 - 0.260ms returns 0
T1580 000:665.765 JLINK_CORESIGHT_ReadAPDPReg(AP reg 0x03)
T1580 000:666.085   Value=0x00000000
T1580 000:666.151 - 0.385ms returns 0
T1580 000:666.185 JLINK_CORESIGHT_WriteAPDPReg(AP reg 0x00, 0x80000002)
T1580 000:666.433 - 0.248ms returns 0
T1580 000:666.490 JLINK_CORESIGHT_WriteAPDPReg(AP reg 0x01, 0x80011130)
T1580 000:666.746 - 0.256ms returns 0
T1580 000:666.807 JLINK_CORESIGHT_ReadAPDPReg(AP reg 0x03)
T1580 000:667.160   Value=0x0003CE04
T1580 000:667.239 - 0.434ms returns 0
T1580 000:667.349 JLINK_CORESIGHT_WriteAPDPReg(AP reg 0x00, 0x80000002)
T1580 000:667.725 - 0.376ms returns 0
T1580 000:667.805 JLINK_CORESIGHT_WriteAPDPReg(AP reg 0x01, 0x80011140)
T1580 000:668.063 - 0.258ms returns 0
T1580 000:668.120 JLINK_CORESIGHT_ReadAPDPReg(AP reg 0x03)
T1580 000:668.417   Value=0x00000002
T1580 000:668.478 - 0.358ms returns 0
T1580 000:668.562 JLINK_CORESIGHT_WriteAPDPReg(AP reg 0x00, 0x80000002)
T1580 000:668.825 - 0.263ms returns 0
T1580 000:668.882 JLINK_CORESIGHT_WriteAPDPReg(AP reg 0x01, 0x80011120)
T1580 000:669.139 - 0.257ms returns 0
T1580 000:669.187 JLINK_CORESIGHT_WriteAPDPReg(AP reg 0x03, 0x73010001)
T1580 000:669.440 - 0.253ms returns 0
T1580 000:669.494 JLINK_CORESIGHT_WriteAPDPReg(AP reg 0x00, 0x80000002)
T1580 000:669.738 - 0.243ms returns 0
T1580 000:669.789 JLINK_CORESIGHT_WriteAPDPReg(AP reg 0x01, 0x80011140)
T1580 000:670.028 - 0.239ms returns 0
T1580 000:670.079 JLINK_CORESIGHT_ReadAPDPReg(AP reg 0x03)
T1580 000:670.362   Value=0x00000002
T1580 000:670.425 - 0.346ms returns 0
T1580 000:670.461 JLINK_CORESIGHT_WriteAPDPReg(AP reg 0x00, 0x80000002)
T1580 000:670.743 - 0.282ms returns 0
T1580 000:670.792 JLINK_CORESIGHT_WriteAPDPReg(AP reg 0x01, 0x80011120)
T1580 000:671.046 - 0.253ms returns 0
T1580 000:671.098 JLINK_CORESIGHT_WriteAPDPReg(AP reg 0x03, 0x0000038C)
T1580 000:671.406 - 0.308ms returns 0
T1580 000:671.448 JLINK_CORESIGHT_WriteAPDPReg(AP reg 0x00, 0x80000002)
T1580 000:671.753 - 0.304ms returns 0
T1580 000:671.795 JLINK_CORESIGHT_WriteAPDPReg(AP reg 0x01, 0x80011140)
T1580 000:672.032 - 0.237ms returns 0
T1580 000:672.077 JLINK_CORESIGHT_ReadAPDPReg(AP reg 0x03)
T1580 000:672.359   Value=0x00000002
T1580 000:672.402 - 0.324ms returns 0
T1580 000:672.427 JLINK_CORESIGHT_ReadAPDPReg(AP reg 0x03)
T1580 000:672.707   Value=0x00000000
T1580 000:672.746 - 0.319ms returns 0
T1580 000:672.769 JLINK_CORESIGHT_WriteAPDPReg(AP reg 0x00, 0x80000002)
T1580 000:672.997 - 0.228ms returns 0
T1580 000:673.033 JLINK_CORESIGHT_WriteAPDPReg(AP reg 0x01, 0x80011130)
T1580 000:673.300 - 0.267ms returns 0
T1580 000:673.334 JLINK_CORESIGHT_ReadAPDPReg(AP reg 0x03)
T1580 000:673.613   Value=0x73020081
T1580 000:673.672 - 0.338ms returns 0
T1580 000:673.708 JLINK_CORESIGHT_WriteAPDPReg(AP reg 0x00, 0x80000002)
T1580 000:673.976 - 0.267ms returns 0
T1580 000:674.015 JLINK_CORESIGHT_WriteAPDPReg(AP reg 0x01, 0x80011140)
T1580 000:674.265 - 0.250ms returns 0
T1580 000:674.310 JLINK_CORESIGHT_ReadAPDPReg(AP reg 0x03)
T1580 000:674.599   Value=0x00000000
T1580 000:674.648 - 0.338ms returns 0
T1580 000:674.686 JLINK_CORESIGHT_WriteAPDPReg(AP reg 0x00, 0x80000002)
T1580 000:674.935 - 0.249ms returns 0
T1580 000:674.985 JLINK_CORESIGHT_WriteAPDPReg(AP reg 0x01, 0x80011130)
T1580 000:675.229 - 0.244ms returns 0
T1580 000:675.285 JLINK_CORESIGHT_ReadAPDPReg(AP reg 0x03)
T1580 000:675.571   Value=0x00038803
T1580 000:675.637 - 0.351ms returns 0
T1580 000:675.673 JLINK_CORESIGHT_WriteAPDPReg(AP reg 0x00, 0x80000002)
T1580 000:675.924 - 0.251ms returns 0
T1580 000:675.982 JLINK_CORESIGHT_WriteAPDPReg(AP reg 0x01, 0x80011140)
T1580 000:676.226 - 0.244ms returns 0
T1580 000:676.279 JLINK_CORESIGHT_ReadAPDPReg(AP reg 0x03)
T1580 000:676.568   Value=0x00000002
T1580 000:676.632 - 0.353ms returns 0
T1580 000:676.669 JLINK_CORESIGHT_WriteAPDPReg(AP reg 0x00, 0x80000002)
T1580 000:676.915 - 0.246ms returns 0
T1580 000:676.968 JLINK_CORESIGHT_WriteAPDPReg(AP reg 0x01, 0x80011120)
T1580 000:677.213 - 0.245ms returns 0
T1580 000:677.261 JLINK_CORESIGHT_WriteAPDPReg(AP reg 0x03, 0x75010001)
T1580 000:677.503 - 0.241ms returns 0
T1580 000:677.554 JLINK_CORESIGHT_WriteAPDPReg(AP reg 0x00, 0x80000002)
T1580 000:677.829 - 0.274ms returns 0
T1580 000:677.878 JLINK_CORESIGHT_WriteAPDPReg(AP reg 0x01, 0x80011140)
T1580 000:678.135 - 0.256ms returns 0
T1580 000:678.186 JLINK_CORESIGHT_ReadAPDPReg(AP reg 0x03)
T1580 000:678.481   Value=0x00000002
T1580 000:678.555 - 0.369ms returns 0
T1580 000:678.596 JLINK_CORESIGHT_WriteAPDPReg(AP reg 0x00, 0x80000002)
T1580 000:678.844 - 0.248ms returns 0
T1580 000:678.895 JLINK_CORESIGHT_WriteAPDPReg(AP reg 0x01, 0x80011120)
T1580 000:679.171 - 0.276ms returns 0
T1580 000:679.218 JLINK_CORESIGHT_WriteAPDPReg(AP reg 0x03, 0x0000038A)
T1580 000:679.456 - 0.238ms returns 0
T1580 000:679.501 JLINK_CORESIGHT_WriteAPDPReg(AP reg 0x00, 0x80000002)
T1580 000:679.741 - 0.240ms returns 0
T1580 000:679.786 JLINK_CORESIGHT_WriteAPDPReg(AP reg 0x01, 0x80011140)
T1580 000:680.033 - 0.246ms returns 0
T1580 000:680.090 JLINK_CORESIGHT_ReadAPDPReg(AP reg 0x03)
T1580 000:680.380   Value=0x00000002
T1580 000:680.442 - 0.352ms returns 0
T1580 000:680.484 JLINK_CORESIGHT_ReadAPDPReg(AP reg 0x03)
T1580 000:680.786   Value=0x00000002
T1580 000:680.846 - 0.361ms returns 0
T1580 000:680.881 JLINK_CORESIGHT_ReadAPDPReg(AP reg 0x03)
T1580 000:681.173   Value=0x00000002
T1580 000:681.236 - 0.354ms returns 0
T1580 000:681.273 JLINK_CORESIGHT_ReadAPDPReg(AP reg 0x03)
T1580 000:681.556   Value=0x00000002
T1580 000:681.604 - 0.330ms returns 0
T1580 000:681.632 JLINK_CORESIGHT_ReadAPDPReg(AP reg 0x03)
T1580 000:681.934   Value=0x00000002
T1580 000:681.983 - 0.351ms returns 0
T1580 000:682.009 JLINK_CORESIGHT_ReadAPDPReg(AP reg 0x03)
T1580 000:682.305   Value=0x00000002
T1580 000:682.358 - 0.349ms returns 0
T1580 000:682.398 JLINK_CORESIGHT_ReadAPDPReg(AP reg 0x03)
T1580 000:682.763   Value=0x00000002
T1580 000:682.834 - 0.436ms returns 0
T1580 000:682.877 JLINK_CORESIGHT_ReadAPDPReg(AP reg 0x03)
T1580 000:683.187   Value=0x00000002
T1580 000:683.258 - 0.380ms returns 0
T1580 000:683.295 JLINK_CORESIGHT_ReadAPDPReg(AP reg 0x03)
T1580 000:683.612   Value=0x00000002
T1580 000:683.694 - 0.399ms returns 0
T1580 000:683.733 JLINK_CORESIGHT_ReadAPDPReg(AP reg 0x03)
T1580 000:684.047   Value=0x00000000
T1580 000:684.126 - 0.393ms returns 0
T1580 000:684.156 JLINK_CORESIGHT_WriteAPDPReg(AP reg 0x00, 0x80000002)
T1580 000:684.422 - 0.266ms returns 0
T1580 000:684.459 JLINK_CORESIGHT_WriteAPDPReg(AP reg 0x01, 0x80011130)
T1580 000:684.711 - 0.252ms returns 0
T1580 000:684.749 JLINK_CORESIGHT_ReadAPDPReg(AP reg 0x03)
T1580 000:685.029   Value=0x75020081
T1580 000:685.071 - 0.322ms returns 0
T1580 000:685.095 JLINK_CORESIGHT_WriteAPDPReg(AP reg 0x00, 0x80000002)
T1580 000:685.322 - 0.227ms returns 0
T1580 000:685.356 JLINK_CORESIGHT_WriteAPDPReg(AP reg 0x01, 0x80011140)
T1580 000:685.561 - 0.205ms returns 0
T1580 000:685.607 JLINK_CORESIGHT_ReadAPDPReg(AP reg 0x03)
T1580 000:685.876   Value=0x00000000
T1580 000:685.932 - 0.324ms returns 0
T1580 000:685.969 JLINK_CORESIGHT_WriteAPDPReg(AP reg 0x00, 0x80000002)
T1580 000:686.192 - 0.224ms returns 0
T1580 000:686.228 JLINK_CORESIGHT_WriteAPDPReg(AP reg 0x01, 0x80011130)
T1580 000:686.459 - 0.231ms returns 0
T1580 000:686.494 JLINK_CORESIGHT_ReadAPDPReg(AP reg 0x03)
T1580 000:686.871   Value=0x00038603
T1580 000:686.912 - 0.417ms returns 0
T1580 000:686.963 JLINK_CORESIGHT_WriteAPDPReg(AP reg 0x00, 0x80000002)
T1580 000:687.180 - 0.217ms returns 0
T1580 000:687.218 JLINK_CORESIGHT_WriteAPDPReg(AP reg 0x01, 0x80011140)
T1580 000:687.454 - 0.236ms returns 0
T1580 000:687.500 JLINK_CORESIGHT_ReadAPDPReg(AP reg 0x03)
T1580 000:687.782   Value=0x00000002
T1580 000:687.823 - 0.323ms returns 0
T1580 000:687.848 JLINK_CORESIGHT_WriteAPDPReg(AP reg 0x00, 0x80000002)
T1580 000:688.072 - 0.224ms returns 0
T1580 000:688.107 JLINK_CORESIGHT_WriteAPDPReg(AP reg 0x01, 0x80011120)
T1580 000:688.320 - 0.213ms returns 0
T1580 000:688.355 JLINK_CORESIGHT_WriteAPDPReg(AP reg 0x03, 0x4F010001)
T1580 000:688.585 - 0.230ms returns 0
T1580 000:688.626 JLINK_CORESIGHT_WriteAPDPReg(AP reg 0x00, 0x80000002)
T1580 000:688.846 - 0.220ms returns 0
T1580 000:688.883 JLINK_CORESIGHT_WriteAPDPReg(AP reg 0x01, 0x80011140)
T1580 000:689.109 - 0.225ms returns 0
T1580 000:689.148 JLINK_CORESIGHT_ReadAPDPReg(AP reg 0x03)
T1580 000:689.406   Value=0x00000002
T1580 000:689.443 - 0.295ms returns 0
T1580 000:689.467 JLINK_CORESIGHT_WriteAPDPReg(AP reg 0x00, 0x80000002)
T1580 000:689.708 - 0.240ms returns 0
T1580 000:689.742 JLINK_CORESIGHT_WriteAPDPReg(AP reg 0x01, 0x80011120)
T1580 000:689.955 - 0.213ms returns 0
T1580 000:689.990 JLINK_CORESIGHT_WriteAPDPReg(AP reg 0x03, 0x000003B0)
T1580 000:690.198 - 0.208ms returns 0
T1580 000:690.235 JLINK_CORESIGHT_WriteAPDPReg(AP reg 0x00, 0x80000002)
T1580 000:690.448 - 0.213ms returns 0
T1580 000:690.483 JLINK_CORESIGHT_WriteAPDPReg(AP reg 0x01, 0x80011140)
T1580 000:690.707 - 0.223ms returns 0
T1580 000:690.741 JLINK_CORESIGHT_ReadAPDPReg(AP reg 0x03)
T1580 000:690.999   Value=0x00000002
T1580 000:691.038 - 0.297ms returns 0
T1580 000:691.061 JLINK_CORESIGHT_ReadAPDPReg(AP reg 0x03)
T1580 000:691.329   Value=0x00000002
T1580 000:691.368 - 0.306ms returns 0
T1580 000:691.392 JLINK_CORESIGHT_ReadAPDPReg(AP reg 0x03)
T1580 000:691.748   Value=0x00000002
T1580 000:691.789 - 0.397ms returns 0
T1580 000:691.814 JLINK_CORESIGHT_ReadAPDPReg(AP reg 0x03)
T1580 000:692.124   Value=0x00000002
T1580 000:692.162 - 0.348ms returns 0
T1580 000:692.187 JLINK_CORESIGHT_ReadAPDPReg(AP reg 0x03)
T1580 000:692.501   Value=0x00000002
T1580 000:692.548 - 0.361ms returns 0
T1580 000:692.573 JLINK_CORESIGHT_ReadAPDPReg(AP reg 0x03)
T1580 000:692.909   Value=0x00000000
T1580 000:692.953 - 0.380ms returns 0
T1580 000:692.979 JLINK_CORESIGHT_WriteAPDPReg(AP reg 0x00, 0x80000002)
T1580 000:693.199 - 0.220ms returns 0
T1580 000:693.236 JLINK_CORESIGHT_WriteAPDPReg(AP reg 0x01, 0x80011130)
T1580 000:693.459 - 0.222ms returns 0
T1580 000:693.494 JLINK_CORESIGHT_ReadAPDPReg(AP reg 0x03)
T1580 000:693.757   Value=0x4F0B0081
T1580 000:693.795 - 0.300ms returns 0
T1580 000:693.819 JLINK_CORESIGHT_WriteAPDPReg(AP reg 0x00, 0x80000002)
T1580 000:694.028 - 0.209ms returns 0
T1580 000:694.061 JLINK_CORESIGHT_WriteAPDPReg(AP reg 0x01, 0x80011140)
T1580 000:694.262 - 0.201ms returns 0
T1580 000:694.305 JLINK_CORESIGHT_ReadAPDPReg(AP reg 0x03)
T1580 000:694.578   Value=0x00000000
T1580 000:694.619 - 0.313ms returns 0
T1580 000:694.643 JLINK_CORESIGHT_WriteAPDPReg(AP reg 0x00, 0x80000002)
T1580 000:694.873 - 0.230ms returns 0
T1580 000:694.912 JLINK_CORESIGHT_WriteAPDPReg(AP reg 0x01, 0x80011130)
T1580 000:695.146 - 0.233ms returns 0
T1580 000:695.183 JLINK_CORESIGHT_ReadAPDPReg(AP reg 0x03)
T1580 000:695.469   Value=0x20000000
T1580 000:695.521 - 0.338ms returns 0
T1580 000:695.548 JLINK_CORESIGHT_WriteAPDPReg(AP reg 0x00, 0x80000002)
T1580 000:695.831 - 0.282ms returns 0
T1580 000:695.891 JLINK_CORESIGHT_WriteAPDPReg(AP reg 0x01, 0x80011140)
T1580 000:696.136 - 0.245ms returns 0
T1580 000:696.176 JLINK_CORESIGHT_ReadAPDPReg(AP reg 0x03)
T1580 000:696.476   Value=0x00000000
T1580 000:696.518 - 0.342ms returns 0
T1580 000:696.544 JLINK_CORESIGHT_WriteAPDPReg(AP reg 0x00, 0x80000002)
T1580 000:696.820 - 0.275ms returns 0
T1580 000:696.855 JLINK_CORESIGHT_WriteAPDPReg(AP reg 0x01, 0x80011130)
T1580 000:697.065 - 0.209ms returns 0
T1580 000:697.101 JLINK_CORESIGHT_ReadAPDPReg(AP reg 0x03)
T1580 000:697.384   Value=0x00000000
T1580 000:697.449 - 0.346ms returns 0
T1580 000:697.481 JLINK_CORESIGHT_WriteAPDPReg(AP reg 0x00, 0x80000002)
T1580 000:697.803 - 0.322ms returns 0
T1580 000:697.851 JLINK_CORESIGHT_WriteAPDPReg(AP reg 0x01, 0x80011140)
T1580 000:698.108 - 0.257ms returns 0
T1580 000:698.154 JLINK_CORESIGHT_ReadAPDPReg(AP reg 0x03)
T1580 000:698.468   Value=0x00000000
T1580 000:698.523 - 0.369ms returns 0
T1580 000:698.553 JLINK_CORESIGHT_WriteAPDPReg(AP reg 0x00, 0x80000002)
T1580 000:698.824 - 0.271ms returns 0
T1580 000:698.867 JLINK_CORESIGHT_WriteAPDPReg(AP reg 0x01, 0x80011130)
T1580 000:699.094 - 0.227ms returns 0
T1580 000:699.138 JLINK_CORESIGHT_ReadAPDPReg(AP reg 0x03)
T1580 000:699.424   Value=0x03860000
T1580 000:699.475 - 0.337ms returns 0
T1580 000:699.553 JLINK_CORESIGHT_ReadAPDPReg(DP reg 0x01)
T1580 000:699.857   Value=0xF0000F40
T1580 000:699.906 - 0.353ms returns 0
T1580 000:699.929 JLINK_CORESIGHT_WriteAPDPReg(DP reg 0x01, 0xA0000F40)
T1580 000:700.167 - 0.238ms returns 0
T1580 000:700.205 JLINK_CORESIGHT_ReadAPDPReg(DP reg 0x01)
T1580 000:700.451   Value=0x00000F40
T1580 000:700.490 - 0.286ms returns 0
T1580 000:700.515 JLINK_ClrRESET()
T1580 000:700.759 - 0.243ms
T1580 000:805.778 JLINK_Close()
T1580 000:810.668 - 4.890ms
T1580 000:810.747   
T1580 000:810.772   Closed
