T278C 000:006.924   SEGGER J-Link V8.44a Log File
T278C 000:007.627   DLL Compiled: Jun 18 2025 16:28:32
T278C 000:007.657   Logging started @ 2025-06-30 18:22
T278C 000:007.676   Process: C:\Users\a5101960\.eclipse\com.renesas.platform_170476184\DebugComp\RA\e2-server-gdb.exe
T278C 000:007.709 - 7.693ms 
T278C 000:007.743 JLINK_GetDLLVersion()
T278C 000:007.763 - 0.019ms returns 84401
T278C 000:018.064 JLINK_OpenEx(...)
T278C 000:042.255   Firmware: J-Link OB-RA4M2 compiled Feb 20 2025 16:34:52
T278C 000:043.431   Firmware: J-Link OB-RA4M2 compiled Feb 20 2025 16:34:52
T278C 000:048.567   Looking for J-Link GUI Server exe at: C:\Users\a5101960\.eclipse\com.renesas.platform_170476184\DebugComp\RA\ARM\Segger_v8.44.1\JLinkGUIServer.exe
T278C 000:049.366   Looking for J-Link GUI Server exe at: \JLinkGUIServer.exe
T278C 000:353.179   Failed to connect to J-Link GUI Server.
T278C 000:353.270   Updating firmware:  J-Link OB-RA4M2 compiled Apr  1 2025 10:13:55
T278C 000:353.306   Replacing firmware: J-Link OB-RA4M2 compiled Feb 20 2025 16:34:52
T278C 000:353.722   Looking for J-Link GUI Server exe at: C:\Users\a5101960\.eclipse\com.renesas.platform_170476184\DebugComp\RA\ARM\Segger_v8.44.1\JLinkGUIServer.exe
T278C 000:353.834   Looking for J-Link GUI Server exe at: \JLinkGUIServer.exe
T278C 000:662.173   Failed to connect to J-Link GUI Server.
T278C 004:111.009   Waiting for new firmware to boot
T278C 005:385.531   New firmware booted successfully
T278C 005:397.749   Hardware: V1.00
T278C 005:397.899   S/N: 1089339994
T278C 005:397.982   OEM: SEGGER
T278C 005:398.092   Feature(s): None
T278C 005:399.780   Bootloader: 2021 May 14
T278C 005:400.638   USB speed mode: Full speed (12 MBit/s)
T278C 005:401.391   TELNET listener socket opened on port 19021
T278C 005:401.824   WEBSRV WEBSRV_Init(): Starting webserver thread(s)
T278C 005:402.371   WEBSRV Webserver running on local port 19080
T278C 005:402.474 - 5384.398ms returns "O.K."
T278C 005:402.821 JLINK_TIF_Select(JLINKARM_TIF_SWD)
T278C 005:403.628 - 0.806ms returns 0x00
T278C 005:404.114 JLINK_ClrRESET()
T278C 005:404.624 - 0.509ms 
T278C 005:455.295 JLINK_SetSpeed(1500)
T278C 005:455.640 - 0.359ms 
T278C 005:455.685 JLINK_CORESIGHT_Configure(PerformTIFInit=0)
T278C 005:456.171 - 0.485ms returns 0
T278C 005:456.258 JLINK_CORESIGHT_ReadAPDPReg(DP reg 0x00)
T278C 005:456.746   Value=0x6BA02477
T278C 005:456.877 - 0.623ms returns 0
T278C 005:458.755 JLINK_CORESIGHT_WriteAPDPReg(DP reg 0x00, 0x0000001F)
T278C 005:459.125 - 0.370ms returns 0
T278C 005:459.223 JLINK_CORESIGHT_ReadAPDPReg(DP reg 0x00)
T278C 005:459.596   Value=0x6BA02477
T278C 005:459.655 - 0.433ms returns 0
T278C 005:459.702 JLINK_CORESIGHT_WriteAPDPReg(DP reg 0x02, 0x00000000)
T278C 005:459.965 - 0.263ms returns 0
T278C 005:459.993 JLINK_CORESIGHT_WriteAPDPReg(DP reg 0x01, 0x50000000)
T278C 005:460.244 - 0.249ms returns 0
T278C 005:460.323 JLINK_CORESIGHT_ReadAPDPReg(DP reg 0x01)
T278C 005:460.639   Value=0xF0000000
T278C 005:460.709 - 0.385ms returns 0
T278C 005:460.736 JLINK_CORESIGHT_WriteAPDPReg(DP reg 0x00, 0x0000001F)
T278C 005:460.996 - 0.259ms returns 0
T278C 005:461.104 JLINK_CORESIGHT_ReadAPDPReg(DP reg 0x00)
T278C 005:461.447   Value=0x6BA02477
T278C 005:461.577 - 0.472ms returns 0
T278C 005:461.650 JLINK_CORESIGHT_WriteAPDPReg(DP reg 0x01, 0x54000000)
T278C 005:462.056 - 0.406ms returns 0
T278C 005:462.183 JLINK_CORESIGHT_WriteAPDPReg(DP reg 0x01, 0x50000F00)
T278C 005:462.606 - 0.422ms returns 0
T278C 005:462.738 JLINK_CORESIGHT_WriteAPDPReg(DP reg 0x02, 0x01000000)
T278C 005:463.114 - 0.375ms returns 0
T278C 005:463.229 JLINK_CORESIGHT_WriteAPDPReg(AP reg 0x00, 0x80000002)
T278C 005:463.618 - 0.389ms returns 0
T278C 005:463.658 JLINK_CORESIGHT_WriteAPDPReg(AP reg 0x01, 0x80011100)
T278C 005:463.947 - 0.289ms returns 0
T278C 005:463.989 JLINK_CORESIGHT_WriteAPDPReg(AP reg 0x03, 0x000000A5)
T278C 005:464.258 - 0.269ms returns 0
T278C 005:464.297 JLINK_CORESIGHT_WriteAPDPReg(AP reg 0x00, 0x80000002)
T278C 005:464.621 - 0.323ms returns 0
T278C 005:464.656 JLINK_CORESIGHT_WriteAPDPReg(AP reg 0x01, 0x80011100)
T278C 005:465.004 - 0.347ms returns 0
T278C 005:465.101 JLINK_CORESIGHT_ReadAPDPReg(AP reg 0x03)
T278C 005:465.409   Value=0x000000A5
T278C 005:465.447 - 0.346ms returns 0
T278C 005:465.472 JLINK_ClrTMS()
T278C 005:465.618 - 0.146ms 
T278C 005:470.922 JLINK_SetTCK()
T278C 005:471.196 - 0.273ms returns 0
T278C 005:477.157 JLINK_SetRESET()
T278C 005:477.441 - 0.284ms 
T278C 005:678.521 JLINK_CORESIGHT_WriteAPDPReg(AP reg 0x00, 0x80000002)
T278C 005:679.250 - 0.729ms returns 0
T278C 005:679.463 JLINK_CORESIGHT_WriteAPDPReg(AP reg 0x01, 0x80011100)
T278C 005:680.044 - 0.580ms returns 0
T278C 005:680.242 JLINK_CORESIGHT_ReadAPDPReg(AP reg 0x03)
T278C 005:680.931   Value=0x00000000
T278C 005:681.175 - 0.933ms returns 0
T278C 005:681.282 JLINK_CORESIGHT_WriteAPDPReg(AP reg 0x00, 0x80000002)
T278C 005:681.856 - 0.572ms returns 0
T278C 005:682.069 JLINK_CORESIGHT_WriteAPDPReg(AP reg 0x01, 0x80011140)
T278C 005:682.644 - 0.573ms returns 0
T278C 005:682.847 JLINK_CORESIGHT_ReadAPDPReg(AP reg 0x03)
T278C 005:683.456   Value=0x00000002
T278C 005:683.685 - 0.837ms returns 0
T278C 005:683.790 JLINK_CORESIGHT_WriteAPDPReg(AP reg 0x00, 0x80000002)
T278C 005:684.346 - 0.555ms returns 0
T278C 005:684.567 JLINK_CORESIGHT_WriteAPDPReg(AP reg 0x01, 0x80011120)
T278C 005:685.066 - 0.498ms returns 0
T278C 005:685.278 JLINK_CORESIGHT_WriteAPDPReg(AP reg 0x03, 0x00000055)
T278C 005:685.930 - 0.651ms returns 0
T278C 005:686.501 JLINK_CORESIGHT_WriteAPDPReg(AP reg 0x00, 0x80000002)
T278C 005:687.133 - 0.631ms returns 0
T278C 005:687.410 JLINK_CORESIGHT_WriteAPDPReg(AP reg 0x01, 0x80011140)
T278C 005:687.979 - 0.570ms returns 0
T278C 005:688.281 JLINK_CORESIGHT_ReadAPDPReg(AP reg 0x03)
T278C 005:688.813   Value=0x00000000
T278C 005:688.950 - 0.669ms returns 0
T278C 005:689.037 JLINK_CORESIGHT_WriteAPDPReg(AP reg 0x00, 0x80000002)
T278C 005:689.473 - 0.435ms returns 0
T278C 005:689.605 JLINK_CORESIGHT_WriteAPDPReg(AP reg 0x01, 0x80011130)
T278C 005:690.385 - 0.778ms returns 0
T278C 005:690.621 JLINK_CORESIGHT_ReadAPDPReg(AP reg 0x03)
T278C 005:691.534   Value=0x000000C6
T278C 005:692.117 - 1.495ms returns 0
T278C 005:692.364 JLINK_CORESIGHT_WriteAPDPReg(AP reg 0x00, 0x80000002)
T278C 005:693.670 - 1.305ms returns 0
T278C 005:693.925 JLINK_CORESIGHT_WriteAPDPReg(AP reg 0x01, 0x80011140)
T278C 005:694.429 - 0.504ms returns 0
T278C 005:694.619 JLINK_CORESIGHT_ReadAPDPReg(AP reg 0x03)
T278C 005:695.229   Value=0x00000002
T278C 005:695.445 - 0.826ms returns 0
T278C 005:695.549 JLINK_CORESIGHT_WriteAPDPReg(AP reg 0x00, 0x80000002)
T278C 005:696.164 - 0.614ms returns 0
T278C 005:696.349 JLINK_CORESIGHT_WriteAPDPReg(AP reg 0x01, 0x80011120)
T278C 005:696.921 - 0.571ms returns 0
T278C 005:697.180 JLINK_CORESIGHT_WriteAPDPReg(AP reg 0x03, 0x3A010001)
T278C 005:697.846 - 0.667ms returns 0
T278C 005:698.027 JLINK_CORESIGHT_WriteAPDPReg(AP reg 0x00, 0x80000002)
T278C 005:698.544 - 0.516ms returns 0
T278C 005:698.701 JLINK_CORESIGHT_WriteAPDPReg(AP reg 0x01, 0x80011140)
T278C 005:699.245 - 0.543ms returns 0
T278C 005:699.415 JLINK_CORESIGHT_ReadAPDPReg(AP reg 0x03)
T278C 005:700.011   Value=0x00000002
T278C 005:700.209 - 0.793ms returns 0
T278C 005:700.311 JLINK_CORESIGHT_WriteAPDPReg(AP reg 0x00, 0x80000002)
T278C 005:700.937 - 0.625ms returns 0
T278C 005:701.125 JLINK_CORESIGHT_WriteAPDPReg(AP reg 0x01, 0x80011120)
T278C 005:701.685 - 0.562ms returns 0
T278C 005:701.757 JLINK_CORESIGHT_WriteAPDPReg(AP reg 0x03, 0x000003C5)
T278C 005:702.268 - 0.474ms returns 0
T278C 005:702.394 JLINK_CORESIGHT_WriteAPDPReg(AP reg 0x00, 0x80000002)
T278C 005:702.822 - 0.428ms returns 0
T278C 005:702.948 JLINK_CORESIGHT_WriteAPDPReg(AP reg 0x01, 0x80011140)
T278C 005:703.313 - 0.365ms returns 0
T278C 005:703.440 JLINK_CORESIGHT_ReadAPDPReg(AP reg 0x03)
T278C 005:703.937   Value=0x00000000
T278C 005:704.079 - 0.639ms returns 0
T278C 005:704.165 JLINK_CORESIGHT_WriteAPDPReg(AP reg 0x00, 0x80000002)
T278C 005:704.648 - 0.482ms returns 0
T278C 005:704.782 JLINK_CORESIGHT_WriteAPDPReg(AP reg 0x01, 0x80011130)
T278C 005:705.212 - 0.429ms returns 0
T278C 005:705.371 JLINK_CORESIGHT_ReadAPDPReg(AP reg 0x03)
T278C 005:705.857   Value=0x3A2A0081
T278C 005:706.008 - 0.637ms returns 0
T278C 005:706.081 JLINK_CORESIGHT_WriteAPDPReg(AP reg 0x00, 0x80000002)
T278C 005:706.512 - 0.431ms returns 0
T278C 005:706.721 JLINK_CORESIGHT_WriteAPDPReg(AP reg 0x01, 0x80011140)
T278C 005:707.161 - 0.439ms returns 0
T278C 005:707.330 JLINK_CORESIGHT_ReadAPDPReg(AP reg 0x03)
T278C 005:707.857   Value=0x00000000
T278C 005:708.056 - 0.725ms returns 0
T278C 005:708.158 JLINK_CORESIGHT_WriteAPDPReg(AP reg 0x00, 0x80000002)
T278C 005:708.581 - 0.423ms returns 0
T278C 005:708.751 JLINK_CORESIGHT_WriteAPDPReg(AP reg 0x01, 0x80011130)
T278C 005:709.127 - 0.375ms returns 0
T278C 005:709.245 JLINK_CORESIGHT_ReadAPDPReg(AP reg 0x03)
T278C 005:709.631   Value=0x808D5B00
T278C 005:709.757 - 0.509ms returns 0
T278C 005:709.829 JLINK_CORESIGHT_WriteAPDPReg(AP reg 0x00, 0x80000002)
T278C 005:710.175 - 0.346ms returns 0
T278C 005:710.271 JLINK_CORESIGHT_WriteAPDPReg(AP reg 0x01, 0x80011140)
T278C 005:710.616 - 0.345ms returns 0
T278C 005:710.701 JLINK_CORESIGHT_ReadAPDPReg(AP reg 0x03)
T278C 005:711.090   Value=0x00000000
T278C 005:711.205 - 0.504ms returns 0
T278C 005:711.273 JLINK_CORESIGHT_WriteAPDPReg(AP reg 0x00, 0x80000002)
T278C 005:711.633 - 0.359ms returns 0
T278C 005:711.735 JLINK_CORESIGHT_WriteAPDPReg(AP reg 0x01, 0x80011130)
T278C 005:712.094 - 0.358ms returns 0
T278C 005:712.216 JLINK_CORESIGHT_ReadAPDPReg(AP reg 0x03)
T278C 005:712.676   Value=0x0603030B
T278C 005:712.827 - 0.610ms returns 0
T278C 005:712.905 JLINK_CORESIGHT_WriteAPDPReg(AP reg 0x00, 0x80000002)
T278C 005:713.264 - 0.358ms returns 0
T278C 005:713.366 JLINK_CORESIGHT_WriteAPDPReg(AP reg 0x01, 0x80011140)
T278C 005:713.787 - 0.421ms returns 0
T278C 005:713.911 JLINK_CORESIGHT_ReadAPDPReg(AP reg 0x03)
T278C 005:714.331   Value=0x00000000
T278C 005:714.452 - 0.541ms returns 0
T278C 005:714.524 JLINK_CORESIGHT_WriteAPDPReg(AP reg 0x00, 0x80000002)
T278C 005:714.877 - 0.353ms returns 0
T278C 005:714.972 JLINK_CORESIGHT_WriteAPDPReg(AP reg 0x01, 0x80011130)
T278C 005:715.280 - 0.308ms returns 0
T278C 005:715.320 JLINK_CORESIGHT_ReadAPDPReg(AP reg 0x03)
T278C 005:715.762   Value=0x2F4B4E20
T278C 005:715.918 - 0.597ms returns 0
T278C 005:715.967 JLINK_CORESIGHT_WriteAPDPReg(AP reg 0x00, 0x80000002)
T278C 005:716.306 - 0.338ms returns 0
T278C 005:716.435 JLINK_CORESIGHT_WriteAPDPReg(AP reg 0x01, 0x80011140)
T278C 005:716.926 - 0.490ms returns 0
T278C 005:717.036 JLINK_CORESIGHT_ReadAPDPReg(AP reg 0x03)
T278C 005:717.421   Value=0x00000000
T278C 005:717.560 - 0.524ms returns 0
T278C 005:717.646 JLINK_CORESIGHT_WriteAPDPReg(AP reg 0x00, 0x80000002)
T278C 005:718.011 - 0.364ms returns 0
T278C 005:718.159 JLINK_CORESIGHT_WriteAPDPReg(AP reg 0x01, 0x80011130)
T278C 005:718.623 - 0.464ms returns 0
T278C 005:718.811 JLINK_CORESIGHT_ReadAPDPReg(AP reg 0x03)
T278C 005:719.293   Value=0x4BBBB750
T278C 005:719.444 - 0.634ms returns 0
T278C 005:719.529 JLINK_CORESIGHT_WriteAPDPReg(AP reg 0x00, 0x80000002)
T278C 005:719.953 - 0.423ms returns 0
T278C 005:720.066 JLINK_CORESIGHT_WriteAPDPReg(AP reg 0x01, 0x80011140)
T278C 005:720.465 - 0.397ms returns 0
T278C 005:720.575 JLINK_CORESIGHT_ReadAPDPReg(AP reg 0x03)
T278C 005:720.950   Value=0x00000000
T278C 005:721.089 - 0.514ms returns 0
T278C 005:721.177 JLINK_CORESIGHT_WriteAPDPReg(AP reg 0x00, 0x80000002)
T278C 005:721.533 - 0.355ms returns 0
T278C 005:721.690 JLINK_CORESIGHT_WriteAPDPReg(AP reg 0x01, 0x80011130)
T278C 005:722.127 - 0.437ms returns 0
T278C 005:722.289 JLINK_CORESIGHT_ReadAPDPReg(AP reg 0x03)
T278C 005:722.765   Value=0x38363553
T278C 005:722.888 - 0.598ms returns 0
T278C 005:722.966 JLINK_CORESIGHT_WriteAPDPReg(AP reg 0x00, 0x80000002)
T278C 005:723.344 - 0.377ms returns 0
T278C 005:723.436 JLINK_CORESIGHT_WriteAPDPReg(AP reg 0x01, 0x80011140)
T278C 005:723.777 - 0.340ms returns 0
T278C 005:723.866 JLINK_CORESIGHT_ReadAPDPReg(AP reg 0x03)
T278C 005:724.254   Value=0x00000000
T278C 005:724.366 - 0.499ms returns 0
T278C 005:724.438 JLINK_CORESIGHT_WriteAPDPReg(AP reg 0x00, 0x80000002)
T278C 005:724.879 - 0.440ms returns 0
T278C 005:724.994 JLINK_CORESIGHT_WriteAPDPReg(AP reg 0x01, 0x80011130)
T278C 005:725.410 - 0.415ms returns 0
T278C 005:725.551 JLINK_CORESIGHT_ReadAPDPReg(AP reg 0x03)
T278C 005:725.989   Value=0x5C184335
T278C 005:726.129 - 0.578ms returns 0
T278C 005:726.206 JLINK_CORESIGHT_WriteAPDPReg(AP reg 0x00, 0x80000002)
T278C 005:726.633 - 0.427ms returns 0
T278C 005:726.750 JLINK_CORESIGHT_WriteAPDPReg(AP reg 0x01, 0x80011140)
T278C 005:727.107 - 0.356ms returns 0
T278C 005:727.197 JLINK_CORESIGHT_ReadAPDPReg(AP reg 0x03)
T278C 005:727.719   Value=0x00000000
T278C 005:727.877 - 0.679ms returns 0
T278C 005:727.963 JLINK_CORESIGHT_WriteAPDPReg(AP reg 0x00, 0x80000002)
T278C 005:728.319 - 0.355ms returns 0
T278C 005:728.450 JLINK_CORESIGHT_WriteAPDPReg(AP reg 0x01, 0x80011130)
T278C 005:728.806 - 0.356ms returns 0
T278C 005:728.895 JLINK_CORESIGHT_ReadAPDPReg(AP reg 0x03)
T278C 005:729.288   Value=0x46375286
T278C 005:729.433 - 0.538ms returns 0
T278C 005:729.521 JLINK_CORESIGHT_WriteAPDPReg(AP reg 0x00, 0x80000002)
T278C 005:729.986 - 0.462ms returns 0
T278C 005:730.103 JLINK_CORESIGHT_WriteAPDPReg(AP reg 0x01, 0x80011140)
T278C 005:730.453 - 0.350ms returns 0
T278C 005:730.557 JLINK_CORESIGHT_ReadAPDPReg(AP reg 0x03)
T278C 005:730.967   Value=0x00000000
T278C 005:731.075 - 0.517ms returns 0
T278C 005:731.146 JLINK_CORESIGHT_WriteAPDPReg(AP reg 0x00, 0x80000002)
T278C 005:731.513 - 0.366ms returns 0
T278C 005:731.629 JLINK_CORESIGHT_WriteAPDPReg(AP reg 0x01, 0x80011130)
T278C 005:731.964 - 0.335ms returns 0
T278C 005:732.058 JLINK_CORESIGHT_ReadAPDPReg(AP reg 0x03)
T278C 005:732.465   Value=0x32453841
T278C 005:732.579 - 0.521ms returns 0
T278C 005:732.663 JLINK_CORESIGHT_WriteAPDPReg(AP reg 0x00, 0x80000002)
T278C 005:732.982 - 0.318ms returns 0
T278C 005:733.075 JLINK_CORESIGHT_WriteAPDPReg(AP reg 0x01, 0x80011140)
T278C 005:733.424 - 0.348ms returns 0
T278C 005:733.507 JLINK_CORESIGHT_ReadAPDPReg(AP reg 0x03)
T278C 005:734.021   Value=0x00000000
T278C 005:734.146 - 0.639ms returns 0
T278C 005:734.224 JLINK_CORESIGHT_WriteAPDPReg(AP reg 0x00, 0x80000002)
T278C 005:734.617 - 0.392ms returns 0
T278C 005:734.791 JLINK_CORESIGHT_WriteAPDPReg(AP reg 0x01, 0x80011130)
T278C 005:735.199 - 0.408ms returns 0
T278C 005:735.305 JLINK_CORESIGHT_ReadAPDPReg(AP reg 0x03)
T278C 005:735.705   Value=0x43444641
T278C 005:735.833 - 0.528ms returns 0
T278C 005:735.909 JLINK_CORESIGHT_WriteAPDPReg(AP reg 0x00, 0x80000002)
T278C 005:736.292 - 0.381ms returns 0
T278C 005:736.417 JLINK_CORESIGHT_WriteAPDPReg(AP reg 0x01, 0x80011140)
T278C 005:736.815 - 0.398ms returns 0
T278C 005:736.913 JLINK_CORESIGHT_ReadAPDPReg(AP reg 0x03)
T278C 005:737.421   Value=0x00000000
T278C 005:737.553 - 0.639ms returns 0
T278C 005:737.601 JLINK_CORESIGHT_WriteAPDPReg(AP reg 0x00, 0x80000002)
T278C 005:737.989 - 0.388ms returns 0
T278C 005:738.113 JLINK_CORESIGHT_WriteAPDPReg(AP reg 0x01, 0x80011130)
T278C 005:738.511 - 0.396ms returns 0
T278C 005:738.659 JLINK_CORESIGHT_ReadAPDPReg(AP reg 0x03)
T278C 005:739.155   Value=0x20204442
T278C 005:739.286 - 0.627ms returns 0
T278C 005:739.365 JLINK_CORESIGHT_WriteAPDPReg(AP reg 0x00, 0x80000002)
T278C 005:739.764 - 0.400ms returns 0
T278C 005:739.858 JLINK_CORESIGHT_WriteAPDPReg(AP reg 0x01, 0x80011140)
T278C 005:740.200 - 0.341ms returns 0
T278C 005:740.312 JLINK_CORESIGHT_ReadAPDPReg(AP reg 0x03)
T278C 005:740.701   Value=0x00000000
T278C 005:740.809 - 0.497ms returns 0
T278C 005:740.885 JLINK_CORESIGHT_WriteAPDPReg(AP reg 0x00, 0x80000002)
T278C 005:741.257 - 0.371ms returns 0
T278C 005:741.386 JLINK_CORESIGHT_WriteAPDPReg(AP reg 0x01, 0x80011130)
T278C 005:741.796 - 0.409ms returns 0
T278C 005:741.979 JLINK_CORESIGHT_ReadAPDPReg(AP reg 0x03)
T278C 005:742.486   Value=0x00030D20
T278C 005:742.658 - 0.680ms returns 0
T278C 005:744.618 JLINK_CORESIGHT_WriteAPDPReg(AP reg 0x00, 0x80000002)
T278C 005:745.124 - 0.506ms returns 0
T278C 005:745.166 JLINK_CORESIGHT_WriteAPDPReg(AP reg 0x01, 0x80011140)
T278C 005:745.455 - 0.288ms returns 0
T278C 005:745.552 JLINK_CORESIGHT_ReadAPDPReg(AP reg 0x03)
T278C 005:746.026   Value=0x00000002
T278C 005:746.125 - 0.573ms returns 0
T278C 005:746.159 JLINK_CORESIGHT_WriteAPDPReg(AP reg 0x00, 0x80000002)
T278C 005:746.482 - 0.322ms returns 0
T278C 005:746.554 JLINK_CORESIGHT_WriteAPDPReg(AP reg 0x01, 0x80011120)
T278C 005:746.899 - 0.344ms returns 0
T278C 005:747.001 JLINK_CORESIGHT_WriteAPDPReg(AP reg 0x03, 0x2C010001)
T278C 005:747.372 - 0.371ms returns 0
T278C 005:747.462 JLINK_CORESIGHT_WriteAPDPReg(AP reg 0x00, 0x80000002)
T278C 005:747.895 - 0.431ms returns 0
T278C 005:747.961 JLINK_CORESIGHT_WriteAPDPReg(AP reg 0x01, 0x80011140)
T278C 005:748.282 - 0.320ms returns 0
T278C 005:748.395 JLINK_CORESIGHT_ReadAPDPReg(AP reg 0x03)
T278C 005:748.798   Value=0x00000002
T278C 005:748.930 - 0.534ms returns 0
T278C 005:748.999 JLINK_CORESIGHT_WriteAPDPReg(AP reg 0x00, 0x80000002)
T278C 005:749.400 - 0.399ms returns 0
T278C 005:749.517 JLINK_CORESIGHT_WriteAPDPReg(AP reg 0x01, 0x80011120)
T278C 005:749.883 - 0.366ms returns 0
T278C 005:750.038 JLINK_CORESIGHT_WriteAPDPReg(AP reg 0x03, 0x000003D3)
T278C 005:750.513 - 0.474ms returns 0
T278C 005:750.608 JLINK_CORESIGHT_WriteAPDPReg(AP reg 0x00, 0x80000002)
T278C 005:750.997 - 0.380ms returns 0
T278C 005:751.137 JLINK_CORESIGHT_WriteAPDPReg(AP reg 0x01, 0x80011140)
T278C 005:751.436 - 0.298ms returns 0
T278C 005:751.531 JLINK_CORESIGHT_ReadAPDPReg(AP reg 0x03)
T278C 005:751.936   Value=0x00000002
T278C 005:752.042 - 0.511ms returns 0
T278C 005:752.217 JLINK_CORESIGHT_ReadAPDPReg(AP reg 0x03)
T278C 005:752.673   Value=0x00000002
T278C 005:752.810 - 0.593ms returns 0
T278C 005:752.880 JLINK_CORESIGHT_ReadAPDPReg(AP reg 0x03)
T278C 005:753.385   Value=0x00000002
T278C 005:753.615 - 0.733ms returns 0
T278C 005:753.733 JLINK_CORESIGHT_ReadAPDPReg(AP reg 0x03)
T278C 005:754.268   Value=0x00000000
T278C 005:754.444 - 0.710ms returns 0
T278C 005:754.520 JLINK_CORESIGHT_WriteAPDPReg(AP reg 0x00, 0x80000002)
T278C 005:754.903 - 0.384ms returns 0
T278C 005:755.018 JLINK_CORESIGHT_WriteAPDPReg(AP reg 0x01, 0x80011130)
T278C 005:755.517 - 0.499ms returns 0
T278C 005:755.621 JLINK_CORESIGHT_ReadAPDPReg(AP reg 0x03)
T278C 005:756.057   Value=0x2C020081
T278C 005:756.201 - 0.580ms returns 0
T278C 005:756.302 JLINK_CORESIGHT_WriteAPDPReg(AP reg 0x00, 0x80000002)
T278C 005:756.661 - 0.358ms returns 0
T278C 005:756.766 JLINK_CORESIGHT_WriteAPDPReg(AP reg 0x01, 0x80011140)
T278C 005:757.120 - 0.354ms returns 0
T278C 005:757.208 JLINK_CORESIGHT_ReadAPDPReg(AP reg 0x03)
T278C 005:757.616   Value=0x00000000
T278C 005:757.723 - 0.514ms returns 0
T278C 005:757.786 JLINK_CORESIGHT_WriteAPDPReg(AP reg 0x00, 0x80000002)
T278C 005:758.130 - 0.344ms returns 0
T278C 005:758.211 JLINK_CORESIGHT_WriteAPDPReg(AP reg 0x01, 0x80011130)
T278C 005:758.629 - 0.417ms returns 0
T278C 005:758.724 JLINK_CORESIGHT_ReadAPDPReg(AP reg 0x03)
T278C 005:759.144   Value=0x0003CE04
T278C 005:759.280 - 0.556ms returns 0
T278C 005:759.391 JLINK_CORESIGHT_WriteAPDPReg(AP reg 0x00, 0x80000002)
T278C 005:759.912 - 0.519ms returns 0
T278C 005:760.071 JLINK_CORESIGHT_WriteAPDPReg(AP reg 0x01, 0x80011140)
T278C 005:760.645 - 0.576ms returns 0
T278C 005:760.780 JLINK_CORESIGHT_ReadAPDPReg(AP reg 0x03)
T278C 005:761.226   Value=0x00000002
T278C 005:761.471 - 0.690ms returns 0
T278C 005:761.561 JLINK_CORESIGHT_WriteAPDPReg(AP reg 0x00, 0x80000002)
T278C 005:762.229 - 0.668ms returns 0
T278C 005:762.429 JLINK_CORESIGHT_WriteAPDPReg(AP reg 0x01, 0x80011120)
T278C 005:762.852 - 0.423ms returns 0
T278C 005:762.959 JLINK_CORESIGHT_WriteAPDPReg(AP reg 0x03, 0x73010001)
T278C 005:763.341 - 0.382ms returns 0
T278C 005:763.440 JLINK_CORESIGHT_WriteAPDPReg(AP reg 0x00, 0x80000002)
T278C 005:763.798 - 0.357ms returns 0
T278C 005:763.917 JLINK_CORESIGHT_WriteAPDPReg(AP reg 0x01, 0x80011140)
T278C 005:764.387 - 0.470ms returns 0
T278C 005:764.509 JLINK_CORESIGHT_ReadAPDPReg(AP reg 0x03)
T278C 005:765.060   Value=0x00000002
T278C 005:765.171 - 0.663ms returns 0
T278C 005:765.214 JLINK_CORESIGHT_WriteAPDPReg(AP reg 0x00, 0x80000002)
T278C 005:765.660 - 0.445ms returns 0
T278C 005:765.818 JLINK_CORESIGHT_WriteAPDPReg(AP reg 0x01, 0x80011120)
T278C 005:766.282 - 0.463ms returns 0
T278C 005:766.443 JLINK_CORESIGHT_WriteAPDPReg(AP reg 0x03, 0x0000038C)
T278C 005:766.965 - 0.521ms returns 0
T278C 005:767.143 JLINK_CORESIGHT_WriteAPDPReg(AP reg 0x00, 0x80000002)
T278C 005:767.517 - 0.374ms returns 0
T278C 005:767.629 JLINK_CORESIGHT_WriteAPDPReg(AP reg 0x01, 0x80011140)
T278C 005:768.056 - 0.426ms returns 0
T278C 005:768.141 JLINK_CORESIGHT_ReadAPDPReg(AP reg 0x03)
T278C 005:768.664   Value=0x00000002
T278C 005:768.792 - 0.650ms returns 0
T278C 005:768.859 JLINK_CORESIGHT_ReadAPDPReg(AP reg 0x03)
T278C 005:769.263   Value=0x00000002
T278C 005:769.396 - 0.537ms returns 0
T278C 005:769.467 JLINK_CORESIGHT_ReadAPDPReg(AP reg 0x03)
T278C 005:769.875   Value=0x00000002
T278C 005:769.978 - 0.511ms returns 0
T278C 005:770.037 JLINK_CORESIGHT_ReadAPDPReg(AP reg 0x03)
T278C 005:770.410   Value=0x00000002
T278C 005:770.537 - 0.500ms returns 0
T278C 005:770.609 JLINK_CORESIGHT_ReadAPDPReg(AP reg 0x03)
T278C 005:770.987   Value=0x00000002
T278C 005:771.079 - 0.471ms returns 0
T278C 005:771.144 JLINK_CORESIGHT_ReadAPDPReg(AP reg 0x03)
T278C 005:771.517   Value=0x00000002
T278C 005:771.637 - 0.493ms returns 0
T278C 005:771.711 JLINK_CORESIGHT_ReadAPDPReg(AP reg 0x03)
T278C 005:772.109   Value=0x00000000
T278C 005:772.213 - 0.503ms returns 0
T278C 005:772.284 JLINK_CORESIGHT_WriteAPDPReg(AP reg 0x00, 0x80000002)
T278C 005:772.655 - 0.370ms returns 0
T278C 005:772.765 JLINK_CORESIGHT_WriteAPDPReg(AP reg 0x01, 0x80011130)
T278C 005:773.105 - 0.340ms returns 0
T278C 005:773.194 JLINK_CORESIGHT_ReadAPDPReg(AP reg 0x03)
T278C 005:773.628   Value=0x73020081
T278C 005:773.737 - 0.542ms returns 0
T278C 005:773.804 JLINK_CORESIGHT_WriteAPDPReg(AP reg 0x00, 0x80000002)
T278C 005:774.149 - 0.344ms returns 0
T278C 005:774.233 JLINK_CORESIGHT_WriteAPDPReg(AP reg 0x01, 0x80011140)
T278C 005:774.624 - 0.390ms returns 0
T278C 005:774.731 JLINK_CORESIGHT_ReadAPDPReg(AP reg 0x03)
T278C 005:775.167   Value=0x00000000
T278C 005:775.302 - 0.570ms returns 0
T278C 005:775.385 JLINK_CORESIGHT_WriteAPDPReg(AP reg 0x00, 0x80000002)
T278C 005:775.795 - 0.409ms returns 0
T278C 005:775.917 JLINK_CORESIGHT_WriteAPDPReg(AP reg 0x01, 0x80011130)
T278C 005:776.331 - 0.415ms returns 0
T278C 005:776.439 JLINK_CORESIGHT_ReadAPDPReg(AP reg 0x03)
T278C 005:776.845   Value=0x00038902
T278C 005:776.973 - 0.533ms returns 0
T278C 005:777.053 JLINK_CORESIGHT_WriteAPDPReg(AP reg 0x00, 0x80000002)
T278C 005:777.455 - 0.401ms returns 0
T278C 005:777.577 JLINK_CORESIGHT_WriteAPDPReg(AP reg 0x01, 0x80011140)
T278C 005:777.949 - 0.372ms returns 0
T278C 005:778.070 JLINK_CORESIGHT_ReadAPDPReg(AP reg 0x03)
T278C 005:778.731   Value=0x00000002
T278C 005:778.870 - 0.799ms returns 0
T278C 005:778.947 JLINK_CORESIGHT_WriteAPDPReg(AP reg 0x00, 0x80000002)
T278C 005:779.265 - 0.317ms returns 0
T278C 005:779.687 JLINK_CORESIGHT_WriteAPDPReg(AP reg 0x01, 0x80011120)
T278C 005:780.118 - 0.433ms returns 0
T278C 005:780.225 JLINK_CORESIGHT_WriteAPDPReg(AP reg 0x03, 0x75010001)
T278C 005:780.665 - 0.438ms returns 0
T278C 005:780.873 JLINK_CORESIGHT_WriteAPDPReg(AP reg 0x00, 0x80000002)
T278C 005:781.190 - 0.318ms returns 0
T278C 005:781.229 JLINK_CORESIGHT_WriteAPDPReg(AP reg 0x01, 0x80011140)
T278C 005:781.525 - 0.296ms returns 0
T278C 005:781.573 JLINK_CORESIGHT_ReadAPDPReg(AP reg 0x03)
T278C 005:781.906   Value=0x00000002
T278C 005:781.962 - 0.389ms returns 0
T278C 005:782.005 JLINK_CORESIGHT_WriteAPDPReg(AP reg 0x00, 0x80000002)
T278C 005:782.298 - 0.293ms returns 0
T278C 005:782.357 JLINK_CORESIGHT_WriteAPDPReg(AP reg 0x01, 0x80011120)
T278C 005:782.756 - 0.399ms returns 0
T278C 005:782.814 JLINK_CORESIGHT_WriteAPDPReg(AP reg 0x03, 0x0000038A)
T278C 005:783.351 - 0.535ms returns 0
T278C 005:783.535 JLINK_CORESIGHT_WriteAPDPReg(AP reg 0x00, 0x80000002)
T278C 005:783.933 - 0.396ms returns 0
T278C 005:784.067 JLINK_CORESIGHT_WriteAPDPReg(AP reg 0x01, 0x80011140)
T278C 005:784.498 - 0.432ms returns 0
T278C 005:784.615 JLINK_CORESIGHT_ReadAPDPReg(AP reg 0x03)
T278C 005:785.067   Value=0x00000002
T278C 005:785.228 - 0.613ms returns 0
T278C 005:785.304 JLINK_CORESIGHT_ReadAPDPReg(AP reg 0x03)
T278C 005:785.910   Value=0x00000002
T278C 005:786.057 - 0.752ms returns 0
T278C 005:786.128 JLINK_CORESIGHT_ReadAPDPReg(AP reg 0x03)
T278C 005:786.670   Value=0x00000002
T278C 005:786.805 - 0.677ms returns 0
T278C 005:786.897 JLINK_CORESIGHT_ReadAPDPReg(AP reg 0x03)
T278C 005:787.325   Value=0x00000002
T278C 005:787.417 - 0.519ms returns 0
T278C 005:787.454 JLINK_CORESIGHT_ReadAPDPReg(AP reg 0x03)
T278C 005:787.898   Value=0x00000002
T278C 005:788.025 - 0.570ms returns 0
T278C 005:788.099 JLINK_CORESIGHT_ReadAPDPReg(AP reg 0x03)
T278C 005:788.559   Value=0x00000000
T278C 005:788.764 - 0.665ms returns 0
T278C 005:788.873 JLINK_CORESIGHT_WriteAPDPReg(AP reg 0x00, 0x80000002)
T278C 005:789.550 - 0.675ms returns 0
T278C 005:789.747 JLINK_CORESIGHT_WriteAPDPReg(AP reg 0x01, 0x80011130)
T278C 005:790.196 - 0.449ms returns 0
T278C 005:790.310 JLINK_CORESIGHT_ReadAPDPReg(AP reg 0x03)
T278C 005:790.919   Value=0x75020081
T278C 005:791.063 - 0.752ms returns 0
T278C 005:791.159 JLINK_CORESIGHT_WriteAPDPReg(AP reg 0x00, 0x80000002)
T278C 005:791.857 - 0.695ms returns 0
T278C 005:792.190 JLINK_CORESIGHT_WriteAPDPReg(AP reg 0x01, 0x80011140)
T278C 005:792.805 - 0.616ms returns 0
T278C 005:792.957 JLINK_CORESIGHT_ReadAPDPReg(AP reg 0x03)
T278C 005:793.377   Value=0x00000000
T278C 005:793.485 - 0.528ms returns 0
T278C 005:793.555 JLINK_CORESIGHT_WriteAPDPReg(AP reg 0x00, 0x80000002)
T278C 005:793.989 - 0.433ms returns 0
T278C 005:794.094 JLINK_CORESIGHT_WriteAPDPReg(AP reg 0x01, 0x80011130)
T278C 005:794.513 - 0.419ms returns 0
T278C 005:794.623 JLINK_CORESIGHT_ReadAPDPReg(AP reg 0x03)
T278C 005:795.050   Value=0x00038702
T278C 005:795.171 - 0.548ms returns 0
T278C 005:796.898 JLINK_CORESIGHT_WriteAPDPReg(AP reg 0x00, 0x80000002)
T278C 005:797.297 - 0.399ms returns 0
T278C 005:797.403 JLINK_CORESIGHT_WriteAPDPReg(AP reg 0x01, 0x80011140)
T278C 005:797.813 - 0.409ms returns 0
T278C 005:797.917 JLINK_CORESIGHT_ReadAPDPReg(AP reg 0x03)
T278C 005:798.342   Value=0x00000002
T278C 005:798.467 - 0.551ms returns 0
T278C 005:798.531 JLINK_CORESIGHT_WriteAPDPReg(AP reg 0x00, 0x80000002)
T278C 005:798.883 - 0.352ms returns 0
T278C 005:798.974 JLINK_CORESIGHT_WriteAPDPReg(AP reg 0x01, 0x80011120)
T278C 005:799.318 - 0.344ms returns 0
T278C 005:799.416 JLINK_CORESIGHT_WriteAPDPReg(AP reg 0x03, 0x4F010001)
T278C 005:799.787 - 0.370ms returns 0
T278C 005:799.939 JLINK_CORESIGHT_WriteAPDPReg(AP reg 0x00, 0x80000002)
T278C 005:800.329 - 0.390ms returns 0
T278C 005:800.428 JLINK_CORESIGHT_WriteAPDPReg(AP reg 0x01, 0x80011140)
T278C 005:800.800 - 0.372ms returns 0
T278C 005:800.900 JLINK_CORESIGHT_ReadAPDPReg(AP reg 0x03)
T278C 005:801.318   Value=0x00000002
T278C 005:801.465 - 0.565ms returns 0
T278C 005:801.569 JLINK_CORESIGHT_WriteAPDPReg(AP reg 0x00, 0x80000002)
T278C 005:802.106 - 0.538ms returns 0
T278C 005:802.211 JLINK_CORESIGHT_WriteAPDPReg(AP reg 0x01, 0x80011120)
T278C 005:802.773 - 0.561ms returns 0
T278C 005:802.916 JLINK_CORESIGHT_WriteAPDPReg(AP reg 0x03, 0x000003B0)
T278C 005:803.241 - 0.325ms returns 0
T278C 005:803.333 JLINK_CORESIGHT_WriteAPDPReg(AP reg 0x00, 0x80000002)
T278C 005:803.651 - 0.318ms returns 0
T278C 005:803.731 JLINK_CORESIGHT_WriteAPDPReg(AP reg 0x01, 0x80011140)
T278C 005:804.061 - 0.329ms returns 0
T278C 005:804.150 JLINK_CORESIGHT_ReadAPDPReg(AP reg 0x03)
T278C 005:804.549   Value=0x00000002
T278C 005:804.657 - 0.507ms returns 0
T278C 005:804.719 JLINK_CORESIGHT_ReadAPDPReg(AP reg 0x03)
T278C 005:805.183   Value=0x00000002
T278C 005:805.371 - 0.652ms returns 0
T278C 005:805.485 JLINK_CORESIGHT_ReadAPDPReg(AP reg 0x03)
T278C 005:806.049   Value=0x00000002
T278C 005:806.197 - 0.711ms returns 0
T278C 005:806.266 JLINK_CORESIGHT_ReadAPDPReg(AP reg 0x03)
T278C 005:806.726   Value=0x00000000
T278C 005:806.867 - 0.601ms returns 0
T278C 005:806.932 JLINK_CORESIGHT_WriteAPDPReg(AP reg 0x00, 0x80000002)
T278C 005:807.376 - 0.443ms returns 0
T278C 005:807.485 JLINK_CORESIGHT_WriteAPDPReg(AP reg 0x01, 0x80011130)
T278C 005:807.815 - 0.328ms returns 0
T278C 005:807.917 JLINK_CORESIGHT_ReadAPDPReg(AP reg 0x03)
T278C 005:808.344   Value=0x4F0B0081
T278C 005:808.485 - 0.567ms returns 0
T278C 005:808.560 JLINK_CORESIGHT_WriteAPDPReg(AP reg 0x00, 0x80000002)
T278C 005:808.946 - 0.385ms returns 0
T278C 005:809.043 JLINK_CORESIGHT_WriteAPDPReg(AP reg 0x01, 0x80011140)
T278C 005:809.492 - 0.449ms returns 0
T278C 005:809.594 JLINK_CORESIGHT_ReadAPDPReg(AP reg 0x03)
T278C 005:810.015   Value=0x00000000
T278C 005:810.129 - 0.535ms returns 0
T278C 005:810.194 JLINK_CORESIGHT_WriteAPDPReg(AP reg 0x00, 0x80000002)
T278C 005:810.943 - 0.746ms returns 0
T278C 005:811.165 JLINK_CORESIGHT_WriteAPDPReg(AP reg 0x01, 0x80011130)
T278C 005:811.629 - 0.464ms returns 0
T278C 005:811.747 JLINK_CORESIGHT_ReadAPDPReg(AP reg 0x03)
T278C 005:812.307   Value=0xE0000000
T278C 005:812.434 - 0.687ms returns 0
T278C 005:812.506 JLINK_CORESIGHT_WriteAPDPReg(AP reg 0x00, 0x80000002)
T278C 005:812.877 - 0.370ms returns 0
T278C 005:813.047 JLINK_CORESIGHT_WriteAPDPReg(AP reg 0x01, 0x80011140)
T278C 005:813.439 - 0.392ms returns 0
T278C 005:813.531 JLINK_CORESIGHT_ReadAPDPReg(AP reg 0x03)
T278C 005:813.957   Value=0x00000000
T278C 005:814.150 - 0.619ms returns 0
T278C 005:814.295 JLINK_CORESIGHT_WriteAPDPReg(AP reg 0x00, 0x80000002)
T278C 005:814.908 - 0.608ms returns 0
T278C 005:815.176 JLINK_CORESIGHT_WriteAPDPReg(AP reg 0x01, 0x80011130)
T278C 005:815.650 - 0.474ms returns 0
T278C 005:815.780 JLINK_CORESIGHT_ReadAPDPReg(AP reg 0x03)
T278C 005:816.183   Value=0x00000000
T278C 005:816.308 - 0.528ms returns 0
T278C 005:816.369 JLINK_CORESIGHT_WriteAPDPReg(AP reg 0x00, 0x80000002)
T278C 005:816.775 - 0.405ms returns 0
T278C 005:816.952 JLINK_CORESIGHT_WriteAPDPReg(AP reg 0x01, 0x80011140)
T278C 005:817.360 - 0.408ms returns 0
T278C 005:817.471 JLINK_CORESIGHT_ReadAPDPReg(AP reg 0x03)
T278C 005:818.017   Value=0x00000000
T278C 005:818.485 - 1.013ms returns 0
T278C 005:818.561 JLINK_CORESIGHT_WriteAPDPReg(AP reg 0x00, 0x80000002)
T278C 005:819.008 - 0.447ms returns 0
T278C 005:819.147 JLINK_CORESIGHT_WriteAPDPReg(AP reg 0x01, 0x80011130)
T278C 005:819.508 - 0.361ms returns 0
T278C 005:819.609 JLINK_CORESIGHT_ReadAPDPReg(AP reg 0x03)
T278C 005:820.013   Value=0x03C60000
T278C 005:820.133 - 0.524ms returns 0
T278C 005:820.355 JLINK_CORESIGHT_WriteAPDPReg(AP reg 0x00, 0x80000002)
T278C 005:820.743 - 0.388ms returns 0
T278C 005:820.843 JLINK_CORESIGHT_WriteAPDPReg(AP reg 0x01, 0x80011140)
T278C 005:821.196 - 0.352ms returns 0
T278C 005:821.319 JLINK_CORESIGHT_ReadAPDPReg(AP reg 0x03)
T278C 005:821.817   Value=0x00000002
T278C 005:821.957 - 0.639ms returns 0
T278C 005:822.044 JLINK_CORESIGHT_WriteAPDPReg(AP reg 0x00, 0x80000002)
T278C 005:822.553 - 0.508ms returns 0
T278C 005:822.688 JLINK_CORESIGHT_WriteAPDPReg(AP reg 0x01, 0x80011120)
T278C 005:823.116 - 0.427ms returns 0
T278C 005:823.261 JLINK_CORESIGHT_WriteAPDPReg(AP reg 0x03, 0x2C010001)
T278C 005:823.642 - 0.381ms returns 0
T278C 005:823.793 JLINK_CORESIGHT_WriteAPDPReg(AP reg 0x00, 0x80000002)
T278C 005:824.172 - 0.379ms returns 0
T278C 005:824.275 JLINK_CORESIGHT_WriteAPDPReg(AP reg 0x01, 0x80011140)
T278C 005:824.611 - 0.337ms returns 0
T278C 005:824.701 JLINK_CORESIGHT_ReadAPDPReg(AP reg 0x03)
T278C 005:825.096   Value=0x00000002
T278C 005:825.197 - 0.497ms returns 0
T278C 005:825.276 JLINK_CORESIGHT_WriteAPDPReg(AP reg 0x00, 0x80000002)
T278C 005:825.845 - 0.568ms returns 0
T278C 005:825.982 JLINK_CORESIGHT_WriteAPDPReg(AP reg 0x01, 0x80011120)
T278C 005:826.383 - 0.401ms returns 0
T278C 005:826.516 JLINK_CORESIGHT_WriteAPDPReg(AP reg 0x03, 0x000003D3)
T278C 005:826.825 - 0.309ms returns 0
T278C 005:826.865 JLINK_CORESIGHT_WriteAPDPReg(AP reg 0x00, 0x80000002)
T278C 005:827.149 - 0.283ms returns 0
T278C 005:827.192 JLINK_CORESIGHT_WriteAPDPReg(AP reg 0x01, 0x80011140)
T278C 005:827.483 - 0.291ms returns 0
T278C 005:827.542 JLINK_CORESIGHT_ReadAPDPReg(AP reg 0x03)
T278C 005:827.884   Value=0x00000000
T278C 005:827.940 - 0.397ms returns 0
T278C 005:827.983 JLINK_CORESIGHT_WriteAPDPReg(AP reg 0x00, 0x80000002)
T278C 005:828.268 - 0.285ms returns 0
T278C 005:828.338 JLINK_CORESIGHT_WriteAPDPReg(AP reg 0x01, 0x80011130)
T278C 005:828.683 - 0.343ms returns 0
T278C 005:828.835 JLINK_CORESIGHT_ReadAPDPReg(AP reg 0x03)
T278C 005:829.198   Value=0x2C020081
T278C 005:829.325 - 0.489ms returns 0
T278C 005:829.400 JLINK_CORESIGHT_WriteAPDPReg(AP reg 0x00, 0x80000002)
T278C 005:829.858 - 0.457ms returns 0
T278C 005:830.023 JLINK_CORESIGHT_WriteAPDPReg(AP reg 0x01, 0x80011140)
T278C 005:830.421 - 0.398ms returns 0
T278C 005:830.527 JLINK_CORESIGHT_ReadAPDPReg(AP reg 0x03)
T278C 005:831.021   Value=0x00000000
T278C 005:831.087 - 0.559ms returns 0
T278C 005:831.125 JLINK_CORESIGHT_WriteAPDPReg(AP reg 0x00, 0x80000002)
T278C 005:831.561 - 0.435ms returns 0
T278C 005:831.672 JLINK_CORESIGHT_WriteAPDPReg(AP reg 0x01, 0x80011130)
T278C 005:832.073 - 0.401ms returns 0
T278C 005:832.174 JLINK_CORESIGHT_ReadAPDPReg(AP reg 0x03)
T278C 005:832.642   Value=0x0003CE04
T278C 005:832.692 - 0.518ms returns 0
T278C 005:835.474 JLINK_CORESIGHT_WriteAPDPReg(AP reg 0x00, 0x80000002)
T278C 005:836.212 - 0.745ms returns 0
T278C 005:836.322 JLINK_CORESIGHT_WriteAPDPReg(AP reg 0x01, 0x80011140)
T278C 005:836.734 - 0.411ms returns 0
T278C 005:836.846 JLINK_CORESIGHT_ReadAPDPReg(AP reg 0x03)
T278C 005:837.262   Value=0x00000002
T278C 005:837.432 - 0.585ms returns 0
T278C 005:837.516 JLINK_CORESIGHT_WriteAPDPReg(AP reg 0x00, 0x80000002)
T278C 005:838.014 - 0.494ms returns 0
T278C 005:838.297 JLINK_CORESIGHT_WriteAPDPReg(AP reg 0x01, 0x80011120)
T278C 005:838.843 - 0.545ms returns 0
T278C 005:838.997 JLINK_CORESIGHT_WriteAPDPReg(AP reg 0x03, 0x73010001)
T278C 005:839.560 - 0.562ms returns 0
T278C 005:839.676 JLINK_CORESIGHT_WriteAPDPReg(AP reg 0x00, 0x80000002)
T278C 005:840.044 - 0.368ms returns 0
T278C 005:840.151 JLINK_CORESIGHT_WriteAPDPReg(AP reg 0x01, 0x80011140)
T278C 005:840.540 - 0.389ms returns 0
T278C 005:840.648 JLINK_CORESIGHT_ReadAPDPReg(AP reg 0x03)
T278C 005:841.113   Value=0x00000002
T278C 005:841.254 - 0.606ms returns 0
T278C 005:841.367 JLINK_CORESIGHT_WriteAPDPReg(AP reg 0x00, 0x80000002)
T278C 005:841.773 - 0.406ms returns 0
T278C 005:841.863 JLINK_CORESIGHT_WriteAPDPReg(AP reg 0x01, 0x80011120)
T278C 005:842.245 - 0.382ms returns 0
T278C 005:842.321 JLINK_CORESIGHT_WriteAPDPReg(AP reg 0x03, 0x0000038C)
T278C 005:842.740 - 0.419ms returns 0
T278C 005:842.817 JLINK_CORESIGHT_WriteAPDPReg(AP reg 0x00, 0x80000002)
T278C 005:843.189 - 0.372ms returns 0
T278C 005:843.264 JLINK_CORESIGHT_WriteAPDPReg(AP reg 0x01, 0x80011140)
T278C 005:843.671 - 0.407ms returns 0
T278C 005:843.767 JLINK_CORESIGHT_ReadAPDPReg(AP reg 0x03)
T278C 005:844.195   Value=0x00000002
T278C 005:844.275 - 0.509ms returns 0
T278C 005:844.307 JLINK_CORESIGHT_ReadAPDPReg(AP reg 0x03)
T278C 005:844.619   Value=0x00000002
T278C 005:844.730 - 0.423ms returns 0
T278C 005:844.790 JLINK_CORESIGHT_ReadAPDPReg(AP reg 0x03)
T278C 005:845.223   Value=0x00000002
T278C 005:845.363 - 0.573ms returns 0
T278C 005:845.423 JLINK_CORESIGHT_ReadAPDPReg(AP reg 0x03)
T278C 005:845.859   Value=0x00000002
T278C 005:845.933 - 0.510ms returns 0
T278C 005:845.964 JLINK_CORESIGHT_ReadAPDPReg(AP reg 0x03)
T278C 005:846.467   Value=0x00000002
T278C 005:846.585 - 0.620ms returns 0
T278C 005:846.647 JLINK_CORESIGHT_ReadAPDPReg(AP reg 0x03)
T278C 005:847.067   Value=0x00000002
T278C 005:847.155 - 0.508ms returns 0
T278C 005:847.187 JLINK_CORESIGHT_ReadAPDPReg(AP reg 0x03)
T278C 005:847.592   Value=0x00000000
T278C 005:847.735 - 0.548ms returns 0
T278C 005:847.796 JLINK_CORESIGHT_WriteAPDPReg(AP reg 0x00, 0x80000002)
T278C 005:848.217 - 0.420ms returns 0
T278C 005:848.356 JLINK_CORESIGHT_WriteAPDPReg(AP reg 0x01, 0x80011130)
T278C 005:848.910 - 0.553ms returns 0
T278C 005:849.028 JLINK_CORESIGHT_ReadAPDPReg(AP reg 0x03)
T278C 005:849.439   Value=0x73020081
T278C 005:849.583 - 0.555ms returns 0
T278C 005:849.651 JLINK_CORESIGHT_WriteAPDPReg(AP reg 0x00, 0x80000002)
T278C 005:850.045 - 0.392ms returns 0
T278C 005:850.146 JLINK_CORESIGHT_WriteAPDPReg(AP reg 0x01, 0x80011140)
T278C 005:850.512 - 0.365ms returns 0
T278C 005:850.618 JLINK_CORESIGHT_ReadAPDPReg(AP reg 0x03)
T278C 005:851.007   Value=0x00000000
T278C 005:851.086 - 0.467ms returns 0
T278C 005:851.118 JLINK_CORESIGHT_WriteAPDPReg(AP reg 0x00, 0x80000002)
T278C 005:851.502 - 0.384ms returns 0
T278C 005:851.534 JLINK_CORESIGHT_WriteAPDPReg(AP reg 0x01, 0x80011130)
T278C 005:851.855 - 0.320ms returns 0
T278C 005:851.913 JLINK_CORESIGHT_ReadAPDPReg(AP reg 0x03)
T278C 005:852.332   Value=0x00038902
T278C 005:852.419 - 0.506ms returns 0
T278C 005:852.482 JLINK_CORESIGHT_WriteAPDPReg(AP reg 0x00, 0x80000002)
T278C 005:852.955 - 0.469ms returns 0
T278C 005:853.129 JLINK_CORESIGHT_WriteAPDPReg(AP reg 0x01, 0x80011140)
T278C 005:853.496 - 0.368ms returns 0
T278C 005:853.612 JLINK_CORESIGHT_ReadAPDPReg(AP reg 0x03)
T278C 005:854.037   Value=0x00000002
T278C 005:854.207 - 0.595ms returns 0
T278C 005:854.331 JLINK_CORESIGHT_WriteAPDPReg(AP reg 0x00, 0x80000002)
T278C 005:854.796 - 0.465ms returns 0
T278C 005:854.917 JLINK_CORESIGHT_WriteAPDPReg(AP reg 0x01, 0x80011120)
T278C 005:855.295 - 0.377ms returns 0
T278C 005:855.414 JLINK_CORESIGHT_WriteAPDPReg(AP reg 0x03, 0x75010001)
T278C 005:855.776 - 0.362ms returns 0
T278C 005:855.890 JLINK_CORESIGHT_WriteAPDPReg(AP reg 0x00, 0x80000002)
T278C 005:856.246 - 0.355ms returns 0
T278C 005:856.357 JLINK_CORESIGHT_WriteAPDPReg(AP reg 0x01, 0x80011140)
T278C 005:856.761 - 0.403ms returns 0
T278C 005:856.891 JLINK_CORESIGHT_ReadAPDPReg(AP reg 0x03)
T278C 005:857.302   Value=0x00000002
T278C 005:857.428 - 0.537ms returns 0
T278C 005:857.495 JLINK_CORESIGHT_WriteAPDPReg(AP reg 0x00, 0x80000002)
T278C 005:857.846 - 0.351ms returns 0
T278C 005:857.923 JLINK_CORESIGHT_WriteAPDPReg(AP reg 0x01, 0x80011120)
T278C 005:858.235 - 0.311ms returns 0
T278C 005:858.313 JLINK_CORESIGHT_WriteAPDPReg(AP reg 0x03, 0x0000038A)
T278C 005:858.761 - 0.445ms returns 0
T278C 005:858.847 JLINK_CORESIGHT_WriteAPDPReg(AP reg 0x00, 0x80000002)
T278C 005:859.175 - 0.327ms returns 0
T278C 005:859.285 JLINK_CORESIGHT_WriteAPDPReg(AP reg 0x01, 0x80011140)
T278C 005:859.671 - 0.386ms returns 0
T278C 005:859.784 JLINK_CORESIGHT_ReadAPDPReg(AP reg 0x03)
T278C 005:860.198   Value=0x00000000
T278C 005:860.327 - 0.542ms returns 0
T278C 005:860.395 JLINK_CORESIGHT_WriteAPDPReg(AP reg 0x00, 0x80000002)
T278C 005:860.940 - 0.543ms returns 0
T278C 005:861.247 JLINK_CORESIGHT_WriteAPDPReg(AP reg 0x01, 0x80011130)
T278C 005:861.789 - 0.543ms returns 0
T278C 005:861.907 JLINK_CORESIGHT_ReadAPDPReg(AP reg 0x03)
T278C 005:862.315   Value=0x75020081
T278C 005:862.440 - 0.533ms returns 0
T278C 005:862.536 JLINK_CORESIGHT_WriteAPDPReg(AP reg 0x00, 0x80000002)
T278C 005:863.021 - 0.485ms returns 0
T278C 005:863.122 JLINK_CORESIGHT_WriteAPDPReg(AP reg 0x01, 0x80011140)
T278C 005:863.478 - 0.356ms returns 0
T278C 005:863.600 JLINK_CORESIGHT_ReadAPDPReg(AP reg 0x03)
T278C 005:864.144   Value=0x00000000
T278C 005:864.595 - 0.991ms returns 0
T278C 005:864.783 JLINK_CORESIGHT_WriteAPDPReg(AP reg 0x00, 0x80000002)
T278C 005:865.516 - 0.733ms returns 0
T278C 005:865.728 JLINK_CORESIGHT_WriteAPDPReg(AP reg 0x01, 0x80011130)
T278C 005:866.323 - 0.596ms returns 0
T278C 005:866.526 JLINK_CORESIGHT_ReadAPDPReg(AP reg 0x03)
T278C 005:867.033   Value=0x00038702
T278C 005:867.246 - 0.720ms returns 0
T278C 005:869.903 JLINK_CORESIGHT_WriteAPDPReg(AP reg 0x00, 0x80000002)
T278C 005:870.337 - 0.435ms returns 0
T278C 005:870.499 JLINK_CORESIGHT_WriteAPDPReg(AP reg 0x01, 0x80011140)
T278C 005:870.850 - 0.352ms returns 0
T278C 005:870.938 JLINK_CORESIGHT_ReadAPDPReg(AP reg 0x03)
T278C 005:871.431   Value=0x00000002
T278C 005:871.556 - 0.618ms returns 0
T278C 005:871.620 JLINK_CORESIGHT_WriteAPDPReg(AP reg 0x00, 0x80000002)
T278C 005:872.089 - 0.468ms returns 0
T278C 005:872.193 JLINK_CORESIGHT_WriteAPDPReg(AP reg 0x01, 0x80011120)
T278C 005:872.532 - 0.338ms returns 0
T278C 005:872.661 JLINK_CORESIGHT_WriteAPDPReg(AP reg 0x03, 0x4E0B0001)
T278C 005:873.061 - 0.399ms returns 0
T278C 005:873.193 JLINK_CORESIGHT_WriteAPDPReg(AP reg 0x00, 0x80000002)
T278C 005:873.668 - 0.475ms returns 0
T278C 005:873.793 JLINK_CORESIGHT_WriteAPDPReg(AP reg 0x01, 0x80011140)
T278C 005:874.159 - 0.365ms returns 0
T278C 005:874.243 JLINK_CORESIGHT_ReadAPDPReg(AP reg 0x03)
T278C 005:874.727   Value=0x00000002
T278C 005:874.859 - 0.615ms returns 0
T278C 005:874.924 JLINK_CORESIGHT_WriteAPDPReg(AP reg 0x00, 0x80000002)
T278C 005:875.426 - 0.502ms returns 0
T278C 005:875.531 JLINK_CORESIGHT_WriteAPDPReg(AP reg 0x01, 0x80011120)
T278C 005:875.873 - 0.342ms returns 0
T278C 005:875.973 JLINK_CORESIGHT_WriteAPDPReg(AP reg 0x03, 0x00020000)
T278C 005:876.291 - 0.317ms returns 0
T278C 005:876.382 JLINK_CORESIGHT_WriteAPDPReg(AP reg 0x00, 0x80000002)
T278C 005:876.758 - 0.376ms returns 0
T278C 005:876.831 JLINK_CORESIGHT_WriteAPDPReg(AP reg 0x01, 0x80011140)
T278C 005:877.187 - 0.355ms returns 0
T278C 005:877.257 JLINK_CORESIGHT_ReadAPDPReg(AP reg 0x03)
T278C 005:877.612   Value=0x00000002
T278C 005:877.657 - 0.401ms returns 0
T278C 005:877.686 JLINK_CORESIGHT_WriteAPDPReg(AP reg 0x00, 0x80000002)
T278C 005:878.029 - 0.343ms returns 0
T278C 005:878.072 JLINK_CORESIGHT_WriteAPDPReg(AP reg 0x01, 0x80011120)
T278C 005:878.368 - 0.295ms returns 0
T278C 005:878.458 JLINK_CORESIGHT_WriteAPDPReg(AP reg 0x03, 0x00000000)
T278C 005:878.923 - 0.463ms returns 0
T278C 005:879.071 JLINK_CORESIGHT_WriteAPDPReg(AP reg 0x00, 0x80000002)
T278C 005:879.679 - 0.607ms returns 0
T278C 005:879.801 JLINK_CORESIGHT_WriteAPDPReg(AP reg 0x01, 0x80011140)
T278C 005:880.178 - 0.377ms returns 0
T278C 005:880.288 JLINK_CORESIGHT_ReadAPDPReg(AP reg 0x03)
T278C 005:880.839   Value=0x00000002
T278C 005:880.917 - 0.629ms returns 0
T278C 005:880.957 JLINK_CORESIGHT_WriteAPDPReg(AP reg 0x00, 0x80000002)
T278C 005:881.381 - 0.424ms returns 0
T278C 005:881.467 JLINK_CORESIGHT_WriteAPDPReg(AP reg 0x01, 0x80011120)
T278C 005:881.818 - 0.351ms returns 0
T278C 005:881.922 JLINK_CORESIGHT_WriteAPDPReg(AP reg 0x03, 0x03A50000)
T278C 005:882.425 - 0.503ms returns 0
T278C 005:882.482 JLINK_CORESIGHT_WriteAPDPReg(AP reg 0x00, 0x80000002)
T278C 005:882.797 - 0.316ms returns 0
T278C 005:882.827 JLINK_CORESIGHT_WriteAPDPReg(AP reg 0x01, 0x80011140)
T278C 005:883.113 - 0.285ms returns 0
T278C 005:883.149 JLINK_CORESIGHT_ReadAPDPReg(AP reg 0x03)
T278C 005:883.613   Value=0x00000002
T278C 005:883.655 - 0.506ms returns 0
T278C 005:883.681 JLINK_CORESIGHT_ReadAPDPReg(AP reg 0x03)
T278C 005:884.048   Value=0x00000002
T278C 005:884.109 - 0.426ms returns 0
T278C 005:884.151 JLINK_CORESIGHT_ReadAPDPReg(AP reg 0x03)
T278C 005:884.802   Value=0x00000002
T278C 005:884.936 - 0.785ms returns 0
T278C 005:885.032 JLINK_CORESIGHT_ReadAPDPReg(AP reg 0x03)
T278C 005:885.654   Value=0x00000002
T278C 005:886.080 - 1.047ms returns 0
T278C 005:886.163 JLINK_CORESIGHT_ReadAPDPReg(AP reg 0x03)
T278C 005:886.931   Value=0x00000002
T278C 005:887.078 - 0.914ms returns 0
T278C 005:887.151 JLINK_CORESIGHT_ReadAPDPReg(AP reg 0x03)
T278C 005:887.739   Value=0x00000002
T278C 005:888.067 - 0.915ms returns 0
T278C 005:888.227 JLINK_CORESIGHT_ReadAPDPReg(AP reg 0x03)
T278C 005:889.161   Value=0x00000002
T278C 005:889.547 - 1.319ms returns 0
T278C 005:889.679 JLINK_CORESIGHT_ReadAPDPReg(AP reg 0x03)
T278C 005:890.287   Value=0x00000002
T278C 005:890.569 - 0.889ms returns 0
T278C 005:890.710 JLINK_CORESIGHT_ReadAPDPReg(AP reg 0x03)
T278C 005:891.365   Value=0x00000002
T278C 005:891.668 - 0.958ms returns 0
T278C 005:891.861 JLINK_CORESIGHT_ReadAPDPReg(AP reg 0x03)
T278C 005:892.716   Value=0x00000002
T278C 005:893.062 - 1.200ms returns 0
T278C 005:893.215 JLINK_CORESIGHT_ReadAPDPReg(AP reg 0x03)
T278C 005:893.875   Value=0x00000002
T278C 005:894.104 - 0.889ms returns 0
T278C 005:894.249 JLINK_CORESIGHT_ReadAPDPReg(AP reg 0x03)
T278C 005:894.848   Value=0x00000002
T278C 005:895.049 - 0.800ms returns 0
T278C 005:895.187 JLINK_CORESIGHT_ReadAPDPReg(AP reg 0x03)
T278C 005:895.853   Value=0x00000002
T278C 005:896.062 - 0.875ms returns 0
T278C 005:896.211 JLINK_CORESIGHT_ReadAPDPReg(AP reg 0x03)
T278C 005:896.933   Value=0x00000002
T278C 005:897.206 - 0.995ms returns 0
T278C 005:897.355 JLINK_CORESIGHT_ReadAPDPReg(AP reg 0x03)
T278C 005:898.063   Value=0x00000000
T278C 005:898.266 - 0.910ms returns 0
T278C 005:898.395 JLINK_CORESIGHT_WriteAPDPReg(AP reg 0x00, 0x80000002)
T278C 005:899.018 - 0.621ms returns 0
T278C 005:899.233 JLINK_CORESIGHT_WriteAPDPReg(AP reg 0x01, 0x80011130)
T278C 005:899.790 - 0.556ms returns 0
T278C 005:899.966 JLINK_CORESIGHT_ReadAPDPReg(AP reg 0x03)
T278C 005:900.560   Value=0x4E0A0081
T278C 005:900.759 - 0.792ms returns 0
T278C 005:900.879 JLINK_CORESIGHT_WriteAPDPReg(AP reg 0x00, 0x80000002)
T278C 005:901.376 - 0.497ms returns 0
T278C 005:901.557 JLINK_CORESIGHT_WriteAPDPReg(AP reg 0x01, 0x80011140)
T278C 005:902.030 - 0.472ms returns 0
T278C 005:902.229 JLINK_CORESIGHT_ReadAPDPReg(AP reg 0x03)
T278C 005:902.861   Value=0x00000000
T278C 005:903.031 - 0.801ms returns 0
T278C 005:903.139 JLINK_CORESIGHT_WriteAPDPReg(AP reg 0x00, 0x80000002)
T278C 005:903.623 - 0.483ms returns 0
T278C 005:903.807 JLINK_CORESIGHT_WriteAPDPReg(AP reg 0x01, 0x80011130)
T278C 005:904.264 - 0.457ms returns 0
T278C 005:904.418 JLINK_CORESIGHT_ReadAPDPReg(AP reg 0x03)
T278C 005:904.871   Value=0xFFFFFF00
T278C 005:905.018 - 0.599ms returns 0
T278C 005:905.120 JLINK_CORESIGHT_WriteAPDPReg(AP reg 0x00, 0x80000002)
T278C 005:905.508 - 0.388ms returns 0
T278C 005:905.631 JLINK_CORESIGHT_WriteAPDPReg(AP reg 0x01, 0x80011140)
T278C 005:906.028 - 0.397ms returns 0
T278C 005:906.150 JLINK_CORESIGHT_ReadAPDPReg(AP reg 0x03)
T278C 005:906.559   Value=0x00000000
T278C 005:906.705 - 0.555ms returns 0
T278C 005:906.802 JLINK_CORESIGHT_WriteAPDPReg(AP reg 0x00, 0x80000002)
T278C 005:907.211 - 0.408ms returns 0
T278C 005:907.353 JLINK_CORESIGHT_WriteAPDPReg(AP reg 0x01, 0x80011130)
T278C 005:907.850 - 0.495ms returns 0
T278C 005:908.040 JLINK_CORESIGHT_ReadAPDPReg(AP reg 0x03)
T278C 005:908.471   Value=0xFFFFFFFF
T278C 005:908.660 - 0.620ms returns 0
T278C 005:908.769 JLINK_CORESIGHT_WriteAPDPReg(AP reg 0x00, 0x80000002)
T278C 005:909.175 - 0.407ms returns 0
T278C 005:909.313 JLINK_CORESIGHT_WriteAPDPReg(AP reg 0x01, 0x80011140)
T278C 005:909.836 - 0.522ms returns 0
T278C 005:910.051 JLINK_CORESIGHT_ReadAPDPReg(AP reg 0x03)
T278C 005:910.687   Value=0x00000000
T278C 005:910.891 - 0.841ms returns 0
T278C 005:911.022 JLINK_CORESIGHT_WriteAPDPReg(AP reg 0x00, 0x80000002)
T278C 005:911.500 - 0.478ms returns 0
T278C 005:911.693 JLINK_CORESIGHT_WriteAPDPReg(AP reg 0x01, 0x80011130)
T278C 005:912.249 - 0.556ms returns 0
T278C 005:912.438 JLINK_CORESIGHT_ReadAPDPReg(AP reg 0x03)
T278C 005:912.967   Value=0x0003B0FF
T278C 005:913.185 - 0.747ms returns 0
T278C 005:913.324 JLINK_CORESIGHT_WriteAPDPReg(AP reg 0x00, 0x80000002)
T278C 005:913.889 - 0.566ms returns 0
T278C 005:914.034 JLINK_CORESIGHT_WriteAPDPReg(AP reg 0x01, 0x80011140)
T278C 005:914.449 - 0.414ms returns 0
T278C 005:914.601 JLINK_CORESIGHT_ReadAPDPReg(AP reg 0x03)
T278C 005:915.111   Value=0x00000002
T278C 005:915.418 - 0.816ms returns 0
T278C 005:915.579 JLINK_CORESIGHT_WriteAPDPReg(AP reg 0x00, 0x80000002)
T278C 005:916.148 - 0.569ms returns 0
T278C 005:916.321 JLINK_CORESIGHT_WriteAPDPReg(AP reg 0x01, 0x80011120)
T278C 005:916.907 - 0.584ms returns 0
T278C 005:917.126 JLINK_CORESIGHT_WriteAPDPReg(AP reg 0x03, 0x4F010001)
T278C 005:917.808 - 0.681ms returns 0
T278C 005:918.092 JLINK_CORESIGHT_WriteAPDPReg(AP reg 0x00, 0x80000002)
T278C 005:918.603 - 0.510ms returns 0
T278C 005:918.816 JLINK_CORESIGHT_WriteAPDPReg(AP reg 0x01, 0x80011140)
T278C 005:919.477 - 0.659ms returns 0
T278C 005:919.830 JLINK_CORESIGHT_ReadAPDPReg(AP reg 0x03)
T278C 005:920.487   Value=0x00000002
T278C 005:920.719 - 0.890ms returns 0
T278C 005:920.863 JLINK_CORESIGHT_WriteAPDPReg(AP reg 0x00, 0x80000002)
T278C 005:921.414 - 0.551ms returns 0
T278C 005:921.586 JLINK_CORESIGHT_WriteAPDPReg(AP reg 0x01, 0x80011120)
T278C 005:922.149 - 0.562ms returns 0
T278C 005:922.372 JLINK_CORESIGHT_WriteAPDPReg(AP reg 0x03, 0x000003B0)
T278C 005:923.009 - 0.636ms returns 0
T278C 005:923.235 JLINK_CORESIGHT_WriteAPDPReg(AP reg 0x00, 0x80000002)
T278C 005:923.883 - 0.646ms returns 0
T278C 005:924.268 JLINK_CORESIGHT_WriteAPDPReg(AP reg 0x01, 0x80011140)
T278C 005:925.009 - 0.743ms returns 0
T278C 005:925.247 JLINK_CORESIGHT_ReadAPDPReg(AP reg 0x03)
T278C 005:925.890   Value=0x00000002
T278C 005:926.150 - 0.902ms returns 0
T278C 005:926.309 JLINK_CORESIGHT_ReadAPDPReg(AP reg 0x03)
T278C 005:927.000   Value=0x00000000
T278C 005:927.480 - 1.169ms returns 0
T278C 005:927.721 JLINK_CORESIGHT_WriteAPDPReg(AP reg 0x00, 0x80000002)
T278C 005:928.356 - 0.636ms returns 0
T278C 005:928.598 JLINK_CORESIGHT_WriteAPDPReg(AP reg 0x01, 0x80011130)
T278C 005:929.193 - 0.594ms returns 0
T278C 005:929.550 JLINK_CORESIGHT_ReadAPDPReg(AP reg 0x03)
T278C 005:930.165   Value=0x4F0B0081
T278C 005:930.451 - 0.901ms returns 0
T278C 005:930.618 JLINK_CORESIGHT_WriteAPDPReg(AP reg 0x00, 0x80000002)
T278C 005:931.232 - 0.614ms returns 0
T278C 005:931.458 JLINK_CORESIGHT_WriteAPDPReg(AP reg 0x01, 0x80011140)
T278C 005:932.374 - 0.914ms returns 0
T278C 005:932.555 JLINK_CORESIGHT_ReadAPDPReg(AP reg 0x03)
T278C 005:933.206   Value=0x00000000
T278C 005:933.464 - 0.909ms returns 0
T278C 005:943.802 JLINK_CORESIGHT_WriteAPDPReg(AP reg 0x00, 0x80000002)
T278C 005:944.925 - 1.122ms returns 0
T278C 005:945.165 JLINK_CORESIGHT_WriteAPDPReg(AP reg 0x01, 0x80011130)
T278C 005:945.829 - 0.664ms returns 0
T278C 005:946.025 JLINK_CORESIGHT_ReadAPDPReg(AP reg 0x03)
T278C 005:947.566   Value=0x00020000
T278C 005:947.802 - 1.776ms returns 0
T278C 005:947.913 JLINK_CORESIGHT_WriteAPDPReg(AP reg 0x00, 0x80000002)
T278C 005:950.330 - 2.415ms returns 0
T278C 005:950.544 JLINK_CORESIGHT_WriteAPDPReg(AP reg 0x01, 0x80011140)
T278C 005:951.076 - 0.530ms returns 0
T278C 005:951.238 JLINK_CORESIGHT_ReadAPDPReg(AP reg 0x03)
T278C 005:951.789   Value=0x00000000
T278C 005:952.011 - 0.772ms returns 0
T278C 005:952.119 JLINK_CORESIGHT_WriteAPDPReg(AP reg 0x00, 0x80000002)
T278C 005:952.695 - 0.575ms returns 0
T278C 005:952.873 JLINK_CORESIGHT_WriteAPDPReg(AP reg 0x01, 0x80011130)
T278C 005:953.364 - 0.489ms returns 0
T278C 005:953.528 JLINK_CORESIGHT_ReadAPDPReg(AP reg 0x03)
T278C 005:954.020   Value=0x00000000
T278C 005:954.190 - 0.662ms returns 0
T278C 005:954.289 JLINK_CORESIGHT_WriteAPDPReg(AP reg 0x00, 0x80000002)
T278C 005:955.321 - 1.031ms returns 0
T278C 005:955.440 JLINK_CORESIGHT_WriteAPDPReg(AP reg 0x01, 0x80011140)
T278C 005:955.841 - 0.400ms returns 0
T278C 005:955.921 JLINK_CORESIGHT_ReadAPDPReg(AP reg 0x03)
T278C 005:956.517   Value=0x00000000
T278C 005:956.694 - 0.772ms returns 0
T278C 005:956.785 JLINK_CORESIGHT_WriteAPDPReg(AP reg 0x00, 0x80000002)
T278C 005:957.259 - 0.474ms returns 0
T278C 005:957.381 JLINK_CORESIGHT_WriteAPDPReg(AP reg 0x01, 0x80011130)
T278C 005:957.920 - 0.536ms returns 0
T278C 005:958.150 JLINK_CORESIGHT_ReadAPDPReg(AP reg 0x03)
T278C 005:959.182   Value=0x03A40000
T278C 005:959.563 - 1.265ms returns 0
T278C 005:960.662 JLINK_CORESIGHT_WriteAPDPReg(AP reg 0x00, 0x80000002)
T278C 005:961.457 - 0.796ms returns 0
T278C 005:961.591 JLINK_CORESIGHT_WriteAPDPReg(AP reg 0x01, 0x80011140)
T278C 005:962.098 - 0.505ms returns 0
T278C 005:962.272 JLINK_CORESIGHT_ReadAPDPReg(AP reg 0x03)
T278C 005:962.873   Value=0x00000002
T278C 005:963.027 - 0.756ms returns 0
T278C 005:963.116 JLINK_CORESIGHT_WriteAPDPReg(AP reg 0x00, 0x80000002)
T278C 005:963.673 - 0.557ms returns 0
T278C 005:963.967 JLINK_CORESIGHT_WriteAPDPReg(AP reg 0x01, 0x80011120)
T278C 005:964.564 - 0.596ms returns 0
T278C 005:964.800 JLINK_CORESIGHT_WriteAPDPReg(AP reg 0x03, 0x4F010001)
T278C 005:965.448 - 0.647ms returns 0
T278C 005:965.703 JLINK_CORESIGHT_WriteAPDPReg(AP reg 0x00, 0x80000002)
T278C 005:966.284 - 0.580ms returns 0
T278C 005:966.458 JLINK_CORESIGHT_WriteAPDPReg(AP reg 0x01, 0x80011140)
T278C 005:966.961 - 0.500ms returns 0
T278C 005:967.225 JLINK_CORESIGHT_ReadAPDPReg(AP reg 0x03)
T278C 005:968.099   Value=0x00000002
T278C 005:968.371 - 1.146ms returns 0
T278C 005:968.493 JLINK_CORESIGHT_WriteAPDPReg(AP reg 0x00, 0x80000002)
T278C 005:969.029 - 0.535ms returns 0
T278C 005:969.259 JLINK_CORESIGHT_WriteAPDPReg(AP reg 0x01, 0x80011120)
T278C 005:970.627 - 1.362ms returns 0
T278C 005:971.467 JLINK_CORESIGHT_WriteAPDPReg(AP reg 0x03, 0x000003B0)
T278C 005:974.867 - 3.402ms returns 0
T278C 005:974.956 JLINK_CORESIGHT_WriteAPDPReg(AP reg 0x00, 0x80000002)
T278C 005:975.316 - 0.360ms returns 0
T278C 005:975.371 JLINK_CORESIGHT_WriteAPDPReg(AP reg 0x01, 0x80011140)
T278C 005:975.640 - 0.268ms returns 0
T278C 005:975.683 JLINK_CORESIGHT_ReadAPDPReg(AP reg 0x03)
T278C 005:976.115   Value=0x00000002
T278C 005:976.222 - 0.539ms returns 0
T278C 005:976.280 JLINK_CORESIGHT_ReadAPDPReg(AP reg 0x03)
T278C 005:976.629   Value=0x00000000
T278C 005:976.774 - 0.493ms returns 0
T278C 005:976.858 JLINK_CORESIGHT_WriteAPDPReg(AP reg 0x00, 0x80000002)
T278C 005:977.257 - 0.399ms returns 0
T278C 005:977.459 JLINK_CORESIGHT_WriteAPDPReg(AP reg 0x01, 0x80011130)
T278C 005:977.833 - 0.375ms returns 0
T278C 005:977.912 JLINK_CORESIGHT_ReadAPDPReg(AP reg 0x03)
T278C 005:978.269   Value=0x4F0B0081
T278C 005:978.402 - 0.490ms returns 0
T278C 005:978.473 JLINK_CORESIGHT_WriteAPDPReg(AP reg 0x00, 0x80000002)
T278C 005:978.860 - 0.388ms returns 0
T278C 005:978.945 JLINK_CORESIGHT_WriteAPDPReg(AP reg 0x01, 0x80011140)
T278C 005:979.255 - 0.309ms returns 0
T278C 005:979.334 JLINK_CORESIGHT_ReadAPDPReg(AP reg 0x03)
T278C 005:979.817   Value=0x00000000
T278C 005:979.884 - 0.550ms returns 0
T278C 005:981.728 JLINK_CORESIGHT_WriteAPDPReg(AP reg 0x00, 0x80000002)
T278C 005:982.109 - 0.381ms returns 0
T278C 005:982.171 JLINK_CORESIGHT_WriteAPDPReg(AP reg 0x01, 0x80011130)
T278C 005:982.485 - 0.313ms returns 0
T278C 005:982.553 JLINK_CORESIGHT_ReadAPDPReg(AP reg 0x03)
T278C 005:982.919   Value=0x00020000
T278C 005:983.045 - 0.490ms returns 0
T278C 005:983.111 JLINK_CORESIGHT_WriteAPDPReg(AP reg 0x00, 0x80000002)
T278C 005:983.469 - 0.357ms returns 0
T278C 005:983.549 JLINK_CORESIGHT_WriteAPDPReg(AP reg 0x01, 0x80011140)
T278C 005:983.870 - 0.321ms returns 0
T278C 005:983.945 JLINK_CORESIGHT_ReadAPDPReg(AP reg 0x03)
T278C 005:984.321   Value=0x00000000
T278C 005:984.458 - 0.513ms returns 0
T278C 005:984.529 JLINK_CORESIGHT_WriteAPDPReg(AP reg 0x00, 0x80000002)
T278C 005:984.951 - 0.421ms returns 0
T278C 005:985.152 JLINK_CORESIGHT_WriteAPDPReg(AP reg 0x01, 0x80011130)
T278C 005:985.645 - 0.492ms returns 0
T278C 005:985.806 JLINK_CORESIGHT_ReadAPDPReg(AP reg 0x03)
T278C 005:986.262   Value=0x00000000
T278C 005:986.399 - 0.593ms returns 0
T278C 005:986.472 JLINK_CORESIGHT_WriteAPDPReg(AP reg 0x00, 0x80000002)
T278C 005:986.871 - 0.399ms returns 0
T278C 005:986.991 JLINK_CORESIGHT_WriteAPDPReg(AP reg 0x01, 0x80011140)
T278C 005:987.382 - 0.390ms returns 0
T278C 005:987.493 JLINK_CORESIGHT_ReadAPDPReg(AP reg 0x03)
T278C 005:987.999   Value=0x00000000
T278C 005:988.140 - 0.646ms returns 0
T278C 005:988.210 JLINK_CORESIGHT_WriteAPDPReg(AP reg 0x00, 0x80000002)
T278C 005:988.654 - 0.442ms returns 0
T278C 005:988.811 JLINK_CORESIGHT_WriteAPDPReg(AP reg 0x01, 0x80011130)
T278C 005:989.221 - 0.410ms returns 0
T278C 005:989.422 JLINK_CORESIGHT_ReadAPDPReg(AP reg 0x03)
T278C 005:989.893   Value=0x03A40000
T278C 005:990.001 - 0.579ms returns 0
T278C 005:990.109 JLINK_CORESIGHT_ReadAPDPReg(DP reg 0x01)
T278C 005:990.477   Value=0xF0000F40
T278C 005:990.650 - 0.540ms returns 0
T278C 005:990.715 JLINK_CORESIGHT_WriteAPDPReg(DP reg 0x01, 0xA0000F40)
T278C 005:991.162 - 0.447ms returns 0
T278C 005:991.300 JLINK_CORESIGHT_ReadAPDPReg(DP reg 0x01)
T278C 005:991.681   Value=0x00000F40
T278C 005:991.821 - 0.521ms returns 0
T278C 005:991.889 JLINK_ClrRESET()
T278C 005:992.317 - 0.426ms 
T278C 006:096.359 JLINK_Close()
T278C 006:115.971 - 19.613ms
T278C 006:116.139   
T278C 006:116.209   Closed
