T4454 000:001.950   SEGGER J-Link V8.43 (beta) Log File
T4454 000:002.150   DLL Compiled: Jun 11 2025 15:52:09
T4454 000:002.164   Logging started @ 2025-06-17 04:23
T4454 000:002.179   Process: C:\Users\trung.tran-quoc\.eclipse\com.renesas.platform_2068145685\DebugComp\RA\e2-server-gdb.exe
T4454 000:002.197 - 2.192ms 
T4454 000:002.222 JLINK_GetDLLVersion()
T4454 000:002.237 - 0.015ms returns 84300
T4454 000:009.941 JLINK_OpenEx(...)
T4454 000:021.896   Firmware: J-Link OB-S124 compiled Apr  1 2025 10:13:40
T4454 000:023.697   Firmware: J-Link OB-S124 compiled Apr  1 2025 10:13:40
T4454 000:050.679   Hardware: V1.00
T4454 000:050.731   S/N: 831739369
T4454 000:050.749   OEM: SEGGER
T4454 000:050.773   Feature(s): None
T4454 000:052.745   Bootloader: 2019 Oct 15
T4454 000:054.325   USB speed mode: Full speed (12 MBit/s)
T4454 000:055.416   TELNET listener socket opened on port 19021
T4454 000:055.632   WEBSRV WEBSRV_Init(): Starting webserver thread(s)
T4454 000:055.832   WEBSRV Webserver running on local port 19080
T4454 000:056.057   Looking for J-Link GUI Server exe at: C:\Users\trung.tran-quoc\.eclipse\com.renesas.platform_2068145685\DebugComp\RA\ARM\Segger_v8.43.0\JLinkGUIServer.exe
T4454 000:056.216   Looking for J-Link GUI Server exe at: C:\Users\trung.tran-quoc\SEGGER\JLink_V836\JLinkGUIServer.exe
T4454 000:056.263   Forking J-Link GUI Server: C:\Users\trung.tran-quoc\SEGGER\JLink_V836\JLinkGUIServer.exe
T4454 000:122.201   J-Link GUI Server info: "J-Link GUI server V8.36 "
T4454 000:135.420 - 125.468ms returns "O.K."
T4454 000:135.610 JLINK_ExecCommand("ProjectFile=C:\Users\trung.tran-quoc\Documents\RVC_TASK_25_2H\porting\ra8_plaintext_key_injection\ws_creation\plaintext_key_injection_ek_ra6m4_ns/plaintext_key_injection_ek_ra6m4_ns Debug_SSD.jlink", ...). 
T4454 000:166.088 - 30.480ms returns 0x00
T4454 000:167.241 JLINK_ExecCommand("device=R7FA6M4AF", ...). 
T4454 000:168.363   Flash bank @ 0x0100A100: SFL: Parsing sectorization info from ELF file
T4454 000:168.396     FlashDevice.SectorInfo[0]: .SectorSize = 0x00000010, .SectorStartAddr = 0x00000000
T4454 000:168.416   FlashBank @0x0100A100: Sectorization info from SFL ELF file ignored because sectorization override from DLL / XML file is active.
T4454 000:168.809   Flash bank @ 0x60000000: SFL: Parsing sectorization info from ELF file
T4454 000:168.837     FlashDevice.SectorInfo[0]: .SectorSize = 0x00010000, .SectorStartAddr = 0x00000000
T4454 000:172.869   Device "R7FA6M4AF" selected.
T4454 000:176.083 - 8.803ms returns 0x00
T4454 000:176.131 JLINK_TIF_GetAvailable(...)
T4454 000:176.802 - 0.670ms 
T4454 000:176.835 JLINK_TIF_Select(JLINKARM_TIF_SWD)
T4454 000:178.920 - 2.084ms returns 0x00
T4454 000:178.962 JLINK_SetSpeed(4000)
T4454 000:179.327 - 0.368ms 
T4454 000:179.359 JLINK_ReadMem(0xE000EDF0, 0x4 Bytes, ...)
T4454 000:179.902   ConfigTargetSettings() start
T4454 000:179.924    J-Link Script File: Executing ConfigTargetSettings()
T4454 000:179.942   Configuring FlashDLNoRMWThreshold=0x200 in order to make sure that option bytes programming is done via read-modify-write
T4454 000:308.365   ConfigTargetSettings() end - Took 128ms
T4454 000:308.412   InitTarget() start
T4454 000:308.433    J-Link Script File: Executing InitTarget()
T4454 000:308.451   SWD selected. Executing JTAG -> SWD switching sequence.
T4454 000:313.312   DAP initialized successfully.
T4454 000:313.377   Determining TrustZone configuration...
T4454 000:316.481     Secure Debug: Enabled (SSD)
T4454 000:316.507   Determining currently configured transfer type by reading the AHB-AP CSW register.
T4454 000:318.687     --> Correct transfer type configured. Done.
T4454 000:318.731   InitTarget() end - Took 10.2ms
T4454 000:320.243   Found SW-DP with ID 0x6BA02477
T4454 000:325.563   DPIDR: 0x6BA02477
T4454 000:325.613   CoreSight SoC-400 or earlier
T4454 000:325.632   Scanning AP map to find all available APs
T4454 000:327.982   AP[2]: Stopped AP scan as end of AP map has been reached
T4454 000:328.026   AP[0]: AHB-AP (IDR: 0x84770001, ADDR: 0x00000000)
T4454 000:328.107   AP[1]: APB-AP (IDR: 0x54770002, ADDR: 0x01000000)
T4454 000:328.125   Iterating through AP map to find AHB-AP to use
T4454 000:330.296   AP[0]: Core found
T4454 000:330.334   AP[0]: AHB-AP ROM base: 0xE00FE000
T4454 000:331.424   CPUID register: 0x410FD214. Implementer code: 0x41 (ARM)
T4454 000:331.451   Feature set: Mainline
T4454 000:332.443   Cache: No cache
T4454 000:332.475   Found Cortex-M33 r0p4, Little endian.
T4454 000:333.560   -- Max. mem block: 0x00001B60
T4454 000:335.680   CPU_ReadMem(4 bytes @ 0xE000EDF0)
T4454 000:336.811   CPU_WriteMem(4 bytes @ 0xE000EDF0)
T4454 000:337.635   CPU_ReadMem(4 bytes @ 0xE0002000)
T4454 000:338.568   FPUnit: 8 code (BP) slots and 0 literal slots
T4454 000:338.599   CPU_ReadMem(4 bytes @ 0xE000EDFC)
T4454 000:339.559   CPU_WriteMem(4 bytes @ 0xE000EDFC)
T4454 000:340.504   CPU_ReadMem(4 bytes @ 0xE0001000)
T4454 000:341.497   CPU_ReadMem(4 bytes @ 0xE0001000)
T4454 000:342.474   CPU_ReadMem(4 bytes @ 0xE0001028)
T4454 000:343.392   CPU_ReadMem(4 bytes @ 0xE0001038)
T4454 000:344.288   CPU_ReadMem(4 bytes @ 0xE0001048)
T4454 000:345.161   CPU_ReadMem(4 bytes @ 0xE0001058)
T4454 000:346.175   CPU_WriteMem(4 bytes @ 0xE0001000)
T4454 000:347.134   CPU_ReadMem(4 bytes @ 0xE000ED88)
T4454 000:348.003   CPU_WriteMem(4 bytes @ 0xE000ED88)
T4454 000:348.980   CPU_ReadMem(4 bytes @ 0xE000ED88)
T4454 000:349.945   CPU_WriteMem(4 bytes @ 0xE000ED88)
T4454 000:350.917   CPU_ReadMem(4 bytes @ 0xE000EFB8)
T4454 000:351.910   Security extension: implemented
T4454 000:351.962   Secure debug: enabled
T4454 000:351.979   CoreSight components:
T4454 000:351.997   ROMTbl[0] @ E00FE000
T4454 000:352.015   CPU_ReadMem(64 bytes @ 0xE00FE000)
T4454 000:353.709   CPU_ReadMem(32 bytes @ 0xE0044FE0)
T4454 000:354.903   CPU_ReadMem(4 bytes @ 0xE0044FBC)
T4454 000:355.738   CPU_ReadMem(4 bytes @ 0xE0044FCC)
T4454 000:356.741   [0][0]: E0044000 CID B105900D PID 005BB906 DEVARCH 00000000 DEVTYPE 14 CTI (?)
T4454 000:356.795   CPU_ReadMem(32 bytes @ 0xE0047FE0)
T4454 000:358.117   CPU_ReadMem(4 bytes @ 0xE0047FBC)
T4454 000:358.977   CPU_ReadMem(4 bytes @ 0xE0047FCC)
T4454 000:359.935   [0][1]: E0047000 CID B105900D PID 003BB908 DEVARCH 00000000 DEVTYPE 12 CSTF
T4454 000:359.957   CPU_ReadMem(32 bytes @ 0xE0048FE0)
T4454 000:361.203   CPU_ReadMem(4 bytes @ 0xE0048FBC)
T4454 000:362.133   CPU_ReadMem(4 bytes @ 0xE0048FCC)
T4454 000:362.973   [0][2]: E0048000 CID B105900D PID 001BB961 DEVARCH 00000000 DEVTYPE 21 TMC
T4454 000:362.995   CPU_ReadMem(32 bytes @ 0xE0049FE0)
T4454 000:364.250   [0][3]: E0049000 CID B105F00D PID 001BB101 TSG
T4454 000:364.274   CPU_ReadMem(32 bytes @ 0xE0040FE0)
T4454 000:365.536   CPU_ReadMem(4 bytes @ 0xE0040FBC)
T4454 000:366.462   CPU_ReadMem(4 bytes @ 0xE0040FCC)
T4454 000:367.416   [0][4]: E0040000 CID B105900D PID 000BBD21 DEVARCH 00000000 DEVTYPE 11 TPIU
T4454 000:367.443   CPU_ReadMem(32 bytes @ 0xE00FFFE0)
T4454 000:368.773   [0][5]: E00FF000 CID B105100D PID 000BB4C9 ROM Table
T4454 000:368.844   ROMTbl[1] @ E00FF000
T4454 000:368.866   CPU_ReadMem(64 bytes @ 0xE00FF000)
T4454 000:370.577   CPU_ReadMem(32 bytes @ 0xE000EFE0)
T4454 000:371.896   CPU_ReadMem(4 bytes @ 0xE000EFBC)
T4454 000:372.756   CPU_ReadMem(4 bytes @ 0xE000EFCC)
T4454 000:373.604   [1][0]: E000E000 CID B105900D PID 000BBD21 DEVARCH 47702A04 DEVTYPE 00 Cortex-M33
T4454 000:373.629   CPU_ReadMem(32 bytes @ 0xE0001FE0)
T4454 000:374.936   CPU_ReadMem(4 bytes @ 0xE0001FBC)
T4454 000:375.805   CPU_ReadMem(4 bytes @ 0xE0001FCC)
T4454 000:376.728   [1][1]: E0001000 CID B105900D PID 000BBD21 DEVARCH 47701A02 DEVTYPE 00 DWT
T4454 000:376.756   CPU_ReadMem(32 bytes @ 0xE0002FE0)
T4454 000:377.939   CPU_ReadMem(4 bytes @ 0xE0002FBC)
T4454 000:378.795   CPU_ReadMem(4 bytes @ 0xE0002FCC)
T4454 000:379.656   [1][2]: E0002000 CID B105900D PID 000BBD21 DEVARCH 47701A03 DEVTYPE 00 FPB
T4454 000:379.676   CPU_ReadMem(32 bytes @ 0xE0000FE0)
T4454 000:380.962   CPU_ReadMem(4 bytes @ 0xE0000FBC)
T4454 000:381.799   CPU_ReadMem(4 bytes @ 0xE0000FCC)
T4454 000:382.752   [1][3]: E0000000 CID B105900D PID 000BBD21 DEVARCH 47701A01 DEVTYPE 43 ITM
T4454 000:382.785   CPU_ReadMem(32 bytes @ 0xE0041FE0)
T4454 000:384.145   CPU_ReadMem(4 bytes @ 0xE0041FBC)
T4454 000:385.212   CPU_ReadMem(4 bytes @ 0xE0041FCC)
T4454 000:386.158   [1][5]: E0041000 CID B105900D PID 002BBD21 DEVARCH 47724A13 DEVTYPE 13 ETM
T4454 000:386.180   CPU_ReadMem(32 bytes @ 0xE0042FE0)
T4454 000:387.513   CPU_ReadMem(4 bytes @ 0xE0042FBC)
T4454 000:388.277   CPU_ReadMem(4 bytes @ 0xE0042FCC)
T4454 000:389.191   [1][6]: E0042000 CID B105900D PID 000BBD21 DEVARCH 47701A14 DEVTYPE 14 CSS600-CTI
T4454 000:389.288   CPU_ReadMem(4 bytes @ 0xE000EDF0)
T4454 000:390.215   Data:  01 00 18 00
T4454 000:390.243   Debug reg: DHCSR
T4454 000:390.261 - 210.902ms returns 0
T4454 000:390.328 JLINK_ReadMem(0x400E002C, 0x4 Bytes, ...)
T4454 000:390.347   CPU_ReadMem(4 bytes @ 0x400E002C)
T4454 000:391.271   Data:  02 00 00 00
T4454 000:391.293 - 0.965ms returns 0
T4454 000:391.331 JLINK_ReadMem(0xE000EDF0, 0x4 Bytes, ...)
T4454 000:391.345   CPU_ReadMem(4 bytes @ 0xE000EDF0)
T4454 000:392.204   Data:  01 00 18 00
T4454 000:392.234   Debug reg: DHCSR
T4454 000:392.251 - 0.920ms returns 0
T4454 000:392.306 JLINK_ReadMem(0xE000EDF0, 0x4 Bytes, ...)
T4454 000:392.321   CPU_ReadMem(4 bytes @ 0xE000EDF0)
T4454 000:393.216   Data:  01 00 18 00
T4454 000:393.243   Debug reg: DHCSR
T4454 000:393.260 - 0.954ms returns 0
T4454 000:393.277 JLINK_ReadMem(0x400E001C, 0x4 Bytes, ...)
T4454 000:393.291   CPU_ReadMem(4 bytes @ 0x400E001C)
T4454 000:394.163   Data:  00 FC FF 00
T4454 000:394.186 - 0.909ms returns 0
T4454 000:394.205 JLINK_ReadMem(0xE000EDF0, 0x4 Bytes, ...)
T4454 000:394.218   CPU_ReadMem(4 bytes @ 0xE000EDF0)
T4454 000:395.098   Data:  01 00 18 00
T4454 000:395.118   Debug reg: DHCSR
T4454 000:395.134 - 0.930ms returns 0
T4454 000:395.150 JLINK_ReadMem(0x400E0018, 0x4 Bytes, ...)
T4454 000:395.162   CPU_ReadMem(4 bytes @ 0x400E0018)
T4454 000:396.092   Data:  00 80 FF 00
T4454 000:396.114 - 0.964ms returns 0
T4454 000:396.131 JLINK_ReadMem(0xE000EDF0, 0x4 Bytes, ...)
T4454 000:396.145   CPU_ReadMem(4 bytes @ 0xE000EDF0)
T4454 000:396.983   Data:  01 00 18 00
T4454 000:397.012   Debug reg: DHCSR
T4454 000:397.030 - 0.898ms returns 0
T4454 000:397.046 JLINK_ReadMem(0x400E0020, 0x4 Bytes, ...)
T4454 000:397.060   CPU_ReadMem(4 bytes @ 0x400E0020)
T4454 000:397.960   Data:  00 FC 00 00
T4454 000:397.996 - 0.949ms returns 0
T4454 000:398.019 JLINK_ReadMem(0xE000EDF0, 0x4 Bytes, ...)
T4454 000:398.036   CPU_ReadMem(4 bytes @ 0xE000EDF0)
T4454 000:398.910   Data:  01 00 18 00
T4454 000:398.945   Debug reg: DHCSR
T4454 000:398.962 - 0.943ms returns 0
T4454 000:398.979 JLINK_ReadMem(0x400E0028, 0x4 Bytes, ...)
T4454 000:398.996   CPU_ReadMem(4 bytes @ 0x400E0028)
T4454 000:399.856   Data:  00 FC 1F 00
T4454 000:399.890 - 0.911ms returns 0
T4454 000:399.913 JLINK_ReadMem(0xE000EDF0, 0x4 Bytes, ...)
T4454 000:399.930   CPU_ReadMem(4 bytes @ 0xE000EDF0)
T4454 000:400.723   Data:  01 00 18 00
T4454 000:400.749   Debug reg: DHCSR
T4454 000:400.767 - 0.853ms returns 0
T4454 000:400.783 JLINK_ReadMem(0x400E0024, 0x4 Bytes, ...)
T4454 000:400.798   CPU_ReadMem(4 bytes @ 0x400E0024)
T4454 000:401.585   Data:  00 E0 1F 00
T4454 000:401.606 - 0.822ms returns 0
T4454 000:401.626 JLINK_ReadMem(0xE000EDF0, 0x4 Bytes, ...)
T4454 000:401.640   CPU_ReadMem(4 bytes @ 0xE000EDF0)
T4454 000:402.413   Data:  01 00 18 00
T4454 000:402.435   Debug reg: DHCSR
T4454 000:402.452 - 0.825ms returns 0
T4454 000:402.467 JLINK_ReadMem(0x400E002C, 0x4 Bytes, ...)
T4454 000:402.482   CPU_ReadMem(4 bytes @ 0x400E002C)
T4454 000:403.351   Data:  02 00 00 00
T4454 000:403.384 - 0.917ms returns 0
T4454 000:403.406 JLINK_ReadMem(0xE000EDF0, 0x4 Bytes, ...)
T4454 000:403.423   CPU_ReadMem(4 bytes @ 0xE000EDF0)
T4454 000:404.279   Data:  01 00 18 00
T4454 000:404.311   Debug reg: DHCSR
T4454 000:404.329 - 0.923ms returns 0
T4454 000:404.345 JLINK_ReadMem(0x400E002C, 0x4 Bytes, ...)
T4454 000:404.362   CPU_ReadMem(4 bytes @ 0x400E002C)
T4454 000:405.079   Data:  02 00 00 00
T4454 000:405.133 - 0.787ms returns 0
T4454 000:411.883 JLINK_Close()
T4454 000:434.330 - 22.446ms
T4454 000:434.386   
T4454 000:434.399   Closed
