T5C58 000:001.502   SEGGER J-Link V8.58 Log File
T5C58 000:001.717   DLL Compiled: Aug  6 2025 12:29:52
T5C58 000:001.732   Logging started @ 2025-10-03 06:36
T5C58 000:001.747   Process: C:\Users\trung.tran-quoc\.eclipse\com.renesas.platform_1038248500\DebugComp\RA\e2-server-gdb.exe
T5C58 000:001.768 - 1.762ms 
T5C58 000:001.793 JLINK_GetDLLVersion()
T5C58 000:001.808 - 0.014ms returns 85800
T5C58 000:010.006 JLINK_OpenEx(...)
T5C58 000:026.897   Firmware: J-Link OB-S124 compiled Apr  1 2025 10:13:40
T5C58 000:028.681   Firmware: J-Link OB-S124 compiled Apr  1 2025 10:13:40
T5C58 000:055.863   Hardware: V1.00
T5C58 000:055.922   S/N: 831237847
T5C58 000:055.941   OEM: SEGGER
T5C58 000:055.960   Feature(s): None
T5C58 000:057.411   Bootloader: 2019 Oct 15
T5C58 000:058.838   USB speed mode: Full speed (12 MBit/s)
T5C58 000:059.781   TELNET listener socket opened on port 19021
T5C58 000:059.989   WEBSRV WEBSRV_Init(): Starting webserver thread(s)
T5C58 000:060.510   WEBSRV Webserver running on local port 19080
T5C58 000:060.713   Looking for J-Link GUI Server exe at: C:\Users\trung.tran-quoc\.eclipse\com.renesas.platform_1038248500\DebugComp\RA\ARM\Segger_v8.58.0\JLinkGUIServer.exe
T5C58 000:060.883   Looking for J-Link GUI Server exe at: C:\Users\trung.tran-quoc\SEGGER\JLink_V858\JLinkGUIServer.exe
T5C58 000:060.932   Forking J-Link GUI Server: C:\Users\trung.tran-quoc\SEGGER\JLink_V858\JLinkGUIServer.exe
T5C58 000:144.685   J-Link GUI Server info: "J-Link GUI server V8.58 "
T5C58 000:151.182 - 141.168ms returns "O.K."
T5C58 000:151.358 JLINK_ExecCommand("ProjectFile=C:\Users\trung.tran-quoc\Documents\RVC_TASK_25_2H\new_ap\secure_bootloader_ra0e2\PoC\ws_ocrypto\app_primary_overwrite_mode/app_primary_overwrite_mode Debug_Flat.jlink", ...). 
T5C58 000:186.049 - 34.692ms returns 0x00
T5C58 000:187.356 JLINK_ExecCommand("device=R7FA2E1A9", ...). 
T5C58 000:189.431   Flash bank @ 0x01010010: SFL: Parsing sectorization info from ELF file
T5C58 000:189.481     FlashDevice.SectorInfo[0]: .SectorSize = 0x00000024, .SectorStartAddr = 0x00000000
T5C58 000:189.501   FlashBank @0x01010010: Sectorization info from SFL ELF file ignored because sectorization override from DLL / XML file is active.
T5C58 000:190.241   Device "R7FA2E1A9" selected.
T5C58 000:193.471 - 6.082ms returns 0x00
T5C58 000:193.548 JLINK_ExecCommand("SetCPUConnectIDCODE = FFFFFFFFFFFFFFFFFFFFFFFFFFFFFFFF", ...). 
T5C58 000:193.571 - 0.005ms returns 0x00
T5C58 000:193.602 JLINK_TIF_GetAvailable(...)
T5C58 000:194.015 - 0.411ms 
T5C58 000:194.054 JLINK_TIF_Select(JLINKARM_TIF_SWD)
T5C58 000:196.136 - 2.085ms returns 0x00
T5C58 000:196.176 JLINK_SetSpeed(4000)
T5C58 000:196.563 - 0.388ms 
T5C58 000:196.594 JLINK_SetEndian(ARM_ENDIAN_LITTLE)
T5C58 000:196.607 - 0.013ms returns 0
T5C58 000:196.626 JLINK_SetInitRegsOnReset(OFF)
T5C58 000:196.639 - 0.017ms returns 1
T5C58 000:196.653 JLINK_SetResetType(JLINKARM_RESET_TYPE_NO_RESET)
T5C58 000:196.666 - 0.012ms returns JLINKARM_RESET_TYPE_NORMAL
T5C58 000:196.681 JLINK_ExecCommand("EnableFlashBPs", ...). 
T5C58 000:196.697 - 0.000ms returns 0x00
T5C58 000:196.712 JLINK_ExecCommand("SetAllowFlashCache = 1", ...). 
T5C58 000:196.727 - 0.000ms returns 0x01
T5C58 000:196.742 JLINK_ExecCommand("SetRestartOnClose = 0", ...). 
T5C58 000:196.758 - 0.001ms returns 0x01
T5C58 000:196.772 JLINK_ExecCommand("SetAllowSimulation = 0", ...). 
T5C58 000:196.791 - 0.003ms returns 0x01
T5C58 000:196.806 JLINK_EnableSoftBPs(ON)
T5C58 000:196.822 - 0.016ms 
T5C58 000:196.839 JLINK_Connect()
T5C58 000:197.460   InitTarget() start
T5C58 000:197.494    J-Link Script File: Executing InitTarget()
T5C58 000:197.516   Identifying target device...
T5C58 000:197.535   SWD selected. Executing JTAG -> SWD switching sequence...
T5C58 000:198.647   Initializing DAP...
T5C58 000:202.020   DAP initialized successfully.
T5C58 000:206.430   Low power mode detected. Waking device from low power mode.
T5C58 000:215.096   InitTarget() end - Took 17.6ms
T5C58 000:216.733   Found SW-DP with ID 0x5BA02477
T5C58 000:221.863   DPIDR: 0x5BA02477
T5C58 000:221.991   CoreSight SoC-400 or earlier
T5C58 000:222.013   Scanning AP map to find all available APs
T5C58 000:224.449   AP[2]: Stopped AP scan as end of AP map has been reached
T5C58 000:224.494   AP[0]: AHB-AP (IDR: 0x74770001, ADDR: 0x00000000)
T5C58 000:224.514   AP[1]: APB-AP (IDR: 0x44770002, ADDR: 0x01000000)
T5C58 000:224.533   Iterating through AP map to find AHB-AP to use
T5C58 000:226.435   AP[0]: Core found
T5C58 000:226.487   AP[0]: AHB-AP ROM base: 0x4001A000
T5C58 000:227.614   CPUID register: 0x411CD200. Implementer code: 0x41 (ARM)
T5C58 000:227.689   Feature set: Baseline
T5C58 000:228.852   Cache: No cache
T5C58 000:228.946   Found Cortex-M23 r1p0, Little endian.
T5C58 000:229.983   -- Max. mem block: 0x00001B68
T5C58 000:232.038   CPU_ReadMem(4 bytes @ 0xE000EDF0)
T5C58 000:233.247   CPU_WriteMem(4 bytes @ 0xE000EDF0)
T5C58 000:234.100   CPU_ReadMem(4 bytes @ 0xE0002000)
T5C58 000:234.846   FPUnit: 4 code (BP) slots and 0 literal slots
T5C58 000:234.893   CPU_ReadMem(4 bytes @ 0xE000EDFC)
T5C58 000:235.675   CPU_WriteMem(4 bytes @ 0xE000EDFC)
T5C58 000:236.523   CPU_ReadMem(4 bytes @ 0xE0001000)
T5C58 000:237.288   CPU_ReadMem(4 bytes @ 0xE0001000)
T5C58 000:238.087   CPU_ReadMem(4 bytes @ 0xE0001028)
T5C58 000:238.873   CPU_ReadMem(4 bytes @ 0xE0001038)
T5C58 000:239.736   CPU_WriteMem(4 bytes @ 0xE0001000)
T5C58 000:240.558   CPU_ReadMem(4 bytes @ 0xE000ED88)
T5C58 000:241.557   CPU_WriteMem(4 bytes @ 0xE000ED88)
T5C58 000:242.473   CPU_ReadMem(4 bytes @ 0xE000ED88)
T5C58 000:243.210   CPU_WriteMem(4 bytes @ 0xE000ED88)
T5C58 000:244.065   CPU_ReadMem(4 bytes @ 0xE000EFB8)
T5C58 000:244.790   Security extension: not implemented
T5C58 000:244.815   CoreSight components:
T5C58 000:244.833   ROMTbl[0] @ 4001A000
T5C58 000:244.851   CPU_ReadMem(64 bytes @ 0x4001A000)
T5C58 000:246.394   CPU_ReadMem(32 bytes @ 0xE000EFE0)
T5C58 000:247.600   CPU_ReadMem(4 bytes @ 0xE000EFBC)
T5C58 000:248.473   CPU_ReadMem(4 bytes @ 0xE000EFCC)
T5C58 000:249.259   [0][0]: E000E000 CID B105900D PID 000BBD20 DEVARCH 47702A04 DEVTYPE 00 Cortex-M23
T5C58 000:249.286   CPU_ReadMem(32 bytes @ 0xE0001FE0)
T5C58 000:250.482   CPU_ReadMem(4 bytes @ 0xE0001FBC)
T5C58 000:251.346   CPU_ReadMem(4 bytes @ 0xE0001FCC)
T5C58 000:252.178   [0][1]: E0001000 CID B105900D PID 000BBD20 DEVARCH 47701A02 DEVTYPE 00 DWT
T5C58 000:252.205   CPU_ReadMem(32 bytes @ 0xE0002FE0)
T5C58 000:253.273   CPU_ReadMem(4 bytes @ 0xE0002FBC)
T5C58 000:254.054   CPU_ReadMem(4 bytes @ 0xE0002FCC)
T5C58 000:254.882   [0][2]: E0002000 CID B105900D PID 000BBD20 DEVARCH 47701A03 DEVTYPE 00 FPB
T5C58 000:254.904   CPU_ReadMem(32 bytes @ 0x40019FE0)
T5C58 000:256.026   CPU_ReadMem(4 bytes @ 0x40019FBC)
T5C58 000:256.773   CPU_ReadMem(4 bytes @ 0x40019FCC)
T5C58 000:257.639   [0][3]: 40019000 CID B105900D PID 000BBD20 DEVARCH 47710A31 DEVTYPE 31 MTB
T5C58 000:257.696 - 60.856ms returns 0x00
T5C58 000:257.723 JLINK_Halt()
T5C58 000:263.223 - 5.498ms returns 0x00
T5C58 000:263.319 JLINK_IsHalted()
T5C58 000:263.344 - 0.024ms returns TRUE
T5C58 000:263.360 JLINK_ResetPullsRESET(ON)
T5C58 000:263.373 - 0.012ms 
T5C58 000:263.388 JLINK_Reset()
T5C58 000:263.419   JLINK_GetResetTypeDesc
T5C58 000:263.432   - 0.012ms 
T5C58 000:263.445   Reset type: CONNECT UNDER RESET (https://wiki.segger.com/J-Link_Reset_Strategies)
T5C58 000:263.462   CPU_WriteMem(4 bytes @ 0xE000EDF0)
T5C58 000:264.327   CPU_ReadMem(4 bytes @ 0xE000ED44)
T5C58 000:265.098   CPU_WriteMem(4 bytes @ 0xE000EDFC)
T5C58 000:265.977   Reset: Halt core after reset via DEMCR.VC_CORERESET.
T5C58 000:267.259   Reset: Reset device via AIRCR.SYSRESETREQ.
T5C58 000:267.329   CPU_WriteMem(4 bytes @ 0xE000ED0C)
T5C58 000:322.169   CPU_ReadMem(4 bytes @ 0xE000EDF0)
T5C58 000:323.061   CPU_ReadMem(4 bytes @ 0xE000EDF0)
T5C58 000:323.889   CPU_WriteMem(4 bytes @ 0xE000EDFC)
T5C58 000:330.841   CPU_ReadMem(4 bytes @ 0xE000EDF0)
T5C58 000:336.987   CPU_WriteMem(4 bytes @ 0xE0002000)
T5C58 000:337.792   CPU_ReadMem(4 bytes @ 0xE000EDFC)
T5C58 000:338.652   CPU_ReadMem(4 bytes @ 0xE0001000)
T5C58 000:339.378   CPU_WriteMem(4 bytes @ 0xE0001000)
T5C58 000:340.240   CPU_ReadMem(4 bytes @ 0xE000EE08)
T5C58 000:340.984 - 77.595ms 
T5C58 000:341.197 JLINK_IsHalted()
T5C58 000:341.218 - 0.020ms returns TRUE
T5C58 000:341.470 JLINK_MeasureCPUSpeed(RAMAddr = 0xFFFFFFFF)
T5C58 000:341.491   CPU_ReadMem(16 bytes @ 0x20004000)
T5C58 000:342.498   CPU_ReadMem(64 bytes @ 0x20004000)
T5C58 000:344.182    -- Updating C cache (64 bytes @ 0x20004000)
T5C58 000:344.262    -- Read from C cache (6 bytes @ 0x20004000)
T5C58 000:344.303   CPU_ReadMem(4 bytes @ 0x40019004)
T5C58 000:345.180   CPU_ReadMem(4 bytes @ 0xE000ED90)
T5C58 000:346.126   CPU_ReadMem(4 bytes @ 0xE000ED94)
T5C58 000:347.003   CPU_WriteMem(16 bytes @ 0x20004000)
T5C58 000:348.035   CPU_WriteMem(6 bytes @ 0x20004000)
T5C58 000:349.003   CPU_ReadMem(64 bytes @ 0x20004000)
T5C58 000:350.715    -- Updating C cache (64 bytes @ 0x20004000)
T5C58 000:350.766    -- Read from C cache (6 bytes @ 0x20004000)
T5C58 000:350.801   CPU_ReadMem(4 bytes @ 0xE000EE08)
T5C58 000:351.683   CPU_WriteMem(4 bytes @ 0xE0002008)
T5C58 000:351.724   CPU_WriteMem(4 bytes @ 0xE000200C)
T5C58 000:351.742   CPU_WriteMem(4 bytes @ 0xE0002010)
T5C58 000:351.759   CPU_WriteMem(4 bytes @ 0xE0002014)
T5C58 000:364.220   CPU_WriteMem(4 bytes @ 0xE0002008)
T5C58 000:365.436   CPU_WriteMem(4 bytes @ 0xE000200C)
T5C58 000:366.347   CPU_WriteMem(4 bytes @ 0xE0002010)
T5C58 000:367.310   CPU_WriteMem(4 bytes @ 0xE0002014)
T5C58 000:368.202   CPU_ReadMem(4 bytes @ 0xE000EE08)
T5C58 000:369.136   CPU_ReadMem(4 bytes @ 0xE000EE08)
T5C58 000:370.138   CPU_ReadMem(4 bytes @ 0xE000EE08)
T5C58 000:401.276   CPU_WriteMem(6 bytes @ 0x20004000)
T5C58 000:402.275   ClockFreq: 497550 Hz
T5C58 000:402.305 - 60.835ms returns 497550
T5C58 000:402.344 JLINK_ReadReg(XPSR)
T5C58 000:402.366   CPU_ReadMem(4 bytes @ 0xE000EE08)
T5C58 000:403.091 - 0.746ms returns 0x21000000
T85DC 002:734.384 JLINK_ResetPullsRESET(ON)
T85DC 002:734.449 - 0.064ms 
T85DC 002:734.464 JLINK_Halt()
T85DC 002:735.330 - 0.862ms returns 0x00
T85DC 002:735.366 JLINK_IsHalted()
T85DC 002:735.379 - 0.013ms returns TRUE
T85DC 002:735.392 JLINK_Reset()
T85DC 002:735.416   CPU_ReadMem(4 bytes @ 0x20004000)
T85DC 002:736.299   CPU_WriteMem(4 bytes @ 0x20004000)
T85DC 002:737.190   JLINK_GetResetTypeDesc
T85DC 002:737.250   - 0.060ms 
T85DC 002:737.263   Reset type: CONNECT UNDER RESET (https://wiki.segger.com/J-Link_Reset_Strategies)
T85DC 002:737.281   CPU_WriteMem(4 bytes @ 0xE000EDF0)
T85DC 002:738.176   CPU_ReadMem(4 bytes @ 0xE000ED44)
T85DC 002:739.179   CPU_WriteMem(4 bytes @ 0xE000EDFC)
T85DC 002:740.056   Reset: Halt core after reset via DEMCR.VC_CORERESET.
T85DC 002:741.441   Reset: Reset device via AIRCR.SYSRESETREQ.
T85DC 002:741.470   CPU_WriteMem(4 bytes @ 0xE000ED0C)
T85DC 002:796.577   CPU_ReadMem(4 bytes @ 0xE000EDF0)
T85DC 002:797.628   CPU_ReadMem(4 bytes @ 0xE000EDF0)
T85DC 002:798.491   CPU_WriteMem(4 bytes @ 0xE000EDFC)
T85DC 002:804.887   CPU_ReadMem(4 bytes @ 0xE000EDF0)
T85DC 002:811.288   CPU_WriteMem(4 bytes @ 0xE0002000)
T85DC 002:812.095   CPU_ReadMem(4 bytes @ 0xE000EDFC)
T85DC 002:812.802   CPU_ReadMem(4 bytes @ 0xE0001000)
T85DC 002:813.797   CPU_WriteMem(4 bytes @ 0xE0001000)
T85DC 002:814.686   CPU_ReadMem(4 bytes @ 0xE000EE08)
T85DC 002:815.626 - 80.233ms 
T85DC 002:815.665 JLINK_SetEndian(ARM_ENDIAN_LITTLE)
T85DC 002:815.676 - 0.011ms returns 0
T85DC 002:815.831 JLINK_BeginDownload(Flags = 0x00000000)
T85DC 002:815.844 - 0.013ms 
T85DC 002:836.569 JLINK_WriteMem(0x00000000, 0x40 Bytes, ...)
T85DC 002:836.615   Data:  C0 4C 00 20 99 00 00 00 C5 1C 00 00 A5 1D 00 00 ...
T85DC 002:837.309   completely In flash
T85DC 002:837.370 - 0.801ms returns 0x40
T85DC 002:837.889 JLINK_WriteMem(0x00000040, 0x1BC Bytes, ...)
T85DC 002:837.953   Data:  02 00 00 00 50 00 00 00 03 00 00 00 68 00 00 00 ...
T85DC 002:837.977   completely In flash
T85DC 002:837.994 - 0.105ms returns 0x1BC
T85DC 002:838.567 JLINK_WriteMem(0x00000400, 0x4 Bytes, ...)
T85DC 002:838.601   Data:  FF FF FF FF
T85DC 002:838.620   completely In flash
T85DC 002:838.637 - 0.069ms returns 0x4
T85DC 002:839.228 JLINK_WriteMem(0x00000404, 0x4 Bytes, ...)
T85DC 002:839.256   Data:  DF CE FF FF
T85DC 002:839.276   completely In flash
T85DC 002:839.293 - 0.065ms returns 0x4
T85DC 002:839.629 JLINK_WriteMem(0x00000440, 0x4C0 Bytes, ...)
T85DC 002:839.678   Data:  FE B5 06 AF 04 46 01 25 C0 6A 40 0C 08 D1 20 69 ...
T85DC 002:839.727   completely In flash
T85DC 002:839.756 - 0.127ms returns 0x4C0
T85DC 002:840.304 JLINK_WriteMem(0x00000900, 0xBA0 Bytes, ...)
T85DC 002:840.328   Data:  F8 B5 04 AF 01 A8 00 F0 E5 FD 18 B9 01 A8 01 F0 ...
T85DC 002:840.352   completely In flash
T85DC 002:840.369 - 0.064ms returns 0xBA0
T85DC 002:840.806 JLINK_WriteMem(0x000014A0, 0xBC0 Bytes, ...)
T85DC 002:840.881   Data:  3D B8 F3 96 20 4D 00 20 B0 B5 02 AF 04 46 01 25 ...
T85DC 002:840.902   completely In flash
T85DC 002:840.918 - 0.112ms returns 0xBC0
T85DC 002:841.248 JLINK_WriteMem(0x00002060, 0xBC0 Bytes, ...)
T85DC 002:841.266   Data:  20 46 0A 99 32 46 1A 4B 98 47 20 46 21 46 01 F0 ...
T85DC 002:841.283   completely In flash
T85DC 002:841.299 - 0.050ms returns 0xBC0
T85DC 002:841.586 JLINK_WriteMem(0x00002C20, 0xBC0 Bytes, ...)
T85DC 002:841.602   Data:  49 46 24 1A 8D 41 96 41 9F 41 80 41 81 46 40 46 ...
T85DC 002:841.619   completely In flash
T85DC 002:841.635 - 0.049ms returns 0xBC0
T85DC 002:841.832 JLINK_WriteMem(0x000037E0, 0x16A Bytes, ...)
T85DC 002:841.849   Data:  85 AE 67 BB 72 F3 6E 3C 3A F5 4F A5 7F 52 0E 51 ...
T85DC 002:841.865   completely In flash
T85DC 002:841.881 - 0.048ms returns 0x16A
T85DC 002:846.365 JLINK_WriteMem(0x00004000, 0xBD0 Bytes, ...)
T85DC 002:846.448   Data:  3D B8 F3 96 00 00 00 00 00 01 00 00 32 0F 00 00 ...
T85DC 002:846.478   completely In flash
T85DC 002:846.496 - 0.132ms returns 0xBD0
T85DC 002:846.973 JLINK_WriteMem(0x00004BD0, 0xBE0 Bytes, ...)
T85DC 002:847.048   Data:  13 4D 9A 42 03 D2 AC 42 05 D8 04 23 04 E0 AC 42 ...
T85DC 002:847.090   completely In flash
T85DC 002:847.130 - 0.147ms returns 0xBE0
T85DC 002:847.550 JLINK_WriteMem(0x000057B0, 0xBF0 Bytes, ...)
T85DC 002:847.602   Data:  FF FF FF FF FF FF FF FF FF FF FF FF FF FF FF FF ...
T85DC 002:847.647   completely In flash
T85DC 002:847.680 - 0.130ms returns 0xBF0
T85DC 002:848.165 JLINK_WriteMem(0x000063A0, 0xBF0 Bytes, ...)
T85DC 002:848.234   Data:  FF FF FF FF FF FF FF FF FF FF FF FF FF FF FF FF ...
T85DC 002:848.285   completely In flash
T85DC 002:848.304 - 0.139ms returns 0xBF0
T85DC 002:848.823 JLINK_WriteMem(0x00006F90, 0xBF0 Bytes, ...)
T85DC 002:848.889   Data:  FF FF FF FF FF FF FF FF FF FF FF FF FF FF FF FF ...
T85DC 002:848.927   completely In flash
T85DC 002:848.946 - 0.123ms returns 0xBF0
T85DC 002:849.311 JLINK_WriteMem(0x00007B80, 0xBF0 Bytes, ...)
T85DC 002:849.340   Data:  FF FF FF FF FF FF FF FF FF FF FF FF FF FF FF FF ...
T85DC 002:849.360   completely In flash
T85DC 002:849.376 - 0.066ms returns 0xBF0
T85DC 002:849.709 JLINK_WriteMem(0x00008770, 0xBF0 Bytes, ...)
T85DC 002:849.746   Data:  FF FF FF FF FF FF FF FF FF FF FF FF FF FF FF FF ...
T85DC 002:849.800   completely In flash
T85DC 002:849.826 - 0.117ms returns 0xBF0
T85DC 002:850.146 JLINK_WriteMem(0x00009360, 0xBF0 Bytes, ...)
T85DC 002:850.173   Data:  FF FF FF FF FF FF FF FF FF FF FF FF FF FF FF FF ...
T85DC 002:850.193   completely In flash
T85DC 002:850.211 - 0.064ms returns 0xBF0
T85DC 002:850.571 JLINK_WriteMem(0x00009F50, 0xBF0 Bytes, ...)
T85DC 002:850.589   Data:  FF FF FF FF FF FF FF FF FF FF FF FF FF FF FF FF ...
T85DC 002:850.614   completely In flash
T85DC 002:850.632 - 0.061ms returns 0xBF0
T85DC 002:850.979 JLINK_WriteMem(0x0000AB40, 0xBF0 Bytes, ...)
T85DC 002:850.999   Data:  FF FF FF FF FF FF FF FF FF FF FF FF FF FF FF FF ...
T85DC 002:851.016   completely In flash
T85DC 002:851.038 - 0.059ms returns 0xBF0
T85DC 002:851.269 JLINK_WriteMem(0x0000B730, 0xBF0 Bytes, ...)
T85DC 002:851.285   Data:  FF FF FF FF FF FF FF FF FF FF FF FF FF FF FF FF ...
T85DC 002:851.379   completely In flash
T85DC 002:851.395 - 0.125ms returns 0xBF0
T85DC 002:851.614 JLINK_WriteMem(0x0000C320, 0xBF0 Bytes, ...)
T85DC 002:851.629   Data:  FF FF FF FF FF FF FF FF FF FF FF FF FF FF FF FF ...
T85DC 002:851.646   completely In flash
T85DC 002:851.662 - 0.048ms returns 0xBF0
T85DC 002:851.880 JLINK_WriteMem(0x0000CF10, 0xBF0 Bytes, ...)
T85DC 002:851.895   Data:  FF FF FF FF FF FF FF FF FF FF FF FF FF FF FF FF ...
T85DC 002:851.939   completely In flash
T85DC 002:851.956 - 0.076ms returns 0xBF0
T85DC 002:852.172 JLINK_WriteMem(0x0000DB00, 0xBF0 Bytes, ...)
T85DC 002:852.188   Data:  FF FF FF FF FF FF FF FF FF FF FF FF FF FF FF FF ...
T85DC 002:852.206   completely In flash
T85DC 002:852.222 - 0.050ms returns 0xBF0
T85DC 002:852.441 JLINK_WriteMem(0x0000E6F0, 0xBF0 Bytes, ...)
T85DC 002:852.458   Data:  FF FF FF FF FF FF FF FF FF FF FF FF FF FF FF FF ...
T85DC 002:852.475   completely In flash
T85DC 002:852.490 - 0.049ms returns 0xBF0
T85DC 002:852.785 JLINK_WriteMem(0x0000F2E0, 0xBF0 Bytes, ...)
T85DC 002:852.824   Data:  FF FF FF FF FF FF FF FF FF FF FF FF FF FF FF FF ...
T85DC 002:852.882   completely In flash
T85DC 002:852.903 - 0.117ms returns 0xBF0
T85DC 002:853.228 JLINK_WriteMem(0x0000FED0, 0xBF0 Bytes, ...)
T85DC 002:853.250   Data:  FF FF FF FF FF FF FF FF FF FF FF FF FF FF FF FF ...
T85DC 002:853.273   completely In flash
T85DC 002:853.291 - 0.063ms returns 0xBF0
T85DC 002:853.511 JLINK_WriteMem(0x00010AC0, 0xBF0 Bytes, ...)
T85DC 002:853.528   Data:  FF FF FF FF FF FF FF FF FF FF FF FF FF FF FF FF ...
T85DC 002:853.545   completely In flash
T85DC 002:853.561 - 0.050ms returns 0xBF0
T85DC 002:853.762 JLINK_WriteMem(0x000116B0, 0x950 Bytes, ...)
T85DC 002:853.778   Data:  FF FF FF FF FF FF FF FF FF FF FF FF FF FF FF FF ...
T85DC 002:853.799   completely In flash
T85DC 002:853.820 - 0.057ms returns 0x950
T85DC 002:879.478 JLINK_EndDownload()
T85DC 002:880.932   HandleBeforeFlashProg() start
T85DC 002:881.009    J-Link Script File: Executing HandleBeforeFlashProg()
T85DC 002:881.034   CPU_ReadMem(2 bytes @ 0x40000D04)
T85DC 002:882.014   CPU_ReadMem(2 bytes @ 0x40000D14)
T85DC 002:882.854   HandleBeforeFlashProg() end - Took 1.83ms
T85DC 002:882.899   CPU_ReadMem(4 bytes @ 0x40019004)
T85DC 002:883.801   CPU_ReadMem(4 bytes @ 0xE000ED90)
T85DC 002:884.808   CPU_ReadMem(4 bytes @ 0xE000ED94)
T85DC 002:885.940    -- --------------------------------------
T85DC 002:885.980    -- Flash bank @ 0x00000000: Default: L2 verify disabled because algorithm performs L1 verify
T85DC 002:885.998    -- Start of determining dirty areas in flash cache
T85DC 002:886.327    -- Filling invalid ranges in sector buffer (flash cache) for sector @ 0x00000000 if necessary
T85DC 002:886.369    -- Filling invalid ranges in sector buffer (flash cache) for sector @ 0x00000800 if necessary
T85DC 002:886.391    -- Filling invalid ranges in sector buffer (flash cache) for sector @ 0x00001000 if necessary
T85DC 002:886.413    -- Filling invalid ranges in sector buffer (flash cache) for sector @ 0x00001800 if necessary
T85DC 002:886.434    -- Filling invalid ranges in sector buffer (flash cache) for sector @ 0x00002000 if necessary
T85DC 002:886.456    -- Filling invalid ranges in sector buffer (flash cache) for sector @ 0x00002800 if necessary
T85DC 002:886.478    -- Filling invalid ranges in sector buffer (flash cache) for sector @ 0x00003000 if necessary
T85DC 002:886.500    -- Filling invalid ranges in sector buffer (flash cache) for sector @ 0x00003800 if necessary
T85DC 002:886.522    -- Filling invalid ranges in sector buffer (flash cache) for sector @ 0x00004000 if necessary
T85DC 002:886.544    -- Filling invalid ranges in sector buffer (flash cache) for sector @ 0x00004800 if necessary
T85DC 002:886.565    -- Filling invalid ranges in sector buffer (flash cache) for sector @ 0x00005000 if necessary
T85DC 002:886.588    -- Filling invalid ranges in sector buffer (flash cache) for sector @ 0x00005800 if necessary
T85DC 002:886.618    -- Filling invalid ranges in sector buffer (flash cache) for sector @ 0x00006000 if necessary
T85DC 002:886.640    -- Filling invalid ranges in sector buffer (flash cache) for sector @ 0x00006800 if necessary
T85DC 002:886.661    -- Filling invalid ranges in sector buffer (flash cache) for sector @ 0x00007000 if necessary
T85DC 002:886.683    -- Filling invalid ranges in sector buffer (flash cache) for sector @ 0x00007800 if necessary
T85DC 002:886.705    -- Filling invalid ranges in sector buffer (flash cache) for sector @ 0x00008000 if necessary
T85DC 002:886.726    -- Filling invalid ranges in sector buffer (flash cache) for sector @ 0x00008800 if necessary
T85DC 002:886.748    -- Filling invalid ranges in sector buffer (flash cache) for sector @ 0x00009000 if necessary
T85DC 002:886.770    -- Filling invalid ranges in sector buffer (flash cache) for sector @ 0x00009800 if necessary
T85DC 002:886.792    -- Filling invalid ranges in sector buffer (flash cache) for sector @ 0x0000A000 if necessary
T85DC 002:886.816    -- Filling invalid ranges in sector buffer (flash cache) for sector @ 0x0000A800 if necessary
T85DC 002:886.838    -- Filling invalid ranges in sector buffer (flash cache) for sector @ 0x0000B000 if necessary
T85DC 002:886.860    -- Filling invalid ranges in sector buffer (flash cache) for sector @ 0x0000B800 if necessary
T85DC 002:886.883    -- Filling invalid ranges in sector buffer (flash cache) for sector @ 0x0000C000 if necessary
T85DC 002:886.904    -- Filling invalid ranges in sector buffer (flash cache) for sector @ 0x0000C800 if necessary
T85DC 002:886.926    -- Filling invalid ranges in sector buffer (flash cache) for sector @ 0x0000D000 if necessary
T85DC 002:886.948    -- Filling invalid ranges in sector buffer (flash cache) for sector @ 0x0000D800 if necessary
T85DC 002:886.970    -- Filling invalid ranges in sector buffer (flash cache) for sector @ 0x0000E000 if necessary
T85DC 002:886.992    -- Filling invalid ranges in sector buffer (flash cache) for sector @ 0x0000E800 if necessary
T85DC 002:887.014    -- Filling invalid ranges in sector buffer (flash cache) for sector @ 0x0000F000 if necessary
T85DC 002:887.036    -- Filling invalid ranges in sector buffer (flash cache) for sector @ 0x0000F800 if necessary
T85DC 002:887.057    -- Filling invalid ranges in sector buffer (flash cache) for sector @ 0x00010000 if necessary
T85DC 002:887.079    -- Filling invalid ranges in sector buffer (flash cache) for sector @ 0x00010800 if necessary
T85DC 002:887.101    -- Filling invalid ranges in sector buffer (flash cache) for sector @ 0x00011000 if necessary
T85DC 002:887.128    -- Filling invalid ranges in sector buffer (flash cache) for sector @ 0x00011800 if necessary
T85DC 002:887.168    -- End of determining dirty areas
T85DC 002:887.190    -- Start of preparing flash programming
T85DC 002:887.392    -- Calculating RAM usage
T85DC 002:891.140    -- RAM usage = 6356 Bytes
T85DC 002:891.176    -- Preserving CPU registers
T85DC 002:892.374    -- Determining CPU clock frequency
T85DC 002:943.462    -- Preparing target
T85DC 002:950.869    -- Preserving target RAM temporarily used for programming
T85DC 003:025.789    -- Downloading RAMCode
T85DC 003:068.270    -- Preparing RAMCode
T85DC 003:092.714    -- CPU frequency = 8000 kHz
T85DC 003:092.764    -- End of preparing flash programming
T85DC 003:113.448   
  ***** Warning: 
T85DC 003:113.513   CPU is running at low speed (8000 kHz).
T85DC 003:113.529    -- CPU is running at 8000 kHz.
T85DC 003:113.547    -- Start of comparing flash
T85DC 003:113.566    -- CRC check was estimated as fastest method
T85DC 003:191.619    -- Comparing range 0x0000 - 0xFFFF (32 Sectors, 64 KB), using multi-block CRC calculation
T85DC 003:225.363    -- CRC does not match for sectors 0-10
T85DC 003:226.743    -- Comparing range 0x10000 - 0x11FFF (4 Sectors, 8 KB), using multi-block CRC calculation
T85DC 003:236.586    -- CRC does not match for sector 3
T85DC 003:237.227    -- Comparing range 0x5800 - 0x117FF (24 Sectors, 48 KB), using alternative multi-block CRC calculation
T85DC 003:257.090    -- All CRCs match
T85DC 003:257.224    -- End of comparing flash
T85DC 003:257.247    -- Start of erasing sectors
T85DC 003:257.273    -- Erasing range 0x00011800 - 0x00011FFF (  1 Sector, 2 KB)
T85DC 003:263.347    -- End of erasing sectors
T85DC 003:263.414    -- Start of flash programming
T85DC 003:263.433    -- Programming range 0x00000000 - 0x00003FFF (  8 Sectors, 16 KB)
T85DC 003:468.349    -- Programming range 0x00004000 - 0x000057FF (  3 Sectors, 6 KB)
T85DC 003:556.430    -- Programming range 0x00011800 - 0x00011FFF (  1 Sector, 2 KB)
T85DC 003:584.755    -- End of flash programming
T85DC 003:584.820    -- 0x0000 - 0x57FF ( 11 Sectors, 22 KB)
T85DC 003:584.834    -- 0x11800 - 0x11FFF (  1 Sector, 2 KB)
T85DC 003:584.848    -- Start of restoring
T85DC 003:584.862    -- Restoring RAMCode
T85DC 003:647.915    -- Restoring target memory
T85DC 003:712.771    -- Restore target
T85DC 003:716.000    -- Restoring CPU registers
T85DC 003:716.913    -- End of restoring
T85DC 003:716.971    -- Bank 1 @ 0x00000000: 2 ranges affected (24576 bytes)
T85DC 003:717.001    -- Total: 0.829s (Prepare: 0.226s, Compare: 0.143s, Erase: 0.006s, Program & Verify: 0.376s, Restore: 0.076s)
T85DC 003:717.054    -- Program & Verify speed: 63 KB/s
T85DC 003:726.123   HandleAfterFlashProg() start
T85DC 003:726.180    J-Link Script File: Executing HandleAfterFlashProg()
T85DC 003:726.194   HandleAfterFlashProg() end - Took 13us
T85DC 003:726.767 - 847.287ms returns 24576 (0x6000)
T85DC 003:728.612 JLINK_WriteReg(R15 (PC), 0x00000098)
T85DC 003:728.657 - 0.046ms returns 0
T85DC 003:728.672 JLINK_WriteReg(XPSR, 0x01000000)
T85DC 003:728.684 - 0.011ms returns 0
T85DC 003:729.567 JLINK_ResetPullsRESET(ON)
T85DC 003:729.619 - 0.052ms 
T85DC 003:729.633 JLINK_Halt()
T85DC 003:730.370 - 0.736ms returns 0x00
T85DC 003:730.436 JLINK_IsHalted()
T85DC 003:730.460 - 0.024ms returns TRUE
T85DC 003:730.485 JLINK_Reset()
T85DC 003:730.564   CPU_ReadMem(4 bytes @ 0x20004000)
T85DC 003:731.329   CPU_WriteMem(4 bytes @ 0x20004000)
T85DC 003:732.145   JLINK_GetResetTypeDesc
T85DC 003:732.187   - 0.041ms 
T85DC 003:732.206   Reset type: CONNECT UNDER RESET (https://wiki.segger.com/J-Link_Reset_Strategies)
T85DC 003:732.221   CPU_WriteMem(4 bytes @ 0xE000EDF0)
T85DC 003:733.132   CPU_ReadMem(4 bytes @ 0xE000ED44)
T85DC 003:734.041   CPU_WriteMem(4 bytes @ 0xE000EDFC)
T85DC 003:735.122   Reset: Halt core after reset via DEMCR.VC_CORERESET.
T85DC 003:736.278   Reset: Reset device via AIRCR.SYSRESETREQ.
T85DC 003:736.397   CPU_WriteMem(4 bytes @ 0xE000ED0C)
T85DC 003:791.324   CPU_ReadMem(4 bytes @ 0xE000EDF0)
T85DC 003:792.284   CPU_ReadMem(4 bytes @ 0xE000EDF0)
T85DC 003:793.119   CPU_WriteMem(4 bytes @ 0xE000EDFC)
T85DC 003:799.900   CPU_ReadMem(4 bytes @ 0xE000EDF0)
T85DC 003:806.511   CPU_WriteMem(4 bytes @ 0xE0002000)
T85DC 003:807.801   CPU_ReadMem(4 bytes @ 0xE000EDFC)
T85DC 003:808.625   CPU_ReadMem(4 bytes @ 0xE0001000)
T85DC 003:809.466   CPU_WriteMem(4 bytes @ 0xE0001000)
T85DC 003:810.351   CPU_ReadMem(4 bytes @ 0xE000EE08)
T85DC 003:811.162 - 80.677ms 
T85DC 003:811.192 JLINK_SetEndian(ARM_ENDIAN_LITTLE)
T85DC 003:811.204 - 0.011ms returns 0
T85DC 003:828.945 JLINK_ReadMem(0x00000098, 0x4 Bytes, ...)
T85DC 003:829.000    -- Read from flash cache (4 bytes @ 0x00000098)
T85DC 003:829.018   Data:  80 B5 00 AF
T85DC 003:829.036 - 0.090ms returns 0
T85DC 003:841.893 JLINK_ReadMem(0x00000098, 0x4 Bytes, ...)
T85DC 003:842.035    -- Read from flash cache (4 bytes @ 0x00000098)
T85DC 003:842.059   Data:  80 B5 00 AF
T85DC 003:842.082 - 0.190ms returns 0
T85DC 003:989.524 JLINK_GetNumBPUnits(Type = 0xFFFFFF00)
T85DC 003:989.578 - 0.054ms returns 0x04
T85DC 003:989.593 JLINK_GetNumWPUnits()
T85DC 003:989.606 - 0.012ms returns 2
T85DC 003:989.620 JLINK_GetNumWPUnits()
T85DC 003:989.632 - 0.012ms returns 2
T85DC 003:989.658 JLINK_GetNumBPUnits(Type = 0xFFFFFF00)
T85DC 003:989.670 - 0.012ms returns 0x04
T85DC 003:989.691 JLINK_GetNumWPUnits()
T85DC 003:989.703 - 0.012ms returns 2
T85DC 003:989.716 JLINK_GetNumWPUnits()
T85DC 003:989.729 - 0.012ms returns 2
T85DC 003:989.746 JLINK_GetNumBPUnits(Type = 0xFFFFFF00)
T85DC 003:989.758 - 0.012ms returns 0x04
T85DC 003:989.771 JLINK_GetNumWPUnits()
T85DC 003:989.783 - 0.012ms returns 2
T85DC 003:989.796 JLINK_GetNumWPUnits()
T85DC 003:989.810 - 0.013ms returns 2
T85DC 003:990.313 JLINK_SetBPEx(Addr = 0x000049F4, Type = 0xFFFFFF00)
T85DC 003:990.373 - 0.061ms returns 0x00000001
T85DC 003:990.398 JLINK_ClrBPEx(BPHandle = 0x00000001)
T85DC 003:990.412 - 0.014ms returns 0x00
T85DC 004:013.257 JLINK_ReadMem(0x000049F8, 0x2 Bytes, ...)
T85DC 004:013.311    -- Read from flash cache (2 bytes @ 0x000049F8)
T85DC 004:013.329   Data:  FF F7
T85DC 004:013.347 - 0.090ms returns 0
T85DC 004:013.531 JLINK_ReadMem(0x00000936, 0x2 Bytes, ...)
T85DC 004:013.549    -- Read from flash cache (2 bytes @ 0x00000936)
T85DC 004:013.565   Data:  FF F7
T85DC 004:013.582 - 0.050ms returns 0
T85DC 004:014.017 JLINK_SetBPEx(Addr = 0x00000936, Type = 0xFFFFFF00)
T85DC 004:014.062 - 0.045ms returns 0x00000002
T85DC 004:014.452 JLINK_ClrBPEx(BPHandle = 0x00000002)
T85DC 004:014.486 - 0.034ms returns 0x00
T85DC 004:014.502 JLINK_SetBPEx(Addr = 0x00000936, Type = 0xFFFFFF00)
T85DC 004:014.514 - 0.012ms returns 0x00000003
T85DC 004:014.527 JLINK_SetBPEx(Addr = 0x000049F8, Type = 0xFFFFFF00)
T85DC 004:014.538 - 0.011ms returns 0x00000004
T85DC 004:145.798 JLINK_ReadRegs(NumRegs = 22)
T85DC 004:145.879   CPU_ReadMem(4 bytes @ 0xE000EE08)
T85DC 004:146.898   
  R0 (0)        = 0x3FFF               R1 (1)        = 0x40044200           R2 (2)        = 0x00                 R3 (3)        = 0x11800           
  R4 (4)        = 0x200047D4           R5 (5)        = 0x200047F4           R6 (6)        = 0x200047F4           R7 (7)        = 0x20005BE8        
  R8 (8)        = 0x92F2ACAF           R9 (9)        = 0x19D1294F           R10 (10)      = 0xC90B0B18           R11 (11)      = 0x8AEB5E17        
  R12 (12)      = 0x20004758           R13 (SP) (13) = 0x20004CC0           R14 (14)      = 0x2000432F           R15 (PC) (15) = 0x98              
  XPSR (16)     = 0x61000000           MSP (17)      = 0x20004CC0           PSP (18)      = 0xEADD0D1C           MSPLIM (86)   = 0x00              
  PSPLIM (87)   = 0x00                 CFBP (20)     = 0x00              
T85DC 004:146.971 - 1.173ms returns 0x00
T85DC 004:148.662 JLINK_ReadMem(0x00000098, 0x4 Bytes, ...)
T85DC 004:148.753    -- Read from flash cache (4 bytes @ 0x00000098)
T85DC 004:148.788   Data:  80 B5 00 AF
T85DC 004:148.826 - 0.164ms returns 0
T87A8 004:187.222 JLINK_GetNumBPUnits(Type = 0xFFFFFF00)
T87A8 004:187.279 - 0.058ms returns 0x04
T87A8 004:187.295 JLINK_GetNumWPUnits()
T87A8 004:187.308 - 0.013ms returns 2
T87A8 004:187.323 JLINK_GetNumWPUnits()
T87A8 004:187.336 - 0.013ms returns 2
T87A8 004:187.809 JLINK_GetNumBPUnits(Type = 0xFFFFFF00)
T87A8 004:187.842 - 0.033ms returns 0x04
T87A8 004:187.858 JLINK_GetNumWPUnits()
T87A8 004:187.871 - 0.013ms returns 2
T87A8 004:187.885 JLINK_GetNumWPUnits()
T87A8 004:187.898 - 0.013ms returns 2
T87A8 004:188.281 JLINK_GetNumBPUnits(Type = 0xFFFFFF00)
T87A8 004:188.318 - 0.037ms returns 0x04
T87A8 004:188.333 JLINK_GetNumWPUnits()
T87A8 004:188.347 - 0.013ms returns 2
T87A8 004:188.361 JLINK_GetNumWPUnits()
T87A8 004:188.374 - 0.012ms returns 2
T87A8 004:188.659 JLINK_GetNumBPUnits(Type = 0xFFFFFF00)
T87A8 004:188.682 - 0.023ms returns 0x04
T87A8 004:188.696 JLINK_GetNumWPUnits()
T87A8 004:188.710 - 0.012ms returns 2
T87A8 004:188.724 JLINK_GetNumWPUnits()
T87A8 004:188.737 - 0.013ms returns 2
T87A8 004:188.961 JLINK_GetNumBPUnits(Type = 0xFFFFFF00)
T87A8 004:188.982 - 0.020ms returns 0x04
T87A8 004:188.998 JLINK_GetNumWPUnits()
T87A8 004:189.012 - 0.013ms returns 2
T87A8 004:189.026 JLINK_GetNumWPUnits()
T87A8 004:189.040 - 0.013ms returns 2
T87A8 004:189.401 JLINK_GetNumBPUnits(Type = 0xFFFFFF00)
T87A8 004:189.443 - 0.041ms returns 0x04
T87A8 004:189.533 JLINK_GetNumWPUnits()
T87A8 004:189.550 - 0.016ms returns 2
T87A8 004:189.564 JLINK_GetNumWPUnits()
T87A8 004:189.576 - 0.012ms returns 2
T87A8 004:190.263 JLINK_GetNumBPUnits(Type = 0xFFFFFF00)
T87A8 004:190.325 - 0.062ms returns 0x04
T87A8 004:190.351 JLINK_GetNumWPUnits()
T87A8 004:190.374 - 0.022ms returns 2
T87A8 004:190.399 JLINK_GetNumWPUnits()
T87A8 004:190.420 - 0.021ms returns 2
T87A8 004:191.535 JLINK_GetNumBPUnits(Type = 0xFFFFFF00)
T87A8 004:191.584 - 0.050ms returns 0x04
T87A8 004:191.600 JLINK_GetNumWPUnits()
T87A8 004:191.614 - 0.013ms returns 2
T87A8 004:191.631 JLINK_GetNumWPUnits()
T87A8 004:191.643 - 0.012ms returns 2
T85DC 008:637.486 JLINK_ReadMem(0x00000098, 0x4 Bytes, ...)
T85DC 008:637.577    -- Read from flash cache (4 bytes @ 0x00000098)
T85DC 008:637.603   Data:  80 B5 00 AF
T85DC 008:637.629 - 0.143ms returns 0
T85DC 008:657.665 JLINK_ReadMem(0x2000432E, 0x4 Bytes, ...)
T85DC 008:657.739   CPU_ReadMem(64 bytes @ 0x20004300)
T85DC 008:659.399    -- Updating C cache (64 bytes @ 0x20004300)
T85DC 008:659.447    -- Read from C cache (4 bytes @ 0x2000432E)
T85DC 008:659.470   Data:  08 80 A6 6A
T85DC 008:659.494 - 1.830ms returns 0
T85DC 008:659.983 JLINK_ReadMem(0x20005BC0, 0x40 Bytes, ...)
T85DC 008:660.030   CPU_ReadMem(64 bytes @ 0x20005BC0)
T85DC 008:661.694    -- Updating C cache (64 bytes @ 0x20005BC0)
T85DC 008:661.730    -- Read from C cache (64 bytes @ 0x20005BC0)
T85DC 008:661.751   Data:  E8 5B 00 20 A7 49 00 00 D8 5B 00 20 40 00 00 00 ...
T85DC 008:661.773 - 1.790ms returns 0
T85DC 008:662.174 JLINK_ReadMem(0x000049FC, 0x4 Bytes, ...)
T85DC 008:662.202    -- Read from flash cache (4 bytes @ 0x000049FC)
T85DC 008:662.225   Data:  00 20 80 BD
T85DC 008:662.246 - 0.071ms returns 0
T85DC 019:473.662 JLINK_STRACE_Read(..., NumItems = 0x10000)
T85DC 019:474.222   Initializing trace type buffer with configured Coresight trace components (* indicates set/detected address):
T85DC 019:474.272     TF:   0x00000000
T85DC 019:474.292     TMC:  0x00000000
T85DC 019:474.310     ETB:  0x00000000
T85DC 019:474.548    *MTB:  0x40019000
T85DC 019:474.588     TPIU: 0x00000000
T85DC 019:474.598     ETM:  0x00000000
T85DC 019:474.608     STM:  0x00000000
T85DC 019:474.620     PTM:  0x00000000
T85DC 019:475.330 - 1.668ms NumItemsRead = 0x00
T85DC 019:475.374 JLINK_IsHalted()
T85DC 019:476.146 - 0.770ms returns TRUE
T85DC 019:476.186 JLINK_STRACE_Read(..., NumItems = 0x10000)
T85DC 019:476.198 - 0.013ms NumItemsRead = 0x00
T85DC 019:476.212 JLINK_GoEx(MaxEmulInsts = 0, Flags = 0x01)
T85DC 019:476.236   CPU_WriteMem(4 bytes @ 0xE0002000)
T85DC 019:477.126   CPU_WriteMem(4 bytes @ 0xE0002000)
T85DC 019:477.914   CPU_ReadMem(4 bytes @ 0xE0001000)
T85DC 019:478.756   CPU_WriteMem(4 bytes @ 0xE0001000)
T85DC 019:479.668   CPU_WriteMem(4 bytes @ 0xE0002008)
T85DC 019:479.706   CPU_WriteMem(4 bytes @ 0xE000200C)
T85DC 019:479.722   CPU_WriteMem(4 bytes @ 0xE0002010)
T85DC 019:479.736   CPU_WriteMem(4 bytes @ 0xE0002014)
T85DC 019:482.008   CPU_WriteMem(4 bytes @ 0xE0001004)
T85DC 019:484.570   Memory map 'after startup completion point' is active
T85DC 019:484.712 - 8.495ms 
T85DC 019:581.636 JLINK_IsHalted()
T85DC 019:587.600 - 5.963ms returns TRUE
T85DC 019:587.648 JLINK_ReadReg(XPSR)
T85DC 019:587.666   CPU_ReadMem(4 bytes @ 0xE000EE08)
T85DC 019:588.628 - 0.978ms returns 0x61000000
T85DC 019:588.660 JLINK_ReadReg(R15 (PC))
T85DC 019:588.674 - 0.014ms returns 0x00000936
T85DC 019:588.690 JLINK_ReadReg(XPSR)
T85DC 019:588.700 - 0.011ms returns 0x61000000
T85DC 019:588.714 JLINK_ReadReg(XPSR)
T85DC 019:588.724 - 0.010ms returns 0x61000000
T85DC 019:588.736 JLINK_ReadReg(R15 (PC))
T85DC 019:588.748 - 0.011ms returns 0x00000936
T85DC 019:588.760 JLINK_ReadReg(XPSR)
T85DC 019:588.770 - 0.010ms returns 0x61000000
T85DC 019:588.780 JLINK_ReadReg(XPSR)
T85DC 019:588.792 - 0.010ms returns 0x61000000
T85DC 019:588.804 JLINK_ReadMem(0x00000936, 0x1 Bytes, ...)
T85DC 019:588.820    -- Read from flash cache (1 bytes @ 0x00000936)
T85DC 019:588.844   Data:  FF
T85DC 019:588.860 - 0.054ms returns 0
T85DC 019:588.872 JLINK_IsHalted()
T85DC 019:588.884 - 0.010ms returns TRUE
T85DC 019:588.894 JLINK_ReadReg(XPSR)
T85DC 019:588.906 - 0.010ms returns 0x61000000
T85DC 019:588.916 JLINK_ReadReg(XPSR)
T85DC 019:588.926 - 0.010ms returns 0x61000000
T85DC 019:588.940 JLINK_ReadReg(R15 (PC))
T85DC 019:588.948 - 0.010ms returns 0x00000936
T85DC 019:588.960 JLINK_ReadReg(XPSR)
T85DC 019:588.972 - 0.010ms returns 0x61000000
T85DC 019:588.982 JLINK_ReadReg(XPSR)
T85DC 019:588.994 - 0.010ms returns 0x61000000
T85DC 019:589.004 JLINK_ReadMem(0x00000936, 0x1 Bytes, ...)
T85DC 019:589.016    -- Read from flash cache (1 bytes @ 0x00000936)
T85DC 019:589.030   Data:  FF
T85DC 019:589.044 - 0.040ms returns 0
T85DC 019:589.118 JLINK_IsHalted()
T85DC 019:589.130 - 0.011ms returns TRUE
T85DC 019:589.140 JLINK_ReadReg(XPSR)
T85DC 019:589.150 - 0.010ms returns 0x61000000
T85DC 019:589.162 JLINK_ReadReg(R15 (PC))
T85DC 019:589.174 - 0.012ms returns 0x00000936
T85DC 019:589.188 JLINK_ReadReg(XPSR)
T85DC 019:589.204 - 0.013ms returns 0x61000000
T85DC 019:589.216 JLINK_ReadReg(XPSR)
T85DC 019:589.228 - 0.011ms returns 0x61000000
T85DC 019:589.238 JLINK_ReadReg(R15 (PC))
T85DC 019:589.250 - 0.010ms returns 0x00000936
T85DC 019:589.260 JLINK_ReadReg(XPSR)
T85DC 019:589.272 - 0.010ms returns 0x61000000
T85DC 019:589.284 JLINK_ReadReg(XPSR)
T85DC 019:589.294 - 0.010ms returns 0x61000000
T85DC 019:589.306 JLINK_ReadMem(0x00000936, 0x1 Bytes, ...)
T85DC 019:589.316    -- Read from flash cache (1 bytes @ 0x00000936)
T85DC 019:589.332   Data:  FF
T85DC 019:589.348 - 0.041ms returns 0
T85DC 019:589.358 JLINK_IsHalted()
T85DC 019:589.370 - 0.010ms returns TRUE
T85DC 019:589.380 JLINK_ReadReg(XPSR)
T85DC 019:589.392 - 0.011ms returns 0x61000000
T85DC 019:589.404 JLINK_ReadReg(XPSR)
T85DC 019:589.414 - 0.010ms returns 0x61000000
T85DC 019:589.426 JLINK_ReadReg(R15 (PC))
T85DC 019:589.450 - 0.023ms returns 0x00000936
T85DC 019:589.464 JLINK_ReadReg(XPSR)
T85DC 019:589.476 - 0.010ms returns 0x61000000
T85DC 019:589.486 JLINK_ReadReg(XPSR)
T85DC 019:589.500 - 0.013ms returns 0x61000000
T85DC 019:589.512 JLINK_ReadMem(0x00000936, 0x1 Bytes, ...)
T85DC 019:589.524    -- Read from flash cache (1 bytes @ 0x00000936)
T85DC 019:589.540   Data:  FF
T85DC 019:589.554 - 0.041ms returns 0
T85DC 019:590.190 JLINK_ReadRegs(NumRegs = 22)
T85DC 019:590.252   
  R0 (0)        = 0x00                 R1 (1)        = 0xA1                 R2 (2)        = 0x00                 R3 (3)        = 0x11800           
  R4 (4)        = 0x200047D4           R5 (5)        = 0x200047F4           R6 (6)        = 0x200047F4           R7 (7)        = 0x20004CB0        
  R8 (8)        = 0x92F2ACAF           R9 (9)        = 0x19D1294F           R10 (10)      = 0xC90B0B18           R11 (11)      = 0x8AEB5E17        
  R12 (12)      = 0x20004758           R13 (SP) (13) = 0x20004CB0           R14 (14)      = 0xA5                 R15 (PC) (15) = 0x936             
  XPSR (16)     = 0x61000000           MSP (17)      = 0x20004CB0           PSP (18)      = 0xEADD0D1C           MSPLIM (86)   = 0x00              
  PSPLIM (87)   = 0x00                 CFBP (20)     = 0x00              
T85DC 019:590.268 - 0.080ms returns 0x00
T85DC 019:591.404 JLINK_ReadMem(0x00000936, 0x4 Bytes, ...)
T85DC 019:591.452    -- Read from flash cache (4 bytes @ 0x00000936)
T85DC 019:591.472   Data:  FF F7 F9 FF
T85DC 019:591.488 - 0.084ms returns 0
T85DC 019:594.310 JLINK_ClrBPEx(BPHandle = 0x00000003)
T85DC 019:594.360 - 0.049ms returns 0x00
T85DC 019:594.372 JLINK_ClrBPEx(BPHandle = 0x00000004)
T85DC 019:594.384 - 0.010ms returns 0x00
T85DC 019:594.398 JLINK_SetBPEx(Addr = 0x000049F8, Type = 0xFFFFFF00)
T85DC 019:594.412 - 0.012ms returns 0x00000005
T85DC 019:594.796 JLINK_ClrBPEx(BPHandle = 0x00000005)
T85DC 019:594.870 - 0.073ms returns 0x00
T85DC 019:627.166 JLINK_ReadMem(0x00000936, 0x4 Bytes, ...)
T85DC 019:627.218    -- Read from flash cache (4 bytes @ 0x00000936)
T85DC 019:627.240   Data:  FF F7 F9 FF
T85DC 019:627.260 - 0.095ms returns 0
T85DC 019:627.588 JLINK_ReadMem(0x20004C80, 0x40 Bytes, ...)
T85DC 019:627.620   CPU_ReadMem(64 bytes @ 0x20004C80)
T85DC 019:629.270    -- Updating C cache (64 bytes @ 0x20004C80)
T85DC 019:629.324    -- Read from C cache (64 bytes @ 0x20004C80)
T85DC 019:629.340   Data:  94 54 00 20 31 09 00 00 98 4C 00 20 F9 33 00 00 ...
T85DC 019:629.358 - 1.771ms returns 0
T85DC 019:629.856 JLINK_ReadMem(0x000000A4, 0x4 Bytes, ...)
T85DC 019:629.882    -- Read from flash cache (4 bytes @ 0x000000A4)
T85DC 019:629.898   Data:  FE E7 D4 D4
T85DC 019:629.914 - 0.057ms returns 0
T85DC 019:630.132 JLINK_ReadMem(0x2000432E, 0x4 Bytes, ...)
T85DC 019:630.156   CPU_ReadMem(64 bytes @ 0x20004300)
T85DC 019:631.716    -- Updating C cache (64 bytes @ 0x20004300)
T85DC 019:631.760    -- Read from C cache (4 bytes @ 0x2000432E)
T85DC 019:631.776   Data:  08 80 A6 6A
T85DC 019:631.794 - 1.659ms returns 0
T85DC 019:632.128 JLINK_ReadMem(0x20005BC0, 0x40 Bytes, ...)
T85DC 019:632.156   CPU_ReadMem(64 bytes @ 0x20005BC0)
T85DC 019:633.770    -- Updating C cache (64 bytes @ 0x20005BC0)
T85DC 019:633.814    -- Read from C cache (64 bytes @ 0x20005BC0)
T85DC 019:633.830   Data:  E8 5B 00 20 A7 49 00 00 D8 5B 00 20 40 00 00 00 ...
T85DC 019:633.846 - 1.718ms returns 0
T85DC 019:634.432 JLINK_ReadMem(0x000049FC, 0x4 Bytes, ...)
T85DC 019:634.470    -- Read from flash cache (4 bytes @ 0x000049FC)
T85DC 019:634.486   Data:  00 20 80 BD
T85DC 019:634.502 - 0.069ms returns 0
T85DC 020:414.948 JLINK_STRACE_Read(..., NumItems = 0x10000)
T85DC 020:415.042 - 0.091ms NumItemsRead = 0x00
T85DC 020:415.076 JLINK_IsHalted()
T85DC 020:415.972 - 0.894ms returns TRUE
T85DC 020:416.044 JLINK_STRACE_Read(..., NumItems = 0x10000)
T85DC 020:416.068 - 0.026ms NumItemsRead = 0x00
T85DC 020:416.098 JLINK_GoEx(MaxEmulInsts = 0, Flags = 0x01)
T85DC 020:416.168   CPU_ReadMem(4 bytes @ 0xE0001000)
T85DC 020:417.136   CPU_WriteMem(4 bytes @ 0xE0002008)
T85DC 020:417.196   CPU_WriteMem(4 bytes @ 0xE000200C)
T85DC 020:419.922 - 3.821ms 
T85DC 020:519.356 JLINK_IsHalted()
T85DC 020:520.684 - 1.330ms returns FALSE
T85DC 020:520.778 JLINK_IsHalted()
T85DC 020:521.588 - 0.807ms returns FALSE
T85DC 020:628.212 JLINK_IsHalted()
T85DC 020:629.134 - 0.919ms returns FALSE
T85DC 020:629.156 JLINK_IsHalted()
T85DC 020:629.844 - 0.686ms returns FALSE
T85DC 020:738.108 JLINK_IsHalted()
T85DC 020:739.076 - 0.966ms returns FALSE
T85DC 020:739.096 JLINK_IsHalted()
T85DC 020:739.780 - 0.683ms returns FALSE
T85DC 020:847.124 JLINK_IsHalted()
T85DC 020:848.200 - 1.076ms returns FALSE
T85DC 020:848.242 JLINK_IsHalted()
T85DC 020:849.092 - 0.849ms returns FALSE
T85DC 020:956.076 JLINK_IsHalted()
T85DC 020:956.980 - 0.902ms returns FALSE
T85DC 020:957.044 JLINK_IsHalted()
T85DC 020:957.924 - 0.881ms returns FALSE
T85DC 021:066.092 JLINK_IsHalted()
T85DC 021:066.978 - 0.888ms returns FALSE
T85DC 021:066.998 JLINK_IsHalted()
T85DC 021:067.738 - 0.738ms returns FALSE
T85DC 021:175.172 JLINK_IsHalted()
T85DC 021:176.194 - 1.021ms returns FALSE
T85DC 021:176.238 JLINK_IsHalted()
T85DC 021:176.964 - 0.726ms returns FALSE
T85DC 021:285.108 JLINK_IsHalted()
T85DC 021:286.218 - 1.109ms returns FALSE
T85DC 021:286.236 JLINK_IsHalted()
T85DC 021:287.202 - 0.965ms returns FALSE
T85DC 021:394.066 JLINK_IsHalted()
T85DC 021:394.966 - 0.900ms returns FALSE
T85DC 021:394.986 JLINK_IsHalted()
T85DC 021:395.664 - 0.676ms returns FALSE
T85DC 021:503.254 JLINK_IsHalted()
T85DC 021:504.532 - 1.276ms returns FALSE
T85DC 021:504.564 JLINK_IsHalted()
T85DC 021:505.756 - 1.194ms returns FALSE
T87A8 021:596.820 JLINK_IsHalted()
T87A8 021:598.020 - 1.201ms returns FALSE
T87A8 021:598.052 JLINK_IsHalted()
T87A8 021:599.242 - 1.188ms returns FALSE
T87A8 021:599.734 JLINK_IsHalted()
T87A8 021:600.732 - 0.997ms returns FALSE
T87A8 021:600.796 JLINK_IsHalted()
T87A8 021:601.876 - 1.076ms returns FALSE
T85DC 021:613.152 JLINK_IsHalted()
T85DC 021:614.180 - 1.027ms returns FALSE
T85DC 021:614.218 JLINK_IsHalted()
T85DC 021:615.104 - 0.885ms returns FALSE
T85DC 021:722.138 JLINK_IsHalted()
T85DC 021:723.100 - 0.960ms returns FALSE
T85DC 021:723.118 JLINK_IsHalted()
T85DC 021:724.092 - 0.971ms returns FALSE
T85DC 021:831.204 JLINK_IsHalted()
T85DC 021:832.264 - 1.057ms returns FALSE
T85DC 021:832.292 JLINK_IsHalted()
T85DC 021:833.232 - 0.937ms returns FALSE
T85DC 021:941.228 JLINK_IsHalted()
T85DC 021:942.614 - 1.384ms returns FALSE
T85DC 021:942.646 JLINK_IsHalted()
T85DC 021:943.828 - 1.181ms returns FALSE
T85DC 022:050.348 JLINK_IsHalted()
T85DC 022:051.690 - 1.341ms returns FALSE
T85DC 022:051.718 JLINK_IsHalted()
T85DC 022:052.950 - 1.232ms returns FALSE
T85DC 022:160.188 JLINK_IsHalted()
T85DC 022:161.166 - 0.975ms returns FALSE
T85DC 022:161.200 JLINK_IsHalted()
T85DC 022:162.064 - 0.863ms returns FALSE
T85DC 022:234.634 JLINK_IsHalted()
T85DC 022:235.404 - 0.767ms returns FALSE
T85DC 022:235.458 JLINK_IsHalted()
T85DC 022:236.190 - 0.732ms returns FALSE
T85DC 022:236.232 JLINK_IsHalted()
T85DC 022:236.972 - 0.739ms returns FALSE
T85DC 022:237.018 JLINK_IsHalted()
T85DC 022:237.804 - 0.786ms returns FALSE
T85DC 022:237.842 JLINK_Halt()
T85DC 022:243.208 - 5.364ms returns 0x00
T85DC 022:243.256 JLINK_IsHalted()
T85DC 022:243.268 - 0.012ms returns TRUE
T85DC 022:243.282 JLINK_ReadReg(XPSR)
T85DC 022:243.298   CPU_ReadMem(4 bytes @ 0xE000EE08)
T85DC 022:244.246 - 0.964ms returns 0x21000000
T85DC 022:244.268 JLINK_ReadReg(R15 (PC))
T85DC 022:244.280 - 0.012ms returns 0x00004C24
T85DC 022:244.292 JLINK_ReadReg(XPSR)
T85DC 022:244.304 - 0.010ms returns 0x21000000
T85DC 022:244.316 JLINK_ReadReg(XPSR)
T85DC 022:244.326 - 0.010ms returns 0x21000000
T85DC 022:244.338 JLINK_ReadReg(R15 (PC))
T85DC 022:244.348 - 0.010ms returns 0x00004C24
T85DC 022:244.360 JLINK_ReadReg(XPSR)
T85DC 022:244.372 - 0.011ms returns 0x21000000
T85DC 022:244.384 JLINK_ReadReg(XPSR)
T85DC 022:244.394 - 0.011ms returns 0x21000000
T85DC 022:244.406 JLINK_ReadMem(0x00004C24, 0x1 Bytes, ...)
T85DC 022:244.420    -- Read from flash cache (1 bytes @ 0x00004C24)
T85DC 022:244.436   Data:  01
T85DC 022:244.450 - 0.043ms returns 0
T85DC 022:244.460 JLINK_IsHalted()
T85DC 022:244.472 - 0.010ms returns TRUE
T85DC 022:244.484 JLINK_ReadReg(XPSR)
T85DC 022:244.494 - 0.010ms returns 0x21000000
T85DC 022:244.506 JLINK_ReadReg(XPSR)
T85DC 022:244.516 - 0.010ms returns 0x21000000
T85DC 022:244.526 JLINK_ReadReg(R15 (PC))
T85DC 022:244.538 - 0.010ms returns 0x00004C24
T85DC 022:244.548 JLINK_ReadReg(XPSR)
T85DC 022:244.558 - 0.010ms returns 0x21000000
T85DC 022:244.570 JLINK_ReadReg(XPSR)
T85DC 022:244.580 - 0.010ms returns 0x21000000
T85DC 022:244.592 JLINK_ReadMem(0x00004C24, 0x1 Bytes, ...)
T85DC 022:244.602    -- Read from flash cache (1 bytes @ 0x00004C24)
T85DC 022:244.618   Data:  01
T85DC 022:244.632 - 0.039ms returns 0
T85DC 022:244.658 JLINK_IsHalted()
T85DC 022:244.668 - 0.010ms returns TRUE
T85DC 022:244.678 JLINK_ReadReg(XPSR)
T85DC 022:244.690 - 0.010ms returns 0x21000000
T85DC 022:244.700 JLINK_ReadReg(R15 (PC))
T85DC 022:244.710 - 0.010ms returns 0x00004C24
T85DC 022:244.724 JLINK_ReadReg(XPSR)
T85DC 022:244.732 - 0.010ms returns 0x21000000
T85DC 022:244.744 JLINK_ReadReg(XPSR)
T85DC 022:244.756 - 0.010ms returns 0x21000000
T85DC 022:244.766 JLINK_ReadReg(R15 (PC))
T85DC 022:244.776 - 0.010ms returns 0x00004C24
T85DC 022:244.788 JLINK_ReadReg(XPSR)
T85DC 022:244.798 - 0.010ms returns 0x21000000
T85DC 022:244.810 JLINK_ReadReg(XPSR)
T85DC 022:244.820 - 0.010ms returns 0x21000000
T85DC 022:244.832 JLINK_ReadMem(0x00004C24, 0x1 Bytes, ...)
T85DC 022:244.842    -- Read from flash cache (1 bytes @ 0x00004C24)
T85DC 022:244.856   Data:  01
T85DC 022:244.872 - 0.040ms returns 0
T85DC 022:244.884 JLINK_IsHalted()
T85DC 022:244.892 - 0.010ms returns TRUE
T85DC 022:244.904 JLINK_ReadReg(XPSR)
T85DC 022:244.916 - 0.010ms returns 0x21000000
T85DC 022:244.926 JLINK_ReadReg(XPSR)
T85DC 022:244.936 - 0.010ms returns 0x21000000
T85DC 022:244.948 JLINK_ReadReg(R15 (PC))
T85DC 022:244.970 - 0.021ms returns 0x00004C24
T85DC 022:244.980 JLINK_ReadReg(XPSR)
T85DC 022:244.992 - 0.010ms returns 0x21000000
T85DC 022:245.004 JLINK_ReadReg(XPSR)
T85DC 022:245.012 - 0.010ms returns 0x21000000
T85DC 022:245.024 JLINK_ReadMem(0x00004C24, 0x1 Bytes, ...)
T85DC 022:245.036    -- Read from flash cache (1 bytes @ 0x00004C24)
T85DC 022:245.050   Data:  01
T85DC 022:245.064 - 0.040ms returns 0
T85DC 022:245.828 JLINK_ReadRegs(NumRegs = 22)
T85DC 022:245.884   
  R0 (0)        = 0x733D2              R1 (1)        = 0x49A7               R2 (2)        = 0x7A120              R3 (3)        = 0x06              
  R4 (4)        = 0xFFFE3FFA           R5 (5)        = 0x06                 R6 (6)        = 0x40040800           R7 (7)        = 0x20005BE8        
  R8 (8)        = 0x92F2ACAF           R9 (9)        = 0x19D1294F           R10 (10)      = 0xC90B0B18           R11 (11)      = 0x8AEB5E17        
  R12 (12)      = 0x20004974           R13 (SP) (13) = 0x20005BC8           R14 (14)      = 0x49A7               R15 (PC) (15) = 0x4C24            
  XPSR (16)     = 0x21000000           MSP (17)      = 0x20005BC8           PSP (18)      = 0xEADD0D1C           MSPLIM (86)   = 0x00              
  PSPLIM (87)   = 0x00                 CFBP (20)     = 0x00              
T85DC 022:245.902 - 0.074ms returns 0x00
T85DC 022:246.676 JLINK_ReadMem(0x00004C24, 0x4 Bytes, ...)
T85DC 022:246.698    -- Read from flash cache (4 bytes @ 0x00004C24)
T85DC 022:246.716   Data:  01 38 00 28
T85DC 022:246.730 - 0.054ms returns 0
T85DC 022:266.708 JLINK_ReadMem(0x00004C24, 0x4 Bytes, ...)
T85DC 022:266.758    -- Read from flash cache (4 bytes @ 0x00004C24)
T85DC 022:266.774   Data:  01 38 00 28
T85DC 022:266.792 - 0.084ms returns 0
T85DC 022:268.258 JLINK_ReadMem(0x000049A6, 0x4 Bytes, ...)
T85DC 022:268.312    -- Read from flash cache (4 bytes @ 0x000049A6)
T85DC 022:268.330   Data:  06 99 07 98
T85DC 022:268.348 - 0.090ms returns 0
T85DC 022:268.620 JLINK_ReadMem(0x20005BC0, 0x40 Bytes, ...)
T85DC 022:268.666   CPU_ReadMem(64 bytes @ 0x20005BC0)
T85DC 022:270.222    -- Updating C cache (64 bytes @ 0x20005BC0)
T85DC 022:270.266    -- Read from C cache (64 bytes @ 0x20005BC0)
T85DC 022:270.282   Data:  E8 5B 00 20 A7 49 00 00 D8 5B 00 20 40 00 00 00 ...
T85DC 022:270.298 - 1.680ms returns 0
T85DC 022:270.788 JLINK_ReadMem(0x000049FC, 0x4 Bytes, ...)
T85DC 022:270.820    -- Read from flash cache (4 bytes @ 0x000049FC)
T85DC 022:270.836   Data:  00 20 80 BD
T85DC 022:270.852 - 0.064ms returns 0
T87A8 023:251.678 JLINK_IsHalted()
T87A8 023:252.642 - 0.963ms returns TRUE
T87A8 023:252.662 JLINK_ReadReg(XPSR)
T87A8 023:252.684 - 0.021ms returns 0x21000000
T87A8 023:252.778 JLINK_ReadReg(R15 (PC))
T87A8 023:252.794 - 0.016ms returns 0x00004C24
T87A8 023:252.808 JLINK_ReadReg(XPSR)
T87A8 023:252.820 - 0.011ms returns 0x21000000
T87A8 023:252.832 JLINK_ReadReg(XPSR)
T87A8 023:252.844 - 0.011ms returns 0x21000000
T87A8 023:252.854 JLINK_ReadReg(R15 (PC))
T87A8 023:252.868 - 0.011ms returns 0x00004C24
T87A8 023:252.878 JLINK_ReadReg(XPSR)
T87A8 023:252.890 - 0.011ms returns 0x21000000
T87A8 023:252.902 JLINK_ReadReg(XPSR)
T87A8 023:252.914 - 0.011ms returns 0x21000000
T87A8 023:252.926 JLINK_ReadMem(0x00004C24, 0x1 Bytes, ...)
T87A8 023:252.940    -- Read from flash cache (1 bytes @ 0x00004C24)
T87A8 023:252.956   Data:  01
T87A8 023:252.972 - 0.046ms returns 0
T87A8 023:252.986 JLINK_IsHalted()
T87A8 023:252.996 - 0.010ms returns TRUE
T87A8 023:253.008 JLINK_ReadReg(XPSR)
T87A8 023:253.020 - 0.011ms returns 0x21000000
T87A8 023:253.032 JLINK_ReadReg(XPSR)
T87A8 023:253.044 - 0.011ms returns 0x21000000
T87A8 023:253.054 JLINK_ReadReg(R15 (PC))
T87A8 023:253.066 - 0.011ms returns 0x00004C24
T87A8 023:253.078 JLINK_ReadReg(XPSR)
T87A8 023:253.092 - 0.011ms returns 0x21000000
T87A8 023:253.102 JLINK_ReadReg(XPSR)
T87A8 023:253.114 - 0.011ms returns 0x21000000
T87A8 023:253.126 JLINK_ReadMem(0x00004C24, 0x1 Bytes, ...)
T87A8 023:253.140    -- Read from flash cache (1 bytes @ 0x00004C24)
T87A8 023:253.162   Data:  01
T87A8 023:253.180 - 0.052ms returns 0
T87A8 023:253.236 JLINK_ReadMem(0xE0001000, 0x4 Bytes, ...)
T87A8 023:253.250   CPU_ReadMem(4 bytes @ 0xE0001000)
T87A8 023:254.004   Data:  00 00 00 2B
T87A8 023:254.044   Debug reg: DWT_CTRL
T87A8 023:254.060 - 0.822ms returns 0
T85DC 027:607.364 JLINK_ResetPullsRESET(ON)
T85DC 027:607.414 - 0.054ms 
T85DC 027:607.430 JLINK_Halt()
T85DC 027:608.224 - 0.793ms returns 0x00
T85DC 027:608.252 JLINK_IsHalted()
T85DC 027:608.268 - 0.016ms returns TRUE
T85DC 027:608.282 JLINK_Reset()
T85DC 027:608.316   Memory map 'before startup completion point' is active
T85DC 027:608.336   JLINK_GetResetTypeDesc
T85DC 027:608.348   - 0.012ms 
T85DC 027:608.362   Reset type: CONNECT UNDER RESET (https://wiki.segger.com/J-Link_Reset_Strategies)
T85DC 027:608.378   CPU_WriteMem(4 bytes @ 0xE000EDF0)
T85DC 027:609.276   CPU_ReadMem(4 bytes @ 0xE000ED44)
T85DC 027:610.106   CPU_WriteMem(4 bytes @ 0xE000EDFC)
T85DC 027:610.886   Reset: Halt core after reset via DEMCR.VC_CORERESET.
T85DC 027:611.956   Reset: Reset device via AIRCR.SYSRESETREQ.
T85DC 027:611.996   CPU_WriteMem(4 bytes @ 0xE000ED0C)
T85DC 027:666.902   CPU_ReadMem(4 bytes @ 0xE000EDF0)
T85DC 027:667.674   CPU_ReadMem(4 bytes @ 0xE000EDF0)
T85DC 027:668.486   CPU_WriteMem(4 bytes @ 0xE000EDFC)
T85DC 027:675.562   CPU_ReadMem(4 bytes @ 0xE000EDF0)
T85DC 027:681.924   CPU_WriteMem(4 bytes @ 0xE0002000)
T85DC 027:682.784   CPU_ReadMem(4 bytes @ 0xE000EDFC)
T85DC 027:683.590   CPU_ReadMem(4 bytes @ 0xE0001000)
T85DC 027:684.308   CPU_WriteMem(4 bytes @ 0xE0001000)
T85DC 027:685.200   CPU_ReadMem(4 bytes @ 0xE000EE08)
T85DC 027:686.106 - 77.822ms 
T85DC 027:686.144 JLINK_SetEndian(ARM_ENDIAN_LITTLE)
T85DC 027:686.166 - 0.021ms returns 0
T85DC 027:686.396 JLINK_BeginDownload(Flags = 0x00000000)
T85DC 027:686.412 - 0.015ms 
T85DC 027:691.136 JLINK_WriteMem(0x00012000, 0xBD0 Bytes, ...)
T85DC 027:691.212   Data:  3D B8 F3 96 00 00 00 00 00 01 00 00 BE 0F 00 00 ...
T85DC 027:691.248   completely In flash
T85DC 027:691.268 - 0.131ms returns 0xBD0
T85DC 027:691.748 JLINK_WriteMem(0x00012BD0, 0xBE0 Bytes, ...)
T85DC 027:691.788   Data:  08 D8 04 24 07 E0 06 23 50 43 B0 FB F1 F0 B0 FB ...
T85DC 027:691.814   completely In flash
T85DC 027:691.834 - 0.089ms returns 0xBE0
T85DC 027:692.122 JLINK_WriteMem(0x000137B0, 0xBF0 Bytes, ...)
T85DC 027:692.138   Data:  FF FF FF FF FF FF FF FF FF FF FF FF FF FF FF FF ...
T85DC 027:692.230   completely In flash
T85DC 027:692.252 - 0.130ms returns 0xBF0
T85DC 027:692.640 JLINK_WriteMem(0x000143A0, 0xBF0 Bytes, ...)
T85DC 027:692.672   Data:  FF FF FF FF FF FF FF FF FF FF FF FF FF FF FF FF ...
T85DC 027:692.714   completely In flash
T85DC 027:692.736 - 0.094ms returns 0xBF0
T85DC 027:693.076 JLINK_WriteMem(0x00014F90, 0xBF0 Bytes, ...)
T85DC 027:693.108   Data:  FF FF FF FF FF FF FF FF FF FF FF FF FF FF FF FF ...
T85DC 027:693.156   completely In flash
T85DC 027:693.178 - 0.101ms returns 0xBF0
T85DC 027:693.516 JLINK_WriteMem(0x00015B80, 0xBF0 Bytes, ...)
T85DC 027:693.536   Data:  FF FF FF FF FF FF FF FF FF FF FF FF FF FF FF FF ...
T85DC 027:693.556   completely In flash
T85DC 027:693.574 - 0.059ms returns 0xBF0
T85DC 027:694.020 JLINK_WriteMem(0x00016770, 0xBF0 Bytes, ...)
T85DC 027:694.044   Data:  FF FF FF FF FF FF FF FF FF FF FF FF FF FF FF FF ...
T85DC 027:694.090   completely In flash
T85DC 027:694.112 - 0.092ms returns 0xBF0
T85DC 027:694.400 JLINK_WriteMem(0x00017360, 0xBF0 Bytes, ...)
T85DC 027:694.422   Data:  FF FF FF FF FF FF FF FF FF FF FF FF FF FF FF FF ...
T85DC 027:694.442   completely In flash
T85DC 027:694.458 - 0.057ms returns 0xBF0
T85DC 027:694.746 JLINK_WriteMem(0x00017F50, 0xBF0 Bytes, ...)
T85DC 027:694.764   Data:  FF FF FF FF FF FF FF FF FF FF FF FF FF FF FF FF ...
T85DC 027:694.806   completely In flash
T85DC 027:694.828 - 0.082ms returns 0xBF0
T85DC 027:695.156 JLINK_WriteMem(0x00018B40, 0xBF0 Bytes, ...)
T85DC 027:695.178   Data:  FF FF FF FF FF FF FF FF FF FF FF FF FF FF FF FF ...
T85DC 027:695.210   completely In flash
T85DC 027:695.232 - 0.077ms returns 0xBF0
T85DC 027:695.558 JLINK_WriteMem(0x00019730, 0xBF0 Bytes, ...)
T85DC 027:695.580   Data:  FF FF FF FF FF FF FF FF FF FF FF FF FF FF FF FF ...
T85DC 027:695.956   completely In flash
T85DC 027:695.980 - 0.424ms returns 0xBF0
T85DC 027:696.340 JLINK_WriteMem(0x0001A320, 0xBF0 Bytes, ...)
T85DC 027:696.380   Data:  FF FF FF FF FF FF FF FF FF FF FF FF FF FF FF FF ...
T85DC 027:696.444   completely In flash
T85DC 027:696.484 - 0.142ms returns 0xBF0
T85DC 027:696.854 JLINK_WriteMem(0x0001AF10, 0xBF0 Bytes, ...)
T85DC 027:696.870   Data:  FF FF FF FF FF FF FF FF FF FF FF FF FF FF FF FF ...
T85DC 027:696.916   completely In flash
T85DC 027:696.938 - 0.082ms returns 0xBF0
T85DC 027:697.372 JLINK_WriteMem(0x0001BB00, 0xBF0 Bytes, ...)
T85DC 027:697.398   Data:  FF FF FF FF FF FF FF FF FF FF FF FF FF FF FF FF ...
T85DC 027:697.436   completely In flash
T85DC 027:697.468 - 0.094ms returns 0xBF0
T85DC 027:697.852 JLINK_WriteMem(0x0001C6F0, 0xBF0 Bytes, ...)
T85DC 027:697.882   Data:  FF FF FF FF FF FF FF FF FF FF FF FF FF FF FF FF ...
T85DC 027:697.920   completely In flash
T85DC 027:697.952 - 0.097ms returns 0xBF0
T85DC 027:698.282 JLINK_WriteMem(0x0001D2E0, 0xBF0 Bytes, ...)
T85DC 027:698.304   Data:  FF FF FF FF FF FF FF FF FF FF FF FF FF FF FF FF ...
T85DC 027:698.804   completely In flash
T85DC 027:698.826 - 0.546ms returns 0xBF0
T85DC 027:699.164 JLINK_WriteMem(0x0001DED0, 0xBF0 Bytes, ...)
T85DC 027:699.196   Data:  FF FF FF FF FF FF FF FF FF FF FF FF FF FF FF FF ...
T85DC 027:699.232   completely In flash
T85DC 027:699.264 - 0.099ms returns 0xBF0
T85DC 027:699.612 JLINK_WriteMem(0x0001EAC0, 0xBF0 Bytes, ...)
T85DC 027:699.632   Data:  FF FF FF FF FF FF FF FF FF FF FF FF FF FF FF FF ...
T85DC 027:699.652   completely In flash
T85DC 027:699.670 - 0.060ms returns 0xBF0
T85DC 027:699.984 JLINK_WriteMem(0x0001F6B0, 0x950 Bytes, ...)
T85DC 027:700.012   Data:  FF FF FF FF FF FF FF FF FF FF FF FF FF FF FF FF ...
T85DC 027:700.070   completely In flash
T85DC 027:700.102 - 0.119ms returns 0x950
T85DC 027:731.354 JLINK_EndDownload()
T85DC 027:731.904   HandleBeforeFlashProg() start
T85DC 027:731.946    J-Link Script File: Executing HandleBeforeFlashProg()
T85DC 027:731.972   CPU_ReadMem(2 bytes @ 0x40000D04)
T85DC 027:732.822   CPU_ReadMem(2 bytes @ 0x40000D14)
T85DC 027:733.664   HandleBeforeFlashProg() end - Took 1.71ms
T85DC 027:733.808   CPU_ReadMem(4 bytes @ 0xE000ED90)
T85DC 027:734.630   CPU_ReadMem(4 bytes @ 0xE000ED94)
T85DC 027:735.372    -- --------------------------------------
T85DC 027:735.408    -- Flash bank @ 0x00000000: Default: L2 verify disabled because algorithm performs L1 verify
T85DC 027:735.430    -- Start of determining dirty areas in flash cache
T85DC 027:735.466    -- Filling invalid ranges in sector buffer (flash cache) for sector @ 0x00012000 if necessary
T85DC 027:735.484    -- Filling invalid ranges in sector buffer (flash cache) for sector @ 0x00012800 if necessary
T85DC 027:735.508    -- Filling invalid ranges in sector buffer (flash cache) for sector @ 0x00013000 if necessary
T85DC 027:735.526    -- Filling invalid ranges in sector buffer (flash cache) for sector @ 0x00013800 if necessary
T85DC 027:735.546    -- Filling invalid ranges in sector buffer (flash cache) for sector @ 0x00014000 if necessary
T85DC 027:735.564    -- Filling invalid ranges in sector buffer (flash cache) for sector @ 0x00014800 if necessary
T85DC 027:735.594    -- Filling invalid ranges in sector buffer (flash cache) for sector @ 0x00015000 if necessary
T85DC 027:735.612    -- Filling invalid ranges in sector buffer (flash cache) for sector @ 0x00015800 if necessary
T85DC 027:735.632    -- Filling invalid ranges in sector buffer (flash cache) for sector @ 0x00016000 if necessary
T85DC 027:735.652    -- Filling invalid ranges in sector buffer (flash cache) for sector @ 0x00016800 if necessary
T85DC 027:735.670    -- Filling invalid ranges in sector buffer (flash cache) for sector @ 0x00017000 if necessary
T85DC 027:735.700    -- Filling invalid ranges in sector buffer (flash cache) for sector @ 0x00017800 if necessary
T85DC 027:735.732    -- Filling invalid ranges in sector buffer (flash cache) for sector @ 0x00018000 if necessary
T85DC 027:735.756    -- Filling invalid ranges in sector buffer (flash cache) for sector @ 0x00018800 if necessary
T85DC 027:735.776    -- Filling invalid ranges in sector buffer (flash cache) for sector @ 0x00019000 if necessary
T85DC 027:735.796    -- Filling invalid ranges in sector buffer (flash cache) for sector @ 0x00019800 if necessary
T85DC 027:735.818    -- Filling invalid ranges in sector buffer (flash cache) for sector @ 0x0001A000 if necessary
T85DC 027:735.866    -- Filling invalid ranges in sector buffer (flash cache) for sector @ 0x0001A800 if necessary
T85DC 027:735.884    -- Filling invalid ranges in sector buffer (flash cache) for sector @ 0x0001B000 if necessary
T85DC 027:735.904    -- Filling invalid ranges in sector buffer (flash cache) for sector @ 0x0001B800 if necessary
T85DC 027:735.924    -- Filling invalid ranges in sector buffer (flash cache) for sector @ 0x0001C000 if necessary
T85DC 027:735.948    -- Filling invalid ranges in sector buffer (flash cache) for sector @ 0x0001C800 if necessary
T85DC 027:735.974    -- Filling invalid ranges in sector buffer (flash cache) for sector @ 0x0001D000 if necessary
T85DC 027:735.994    -- Filling invalid ranges in sector buffer (flash cache) for sector @ 0x0001D800 if necessary
T85DC 027:736.012    -- Filling invalid ranges in sector buffer (flash cache) for sector @ 0x0001E000 if necessary
T85DC 027:736.038    -- Filling invalid ranges in sector buffer (flash cache) for sector @ 0x0001E800 if necessary
T85DC 027:736.060    -- Filling invalid ranges in sector buffer (flash cache) for sector @ 0x0001F000 if necessary
T85DC 027:736.080    -- Filling invalid ranges in sector buffer (flash cache) for sector @ 0x0001F800 if necessary
T85DC 027:736.116    -- End of determining dirty areas
T85DC 027:736.134    -- Start of preparing flash programming
T85DC 027:736.154    -- Calculating RAM usage
T85DC 027:736.204    -- RAM usage = 4308 Bytes
T85DC 027:736.228    -- Preserving CPU registers
T85DC 027:737.002    -- Determining CPU clock frequency
T85DC 027:788.212    -- Preparing target
T85DC 027:795.628    -- Preserving target RAM temporarily used for programming
T85DC 027:846.326    -- Downloading RAMCode
T85DC 027:887.188    -- Preparing RAMCode
T85DC 027:908.790    -- CPU frequency = 8000 kHz
T85DC 027:908.854    -- End of preparing flash programming
T85DC 027:912.316   
  ***** Warning: 
T85DC 027:912.404   CPU is running at low speed (8000 kHz).
T85DC 027:912.438    -- CPU is running at 8000 kHz.
T85DC 027:912.484    -- Start of comparing flash
T85DC 027:912.516    -- CRC check was estimated as fastest method
T85DC 027:950.436    -- Comparing range 0x12000 - 0x1FFFF (28 Sectors, 56 KB), using multi-block CRC calculation
T85DC 027:973.862    -- CRC does not match for sectors 0-2, 27
T85DC 027:976.672    -- Comparing range 0x13800 - 0x1F7FF (24 Sectors, 48 KB), using alternative multi-block CRC calculation
T85DC 027:998.842    -- All CRCs match
T85DC 027:998.908    -- End of comparing flash
T85DC 027:998.932    -- Start of erasing sectors
T85DC 027:998.956    -- Erasing range 0x0001F800 - 0x0001FFFF (  1 Sector, 2 KB)
T85DC 028:008.598    -- End of erasing sectors
T85DC 028:008.666    -- Start of flash programming
T85DC 028:008.692    -- Programming range 0x00012000 - 0x000137FF (  3 Sectors, 6 KB)
T85DC 028:081.764    -- Programming range 0x0001F800 - 0x0001FFFF (  1 Sector, 2 KB)
T85DC 028:098.300    -- End of flash programming
T85DC 028:098.400    -- 0x12000 - 0x137FF (  3 Sectors, 6 KB)
T85DC 028:098.426    -- 0x1F800 - 0x1FFFF (  1 Sector, 2 KB)
T85DC 028:098.448    -- Start of restoring
T85DC 028:098.470    -- Restoring RAMCode
T85DC 028:137.088    -- Restoring target memory
T85DC 028:181.420    -- Restore target
T85DC 028:184.742    -- Restoring CPU registers
T85DC 028:185.820    -- End of restoring
T85DC 028:185.876    -- Bank 1 @ 0x00000000: 2 ranges affected (8192 bytes)
T85DC 028:185.920    -- Total: 0.449s (Prepare: 0.176s, Compare: 0.086s, Erase: 0.009s, Program & Verify: 0.118s, Restore: 0.058s)
T85DC 028:185.958    -- Program & Verify speed: 67 KB/s
T85DC 028:207.578   HandleAfterFlashProg() start
T85DC 028:207.690    J-Link Script File: Executing HandleAfterFlashProg()
T85DC 028:207.718   HandleAfterFlashProg() end - Took 27us
T85DC 028:208.420 - 477.066ms returns 8192 (0x2000)
T85DC 029:719.466 JLINK_STRACE_Read(..., NumItems = 0x10000)
T85DC 029:719.536 - 0.070ms NumItemsRead = 0x00
T85DC 029:719.564 JLINK_IsHalted()
T85DC 029:720.406 - 0.841ms returns TRUE
T85DC 029:720.452 JLINK_STRACE_Read(..., NumItems = 0x10000)
T85DC 029:720.474 - 0.021ms NumItemsRead = 0x00
T85DC 029:720.524 JLINK_GoEx(MaxEmulInsts = 0, Flags = 0x01)
T85DC 029:720.566   CPU_ReadMem(4 bytes @ 0xE0001000)
T85DC 029:727.280   Memory map 'after startup completion point' is active
T85DC 029:727.328 - 6.803ms 
T85DC 029:831.668 JLINK_IsHalted()
T85DC 029:832.708 - 1.040ms returns FALSE
T85DC 029:832.726 JLINK_IsHalted()
T85DC 029:834.060 - 1.334ms returns FALSE
T85DC 029:940.566 JLINK_IsHalted()
T85DC 029:941.520 - 0.953ms returns FALSE
T85DC 029:941.542 JLINK_IsHalted()
T85DC 029:942.420 - 0.877ms returns FALSE
T85DC 030:050.620 JLINK_IsHalted()
T85DC 030:051.562 - 0.942ms returns FALSE
T85DC 030:051.590 JLINK_IsHalted()
T85DC 030:052.692 - 1.103ms returns FALSE
T85DC 030:159.632 JLINK_IsHalted()
T85DC 030:160.608 - 0.975ms returns FALSE
T85DC 030:160.630 JLINK_IsHalted()
T85DC 030:161.676 - 1.044ms returns FALSE
T85DC 030:268.684 JLINK_IsHalted()
T85DC 030:269.642 - 0.956ms returns FALSE
T85DC 030:269.692 JLINK_IsHalted()
T85DC 030:270.404 - 0.708ms returns FALSE
T85DC 030:378.544 JLINK_IsHalted()
T85DC 030:379.300 - 0.753ms returns FALSE
T85DC 030:379.318 JLINK_IsHalted()
T85DC 030:380.128 - 0.810ms returns FALSE
T85DC 030:487.610 JLINK_IsHalted()
T85DC 030:488.324 - 0.713ms returns FALSE
T85DC 030:488.362 JLINK_IsHalted()
T85DC 030:489.126 - 0.764ms returns FALSE
T85DC 030:597.684 JLINK_IsHalted()
T85DC 030:598.516 - 0.832ms returns FALSE
T85DC 030:598.550 JLINK_IsHalted()
T85DC 030:599.296 - 0.745ms returns FALSE
T85DC 030:706.608 JLINK_IsHalted()
T85DC 030:707.658 - 1.050ms returns FALSE
T85DC 030:707.676 JLINK_IsHalted()
T85DC 030:708.688 - 1.008ms returns FALSE
T87A8 030:721.820 JLINK_IsHalted()
T87A8 030:722.644 - 0.821ms returns FALSE
T87A8 030:722.684 JLINK_IsHalted()
T87A8 030:723.596 - 0.913ms returns FALSE
T85DC 030:815.580 JLINK_IsHalted()
T85DC 030:816.768 - 1.186ms returns FALSE
T85DC 030:816.790 JLINK_IsHalted()
T85DC 030:817.916 - 1.127ms returns FALSE
T85DC 030:925.604 JLINK_IsHalted()
T85DC 030:926.596 - 0.989ms returns FALSE
T85DC 030:926.640 JLINK_IsHalted()
T85DC 030:927.530 - 0.885ms returns FALSE
T85DC 031:034.620 JLINK_IsHalted()
T85DC 031:035.548 - 0.930ms returns FALSE
T85DC 031:035.604 JLINK_IsHalted()
T85DC 031:036.618 - 1.014ms returns FALSE
T85DC 031:143.642 JLINK_IsHalted()
T85DC 031:144.662 - 1.020ms returns FALSE
T85DC 031:144.704 JLINK_IsHalted()
T85DC 031:145.568 - 0.863ms returns FALSE
T85DC 031:253.786 JLINK_IsHalted()
T85DC 031:254.720 - 0.932ms returns FALSE
T85DC 031:254.768 JLINK_IsHalted()
T85DC 031:255.770 - 1.000ms returns FALSE
T85DC 031:362.678 JLINK_IsHalted()
T85DC 031:363.690 - 1.012ms returns FALSE
T85DC 031:363.786 JLINK_IsHalted()
T85DC 031:364.500 - 0.713ms returns FALSE
T85DC 031:472.544 JLINK_IsHalted()
T85DC 031:473.318 - 0.776ms returns FALSE
T85DC 031:473.354 JLINK_IsHalted()
T85DC 031:474.128 - 0.774ms returns FALSE
T85DC 031:581.716 JLINK_IsHalted()
T85DC 031:582.762 - 1.048ms returns FALSE
T85DC 031:582.796 JLINK_IsHalted()
T85DC 031:583.932 - 1.134ms returns FALSE
T85DC 031:690.630 JLINK_IsHalted()
T85DC 031:692.294 - 1.660ms returns FALSE
T85DC 031:692.372 JLINK_IsHalted()
T85DC 031:693.498 - 1.125ms returns FALSE
T87A8 031:724.308 JLINK_IsHalted()
T87A8 031:725.548 - 1.238ms returns FALSE
T87A8 031:725.606 JLINK_IsHalted()
T87A8 031:726.812 - 1.205ms returns FALSE
T85DC 031:800.812 JLINK_IsHalted()
T85DC 031:801.980 - 1.166ms returns FALSE
T85DC 031:802.052 JLINK_IsHalted()
T85DC 031:803.332 - 1.278ms returns FALSE
T85DC 031:909.600 JLINK_IsHalted()
T85DC 031:910.612 - 1.012ms returns FALSE
T85DC 031:910.698 JLINK_IsHalted()
T85DC 031:911.626 - 0.924ms returns FALSE
T85DC 032:018.708 JLINK_IsHalted()
T85DC 032:019.588 - 0.880ms returns FALSE
T85DC 032:019.636 JLINK_IsHalted()
T85DC 032:020.522 - 0.885ms returns FALSE
T85DC 032:128.700 JLINK_IsHalted()
T85DC 032:129.708 - 1.008ms returns FALSE
T85DC 032:129.734 JLINK_IsHalted()
T85DC 032:130.660 - 0.923ms returns FALSE
T85DC 032:237.748 JLINK_IsHalted()
T85DC 032:238.586 - 0.840ms returns FALSE
T85DC 032:238.620 JLINK_IsHalted()
T85DC 032:239.568 - 0.946ms returns FALSE
T85DC 032:347.604 JLINK_IsHalted()
T85DC 032:348.512 - 0.909ms returns FALSE
T85DC 032:348.620 JLINK_IsHalted()
T85DC 032:349.386 - 0.764ms returns FALSE
T85DC 032:456.588 JLINK_IsHalted()
T85DC 032:457.452 - 0.865ms returns FALSE
T85DC 032:457.472 JLINK_IsHalted()
T85DC 032:458.352 - 0.878ms returns FALSE
T85DC 032:565.574 JLINK_IsHalted()
T85DC 032:566.460 - 0.885ms returns FALSE
T85DC 032:566.480 JLINK_IsHalted()
T85DC 032:567.226 - 0.743ms returns FALSE
T85DC 032:675.546 JLINK_IsHalted()
T85DC 032:676.432 - 0.882ms returns FALSE
T85DC 032:676.458 JLINK_IsHalted()
T85DC 032:677.398 - 0.941ms returns FALSE
T87A8 032:728.896 JLINK_IsHalted()
T87A8 032:729.676 - 0.780ms returns FALSE
T87A8 032:729.712 JLINK_IsHalted()
T87A8 032:730.564 - 0.852ms returns FALSE
T85DC 032:784.560 JLINK_IsHalted()
T85DC 032:785.644 - 1.084ms returns FALSE
T85DC 032:785.692 JLINK_IsHalted()
T85DC 032:786.548 - 0.851ms returns FALSE
T85DC 032:893.606 JLINK_IsHalted()
T85DC 032:894.534 - 0.927ms returns FALSE
T85DC 032:894.620 JLINK_IsHalted()
T85DC 032:895.444 - 0.822ms returns FALSE
T85DC 033:003.562 JLINK_IsHalted()
T85DC 033:004.512 - 0.950ms returns FALSE
T85DC 033:004.538 JLINK_IsHalted()
T85DC 033:005.348 - 0.810ms returns FALSE
T85DC 033:112.548 JLINK_IsHalted()
T85DC 033:113.548 - 0.998ms returns FALSE
T85DC 033:113.604 JLINK_IsHalted()
T85DC 033:114.588 - 0.982ms returns FALSE
T85DC 033:222.582 JLINK_IsHalted()
T85DC 033:223.360 - 0.775ms returns FALSE
T85DC 033:223.408 JLINK_IsHalted()
T85DC 033:224.150 - 0.748ms returns FALSE
T85DC 033:331.628 JLINK_IsHalted()
T85DC 033:332.972 - 1.344ms returns FALSE
T85DC 033:333.008 JLINK_IsHalted()
T85DC 033:334.086 - 1.077ms returns FALSE
T85DC 033:440.758 JLINK_IsHalted()
T85DC 033:442.240 - 1.483ms returns FALSE
T85DC 033:442.294 JLINK_IsHalted()
T85DC 033:443.690 - 1.395ms returns FALSE
T85DC 033:550.582 JLINK_IsHalted()
T85DC 033:551.706 - 1.121ms returns FALSE
T85DC 033:551.744 JLINK_IsHalted()
T85DC 033:552.844 - 1.100ms returns FALSE
T85DC 033:659.604 JLINK_IsHalted()
T85DC 033:660.528 - 0.924ms returns FALSE
T85DC 033:660.548 JLINK_IsHalted()
T85DC 033:661.304 - 0.760ms returns FALSE
T87A8 033:731.880 JLINK_IsHalted()
T87A8 033:732.888 - 1.005ms returns FALSE
T87A8 033:732.952 JLINK_IsHalted()
T87A8 033:733.760 - 0.808ms returns FALSE
T85DC 033:768.632 JLINK_IsHalted()
T85DC 033:769.540 - 0.904ms returns FALSE
T85DC 033:769.576 JLINK_IsHalted()
T85DC 033:770.532 - 0.956ms returns FALSE
T85DC 033:878.604 JLINK_IsHalted()
T85DC 033:879.708 - 1.100ms returns FALSE
T85DC 033:879.792 JLINK_IsHalted()
T85DC 033:880.760 - 0.965ms returns FALSE
T85DC 033:987.608 JLINK_IsHalted()
T85DC 033:988.616 - 1.008ms returns FALSE
T85DC 033:988.720 JLINK_IsHalted()
T85DC 033:989.508 - 0.787ms returns FALSE
T85DC 034:122.088 JLINK_IsHalted()
T85DC 034:123.172 - 1.081ms returns FALSE
T85DC 034:123.240 JLINK_IsHalted()
T85DC 034:124.092 - 0.844ms returns FALSE
TB6CC 034:206.132   JLINK_RTTERMINAL_Control(Cmd = JLINKARM_RTTERMINAL_CMD_START)
TB6CC 034:206.228   - 0.096ms returns 0x00
TB6CC 034:206.564   JLINK_RTTERMINAL_Read(BufferIndex = 0, BufferSize = 0x00010000)
TB6CC 034:206.600   - 0.228ms returns 0
T85DC 034:222.712 JLINK_IsHalted()
T85DC 034:223.656 - 0.939ms returns FALSE
T85DC 034:223.672 JLINK_IsHalted()
T85DC 034:224.456 - 0.782ms returns FALSE
TA78C 034:231.576   CPU_ReadMem(4 bytes @ 0xE000ED00)
TA78C 034:232.424   CPU_ReadMem(4 bytes @ 0xE000EE08)
TA78C 034:233.280   CPU_ReadMem(4 bytes @ 0xE000ED08)
TA78C 034:234.296   CPU_ReadMem(4 bytes @ 0x00004120)
TA78C 034:235.480   Periodic RTT: Looking for RTT CB @ 0x20004000 (Range 1/1)
TA78C 034:235.524   CPU_ReadMem(4096 bytes @ 0x20004000)
TB6CC 034:284.716   JLINK_RTTERMINAL_Read(BufferIndex = 0, BufferSize = 0x00010000)
TB6CC 034:284.764   - 0.046ms returns 0
T85DC 034:331.568 JLINK_IsHalted()
T85DC 034:332.452 - 0.880ms returns FALSE
T85DC 034:332.508 JLINK_IsHalted()
T85DC 034:333.344 - 0.832ms returns FALSE
TB6CC 034:335.736   JLINK_RTTERMINAL_Read(BufferIndex = 0, BufferSize = 0x00010000)
TB6CC 034:335.780   - 0.045ms returns 0
TA78C 034:348.708   CPU_ReadMem(4 bytes @ 0xE000ED00)
TA78C 034:349.600   CPU_ReadMem(4 bytes @ 0xE000EE08)
TA78C 034:350.476   CPU_ReadMem(4 bytes @ 0xE000ED08)
TA78C 034:351.248   CPU_ReadMem(4 bytes @ 0x00004120)
TA78C 034:352.140   Periodic RTT: Looking for RTT CB @ 0x20005000 (Range 1/1)
TA78C 034:352.168   CPU_ReadMem(4096 bytes @ 0x20005000)
TA78C 034:401.392   CPU_ReadMem(24 bytes @ 0x20005C20)
TA78C 034:402.456   Periodic RTT: RTT CB auto-detected @ 0x20005C20
TA78C 034:402.668   Periodic RTT: RTT CB verified. Started data handling
TB6CC 034:404.220   JLINK_RTTERMINAL_Read(BufferIndex = 0, BufferSize = 0x00010000)
TB6CC 034:404.252   - 0.034ms returns 0
TA78C 034:416.904   CPU_ReadMem(32 bytes @ 0x00004ECF)
T85DC 034:442.132 JLINK_IsHalted()
T85DC 034:443.928 - 1.793ms returns FALSE
T85DC 034:443.968 JLINK_IsHalted()
T85DC 034:445.804 - 1.835ms returns FALSE
TB6CC 034:454.764   JLINK_RTTERMINAL_Read(BufferIndex = 0, BufferSize = 0x00010000)
TB6CC 034:454.848   - 0.082ms returns 321
TB6CC 034:455.136   JLINK_RTTERMINAL_Read(BufferIndex = 0, BufferSize = 0x00010000)
TB6CC 034:455.172   - 0.034ms returns 0
TB6CC 034:505.716   JLINK_RTTERMINAL_Read(BufferIndex = 0, BufferSize = 0x00010000)
TB6CC 034:505.768   - 0.056ms returns 0
T85DC 034:550.568 JLINK_IsHalted()
T85DC 034:552.472 - 1.905ms returns FALSE
T85DC 034:552.536 JLINK_IsHalted()
T85DC 034:554.348 - 1.810ms returns FALSE
TB6CC 034:556.776   JLINK_RTTERMINAL_Read(BufferIndex = 0, BufferSize = 0x00010000)
TB6CC 034:556.832   - 0.057ms returns 0
TB6CC 034:607.756   JLINK_RTTERMINAL_Read(BufferIndex = 0, BufferSize = 0x00010000)
TB6CC 034:607.820   - 0.066ms returns 0
TB6CC 034:658.692   JLINK_RTTERMINAL_Read(BufferIndex = 0, BufferSize = 0x00010000)
TB6CC 034:658.748   - 0.059ms returns 0
T85DC 034:659.556 JLINK_IsHalted()
T85DC 034:661.452 - 1.896ms returns FALSE
T85DC 034:661.496 JLINK_IsHalted()
T85DC 034:663.356 - 1.859ms returns FALSE
TB6CC 034:709.868   JLINK_RTTERMINAL_Read(BufferIndex = 0, BufferSize = 0x00010000)
TB6CC 034:709.932   - 0.067ms returns 0
T87A8 034:734.896 JLINK_IsHalted()
T87A8 034:736.624 - 1.725ms returns FALSE
T87A8 034:736.668 JLINK_IsHalted()
T87A8 034:738.568 - 1.899ms returns FALSE
TB6CC 034:760.696   JLINK_RTTERMINAL_Read(BufferIndex = 0, BufferSize = 0x00010000)
TB6CC 034:760.748   - 0.051ms returns 0
T85DC 034:768.596 JLINK_IsHalted()
T85DC 034:770.712 - 2.112ms returns FALSE
T85DC 034:770.764 JLINK_IsHalted()
T85DC 034:772.572 - 1.809ms returns FALSE
TB6CC 034:811.788   JLINK_RTTERMINAL_Read(BufferIndex = 0, BufferSize = 0x00010000)
TB6CC 034:811.832   - 0.044ms returns 0
TB6CC 034:862.740   JLINK_RTTERMINAL_Read(BufferIndex = 0, BufferSize = 0x00010000)
TB6CC 034:862.804   - 0.066ms returns 0
T85DC 034:879.360 JLINK_IsHalted()
T85DC 034:881.172 - 1.811ms returns FALSE
T85DC 034:881.212 JLINK_IsHalted()
T85DC 034:883.100 - 1.885ms returns FALSE
TB6CC 034:913.640   JLINK_RTTERMINAL_Read(BufferIndex = 0, BufferSize = 0x00010000)
TB6CC 034:913.684   - 0.043ms returns 0
TB6CC 034:964.704   JLINK_RTTERMINAL_Read(BufferIndex = 0, BufferSize = 0x00010000)
TB6CC 034:964.756   - 0.049ms returns 0
T85DC 034:987.664 JLINK_IsHalted()
T85DC 034:988.948 - 1.284ms returns FALSE
T85DC 034:988.984 JLINK_IsHalted()
T85DC 034:990.848 - 1.860ms returns FALSE
TB6CC 035:017.624   JLINK_RTTERMINAL_Read(BufferIndex = 0, BufferSize = 0x00010000)
TB6CC 035:017.672   - 0.047ms returns 0
TB6CC 035:068.780   JLINK_RTTERMINAL_Read(BufferIndex = 0, BufferSize = 0x00010000)
TB6CC 035:068.840   - 0.058ms returns 0
T85DC 035:097.560 JLINK_IsHalted()
T85DC 035:099.192 - 1.632ms returns FALSE
T85DC 035:099.224 JLINK_IsHalted()
T85DC 035:101.052 - 1.826ms returns FALSE
TB6CC 035:119.756   JLINK_RTTERMINAL_Read(BufferIndex = 0, BufferSize = 0x00010000)
TB6CC 035:119.808   - 0.053ms returns 0
TB6CC 035:171.792   JLINK_RTTERMINAL_Read(BufferIndex = 0, BufferSize = 0x00010000)
TB6CC 035:171.832   - 0.038ms returns 0
T85DC 035:207.368 JLINK_IsHalted()
T85DC 035:209.224 - 1.851ms returns FALSE
T85DC 035:209.260 JLINK_IsHalted()
T85DC 035:211.132 - 1.869ms returns FALSE
TB6CC 035:222.744   JLINK_RTTERMINAL_Read(BufferIndex = 0, BufferSize = 0x00010000)
TB6CC 035:222.792   - 0.047ms returns 0
TB6CC 035:273.728   JLINK_RTTERMINAL_Read(BufferIndex = 0, BufferSize = 0x00010000)
TB6CC 035:273.772   - 0.048ms returns 0
T85DC 035:316.952 JLINK_IsHalted()
T85DC 035:318.768 - 1.815ms returns FALSE
T85DC 035:318.824 JLINK_IsHalted()
T85DC 035:320.720 - 1.896ms returns FALSE
TB6CC 035:324.656   JLINK_RTTERMINAL_Read(BufferIndex = 0, BufferSize = 0x00010000)
TB6CC 035:324.696   - 0.043ms returns 0
TB6CC 035:377.276   JLINK_RTTERMINAL_Read(BufferIndex = 0, BufferSize = 0x00010000)
TB6CC 035:377.316   - 0.039ms returns 0
T85DC 035:425.576 JLINK_IsHalted()
T85DC 035:426.584 - 1.008ms returns FALSE
T85DC 035:426.644 JLINK_IsHalted()
T85DC 035:428.456 - 1.809ms returns FALSE
TB6CC 035:428.508   JLINK_RTTERMINAL_Read(BufferIndex = 0, BufferSize = 0x00010000)
TB6CC 035:428.540   - 0.032ms returns 0
TB6CC 035:480.044   JLINK_RTTERMINAL_Read(BufferIndex = 0, BufferSize = 0x00010000)
TB6CC 035:480.084   - 0.040ms returns 0
TB6CC 035:530.760   JLINK_RTTERMINAL_Read(BufferIndex = 0, BufferSize = 0x00010000)
TB6CC 035:530.820   - 0.056ms returns 0
T85DC 035:534.600 JLINK_IsHalted()
T85DC 035:536.248 - 1.647ms returns FALSE
T85DC 035:536.312 JLINK_IsHalted()
T85DC 035:538.136 - 1.822ms returns FALSE
TB6CC 035:581.756   JLINK_RTTERMINAL_Read(BufferIndex = 0, BufferSize = 0x00010000)
TB6CC 035:581.824   - 0.069ms returns 0
TB6CC 035:634.544   JLINK_RTTERMINAL_Read(BufferIndex = 0, BufferSize = 0x00010000)
TB6CC 035:634.584   - 0.043ms returns 0
T85DC 035:643.556 JLINK_IsHalted()
T85DC 035:645.352 - 1.795ms returns FALSE
T85DC 035:645.400 JLINK_IsHalted()
T85DC 035:647.196 - 1.796ms returns FALSE
TB6CC 035:685.676   JLINK_RTTERMINAL_Read(BufferIndex = 0, BufferSize = 0x00010000)
TB6CC 035:685.724   - 0.048ms returns 0
TB6CC 035:736.776   JLINK_RTTERMINAL_Read(BufferIndex = 0, BufferSize = 0x00010000)
TB6CC 035:736.816   - 0.044ms returns 0
T87A8 035:738.976 JLINK_IsHalted()
T87A8 035:740.084 - 1.105ms returns FALSE
T87A8 035:740.120 JLINK_IsHalted()
T87A8 035:741.940 - 1.818ms returns FALSE
T85DC 035:753.600 JLINK_IsHalted()
T85DC 035:754.440 - 0.837ms returns FALSE
T85DC 035:754.460 JLINK_IsHalted()
T85DC 035:756.352 - 1.890ms returns FALSE
TB6CC 035:787.740   JLINK_RTTERMINAL_Read(BufferIndex = 0, BufferSize = 0x00010000)
TB6CC 035:787.784   - 0.046ms returns 0
TB6CC 035:839.892   JLINK_RTTERMINAL_Read(BufferIndex = 0, BufferSize = 0x00010000)
TB6CC 035:839.976   - 0.083ms returns 0
T85DC 035:863.480 JLINK_IsHalted()
T85DC 035:865.328 - 1.846ms returns FALSE
T85DC 035:865.400 JLINK_IsHalted()
T85DC 035:867.228 - 1.827ms returns FALSE
TB6CC 035:890.748   JLINK_RTTERMINAL_Read(BufferIndex = 0, BufferSize = 0x00010000)
TB6CC 035:890.788   - 0.039ms returns 0
TB6CC 035:941.732   JLINK_RTTERMINAL_Read(BufferIndex = 0, BufferSize = 0x00010000)
TB6CC 035:941.780   - 0.049ms returns 0
T85DC 035:972.596 JLINK_IsHalted()
T85DC 035:974.488 - 1.887ms returns FALSE
T85DC 035:974.536 JLINK_IsHalted()
T85DC 035:976.376 - 1.832ms returns FALSE
TB6CC 035:992.748   JLINK_RTTERMINAL_Read(BufferIndex = 0, BufferSize = 0x00010000)
TB6CC 035:992.792   - 0.041ms returns 0
TB6CC 036:043.820   JLINK_RTTERMINAL_Read(BufferIndex = 0, BufferSize = 0x00010000)
TB6CC 036:043.872   - 0.054ms returns 0
T85DC 036:081.620 JLINK_IsHalted()
T85DC 036:083.696 - 2.075ms returns FALSE
T85DC 036:083.772 JLINK_IsHalted()
T85DC 036:085.516 - 1.742ms returns FALSE
TB6CC 036:094.920   JLINK_RTTERMINAL_Read(BufferIndex = 0, BufferSize = 0x00010000)
TB6CC 036:095.000   - 0.085ms returns 0
TB6CC 036:146.008   JLINK_RTTERMINAL_Read(BufferIndex = 0, BufferSize = 0x00010000)
TB6CC 036:146.084   - 0.076ms returns 0
T85DC 036:190.728 JLINK_IsHalted()
T85DC 036:191.980 - 1.253ms returns FALSE
T85DC 036:192.044 JLINK_IsHalted()
T85DC 036:193.848 - 1.804ms returns FALSE
TB6CC 036:196.744   JLINK_RTTERMINAL_Read(BufferIndex = 0, BufferSize = 0x00010000)
TB6CC 036:196.796   - 0.055ms returns 0
TB6CC 036:247.832   JLINK_RTTERMINAL_Read(BufferIndex = 0, BufferSize = 0x00010000)
TB6CC 036:247.884   - 0.052ms returns 0
TB6CC 036:298.684   JLINK_RTTERMINAL_Read(BufferIndex = 0, BufferSize = 0x00010000)
TB6CC 036:298.728   - 0.042ms returns 0
T85DC 036:300.580 JLINK_IsHalted()
T85DC 036:302.392 - 1.808ms returns FALSE
T85DC 036:302.448 JLINK_IsHalted()
T85DC 036:304.320 - 1.869ms returns FALSE
TB6CC 036:349.704   JLINK_RTTERMINAL_Read(BufferIndex = 0, BufferSize = 0x00010000)
TB6CC 036:349.764   - 0.061ms returns 0
TB6CC 036:400.676   JLINK_RTTERMINAL_Read(BufferIndex = 0, BufferSize = 0x00010000)
TB6CC 036:400.712   - 0.039ms returns 0
T85DC 036:409.624 JLINK_IsHalted()
T85DC 036:410.520 - 0.896ms returns FALSE
T85DC 036:410.540 JLINK_IsHalted()
T85DC 036:412.360 - 1.818ms returns FALSE
TB6CC 036:451.736   JLINK_RTTERMINAL_Read(BufferIndex = 0, BufferSize = 0x00010000)
TB6CC 036:451.780   - 0.043ms returns 0
TB6CC 036:502.648   JLINK_RTTERMINAL_Read(BufferIndex = 0, BufferSize = 0x00010000)
TB6CC 036:502.696   - 0.050ms returns 0
T85DC 036:518.680 JLINK_IsHalted()
T85DC 036:520.712 - 2.033ms returns FALSE
T85DC 036:520.760 JLINK_IsHalted()
T85DC 036:522.604 - 1.844ms returns FALSE
TB6CC 036:553.980   JLINK_RTTERMINAL_Read(BufferIndex = 0, BufferSize = 0x00010000)
TB6CC 036:554.092   - 0.115ms returns 0
TB6CC 036:604.840   JLINK_RTTERMINAL_Read(BufferIndex = 0, BufferSize = 0x00010000)
TB6CC 036:604.936   - 0.098ms returns 0
T85DC 036:628.588 JLINK_IsHalted()
T85DC 036:630.632 - 2.045ms returns FALSE
T85DC 036:630.680 JLINK_IsHalted()
T85DC 036:632.552 - 1.871ms returns FALSE
TB6CC 036:655.752   JLINK_RTTERMINAL_Read(BufferIndex = 0, BufferSize = 0x00010000)
TB6CC 036:655.804   - 0.051ms returns 0
TB6CC 036:706.772   JLINK_RTTERMINAL_Read(BufferIndex = 0, BufferSize = 0x00010000)
TB6CC 036:706.812   - 0.041ms returns 0
T85DC 036:737.592 JLINK_IsHalted()
T85DC 036:739.496 - 1.902ms returns FALSE
T85DC 036:739.544 JLINK_IsHalted()
T85DC 036:741.340 - 1.797ms returns FALSE
T87A8 036:742.004 JLINK_IsHalted()
T87A8 036:743.224 - 1.221ms returns FALSE
T87A8 036:743.264 JLINK_IsHalted()
T87A8 036:745.184 - 1.917ms returns FALSE
TB6CC 036:758.728   JLINK_RTTERMINAL_Read(BufferIndex = 0, BufferSize = 0x00010000)
TB6CC 036:758.772   - 0.045ms returns 0
TB6CC 036:809.680   JLINK_RTTERMINAL_Read(BufferIndex = 0, BufferSize = 0x00010000)
TB6CC 036:809.728   - 0.047ms returns 0
T85DC 036:847.532 JLINK_IsHalted()
T85DC 036:849.788 - 2.255ms returns FALSE
T85DC 036:849.824 JLINK_IsHalted()
T85DC 036:851.704 - 1.876ms returns FALSE
TB6CC 036:860.732   JLINK_RTTERMINAL_Read(BufferIndex = 0, BufferSize = 0x00010000)
TB6CC 036:860.776   - 0.046ms returns 0
TB6CC 036:911.724   JLINK_RTTERMINAL_Read(BufferIndex = 0, BufferSize = 0x00010000)
TB6CC 036:911.772   - 0.047ms returns 0
T85DC 036:958.736 JLINK_IsHalted()
T85DC 036:960.508 - 1.771ms returns FALSE
T85DC 036:960.552 JLINK_IsHalted()
T85DC 036:962.336 - 1.782ms returns FALSE
TB6CC 036:962.808   JLINK_RTTERMINAL_Read(BufferIndex = 0, BufferSize = 0x00010000)
TB6CC 036:962.824   - 0.016ms returns 0
TB6CC 037:013.752   JLINK_RTTERMINAL_Read(BufferIndex = 0, BufferSize = 0x00010000)
TB6CC 037:013.800   - 0.050ms returns 0
TB6CC 037:065.112   JLINK_RTTERMINAL_Read(BufferIndex = 0, BufferSize = 0x00010000)
TB6CC 037:065.184   - 0.072ms returns 0
T85DC 037:065.776 JLINK_IsHalted()
T85DC 037:067.000 - 1.221ms returns FALSE
T85DC 037:067.064 JLINK_IsHalted()
T85DC 037:068.760 - 1.698ms returns FALSE
TB6CC 037:115.796   JLINK_RTTERMINAL_Read(BufferIndex = 0, BufferSize = 0x00010000)
TB6CC 037:115.852   - 0.057ms returns 0
TB6CC 037:166.680   JLINK_RTTERMINAL_Read(BufferIndex = 0, BufferSize = 0x00010000)
TB6CC 037:166.732   - 0.051ms returns 0
T85DC 037:175.592 JLINK_IsHalted()
T85DC 037:176.524 - 0.931ms returns FALSE
T85DC 037:176.548 JLINK_IsHalted()
T85DC 037:178.380 - 1.835ms returns FALSE
TB6CC 037:217.864   JLINK_RTTERMINAL_Read(BufferIndex = 0, BufferSize = 0x00010000)
TB6CC 037:217.928   - 0.063ms returns 0
TB6CC 037:268.912   JLINK_RTTERMINAL_Read(BufferIndex = 0, BufferSize = 0x00010000)
TB6CC 037:268.968   - 0.058ms returns 0
T85DC 037:284.616 JLINK_IsHalted()
T85DC 037:286.772 - 2.155ms returns FALSE
T85DC 037:286.848 JLINK_IsHalted()
T85DC 037:288.576 - 1.729ms returns FALSE
TB6CC 037:319.880   JLINK_RTTERMINAL_Read(BufferIndex = 0, BufferSize = 0x00010000)
TB6CC 037:320.040   - 0.158ms returns 0
TB6CC 037:370.916   JLINK_RTTERMINAL_Read(BufferIndex = 0, BufferSize = 0x00010000)
TB6CC 037:371.004   - 0.090ms returns 0
T85DC 037:393.760 JLINK_IsHalted()
T85DC 037:395.912 - 2.151ms returns FALSE
T85DC 037:395.972 JLINK_IsHalted()
T85DC 037:397.704 - 1.730ms returns FALSE
TB6CC 037:421.728   JLINK_RTTERMINAL_Read(BufferIndex = 0, BufferSize = 0x00010000)
TB6CC 037:421.772   - 0.046ms returns 0
TB6CC 037:472.868   JLINK_RTTERMINAL_Read(BufferIndex = 0, BufferSize = 0x00010000)
TB6CC 037:472.928   - 0.059ms returns 0
T85DC 037:503.656 JLINK_IsHalted()
T85DC 037:505.272 - 1.615ms returns FALSE
T85DC 037:505.344 JLINK_IsHalted()
T85DC 037:507.132 - 1.789ms returns FALSE
TB6CC 037:523.772   JLINK_RTTERMINAL_Read(BufferIndex = 0, BufferSize = 0x00010000)
TB6CC 037:523.852   - 0.081ms returns 0
TB6CC 037:574.700   JLINK_RTTERMINAL_Read(BufferIndex = 0, BufferSize = 0x00010000)
TB6CC 037:574.748   - 0.047ms returns 0
T85DC 037:612.744 JLINK_IsHalted()
T85DC 037:614.716 - 1.972ms returns FALSE
T85DC 037:614.792 JLINK_IsHalted()
T85DC 037:616.736 - 1.944ms returns FALSE
TB6CC 037:625.884   JLINK_RTTERMINAL_Read(BufferIndex = 0, BufferSize = 0x00010000)
TB6CC 037:625.968   - 0.088ms returns 0
TB6CC 037:676.768   JLINK_RTTERMINAL_Read(BufferIndex = 0, BufferSize = 0x00010000)
TB6CC 037:676.824   - 0.056ms returns 0
T85DC 037:722.668 JLINK_IsHalted()
T85DC 037:723.988 - 1.315ms returns FALSE
T85DC 037:724.032 JLINK_IsHalted()
T85DC 037:726.004 - 1.967ms returns FALSE
TB6CC 037:728.928   JLINK_RTTERMINAL_Read(BufferIndex = 0, BufferSize = 0x00010000)
TB6CC 037:728.992   - 0.064ms returns 0
T87A8 037:747.016 JLINK_IsHalted()
T87A8 037:749.012 - 1.994ms returns FALSE
T87A8 037:749.072 JLINK_IsHalted()
T87A8 037:750.792 - 1.719ms returns FALSE
TB6CC 037:779.672   JLINK_RTTERMINAL_Read(BufferIndex = 0, BufferSize = 0x00010000)
TB6CC 037:779.712   - 0.043ms returns 0
TB6CC 037:831.624   JLINK_RTTERMINAL_Read(BufferIndex = 0, BufferSize = 0x00010000)
TB6CC 037:831.664   - 0.044ms returns 0
T85DC 037:831.784 JLINK_IsHalted()
T85DC 037:833.484 - 1.697ms returns FALSE
T85DC 037:833.512 JLINK_IsHalted()
T85DC 037:835.384 - 1.872ms returns FALSE
TB6CC 037:882.776   JLINK_RTTERMINAL_Read(BufferIndex = 0, BufferSize = 0x00010000)
TB6CC 037:882.824   - 0.052ms returns 0
TB6CC 037:933.808   JLINK_RTTERMINAL_Read(BufferIndex = 0, BufferSize = 0x00010000)
TB6CC 037:933.876   - 0.069ms returns 0
T85DC 037:940.612 JLINK_IsHalted()
T85DC 037:942.440 - 1.829ms returns FALSE
T85DC 037:942.472 JLINK_IsHalted()
T85DC 037:944.280 - 1.808ms returns FALSE
TB6CC 037:986.464   JLINK_RTTERMINAL_Read(BufferIndex = 0, BufferSize = 0x00010000)
TB6CC 037:986.516   - 0.050ms returns 0
TB6CC 038:037.700   JLINK_RTTERMINAL_Read(BufferIndex = 0, BufferSize = 0x00010000)
TB6CC 038:037.752   - 0.054ms returns 0
T85DC 038:050.592 JLINK_IsHalted()
T85DC 038:052.504 - 1.907ms returns FALSE
T85DC 038:052.544 JLINK_IsHalted()
T85DC 038:054.368 - 1.819ms returns FALSE
TB6CC 038:090.400   JLINK_RTTERMINAL_Read(BufferIndex = 0, BufferSize = 0x00010000)
TB6CC 038:090.456   - 0.053ms returns 0
TB6CC 038:141.772   JLINK_RTTERMINAL_Read(BufferIndex = 0, BufferSize = 0x00010000)
TB6CC 038:141.856   - 0.084ms returns 0
T85DC 038:159.624 JLINK_IsHalted()
T85DC 038:161.612 - 1.990ms returns FALSE
T85DC 038:161.656 JLINK_IsHalted()
T85DC 038:163.484 - 1.828ms returns FALSE
TB6CC 038:192.776   JLINK_RTTERMINAL_Read(BufferIndex = 0, BufferSize = 0x00010000)
TB6CC 038:192.848   - 0.071ms returns 0
TB6CC 038:243.724   JLINK_RTTERMINAL_Read(BufferIndex = 0, BufferSize = 0x00010000)
TB6CC 038:243.796   - 0.074ms returns 0
T85DC 038:268.584 JLINK_IsHalted()
T85DC 038:270.404 - 1.820ms returns FALSE
T85DC 038:270.444 JLINK_IsHalted()
T85DC 038:272.296 - 1.847ms returns FALSE
TB6CC 038:294.660   JLINK_RTTERMINAL_Read(BufferIndex = 0, BufferSize = 0x00010000)
TB6CC 038:294.712   - 0.053ms returns 0
TB6CC 038:345.644   JLINK_RTTERMINAL_Read(BufferIndex = 0, BufferSize = 0x00010000)
TB6CC 038:345.688   - 0.047ms returns 0
T85DC 038:378.620 JLINK_IsHalted()
T85DC 038:380.588 - 1.965ms returns FALSE
T85DC 038:380.620 JLINK_IsHalted()
T85DC 038:382.452 - 1.829ms returns FALSE
TB6CC 038:396.648   JLINK_RTTERMINAL_Read(BufferIndex = 0, BufferSize = 0x00010000)
TB6CC 038:396.700   - 0.049ms returns 0
TB6CC 038:447.684   JLINK_RTTERMINAL_Read(BufferIndex = 0, BufferSize = 0x00010000)
TB6CC 038:447.732   - 0.049ms returns 0
T85DC 038:487.608 JLINK_IsHalted()
T85DC 038:488.740 - 1.126ms returns FALSE
T85DC 038:488.824 JLINK_IsHalted()
T85DC 038:490.600 - 1.776ms returns FALSE
TB6CC 038:498.692   JLINK_RTTERMINAL_Read(BufferIndex = 0, BufferSize = 0x00010000)
TB6CC 038:498.736   - 0.045ms returns 0
TB6CC 038:549.736   JLINK_RTTERMINAL_Read(BufferIndex = 0, BufferSize = 0x00010000)
TB6CC 038:549.796   - 0.058ms returns 0
T85DC 038:597.528 JLINK_IsHalted()
T85DC 038:599.552 - 2.021ms returns FALSE
T85DC 038:599.604 JLINK_IsHalted()
T85DC 038:601.456 - 1.851ms returns FALSE
TB6CC 038:601.524   JLINK_RTTERMINAL_Read(BufferIndex = 0, BufferSize = 0x00010000)
TB6CC 038:601.544   - 0.025ms returns 0
TB6CC 038:652.696   JLINK_RTTERMINAL_Read(BufferIndex = 0, BufferSize = 0x00010000)
TB6CC 038:652.744   - 0.046ms returns 0
TB6CC 038:703.752   JLINK_RTTERMINAL_Read(BufferIndex = 0, BufferSize = 0x00010000)
TB6CC 038:703.800   - 0.051ms returns 0
T85DC 038:706.608 JLINK_IsHalted()
T85DC 038:708.588 - 1.979ms returns FALSE
T85DC 038:708.628 JLINK_IsHalted()
T85DC 038:710.484 - 1.853ms returns FALSE
T87A8 038:750.968 JLINK_IsHalted()
T87A8 038:752.228 - 1.260ms returns FALSE
T87A8 038:752.256 JLINK_IsHalted()
T87A8 038:754.108 - 1.850ms returns FALSE
TB6CC 038:754.728   JLINK_RTTERMINAL_Read(BufferIndex = 0, BufferSize = 0x00010000)
TB6CC 038:754.776   - 0.050ms returns 0
TB6CC 038:805.812   JLINK_RTTERMINAL_Read(BufferIndex = 0, BufferSize = 0x00010000)
TB6CC 038:805.876   - 0.065ms returns 0
T85DC 038:815.572 JLINK_IsHalted()
T85DC 038:816.936 - 1.364ms returns FALSE
T85DC 038:816.984 JLINK_IsHalted()
T85DC 038:818.848 - 1.864ms returns FALSE
TB6CC 038:856.796   JLINK_RTTERMINAL_Read(BufferIndex = 0, BufferSize = 0x00010000)
TB6CC 038:856.840   - 0.041ms returns 0
TB6CC 038:907.912   JLINK_RTTERMINAL_Read(BufferIndex = 0, BufferSize = 0x00010000)
TB6CC 038:907.960   - 0.044ms returns 0
T85DC 038:925.624 JLINK_IsHalted()
T85DC 038:927.400 - 1.777ms returns FALSE
T85DC 038:927.444 JLINK_IsHalted()
T85DC 038:929.288 - 1.846ms returns FALSE
TB6CC 038:958.728   JLINK_RTTERMINAL_Read(BufferIndex = 0, BufferSize = 0x00010000)
TB6CC 038:958.776   - 0.049ms returns 0
TB6CC 039:009.768   JLINK_RTTERMINAL_Read(BufferIndex = 0, BufferSize = 0x00010000)
TB6CC 039:009.864   - 0.091ms returns 0
T85DC 039:036.428 JLINK_IsHalted()
T85DC 039:038.200 - 1.770ms returns FALSE
T85DC 039:038.232 JLINK_IsHalted()
T85DC 039:040.132 - 1.898ms returns FALSE
TB6CC 039:060.616   JLINK_RTTERMINAL_Read(BufferIndex = 0, BufferSize = 0x00010000)
TB6CC 039:060.660   - 0.040ms returns 0
TB6CC 039:111.992   JLINK_RTTERMINAL_Read(BufferIndex = 0, BufferSize = 0x00010000)
TB6CC 039:112.088   - 0.101ms returns 0
T85DC 039:143.656 JLINK_IsHalted()
T85DC 039:145.184 - 1.527ms returns FALSE
T85DC 039:145.324 JLINK_IsHalted()
T85DC 039:146.808 - 1.477ms returns FALSE
TB6CC 039:163.032   JLINK_RTTERMINAL_Read(BufferIndex = 0, BufferSize = 0x00010000)
TB6CC 039:163.204   - 0.171ms returns 0
TB6CC 039:213.760   JLINK_RTTERMINAL_Read(BufferIndex = 0, BufferSize = 0x00010000)
TB6CC 039:213.816   - 0.057ms returns 0
TB6CC 039:264.744   JLINK_RTTERMINAL_Read(BufferIndex = 0, BufferSize = 0x00010000)
TB6CC 039:264.792   - 0.050ms returns 0
TB6CC 039:315.788   JLINK_RTTERMINAL_Read(BufferIndex = 0, BufferSize = 0x00010000)
TB6CC 039:315.852   - 0.068ms returns 0
TB6CC 039:367.252   JLINK_RTTERMINAL_Read(BufferIndex = 0, BufferSize = 0x00010000)
TB6CC 039:367.296   - 0.044ms returns 0
TB6CC 039:417.692   JLINK_RTTERMINAL_Read(BufferIndex = 0, BufferSize = 0x00010000)
TB6CC 039:417.736   - 0.044ms returns 0
TB6CC 039:468.684   JLINK_RTTERMINAL_Read(BufferIndex = 0, BufferSize = 0x00010000)
TB6CC 039:468.728   - 0.046ms returns 0
TB6CC 039:519.720   JLINK_RTTERMINAL_Read(BufferIndex = 0, BufferSize = 0x00010000)
TB6CC 039:519.784   - 0.064ms returns 0
TB6CC 039:570.788   JLINK_RTTERMINAL_Read(BufferIndex = 0, BufferSize = 0x00010000)
TB6CC 039:570.860   - 0.072ms returns 0
TB6CC 039:622.988   JLINK_RTTERMINAL_Read(BufferIndex = 0, BufferSize = 0x00010000)
TB6CC 039:623.036   - 0.049ms returns 0
TB6CC 039:673.732   JLINK_RTTERMINAL_Read(BufferIndex = 0, BufferSize = 0x00010000)
TB6CC 039:673.788   - 0.058ms returns 0
T5C58 039:691.392 JLINK_Halt()
T5C58 039:700.516 - 9.120ms returns 0x00
T5C58 039:700.584 JLINK_ReadReg(XPSR)
T5C58 039:702.464   CPU_ReadMem(4 bytes @ 0xE000EE08)
T5C58 039:704.408 - 3.819ms returns 0x21000000
T5C58 039:707.028 JLINK_Close()
T5C58 039:708.356   OnDisconnectTarget() start
T5C58 039:708.412    J-Link Script File: Executing OnDisconnectTarget()
T5C58 039:708.428   Restoring low power mode settings.
T5C58 039:713.352   OnDisconnectTarget() end - Took 4.93ms
T5C58 039:720.200 - 13.171ms
T5C58 039:720.252   
T5C58 039:720.264   Closed
