T688C 000:001.171   SEGGER J-Link V7.98g Log File
T688C 000:001.335   DLL Compiled: Sep  5 2024 11:46:36
T688C 000:001.351   Logging started @ 2024-11-28 07:06
T688C 000:001.366   Process: C:\Users\a5141124\.eclipse\com.renesas.platform_1232984376\DebugComp\RA\e2-server-gdb.exe
T688C 000:001.383 - 1.381ms
T688C 000:001.412 JLINK_GetDLLVersion()
T688C 000:001.438 - 0.020ms returns 79807
T688C 000:007.574 JLINK_OpenEx(...)
T688C 000:017.335   Firmware: J-Link OB-RA4M2 compiled Oct  9 2024 11:01:47
T688C 000:018.372   Firmware: J-Link OB-RA4M2 compiled Oct  9 2024 11:01:47
T688C 000:033.143   Hardware: V1.00
T688C 000:033.257   S/N: 1083087921
T688C 000:033.277   OEM: SEGGER
T688C 000:033.297   Feature(s): None
T688C 000:034.637   Bootloader: 2021 May 14
T688C 000:035.214   USB speed mode: Full speed (12 MBit/s)
T688C 000:035.859   TELNET listener socket opened on port 19021
T688C 000:036.164   WEBSRV WEBSRV_Init(): Starting webserver thread(s)
T688C 000:036.450   WEBSRV Webserver running on local port 19080
T688C 000:036.770   Looking for J-Link GUI Server exe at: C:\Users\a5141124\.eclipse\com.renesas.platform_1232984376\DebugComp\RA\ARM\Segger_v7.98.7\JLinkGUIServer.exe
T688C 000:037.069   Looking for J-Link GUI Server exe at: C:\Users\a5141124\SEGGER\JLink_V796i\JLinkGUIServer.exe
T688C 000:037.165   Forking J-Link GUI Server: C:\Users\a5141124\SEGGER\JLink_V796i\JLinkGUIServer.exe
T688C 000:089.034   J-Link GUI Server info: "J-Link GUI server V7.96i "
T688C 000:093.024 - 85.445ms returns "O.K."
T688C 000:093.420 JLINK_TIF_Select(JLINKARM_TIF_SWD)
T688C 000:094.051 - 0.631ms returns 0x00
T688C 000:094.093 JLINK_ClrRESET()
T688C 000:094.365 - 0.272ms
T688C 000:145.612 JLINK_SetSpeed(1500)
T688C 000:145.867 - 0.261ms
T688C 000:145.910 JLINK_CORESIGHT_Configure(PerformTIFInit=0)
T688C 000:146.315 - 0.408ms returns 0
T688C 000:146.358 JLINK_CORESIGHT_ReadAPDPReg(DP reg 0x00)
T688C 000:146.904   Value=0x6BA02477
T688C 000:146.946 - 0.588ms returns 0
T688C 000:146.963 JLINK_CORESIGHT_WriteAPDPReg(DP reg 0x00, 0x0000001F)
T688C 000:147.292 - 0.328ms returns 0
T688C 000:147.326 JLINK_CORESIGHT_ReadAPDPReg(DP reg 0x00)
T688C 000:147.666   Value=0x6BA02477
T688C 000:147.704 - 0.378ms returns 0
T688C 000:147.720 JLINK_CORESIGHT_WriteAPDPReg(DP reg 0x02, 0x00000000)
T688C 000:148.019 - 0.298ms returns 0
T688C 000:148.051 JLINK_CORESIGHT_WriteAPDPReg(DP reg 0x01, 0x50000000)
T688C 000:148.349 - 0.297ms returns 0
T688C 000:148.388 JLINK_CORESIGHT_ReadAPDPReg(DP reg 0x01)
T688C 000:148.706   Value=0xF0000040
T688C 000:148.747 - 0.358ms returns 0
T688C 000:148.763 JLINK_CORESIGHT_WriteAPDPReg(DP reg 0x00, 0x0000001F)
T688C 000:149.063 - 0.300ms returns 0
T688C 000:149.098 JLINK_CORESIGHT_ReadAPDPReg(DP reg 0x00)
T688C 000:149.510   Value=0x6BA02477
T688C 000:149.554 - 0.456ms returns 0
T688C 000:149.577 JLINK_CORESIGHT_WriteAPDPReg(DP reg 0x01, 0x54000000)
T688C 000:149.887 - 0.310ms returns 0
T688C 000:149.924 JLINK_CORESIGHT_WriteAPDPReg(DP reg 0x01, 0x50000F00)
T688C 000:150.242 - 0.317ms returns 0
T688C 000:150.277 JLINK_CORESIGHT_WriteAPDPReg(DP reg 0x02, 0x01000000)
T688C 000:150.674 - 0.397ms returns 0
T688C 000:150.715 JLINK_CORESIGHT_WriteAPDPReg(AP reg 0x00, 0x80000002)
T688C 000:151.047 - 0.332ms returns 0
T688C 000:151.085 JLINK_CORESIGHT_WriteAPDPReg(AP reg 0x01, 0x80011100)
T688C 000:151.340 - 0.255ms returns 0
T688C 000:151.369 JLINK_CORESIGHT_WriteAPDPReg(AP reg 0x03, 0x000000A5)
T688C 000:151.596 - 0.227ms returns 0
T688C 000:151.615 JLINK_CORESIGHT_WriteAPDPReg(AP reg 0x00, 0x80000002)
T688C 000:151.887 - 0.271ms returns 0
T688C 000:151.938 JLINK_CORESIGHT_WriteAPDPReg(AP reg 0x01, 0x80011100)
T688C 000:152.159 - 0.221ms returns 0
T688C 000:152.195 JLINK_CORESIGHT_ReadAPDPReg(AP reg 0x03)
T688C 000:152.473   Value=0x000000A5
T688C 000:152.517 - 0.322ms returns 0
T688C 000:152.543 JLINK_ClrTMS()
T688C 000:152.659 - 0.121ms
T688C 000:157.962 JLINK_SetTCK()
T688C 000:158.130 - 0.168ms returns 0
T688C 000:163.501 JLINK_SetRESET()
T688C 000:163.801 - 0.300ms
T688C 000:364.278 JLINK_CORESIGHT_WriteAPDPReg(AP reg 0x00, 0x80000002)
T688C 000:364.750 - 0.474ms returns 0
T688C 000:364.787 JLINK_CORESIGHT_WriteAPDPReg(AP reg 0x01, 0x80011100)
T688C 000:365.163 - 0.376ms returns 0
T688C 000:365.200 JLINK_CORESIGHT_ReadAPDPReg(AP reg 0x03)
T688C 000:365.621   Value=0x00000000
T688C 000:365.661 - 0.460ms returns 0
T688C 000:365.680 JLINK_CORESIGHT_WriteAPDPReg(AP reg 0x00, 0x80000002)
T688C 000:365.985 - 0.305ms returns 0
T688C 000:366.046 JLINK_CORESIGHT_WriteAPDPReg(AP reg 0x01, 0x80011140)
T688C 000:366.374 - 0.328ms returns 0
T688C 000:366.412 JLINK_CORESIGHT_ReadAPDPReg(AP reg 0x03)
T688C 000:366.846   Value=0x00000002
T688C 000:366.888 - 0.475ms returns 0
T688C 000:366.907 JLINK_CORESIGHT_WriteAPDPReg(AP reg 0x00, 0x80000002)
T688C 000:367.268 - 0.361ms returns 0
T688C 000:367.305 JLINK_CORESIGHT_WriteAPDPReg(AP reg 0x01, 0x80011120)
T688C 000:367.590 - 0.284ms returns 0
T688C 000:367.626 JLINK_CORESIGHT_WriteAPDPReg(AP reg 0x03, 0x00000055)
T688C 000:367.883 - 0.256ms returns 0
T688C 000:367.920 JLINK_CORESIGHT_WriteAPDPReg(AP reg 0x00, 0x80000002)
T688C 000:368.188 - 0.267ms returns 0
T688C 000:368.226 JLINK_CORESIGHT_WriteAPDPReg(AP reg 0x01, 0x80011140)
T688C 000:368.487 - 0.260ms returns 0
T688C 000:368.524 JLINK_CORESIGHT_ReadAPDPReg(AP reg 0x03)
T688C 000:368.875   Value=0x00000000
T688C 000:368.925 - 0.400ms returns 0
T688C 000:368.947 JLINK_CORESIGHT_WriteAPDPReg(AP reg 0x00, 0x80000002)
T688C 000:369.256 - 0.309ms returns 0
T688C 000:369.300 JLINK_CORESIGHT_WriteAPDPReg(AP reg 0x01, 0x80011130)
T688C 000:369.672 - 0.372ms returns 0
T688C 000:369.717 JLINK_CORESIGHT_ReadAPDPReg(AP reg 0x03)
T688C 000:370.094   Value=0x000000C6
T688C 000:370.144 - 0.426ms returns 0
T688C 000:370.171 JLINK_CORESIGHT_WriteAPDPReg(AP reg 0x00, 0x80000002)
T688C 000:370.418 - 0.247ms returns 0
T688C 000:370.462 JLINK_CORESIGHT_WriteAPDPReg(AP reg 0x01, 0x80011140)
T688C 000:370.696 - 0.233ms returns 0
T688C 000:370.742 JLINK_CORESIGHT_ReadAPDPReg(AP reg 0x03)
T688C 000:371.036   Value=0x00000002
T688C 000:371.088 - 0.346ms returns 0
T688C 000:371.106 JLINK_CORESIGHT_WriteAPDPReg(AP reg 0x00, 0x80000002)
T688C 000:371.345 - 0.238ms returns 0
T688C 000:371.380 JLINK_CORESIGHT_WriteAPDPReg(AP reg 0x01, 0x80011120)
T688C 000:371.640 - 0.259ms returns 0
T688C 000:371.675 JLINK_CORESIGHT_WriteAPDPReg(AP reg 0x03, 0x3A010001)
T688C 000:371.903 - 0.228ms returns 0
T688C 000:371.939 JLINK_CORESIGHT_WriteAPDPReg(AP reg 0x00, 0x80000002)
T688C 000:372.176 - 0.236ms returns 0
T688C 000:372.214 JLINK_CORESIGHT_WriteAPDPReg(AP reg 0x01, 0x80011140)
T688C 000:372.419 - 0.205ms returns 0
T688C 000:372.456 JLINK_CORESIGHT_ReadAPDPReg(AP reg 0x03)
T688C 000:372.722   Value=0x00000002
T688C 000:372.762 - 0.305ms returns 0
T688C 000:372.779 JLINK_CORESIGHT_WriteAPDPReg(AP reg 0x00, 0x80000002)
T688C 000:372.987 - 0.207ms returns 0
T688C 000:373.027 JLINK_CORESIGHT_WriteAPDPReg(AP reg 0x01, 0x80011120)
T688C 000:373.258 - 0.231ms returns 0
T688C 000:373.294 JLINK_CORESIGHT_WriteAPDPReg(AP reg 0x03, 0x000003C5)
T688C 000:373.690 - 0.396ms returns 0
T688C 000:373.727 JLINK_CORESIGHT_WriteAPDPReg(AP reg 0x00, 0x80000002)
T688C 000:373.984 - 0.256ms returns 0
T688C 000:374.206 JLINK_CORESIGHT_WriteAPDPReg(AP reg 0x01, 0x80011140)
T688C 000:374.480 - 0.276ms returns 0
T688C 000:374.519 JLINK_CORESIGHT_ReadAPDPReg(AP reg 0x03)
T688C 000:374.867   Value=0x00000002
T688C 000:374.911 - 0.391ms returns 0
T688C 000:374.929 JLINK_CORESIGHT_ReadAPDPReg(AP reg 0x03)
T688C 000:375.377   Value=0x00000002
T688C 000:375.417 - 0.488ms returns 0
T688C 000:375.435 JLINK_CORESIGHT_ReadAPDPReg(AP reg 0x03)
T688C 000:375.715   Value=0x00000002
T688C 000:375.748 - 0.313ms returns 0
T688C 000:375.767 JLINK_CORESIGHT_ReadAPDPReg(AP reg 0x03)
T688C 000:376.060   Value=0x00000002
T688C 000:376.085 - 0.318ms returns 0
T688C 000:376.100 JLINK_CORESIGHT_ReadAPDPReg(AP reg 0x03)
T688C 000:376.360   Value=0x00000002
T688C 000:376.384 - 0.284ms returns 0
T688C 000:376.400 JLINK_CORESIGHT_ReadAPDPReg(AP reg 0x03)
T688C 000:376.659   Value=0x00000002
T688C 000:376.698 - 0.298ms returns 0
T688C 000:376.718 JLINK_CORESIGHT_ReadAPDPReg(AP reg 0x03)
T688C 000:376.983   Value=0x00000002
T688C 000:377.012 - 0.294ms returns 0
T688C 000:377.030 JLINK_CORESIGHT_ReadAPDPReg(AP reg 0x03)
T688C 000:377.464   Value=0x00000000
T688C 000:377.490 - 0.460ms returns 0
T688C 000:377.510 JLINK_CORESIGHT_WriteAPDPReg(AP reg 0x00, 0x80000002)
T688C 000:377.706 - 0.195ms returns 0
T688C 000:377.729 JLINK_CORESIGHT_WriteAPDPReg(AP reg 0x01, 0x80011130)
T688C 000:377.891 - 0.162ms returns 0
T688C 000:377.911 JLINK_CORESIGHT_ReadAPDPReg(AP reg 0x03)
T688C 000:378.125   Value=0x3A2A0081
T688C 000:378.150 - 0.239ms returns 0
T688C 000:378.167 JLINK_CORESIGHT_WriteAPDPReg(AP reg 0x00, 0x80000002)
T688C 000:378.355 - 0.188ms returns 0
T688C 000:378.375 JLINK_CORESIGHT_WriteAPDPReg(AP reg 0x01, 0x80011140)
T688C 000:378.598 - 0.223ms returns 0
T688C 000:378.618 JLINK_CORESIGHT_ReadAPDPReg(AP reg 0x03)
T688C 000:378.837   Value=0x00000000
T688C 000:378.862 - 0.243ms returns 0
T688C 000:378.878 JLINK_CORESIGHT_WriteAPDPReg(AP reg 0x00, 0x80000002)
T688C 000:379.045 - 0.166ms returns 0
T688C 000:379.064 JLINK_CORESIGHT_WriteAPDPReg(AP reg 0x01, 0x80011130)
T688C 000:379.245 - 0.180ms returns 0
T688C 000:379.264 JLINK_CORESIGHT_ReadAPDPReg(AP reg 0x03)
T688C 000:379.479   Value=0x808D5B00
T688C 000:379.503 - 0.239ms returns 0
T688C 000:379.520 JLINK_CORESIGHT_WriteAPDPReg(AP reg 0x00, 0x80000002)
T688C 000:379.705 - 0.185ms returns 0
T688C 000:379.727 JLINK_CORESIGHT_WriteAPDPReg(AP reg 0x01, 0x80011140)
T688C 000:379.888 - 0.160ms returns 0
T688C 000:379.908 JLINK_CORESIGHT_ReadAPDPReg(AP reg 0x03)
T688C 000:380.122   Value=0x00000000
T688C 000:380.147 - 0.239ms returns 0
T688C 000:380.164 JLINK_CORESIGHT_WriteAPDPReg(AP reg 0x00, 0x80000002)
T688C 000:380.345 - 0.181ms returns 0
T688C 000:380.365 JLINK_CORESIGHT_WriteAPDPReg(AP reg 0x01, 0x80011130)
T688C 000:380.598 - 0.233ms returns 0
T688C 000:380.618 JLINK_CORESIGHT_ReadAPDPReg(AP reg 0x03)
T688C 000:380.831   Value=0x0603030B
T688C 000:380.856 - 0.238ms returns 0
T688C 000:380.873 JLINK_CORESIGHT_WriteAPDPReg(AP reg 0x00, 0x80000002)
T688C 000:381.037 - 0.164ms returns 0
T688C 000:381.057 JLINK_CORESIGHT_WriteAPDPReg(AP reg 0x01, 0x80011140)
T688C 000:381.219 - 0.162ms returns 0
T688C 000:381.239 JLINK_CORESIGHT_ReadAPDPReg(AP reg 0x03)
T688C 000:381.477   Value=0x00000000
T688C 000:381.501 - 0.262ms returns 0
T688C 000:381.518 JLINK_CORESIGHT_WriteAPDPReg(AP reg 0x00, 0x80000002)
T688C 000:381.706 - 0.187ms returns 0
T688C 000:381.730 JLINK_CORESIGHT_WriteAPDPReg(AP reg 0x01, 0x80011130)
T688C 000:381.892 - 0.162ms returns 0
T688C 000:381.912 JLINK_CORESIGHT_ReadAPDPReg(AP reg 0x03)
T688C 000:382.126   Value=0x2E4B4E20
T688C 000:382.150 - 0.238ms returns 0
T688C 000:382.167 JLINK_CORESIGHT_WriteAPDPReg(AP reg 0x00, 0x80000002)
T688C 000:382.344 - 0.177ms returns 0
T688C 000:382.364 JLINK_CORESIGHT_WriteAPDPReg(AP reg 0x01, 0x80011140)
T688C 000:382.598 - 0.234ms returns 0
T688C 000:382.618 JLINK_CORESIGHT_ReadAPDPReg(AP reg 0x03)
T688C 000:382.827   Value=0x00000000
T688C 000:382.851 - 0.233ms returns 0
T688C 000:382.868 JLINK_CORESIGHT_WriteAPDPReg(AP reg 0x00, 0x80000002)
T688C 000:383.033 - 0.164ms returns 0
T688C 000:383.052 JLINK_CORESIGHT_WriteAPDPReg(AP reg 0x01, 0x80011130)
T688C 000:383.219 - 0.167ms returns 0
T688C 000:383.239 JLINK_CORESIGHT_ReadAPDPReg(AP reg 0x03)
T688C 000:383.475   Value=0x46AA63EA
T688C 000:383.499 - 0.259ms returns 0
T688C 000:383.515 JLINK_CORESIGHT_WriteAPDPReg(AP reg 0x00, 0x80000002)
T688C 000:383.707 - 0.191ms returns 0
T688C 000:383.729 JLINK_CORESIGHT_WriteAPDPReg(AP reg 0x01, 0x80011140)
T688C 000:383.905 - 0.175ms returns 0
T688C 000:383.924 JLINK_CORESIGHT_ReadAPDPReg(AP reg 0x03)
T688C 000:384.145   Value=0x00000000
T688C 000:384.169 - 0.244ms returns 0
T688C 000:384.186 JLINK_CORESIGHT_WriteAPDPReg(AP reg 0x00, 0x80000002)
T688C 000:384.345 - 0.159ms returns 0
T688C 000:384.373 JLINK_CORESIGHT_WriteAPDPReg(AP reg 0x01, 0x80011130)
T688C 000:384.600 - 0.226ms returns 0
T688C 000:384.628 JLINK_CORESIGHT_ReadAPDPReg(AP reg 0x03)
T688C 000:384.846   Value=0x31305853
T688C 000:384.873 - 0.245ms returns 0
T688C 000:384.891 JLINK_CORESIGHT_WriteAPDPReg(AP reg 0x00, 0x80000002)
T688C 000:385.057 - 0.166ms returns 0
T688C 000:385.077 JLINK_CORESIGHT_WriteAPDPReg(AP reg 0x01, 0x80011140)
T688C 000:385.245 - 0.168ms returns 0
T688C 000:385.264 JLINK_CORESIGHT_ReadAPDPReg(AP reg 0x03)
T688C 000:385.503   Value=0x00000000
T688C 000:385.527 - 0.262ms returns 0
T688C 000:385.544 JLINK_CORESIGHT_WriteAPDPReg(AP reg 0x00, 0x80000002)
T688C 000:385.718 - 0.174ms returns 0
T688C 000:385.741 JLINK_CORESIGHT_WriteAPDPReg(AP reg 0x01, 0x80011130)
T688C 000:385.904 - 0.163ms returns 0
T688C 000:385.924 JLINK_CORESIGHT_ReadAPDPReg(AP reg 0x03)
T688C 000:386.145   Value=0x7F064333
T688C 000:386.169 - 0.245ms returns 0
T688C 000:386.186 JLINK_CORESIGHT_WriteAPDPReg(AP reg 0x00, 0x80000002)
T688C 000:386.370 - 0.184ms returns 0
T688C 000:386.389 JLINK_CORESIGHT_WriteAPDPReg(AP reg 0x01, 0x80011140)
T688C 000:386.599 - 0.209ms returns 0
T688C 000:386.622 JLINK_CORESIGHT_ReadAPDPReg(AP reg 0x03)
T688C 000:386.839   Value=0x00000000
T688C 000:386.867 - 0.244ms returns 0
T688C 000:386.884 JLINK_CORESIGHT_WriteAPDPReg(AP reg 0x00, 0x80000002)
T688C 000:387.051 - 0.167ms returns 0
T688C 000:387.071 JLINK_CORESIGHT_WriteAPDPReg(AP reg 0x01, 0x80011130)
T688C 000:387.245 - 0.174ms returns 0
T688C 000:387.267 JLINK_CORESIGHT_ReadAPDPReg(AP reg 0x03)
T688C 000:387.481   Value=0x46375293
T688C 000:387.506 - 0.238ms returns 0
T688C 000:387.523 JLINK_CORESIGHT_WriteAPDPReg(AP reg 0x00, 0x80000002)
T688C 000:387.705 - 0.182ms returns 0
T688C 000:387.727 JLINK_CORESIGHT_WriteAPDPReg(AP reg 0x01, 0x80011140)
T688C 000:387.888 - 0.160ms returns 0
T688C 000:387.908 JLINK_CORESIGHT_ReadAPDPReg(AP reg 0x03)
T688C 000:388.121   Value=0x00000000
T688C 000:388.145 - 0.237ms returns 0
T688C 000:388.162 JLINK_CORESIGHT_WriteAPDPReg(AP reg 0x00, 0x80000002)
T688C 000:388.325 - 0.163ms returns 0
T688C 000:388.345 JLINK_CORESIGHT_WriteAPDPReg(AP reg 0x01, 0x80011130)
T688C 000:388.598 - 0.253ms returns 0
T688C 000:388.620 JLINK_CORESIGHT_ReadAPDPReg(AP reg 0x03)
T688C 000:388.854   Value=0x31443841
T688C 000:388.878 - 0.258ms returns 0
T688C 000:388.895 JLINK_CORESIGHT_WriteAPDPReg(AP reg 0x00, 0x80000002)
T688C 000:389.059 - 0.163ms returns 0
T688C 000:389.083 JLINK_CORESIGHT_WriteAPDPReg(AP reg 0x01, 0x80011140)
T688C 000:389.246 - 0.162ms returns 0
T688C 000:389.269 JLINK_CORESIGHT_ReadAPDPReg(AP reg 0x03)
T688C 000:389.481   Value=0x00000000
T688C 000:389.506 - 0.237ms returns 0
T688C 000:389.524 JLINK_CORESIGHT_WriteAPDPReg(AP reg 0x00, 0x80000002)
T688C 000:389.711 - 0.186ms returns 0
T688C 000:389.760 JLINK_CORESIGHT_WriteAPDPReg(AP reg 0x01, 0x80011130)
T688C 000:389.955 - 0.195ms returns 0
T688C 000:389.992 JLINK_CORESIGHT_ReadAPDPReg(AP reg 0x03)
T688C 000:390.216   Value=0x43454842
T688C 000:390.246 - 0.253ms returns 0
T688C 000:390.265 JLINK_CORESIGHT_WriteAPDPReg(AP reg 0x00, 0x80000002)
T688C 000:390.432 - 0.167ms returns 0
T688C 000:390.454 JLINK_CORESIGHT_WriteAPDPReg(AP reg 0x01, 0x80011140)
T688C 000:390.631 - 0.177ms returns 0
T688C 000:390.667 JLINK_CORESIGHT_ReadAPDPReg(AP reg 0x03)
T688C 000:390.927   Value=0x00000000
T688C 000:390.962 - 0.295ms returns 0
T688C 000:390.982 JLINK_CORESIGHT_WriteAPDPReg(AP reg 0x00, 0x80000002)
T688C 000:391.191 - 0.209ms returns 0
T688C 000:391.215 JLINK_CORESIGHT_WriteAPDPReg(AP reg 0x01, 0x80011130)
T688C 000:391.396 - 0.180ms returns 0
T688C 000:391.422 JLINK_CORESIGHT_ReadAPDPReg(AP reg 0x03)
T688C 000:391.656   Value=0x20204442
T688C 000:391.688 - 0.266ms returns 0
T688C 000:391.706 JLINK_CORESIGHT_WriteAPDPReg(AP reg 0x00, 0x80000002)
T688C 000:391.870 - 0.164ms returns 0
T688C 000:391.894 JLINK_CORESIGHT_WriteAPDPReg(AP reg 0x01, 0x80011140)
T688C 000:392.059 - 0.165ms returns 0
T688C 000:392.117 JLINK_CORESIGHT_ReadAPDPReg(AP reg 0x03)
T688C 000:392.340   Value=0x00000000
T688C 000:392.374 - 0.257ms returns 0
T688C 000:392.392 JLINK_CORESIGHT_WriteAPDPReg(AP reg 0x00, 0x80000002)
T688C 000:392.598 - 0.206ms returns 0
T688C 000:392.620 JLINK_CORESIGHT_WriteAPDPReg(AP reg 0x01, 0x80011130)
T688C 000:392.786 - 0.166ms returns 0
T688C 000:392.807 JLINK_CORESIGHT_ReadAPDPReg(AP reg 0x03)
T688C 000:393.028   Value=0x0003AA20
T688C 000:393.065 - 0.257ms returns 0
T688C 000:393.840 JLINK_CORESIGHT_WriteAPDPReg(AP reg 0x00, 0x80000002)
T688C 000:394.062 - 0.222ms returns 0
T688C 000:394.086 JLINK_CORESIGHT_WriteAPDPReg(AP reg 0x01, 0x80011140)
T688C 000:394.270 - 0.184ms returns 0
T688C 000:394.291 JLINK_CORESIGHT_ReadAPDPReg(AP reg 0x03)
T688C 000:394.520   Value=0x00000002
T688C 000:394.545 - 0.253ms returns 0
T688C 000:394.562 JLINK_CORESIGHT_WriteAPDPReg(AP reg 0x00, 0x80000002)
T688C 000:394.745 - 0.183ms returns 0
T688C 000:394.765 JLINK_CORESIGHT_WriteAPDPReg(AP reg 0x01, 0x80011120)
T688C 000:394.929 - 0.164ms returns 0
T688C 000:394.948 JLINK_CORESIGHT_WriteAPDPReg(AP reg 0x03, 0x2C010001)
T688C 000:395.120 - 0.172ms returns 0
T688C 000:395.141 JLINK_CORESIGHT_WriteAPDPReg(AP reg 0x00, 0x80000002)
T688C 000:395.309 - 0.168ms returns 0
T688C 000:395.328 JLINK_CORESIGHT_WriteAPDPReg(AP reg 0x01, 0x80011140)
T688C 000:395.495 - 0.167ms returns 0
T688C 000:395.514 JLINK_CORESIGHT_ReadAPDPReg(AP reg 0x03)
T688C 000:395.756   Value=0x00000002
T688C 000:395.781 - 0.267ms returns 0
T688C 000:395.797 JLINK_CORESIGHT_WriteAPDPReg(AP reg 0x00, 0x80000002)
T688C 000:395.973 - 0.176ms returns 0
T688C 000:395.999 JLINK_CORESIGHT_WriteAPDPReg(AP reg 0x01, 0x80011120)
T688C 000:396.163 - 0.164ms returns 0
T688C 000:396.185 JLINK_CORESIGHT_WriteAPDPReg(AP reg 0x03, 0x000003D3)
T688C 000:396.398 - 0.213ms returns 0
T688C 000:396.422 JLINK_CORESIGHT_WriteAPDPReg(AP reg 0x00, 0x80000002)
T688C 000:396.599 - 0.177ms returns 0
T688C 000:396.621 JLINK_CORESIGHT_WriteAPDPReg(AP reg 0x01, 0x80011140)
T688C 000:396.793 - 0.172ms returns 0
T688C 000:396.815 JLINK_CORESIGHT_ReadAPDPReg(AP reg 0x03)
T688C 000:397.046   Value=0x00000000
T688C 000:397.075 - 0.260ms returns 0
T688C 000:397.092 JLINK_CORESIGHT_WriteAPDPReg(AP reg 0x00, 0x80000002)
T688C 000:397.271 - 0.179ms returns 0
T688C 000:397.293 JLINK_CORESIGHT_WriteAPDPReg(AP reg 0x01, 0x80011130)
T688C 000:397.479 - 0.186ms returns 0
T688C 000:397.502 JLINK_CORESIGHT_ReadAPDPReg(AP reg 0x03)
T688C 000:397.755   Value=0x2C020081
T688C 000:397.787 - 0.284ms returns 0
T688C 000:397.803 JLINK_CORESIGHT_WriteAPDPReg(AP reg 0x00, 0x80000002)
T688C 000:397.970 - 0.166ms returns 0
T688C 000:397.990 JLINK_CORESIGHT_WriteAPDPReg(AP reg 0x01, 0x80011140)
T688C 000:398.160 - 0.170ms returns 0
T688C 000:398.181 JLINK_CORESIGHT_ReadAPDPReg(AP reg 0x03)
T688C 000:398.421   Value=0x00000000
T688C 000:398.450 - 0.269ms returns 0
T688C 000:398.467 JLINK_CORESIGHT_WriteAPDPReg(AP reg 0x00, 0x80000002)
T688C 000:398.707 - 0.240ms returns 0
T688C 000:398.728 JLINK_CORESIGHT_WriteAPDPReg(AP reg 0x01, 0x80011130)
T688C 000:398.900 - 0.170ms returns 0
T688C 000:398.922 JLINK_CORESIGHT_ReadAPDPReg(AP reg 0x03)
T688C 000:399.146   Value=0x0003CE04
T688C 000:399.174 - 0.251ms returns 0
T688C 000:399.196 JLINK_CORESIGHT_WriteAPDPReg(AP reg 0x00, 0x80000002)
T688C 000:399.381 - 0.185ms returns 0
T688C 000:399.400 JLINK_CORESIGHT_WriteAPDPReg(AP reg 0x01, 0x80011140)
T688C 000:399.598 - 0.198ms returns 0
T688C 000:399.620 JLINK_CORESIGHT_ReadAPDPReg(AP reg 0x03)
T688C 000:399.833   Value=0x00000002
T688C 000:399.857 - 0.237ms returns 0
T688C 000:399.873 JLINK_CORESIGHT_WriteAPDPReg(AP reg 0x00, 0x80000002)
T688C 000:400.036 - 0.163ms returns 0
T688C 000:400.055 JLINK_CORESIGHT_WriteAPDPReg(AP reg 0x01, 0x80011120)
T688C 000:400.220 - 0.165ms returns 0
T688C 000:400.238 JLINK_CORESIGHT_WriteAPDPReg(AP reg 0x03, 0x73010001)
T688C 000:400.399 - 0.160ms returns 0
T688C 000:400.417 JLINK_CORESIGHT_WriteAPDPReg(AP reg 0x00, 0x80000002)
T688C 000:400.598 - 0.180ms returns 0
T688C 000:400.617 JLINK_CORESIGHT_WriteAPDPReg(AP reg 0x01, 0x80011140)
T688C 000:400.781 - 0.164ms returns 0
T688C 000:400.800 JLINK_CORESIGHT_ReadAPDPReg(AP reg 0x03)
T688C 000:401.020   Value=0x00000002
T688C 000:401.045 - 0.245ms returns 0
T688C 000:401.061 JLINK_CORESIGHT_WriteAPDPReg(AP reg 0x00, 0x80000002)
T688C 000:401.246 - 0.184ms returns 0
T688C 000:401.265 JLINK_CORESIGHT_WriteAPDPReg(AP reg 0x01, 0x80011120)
T688C 000:401.429 - 0.164ms returns 0
T688C 000:401.448 JLINK_CORESIGHT_WriteAPDPReg(AP reg 0x03, 0x0000038C)
T688C 000:401.623 - 0.174ms returns 0
T688C 000:401.642 JLINK_CORESIGHT_WriteAPDPReg(AP reg 0x00, 0x80000002)
T688C 000:401.805 - 0.163ms returns 0
T688C 000:401.824 JLINK_CORESIGHT_WriteAPDPReg(AP reg 0x01, 0x80011140)
T688C 000:401.995 - 0.171ms returns 0
T688C 000:402.013 JLINK_CORESIGHT_ReadAPDPReg(AP reg 0x03)
T688C 000:402.227   Value=0x00000002
T688C 000:402.252 - 0.238ms returns 0
T688C 000:402.271 JLINK_CORESIGHT_ReadAPDPReg(AP reg 0x03)
T688C 000:402.484   Value=0x00000002
T688C 000:402.508 - 0.237ms returns 0
T688C 000:402.524 JLINK_CORESIGHT_ReadAPDPReg(AP reg 0x03)
T688C 000:402.756   Value=0x00000002
T688C 000:402.780 - 0.255ms returns 0
T688C 000:402.796 JLINK_CORESIGHT_ReadAPDPReg(AP reg 0x03)
T688C 000:403.020   Value=0x00000002
T688C 000:403.044 - 0.248ms returns 0
T688C 000:403.060 JLINK_CORESIGHT_ReadAPDPReg(AP reg 0x03)
T688C 000:403.270   Value=0x00000000
T688C 000:403.295 - 0.235ms returns 0
T688C 000:403.311 JLINK_CORESIGHT_WriteAPDPReg(AP reg 0x00, 0x80000002)
T688C 000:403.495 - 0.184ms returns 0
T688C 000:403.514 JLINK_CORESIGHT_WriteAPDPReg(AP reg 0x01, 0x80011130)
T688C 000:403.700 - 0.186ms returns 0
T688C 000:403.718 JLINK_CORESIGHT_ReadAPDPReg(AP reg 0x03)
T688C 000:404.007   Value=0x73020081
T688C 000:404.052 - 0.333ms returns 0
T688C 000:404.067 JLINK_CORESIGHT_WriteAPDPReg(AP reg 0x00, 0x80000002)
T688C 000:404.245 - 0.177ms returns 0
T688C 000:404.264 JLINK_CORESIGHT_WriteAPDPReg(AP reg 0x01, 0x80011140)
T688C 000:404.428 - 0.164ms returns 0
T688C 000:404.446 JLINK_CORESIGHT_ReadAPDPReg(AP reg 0x03)
T688C 000:404.673   Value=0x00000000
T688C 000:404.697 - 0.250ms returns 0
T688C 000:404.713 JLINK_CORESIGHT_WriteAPDPReg(AP reg 0x00, 0x80000002)
T688C 000:404.902 - 0.189ms returns 0
T688C 000:404.920 JLINK_CORESIGHT_WriteAPDPReg(AP reg 0x01, 0x80011130)
T688C 000:405.095 - 0.174ms returns 0
T688C 000:405.113 JLINK_CORESIGHT_ReadAPDPReg(AP reg 0x03)
T688C 000:405.332   Value=0x00038902
T688C 000:405.360 - 0.246ms returns 0
T688C 000:405.377 JLINK_CORESIGHT_WriteAPDPReg(AP reg 0x00, 0x80000002)
T688C 000:405.598 - 0.220ms returns 0
T688C 000:405.617 JLINK_CORESIGHT_WriteAPDPReg(AP reg 0x01, 0x80011140)
T688C 000:405.778 - 0.161ms returns 0
T688C 000:405.797 JLINK_CORESIGHT_ReadAPDPReg(AP reg 0x03)
T688C 000:406.020   Value=0x00000002
T688C 000:406.044 - 0.247ms returns 0
T688C 000:406.060 JLINK_CORESIGHT_WriteAPDPReg(AP reg 0x00, 0x80000002)
T688C 000:406.248 - 0.188ms returns 0
T688C 000:406.268 JLINK_CORESIGHT_WriteAPDPReg(AP reg 0x01, 0x80011120)
T688C 000:406.441 - 0.173ms returns 0
T688C 000:406.460 JLINK_CORESIGHT_WriteAPDPReg(AP reg 0x03, 0x75010001)
T688C 000:406.634 - 0.173ms returns 0
T688C 000:406.653 JLINK_CORESIGHT_WriteAPDPReg(AP reg 0x00, 0x80000002)
T688C 000:406.818 - 0.164ms returns 0
T688C 000:406.837 JLINK_CORESIGHT_WriteAPDPReg(AP reg 0x01, 0x80011140)
T688C 000:407.000 - 0.163ms returns 0
T688C 000:407.019 JLINK_CORESIGHT_ReadAPDPReg(AP reg 0x03)
T688C 000:407.239   Value=0x00000002
T688C 000:407.312 - 0.292ms returns 0
T688C 000:407.332 JLINK_CORESIGHT_WriteAPDPReg(AP reg 0x00, 0x80000002)
T688C 000:407.518 - 0.186ms returns 0
T688C 000:407.544 JLINK_CORESIGHT_WriteAPDPReg(AP reg 0x01, 0x80011120)
T688C 000:407.722 - 0.177ms returns 0
T688C 000:407.745 JLINK_CORESIGHT_WriteAPDPReg(AP reg 0x03, 0x0000038A)
T688C 000:407.931 - 0.186ms returns 0
T688C 000:407.967 JLINK_CORESIGHT_WriteAPDPReg(AP reg 0x00, 0x80000002)
T688C 000:408.147 - 0.179ms returns 0
T688C 000:408.169 JLINK_CORESIGHT_WriteAPDPReg(AP reg 0x01, 0x80011140)
T688C 000:408.345 - 0.175ms returns 0
T688C 000:408.364 JLINK_CORESIGHT_ReadAPDPReg(AP reg 0x03)
T688C 000:408.598   Value=0x00000000
T688C 000:408.623 - 0.258ms returns 0
T688C 000:408.639 JLINK_CORESIGHT_WriteAPDPReg(AP reg 0x00, 0x80000002)
T688C 000:408.803 - 0.164ms returns 0
T688C 000:408.822 JLINK_CORESIGHT_WriteAPDPReg(AP reg 0x01, 0x80011130)
T688C 000:408.995 - 0.173ms returns 0
T688C 000:409.014 JLINK_CORESIGHT_ReadAPDPReg(AP reg 0x03)
T688C 000:409.227   Value=0x75020081
T688C 000:409.252 - 0.238ms returns 0
T688C 000:409.271 JLINK_CORESIGHT_WriteAPDPReg(AP reg 0x00, 0x80000002)
T688C 000:409.435 - 0.164ms returns 0
T688C 000:409.455 JLINK_CORESIGHT_WriteAPDPReg(AP reg 0x01, 0x80011140)
T688C 000:409.623 - 0.168ms returns 0
T688C 000:409.642 JLINK_CORESIGHT_ReadAPDPReg(AP reg 0x03)
T688C 000:409.856   Value=0x00000000
T688C 000:409.880 - 0.238ms returns 0
T688C 000:409.896 JLINK_CORESIGHT_WriteAPDPReg(AP reg 0x00, 0x80000002)
T688C 000:410.059 - 0.163ms returns 0
T688C 000:410.079 JLINK_CORESIGHT_WriteAPDPReg(AP reg 0x01, 0x80011130)
T688C 000:410.246 - 0.166ms returns 0
T688C 000:410.265 JLINK_CORESIGHT_ReadAPDPReg(AP reg 0x03)
T688C 000:410.479   Value=0x00038702
T688C 000:410.503 - 0.238ms returns 0
T688C 000:410.529 JLINK_CORESIGHT_WriteAPDPReg(AP reg 0x00, 0x80000002)
T688C 000:410.706 - 0.177ms returns 0
T688C 000:410.726 JLINK_CORESIGHT_WriteAPDPReg(AP reg 0x01, 0x80011140)
T688C 000:410.889 - 0.163ms returns 0
T688C 000:410.908 JLINK_CORESIGHT_ReadAPDPReg(AP reg 0x03)
T688C 000:411.121   Value=0x00000002
T688C 000:411.146 - 0.238ms returns 0
T688C 000:411.162 JLINK_CORESIGHT_WriteAPDPReg(AP reg 0x00, 0x80000002)
T688C 000:411.326 - 0.163ms returns 0
T688C 000:411.344 JLINK_CORESIGHT_WriteAPDPReg(AP reg 0x01, 0x80011120)
T688C 000:411.598 - 0.253ms returns 0
T688C 000:411.616 JLINK_CORESIGHT_WriteAPDPReg(AP reg 0x03, 0x4F010001)
T688C 000:411.780 - 0.163ms returns 0
T688C 000:411.799 JLINK_CORESIGHT_WriteAPDPReg(AP reg 0x00, 0x80000002)
T688C 000:411.976 - 0.177ms returns 0
T688C 000:411.998 JLINK_CORESIGHT_WriteAPDPReg(AP reg 0x01, 0x80011140)
T688C 000:412.161 - 0.163ms returns 0
T688C 000:412.181 JLINK_CORESIGHT_ReadAPDPReg(AP reg 0x03)
T688C 000:412.395   Value=0x00000002
T688C 000:412.419 - 0.238ms returns 0
T688C 000:412.435 JLINK_CORESIGHT_WriteAPDPReg(AP reg 0x00, 0x80000002)
T688C 000:412.598 - 0.163ms returns 0
T688C 000:412.616 JLINK_CORESIGHT_WriteAPDPReg(AP reg 0x01, 0x80011120)
T688C 000:412.779 - 0.163ms returns 0
T688C 000:412.797 JLINK_CORESIGHT_WriteAPDPReg(AP reg 0x03, 0x000003B0)
T688C 000:412.969 - 0.172ms returns 0
T688C 000:412.988 JLINK_CORESIGHT_WriteAPDPReg(AP reg 0x00, 0x80000002)
T688C 000:413.153 - 0.165ms returns 0
T688C 000:413.172 JLINK_CORESIGHT_WriteAPDPReg(AP reg 0x01, 0x80011140)
T688C 000:413.345 - 0.172ms returns 0
T688C 000:413.363 JLINK_CORESIGHT_ReadAPDPReg(AP reg 0x03)
T688C 000:413.607   Value=0x00000002
T688C 000:413.631 - 0.268ms returns 0
T688C 000:413.647 JLINK_CORESIGHT_ReadAPDPReg(AP reg 0x03)
T688C 000:413.862   Value=0x00000002
T688C 000:413.886 - 0.238ms returns 0
T688C 000:413.902 JLINK_CORESIGHT_ReadAPDPReg(AP reg 0x03)
T688C 000:414.116   Value=0x00000002
T688C 000:414.143 - 0.241ms returns 0
T688C 000:414.159 JLINK_CORESIGHT_ReadAPDPReg(AP reg 0x03)
T688C 000:414.370   Value=0x00000002
T688C 000:414.394 - 0.235ms returns 0
T688C 000:414.410 JLINK_CORESIGHT_ReadAPDPReg(AP reg 0x03)
T688C 000:414.623   Value=0x00000002
T688C 000:414.649 - 0.239ms returns 0
T688C 000:414.665 JLINK_CORESIGHT_ReadAPDPReg(AP reg 0x03)
T688C 000:414.870   Value=0x00000002
T688C 000:414.894 - 0.228ms returns 0
T688C 000:414.910 JLINK_CORESIGHT_ReadAPDPReg(AP reg 0x03)
T688C 000:415.120   Value=0x00000002
T688C 000:415.145 - 0.235ms returns 0
T688C 000:415.161 JLINK_CORESIGHT_ReadAPDPReg(AP reg 0x03)
T688C 000:415.377   Value=0x00000000
T688C 000:415.401 - 0.240ms returns 0
T688C 000:415.420 JLINK_CORESIGHT_WriteAPDPReg(AP reg 0x00, 0x80000002)
T688C 000:415.598 - 0.178ms returns 0
T688C 000:415.617 JLINK_CORESIGHT_WriteAPDPReg(AP reg 0x01, 0x80011130)
T688C 000:415.783 - 0.166ms returns 0
T688C 000:415.801 JLINK_CORESIGHT_ReadAPDPReg(AP reg 0x03)
T688C 000:416.020   Value=0x4F0B0081
T688C 000:416.044 - 0.243ms returns 0
T688C 000:416.060 JLINK_CORESIGHT_WriteAPDPReg(AP reg 0x00, 0x80000002)
T688C 000:416.220 - 0.160ms returns 0
T688C 000:416.240 JLINK_CORESIGHT_WriteAPDPReg(AP reg 0x01, 0x80011140)
T688C 000:416.406 - 0.166ms returns 0
T688C 000:416.426 JLINK_CORESIGHT_ReadAPDPReg(AP reg 0x03)
T688C 000:416.649   Value=0x00000000
T688C 000:416.673 - 0.247ms returns 0
T688C 000:416.689 JLINK_CORESIGHT_WriteAPDPReg(AP reg 0x00, 0x80000002)
T688C 000:416.870 - 0.181ms returns 0
T688C 000:416.889 JLINK_CORESIGHT_WriteAPDPReg(AP reg 0x01, 0x80011130)
T688C 000:417.054 - 0.165ms returns 0
T688C 000:417.073 JLINK_CORESIGHT_ReadAPDPReg(AP reg 0x03)
T688C 000:417.295   Value=0x20070000
T688C 000:417.320 - 0.247ms returns 0
T688C 000:417.336 JLINK_CORESIGHT_WriteAPDPReg(AP reg 0x00, 0x80000002)
T688C 000:417.495 - 0.159ms returns 0
T688C 000:417.514 JLINK_CORESIGHT_WriteAPDPReg(AP reg 0x01, 0x80011140)
T688C 000:417.707 - 0.192ms returns 0
T688C 000:417.725 JLINK_CORESIGHT_ReadAPDPReg(AP reg 0x03)
T688C 000:417.934   Value=0x00000000
T688C 000:417.958 - 0.233ms returns 0
T688C 000:417.974 JLINK_CORESIGHT_WriteAPDPReg(AP reg 0x00, 0x80000002)
T688C 000:418.146 - 0.171ms returns 0
T688C 000:418.166 JLINK_CORESIGHT_WriteAPDPReg(AP reg 0x01, 0x80011130)
T688C 000:418.345 - 0.179ms returns 0
T688C 000:418.364 JLINK_CORESIGHT_ReadAPDPReg(AP reg 0x03)
T688C 000:418.598   Value=0x00000000
T688C 000:418.625 - 0.261ms returns 0
T688C 000:418.641 JLINK_CORESIGHT_WriteAPDPReg(AP reg 0x00, 0x80000002)
T688C 000:418.805 - 0.164ms returns 0
T688C 000:418.825 JLINK_CORESIGHT_WriteAPDPReg(AP reg 0x01, 0x80011140)
T688C 000:418.995 - 0.170ms returns 0
T688C 000:419.014 JLINK_CORESIGHT_ReadAPDPReg(AP reg 0x03)
T688C 000:419.237   Value=0x00000000
T688C 000:419.262 - 0.248ms returns 0
T688C 000:419.280 JLINK_CORESIGHT_WriteAPDPReg(AP reg 0x00, 0x80000002)
T688C 000:419.441 - 0.160ms returns 0
T688C 000:419.461 JLINK_CORESIGHT_WriteAPDPReg(AP reg 0x01, 0x80011130)
T688C 000:419.624 - 0.162ms returns 0
T688C 000:419.643 JLINK_CORESIGHT_ReadAPDPReg(AP reg 0x03)
T688C 000:419.852   Value=0x037F0000
T688C 000:419.879 - 0.236ms returns 0
T688C 000:420.692 JLINK_CORESIGHT_ReadAPDPReg(DP reg 0x01)
T688C 000:420.910   Value=0xF0000F40
T688C 000:420.935 - 0.243ms returns 0
T688C 000:420.951 JLINK_CORESIGHT_WriteAPDPReg(DP reg 0x01, 0xA0000F40)
T688C 000:421.127 - 0.176ms returns 0
T688C 000:421.168 JLINK_CORESIGHT_ReadAPDPReg(DP reg 0x01)
T688C 000:421.349   Value=0x00000F40
T688C 000:421.386 - 0.218ms returns 0
T688C 000:421.403 JLINK_ClrRESET()
T688C 000:421.696 - 0.293ms
T688C 000:525.274 JLINK_Close()
T688C 000:537.665 - 12.389ms
T688C 000:537.742   
T688C 000:537.761   Closed
