T5EB0 000:001.151   SEGGER J-Link V7.94g Log File
T5EB0 000:001.777   DLL Compiled: Jan 24 2024 15:48:08
T5EB0 000:001.823   Logging started @ 2024-03-27 04:37
T5EB0 000:001.856   Process: C:\Users\a5123763\.eclipse\com.renesas.platform_766387387\DebugComp\RA\e2-server-gdb.exe
T5EB0 000:001.897 - 1.892ms
T5EB0 000:001.960 JLINK_GetDLLVersion()
T5EB0 000:002.012 - 0.050ms returns 79407
T5EB0 000:003.807 JLINK_OpenEx(...)
T5EB0 000:019.671   Firmware: J-Link OB-S124 compiled Dec 13 2023 14:39:54
T5EB0 000:020.786   Firmware: J-Link OB-S124 compiled Dec 13 2023 14:39:54
T5EB0 000:045.750   Hardware: V1.00
T5EB0 000:045.873   S/N: 831358877
T5EB0 000:045.906   OEM: SEGGER
T5EB0 000:045.943   Feature(s): None
T5EB0 000:047.215   Bootloader: 2019 Oct 15
T5EB0 000:048.201   USB speed mode: Full speed (12 MBit/s)
T5EB0 000:048.994   TELNET listener socket opened on port 19021
T5EB0 000:049.330   WEBSRV WEBSRV_Init(): Starting webserver thread(s)
T5EB0 000:049.637   WEBSRV Webserver running on local port 19080
T5EB0 000:049.968   Looking for J-Link GUI Server exe at: C:\Users\a5123763\.eclipse\com.renesas.platform_766387387\DebugComp\RA\ARM\Segger_v7.94.7\JLinkGUIServer.exe
T5EB0 000:050.670   Looking for J-Link GUI Server exe at: \JLinkGUIServer.exe
T5EB0 000:354.185   Failed to connect to J-Link GUI Server.
T5EB0 000:354.255 - 350.446ms returns "O.K."
T5EB0 000:354.528 JLINK_ExecCommand("ProjectFile=C:\Workspace\01_repo\ra-solutions-rvc\application_projects\r11an0567_RA4M3\MCUboot_Encrypted_Initial_Projects\app_ra4m3_primary_enc_xmodem/app_ra4m3_primary_enc_xmodem Debug_Flat.jlink", ...).
T5EB0 000:387.030 - 32.499ms returns 0x00
T5EB0 000:387.638 JLINK_ExecCommand("device=R7FA4M3AF", ...).
T5EB0 000:388.963   Flash bank @ 0x0100A100: SFL: Parsing sectorization info from ELF file
T5EB0 000:389.021     FlashDevice.SectorInfo[0]: .SectorSize = 0x00000010, .SectorStartAddr = 0x00000000
T5EB0 000:389.050   FlashBank @0x0100A100: Sectorization info from SFL ELF file ignored because sectorization override from DLL / XML file is active.
T5EB0 000:389.552   Flash bank @ 0x60000000: SFL: Parsing sectorization info from ELF file
T5EB0 000:389.613     FlashDevice.SectorInfo[0]: .SectorSize = 0x00010000, .SectorStartAddr = 0x00000000
T5EB0 000:394.621   Device "R7FA4M3AF" selected.
T5EB0 000:395.651 - 7.967ms returns 0x00
T5EB0 000:395.708 JLINK_ReadMem(0xE000EDF0, 0x4 Bytes, ...)
T5EB0 000:395.985   ConfigTargetSettings() start
T5EB0 000:396.025    J-Link Script File: Executing ConfigTargetSettings()
T5EB0 000:396.054   Configuring FlashDLNoRMWThreshold=0x200 in order to make sure that option bytes programming is done via read-modify-write
T5EB0 000:426.550   ConfigTargetSettings() end - Took 30.5ms
T5EB0 000:427.570   InitTarget() start
T5EB0 000:427.615    J-Link Script File: Executing InitTarget()
T5EB0 000:427.637   SWD selected. Executing JTAG -> SWD switching sequence.
T5EB0 000:434.142   DAP initialized successfully.
T5EB0 000:434.217   Determining TrustZone configuration...
T5EB0 000:437.486     Secure Debug: Enabled (SSD)
T5EB0 000:437.541   Determining currently configured transfer type by reading the AHB-AP CSW register.
T5EB0 000:440.062     --> Correct transfer type configured. Done.
T5EB0 000:440.127   InitTarget() end - Took 12.5ms
T5EB0 000:442.544   Found SW-DP with ID 0x6BA02477
T5EB0 000:450.420   DPIDR: 0x6BA02477
T5EB0 000:450.477   CoreSight SoC-400 or earlier
T5EB0 000:450.518   Scanning AP map to find all available APs
T5EB0 000:454.452   AP[2]: Stopped AP scan as end of AP map has been reached
T5EB0 000:454.562   AP[0]: AHB-AP (IDR: 0x84770001)
T5EB0 000:454.603   AP[1]: APB-AP (IDR: 0x54770002)
T5EB0 000:454.637   Iterating through AP map to find AHB-AP to use
T5EB0 000:458.588   AP[0]: Core found
T5EB0 000:458.693   AP[0]: AHB-AP ROM base: 0xE00FE000
T5EB0 000:460.810   CPUID register: 0x410FD214. Implementer code: 0x41 (ARM)
T5EB0 000:460.880   Feature set: Mainline
T5EB0 000:462.836   Cache: No cache
T5EB0 000:462.911   Found Cortex-M33 r0p4, Little endian.
T5EB0 000:463.618   -- Max. mem block: 0x00001948
T5EB0 000:465.782   CPU_ReadMem(4 bytes @ 0xE000EDF0)
T5EB0 000:469.401   CPU_WriteMem(4 bytes @ 0xE000EDF0)
T5EB0 000:471.457   CPU_ReadMem(4 bytes @ 0xE0002000)
T5EB0 000:473.504   FPUnit: 8 code (BP) slots and 0 literal slots
T5EB0 000:473.578   CPU_ReadMem(4 bytes @ 0xE000EDFC)
T5EB0 000:475.596   CPU_WriteMem(4 bytes @ 0xE000EDFC)
T5EB0 000:477.715   CPU_ReadMem(4 bytes @ 0xE0001000)
T5EB0 000:479.733   CPU_ReadMem(4 bytes @ 0xE0001000)
T5EB0 000:481.806   CPU_ReadMem(4 bytes @ 0xE0001028)
T5EB0 000:483.840   CPU_ReadMem(4 bytes @ 0xE0001038)
T5EB0 000:485.968   CPU_ReadMem(4 bytes @ 0xE0001048)
T5EB0 000:488.092   CPU_ReadMem(4 bytes @ 0xE0001058)
T5EB0 000:490.308   CPU_WriteMem(4 bytes @ 0xE0001000)
T5EB0 000:492.311   CPU_ReadMem(4 bytes @ 0xE000ED88)
T5EB0 000:494.425   CPU_WriteMem(4 bytes @ 0xE000ED88)
T5EB0 000:496.415   CPU_ReadMem(4 bytes @ 0xE000ED88)
T5EB0 000:498.724   CPU_WriteMem(4 bytes @ 0xE000ED88)
T5EB0 000:500.794   CPU_ReadMem(4 bytes @ 0xE000EFB8)
T5EB0 000:502.864   Security extension: implemented
T5EB0 000:502.919   Secure debug: enabled
T5EB0 000:502.950   CoreSight components:
T5EB0 000:502.989   ROMTbl[0] @ E00FE000
T5EB0 000:503.025   CPU_ReadMem(64 bytes @ 0xE00FE000)
T5EB0 000:509.025   CPU_ReadMem(32 bytes @ 0xE0044FE0)
T5EB0 000:512.852   CPU_ReadMem(4 bytes @ 0xE0044FBC)
T5EB0 000:514.818   CPU_ReadMem(4 bytes @ 0xE0044FCC)
T5EB0 000:516.811   [0][0]: E0044000 CID B105900D PID 005BB906 DEVARCH 00000000 DEVTYPE 14 CTI (?)
T5EB0 000:516.881   CPU_ReadMem(32 bytes @ 0xE0047FE0)
T5EB0 000:520.767   CPU_ReadMem(4 bytes @ 0xE0047FBC)
T5EB0 000:522.779   CPU_ReadMem(4 bytes @ 0xE0047FCC)
T5EB0 000:524.792   [0][1]: E0047000 CID B105900D PID 003BB908 DEVARCH 00000000 DEVTYPE 12 CSTF
T5EB0 000:524.901   CPU_ReadMem(32 bytes @ 0xE0048FE0)
T5EB0 000:528.794   CPU_ReadMem(4 bytes @ 0xE0048FBC)
T5EB0 000:530.722   CPU_ReadMem(4 bytes @ 0xE0048FCC)
T5EB0 000:532.785   [0][2]: E0048000 CID B105900D PID 001BB961 DEVARCH 00000000 DEVTYPE 21 ETB
T5EB0 000:532.852   CPU_ReadMem(32 bytes @ 0xE0049FE0)
T5EB0 000:536.680   [0][3]: E0049000 CID B105F00D PID 001BB101 TSG
T5EB0 000:536.752   CPU_ReadMem(32 bytes @ 0xE0040FE0)
T5EB0 000:540.600   CPU_ReadMem(4 bytes @ 0xE0040FBC)
T5EB0 000:542.672   CPU_ReadMem(4 bytes @ 0xE0040FCC)
T5EB0 000:544.631   [0][4]: E0040000 CID B105900D PID 000BBD21 DEVARCH 00000000 DEVTYPE 11 TPIU
T5EB0 000:544.684   CPU_ReadMem(32 bytes @ 0xE00FFFE0)
T5EB0 000:548.488   [0][5]: E00FF000 CID B105100D PID 000BB4C9 ROM Table
T5EB0 000:548.542   ROMTbl[1] @ E00FF000
T5EB0 000:548.575   CPU_ReadMem(64 bytes @ 0xE00FF000)
T5EB0 000:554.645   CPU_ReadMem(32 bytes @ 0xE000EFE0)
T5EB0 000:558.506   CPU_ReadMem(4 bytes @ 0xE000EFBC)
T5EB0 000:560.516   CPU_ReadMem(4 bytes @ 0xE000EFCC)
T5EB0 000:562.504   [1][0]: E000E000 CID B105900D PID 000BBD21 DEVARCH 47702A04 DEVTYPE 00 Cortex-M33
T5EB0 000:562.567   CPU_ReadMem(32 bytes @ 0xE0001FE0)
T5EB0 000:566.461   CPU_ReadMem(4 bytes @ 0xE0001FBC)
T5EB0 000:568.420   CPU_ReadMem(4 bytes @ 0xE0001FCC)
T5EB0 000:570.422   [1][1]: E0001000 CID B105900D PID 000BBD21 DEVARCH 47701A02 DEVTYPE 00 DWT
T5EB0 000:570.482   CPU_ReadMem(32 bytes @ 0xE0002FE0)
T5EB0 000:574.432   CPU_ReadMem(4 bytes @ 0xE0002FBC)
T5EB0 000:576.428   CPU_ReadMem(4 bytes @ 0xE0002FCC)
T5EB0 000:578.387   [1][2]: E0002000 CID B105900D PID 000BBD21 DEVARCH 47701A03 DEVTYPE 00 FPB
T5EB0 000:578.446   CPU_ReadMem(32 bytes @ 0xE0000FE0)
T5EB0 000:582.274   CPU_ReadMem(4 bytes @ 0xE0000FBC)
T5EB0 000:584.237   CPU_ReadMem(4 bytes @ 0xE0000FCC)
T5EB0 000:586.181   [1][3]: E0000000 CID B105900D PID 000BBD21 DEVARCH 47701A01 DEVTYPE 43 ITM
T5EB0 000:586.243   CPU_ReadMem(32 bytes @ 0xE0041FE0)
T5EB0 000:590.081   CPU_ReadMem(4 bytes @ 0xE0041FBC)
T5EB0 000:592.050   CPU_ReadMem(4 bytes @ 0xE0041FCC)
T5EB0 000:594.027   [1][5]: E0041000 CID B105900D PID 002BBD21 DEVARCH 47724A13 DEVTYPE 13 ETM
T5EB0 000:594.105   CPU_ReadMem(32 bytes @ 0xE0042FE0)
T5EB0 000:598.006   CPU_ReadMem(4 bytes @ 0xE0042FBC)
T5EB0 000:599.931   CPU_ReadMem(4 bytes @ 0xE0042FCC)
T5EB0 000:601.855   [1][6]: E0042000 CID B105900D PID 000BBD21 DEVARCH 47701A14 DEVTYPE 14 CSS600-CTI
T5EB0 000:601.978   CPU_ReadMem(4 bytes @ 0xE000EDF0)
T5EB0 000:603.897   Data:  01 00 18 00
T5EB0 000:603.963   Debug reg: DHCSR
T5EB0 000:604.003 - 208.294ms returns 0
T5EB0 000:604.041 JLINK_ReadMem(0x400E002C, 0x4 Bytes, ...)
T5EB0 000:604.076   CPU_ReadMem(4 bytes @ 0x400E002C)
T5EB0 000:606.024   Data:  02 00 00 00
T5EB0 000:606.079 - 2.038ms returns 0
T5EB0 000:606.728 JLINK_ReadMem(0xE000EDF0, 0x4 Bytes, ...)
T5EB0 000:606.772   CPU_ReadMem(4 bytes @ 0xE000EDF0)
T5EB0 000:608.744   Data:  01 00 18 00
T5EB0 000:608.820   Debug reg: DHCSR
T5EB0 000:608.857 - 2.129ms returns 0
T5EB0 000:608.910 JLINK_ReadMem(0xE000EDF0, 0x4 Bytes, ...)
T5EB0 000:608.959   CPU_ReadMem(4 bytes @ 0xE000EDF0)
T5EB0 000:610.945   Data:  01 00 18 00
T5EB0 000:611.010   Debug reg: DHCSR
T5EB0 000:611.048 - 2.138ms returns 0
T5EB0 000:611.077 JLINK_ReadMem(0x400E001C, 0x4 Bytes, ...)
T5EB0 000:611.111   CPU_ReadMem(4 bytes @ 0x400E001C)
T5EB0 000:613.021   Data:  00 FC FF 00
T5EB0 000:613.076 - 1.999ms returns 0
T5EB0 000:613.110 JLINK_ReadMem(0xE000EDF0, 0x4 Bytes, ...)
T5EB0 000:613.145   CPU_ReadMem(4 bytes @ 0xE000EDF0)
T5EB0 000:615.112   Data:  01 00 18 00
T5EB0 000:615.186   Debug reg: DHCSR
T5EB0 000:615.224 - 2.113ms returns 0
T5EB0 000:615.259 JLINK_ReadMem(0x400E0018, 0x4 Bytes, ...)
T5EB0 000:615.295   CPU_ReadMem(4 bytes @ 0x400E0018)
T5EB0 000:617.218   Data:  00 80 FF 00
T5EB0 000:617.277 - 2.018ms returns 0
T5EB0 000:617.314 JLINK_ReadMem(0xE000EDF0, 0x4 Bytes, ...)
T5EB0 000:617.346   CPU_ReadMem(4 bytes @ 0xE000EDF0)
T5EB0 000:619.277   Data:  01 00 18 00
T5EB0 000:619.344   Debug reg: DHCSR
T5EB0 000:619.381 - 2.066ms returns 0
T5EB0 000:619.414 JLINK_ReadMem(0x400E0020, 0x4 Bytes, ...)
T5EB0 000:619.446   CPU_ReadMem(4 bytes @ 0x400E0020)
T5EB0 000:621.365   Data:  00 FC 00 00
T5EB0 000:621.435 - 2.021ms returns 0
T5EB0 000:621.470 JLINK_ReadMem(0xE000EDF0, 0x4 Bytes, ...)
T5EB0 000:621.503   CPU_ReadMem(4 bytes @ 0xE000EDF0)
T5EB0 000:623.415   Data:  01 00 18 00
T5EB0 000:623.474   Debug reg: DHCSR
T5EB0 000:623.509 - 2.038ms returns 0
T5EB0 000:623.549 JLINK_ReadMem(0x400E0028, 0x4 Bytes, ...)
T5EB0 000:623.579   CPU_ReadMem(4 bytes @ 0x400E0028)
T5EB0 000:625.539   Data:  00 FC 1F 00
T5EB0 000:625.624 - 2.075ms returns 0
T5EB0 000:625.675 JLINK_ReadMem(0xE000EDF0, 0x4 Bytes, ...)
T5EB0 000:625.718   CPU_ReadMem(4 bytes @ 0xE000EDF0)
T5EB0 000:627.730   Data:  01 00 18 00
T5EB0 000:627.791   Debug reg: DHCSR
T5EB0 000:627.827 - 2.152ms returns 0
T5EB0 000:627.859 JLINK_ReadMem(0x400E0024, 0x4 Bytes, ...)
T5EB0 000:627.889   CPU_ReadMem(4 bytes @ 0x400E0024)
T5EB0 000:629.811   Data:  00 E0 1F 00
T5EB0 000:629.876 - 2.017ms returns 0
T5EB0 000:629.911 JLINK_ReadMem(0xE000EDF0, 0x4 Bytes, ...)
T5EB0 000:629.954   CPU_ReadMem(4 bytes @ 0xE000EDF0)
T5EB0 000:631.836   Data:  01 00 18 00
T5EB0 000:631.893   Debug reg: DHCSR
T5EB0 000:631.928 - 2.017ms returns 0
T5EB0 000:631.961 JLINK_ReadMem(0x400E002C, 0x4 Bytes, ...)
T5EB0 000:631.991   CPU_ReadMem(4 bytes @ 0x400E002C)
T5EB0 000:633.911   Data:  02 00 00 00
T5EB0 000:633.968 - 2.006ms returns 0
T5EB0 000:634.604 JLINK_ReadMem(0xE000EDF0, 0x4 Bytes, ...)
T5EB0 000:634.654   CPU_ReadMem(4 bytes @ 0xE000EDF0)
T5EB0 000:636.587   Data:  01 00 18 00
T5EB0 000:636.647   Debug reg: DHCSR
T5EB0 000:636.688 - 2.084ms returns 0
T5EB0 000:636.722 JLINK_ReadMem(0x400E002C, 0x4 Bytes, ...)
T5EB0 000:636.753   CPU_ReadMem(4 bytes @ 0x400E002C)
T5EB0 000:638.731   Data:  02 00 00 00
T5EB0 000:638.787 - 2.065ms returns 0
T5EB0 000:641.914 JLINK_Close()
T5EB0 000:667.256 - 25.341ms
T5EB0 000:667.334
T5EB0 000:667.358   Closed
