T52F8 000:000.350   SEGGER J-Link V7.98g Log File
T52F8 000:000.431   DLL Compiled: Sep  5 2024 11:46:36
T52F8 000:000.444   Logging started @ 2024-12-06 09:25
T52F8 000:000.448   Process: C:\Users\buiba\.eclipse\com.renesas.platform_852845085\DebugComp\RA\e2-server-gdb.exe
T52F8 000:000.453 - 0.452ms
T52F8 000:000.463 JLINK_GetDLLVersion()
T52F8 000:000.467 - 0.004ms returns 79807
T52F8 000:001.913 JLINK_OpenEx(...)
T52F8 001:006.845   
  ***** Warning: 
T52F8 001:006.967   Out of sync , resynchronizing...
T52F8 003:011.394   
  ***** Warning: 
T52F8 003:011.503   Out of sync , resynchronizing...
T52F8 005:015.505   
  ***** Warning: 
T52F8 005:015.614   Out of sync , resynchronizing...
T52F8 006:018.443   
  ***** Error: 
T52F8 006:018.550   Cannot connect to J-Link
T52F8 006:025.097 - 6023.178ms returns "Cannot connect to J-Link"
T52F8 006:025.905 JLINK_OpenEx(...)
T52F8 007:029.155   
  ***** Warning: 
T52F8 007:029.217   Out of sync , resynchronizing...
T52F8 009:034.630   
  ***** Warning: 
T52F8 009:034.735   Out of sync , resynchronizing...
T52F8 011:039.245   
  ***** Warning: 
T52F8 011:039.306   Out of sync , resynchronizing...
T52F8 012:040.899   
  ***** Error: 
T52F8 012:040.944   Cannot connect to J-Link
T52F8 012:046.050 - 6020.142ms returns "Cannot connect to J-Link"
T52F8 013:344.227 JLINK_Close()
T52F8 013:350.814 - 6.586ms
T52F8 013:350.826   
T52F8 013:350.830   Closed
