T62D4 000:001.141   SEGGER J-Link V8.44a Log File
T62D4 000:001.322   DLL Compiled: Jun 18 2025 16:28:32
T62D4 000:001.337   Logging started @ 2025-07-10 21:25
T62D4 000:001.352   Process: C:\Users\a5099044\.eclipse\com.renesas.platform_170476184\DebugComp\RA\e2-server-gdb.exe
T62D4 000:001.369 - 1.366ms 
T62D4 000:001.391 JLINK_GetDLLVersion()
T62D4 000:001.406 - 0.014ms returns 84401
T62D4 000:006.666 JLINK_OpenEx(...)
T62D4 000:019.227   Firmware: J-Link OB-RA4M2 compiled Apr  1 2025 10:13:55
T62D4 000:020.487   Firmware: J-Link OB-RA4M2 compiled Apr  1 2025 10:13:55
T62D4 000:036.129   Hardware: V1.00
T62D4 000:036.215   S/N: 1085313446
T62D4 000:036.234   OEM: SEGGER
T62D4 000:036.260   Feature(s): None
T62D4 000:037.533   Bootloader: 2021 May 14
T62D4 000:039.272   USB speed mode: Full speed (12 MBit/s)
T62D4 000:039.861   TELNET listener socket opened on port 19021
T62D4 000:040.260   WEBSRV WEBSRV_Init(): Starting webserver thread(s)
T62D4 000:040.590   WEBSRV Webserver running on local port 19080
T62D4 000:040.872   Looking for J-Link GUI Server exe at: C:\Users\a5099044\.eclipse\com.renesas.platform_170476184\DebugComp\RA\ARM\Segger_v8.44.1\JLinkGUIServer.exe
T62D4 000:041.272   Looking for J-Link GUI Server exe at: \JLinkGUIServer.exe
T62D4 000:343.177   Failed to connect to J-Link GUI Server.
T62D4 000:343.313 - 336.633ms returns "O.K."
T62D4 000:343.678 JLINK_TIF_Select(JLINKARM_TIF_SWD)
T62D4 000:345.034 - 1.356ms returns 0x00
T62D4 000:345.107 JLINK_ClrRESET()
T62D4 000:345.606 - 0.498ms 
T62D4 000:396.567 JLINK_SetSpeed(1500)
T62D4 000:396.901 - 0.343ms 
T62D4 000:396.938 JLINK_CORESIGHT_Configure(PerformTIFInit=0)
T62D4 000:397.500 - 0.562ms returns 0
T62D4 000:397.547 JLINK_CORESIGHT_ReadAPDPReg(DP reg 0x00)
T62D4 000:398.082   Value=0x6BA02477
T62D4 000:398.120 - 0.574ms returns 0
T62D4 000:398.143 JLINK_CORESIGHT_WriteAPDPReg(DP reg 0x00, 0x0000001F)
T62D4 000:398.499 - 0.355ms returns 0
T62D4 000:398.538 JLINK_CORESIGHT_ReadAPDPReg(DP reg 0x00)
T62D4 000:398.850   Value=0x6BA02477
T62D4 000:398.889 - 0.351ms returns 0
T62D4 000:398.911 JLINK_CORESIGHT_WriteAPDPReg(DP reg 0x02, 0x00000000)
T62D4 000:399.169 - 0.258ms returns 0
T62D4 000:399.206 JLINK_CORESIGHT_WriteAPDPReg(DP reg 0x01, 0x50000000)
T62D4 000:399.513 - 0.306ms returns 0
T62D4 000:399.557 JLINK_CORESIGHT_ReadAPDPReg(DP reg 0x01)
T62D4 000:399.904   Value=0xF0000040
T62D4 000:399.940 - 0.382ms returns 0
T62D4 000:399.958 JLINK_CORESIGHT_WriteAPDPReg(DP reg 0x00, 0x0000001F)
T62D4 000:400.255 - 0.297ms returns 0
T62D4 000:400.293 JLINK_CORESIGHT_ReadAPDPReg(DP reg 0x00)
T62D4 000:400.615   Value=0x6BA02477
T62D4 000:400.653 - 0.359ms returns 0
T62D4 000:400.672 JLINK_CORESIGHT_WriteAPDPReg(DP reg 0x01, 0x54000000)
T62D4 000:401.079 - 0.407ms returns 0
T62D4 000:401.114 JLINK_CORESIGHT_WriteAPDPReg(DP reg 0x01, 0x50000F00)
T62D4 000:401.426 - 0.311ms returns 0
T62D4 000:401.490 JLINK_CORESIGHT_WriteAPDPReg(DP reg 0x02, 0x01000000)
T62D4 000:401.817 - 0.327ms returns 0
T62D4 000:401.856 JLINK_CORESIGHT_WriteAPDPReg(AP reg 0x00, 0x80000002)
T62D4 000:402.109 - 0.252ms returns 0
T62D4 000:402.149 JLINK_CORESIGHT_WriteAPDPReg(AP reg 0x01, 0x80011100)
T62D4 000:402.494 - 0.339ms returns 0
T62D4 000:402.537 JLINK_CORESIGHT_WriteAPDPReg(AP reg 0x03, 0x000000A5)
T62D4 000:402.844 - 0.307ms returns 0
T62D4 000:402.885 JLINK_CORESIGHT_WriteAPDPReg(AP reg 0x00, 0x80000002)
T62D4 000:403.182 - 0.297ms returns 0
T62D4 000:403.223 JLINK_CORESIGHT_WriteAPDPReg(AP reg 0x01, 0x80011100)
T62D4 000:403.576 - 0.353ms returns 0
T62D4 000:403.616 JLINK_CORESIGHT_ReadAPDPReg(AP reg 0x03)
T62D4 000:404.075   Value=0x000000A5
T62D4 000:404.117 - 0.501ms returns 0
T62D4 000:404.139 JLINK_ClrTMS()
T62D4 000:404.290 - 0.150ms 
T62D4 000:409.452 JLINK_SetTCK()
T62D4 000:409.812 - 0.360ms returns 0
T62D4 000:415.207 JLINK_SetRESET()
T62D4 000:415.615 - 0.408ms 
T62D4 000:616.333 JLINK_CORESIGHT_WriteAPDPReg(AP reg 0x00, 0x80000002)
T62D4 000:616.797 - 0.465ms returns 0
T62D4 000:616.836 JLINK_CORESIGHT_WriteAPDPReg(AP reg 0x01, 0x80011100)
T62D4 000:617.201 - 0.364ms returns 0
T62D4 000:617.240 JLINK_CORESIGHT_ReadAPDPReg(AP reg 0x03)
T62D4 000:617.596   Value=0x00000000
T62D4 000:617.650 - 0.410ms returns 0
T62D4 000:617.674 JLINK_CORESIGHT_WriteAPDPReg(AP reg 0x00, 0x80000002)
T62D4 000:617.984 - 0.310ms returns 0
T62D4 000:618.019 JLINK_CORESIGHT_WriteAPDPReg(AP reg 0x01, 0x80011140)
T62D4 000:618.325 - 0.306ms returns 0
T62D4 000:618.363 JLINK_CORESIGHT_ReadAPDPReg(AP reg 0x03)
T62D4 000:618.774   Value=0x00000002
T62D4 000:618.815 - 0.452ms returns 0
T62D4 000:618.839 JLINK_CORESIGHT_WriteAPDPReg(AP reg 0x00, 0x80000002)
T62D4 000:619.158 - 0.318ms returns 0
T62D4 000:619.193 JLINK_CORESIGHT_WriteAPDPReg(AP reg 0x01, 0x80011120)
T62D4 000:619.491 - 0.298ms returns 0
T62D4 000:619.529 JLINK_CORESIGHT_WriteAPDPReg(AP reg 0x03, 0x00000055)
T62D4 000:619.808 - 0.279ms returns 0
T62D4 000:619.844 JLINK_CORESIGHT_WriteAPDPReg(AP reg 0x00, 0x80000002)
T62D4 000:620.141 - 0.296ms returns 0
T62D4 000:620.177 JLINK_CORESIGHT_WriteAPDPReg(AP reg 0x01, 0x80011140)
T62D4 000:620.888 - 0.710ms returns 0
T62D4 000:620.924 JLINK_CORESIGHT_ReadAPDPReg(AP reg 0x03)
T62D4 000:621.364   Value=0x00000002
T62D4 000:621.425 - 0.501ms returns 0
T62D4 000:621.442 JLINK_CORESIGHT_ReadAPDPReg(AP reg 0x03)
T62D4 000:621.863   Value=0x00000002
T62D4 000:621.901 - 0.458ms returns 0
T62D4 000:621.917 JLINK_CORESIGHT_ReadAPDPReg(AP reg 0x03)
T62D4 000:622.347   Value=0x00000002
T62D4 000:622.387 - 0.470ms returns 0
T62D4 000:622.403 JLINK_CORESIGHT_ReadAPDPReg(AP reg 0x03)
T62D4 000:622.805   Value=0x00000002
T62D4 000:622.844 - 0.441ms returns 0
T62D4 000:622.864 JLINK_CORESIGHT_ReadAPDPReg(AP reg 0x03)
T62D4 000:623.187   Value=0x00000002
T62D4 000:623.226 - 0.362ms returns 0
T62D4 000:623.243 JLINK_CORESIGHT_ReadAPDPReg(AP reg 0x03)
T62D4 000:623.615   Value=0x00000002
T62D4 000:623.655 - 0.412ms returns 0
T62D4 000:623.672 JLINK_CORESIGHT_ReadAPDPReg(AP reg 0x03)
T62D4 000:624.071   Value=0x00000002
T62D4 000:624.111 - 0.439ms returns 0
T62D4 000:624.128 JLINK_CORESIGHT_ReadAPDPReg(AP reg 0x03)
T62D4 000:624.384   Value=0x00000002
T62D4 000:624.427 - 0.299ms returns 0
T62D4 000:624.442 JLINK_CORESIGHT_ReadAPDPReg(AP reg 0x03)
T62D4 000:624.897   Value=0x00000002
T62D4 000:624.973 - 0.530ms returns 0
T62D4 000:624.996 JLINK_CORESIGHT_ReadAPDPReg(AP reg 0x03)
T62D4 000:625.286   Value=0x00000002
T62D4 000:625.329 - 0.333ms returns 0
T62D4 000:625.346 JLINK_CORESIGHT_ReadAPDPReg(AP reg 0x03)
T62D4 000:625.682   Value=0x00000002
T62D4 000:625.734 - 0.388ms returns 0
T62D4 000:625.751 JLINK_CORESIGHT_ReadAPDPReg(AP reg 0x03)
T62D4 000:626.112   Value=0x00000002
T62D4 000:626.153 - 0.401ms returns 0
T62D4 000:626.170 JLINK_CORESIGHT_ReadAPDPReg(AP reg 0x03)
T62D4 000:626.537   Value=0x00000002
T62D4 000:626.576 - 0.406ms returns 0
T62D4 000:626.594 JLINK_CORESIGHT_ReadAPDPReg(AP reg 0x03)
T62D4 000:627.058   Value=0x00000002
T62D4 000:627.098 - 0.503ms returns 0
T62D4 000:627.115 JLINK_CORESIGHT_ReadAPDPReg(AP reg 0x03)
T62D4 000:627.749   Value=0x00000002
T62D4 000:627.789 - 0.674ms returns 0
T62D4 000:627.807 JLINK_CORESIGHT_ReadAPDPReg(AP reg 0x03)
T62D4 000:628.208   Value=0x00000002
T62D4 000:628.248 - 0.441ms returns 0
T62D4 000:628.265 JLINK_CORESIGHT_ReadAPDPReg(AP reg 0x03)
T62D4 000:628.665   Value=0x00000002
T62D4 000:628.713 - 0.447ms returns 0
T62D4 000:628.731 JLINK_CORESIGHT_ReadAPDPReg(AP reg 0x03)
T62D4 000:629.106   Value=0x00000002
T62D4 000:629.149 - 0.417ms returns 0
T62D4 000:629.166 JLINK_CORESIGHT_ReadAPDPReg(AP reg 0x03)
T62D4 000:629.494   Value=0x00000002
T62D4 000:629.565 - 0.398ms returns 0
T62D4 000:629.583 JLINK_CORESIGHT_ReadAPDPReg(AP reg 0x03)
T62D4 000:629.876   Value=0x00000002
T62D4 000:629.917 - 0.334ms returns 0
T62D4 000:629.934 JLINK_CORESIGHT_ReadAPDPReg(AP reg 0x03)
T62D4 000:630.312   Value=0x00000002
T62D4 000:630.352 - 0.418ms returns 0
T62D4 000:630.369 JLINK_CORESIGHT_ReadAPDPReg(AP reg 0x03)
T62D4 000:630.777   Value=0x00000002
T62D4 000:630.822 - 0.452ms returns 0
T62D4 000:630.839 JLINK_CORESIGHT_ReadAPDPReg(AP reg 0x03)
T62D4 000:631.222   Value=0x00000002
T62D4 000:631.262 - 0.423ms returns 0
T62D4 000:631.279 JLINK_CORESIGHT_ReadAPDPReg(AP reg 0x03)
T62D4 000:631.573   Value=0x00000000
T62D4 000:631.612 - 0.332ms returns 0
T62D4 000:631.629 JLINK_CORESIGHT_WriteAPDPReg(AP reg 0x00, 0x80000002)
T62D4 000:631.881 - 0.251ms returns 0
T62D4 000:631.916 JLINK_CORESIGHT_WriteAPDPReg(AP reg 0x01, 0x80011130)
T62D4 000:632.183 - 0.267ms returns 0
T62D4 000:632.219 JLINK_CORESIGHT_ReadAPDPReg(AP reg 0x03)
T62D4 000:632.492   Value=0x000000C6
T62D4 000:632.529 - 0.309ms returns 0
T62D4 000:632.551 JLINK_CORESIGHT_WriteAPDPReg(AP reg 0x00, 0x80000002)
T62D4 000:632.945 - 0.393ms returns 0
T62D4 000:632.982 JLINK_CORESIGHT_WriteAPDPReg(AP reg 0x01, 0x80011140)
T62D4 000:633.225 - 0.243ms returns 0
T62D4 000:633.246 JLINK_CORESIGHT_ReadAPDPReg(AP reg 0x03)
T62D4 000:633.517   Value=0x00000002
T62D4 000:633.546 - 0.299ms returns 0
T62D4 000:633.562 JLINK_CORESIGHT_WriteAPDPReg(AP reg 0x00, 0x80000002)
T62D4 000:633.783 - 0.221ms returns 0
T62D4 000:633.814 JLINK_CORESIGHT_WriteAPDPReg(AP reg 0x01, 0x80011120)
T62D4 000:634.290 - 0.476ms returns 0
T62D4 000:634.331 JLINK_CORESIGHT_WriteAPDPReg(AP reg 0x03, 0x3A010001)
T62D4 000:634.566 - 0.234ms returns 0
T62D4 000:634.592 JLINK_CORESIGHT_WriteAPDPReg(AP reg 0x00, 0x80000002)
T62D4 000:634.814 - 0.222ms returns 0
T62D4 000:634.861 JLINK_CORESIGHT_WriteAPDPReg(AP reg 0x01, 0x80011140)
T62D4 000:635.093 - 0.231ms returns 0
T62D4 000:635.137 JLINK_CORESIGHT_ReadAPDPReg(AP reg 0x03)
T62D4 000:635.432   Value=0x00000002
T62D4 000:635.478 - 0.341ms returns 0
T62D4 000:635.504 JLINK_CORESIGHT_WriteAPDPReg(AP reg 0x00, 0x80000002)
T62D4 000:635.733 - 0.228ms returns 0
T62D4 000:635.773 JLINK_CORESIGHT_WriteAPDPReg(AP reg 0x01, 0x80011120)
T62D4 000:636.016 - 0.243ms returns 0
T62D4 000:636.058 JLINK_CORESIGHT_WriteAPDPReg(AP reg 0x03, 0x000003C5)
T62D4 000:636.395 - 0.337ms returns 0
T62D4 000:636.439 JLINK_CORESIGHT_WriteAPDPReg(AP reg 0x00, 0x80000002)
T62D4 000:636.691 - 0.251ms returns 0
T62D4 000:636.729 JLINK_CORESIGHT_WriteAPDPReg(AP reg 0x01, 0x80011140)
T62D4 000:636.991 - 0.261ms returns 0
T62D4 000:637.033 JLINK_CORESIGHT_ReadAPDPReg(AP reg 0x03)
T62D4 000:637.357   Value=0x00000002
T62D4 000:637.399 - 0.364ms returns 0
T62D4 000:637.430 JLINK_CORESIGHT_ReadAPDPReg(AP reg 0x03)
T62D4 000:637.711   Value=0x00000002
T62D4 000:637.747 - 0.317ms returns 0
T62D4 000:637.767 JLINK_CORESIGHT_ReadAPDPReg(AP reg 0x03)
T62D4 000:638.010   Value=0x00000002
T62D4 000:638.034 - 0.267ms returns 0
T62D4 000:638.052 JLINK_CORESIGHT_ReadAPDPReg(AP reg 0x03)
T62D4 000:638.401   Value=0x00000002
T62D4 000:638.448 - 0.396ms returns 0
T62D4 000:638.469 JLINK_CORESIGHT_ReadAPDPReg(AP reg 0x03)
T62D4 000:638.775   Value=0x00000002
T62D4 000:638.815 - 0.345ms returns 0
T62D4 000:638.835 JLINK_CORESIGHT_ReadAPDPReg(AP reg 0x03)
T62D4 000:639.138   Value=0x00000002
T62D4 000:639.177 - 0.342ms returns 0
T62D4 000:639.198 JLINK_CORESIGHT_ReadAPDPReg(AP reg 0x03)
T62D4 000:639.458   Value=0x00000002
T62D4 000:639.485 - 0.287ms returns 0
T62D4 000:639.504 JLINK_CORESIGHT_ReadAPDPReg(AP reg 0x03)
T62D4 000:639.819   Value=0x00000000
T62D4 000:639.860 - 0.356ms returns 0
T62D4 000:639.880 JLINK_CORESIGHT_WriteAPDPReg(AP reg 0x00, 0x80000002)
T62D4 000:640.140 - 0.260ms returns 0
T62D4 000:640.179 JLINK_CORESIGHT_WriteAPDPReg(AP reg 0x01, 0x80011130)
T62D4 000:640.402 - 0.223ms returns 0
T62D4 000:640.439 JLINK_CORESIGHT_ReadAPDPReg(AP reg 0x03)
T62D4 000:640.720   Value=0x3A2A0081
T62D4 000:640.747 - 0.307ms returns 0
T62D4 000:640.764 JLINK_CORESIGHT_WriteAPDPReg(AP reg 0x00, 0x80000002)
T62D4 000:640.962 - 0.198ms returns 0
T62D4 000:640.982 JLINK_CORESIGHT_WriteAPDPReg(AP reg 0x01, 0x80011140)
T62D4 000:641.180 - 0.198ms returns 0
T62D4 000:641.200 JLINK_CORESIGHT_ReadAPDPReg(AP reg 0x03)
T62D4 000:641.449   Value=0x00000000
T62D4 000:641.472 - 0.272ms returns 0
T62D4 000:641.495 JLINK_CORESIGHT_WriteAPDPReg(AP reg 0x00, 0x80000002)
T62D4 000:641.693 - 0.198ms returns 0
T62D4 000:641.713 JLINK_CORESIGHT_WriteAPDPReg(AP reg 0x01, 0x80011130)
T62D4 000:641.938 - 0.225ms returns 0
T62D4 000:641.957 JLINK_CORESIGHT_ReadAPDPReg(AP reg 0x03)
T62D4 000:642.229   Value=0x808D5B00
T62D4 000:642.252 - 0.295ms returns 0
T62D4 000:642.270 JLINK_CORESIGHT_WriteAPDPReg(AP reg 0x00, 0x80000002)
T62D4 000:642.469 - 0.199ms returns 0
T62D4 000:642.490 JLINK_CORESIGHT_WriteAPDPReg(AP reg 0x01, 0x80011140)
T62D4 000:642.697 - 0.206ms returns 0
T62D4 000:642.716 JLINK_CORESIGHT_ReadAPDPReg(AP reg 0x03)
T62D4 000:642.975   Value=0x00000000
T62D4 000:642.998 - 0.281ms returns 0
T62D4 000:643.015 JLINK_CORESIGHT_WriteAPDPReg(AP reg 0x00, 0x80000002)
T62D4 000:643.219 - 0.204ms returns 0
T62D4 000:643.241 JLINK_CORESIGHT_WriteAPDPReg(AP reg 0x01, 0x80011130)
T62D4 000:643.445 - 0.203ms returns 0
T62D4 000:643.476 JLINK_CORESIGHT_ReadAPDPReg(AP reg 0x03)
T62D4 000:643.764   Value=0x0306070A
T62D4 000:643.794 - 0.318ms returns 0
T62D4 000:643.813 JLINK_CORESIGHT_WriteAPDPReg(AP reg 0x00, 0x80000002)
T62D4 000:644.056 - 0.243ms returns 0
T62D4 000:644.076 JLINK_CORESIGHT_WriteAPDPReg(AP reg 0x01, 0x80011140)
T62D4 000:644.281 - 0.205ms returns 0
T62D4 000:644.302 JLINK_CORESIGHT_ReadAPDPReg(AP reg 0x03)
T62D4 000:644.570   Value=0x00000000
T62D4 000:644.595 - 0.292ms returns 0
T62D4 000:644.612 JLINK_CORESIGHT_WriteAPDPReg(AP reg 0x00, 0x80000002)
T62D4 000:644.811 - 0.199ms returns 0
T62D4 000:644.831 JLINK_CORESIGHT_WriteAPDPReg(AP reg 0x01, 0x80011130)
T62D4 000:645.049 - 0.218ms returns 0
T62D4 000:645.069 JLINK_CORESIGHT_ReadAPDPReg(AP reg 0x03)
T62D4 000:645.330   Value=0x30545408
T62D4 000:645.354 - 0.285ms returns 0
T62D4 000:645.373 JLINK_CORESIGHT_WriteAPDPReg(AP reg 0x00, 0x80000002)
T62D4 000:645.571 - 0.197ms returns 0
T62D4 000:645.592 JLINK_CORESIGHT_WriteAPDPReg(AP reg 0x01, 0x80011140)
T62D4 000:645.796 - 0.204ms returns 0
T62D4 000:645.816 JLINK_CORESIGHT_ReadAPDPReg(AP reg 0x03)
T62D4 000:646.102   Value=0x00000000
T62D4 000:646.126 - 0.309ms returns 0
T62D4 000:646.145 JLINK_CORESIGHT_WriteAPDPReg(AP reg 0x00, 0x80000002)
T62D4 000:646.343 - 0.198ms returns 0
T62D4 000:646.363 JLINK_CORESIGHT_WriteAPDPReg(AP reg 0x01, 0x80011130)
T62D4 000:646.561 - 0.198ms returns 0
T62D4 000:646.581 JLINK_CORESIGHT_ReadAPDPReg(AP reg 0x03)
T62D4 000:646.840   Value=0x541223C8
T62D4 000:646.864 - 0.283ms returns 0
T62D4 000:646.882 JLINK_CORESIGHT_WriteAPDPReg(AP reg 0x00, 0x80000002)
T62D4 000:647.082 - 0.199ms returns 0
T62D4 000:647.101 JLINK_CORESIGHT_WriteAPDPReg(AP reg 0x01, 0x80011140)
T62D4 000:647.300 - 0.199ms returns 0
T62D4 000:647.320 JLINK_CORESIGHT_ReadAPDPReg(AP reg 0x03)
T62D4 000:647.583   Value=0x00000000
T62D4 000:647.607 - 0.287ms returns 0
T62D4 000:647.626 JLINK_CORESIGHT_WriteAPDPReg(AP reg 0x00, 0x80000002)
T62D4 000:647.827 - 0.201ms returns 0
T62D4 000:647.847 JLINK_CORESIGHT_WriteAPDPReg(AP reg 0x01, 0x80011130)
T62D4 000:648.022 - 0.174ms returns 0
T62D4 000:648.042 JLINK_CORESIGHT_ReadAPDPReg(AP reg 0x03)
T62D4 000:648.270   Value=0x32355536
T62D4 000:648.293 - 0.250ms returns 0
T62D4 000:648.311 JLINK_CORESIGHT_WriteAPDPReg(AP reg 0x00, 0x80000002)
T62D4 000:648.509 - 0.197ms returns 0
T62D4 000:648.529 JLINK_CORESIGHT_WriteAPDPReg(AP reg 0x01, 0x80011140)
T62D4 000:648.735 - 0.206ms returns 0
T62D4 000:648.781 JLINK_CORESIGHT_ReadAPDPReg(AP reg 0x03)
T62D4 000:649.124   Value=0x00000000
T62D4 000:649.170 - 0.388ms returns 0
T62D4 000:649.196 JLINK_CORESIGHT_WriteAPDPReg(AP reg 0x00, 0x80000002)
T62D4 000:649.418 - 0.222ms returns 0
T62D4 000:649.446 JLINK_CORESIGHT_WriteAPDPReg(AP reg 0x01, 0x80011130)
T62D4 000:649.654 - 0.207ms returns 0
T62D4 000:649.689 JLINK_CORESIGHT_ReadAPDPReg(AP reg 0x03)
T62D4 000:649.924   Value=0x61022D38
T62D4 000:649.949 - 0.260ms returns 0
T62D4 000:649.968 JLINK_CORESIGHT_WriteAPDPReg(AP reg 0x00, 0x80000002)
T62D4 000:650.189 - 0.221ms returns 0
T62D4 000:650.283 JLINK_CORESIGHT_WriteAPDPReg(AP reg 0x01, 0x80011140)
T62D4 000:650.508 - 0.224ms returns 0
T62D4 000:650.548 JLINK_CORESIGHT_ReadAPDPReg(AP reg 0x03)
T62D4 000:650.828   Value=0x00000000
T62D4 000:650.864 - 0.315ms returns 0
T62D4 000:650.884 JLINK_CORESIGHT_WriteAPDPReg(AP reg 0x00, 0x80000002)
T62D4 000:651.092 - 0.208ms returns 0
T62D4 000:651.113 JLINK_CORESIGHT_WriteAPDPReg(AP reg 0x01, 0x80011130)
T62D4 000:651.323 - 0.210ms returns 0
T62D4 000:651.343 JLINK_CORESIGHT_ReadAPDPReg(AP reg 0x03)
T62D4 000:651.604   Value=0x4B375279
T62D4 000:651.628 - 0.284ms returns 0
T62D4 000:651.647 JLINK_CORESIGHT_WriteAPDPReg(AP reg 0x00, 0x80000002)
T62D4 000:651.850 - 0.203ms returns 0
T62D4 000:651.870 JLINK_CORESIGHT_WriteAPDPReg(AP reg 0x01, 0x80011140)
T62D4 000:652.078 - 0.207ms returns 0
T62D4 000:652.098 JLINK_CORESIGHT_ReadAPDPReg(AP reg 0x03)
T62D4 000:652.366   Value=0x00000000
T62D4 000:652.389 - 0.290ms returns 0
T62D4 000:652.407 JLINK_CORESIGHT_WriteAPDPReg(AP reg 0x00, 0x80000002)
T62D4 000:652.610 - 0.202ms returns 0
T62D4 000:652.629 JLINK_CORESIGHT_WriteAPDPReg(AP reg 0x01, 0x80011130)
T62D4 000:652.828 - 0.199ms returns 0
T62D4 000:652.851 JLINK_CORESIGHT_ReadAPDPReg(AP reg 0x03)
T62D4 000:653.114   Value=0x31503841
T62D4 000:653.137 - 0.285ms returns 0
T62D4 000:653.156 JLINK_CORESIGHT_WriteAPDPReg(AP reg 0x00, 0x80000002)
T62D4 000:653.355 - 0.199ms returns 0
T62D4 000:653.375 JLINK_CORESIGHT_WriteAPDPReg(AP reg 0x01, 0x80011140)
T62D4 000:653.574 - 0.199ms returns 0
T62D4 000:653.594 JLINK_CORESIGHT_ReadAPDPReg(AP reg 0x03)
T62D4 000:653.854   Value=0x00000000
T62D4 000:653.878 - 0.284ms returns 0
T62D4 000:653.897 JLINK_CORESIGHT_WriteAPDPReg(AP reg 0x00, 0x80000002)
T62D4 000:654.103 - 0.206ms returns 0
T62D4 000:654.123 JLINK_CORESIGHT_WriteAPDPReg(AP reg 0x01, 0x80011130)
T62D4 000:654.329 - 0.206ms returns 0
T62D4 000:654.349 JLINK_CORESIGHT_ReadAPDPReg(AP reg 0x03)
T62D4 000:654.605   Value=0x434C464B
T62D4 000:654.629 - 0.279ms returns 0
T62D4 000:654.648 JLINK_CORESIGHT_WriteAPDPReg(AP reg 0x00, 0x80000002)
T62D4 000:654.814 - 0.166ms returns 0
T62D4 000:654.836 JLINK_CORESIGHT_WriteAPDPReg(AP reg 0x01, 0x80011140)
T62D4 000:655.024 - 0.188ms returns 0
T62D4 000:655.044 JLINK_CORESIGHT_ReadAPDPReg(AP reg 0x03)
T62D4 000:655.276   Value=0x00000000
T62D4 000:655.301 - 0.257ms returns 0
T62D4 000:655.320 JLINK_CORESIGHT_WriteAPDPReg(AP reg 0x00, 0x80000002)
T62D4 000:655.520 - 0.200ms returns 0
T62D4 000:655.541 JLINK_CORESIGHT_WriteAPDPReg(AP reg 0x01, 0x80011130)
T62D4 000:655.746 - 0.205ms returns 0
T62D4 000:655.766 JLINK_CORESIGHT_ReadAPDPReg(AP reg 0x03)
T62D4 000:656.032   Value=0x20204341
T62D4 000:656.058 - 0.292ms returns 0
T62D4 000:656.077 JLINK_CORESIGHT_WriteAPDPReg(AP reg 0x00, 0x80000002)
T62D4 000:656.283 - 0.206ms returns 0
T62D4 000:656.303 JLINK_CORESIGHT_WriteAPDPReg(AP reg 0x01, 0x80011140)
T62D4 000:656.503 - 0.199ms returns 0
T62D4 000:656.523 JLINK_CORESIGHT_ReadAPDPReg(AP reg 0x03)
T62D4 000:656.784   Value=0x00000000
T62D4 000:656.808 - 0.285ms returns 0
T62D4 000:656.825 JLINK_CORESIGHT_WriteAPDPReg(AP reg 0x00, 0x80000002)
T62D4 000:657.029 - 0.203ms returns 0
T62D4 000:657.053 JLINK_CORESIGHT_WriteAPDPReg(AP reg 0x01, 0x80011130)
T62D4 000:657.248 - 0.194ms returns 0
T62D4 000:657.280 JLINK_CORESIGHT_ReadAPDPReg(AP reg 0x03)
T62D4 000:657.551   Value=0x0003E420
T62D4 000:657.575 - 0.294ms returns 0
T62D4 000:658.164 JLINK_CORESIGHT_WriteAPDPReg(AP reg 0x00, 0x80000002)
T62D4 000:658.373 - 0.208ms returns 0
T62D4 000:658.391 JLINK_CORESIGHT_WriteAPDPReg(AP reg 0x01, 0x80011140)
T62D4 000:658.590 - 0.198ms returns 0
T62D4 000:658.608 JLINK_CORESIGHT_ReadAPDPReg(AP reg 0x03)
T62D4 000:658.938   Value=0x00000002
T62D4 000:658.961 - 0.353ms returns 0
T62D4 000:658.977 JLINK_CORESIGHT_WriteAPDPReg(AP reg 0x00, 0x80000002)
T62D4 000:659.215 - 0.238ms returns 0
T62D4 000:659.234 JLINK_CORESIGHT_WriteAPDPReg(AP reg 0x01, 0x80011120)
T62D4 000:659.433 - 0.199ms returns 0
T62D4 000:659.459 JLINK_CORESIGHT_WriteAPDPReg(AP reg 0x03, 0x39020001)
T62D4 000:659.660 - 0.200ms returns 0
T62D4 000:659.678 JLINK_CORESIGHT_WriteAPDPReg(AP reg 0x00, 0x80000002)
T62D4 000:659.939 - 0.261ms returns 0
T62D4 000:659.958 JLINK_CORESIGHT_WriteAPDPReg(AP reg 0x01, 0x80011140)
T62D4 000:660.154 - 0.195ms returns 0
T62D4 000:660.172 JLINK_CORESIGHT_ReadAPDPReg(AP reg 0x03)
T62D4 000:660.434   Value=0x00000002
T62D4 000:660.457 - 0.285ms returns 0
T62D4 000:660.473 JLINK_CORESIGHT_WriteAPDPReg(AP reg 0x00, 0x80000002)
T62D4 000:660.677 - 0.204ms returns 0
T62D4 000:660.695 JLINK_CORESIGHT_WriteAPDPReg(AP reg 0x01, 0x80011120)
T62D4 000:660.934 - 0.238ms returns 0
T62D4 000:660.952 JLINK_CORESIGHT_WriteAPDPReg(AP reg 0x03, 0x0003B312)
T62D4 000:661.156 - 0.204ms returns 0
T62D4 000:661.175 JLINK_CORESIGHT_WriteAPDPReg(AP reg 0x00, 0x80000002)
T62D4 000:661.373 - 0.198ms returns 0
T62D4 000:661.391 JLINK_CORESIGHT_WriteAPDPReg(AP reg 0x01, 0x80011140)
T62D4 000:661.590 - 0.198ms returns 0
T62D4 000:661.608 JLINK_CORESIGHT_ReadAPDPReg(AP reg 0x03)
T62D4 000:661.829   Value=0x00000000
T62D4 000:661.861 - 0.252ms returns 0
T62D4 000:661.877 JLINK_CORESIGHT_WriteAPDPReg(AP reg 0x00, 0x80000002)
T62D4 000:662.069 - 0.192ms returns 0
T62D4 000:662.087 JLINK_CORESIGHT_WriteAPDPReg(AP reg 0x01, 0x80011130)
T62D4 000:662.288 - 0.201ms returns 0
T62D4 000:662.306 JLINK_CORESIGHT_ReadAPDPReg(AP reg 0x03)
T62D4 000:662.567   Value=0xB90A0081
T62D4 000:662.590 - 0.284ms returns 0
T62D4 000:662.606 JLINK_CORESIGHT_WriteAPDPReg(AP reg 0x00, 0x80000002)
T62D4 000:662.804 - 0.197ms returns 0
T62D4 000:662.822 JLINK_CORESIGHT_WriteAPDPReg(AP reg 0x01, 0x80011140)
T62D4 000:663.054 - 0.232ms returns 0
T62D4 000:663.073 JLINK_CORESIGHT_ReadAPDPReg(AP reg 0x03)
T62D4 000:663.337   Value=0x00000000
T62D4 000:663.360 - 0.287ms returns 0
T62D4 000:663.376 JLINK_CORESIGHT_WriteAPDPReg(AP reg 0x00, 0x80000002)
T62D4 000:663.580 - 0.204ms returns 0
T62D4 000:663.598 JLINK_CORESIGHT_WriteAPDPReg(AP reg 0x01, 0x80011130)
T62D4 000:663.794 - 0.196ms returns 0
T62D4 000:663.814 JLINK_CORESIGHT_ReadAPDPReg(AP reg 0x03)
T62D4 000:664.121   Value=0xFFFFFFC0
T62D4 000:664.166 - 0.351ms returns 0
T62D4 000:664.183 JLINK_CORESIGHT_WriteAPDPReg(AP reg 0x00, 0x80000002)
T62D4 000:664.408 - 0.224ms returns 0
T62D4 000:664.448 JLINK_CORESIGHT_WriteAPDPReg(AP reg 0x01, 0x80011140)
T62D4 000:664.730 - 0.281ms returns 0
T62D4 000:664.766 JLINK_CORESIGHT_ReadAPDPReg(AP reg 0x03)
T62D4 000:665.153   Value=0x00000000
T62D4 000:665.184 - 0.418ms returns 0
T62D4 000:665.199 JLINK_CORESIGHT_WriteAPDPReg(AP reg 0x00, 0x80000002)
T62D4 000:665.463 - 0.263ms returns 0
T62D4 000:665.499 JLINK_CORESIGHT_WriteAPDPReg(AP reg 0x01, 0x80011130)
T62D4 000:665.705 - 0.206ms returns 0
T62D4 000:665.723 JLINK_CORESIGHT_ReadAPDPReg(AP reg 0x03)
T62D4 000:665.983   Value=0xFFFFFFFF
T62D4 000:666.012 - 0.289ms returns 0
T62D4 000:666.028 JLINK_CORESIGHT_WriteAPDPReg(AP reg 0x00, 0x80000002)
T62D4 000:666.236 - 0.207ms returns 0
T62D4 000:666.257 JLINK_CORESIGHT_WriteAPDPReg(AP reg 0x01, 0x80011140)
T62D4 000:666.462 - 0.205ms returns 0
T62D4 000:666.482 JLINK_CORESIGHT_ReadAPDPReg(AP reg 0x03)
T62D4 000:666.751   Value=0x00000000
T62D4 000:666.777 - 0.294ms returns 0
T62D4 000:666.793 JLINK_CORESIGHT_WriteAPDPReg(AP reg 0x00, 0x80000002)
T62D4 000:667.046 - 0.253ms returns 0
T62D4 000:667.067 JLINK_CORESIGHT_WriteAPDPReg(AP reg 0x01, 0x80011130)
T62D4 000:667.272 - 0.205ms returns 0
T62D4 000:667.292 JLINK_CORESIGHT_ReadAPDPReg(AP reg 0x03)
T62D4 000:667.555   Value=0x000385FF
T62D4 000:667.579 - 0.287ms returns 0
T62D4 000:667.656 JLINK_CORESIGHT_WriteAPDPReg(AP reg 0x00, 0x80000002)
T62D4 000:667.938 - 0.282ms returns 0
T62D4 000:667.958 JLINK_CORESIGHT_WriteAPDPReg(AP reg 0x01, 0x80011140)
T62D4 000:668.163 - 0.204ms returns 0
T62D4 000:668.182 JLINK_CORESIGHT_ReadAPDPReg(AP reg 0x03)
T62D4 000:668.448   Value=0x00000002
T62D4 000:668.472 - 0.289ms returns 0
T62D4 000:668.487 JLINK_CORESIGHT_WriteAPDPReg(AP reg 0x00, 0x80000002)
T62D4 000:668.652 - 0.165ms returns 0
T62D4 000:668.672 JLINK_CORESIGHT_WriteAPDPReg(AP reg 0x01, 0x80011120)
T62D4 000:668.828 - 0.156ms returns 0
T62D4 000:668.846 JLINK_CORESIGHT_WriteAPDPReg(AP reg 0x03, 0x2C010001)
T62D4 000:669.022 - 0.176ms returns 0
T62D4 000:669.041 JLINK_CORESIGHT_WriteAPDPReg(AP reg 0x00, 0x80000002)
T62D4 000:669.231 - 0.189ms returns 0
T62D4 000:669.250 JLINK_CORESIGHT_WriteAPDPReg(AP reg 0x01, 0x80011140)
T62D4 000:669.449 - 0.199ms returns 0
T62D4 000:669.469 JLINK_CORESIGHT_ReadAPDPReg(AP reg 0x03)
T62D4 000:669.731   Value=0x00000002
T62D4 000:669.755 - 0.286ms returns 0
T62D4 000:669.770 JLINK_CORESIGHT_WriteAPDPReg(AP reg 0x00, 0x80000002)
T62D4 000:669.970 - 0.200ms returns 0
T62D4 000:669.988 JLINK_CORESIGHT_WriteAPDPReg(AP reg 0x01, 0x80011120)
T62D4 000:670.218 - 0.229ms returns 0
T62D4 000:670.236 JLINK_CORESIGHT_WriteAPDPReg(AP reg 0x03, 0x000003D3)
T62D4 000:670.435 - 0.199ms returns 0
T62D4 000:670.454 JLINK_CORESIGHT_WriteAPDPReg(AP reg 0x00, 0x80000002)
T62D4 000:670.653 - 0.199ms returns 0
T62D4 000:670.672 JLINK_CORESIGHT_WriteAPDPReg(AP reg 0x01, 0x80011140)
T62D4 000:670.921 - 0.249ms returns 0
T62D4 000:670.940 JLINK_CORESIGHT_ReadAPDPReg(AP reg 0x03)
T62D4 000:671.195   Value=0x00000000
T62D4 000:671.238 - 0.298ms returns 0
T62D4 000:671.255 JLINK_CORESIGHT_WriteAPDPReg(AP reg 0x00, 0x80000002)
T62D4 000:671.470 - 0.214ms returns 0
T62D4 000:671.499 JLINK_CORESIGHT_WriteAPDPReg(AP reg 0x01, 0x80011130)
T62D4 000:671.713 - 0.214ms returns 0
T62D4 000:671.732 JLINK_CORESIGHT_ReadAPDPReg(AP reg 0x03)
T62D4 000:671.969   Value=0x2C020081
T62D4 000:671.993 - 0.261ms returns 0
T62D4 000:672.009 JLINK_CORESIGHT_WriteAPDPReg(AP reg 0x00, 0x80000002)
T62D4 000:672.208 - 0.199ms returns 0
T62D4 000:672.226 JLINK_CORESIGHT_WriteAPDPReg(AP reg 0x01, 0x80011140)
T62D4 000:672.424 - 0.198ms returns 0
T62D4 000:672.443 JLINK_CORESIGHT_ReadAPDPReg(AP reg 0x03)
T62D4 000:672.705   Value=0x00000000
T62D4 000:672.729 - 0.286ms returns 0
T62D4 000:672.744 JLINK_CORESIGHT_WriteAPDPReg(AP reg 0x00, 0x80000002)
T62D4 000:672.938 - 0.193ms returns 0
T62D4 000:672.956 JLINK_CORESIGHT_WriteAPDPReg(AP reg 0x01, 0x80011130)
T62D4 000:673.155 - 0.199ms returns 0
T62D4 000:673.173 JLINK_CORESIGHT_ReadAPDPReg(AP reg 0x03)
T62D4 000:673.433   Value=0x0003CE04
T62D4 000:673.456 - 0.283ms returns 0
T62D4 000:673.476 JLINK_CORESIGHT_WriteAPDPReg(AP reg 0x00, 0x80000002)
T62D4 000:673.675 - 0.199ms returns 0
T62D4 000:673.693 JLINK_CORESIGHT_WriteAPDPReg(AP reg 0x01, 0x80011140)
T62D4 000:673.932 - 0.239ms returns 0
T62D4 000:673.951 JLINK_CORESIGHT_ReadAPDPReg(AP reg 0x03)
T62D4 000:674.211   Value=0x00000002
T62D4 000:674.234 - 0.283ms returns 0
T62D4 000:674.249 JLINK_CORESIGHT_WriteAPDPReg(AP reg 0x00, 0x80000002)
T62D4 000:674.455 - 0.205ms returns 0
T62D4 000:674.473 JLINK_CORESIGHT_WriteAPDPReg(AP reg 0x01, 0x80011120)
T62D4 000:674.673 - 0.199ms returns 0
T62D4 000:674.691 JLINK_CORESIGHT_WriteAPDPReg(AP reg 0x03, 0x73010001)
T62D4 000:674.938 - 0.247ms returns 0
T62D4 000:674.954 JLINK_CORESIGHT_WriteAPDPReg(AP reg 0x00, 0x80000002)
T62D4 000:675.156 - 0.202ms returns 0
T62D4 000:675.174 JLINK_CORESIGHT_WriteAPDPReg(AP reg 0x01, 0x80011140)
T62D4 000:675.347 - 0.172ms returns 0
T62D4 000:675.365 JLINK_CORESIGHT_ReadAPDPReg(AP reg 0x03)
T62D4 000:675.589   Value=0x00000002
T62D4 000:675.612 - 0.247ms returns 0
T62D4 000:675.628 JLINK_CORESIGHT_WriteAPDPReg(AP reg 0x00, 0x80000002)
T62D4 000:675.796 - 0.168ms returns 0
T62D4 000:675.815 JLINK_CORESIGHT_WriteAPDPReg(AP reg 0x01, 0x80011120)
T62D4 000:676.048 - 0.232ms returns 0
T62D4 000:676.065 JLINK_CORESIGHT_WriteAPDPReg(AP reg 0x03, 0x0000038C)
T62D4 000:676.266 - 0.201ms returns 0
T62D4 000:676.282 JLINK_CORESIGHT_WriteAPDPReg(AP reg 0x00, 0x80000002)
T62D4 000:676.487 - 0.204ms returns 0
T62D4 000:676.503 JLINK_CORESIGHT_WriteAPDPReg(AP reg 0x01, 0x80011140)
T62D4 000:676.698 - 0.194ms returns 0
T62D4 000:676.714 JLINK_CORESIGHT_ReadAPDPReg(AP reg 0x03)
T62D4 000:676.968   Value=0x00000002
T62D4 000:676.991 - 0.276ms returns 0
T62D4 000:677.005 JLINK_CORESIGHT_ReadAPDPReg(AP reg 0x03)
T62D4 000:677.237   Value=0x00000002
T62D4 000:677.259 - 0.254ms returns 0
T62D4 000:677.273 JLINK_CORESIGHT_ReadAPDPReg(AP reg 0x03)
T62D4 000:677.647   Value=0x00000002
T62D4 000:677.677 - 0.404ms returns 0
T62D4 000:677.692 JLINK_CORESIGHT_ReadAPDPReg(AP reg 0x03)
T62D4 000:677.933   Value=0x00000000
T62D4 000:677.957 - 0.265ms returns 0
T62D4 000:677.972 JLINK_CORESIGHT_WriteAPDPReg(AP reg 0x00, 0x80000002)
T62D4 000:678.171 - 0.199ms returns 0
T62D4 000:678.188 JLINK_CORESIGHT_WriteAPDPReg(AP reg 0x01, 0x80011130)
T62D4 000:678.386 - 0.198ms returns 0
T62D4 000:678.402 JLINK_CORESIGHT_ReadAPDPReg(AP reg 0x03)
T62D4 000:678.661   Value=0x73020081
T62D4 000:678.682 - 0.280ms returns 0
T62D4 000:678.696 JLINK_CORESIGHT_WriteAPDPReg(AP reg 0x00, 0x80000002)
T62D4 000:678.938 - 0.242ms returns 0
T62D4 000:678.954 JLINK_CORESIGHT_WriteAPDPReg(AP reg 0x01, 0x80011140)
T62D4 000:679.151 - 0.197ms returns 0
T62D4 000:679.168 JLINK_CORESIGHT_ReadAPDPReg(AP reg 0x03)
T62D4 000:679.438   Value=0x00000000
T62D4 000:679.484 - 0.315ms returns 0
T62D4 000:679.507 JLINK_CORESIGHT_WriteAPDPReg(AP reg 0x00, 0x80000002)
T62D4 000:679.772 - 0.265ms returns 0
T62D4 000:679.798 JLINK_CORESIGHT_WriteAPDPReg(AP reg 0x01, 0x80011130)
T62D4 000:680.056 - 0.258ms returns 0
T62D4 000:680.076 JLINK_CORESIGHT_ReadAPDPReg(AP reg 0x03)
T62D4 000:680.341   Value=0x00038902
T62D4 000:680.369 - 0.292ms returns 0
T62D4 000:680.386 JLINK_CORESIGHT_WriteAPDPReg(AP reg 0x00, 0x80000002)
T62D4 000:680.602 - 0.216ms returns 0
T62D4 000:680.621 JLINK_CORESIGHT_WriteAPDPReg(AP reg 0x01, 0x80011140)
T62D4 000:680.821 - 0.200ms returns 0
T62D4 000:680.840 JLINK_CORESIGHT_ReadAPDPReg(AP reg 0x03)
T62D4 000:681.114   Value=0x00000002
T62D4 000:681.139 - 0.298ms returns 0
T62D4 000:681.155 JLINK_CORESIGHT_WriteAPDPReg(AP reg 0x00, 0x80000002)
T62D4 000:681.355 - 0.200ms returns 0
T62D4 000:681.374 JLINK_CORESIGHT_WriteAPDPReg(AP reg 0x01, 0x80011120)
T62D4 000:681.574 - 0.199ms returns 0
T62D4 000:681.594 JLINK_CORESIGHT_WriteAPDPReg(AP reg 0x03, 0x75010001)
T62D4 000:681.794 - 0.200ms returns 0
T62D4 000:681.813 JLINK_CORESIGHT_WriteAPDPReg(AP reg 0x00, 0x80000002)
T62D4 000:682.049 - 0.236ms returns 0
T62D4 000:682.070 JLINK_CORESIGHT_WriteAPDPReg(AP reg 0x01, 0x80011140)
T62D4 000:682.254 - 0.184ms returns 0
T62D4 000:682.281 JLINK_CORESIGHT_ReadAPDPReg(AP reg 0x03)
T62D4 000:682.511   Value=0x00000002
T62D4 000:682.538 - 0.256ms returns 0
T62D4 000:682.554 JLINK_CORESIGHT_WriteAPDPReg(AP reg 0x00, 0x80000002)
T62D4 000:682.776 - 0.221ms returns 0
T62D4 000:682.799 JLINK_CORESIGHT_WriteAPDPReg(AP reg 0x01, 0x80011120)
T62D4 000:683.052 - 0.252ms returns 0
T62D4 000:683.074 JLINK_CORESIGHT_WriteAPDPReg(AP reg 0x03, 0x0000038A)
T62D4 000:683.275 - 0.201ms returns 0
T62D4 000:683.296 JLINK_CORESIGHT_WriteAPDPReg(AP reg 0x00, 0x80000002)
T62D4 000:683.503 - 0.206ms returns 0
T62D4 000:683.522 JLINK_CORESIGHT_WriteAPDPReg(AP reg 0x01, 0x80011140)
T62D4 000:683.720 - 0.198ms returns 0
T62D4 000:683.738 JLINK_CORESIGHT_ReadAPDPReg(AP reg 0x03)
T62D4 000:684.004   Value=0x00000002
T62D4 000:684.025 - 0.287ms returns 0
T62D4 000:684.041 JLINK_CORESIGHT_ReadAPDPReg(AP reg 0x03)
T62D4 000:684.301   Value=0x00000002
T62D4 000:684.327 - 0.286ms returns 0
T62D4 000:684.345 JLINK_CORESIGHT_ReadAPDPReg(AP reg 0x03)
T62D4 000:684.676   Value=0x00000002
T62D4 000:684.712 - 0.367ms returns 0
T62D4 000:684.731 JLINK_CORESIGHT_ReadAPDPReg(AP reg 0x03)
T62D4 000:684.977   Value=0x00000002
T62D4 000:684.999 - 0.268ms returns 0
T62D4 000:685.015 JLINK_CORESIGHT_ReadAPDPReg(AP reg 0x03)
T62D4 000:685.255   Value=0x00000002
T62D4 000:685.278 - 0.263ms returns 0
T62D4 000:685.294 JLINK_CORESIGHT_ReadAPDPReg(AP reg 0x03)
T62D4 000:685.528   Value=0x00000002
T62D4 000:685.549 - 0.255ms returns 0
T62D4 000:685.564 JLINK_CORESIGHT_ReadAPDPReg(AP reg 0x03)
T62D4 000:685.938   Value=0x00000000
T62D4 000:685.962 - 0.397ms returns 0
T62D4 000:685.981 JLINK_CORESIGHT_WriteAPDPReg(AP reg 0x00, 0x80000002)
T62D4 000:686.178 - 0.197ms returns 0
T62D4 000:686.198 JLINK_CORESIGHT_WriteAPDPReg(AP reg 0x01, 0x80011130)
T62D4 000:686.398 - 0.200ms returns 0
T62D4 000:686.415 JLINK_CORESIGHT_ReadAPDPReg(AP reg 0x03)
T62D4 000:686.676   Value=0x75020081
T62D4 000:686.697 - 0.281ms returns 0
T62D4 000:686.713 JLINK_CORESIGHT_WriteAPDPReg(AP reg 0x00, 0x80000002)
T62D4 000:686.938 - 0.225ms returns 0
T62D4 000:686.956 JLINK_CORESIGHT_WriteAPDPReg(AP reg 0x01, 0x80011140)
T62D4 000:687.159 - 0.203ms returns 0
T62D4 000:687.177 JLINK_CORESIGHT_ReadAPDPReg(AP reg 0x03)
T62D4 000:687.437   Value=0x00000000
T62D4 000:687.459 - 0.281ms returns 0
T62D4 000:687.474 JLINK_CORESIGHT_WriteAPDPReg(AP reg 0x00, 0x80000002)
T62D4 000:687.679 - 0.205ms returns 0
T62D4 000:687.698 JLINK_CORESIGHT_WriteAPDPReg(AP reg 0x01, 0x80011130)
T62D4 000:687.937 - 0.239ms returns 0
T62D4 000:687.955 JLINK_CORESIGHT_ReadAPDPReg(AP reg 0x03)
T62D4 000:688.231   Value=0x00038702
T62D4 000:688.255 - 0.299ms returns 0
T62D4 000:688.278 JLINK_CORESIGHT_WriteAPDPReg(AP reg 0x00, 0x80000002)
T62D4 000:688.501 - 0.222ms returns 0
T62D4 000:688.520 JLINK_CORESIGHT_WriteAPDPReg(AP reg 0x01, 0x80011140)
T62D4 000:688.725 - 0.205ms returns 0
T62D4 000:688.743 JLINK_CORESIGHT_ReadAPDPReg(AP reg 0x03)
T62D4 000:688.994   Value=0x00000002
T62D4 000:689.018 - 0.275ms returns 0
T62D4 000:689.036 JLINK_CORESIGHT_WriteAPDPReg(AP reg 0x00, 0x80000002)
T62D4 000:689.201 - 0.165ms returns 0
T62D4 000:689.221 JLINK_CORESIGHT_WriteAPDPReg(AP reg 0x01, 0x80011120)
T62D4 000:689.423 - 0.202ms returns 0
T62D4 000:689.443 JLINK_CORESIGHT_WriteAPDPReg(AP reg 0x03, 0x4F010001)
T62D4 000:689.650 - 0.207ms returns 0
T62D4 000:689.668 JLINK_CORESIGHT_WriteAPDPReg(AP reg 0x00, 0x80000002)
T62D4 000:689.938 - 0.270ms returns 0
T62D4 000:689.956 JLINK_CORESIGHT_WriteAPDPReg(AP reg 0x01, 0x80011140)
T62D4 000:690.157 - 0.201ms returns 0
T62D4 000:690.177 JLINK_CORESIGHT_ReadAPDPReg(AP reg 0x03)
T62D4 000:690.439   Value=0x00000002
T62D4 000:690.462 - 0.285ms returns 0
T62D4 000:690.480 JLINK_CORESIGHT_WriteAPDPReg(AP reg 0x00, 0x80000002)
T62D4 000:690.679 - 0.199ms returns 0
T62D4 000:690.699 JLINK_CORESIGHT_WriteAPDPReg(AP reg 0x01, 0x80011120)
T62D4 000:690.932 - 0.233ms returns 0
T62D4 000:690.953 JLINK_CORESIGHT_WriteAPDPReg(AP reg 0x03, 0x000003B0)
T62D4 000:691.144 - 0.191ms returns 0
T62D4 000:691.179 JLINK_CORESIGHT_WriteAPDPReg(AP reg 0x00, 0x80000002)
T62D4 000:691.374 - 0.194ms returns 0
T62D4 000:691.423 JLINK_CORESIGHT_WriteAPDPReg(AP reg 0x01, 0x80011140)
T62D4 000:691.650 - 0.226ms returns 0
T62D4 000:691.681 JLINK_CORESIGHT_ReadAPDPReg(AP reg 0x03)
T62D4 000:691.938   Value=0x00000000
T62D4 000:691.962 - 0.281ms returns 0
T62D4 000:691.984 JLINK_CORESIGHT_WriteAPDPReg(AP reg 0x00, 0x80000002)
T62D4 000:692.220 - 0.236ms returns 0
T62D4 000:692.241 JLINK_CORESIGHT_WriteAPDPReg(AP reg 0x01, 0x80011130)
T62D4 000:692.440 - 0.198ms returns 0
T62D4 000:692.461 JLINK_CORESIGHT_ReadAPDPReg(AP reg 0x03)
T62D4 000:692.727   Value=0x4F0B0081
T62D4 000:692.751 - 0.289ms returns 0
T62D4 000:692.769 JLINK_CORESIGHT_WriteAPDPReg(AP reg 0x00, 0x80000002)
T62D4 000:692.972 - 0.203ms returns 0
T62D4 000:692.992 JLINK_CORESIGHT_WriteAPDPReg(AP reg 0x01, 0x80011140)
T62D4 000:693.196 - 0.203ms returns 0
T62D4 000:693.216 JLINK_CORESIGHT_ReadAPDPReg(AP reg 0x03)
T62D4 000:693.475   Value=0x00000000
T62D4 000:693.498 - 0.282ms returns 0
T62D4 000:693.517 JLINK_CORESIGHT_WriteAPDPReg(AP reg 0x00, 0x80000002)
T62D4 000:693.715 - 0.197ms returns 0
T62D4 000:693.735 JLINK_CORESIGHT_WriteAPDPReg(AP reg 0x01, 0x80011130)
T62D4 000:693.932 - 0.197ms returns 0
T62D4 000:693.952 JLINK_CORESIGHT_ReadAPDPReg(AP reg 0x03)
T62D4 000:694.223   Value=0xE03F0000
T62D4 000:694.246 - 0.294ms returns 0
T62D4 000:694.265 JLINK_CORESIGHT_WriteAPDPReg(AP reg 0x00, 0x80000002)
T62D4 000:694.464 - 0.198ms returns 0
T62D4 000:694.521 JLINK_CORESIGHT_WriteAPDPReg(AP reg 0x01, 0x80011140)
T62D4 000:694.726 - 0.204ms returns 0
T62D4 000:694.746 JLINK_CORESIGHT_ReadAPDPReg(AP reg 0x03)
T62D4 000:695.077   Value=0x00000000
T62D4 000:695.124 - 0.377ms returns 0
T62D4 000:695.146 JLINK_CORESIGHT_WriteAPDPReg(AP reg 0x00, 0x80000002)
T62D4 000:695.387 - 0.240ms returns 0
T62D4 000:695.419 JLINK_CORESIGHT_WriteAPDPReg(AP reg 0x01, 0x80011130)
T62D4 000:695.632 - 0.212ms returns 0
T62D4 000:695.663 JLINK_CORESIGHT_ReadAPDPReg(AP reg 0x03)
T62D4 000:695.924   Value=0x00000000
T62D4 000:695.947 - 0.285ms returns 0
T62D4 000:695.966 JLINK_CORESIGHT_WriteAPDPReg(AP reg 0x00, 0x80000002)
T62D4 000:696.196 - 0.230ms returns 0
T62D4 000:696.216 JLINK_CORESIGHT_WriteAPDPReg(AP reg 0x01, 0x80011140)
T62D4 000:696.416 - 0.199ms returns 0
T62D4 000:696.436 JLINK_CORESIGHT_ReadAPDPReg(AP reg 0x03)
T62D4 000:696.698   Value=0x00000000
T62D4 000:696.721 - 0.285ms returns 0
T62D4 000:696.740 JLINK_CORESIGHT_WriteAPDPReg(AP reg 0x00, 0x80000002)
T62D4 000:696.933 - 0.192ms returns 0
T62D4 000:696.953 JLINK_CORESIGHT_WriteAPDPReg(AP reg 0x01, 0x80011130)
T62D4 000:697.164 - 0.210ms returns 0
T62D4 000:697.184 JLINK_CORESIGHT_ReadAPDPReg(AP reg 0x03)
T62D4 000:697.446   Value=0x03870000
T62D4 000:697.470 - 0.285ms returns 0
T62D4 000:698.052 JLINK_CORESIGHT_WriteAPDPReg(AP reg 0x00, 0x80000002)
T62D4 000:698.287 - 0.234ms returns 0
T62D4 000:698.315 JLINK_CORESIGHT_WriteAPDPReg(AP reg 0x01, 0x80011140)
T62D4 000:698.523 - 0.207ms returns 0
T62D4 000:698.542 JLINK_CORESIGHT_ReadAPDPReg(AP reg 0x03)
T62D4 000:698.822   Value=0x00000002
T62D4 000:698.849 - 0.306ms returns 0
T62D4 000:698.865 JLINK_CORESIGHT_WriteAPDPReg(AP reg 0x00, 0x80000002)
T62D4 000:699.067 - 0.202ms returns 0
T62D4 000:699.090 JLINK_CORESIGHT_WriteAPDPReg(AP reg 0x01, 0x80011120)
T62D4 000:699.298 - 0.208ms returns 0
T62D4 000:699.330 JLINK_CORESIGHT_WriteAPDPReg(AP reg 0x03, 0x2C010001)
T62D4 000:699.547 - 0.217ms returns 0
T62D4 000:699.567 JLINK_CORESIGHT_WriteAPDPReg(AP reg 0x00, 0x80000002)
T62D4 000:699.773 - 0.205ms returns 0
T62D4 000:699.791 JLINK_CORESIGHT_WriteAPDPReg(AP reg 0x01, 0x80011140)
T62D4 000:700.045 - 0.254ms returns 0
T62D4 000:700.065 JLINK_CORESIGHT_ReadAPDPReg(AP reg 0x03)
T62D4 000:700.327   Value=0x00000002
T62D4 000:700.351 - 0.286ms returns 0
T62D4 000:700.367 JLINK_CORESIGHT_WriteAPDPReg(AP reg 0x00, 0x80000002)
T62D4 000:700.566 - 0.199ms returns 0
T62D4 000:700.585 JLINK_CORESIGHT_WriteAPDPReg(AP reg 0x01, 0x80011120)
T62D4 000:700.785 - 0.199ms returns 0
T62D4 000:700.803 JLINK_CORESIGHT_WriteAPDPReg(AP reg 0x03, 0x000003D3)
T62D4 000:701.052 - 0.249ms returns 0
T62D4 000:701.073 JLINK_CORESIGHT_WriteAPDPReg(AP reg 0x00, 0x80000002)
T62D4 000:701.278 - 0.205ms returns 0
T62D4 000:701.296 JLINK_CORESIGHT_WriteAPDPReg(AP reg 0x01, 0x80011140)
T62D4 000:701.502 - 0.205ms returns 0
T62D4 000:701.520 JLINK_CORESIGHT_ReadAPDPReg(AP reg 0x03)
T62D4 000:701.781   Value=0x00000002
T62D4 000:701.804 - 0.284ms returns 0
T62D4 000:701.820 JLINK_CORESIGHT_ReadAPDPReg(AP reg 0x03)
T62D4 000:702.080   Value=0x00000002
T62D4 000:702.103 - 0.283ms returns 0
T62D4 000:702.119 JLINK_CORESIGHT_ReadAPDPReg(AP reg 0x03)
T62D4 000:702.354   Value=0x00000002
T62D4 000:702.377 - 0.259ms returns 0
T62D4 000:702.394 JLINK_CORESIGHT_ReadAPDPReg(AP reg 0x03)
T62D4 000:702.625   Value=0x00000000
T62D4 000:702.648 - 0.254ms returns 0
T62D4 000:702.663 JLINK_CORESIGHT_WriteAPDPReg(AP reg 0x00, 0x80000002)
T62D4 000:702.926 - 0.262ms returns 0
T62D4 000:702.944 JLINK_CORESIGHT_WriteAPDPReg(AP reg 0x01, 0x80011130)
T62D4 000:703.137 - 0.193ms returns 0
T62D4 000:703.155 JLINK_CORESIGHT_ReadAPDPReg(AP reg 0x03)
T62D4 000:703.393   Value=0x2C020081
T62D4 000:703.416 - 0.261ms returns 0
T62D4 000:703.431 JLINK_CORESIGHT_WriteAPDPReg(AP reg 0x00, 0x80000002)
T62D4 000:703.635 - 0.204ms returns 0
T62D4 000:703.654 JLINK_CORESIGHT_WriteAPDPReg(AP reg 0x01, 0x80011140)
T62D4 000:703.853 - 0.199ms returns 0
T62D4 000:703.921 JLINK_CORESIGHT_ReadAPDPReg(AP reg 0x03)
T62D4 000:704.191   Value=0x00000000
T62D4 000:704.216 - 0.295ms returns 0
T62D4 000:704.232 JLINK_CORESIGHT_WriteAPDPReg(AP reg 0x00, 0x80000002)
T62D4 000:704.430 - 0.199ms returns 0
T62D4 000:704.450 JLINK_CORESIGHT_WriteAPDPReg(AP reg 0x01, 0x80011130)
T62D4 000:704.648 - 0.198ms returns 0
T62D4 000:704.667 JLINK_CORESIGHT_ReadAPDPReg(AP reg 0x03)
T62D4 000:704.933   Value=0x0003CE04
T62D4 000:704.961 - 0.294ms returns 0
T62D4 000:704.999 JLINK_CORESIGHT_WriteAPDPReg(AP reg 0x00, 0x80000002)
T62D4 000:705.255 - 0.255ms returns 0
T62D4 000:705.308 JLINK_CORESIGHT_WriteAPDPReg(AP reg 0x01, 0x80011140)
T62D4 000:705.527 - 0.219ms returns 0
T62D4 000:705.552 JLINK_CORESIGHT_ReadAPDPReg(AP reg 0x03)
T62D4 000:705.815   Value=0x00000002
T62D4 000:705.837 - 0.284ms returns 0
T62D4 000:705.851 JLINK_CORESIGHT_WriteAPDPReg(AP reg 0x00, 0x80000002)
T62D4 000:706.051 - 0.199ms returns 0
T62D4 000:706.068 JLINK_CORESIGHT_WriteAPDPReg(AP reg 0x01, 0x80011120)
T62D4 000:706.278 - 0.209ms returns 0
T62D4 000:706.294 JLINK_CORESIGHT_WriteAPDPReg(AP reg 0x03, 0x73010001)
T62D4 000:706.490 - 0.196ms returns 0
T62D4 000:706.506 JLINK_CORESIGHT_WriteAPDPReg(AP reg 0x00, 0x80000002)
T62D4 000:706.708 - 0.201ms returns 0
T62D4 000:706.724 JLINK_CORESIGHT_WriteAPDPReg(AP reg 0x01, 0x80011140)
T62D4 000:706.932 - 0.208ms returns 0
T62D4 000:706.948 JLINK_CORESIGHT_ReadAPDPReg(AP reg 0x03)
T62D4 000:707.208   Value=0x00000002
T62D4 000:707.228 - 0.280ms returns 0
T62D4 000:707.242 JLINK_CORESIGHT_WriteAPDPReg(AP reg 0x00, 0x80000002)
T62D4 000:707.463 - 0.220ms returns 0
T62D4 000:707.479 JLINK_CORESIGHT_WriteAPDPReg(AP reg 0x01, 0x80011120)
T62D4 000:707.680 - 0.201ms returns 0
T62D4 000:707.696 JLINK_CORESIGHT_WriteAPDPReg(AP reg 0x03, 0x0000038C)
T62D4 000:707.932 - 0.235ms returns 0
T62D4 000:707.948 JLINK_CORESIGHT_WriteAPDPReg(AP reg 0x00, 0x80000002)
T62D4 000:708.144 - 0.196ms returns 0
T62D4 000:708.160 JLINK_CORESIGHT_WriteAPDPReg(AP reg 0x01, 0x80011140)
T62D4 000:708.357 - 0.196ms returns 0
T62D4 000:708.376 JLINK_CORESIGHT_ReadAPDPReg(AP reg 0x03)
T62D4 000:708.636   Value=0x00000002
T62D4 000:708.657 - 0.281ms returns 0
T62D4 000:708.671 JLINK_CORESIGHT_ReadAPDPReg(AP reg 0x03)
T62D4 000:708.937   Value=0x00000002
T62D4 000:708.958 - 0.287ms returns 0
T62D4 000:708.972 JLINK_CORESIGHT_ReadAPDPReg(AP reg 0x03)
T62D4 000:709.202   Value=0x00000002
T62D4 000:709.223 - 0.251ms returns 0
T62D4 000:709.237 JLINK_CORESIGHT_ReadAPDPReg(AP reg 0x03)
T62D4 000:709.495   Value=0x00000002
T62D4 000:709.518 - 0.281ms returns 0
T62D4 000:709.534 JLINK_CORESIGHT_ReadAPDPReg(AP reg 0x03)
T62D4 000:709.767   Value=0x00000002
T62D4 000:709.792 - 0.258ms returns 0
T62D4 000:709.808 JLINK_CORESIGHT_ReadAPDPReg(AP reg 0x03)
T62D4 000:710.105   Value=0x00000002
T62D4 000:710.126 - 0.318ms returns 0
T62D4 000:710.139 JLINK_CORESIGHT_ReadAPDPReg(AP reg 0x03)
T62D4 000:710.378   Value=0x00000002
T62D4 000:710.416 - 0.276ms returns 0
T62D4 000:710.444 JLINK_CORESIGHT_ReadAPDPReg(AP reg 0x03)
T62D4 000:710.772   Value=0x00000000
T62D4 000:710.811 - 0.366ms returns 0
T62D4 000:710.827 JLINK_CORESIGHT_WriteAPDPReg(AP reg 0x00, 0x80000002)
T62D4 000:711.075 - 0.247ms returns 0
T62D4 000:711.093 JLINK_CORESIGHT_WriteAPDPReg(AP reg 0x01, 0x80011130)
T62D4 000:711.340 - 0.247ms returns 0
T62D4 000:711.360 JLINK_CORESIGHT_ReadAPDPReg(AP reg 0x03)
T62D4 000:711.676   Value=0x73020081
T62D4 000:711.698 - 0.337ms returns 0
T62D4 000:711.712 JLINK_CORESIGHT_WriteAPDPReg(AP reg 0x00, 0x80000002)
T62D4 000:712.071 - 0.358ms returns 0
T62D4 000:712.109 JLINK_CORESIGHT_WriteAPDPReg(AP reg 0x01, 0x80011140)
T62D4 000:712.378 - 0.268ms returns 0
T62D4 000:712.404 JLINK_CORESIGHT_ReadAPDPReg(AP reg 0x03)
T62D4 000:712.740   Value=0x00000000
T62D4 000:712.762 - 0.358ms returns 0
T62D4 000:712.776 JLINK_CORESIGHT_WriteAPDPReg(AP reg 0x00, 0x80000002)
T62D4 000:713.068 - 0.292ms returns 0
T62D4 000:713.085 JLINK_CORESIGHT_WriteAPDPReg(AP reg 0x01, 0x80011130)
T62D4 000:713.545 - 0.460ms returns 0
T62D4 000:713.584 JLINK_CORESIGHT_ReadAPDPReg(AP reg 0x03)
T62D4 000:713.811   Value=0x00038902
T62D4 000:713.836 - 0.251ms returns 0
T62D4 000:713.854 JLINK_CORESIGHT_WriteAPDPReg(AP reg 0x00, 0x80000002)
T62D4 000:714.132 - 0.278ms returns 0
T62D4 000:714.164 JLINK_CORESIGHT_WriteAPDPReg(AP reg 0x01, 0x80011140)
T62D4 000:714.330 - 0.166ms returns 0
T62D4 000:714.350 JLINK_CORESIGHT_ReadAPDPReg(AP reg 0x03)
T62D4 000:714.570   Value=0x00000002
T62D4 000:714.591 - 0.241ms returns 0
T62D4 000:714.605 JLINK_CORESIGHT_WriteAPDPReg(AP reg 0x00, 0x80000002)
T62D4 000:714.765 - 0.159ms returns 0
T62D4 000:714.781 JLINK_CORESIGHT_WriteAPDPReg(AP reg 0x01, 0x80011120)
T62D4 000:714.954 - 0.173ms returns 0
T62D4 000:714.971 JLINK_CORESIGHT_WriteAPDPReg(AP reg 0x03, 0x75010001)
T62D4 000:715.153 - 0.182ms returns 0
T62D4 000:715.170 JLINK_CORESIGHT_WriteAPDPReg(AP reg 0x00, 0x80000002)
T62D4 000:715.332 - 0.162ms returns 0
T62D4 000:715.349 JLINK_CORESIGHT_WriteAPDPReg(AP reg 0x01, 0x80011140)
T62D4 000:715.504 - 0.155ms returns 0
T62D4 000:715.524 JLINK_CORESIGHT_ReadAPDPReg(AP reg 0x03)
T62D4 000:715.752   Value=0x00000002
T62D4 000:715.781 - 0.256ms returns 0
T62D4 000:715.797 JLINK_CORESIGHT_WriteAPDPReg(AP reg 0x00, 0x80000002)
T62D4 000:716.028 - 0.231ms returns 0
T62D4 000:716.053 JLINK_CORESIGHT_WriteAPDPReg(AP reg 0x01, 0x80011120)
T62D4 000:716.215 - 0.162ms returns 0
T62D4 000:716.232 JLINK_CORESIGHT_WriteAPDPReg(AP reg 0x03, 0x0000038A)
T62D4 000:716.413 - 0.181ms returns 0
T62D4 000:716.432 JLINK_CORESIGHT_WriteAPDPReg(AP reg 0x00, 0x80000002)
T62D4 000:716.615 - 0.183ms returns 0
T62D4 000:716.633 JLINK_CORESIGHT_WriteAPDPReg(AP reg 0x01, 0x80011140)
T62D4 000:716.791 - 0.157ms returns 0
T62D4 000:716.808 JLINK_CORESIGHT_ReadAPDPReg(AP reg 0x03)
T62D4 000:717.086   Value=0x00000002
T62D4 000:717.107 - 0.299ms returns 0
T62D4 000:717.121 JLINK_CORESIGHT_ReadAPDPReg(AP reg 0x03)
T62D4 000:717.335   Value=0x00000002
T62D4 000:717.357 - 0.235ms returns 0
T62D4 000:717.370 JLINK_CORESIGHT_ReadAPDPReg(AP reg 0x03)
T62D4 000:717.585   Value=0x00000002
T62D4 000:717.605 - 0.235ms returns 0
T62D4 000:717.619 JLINK_CORESIGHT_ReadAPDPReg(AP reg 0x03)
T62D4 000:717.836   Value=0x00000002
T62D4 000:717.857 - 0.237ms returns 0
T62D4 000:717.870 JLINK_CORESIGHT_ReadAPDPReg(AP reg 0x03)
T62D4 000:718.086   Value=0x00000002
T62D4 000:718.107 - 0.236ms returns 0
T62D4 000:718.120 JLINK_CORESIGHT_ReadAPDPReg(AP reg 0x03)
T62D4 000:718.340   Value=0x00000002
T62D4 000:718.364 - 0.243ms returns 0
T62D4 000:718.379 JLINK_CORESIGHT_ReadAPDPReg(AP reg 0x03)
T62D4 000:718.604   Value=0x00000002
T62D4 000:718.642 - 0.262ms returns 0
T62D4 000:718.658 JLINK_CORESIGHT_ReadAPDPReg(AP reg 0x03)
T62D4 000:718.927   Value=0x00000002
T62D4 000:718.958 - 0.299ms returns 0
T62D4 000:718.973 JLINK_CORESIGHT_ReadAPDPReg(AP reg 0x03)
T62D4 000:719.194   Value=0x00000002
T62D4 000:719.215 - 0.242ms returns 0
T62D4 000:719.228 JLINK_CORESIGHT_ReadAPDPReg(AP reg 0x03)
T62D4 000:719.443   Value=0x00000002
T62D4 000:719.465 - 0.237ms returns 0
T62D4 000:719.479 JLINK_CORESIGHT_ReadAPDPReg(AP reg 0x03)
T62D4 000:719.694   Value=0x00000002
T62D4 000:719.717 - 0.237ms returns 0
T62D4 000:719.732 JLINK_CORESIGHT_ReadAPDPReg(AP reg 0x03)
T62D4 000:719.954   Value=0x00000000
T62D4 000:719.975 - 0.243ms returns 0
T62D4 000:719.989 JLINK_CORESIGHT_WriteAPDPReg(AP reg 0x00, 0x80000002)
T62D4 000:720.172 - 0.183ms returns 0
T62D4 000:720.189 JLINK_CORESIGHT_WriteAPDPReg(AP reg 0x01, 0x80011130)
T62D4 000:720.372 - 0.183ms returns 0
T62D4 000:720.388 JLINK_CORESIGHT_ReadAPDPReg(AP reg 0x03)
T62D4 000:720.609   Value=0x75020081
T62D4 000:720.630 - 0.241ms returns 0
T62D4 000:720.645 JLINK_CORESIGHT_WriteAPDPReg(AP reg 0x00, 0x80000002)
T62D4 000:720.803 - 0.158ms returns 0
T62D4 000:720.819 JLINK_CORESIGHT_WriteAPDPReg(AP reg 0x01, 0x80011140)
T62D4 000:721.024 - 0.204ms returns 0
T62D4 000:721.040 JLINK_CORESIGHT_ReadAPDPReg(AP reg 0x03)
T62D4 000:721.409   Value=0x00000000
T62D4 000:721.453 - 0.413ms returns 0
T62D4 000:721.471 JLINK_CORESIGHT_WriteAPDPReg(AP reg 0x00, 0x80000002)
T62D4 000:721.633 - 0.162ms returns 0
T62D4 000:721.652 JLINK_CORESIGHT_WriteAPDPReg(AP reg 0x01, 0x80011130)
T62D4 000:721.807 - 0.155ms returns 0
T62D4 000:721.824 JLINK_CORESIGHT_ReadAPDPReg(AP reg 0x03)
T62D4 000:722.085   Value=0x00038702
T62D4 000:722.106 - 0.281ms returns 0
T62D4 000:722.127 JLINK_CORESIGHT_WriteAPDPReg(AP reg 0x00, 0x80000002)
T62D4 000:722.311 - 0.184ms returns 0
T62D4 000:722.330 JLINK_CORESIGHT_WriteAPDPReg(AP reg 0x01, 0x80011140)
T62D4 000:722.490 - 0.160ms returns 0
T62D4 000:722.509 JLINK_CORESIGHT_ReadAPDPReg(AP reg 0x03)
T62D4 000:722.726   Value=0x00000002
T62D4 000:722.747 - 0.238ms returns 0
T62D4 000:722.763 JLINK_CORESIGHT_WriteAPDPReg(AP reg 0x00, 0x80000002)
T62D4 000:722.925 - 0.162ms returns 0
T62D4 000:722.943 JLINK_CORESIGHT_WriteAPDPReg(AP reg 0x01, 0x80011120)
T62D4 000:723.136 - 0.193ms returns 0
T62D4 000:723.154 JLINK_CORESIGHT_WriteAPDPReg(AP reg 0x03, 0x4E0B0001)
T62D4 000:723.316 - 0.162ms returns 0
T62D4 000:723.339 JLINK_CORESIGHT_WriteAPDPReg(AP reg 0x00, 0x80000002)
T62D4 000:723.524 - 0.185ms returns 0
T62D4 000:723.544 JLINK_CORESIGHT_WriteAPDPReg(AP reg 0x01, 0x80011140)
T62D4 000:723.707 - 0.163ms returns 0
T62D4 000:723.725 JLINK_CORESIGHT_ReadAPDPReg(AP reg 0x03)
T62D4 000:723.954   Value=0x00000002
T62D4 000:723.975 - 0.250ms returns 0
T62D4 000:723.990 JLINK_CORESIGHT_WriteAPDPReg(AP reg 0x00, 0x80000002)
T62D4 000:724.176 - 0.186ms returns 0
T62D4 000:724.196 JLINK_CORESIGHT_WriteAPDPReg(AP reg 0x01, 0x80011120)
T62D4 000:724.354 - 0.158ms returns 0
T62D4 000:724.374 JLINK_CORESIGHT_WriteAPDPReg(AP reg 0x03, 0xE0020000)
T62D4 000:724.530 - 0.156ms returns 0
T62D4 000:724.551 JLINK_CORESIGHT_WriteAPDPReg(AP reg 0x00, 0x80000002)
T62D4 000:724.723 - 0.172ms returns 0
T62D4 000:724.742 JLINK_CORESIGHT_WriteAPDPReg(AP reg 0x01, 0x80011140)
T62D4 000:724.924 - 0.182ms returns 0
T62D4 000:724.945 JLINK_CORESIGHT_ReadAPDPReg(AP reg 0x03)
T62D4 000:725.163   Value=0x00000002
T62D4 000:725.187 - 0.242ms returns 0
T62D4 000:725.204 JLINK_CORESIGHT_WriteAPDPReg(AP reg 0x00, 0x80000002)
T62D4 000:725.367 - 0.162ms returns 0
T62D4 000:725.386 JLINK_CORESIGHT_WriteAPDPReg(AP reg 0x01, 0x80011120)
T62D4 000:725.611 - 0.224ms returns 0
T62D4 000:725.661 JLINK_CORESIGHT_WriteAPDPReg(AP reg 0x03, 0x00000000)
T62D4 000:725.928 - 0.267ms returns 0
T62D4 000:725.959 JLINK_CORESIGHT_WriteAPDPReg(AP reg 0x00, 0x80000002)
T62D4 000:726.155 - 0.196ms returns 0
T62D4 000:726.176 JLINK_CORESIGHT_WriteAPDPReg(AP reg 0x01, 0x80011140)
T62D4 000:726.368 - 0.191ms returns 0
T62D4 000:726.388 JLINK_CORESIGHT_ReadAPDPReg(AP reg 0x03)
T62D4 000:726.606   Value=0x00000002
T62D4 000:726.630 - 0.242ms returns 0
T62D4 000:726.649 JLINK_CORESIGHT_WriteAPDPReg(AP reg 0x00, 0x80000002)
T62D4 000:726.809 - 0.160ms returns 0
T62D4 000:726.830 JLINK_CORESIGHT_WriteAPDPReg(AP reg 0x01, 0x80011120)
T62D4 000:727.025 - 0.195ms returns 0
T62D4 000:727.047 JLINK_CORESIGHT_WriteAPDPReg(AP reg 0x03, 0x03C50000)
T62D4 000:727.238 - 0.191ms returns 0
T62D4 000:727.260 JLINK_CORESIGHT_WriteAPDPReg(AP reg 0x00, 0x80000002)
T62D4 000:727.423 - 0.163ms returns 0
T62D4 000:727.444 JLINK_CORESIGHT_WriteAPDPReg(AP reg 0x01, 0x80011140)
T62D4 000:727.602 - 0.158ms returns 0
T62D4 000:727.623 JLINK_CORESIGHT_ReadAPDPReg(AP reg 0x03)
T62D4 000:727.923   Value=0x00000002
T62D4 000:727.949 - 0.325ms returns 0
T62D4 000:727.967 JLINK_CORESIGHT_ReadAPDPReg(AP reg 0x03)
T62D4 000:728.192   Value=0x00000002
T62D4 000:728.216 - 0.249ms returns 0
T62D4 000:728.234 JLINK_CORESIGHT_ReadAPDPReg(AP reg 0x03)
T62D4 000:728.455   Value=0x00000002
T62D4 000:728.480 - 0.245ms returns 0
T62D4 000:728.497 JLINK_CORESIGHT_ReadAPDPReg(AP reg 0x03)
T62D4 000:728.724   Value=0x00000002
T62D4 000:728.748 - 0.251ms returns 0
T62D4 000:728.766 JLINK_CORESIGHT_ReadAPDPReg(AP reg 0x03)
T62D4 000:728.992   Value=0x00000002
T62D4 000:729.022 - 0.256ms returns 0
T62D4 000:729.040 JLINK_CORESIGHT_ReadAPDPReg(AP reg 0x03)
T62D4 000:729.260   Value=0x00000002
T62D4 000:729.285 - 0.245ms returns 0
T62D4 000:729.302 JLINK_CORESIGHT_ReadAPDPReg(AP reg 0x03)
T62D4 000:729.523   Value=0x00000002
T62D4 000:729.546 - 0.243ms returns 0
T62D4 000:729.565 JLINK_CORESIGHT_ReadAPDPReg(AP reg 0x03)
T62D4 000:729.788   Value=0x00000002
T62D4 000:729.812 - 0.247ms returns 0
T62D4 000:729.831 JLINK_CORESIGHT_ReadAPDPReg(AP reg 0x03)
T62D4 000:730.086   Value=0x00000002
T62D4 000:730.110 - 0.279ms returns 0
T62D4 000:730.129 JLINK_CORESIGHT_ReadAPDPReg(AP reg 0x03)
T62D4 000:730.347   Value=0x00000002
T62D4 000:730.371 - 0.242ms returns 0
T62D4 000:730.389 JLINK_CORESIGHT_ReadAPDPReg(AP reg 0x03)
T62D4 000:730.613   Value=0x00000002
T62D4 000:730.636 - 0.246ms returns 0
T62D4 000:730.653 JLINK_CORESIGHT_ReadAPDPReg(AP reg 0x03)
T62D4 000:730.927   Value=0x00000002
T62D4 000:730.950 - 0.296ms returns 0
T62D4 000:730.968 JLINK_CORESIGHT_ReadAPDPReg(AP reg 0x03)
T62D4 000:731.185   Value=0x00000002
T62D4 000:731.208 - 0.241ms returns 0
T62D4 000:731.226 JLINK_CORESIGHT_ReadAPDPReg(AP reg 0x03)
T62D4 000:731.447   Value=0x00000002
T62D4 000:731.471 - 0.245ms returns 0
T62D4 000:731.488 JLINK_CORESIGHT_ReadAPDPReg(AP reg 0x03)
T62D4 000:731.712   Value=0x00000002
T62D4 000:731.737 - 0.248ms returns 0
T62D4 000:731.754 JLINK_CORESIGHT_ReadAPDPReg(AP reg 0x03)
T62D4 000:731.955   Value=0x00000002
T62D4 000:731.979 - 0.224ms returns 0
T62D4 000:731.996 JLINK_CORESIGHT_ReadAPDPReg(AP reg 0x03)
T62D4 000:732.216   Value=0x00000002
T62D4 000:732.246 - 0.250ms returns 0
T62D4 000:732.264 JLINK_CORESIGHT_ReadAPDPReg(AP reg 0x03)
T62D4 000:732.508   Value=0x00000002
T62D4 000:732.543 - 0.278ms returns 0
T62D4 000:732.564 JLINK_CORESIGHT_ReadAPDPReg(AP reg 0x03)
T62D4 000:732.804   Value=0x00000002
T62D4 000:732.840 - 0.276ms returns 0
T62D4 000:732.861 JLINK_CORESIGHT_ReadAPDPReg(AP reg 0x03)
T62D4 000:733.087   Value=0x00000002
T62D4 000:733.111 - 0.250ms returns 0
T62D4 000:733.129 JLINK_CORESIGHT_ReadAPDPReg(AP reg 0x03)
T62D4 000:733.349   Value=0x00000002
T62D4 000:733.372 - 0.243ms returns 0
T62D4 000:733.390 JLINK_CORESIGHT_ReadAPDPReg(AP reg 0x03)
T62D4 000:733.606   Value=0x00000002
T62D4 000:733.629 - 0.239ms returns 0
T62D4 000:733.647 JLINK_CORESIGHT_ReadAPDPReg(AP reg 0x03)
T62D4 000:733.923   Value=0x00000002
T62D4 000:733.946 - 0.299ms returns 0
T62D4 000:733.964 JLINK_CORESIGHT_ReadAPDPReg(AP reg 0x03)
T62D4 000:734.180   Value=0x00000002
T62D4 000:734.203 - 0.239ms returns 0
T62D4 000:734.220 JLINK_CORESIGHT_ReadAPDPReg(AP reg 0x03)
T62D4 000:734.443   Value=0x00000002
T62D4 000:734.466 - 0.245ms returns 0
T62D4 000:734.483 JLINK_CORESIGHT_ReadAPDPReg(AP reg 0x03)
T62D4 000:734.700   Value=0x00000000
T62D4 000:734.723 - 0.240ms returns 0
T62D4 000:734.741 JLINK_CORESIGHT_WriteAPDPReg(AP reg 0x00, 0x80000002)
T62D4 000:734.924 - 0.183ms returns 0
T62D4 000:734.945 JLINK_CORESIGHT_WriteAPDPReg(AP reg 0x01, 0x80011130)
T62D4 000:735.133 - 0.188ms returns 0
T62D4 000:735.154 JLINK_CORESIGHT_ReadAPDPReg(AP reg 0x03)
T62D4 000:735.372   Value=0x4E0A0081
T62D4 000:735.396 - 0.241ms returns 0
T62D4 000:735.413 JLINK_CORESIGHT_WriteAPDPReg(AP reg 0x00, 0x80000002)
T62D4 000:735.573 - 0.160ms returns 0
T62D4 000:735.593 JLINK_CORESIGHT_WriteAPDPReg(AP reg 0x01, 0x80011140)
T62D4 000:735.749 - 0.156ms returns 0
T62D4 000:735.769 JLINK_CORESIGHT_ReadAPDPReg(AP reg 0x03)
T62D4 000:735.991   Value=0x00000000
T62D4 000:736.015 - 0.246ms returns 0
T62D4 000:736.032 JLINK_CORESIGHT_WriteAPDPReg(AP reg 0x00, 0x80000002)
T62D4 000:736.192 - 0.160ms returns 0
T62D4 000:736.212 JLINK_CORESIGHT_WriteAPDPReg(AP reg 0x01, 0x80011130)
T62D4 000:736.368 - 0.156ms returns 0
T62D4 000:736.388 JLINK_CORESIGHT_ReadAPDPReg(AP reg 0x03)
T62D4 000:736.607   Value=0xFFFFFF00
T62D4 000:736.630 - 0.241ms returns 0
T62D4 000:736.648 JLINK_CORESIGHT_WriteAPDPReg(AP reg 0x00, 0x80000002)
T62D4 000:736.808 - 0.159ms returns 0
T62D4 000:736.836 JLINK_CORESIGHT_WriteAPDPReg(AP reg 0x01, 0x80011140)
T62D4 000:737.021 - 0.185ms returns 0
T62D4 000:737.042 JLINK_CORESIGHT_ReadAPDPReg(AP reg 0x03)
T62D4 000:737.254   Value=0x00000000
T62D4 000:737.279 - 0.237ms returns 0
T62D4 000:737.297 JLINK_CORESIGHT_WriteAPDPReg(AP reg 0x00, 0x80000002)
T62D4 000:737.457 - 0.160ms returns 0
T62D4 000:737.477 JLINK_CORESIGHT_WriteAPDPReg(AP reg 0x01, 0x80011130)
T62D4 000:737.636 - 0.158ms returns 0
T62D4 000:737.656 JLINK_CORESIGHT_ReadAPDPReg(AP reg 0x03)
T62D4 000:737.922   Value=0xFFFFFFFF
T62D4 000:737.946 - 0.290ms returns 0
T62D4 000:737.964 JLINK_CORESIGHT_WriteAPDPReg(AP reg 0x00, 0x80000002)
T62D4 000:738.149 - 0.185ms returns 0
T62D4 000:738.169 JLINK_CORESIGHT_WriteAPDPReg(AP reg 0x01, 0x80011140)
T62D4 000:738.326 - 0.157ms returns 0
T62D4 000:738.347 JLINK_CORESIGHT_ReadAPDPReg(AP reg 0x03)
T62D4 000:738.565   Value=0x00000000
T62D4 000:738.590 - 0.243ms returns 0
T62D4 000:738.607 JLINK_CORESIGHT_WriteAPDPReg(AP reg 0x00, 0x80000002)
T62D4 000:738.771 - 0.164ms returns 0
T62D4 000:738.792 JLINK_CORESIGHT_WriteAPDPReg(AP reg 0x01, 0x80011130)
T62D4 000:739.050 - 0.258ms returns 0
T62D4 000:739.073 JLINK_CORESIGHT_ReadAPDPReg(AP reg 0x03)
T62D4 000:739.290   Value=0x0003B0FF
T62D4 000:739.315 - 0.241ms returns 0
T62D4 000:739.976 JLINK_CORESIGHT_WriteAPDPReg(AP reg 0x00, 0x80000002)
T62D4 000:740.198 - 0.226ms returns 0
T62D4 000:740.217 JLINK_CORESIGHT_WriteAPDPReg(AP reg 0x01, 0x80011140)
T62D4 000:740.375 - 0.158ms returns 0
T62D4 000:740.393 JLINK_CORESIGHT_ReadAPDPReg(AP reg 0x03)
T62D4 000:740.621   Value=0x00000002
T62D4 000:740.667 - 0.274ms returns 0
T62D4 000:740.687 JLINK_CORESIGHT_WriteAPDPReg(AP reg 0x00, 0x80000002)
T62D4 000:740.929 - 0.242ms returns 0
T62D4 000:740.960 JLINK_CORESIGHT_WriteAPDPReg(AP reg 0x01, 0x80011120)
T62D4 000:741.169 - 0.208ms returns 0
T62D4 000:741.205 JLINK_CORESIGHT_WriteAPDPReg(AP reg 0x03, 0x4F010001)
T62D4 000:741.413 - 0.208ms returns 0
T62D4 000:741.433 JLINK_CORESIGHT_WriteAPDPReg(AP reg 0x00, 0x80000002)
T62D4 000:741.643 - 0.209ms returns 0
T62D4 000:741.675 JLINK_CORESIGHT_WriteAPDPReg(AP reg 0x01, 0x80011140)
T62D4 000:741.925 - 0.250ms returns 0
T62D4 000:741.945 JLINK_CORESIGHT_ReadAPDPReg(AP reg 0x03)
T62D4 000:742.247   Value=0x00000002
T62D4 000:742.271 - 0.326ms returns 0
T62D4 000:742.287 JLINK_CORESIGHT_WriteAPDPReg(AP reg 0x00, 0x80000002)
T62D4 000:742.490 - 0.203ms returns 0
T62D4 000:742.510 JLINK_CORESIGHT_WriteAPDPReg(AP reg 0x01, 0x80011120)
T62D4 000:742.777 - 0.266ms returns 0
T62D4 000:742.808 JLINK_CORESIGHT_WriteAPDPReg(AP reg 0x03, 0x000003B0)
T62D4 000:743.028 - 0.220ms returns 0
T62D4 000:743.052 JLINK_CORESIGHT_WriteAPDPReg(AP reg 0x00, 0x80000002)
T62D4 000:743.246 - 0.194ms returns 0
T62D4 000:743.264 JLINK_CORESIGHT_WriteAPDPReg(AP reg 0x01, 0x80011140)
T62D4 000:743.420 - 0.155ms returns 0
T62D4 000:743.438 JLINK_CORESIGHT_ReadAPDPReg(AP reg 0x03)
T62D4 000:743.668   Value=0x00000002
T62D4 000:743.691 - 0.252ms returns 0
T62D4 000:743.707 JLINK_CORESIGHT_ReadAPDPReg(AP reg 0x03)
T62D4 000:743.924   Value=0x00000002
T62D4 000:743.947 - 0.239ms returns 0
T62D4 000:743.962 JLINK_CORESIGHT_ReadAPDPReg(AP reg 0x03)
T62D4 000:744.179   Value=0x00000002
T62D4 000:744.202 - 0.240ms returns 0
T62D4 000:744.218 JLINK_CORESIGHT_ReadAPDPReg(AP reg 0x03)
T62D4 000:744.435   Value=0x00000002
T62D4 000:744.458 - 0.240ms returns 0
T62D4 000:744.474 JLINK_CORESIGHT_ReadAPDPReg(AP reg 0x03)
T62D4 000:744.694   Value=0x00000002
T62D4 000:744.718 - 0.244ms returns 0
T62D4 000:744.734 JLINK_CORESIGHT_ReadAPDPReg(AP reg 0x03)
T62D4 000:744.955   Value=0x00000002
T62D4 000:744.979 - 0.245ms returns 0
T62D4 000:744.995 JLINK_CORESIGHT_ReadAPDPReg(AP reg 0x03)
T62D4 000:745.213   Value=0x00000000
T62D4 000:745.236 - 0.241ms returns 0
T62D4 000:745.252 JLINK_CORESIGHT_WriteAPDPReg(AP reg 0x00, 0x80000002)
T62D4 000:745.444 - 0.192ms returns 0
T62D4 000:745.480 JLINK_CORESIGHT_WriteAPDPReg(AP reg 0x01, 0x80011130)
T62D4 000:745.705 - 0.225ms returns 0
T62D4 000:745.730 JLINK_CORESIGHT_ReadAPDPReg(AP reg 0x03)
T62D4 000:745.956   Value=0x4F0B0081
T62D4 000:745.979 - 0.249ms returns 0
T62D4 000:745.995 JLINK_CORESIGHT_WriteAPDPReg(AP reg 0x00, 0x80000002)
T62D4 000:746.156 - 0.161ms returns 0
T62D4 000:746.174 JLINK_CORESIGHT_WriteAPDPReg(AP reg 0x01, 0x80011140)
T62D4 000:746.332 - 0.158ms returns 0
T62D4 000:746.350 JLINK_CORESIGHT_ReadAPDPReg(AP reg 0x03)
T62D4 000:746.570   Value=0x00000000
T62D4 000:746.594 - 0.243ms returns 0
T62D4 000:746.609 JLINK_CORESIGHT_WriteAPDPReg(AP reg 0x00, 0x80000002)
T62D4 000:746.796 - 0.187ms returns 0
T62D4 000:746.820 JLINK_CORESIGHT_WriteAPDPReg(AP reg 0x01, 0x80011130)
T62D4 000:747.024 - 0.204ms returns 0
T62D4 000:747.042 JLINK_CORESIGHT_ReadAPDPReg(AP reg 0x03)
T62D4 000:747.262   Value=0xE0020000
T62D4 000:747.285 - 0.243ms returns 0
T62D4 000:747.302 JLINK_CORESIGHT_WriteAPDPReg(AP reg 0x00, 0x80000002)
T62D4 000:747.469 - 0.167ms returns 0
T62D4 000:747.487 JLINK_CORESIGHT_WriteAPDPReg(AP reg 0x01, 0x80011140)
T62D4 000:747.649 - 0.161ms returns 0
T62D4 000:747.667 JLINK_CORESIGHT_ReadAPDPReg(AP reg 0x03)
T62D4 000:747.924   Value=0x00000000
T62D4 000:747.950 - 0.283ms returns 0
T62D4 000:747.966 JLINK_CORESIGHT_WriteAPDPReg(AP reg 0x00, 0x80000002)
T62D4 000:748.155 - 0.189ms returns 0
T62D4 000:748.174 JLINK_CORESIGHT_WriteAPDPReg(AP reg 0x01, 0x80011130)
T62D4 000:748.331 - 0.158ms returns 0
T62D4 000:748.349 JLINK_CORESIGHT_ReadAPDPReg(AP reg 0x03)
T62D4 000:748.570   Value=0x00000000
T62D4 000:748.595 - 0.245ms returns 0
T62D4 000:748.611 JLINK_CORESIGHT_WriteAPDPReg(AP reg 0x00, 0x80000002)
T62D4 000:748.783 - 0.172ms returns 0
T62D4 000:748.803 JLINK_CORESIGHT_WriteAPDPReg(AP reg 0x01, 0x80011140)
T62D4 000:749.026 - 0.223ms returns 0
T62D4 000:749.048 JLINK_CORESIGHT_ReadAPDPReg(AP reg 0x03)
T62D4 000:749.298   Value=0x00000000
T62D4 000:749.325 - 0.277ms returns 0
T62D4 000:749.342 JLINK_CORESIGHT_WriteAPDPReg(AP reg 0x00, 0x80000002)
T62D4 000:749.505 - 0.162ms returns 0
T62D4 000:749.523 JLINK_CORESIGHT_WriteAPDPReg(AP reg 0x01, 0x80011130)
T62D4 000:749.682 - 0.158ms returns 0
T62D4 000:749.700 JLINK_CORESIGHT_ReadAPDPReg(AP reg 0x03)
T62D4 000:749.925   Value=0x03C40000
T62D4 000:749.950 - 0.249ms returns 0
T62D4 000:750.103 JLINK_CORESIGHT_WriteAPDPReg(AP reg 0x00, 0x80000002)
T62D4 000:750.313 - 0.210ms returns 0
T62D4 000:750.333 JLINK_CORESIGHT_WriteAPDPReg(AP reg 0x01, 0x80011140)
T62D4 000:750.522 - 0.188ms returns 0
T62D4 000:750.540 JLINK_CORESIGHT_ReadAPDPReg(AP reg 0x03)
T62D4 000:750.760   Value=0x00000002
T62D4 000:750.783 - 0.243ms returns 0
T62D4 000:750.799 JLINK_CORESIGHT_WriteAPDPReg(AP reg 0x00, 0x80000002)
T62D4 000:751.025 - 0.226ms returns 0
T62D4 000:751.043 JLINK_CORESIGHT_WriteAPDPReg(AP reg 0x01, 0x80011120)
T62D4 000:751.202 - 0.158ms returns 0
T62D4 000:751.220 JLINK_CORESIGHT_WriteAPDPReg(AP reg 0x03, 0x4F010001)
T62D4 000:751.378 - 0.158ms returns 0
T62D4 000:751.396 JLINK_CORESIGHT_WriteAPDPReg(AP reg 0x00, 0x80000002)
T62D4 000:751.554 - 0.158ms returns 0
T62D4 000:751.572 JLINK_CORESIGHT_WriteAPDPReg(AP reg 0x01, 0x80011140)
T62D4 000:751.730 - 0.158ms returns 0
T62D4 000:751.748 JLINK_CORESIGHT_ReadAPDPReg(AP reg 0x03)
T62D4 000:751.961   Value=0x00000002
T62D4 000:751.986 - 0.238ms returns 0
T62D4 000:752.002 JLINK_CORESIGHT_WriteAPDPReg(AP reg 0x00, 0x80000002)
T62D4 000:752.192 - 0.190ms returns 0
T62D4 000:752.210 JLINK_CORESIGHT_WriteAPDPReg(AP reg 0x01, 0x80011120)
T62D4 000:752.370 - 0.159ms returns 0
T62D4 000:752.388 JLINK_CORESIGHT_WriteAPDPReg(AP reg 0x03, 0x000003B0)
T62D4 000:752.547 - 0.159ms returns 0
T62D4 000:752.566 JLINK_CORESIGHT_WriteAPDPReg(AP reg 0x00, 0x80000002)
T62D4 000:752.723 - 0.157ms returns 0
T62D4 000:752.741 JLINK_CORESIGHT_WriteAPDPReg(AP reg 0x01, 0x80011140)
T62D4 000:752.924 - 0.183ms returns 0
T62D4 000:752.942 JLINK_CORESIGHT_ReadAPDPReg(AP reg 0x03)
T62D4 000:753.162   Value=0x00000002
T62D4 000:753.185 - 0.242ms returns 0
T62D4 000:753.204 JLINK_CORESIGHT_ReadAPDPReg(AP reg 0x03)
T62D4 000:753.425   Value=0x00000002
T62D4 000:753.448 - 0.244ms returns 0
T62D4 000:753.464 JLINK_CORESIGHT_ReadAPDPReg(AP reg 0x03)
T62D4 000:753.686   Value=0x00000002
T62D4 000:753.710 - 0.246ms returns 0
T62D4 000:753.725 JLINK_CORESIGHT_ReadAPDPReg(AP reg 0x03)
T62D4 000:753.956   Value=0x00000002
T62D4 000:753.980 - 0.254ms returns 0
T62D4 000:753.995 JLINK_CORESIGHT_ReadAPDPReg(AP reg 0x03)
T62D4 000:754.218   Value=0x00000002
T62D4 000:754.241 - 0.246ms returns 0
T62D4 000:754.257 JLINK_CORESIGHT_ReadAPDPReg(AP reg 0x03)
T62D4 000:754.475   Value=0x00000000
T62D4 000:754.498 - 0.241ms returns 0
T62D4 000:754.514 JLINK_CORESIGHT_WriteAPDPReg(AP reg 0x00, 0x80000002)
T62D4 000:754.701 - 0.187ms returns 0
T62D4 000:754.719 JLINK_CORESIGHT_WriteAPDPReg(AP reg 0x01, 0x80011130)
T62D4 000:754.927 - 0.208ms returns 0
T62D4 000:754.946 JLINK_CORESIGHT_ReadAPDPReg(AP reg 0x03)
T62D4 000:755.164   Value=0x4F0B0081
T62D4 000:755.187 - 0.241ms returns 0
T62D4 000:755.203 JLINK_CORESIGHT_WriteAPDPReg(AP reg 0x00, 0x80000002)
T62D4 000:755.390 - 0.187ms returns 0
T62D4 000:755.408 JLINK_CORESIGHT_WriteAPDPReg(AP reg 0x01, 0x80011140)
T62D4 000:755.566 - 0.158ms returns 0
T62D4 000:755.584 JLINK_CORESIGHT_ReadAPDPReg(AP reg 0x03)
T62D4 000:755.804   Value=0x00000000
T62D4 000:755.946 - 0.361ms returns 0
T62D4 000:755.970 JLINK_CORESIGHT_WriteAPDPReg(AP reg 0x00, 0x80000002)
T62D4 000:756.193 - 0.222ms returns 0
T62D4 000:756.219 JLINK_CORESIGHT_WriteAPDPReg(AP reg 0x01, 0x80011130)
T62D4 000:756.390 - 0.171ms returns 0
T62D4 000:756.410 JLINK_CORESIGHT_ReadAPDPReg(AP reg 0x03)
T62D4 000:756.633   Value=0xE0020000
T62D4 000:756.659 - 0.249ms returns 0
T62D4 000:756.675 JLINK_CORESIGHT_WriteAPDPReg(AP reg 0x00, 0x80000002)
T62D4 000:756.834 - 0.158ms returns 0
T62D4 000:756.853 JLINK_CORESIGHT_WriteAPDPReg(AP reg 0x01, 0x80011140)
T62D4 000:757.032 - 0.179ms returns 0
T62D4 000:757.051 JLINK_CORESIGHT_ReadAPDPReg(AP reg 0x03)
T62D4 000:757.273   Value=0x00000000
T62D4 000:757.299 - 0.247ms returns 0
T62D4 000:757.314 JLINK_CORESIGHT_WriteAPDPReg(AP reg 0x00, 0x80000002)
T62D4 000:757.506 - 0.191ms returns 0
T62D4 000:757.525 JLINK_CORESIGHT_WriteAPDPReg(AP reg 0x01, 0x80011130)
T62D4 000:757.690 - 0.164ms returns 0
T62D4 000:757.708 JLINK_CORESIGHT_ReadAPDPReg(AP reg 0x03)
T62D4 000:757.924   Value=0x00000000
T62D4 000:757.950 - 0.241ms returns 0
T62D4 000:757.965 JLINK_CORESIGHT_WriteAPDPReg(AP reg 0x00, 0x80000002)
T62D4 000:758.155 - 0.190ms returns 0
T62D4 000:758.175 JLINK_CORESIGHT_WriteAPDPReg(AP reg 0x01, 0x80011140)
T62D4 000:758.333 - 0.158ms returns 0
T62D4 000:758.353 JLINK_CORESIGHT_ReadAPDPReg(AP reg 0x03)
T62D4 000:758.580   Value=0x00000000
T62D4 000:758.604 - 0.251ms returns 0
T62D4 000:758.620 JLINK_CORESIGHT_WriteAPDPReg(AP reg 0x00, 0x80000002)
T62D4 000:758.782 - 0.161ms returns 0
T62D4 000:758.801 JLINK_CORESIGHT_WriteAPDPReg(AP reg 0x01, 0x80011130)
T62D4 000:759.025 - 0.224ms returns 0
T62D4 000:759.045 JLINK_CORESIGHT_ReadAPDPReg(AP reg 0x03)
T62D4 000:759.271   Value=0x03C40000
T62D4 000:759.295 - 0.249ms returns 0
T62D4 000:759.316 JLINK_CORESIGHT_ReadAPDPReg(DP reg 0x01)
T62D4 000:759.517   Value=0xF0000F40
T62D4 000:759.540 - 0.224ms returns 0
T62D4 000:759.556 JLINK_CORESIGHT_WriteAPDPReg(DP reg 0x01, 0xA0000F40)
T62D4 000:759.757 - 0.201ms returns 0
T62D4 000:759.776 JLINK_CORESIGHT_ReadAPDPReg(DP reg 0x01)
T62D4 000:760.045   Value=0x00000F40
T62D4 000:760.068 - 0.292ms returns 0
T62D4 000:760.084 JLINK_ClrRESET()
T62D4 000:760.272 - 0.187ms 
T62D4 000:865.946 JLINK_Close()
T62D4 000:877.773 - 11.827ms
T62D4 000:877.841   
T62D4 000:877.854   Closed
