T05C8 000:004.365   SEGGER J-Link V7.94g Log File
T05C8 000:005.070   DLL Compiled: Jan 24 2024 15:48:08
T05C8 000:005.093   Logging started @ 2024-03-08 02:35
T05C8 000:005.114   Process: C:\Users\a5123763\.eclipse\com.renesas.platform_766387387\DebugComp\RA\e2-server-gdb.exe
T05C8 000:005.265 - 5.134ms
T05C8 000:005.305 JLINK_GetDLLVersion()
T05C8 000:005.330 - 0.024ms returns 79407
T05C8 000:007.003 JLINK_OpenEx(...)
T05C8 000:025.100   Firmware: J-Link OB-S124 compiled Dec 13 2023 14:39:54
T05C8 000:027.283   Firmware: J-Link OB-S124 compiled Dec 13 2023 14:39:54
T05C8 000:054.159   Hardware: V1.00
T05C8 000:054.235   S/N: 831434561
T05C8 000:054.269   OEM: SEGGER
T05C8 000:054.303   Feature(s): None
T05C8 000:057.297   Bootloader: 2019 Oct 15
T05C8 000:058.771   USB speed mode: Full speed (12 MBit/s)
T05C8 000:059.833   TELNET listener socket opened on port 19021
T05C8 000:060.401   WEBSRV WEBSRV_Init(): Starting webserver thread(s)
T05C8 000:060.663   WEBSRV Webserver running on local port 19080
T05C8 000:060.945   Looking for J-Link GUI Server exe at: C:\Users\a5123763\.eclipse\com.renesas.platform_766387387\DebugComp\RA\ARM\Segger_v7.94.7\JLinkGUIServer.exe
T05C8 000:061.517   Looking for J-Link GUI Server exe at: \JLinkGUIServer.exe
T05C8 000:363.889   Failed to connect to J-Link GUI Server.
T05C8 000:365.178 - 357.182ms returns "O.K."
T05C8 000:366.479 JLINK_ExecCommand("ProjectFile=C:\Workspace\01_repo\ra-solutions-rvc\application_projects\r11an0468\securing_data_at_rest_ek_ra6m4_ns/securing_data_at_rest_ek_ra6m4_ns Debug_SSD.jlink", ...).
T05C8 000:421.965 - 55.483ms returns 0x00
T05C8 000:422.596 JLINK_ExecCommand("device=R7FA6M4AF", ...).
T05C8 000:424.815   Flash bank @ 0x0100A100: SFL: Parsing sectorization info from ELF file
T05C8 000:424.922     FlashDevice.SectorInfo[0]: .SectorSize = 0x00000010, .SectorStartAddr = 0x00000000
T05C8 000:424.971   FlashBank @0x0100A100: Sectorization info from SFL ELF file ignored because sectorization override from DLL / XML file is active.
T05C8 000:426.745   Flash bank @ 0x60000000: SFL: Parsing sectorization info from ELF file
T05C8 000:426.826     FlashDevice.SectorInfo[0]: .SectorSize = 0x00010000, .SectorStartAddr = 0x00000000
T05C8 000:431.879   Device "R7FA6M4AF" selected.
T05C8 000:433.020 - 10.388ms returns 0x00
T05C8 000:433.116 JLINK_ReadMem(0xE000EDF0, 0x4 Bytes, ...)
T05C8 000:433.880   ConfigTargetSettings() start
T05C8 000:433.933    J-Link Script File: Executing ConfigTargetSettings()
T05C8 000:434.141   Configuring FlashDLNoRMWThreshold=0x200 in order to make sure that option bytes programming is done via read-modify-write
T05C8 000:462.890   ConfigTargetSettings() end - Took 28.9ms
T05C8 000:465.090   InitTarget() start
T05C8 000:465.150    J-Link Script File: Executing InitTarget()
T05C8 000:465.174   SWD selected. Executing JTAG -> SWD switching sequence.
T05C8 000:472.633   DAP initialized successfully.
T05C8 000:472.698   Determining TrustZone configuration...
T05C8 000:476.414     Secure Debug: Enabled (SSD)
T05C8 000:476.478   Determining currently configured transfer type by reading the AHB-AP CSW register.
T05C8 000:479.342     --> Correct transfer type configured. Done.
T05C8 000:479.396   InitTarget() end - Took 14.2ms
T05C8 000:482.101   Found SW-DP with ID 0x6BA02477
T05C8 000:491.586   DPIDR: 0x6BA02477
T05C8 000:491.658   CoreSight SoC-400 or earlier
T05C8 000:491.697   Scanning AP map to find all available APs
T05C8 000:496.275   AP[2]: Stopped AP scan as end of AP map has been reached
T05C8 000:496.515   AP[0]: AHB-AP (IDR: 0x84770001)
T05C8 000:496.560   AP[1]: APB-AP (IDR: 0x54770002)
T05C8 000:496.592   Iterating through AP map to find AHB-AP to use
T05C8 000:500.738   AP[0]: Core found
T05C8 000:500.786   AP[0]: AHB-AP ROM base: 0xE00FE000
T05C8 000:502.854   CPUID register: 0x410FD214. Implementer code: 0x41 (ARM)
T05C8 000:502.911   Feature set: Mainline
T05C8 000:505.087   Cache: No cache
T05C8 000:505.396   Found Cortex-M33 r0p4, Little endian.
T05C8 000:506.463   -- Max. mem block: 0x00001948
T05C8 000:509.126   CPU_ReadMem(4 bytes @ 0xE000EDF0)
T05C8 000:512.903   CPU_WriteMem(4 bytes @ 0xE000EDF0)
T05C8 000:515.171   CPU_ReadMem(4 bytes @ 0xE0002000)
T05C8 000:517.407   FPUnit: 8 code (BP) slots and 0 literal slots
T05C8 000:517.468   CPU_ReadMem(4 bytes @ 0xE000EDFC)
T05C8 000:519.739   CPU_WriteMem(4 bytes @ 0xE000EDFC)
T05C8 000:522.022   CPU_ReadMem(4 bytes @ 0xE0001000)
T05C8 000:524.238   CPU_ReadMem(4 bytes @ 0xE0001000)
T05C8 000:526.551   CPU_ReadMem(4 bytes @ 0xE0001028)
T05C8 000:528.868   CPU_ReadMem(4 bytes @ 0xE0001038)
T05C8 000:531.158   CPU_ReadMem(4 bytes @ 0xE0001048)
T05C8 000:533.457   CPU_ReadMem(4 bytes @ 0xE0001058)
T05C8 000:535.762   CPU_WriteMem(4 bytes @ 0xE0001000)
T05C8 000:538.099   CPU_ReadMem(4 bytes @ 0xE000ED88)
T05C8 000:540.438   CPU_WriteMem(4 bytes @ 0xE000ED88)
T05C8 000:542.646   CPU_ReadMem(4 bytes @ 0xE000ED88)
T05C8 000:544.829   CPU_WriteMem(4 bytes @ 0xE000ED88)
T05C8 000:547.047   CPU_ReadMem(4 bytes @ 0xE000EFB8)
T05C8 000:549.252   Security extension: implemented
T05C8 000:549.338   Secure debug: enabled
T05C8 000:549.369   CoreSight components:
T05C8 000:549.407   ROMTbl[0] @ E00FE000
T05C8 000:549.441   CPU_ReadMem(64 bytes @ 0xE00FE000)
T05C8 000:555.870   CPU_ReadMem(32 bytes @ 0xE0044FE0)
T05C8 000:560.206   CPU_ReadMem(4 bytes @ 0xE0044FBC)
T05C8 000:562.534   CPU_ReadMem(4 bytes @ 0xE0044FCC)
T05C8 000:564.862   [0][0]: E0044000 CID B105900D PID 005BB906 DEVARCH 00000000 DEVTYPE 14 CTI (?)
T05C8 000:564.947   CPU_ReadMem(32 bytes @ 0xE0047FE0)
T05C8 000:569.230   CPU_ReadMem(4 bytes @ 0xE0047FBC)
T05C8 000:571.582   CPU_ReadMem(4 bytes @ 0xE0047FCC)
T05C8 000:573.900   [0][1]: E0047000 CID B105900D PID 003BB908 DEVARCH 00000000 DEVTYPE 12 CSTF
T05C8 000:573.958   CPU_ReadMem(32 bytes @ 0xE0048FE0)
T05C8 000:578.148   CPU_ReadMem(4 bytes @ 0xE0048FBC)
T05C8 000:580.452   CPU_ReadMem(4 bytes @ 0xE0048FCC)
T05C8 000:582.746   [0][2]: E0048000 CID B105900D PID 001BB961 DEVARCH 00000000 DEVTYPE 21 ETB
T05C8 000:582.811   CPU_ReadMem(32 bytes @ 0xE0049FE0)
T05C8 000:586.977   [0][3]: E0049000 CID B105F00D PID 001BB101 TSG
T05C8 000:587.047   CPU_ReadMem(32 bytes @ 0xE0040FE0)
T05C8 000:591.273   CPU_ReadMem(4 bytes @ 0xE0040FBC)
T05C8 000:593.469   CPU_ReadMem(4 bytes @ 0xE0040FCC)
T05C8 000:595.847   [0][4]: E0040000 CID B105900D PID 000BBD21 DEVARCH 00000000 DEVTYPE 11 TPIU
T05C8 000:595.915   CPU_ReadMem(32 bytes @ 0xE00FFFE0)
T05C8 000:600.070   [0][5]: E00FF000 CID B105100D PID 000BB4C9 ROM Table
T05C8 000:600.128   ROMTbl[1] @ E00FF000
T05C8 000:600.164   CPU_ReadMem(64 bytes @ 0xE00FF000)
T05C8 000:606.498   CPU_ReadMem(32 bytes @ 0xE000EFE0)
T05C8 000:610.711   CPU_ReadMem(4 bytes @ 0xE000EFBC)
T05C8 000:612.918   CPU_ReadMem(4 bytes @ 0xE000EFCC)
T05C8 000:615.172   [1][0]: E000E000 CID B105900D PID 000BBD21 DEVARCH 47702A04 DEVTYPE 00 Cortex-M33
T05C8 000:615.237   CPU_ReadMem(32 bytes @ 0xE0001FE0)
T05C8 000:619.423   CPU_ReadMem(4 bytes @ 0xE0001FBC)
T05C8 000:621.667   CPU_ReadMem(4 bytes @ 0xE0001FCC)
T05C8 000:623.966   [1][1]: E0001000 CID B105900D PID 000BBD21 DEVARCH 47701A02 DEVTYPE 00 DWT
T05C8 000:624.017   CPU_ReadMem(32 bytes @ 0xE0002FE0)
T05C8 000:628.222   CPU_ReadMem(4 bytes @ 0xE0002FBC)
T05C8 000:630.492   CPU_ReadMem(4 bytes @ 0xE0002FCC)
T05C8 000:632.756   [1][2]: E0002000 CID B105900D PID 000BBD21 DEVARCH 47701A03 DEVTYPE 00 FPB
T05C8 000:632.805   CPU_ReadMem(32 bytes @ 0xE0000FE0)
T05C8 000:637.034   CPU_ReadMem(4 bytes @ 0xE0000FBC)
T05C8 000:639.368   CPU_ReadMem(4 bytes @ 0xE0000FCC)
T05C8 000:641.688   [1][3]: E0000000 CID B105900D PID 000BBD21 DEVARCH 47701A01 DEVTYPE 43 ITM
T05C8 000:641.757   CPU_ReadMem(32 bytes @ 0xE0041FE0)
T05C8 000:645.892   CPU_ReadMem(4 bytes @ 0xE0041FBC)
T05C8 000:648.234   CPU_ReadMem(4 bytes @ 0xE0041FCC)
T05C8 000:650.533   [1][5]: E0041000 CID B105900D PID 002BBD21 DEVARCH 47724A13 DEVTYPE 13 ETM
T05C8 000:650.589   CPU_ReadMem(32 bytes @ 0xE0042FE0)
T05C8 000:654.812   CPU_ReadMem(4 bytes @ 0xE0042FBC)
T05C8 000:657.183   CPU_ReadMem(4 bytes @ 0xE0042FCC)
T05C8 000:659.532   [1][6]: E0042000 CID B105900D PID 000BBD21 DEVARCH 47701A14 DEVTYPE 14 CSS600-CTI
T05C8 000:660.250   CPU_ReadMem(4 bytes @ 0xE000EDF0)
T05C8 000:662.622   Data:  01 00 18 00
T05C8 000:662.683   Debug reg: DHCSR
T05C8 000:662.723 - 229.607ms returns 0
T05C8 000:662.761 JLINK_ReadMem(0x400E002C, 0x4 Bytes, ...)
T05C8 000:662.793   CPU_ReadMem(4 bytes @ 0x400E002C)
T05C8 000:665.015   Data:  02 00 00 00
T05C8 000:665.080 - 2.319ms returns 0
T05C8 000:665.241 JLINK_ReadMem(0xE000EDF0, 0x4 Bytes, ...)
T05C8 000:665.291   CPU_ReadMem(4 bytes @ 0xE000EDF0)
T05C8 000:667.502   Data:  01 00 18 00
T05C8 000:667.559   Debug reg: DHCSR
T05C8 000:667.595 - 2.354ms returns 0
T05C8 000:667.633 JLINK_ReadMem(0xE000EDF0, 0x4 Bytes, ...)
T05C8 000:667.669   CPU_ReadMem(4 bytes @ 0xE000EDF0)
T05C8 000:669.981   Data:  01 00 18 00
T05C8 000:670.038   Debug reg: DHCSR
T05C8 000:670.071 - 2.437ms returns 0
T05C8 000:670.114 JLINK_ReadMem(0x400E001C, 0x4 Bytes, ...)
T05C8 000:670.146   CPU_ReadMem(4 bytes @ 0x400E001C)
T05C8 000:672.405   Data:  00 FC FF 00
T05C8 000:672.465 - 2.350ms returns 0
T05C8 000:672.497 JLINK_ReadMem(0xE000EDF0, 0x4 Bytes, ...)
T05C8 000:672.531   CPU_ReadMem(4 bytes @ 0xE000EDF0)
T05C8 000:674.726   Data:  01 00 18 00
T05C8 000:674.782   Debug reg: DHCSR
T05C8 000:674.819 - 2.321ms returns 0
T05C8 000:674.848 JLINK_ReadMem(0x400E0018, 0x4 Bytes, ...)
T05C8 000:674.883   CPU_ReadMem(4 bytes @ 0x400E0018)
T05C8 000:677.145   Data:  00 80 FF 00
T05C8 000:677.201 - 2.352ms returns 0
T05C8 000:677.238 JLINK_ReadMem(0xE000EDF0, 0x4 Bytes, ...)
T05C8 000:677.269   CPU_ReadMem(4 bytes @ 0xE000EDF0)
T05C8 000:679.545   Data:  01 00 18 00
T05C8 000:679.602   Debug reg: DHCSR
T05C8 000:679.637 - 2.398ms returns 0
T05C8 000:679.667 JLINK_ReadMem(0x400E0020, 0x4 Bytes, ...)
T05C8 000:679.705   CPU_ReadMem(4 bytes @ 0x400E0020)
T05C8 000:681.969   Data:  00 FC 00 00
T05C8 000:682.025 - 2.357ms returns 0
T05C8 000:682.057 JLINK_ReadMem(0xE000EDF0, 0x4 Bytes, ...)
T05C8 000:682.091   CPU_ReadMem(4 bytes @ 0xE000EDF0)
T05C8 000:684.324   Data:  01 00 18 00
T05C8 000:684.380   Debug reg: DHCSR
T05C8 000:684.413 - 2.355ms returns 0
T05C8 000:684.444 JLINK_ReadMem(0x400E0028, 0x4 Bytes, ...)
T05C8 000:684.475   CPU_ReadMem(4 bytes @ 0x400E0028)
T05C8 000:686.860   Data:  00 FC 1F 00
T05C8 000:686.922 - 2.477ms returns 0
T05C8 000:686.958 JLINK_ReadMem(0xE000EDF0, 0x4 Bytes, ...)
T05C8 000:686.990   CPU_ReadMem(4 bytes @ 0xE000EDF0)
T05C8 000:689.216   Data:  01 00 18 00
T05C8 000:689.309   Debug reg: DHCSR
T05C8 000:689.365 - 2.406ms returns 0
T05C8 000:689.416 JLINK_ReadMem(0x400E0024, 0x4 Bytes, ...)
T05C8 000:689.479   CPU_ReadMem(4 bytes @ 0x400E0024)
T05C8 000:691.822   Data:  00 E0 1F 00
T05C8 000:691.887 - 2.471ms returns 0
T05C8 000:691.928 JLINK_ReadMem(0xE000EDF0, 0x4 Bytes, ...)
T05C8 000:691.970   CPU_ReadMem(4 bytes @ 0xE000EDF0)
T05C8 000:694.202   Data:  01 00 18 00
T05C8 000:694.270   Debug reg: DHCSR
T05C8 000:694.307 - 2.379ms returns 0
T05C8 000:694.344 JLINK_ReadMem(0x400E002C, 0x4 Bytes, ...)
T05C8 000:694.385   CPU_ReadMem(4 bytes @ 0x400E002C)
T05C8 000:696.608   Data:  02 00 00 00
T05C8 000:696.679 - 2.334ms returns 0
T05C8 000:696.725 JLINK_ReadMem(0xE000EDF0, 0x4 Bytes, ...)
T05C8 000:696.762   CPU_ReadMem(4 bytes @ 0xE000EDF0)
T05C8 000:698.993   Data:  01 00 18 00
T05C8 000:699.071   Debug reg: DHCSR
T05C8 000:699.107 - 2.382ms returns 0
T05C8 000:699.143 JLINK_ReadMem(0x400E002C, 0x4 Bytes, ...)
T05C8 000:699.191   CPU_ReadMem(4 bytes @ 0x400E002C)
T05C8 000:701.480   Data:  02 00 00 00
T05C8 000:701.548 - 2.405ms returns 0
T05C8 000:703.993 JLINK_Close()
T05C8 000:730.407 - 26.413ms
T05C8 000:730.459
T05C8 000:730.482   Closed
