T3AAC 000:002.323   SEGGER J-Link V7.94g Log File
T3AAC 000:002.570   DLL Compiled: Jan 24 2024 15:48:08
T3AAC 000:002.605   Logging started @ 2024-05-14 09:12
T3AAC 000:002.650   Process: C:\Users\a5123763\.eclipse\com.renesas.platform_766387387\DebugComp\RA\e2-server-gdb.exe
T3AAC 000:002.675 - 2.672ms
T3AAC 000:002.745 JLINK_GetDLLVersion()
T3AAC 000:002.783 - 0.036ms returns 79407
T3AAC 000:005.014 JLINK_OpenEx(...)
T3AAC 000:021.886   Firmware: J-Link OB-S124 compiled Mar 20 2024 17:50:42
T3AAC 000:024.608   Firmware: J-Link OB-S124 compiled Mar 20 2024 17:50:42
T3AAC 000:053.790   Hardware: V1.00
T3AAC 000:053.873   S/N: 831434561
T3AAC 000:053.908   OEM: SEGGER
T3AAC 000:053.942   Feature(s): None
T3AAC 000:057.009   Bootloader: 2019 Oct 15
T3AAC 000:059.796   USB speed mode: Full speed (12 MBit/s)
T3AAC 000:061.681   TELNET listener socket opened on port 19021
T3AAC 000:062.289   WEBSRV WEBSRV_Init(): Starting webserver thread(s)
T3AAC 000:062.665   WEBSRV Webserver running on local port 19080
T3AAC 000:063.029   Looking for J-Link GUI Server exe at: C:\Users\a5123763\.eclipse\com.renesas.platform_766387387\DebugComp\RA\ARM\Segger_v7.94.7\JLinkGUIServer.exe
T3AAC 000:063.670   Looking for J-Link GUI Server exe at: \JLinkGUIServer.exe
T3AAC 000:364.177   Failed to connect to J-Link GUI Server.
T3AAC 000:364.267 - 359.242ms returns "O.K."
T3AAC 000:364.613 JLINK_ExecCommand("ProjectFile=C:\Users\a5123763\Downloads\r11an0475_FSPv5.2.0\embedded\EK_RA6M4\ra_device_id_ra6m4_dummy_ns/ra_device_id_ra6m4_dummy_ns Debug_SSD.jlink", ...). 
T3AAC 000:398.009 - 33.390ms returns 0x00
T3AAC 000:398.588 JLINK_ExecCommand("device=R7FA6M4AF", ...). 
T3AAC 000:401.089   Flash bank @ 0x0100A100: SFL: Parsing sectorization info from ELF file
T3AAC 000:401.257     FlashDevice.SectorInfo[0]: .SectorSize = 0x00000010, .SectorStartAddr = 0x00000000
T3AAC 000:401.292   FlashBank @0x0100A100: Sectorization info from SFL ELF file ignored because sectorization override from DLL / XML file is active.
T3AAC 000:403.001   Flash bank @ 0x60000000: SFL: Parsing sectorization info from ELF file
T3AAC 000:403.131     FlashDevice.SectorInfo[0]: .SectorSize = 0x00010000, .SectorStartAddr = 0x00000000
T3AAC 000:407.432   Device "R7FA6M4AF" selected.
T3AAC 000:408.823 - 10.199ms returns 0x00
T3AAC 000:408.872 JLINK_ReadMem(0xE000EDF0, 0x4 Bytes, ...)
T3AAC 000:409.905   ConfigTargetSettings() start
T3AAC 000:409.956    J-Link Script File: Executing ConfigTargetSettings()
T3AAC 000:409.985   Configuring FlashDLNoRMWThreshold=0x200 in order to make sure that option bytes programming is done via read-modify-write
T3AAC 000:442.588   ConfigTargetSettings() end - Took 32.6ms
T3AAC 000:446.992   InitTarget() start
T3AAC 000:447.090    J-Link Script File: Executing InitTarget()
T3AAC 000:447.116   SWD selected. Executing JTAG -> SWD switching sequence.
T3AAC 000:455.918   DAP initialized successfully.
T3AAC 000:456.002   Determining TrustZone configuration...
T3AAC 000:462.320     Secure Debug: Enabled (SSD)
T3AAC 000:462.449   Determining currently configured transfer type by reading the AHB-AP CSW register.
T3AAC 000:467.085     --> Correct transfer type configured. Done.
T3AAC 000:467.201   InitTarget() end - Took 20.1ms
T3AAC 000:470.261   Found SW-DP with ID 0x6BA02477
T3AAC 000:481.030   DPIDR: 0x6BA02477
T3AAC 000:481.285   CoreSight SoC-400 or earlier
T3AAC 000:481.340   Scanning AP map to find all available APs
T3AAC 000:486.903   AP[2]: Stopped AP scan as end of AP map has been reached
T3AAC 000:487.010   AP[0]: AHB-AP (IDR: 0x84770001)
T3AAC 000:487.049   AP[1]: APB-AP (IDR: 0x54770002)
T3AAC 000:487.081   Iterating through AP map to find AHB-AP to use
T3AAC 000:492.737   AP[0]: Core found
T3AAC 000:492.836   AP[0]: AHB-AP ROM base: 0xE00FE000
T3AAC 000:495.849   CPUID register: 0x410FD214. Implementer code: 0x41 (ARM)
T3AAC 000:495.959   Feature set: Mainline
T3AAC 000:498.183   Cache: No cache
T3AAC 000:498.271   Found Cortex-M33 r0p4, Little endian.
T3AAC 000:500.136   -- Max. mem block: 0x00001AE8
T3AAC 000:503.380   CPU_ReadMem(4 bytes @ 0xE000EDF0)
T3AAC 000:507.424   CPU_WriteMem(4 bytes @ 0xE000EDF0)
T3AAC 000:510.406   CPU_ReadMem(4 bytes @ 0xE0002000)
T3AAC 000:513.445   FPUnit: 8 code (BP) slots and 0 literal slots
T3AAC 000:513.569   CPU_ReadMem(4 bytes @ 0xE000EDFC)
T3AAC 000:516.359   CPU_WriteMem(4 bytes @ 0xE000EDFC)
T3AAC 000:518.809   CPU_ReadMem(4 bytes @ 0xE0001000)
T3AAC 000:521.465   CPU_ReadMem(4 bytes @ 0xE0001000)
T3AAC 000:524.171   CPU_ReadMem(4 bytes @ 0xE0001028)
T3AAC 000:526.671   CPU_ReadMem(4 bytes @ 0xE0001038)
T3AAC 000:529.176   CPU_ReadMem(4 bytes @ 0xE0001048)
T3AAC 000:531.569   CPU_ReadMem(4 bytes @ 0xE0001058)
T3AAC 000:533.911   CPU_WriteMem(4 bytes @ 0xE0001000)
T3AAC 000:536.405   CPU_ReadMem(4 bytes @ 0xE000ED88)
T3AAC 000:538.829   CPU_WriteMem(4 bytes @ 0xE000ED88)
T3AAC 000:541.154   CPU_ReadMem(4 bytes @ 0xE000ED88)
T3AAC 000:543.516   CPU_WriteMem(4 bytes @ 0xE000ED88)
T3AAC 000:545.836   CPU_ReadMem(4 bytes @ 0xE000EFB8)
T3AAC 000:548.175   Security extension: implemented
T3AAC 000:548.234   Secure debug: enabled
T3AAC 000:548.273   CoreSight components:
T3AAC 000:548.314   ROMTbl[0] @ E00FE000
T3AAC 000:548.358   CPU_ReadMem(64 bytes @ 0xE00FE000)
T3AAC 000:554.838   CPU_ReadMem(32 bytes @ 0xE0044FE0)
T3AAC 000:559.917   CPU_ReadMem(4 bytes @ 0xE0044FBC)
T3AAC 000:562.693   CPU_ReadMem(4 bytes @ 0xE0044FCC)
T3AAC 000:565.699   [0][0]: E0044000 CID B105900D PID 005BB906 DEVARCH 00000000 DEVTYPE 14 CTI (?)
T3AAC 000:565.832   CPU_ReadMem(32 bytes @ 0xE0047FE0)
T3AAC 000:570.397   CPU_ReadMem(4 bytes @ 0xE0047FBC)
T3AAC 000:572.831   CPU_ReadMem(4 bytes @ 0xE0047FCC)
T3AAC 000:576.080   [0][1]: E0047000 CID B105900D PID 003BB908 DEVARCH 00000000 DEVTYPE 12 CSTF
T3AAC 000:576.218   CPU_ReadMem(32 bytes @ 0xE0048FE0)
T3AAC 000:581.023   CPU_ReadMem(4 bytes @ 0xE0048FBC)
T3AAC 000:583.754   CPU_ReadMem(4 bytes @ 0xE0048FCC)
T3AAC 000:586.149   [0][2]: E0048000 CID B105900D PID 001BB961 DEVARCH 00000000 DEVTYPE 21 ETB
T3AAC 000:586.320   CPU_ReadMem(32 bytes @ 0xE0049FE0)
T3AAC 000:590.888   [0][3]: E0049000 CID B105F00D PID 001BB101 TSG
T3AAC 000:590.998   CPU_ReadMem(32 bytes @ 0xE0040FE0)
T3AAC 000:596.018   CPU_ReadMem(4 bytes @ 0xE0040FBC)
T3AAC 000:599.081   CPU_ReadMem(4 bytes @ 0xE0040FCC)
T3AAC 000:601.851   [0][4]: E0040000 CID B105900D PID 000BBD21 DEVARCH 00000000 DEVTYPE 11 TPIU
T3AAC 000:601.968   CPU_ReadMem(32 bytes @ 0xE00FFFE0)
T3AAC 000:606.212   [0][5]: E00FF000 CID B105100D PID 000BB4C9 ROM Table
T3AAC 000:606.363   ROMTbl[1] @ E00FF000
T3AAC 000:606.438   CPU_ReadMem(64 bytes @ 0xE00FF000)
T3AAC 000:613.179   CPU_ReadMem(32 bytes @ 0xE000EFE0)
T3AAC 000:617.725   CPU_ReadMem(4 bytes @ 0xE000EFBC)
T3AAC 000:620.316   CPU_ReadMem(4 bytes @ 0xE000EFCC)
T3AAC 000:622.717   [1][0]: E000E000 CID B105900D PID 000BBD21 DEVARCH 47702A04 DEVTYPE 00 Cortex-M33
T3AAC 000:622.849   CPU_ReadMem(32 bytes @ 0xE0001FE0)
T3AAC 000:627.780   CPU_ReadMem(4 bytes @ 0xE0001FBC)
T3AAC 000:630.662   CPU_ReadMem(4 bytes @ 0xE0001FCC)
T3AAC 000:633.671   [1][1]: E0001000 CID B105900D PID 000BBD21 DEVARCH 47701A02 DEVTYPE 00 DWT
T3AAC 000:633.972   CPU_ReadMem(32 bytes @ 0xE0002FE0)
T3AAC 000:638.323   CPU_ReadMem(4 bytes @ 0xE0002FBC)
T3AAC 000:641.007   CPU_ReadMem(4 bytes @ 0xE0002FCC)
T3AAC 000:643.867   [1][2]: E0002000 CID B105900D PID 000BBD21 DEVARCH 47701A03 DEVTYPE 00 FPB
T3AAC 000:644.011   CPU_ReadMem(32 bytes @ 0xE0000FE0)
T3AAC 000:648.693   CPU_ReadMem(4 bytes @ 0xE0000FBC)
T3AAC 000:651.191   CPU_ReadMem(4 bytes @ 0xE0000FCC)
T3AAC 000:653.702   [1][3]: E0000000 CID B105900D PID 000BBD21 DEVARCH 47701A01 DEVTYPE 43 ITM
T3AAC 000:653.851   CPU_ReadMem(32 bytes @ 0xE0041FE0)
T3AAC 000:658.369   CPU_ReadMem(4 bytes @ 0xE0041FBC)
T3AAC 000:661.123   CPU_ReadMem(4 bytes @ 0xE0041FCC)
T3AAC 000:663.739   [1][5]: E0041000 CID B105900D PID 002BBD21 DEVARCH 47724A13 DEVTYPE 13 ETM
T3AAC 000:663.867   CPU_ReadMem(32 bytes @ 0xE0042FE0)
T3AAC 000:668.042   CPU_ReadMem(4 bytes @ 0xE0042FBC)
T3AAC 000:670.554   CPU_ReadMem(4 bytes @ 0xE0042FCC)
T3AAC 000:673.557   [1][6]: E0042000 CID B105900D PID 000BBD21 DEVARCH 47701A14 DEVTYPE 14 CSS600-CTI
T3AAC 000:673.798   CPU_ReadMem(4 bytes @ 0xE000EDF0)
T3AAC 000:676.756   Data:  01 00 18 00
T3AAC 000:677.600   Debug reg: DHCSR
T3AAC 000:677.731 - 268.858ms returns 0
T3AAC 000:677.800 JLINK_ReadMem(0x400E002C, 0x4 Bytes, ...)
T3AAC 000:677.868   CPU_ReadMem(4 bytes @ 0x400E002C)
T3AAC 000:680.450   Data:  02 00 00 00
T3AAC 000:680.588 - 2.787ms returns 0
T3AAC 000:680.782 JLINK_ReadMem(0xE000EDF0, 0x4 Bytes, ...)
T3AAC 000:681.032   CPU_ReadMem(4 bytes @ 0xE000EDF0)
T3AAC 000:683.621   Data:  01 00 18 00
T3AAC 000:683.921   Debug reg: DHCSR
T3AAC 000:684.095 - 3.312ms returns 0
T3AAC 000:684.231 JLINK_ReadMem(0xE000EDF0, 0x4 Bytes, ...)
T3AAC 000:684.329   CPU_ReadMem(4 bytes @ 0xE000EDF0)
T3AAC 000:686.787   Data:  01 00 18 00
T3AAC 000:686.948   Debug reg: DHCSR
T3AAC 000:687.005 - 2.774ms returns 0
T3AAC 000:687.063 JLINK_ReadMem(0x400E001C, 0x4 Bytes, ...)
T3AAC 000:687.122   CPU_ReadMem(4 bytes @ 0x400E001C)
T3AAC 000:690.068   Data:  00 FC FF 00
T3AAC 000:690.202 - 3.138ms returns 0
T3AAC 000:690.263 JLINK_ReadMem(0xE000EDF0, 0x4 Bytes, ...)
T3AAC 000:690.327   CPU_ReadMem(4 bytes @ 0xE000EDF0)
T3AAC 000:693.204   Data:  01 00 18 00
T3AAC 000:693.354   Debug reg: DHCSR
T3AAC 000:693.414 - 3.151ms returns 0
T3AAC 000:693.472 JLINK_ReadMem(0x400E0018, 0x4 Bytes, ...)
T3AAC 000:693.525   CPU_ReadMem(4 bytes @ 0x400E0018)
T3AAC 000:695.886   Data:  00 80 FF 00
T3AAC 000:696.074 - 2.601ms returns 0
T3AAC 000:696.172 JLINK_ReadMem(0xE000EDF0, 0x4 Bytes, ...)
T3AAC 000:696.247   CPU_ReadMem(4 bytes @ 0xE000EDF0)
T3AAC 000:698.736   Data:  01 00 18 00
T3AAC 000:698.926   Debug reg: DHCSR
T3AAC 000:699.035 - 2.862ms returns 0
T3AAC 000:699.134 JLINK_ReadMem(0x400E0020, 0x4 Bytes, ...)
T3AAC 000:699.232   CPU_ReadMem(4 bytes @ 0x400E0020)
T3AAC 000:701.690   Data:  00 FC 00 00
T3AAC 000:701.813 - 2.679ms returns 0
T3AAC 000:701.894 JLINK_ReadMem(0xE000EDF0, 0x4 Bytes, ...)
T3AAC 000:701.959   CPU_ReadMem(4 bytes @ 0xE000EDF0)
T3AAC 000:704.274   Data:  01 00 18 00
T3AAC 000:704.396   Debug reg: DHCSR
T3AAC 000:704.457 - 2.562ms returns 0
T3AAC 000:704.510 JLINK_ReadMem(0x400E0028, 0x4 Bytes, ...)
T3AAC 000:704.560   CPU_ReadMem(4 bytes @ 0x400E0028)
T3AAC 000:707.497   Data:  00 FC 1F 00
T3AAC 000:707.655 - 3.145ms returns 0
T3AAC 000:707.724 JLINK_ReadMem(0xE000EDF0, 0x4 Bytes, ...)
T3AAC 000:707.791   CPU_ReadMem(4 bytes @ 0xE000EDF0)
T3AAC 000:710.630   Data:  01 00 18 00
T3AAC 000:710.784   Debug reg: DHCSR
T3AAC 000:710.839 - 3.115ms returns 0
T3AAC 000:710.899 JLINK_ReadMem(0x400E0024, 0x4 Bytes, ...)
T3AAC 000:710.962   CPU_ReadMem(4 bytes @ 0x400E0024)
T3AAC 000:713.723   Data:  00 E0 1F 00
T3AAC 000:713.831 - 2.931ms returns 0
T3AAC 000:714.012 JLINK_ReadMem(0xE000EDF0, 0x4 Bytes, ...)
T3AAC 000:714.149   CPU_ReadMem(4 bytes @ 0xE000EDF0)
T3AAC 000:716.959   Data:  01 00 18 00
T3AAC 000:717.271   Debug reg: DHCSR
T3AAC 000:717.337 - 3.326ms returns 0
T3AAC 000:717.391 JLINK_ReadMem(0x400E002C, 0x4 Bytes, ...)
T3AAC 000:717.460   CPU_ReadMem(4 bytes @ 0x400E002C)
T3AAC 000:720.007   Data:  02 00 00 00
T3AAC 000:720.131 - 2.739ms returns 0
T3AAC 000:720.191 JLINK_ReadMem(0xE000EDF0, 0x4 Bytes, ...)
T3AAC 000:720.252   CPU_ReadMem(4 bytes @ 0xE000EDF0)
T3AAC 000:723.174   Data:  01 00 18 00
T3AAC 000:723.307   Debug reg: DHCSR
T3AAC 000:723.370 - 3.178ms returns 0
T3AAC 000:723.438 JLINK_ReadMem(0x400E002C, 0x4 Bytes, ...)
T3AAC 000:723.499   CPU_ReadMem(4 bytes @ 0x400E002C)
T3AAC 000:726.098   Data:  02 00 00 00
T3AAC 000:726.235 - 2.797ms returns 0
T3AAC 000:728.986 JLINK_Close()
T3AAC 000:772.290 - 43.303ms
T3AAC 000:772.425   
T3AAC 000:772.474   Closed
