T3090 000:001.286   SEGGER J-Link V7.92j Log File
T3090 000:001.435   DLL Compiled: Oct 12 2023 14:38:59
T3090 000:001.448   Logging started @ 2023-11-28 20:23
T3090 000:001.460   Process: C:\Users\a5099044\.eclipse\com.renesas.platform_1437746368\DebugComp\RA\e2-server-gdb.exe
T3090 000:001.474 - 1.472ms
T3090 000:001.492 JLINK_GetDLLVersion()
T3090 000:001.506 - 0.012ms returns 79210
T3090 000:002.215 JLINK_OpenEx(...)
T3090 000:018.474   Firmware: J-Link OB-S124 compiled Oct 30 2023 12:13:12
T3090 000:019.322   Firmware: J-Link OB-S124 compiled Oct 30 2023 12:13:12
T3090 000:046.349   Hardware: V1.00
T3090 000:046.431   S/N: 831860437
T3090 000:046.452   OEM: SEGGER
T3090 000:046.480   Feature(s): None
T3090 000:047.966   Bootloader: 2019 Oct 15
T3090 000:049.240   USB speed mode: Full speed (12 MBit/s)
T3090 000:050.180   TELNET listener socket opened on port 19021
T3090 000:050.469   WEBSRV WEBSRV_Init(): Starting webserver thread(s)
T3090 000:053.550   WEBSRV Failed to put socket into listener state (port 19080)
T3090 000:053.754   WEBSRV Webserver running on local port 19081
T3090 000:054.008   Looking for J-Link GUI Server exe at: C:\Users\a5099044\.eclipse\com.renesas.platform_1437746368\DebugComp\RA\ARM\Segger_v7.92.10\JLinkGUIServer.exe
T3090 000:054.163   Looking for J-Link GUI Server exe at: \JLinkGUIServer.exe
T3090 000:356.702   Failed to connect to J-Link GUI Server.
T3090 000:356.794 - 354.569ms returns "O.K."
T3090 000:357.089 JLINK_ExecCommand("ProjectFile=C:\Secure_Key_Injection\injecting-updating-secure-user-keys\secure_key_inject_update_ra6m4_org\secure_key_inject_update_ra6m4_ns/secure_key_inject_update_ra6m4_ns Debug_SSD.jlink", ...). 
T3090 000:376.516 - 19.426ms returns 0x00
T3090 000:377.231 JLINK_ExecCommand("device=R7FA6M4AF", ...). 
T3090 000:377.541   Flash bank @ 0x0100A100: SFL: Parsing sectorization info from ELF file
T3090 000:377.593     FlashDevice.SectorInfo[0]: .SectorSize = 0x00000010, .SectorStartAddr = 0x00000000
T3090 000:377.617   FlashBank @0x0100A100: Sectorization info from SFL ELF file ignored because sectorization override from DLL / XML file is active.
T3090 000:377.997   Flash bank @ 0x60000000: SFL: Parsing sectorization info from ELF file
T3090 000:378.041     FlashDevice.SectorInfo[0]: .SectorSize = 0x00010000, .SectorStartAddr = 0x00000000
T3090 000:382.843   Device "R7FA6M4AF" selected.
T3090 000:385.223 - 7.932ms returns 0x00
T3090 000:385.278 JLINK_ReadMem(0xE000EDF0, 0x4 Bytes, ...)
T3090 000:385.792   ConfigTargetSettings() start
T3090 000:385.830    J-Link Script File: Executing ConfigTargetSettings()
T3090 000:385.849   Configuring FlashDLNoRMWThreshold=0x200 in order to make sure that option bytes programming is done via read-modify-write
T3090 000:410.836   ConfigTargetSettings() end - Took 25.0ms
T3090 000:411.984   InitTarget() start
T3090 000:412.028    J-Link Script File: Executing InitTarget()
T3090 000:412.044   SWD selected. Executing JTAG -> SWD switching sequence.
T3090 000:419.114   DAP initialized successfully.
T3090 000:419.155   Determining TrustZone configuration...
T3090 000:422.602     Secure Debug: Enabled (SSD)
T3090 000:422.639   Determining currently configured transfer type by reading the AHB-AP CSW register.
T3090 000:425.393     --> Correct transfer type configured. Done.
T3090 000:425.421   InitTarget() end - Took 13.3ms
T3090 000:427.869   Found SW-DP with ID 0x6BA02477
T3090 000:436.090   DPIDR: 0x6BA02477
T3090 000:436.132   CoreSight SoC-400 or earlier
T3090 000:436.153   Scanning AP map to find all available APs
T3090 000:439.980   AP[2]: Stopped AP scan as end of AP map has been reached
T3090 000:440.022   AP[0]: AHB-AP (IDR: 0x84770001)
T3090 000:440.043   AP[1]: APB-AP (IDR: 0x54770002)
T3090 000:440.062   Iterating through AP map to find AHB-AP to use
T3090 000:443.835   AP[0]: Core found
T3090 000:443.870   AP[0]: AHB-AP ROM base: 0xE00FE000
T3090 000:445.977   CPUID register: 0x410FD214. Implementer code: 0x41 (ARM)
T3090 000:446.002   Feature set: Mainline
T3090 000:447.977   Cache: No cache
T3090 000:448.057   Found Cortex-M33 r0p4, Little endian.
T3090 000:448.864   -- Max. mem block: 0x00001960
T3090 000:450.986   CPU_ReadMem(4 bytes @ 0xE000EDF0)
T3090 000:453.089   CPU_WriteMem(4 bytes @ 0xE000EDF0)
T3090 000:455.145   CPU_ReadMem(4 bytes @ 0xE0002000)
T3090 000:457.244   FPUnit: 8 code (BP) slots and 0 literal slots
T3090 000:457.279   CPU_ReadMem(4 bytes @ 0xE000EDFC)
T3090 000:459.310   CPU_WriteMem(4 bytes @ 0xE000EDFC)
T3090 000:461.525   CPU_ReadMem(4 bytes @ 0xE0001000)
T3090 000:463.839   CPU_ReadMem(4 bytes @ 0xE0001000)
T3090 000:465.995   CPU_ReadMem(4 bytes @ 0xE0001028)
T3090 000:468.155   CPU_ReadMem(4 bytes @ 0xE0001038)
T3090 000:470.250   CPU_ReadMem(4 bytes @ 0xE0001048)
T3090 000:472.311   CPU_ReadMem(4 bytes @ 0xE0001058)
T3090 000:474.411   CPU_WriteMem(4 bytes @ 0xE0001000)
T3090 000:476.584   CPU_ReadMem(4 bytes @ 0xE000ED88)
T3090 000:478.669   CPU_WriteMem(4 bytes @ 0xE000ED88)
T3090 000:480.774   CPU_ReadMem(4 bytes @ 0xE000ED88)
T3090 000:482.791   CPU_WriteMem(4 bytes @ 0xE000ED88)
T3090 000:484.972   CPU_ReadMem(4 bytes @ 0xE000EFB8)
T3090 000:487.048   Security extension: implemented
T3090 000:487.087   Secure debug: enabled
T3090 000:487.107   CoreSight components:
T3090 000:487.135   ROMTbl[0] @ E00FE000
T3090 000:487.157   CPU_ReadMem(64 bytes @ 0xE00FE000)
T3090 000:493.266   CPU_ReadMem(32 bytes @ 0xE0044FE0)
T3090 000:497.453   CPU_ReadMem(4 bytes @ 0xE0044FBC)
T3090 000:499.982   CPU_ReadMem(4 bytes @ 0xE0044FCC)
T3090 000:502.509   [0][0]: E0044000 CID B105900D PID 005BB906 DEVARCH 00000000 DEVTYPE 14 CTI (?)
T3090 000:502.708   CPU_ReadMem(32 bytes @ 0xE0047FE0)
T3090 000:507.003   CPU_ReadMem(4 bytes @ 0xE0047FBC)
T3090 000:509.387   CPU_ReadMem(4 bytes @ 0xE0047FCC)
T3090 000:511.876   [0][1]: E0047000 CID B105900D PID 003BB908 DEVARCH 00000000 DEVTYPE 12 CSTF
T3090 000:512.064   CPU_ReadMem(32 bytes @ 0xE0048FE0)
T3090 000:516.306   CPU_ReadMem(4 bytes @ 0xE0048FBC)
T3090 000:518.550   CPU_ReadMem(4 bytes @ 0xE0048FCC)
T3090 000:520.796   [0][2]: E0048000 CID B105900D PID 001BB961 DEVARCH 00000000 DEVTYPE 21 ETB
T3090 000:520.916   CPU_ReadMem(32 bytes @ 0xE0049FE0)
T3090 000:524.984   [0][3]: E0049000 CID B105F00D PID 001BB101 TSG
T3090 000:525.060   CPU_ReadMem(32 bytes @ 0xE0040FE0)
T3090 000:529.152   CPU_ReadMem(4 bytes @ 0xE0040FBC)
T3090 000:531.427   CPU_ReadMem(4 bytes @ 0xE0040FCC)
T3090 000:533.523   [0][4]: E0040000 CID B105900D PID 000BBD21 DEVARCH 00000000 DEVTYPE 11 TPIU
T3090 000:533.558   CPU_ReadMem(32 bytes @ 0xE00FFFE0)
T3090 000:537.623   [0][5]: E00FF000 CID B105100D PID 000BB4C9 ROM Table
T3090 000:537.653   ROMTbl[1] @ E00FF000
T3090 000:537.674   CPU_ReadMem(64 bytes @ 0xE00FF000)
T3090 000:543.875   CPU_ReadMem(32 bytes @ 0xE000EFE0)
T3090 000:548.047   CPU_ReadMem(4 bytes @ 0xE000EFBC)
T3090 000:550.376   CPU_ReadMem(4 bytes @ 0xE000EFCC)
T3090 000:552.631   [1][0]: E000E000 CID B105900D PID 000BBD21 DEVARCH 47702A04 DEVTYPE 00 Cortex-M33
T3090 000:552.708   CPU_ReadMem(32 bytes @ 0xE0001FE0)
T3090 000:556.834   CPU_ReadMem(4 bytes @ 0xE0001FBC)
T3090 000:559.133   CPU_ReadMem(4 bytes @ 0xE0001FCC)
T3090 000:561.321   [1][1]: E0001000 CID B105900D PID 000BBD21 DEVARCH 47701A02 DEVTYPE 00 DWT
T3090 000:561.370   CPU_ReadMem(32 bytes @ 0xE0002FE0)
T3090 000:565.444   CPU_ReadMem(4 bytes @ 0xE0002FBC)
T3090 000:567.563   CPU_ReadMem(4 bytes @ 0xE0002FCC)
T3090 000:569.714   [1][2]: E0002000 CID B105900D PID 000BBD21 DEVARCH 47701A03 DEVTYPE 00 FPB
T3090 000:569.867   CPU_ReadMem(32 bytes @ 0xE0000FE0)
T3090 000:573.859   CPU_ReadMem(4 bytes @ 0xE0000FBC)
T3090 000:575.862   CPU_ReadMem(4 bytes @ 0xE0000FCC)
T3090 000:577.850   [1][3]: E0000000 CID B105900D PID 000BBD21 DEVARCH 47701A01 DEVTYPE 43 ITM
T3090 000:577.894   CPU_ReadMem(32 bytes @ 0xE0041FE0)
T3090 000:581.772   CPU_ReadMem(4 bytes @ 0xE0041FBC)
T3090 000:583.888   CPU_ReadMem(4 bytes @ 0xE0041FCC)
T3090 000:585.897   [1][5]: E0041000 CID B105900D PID 002BBD21 DEVARCH 47724A13 DEVTYPE 13 ETM
T3090 000:585.964   CPU_ReadMem(32 bytes @ 0xE0042FE0)
T3090 000:589.982   CPU_ReadMem(4 bytes @ 0xE0042FBC)
T3090 000:592.130   CPU_ReadMem(4 bytes @ 0xE0042FCC)
T3090 000:594.337   [1][6]: E0042000 CID B105900D PID 000BBD21 DEVARCH 47701A14 DEVTYPE 14 CSS600-CTI
T3090 000:594.425   CPU_ReadMem(4 bytes @ 0xE000EDF0)
T3090 000:596.481   Data:  01 00 18 00
T3090 000:596.550   Debug reg: DHCSR
T3090 000:596.589 - 211.312ms returns 0
T3090 000:596.641 JLINK_ReadMem(0x400E002C, 0x4 Bytes, ...)
T3090 000:596.676   CPU_ReadMem(4 bytes @ 0x400E002C)
T3090 000:598.791   Data:  02 00 00 00
T3090 000:598.833 - 2.192ms returns 0
T3090 000:598.876 JLINK_ReadMem(0xE000EDF0, 0x4 Bytes, ...)
T3090 000:598.894   CPU_ReadMem(4 bytes @ 0xE000EDF0)
T3090 000:600.970   Data:  01 00 18 00
T3090 000:601.014   Debug reg: DHCSR
T3090 000:601.034 - 2.157ms returns 0
T3090 000:601.069 JLINK_ReadMem(0xE000EDF0, 0x4 Bytes, ...)
T3090 000:601.090   CPU_ReadMem(4 bytes @ 0xE000EDF0)
T3090 000:603.067   Data:  01 00 18 00
T3090 000:603.139   Debug reg: DHCSR
T3090 000:603.157 - 2.087ms returns 0
T3090 000:603.262 JLINK_ReadMem(0x400E001C, 0x4 Bytes, ...)
T3090 000:603.308   CPU_ReadMem(4 bytes @ 0x400E001C)
T3090 000:605.468   Data:  00 FC FF 00
T3090 000:605.521 - 2.259ms returns 0
T3090 000:605.552 JLINK_ReadMem(0xE000EDF0, 0x4 Bytes, ...)
T3090 000:605.578   CPU_ReadMem(4 bytes @ 0xE000EDF0)
T3090 000:607.736   Data:  01 00 18 00
T3090 000:607.849   Debug reg: DHCSR
T3090 000:607.883 - 2.330ms returns 0
T3090 000:607.919 JLINK_ReadMem(0x400E0018, 0x4 Bytes, ...)
T3090 000:607.956   CPU_ReadMem(4 bytes @ 0x400E0018)
T3090 000:610.106   Data:  00 80 FF 00
T3090 000:610.169 - 2.250ms returns 0
T3090 000:610.210 JLINK_ReadMem(0xE000EDF0, 0x4 Bytes, ...)
T3090 000:610.249   CPU_ReadMem(4 bytes @ 0xE000EDF0)
T3090 000:612.351   Data:  01 00 18 00
T3090 000:612.418   Debug reg: DHCSR
T3090 000:612.451 - 2.241ms returns 0
T3090 000:612.479 JLINK_ReadMem(0x400E0020, 0x4 Bytes, ...)
T3090 000:612.508   CPU_ReadMem(4 bytes @ 0x400E0020)
T3090 000:614.635   Data:  00 FC 00 00
T3090 000:614.752 - 2.273ms returns 0
T3090 000:614.799 JLINK_ReadMem(0xE000EDF0, 0x4 Bytes, ...)
T3090 000:614.838   CPU_ReadMem(4 bytes @ 0xE000EDF0)
T3090 000:617.083   Data:  01 00 18 00
T3090 000:617.187   Debug reg: DHCSR
T3090 000:617.224 - 2.424ms returns 0
T3090 000:617.260 JLINK_ReadMem(0x400E0028, 0x4 Bytes, ...)
T3090 000:617.303   CPU_ReadMem(4 bytes @ 0x400E0028)
T3090 000:619.538   Data:  00 FC 1F 00
T3090 000:619.653 - 2.393ms returns 0
T3090 000:619.707 JLINK_ReadMem(0xE000EDF0, 0x4 Bytes, ...)
T3090 000:619.753   CPU_ReadMem(4 bytes @ 0xE000EDF0)
T3090 000:622.056   Data:  01 00 18 00
T3090 000:622.197   Debug reg: DHCSR
T3090 000:622.242 - 2.535ms returns 0
T3090 000:622.288 JLINK_ReadMem(0x400E0024, 0x4 Bytes, ...)
T3090 000:622.336   CPU_ReadMem(4 bytes @ 0x400E0024)
T3090 000:624.578   Data:  00 E0 1F 00
T3090 000:624.696 - 2.407ms returns 0
T3090 000:624.749 JLINK_ReadMem(0xE000EDF0, 0x4 Bytes, ...)
T3090 000:624.795   CPU_ReadMem(4 bytes @ 0xE000EDF0)
T3090 000:627.082   Data:  01 00 18 00
T3090 000:627.210   Debug reg: DHCSR
T3090 000:627.251 - 2.501ms returns 0
T3090 000:627.294 JLINK_ReadMem(0x400E002C, 0x4 Bytes, ...)
T3090 000:627.337   CPU_ReadMem(4 bytes @ 0x400E002C)
T3090 000:629.670   Data:  02 00 00 00
T3090 000:629.808 - 2.513ms returns 0
T3090 000:629.872 JLINK_ReadMem(0xE000EDF0, 0x4 Bytes, ...)
T3090 000:629.919   CPU_ReadMem(4 bytes @ 0xE000EDF0)
T3090 000:632.213   Data:  01 00 18 00
T3090 000:632.351   Debug reg: DHCSR
T3090 000:632.394 - 2.522ms returns 0
T3090 000:632.448 JLINK_ReadMem(0x400E002C, 0x4 Bytes, ...)
T3090 000:632.494   CPU_ReadMem(4 bytes @ 0x400E002C)
T3090 000:634.896   Data:  02 00 00 00
T3090 000:635.063 - 2.614ms returns 0
T3090 000:638.597 JLINK_Close()
T3090 000:657.215 - 18.618ms
T3090 000:657.260   
T3090 000:657.275   Closed
