T2040 000:002.535   SEGGER J-Link V8.44a Log File
T2040 000:004.473   DLL Compiled: Jun 18 2025 16:28:32
T2040 000:004.492   Logging started @ 2025-09-19 04:29
T2040 000:004.508   Process: C:\Users\trung.tran-quoc\.eclipse\com.renesas.platform_1403626421\DebugComp\RA\e2-server-gdb.exe
T2040 000:004.530 - 4.524ms 
T2040 000:004.562 JLINK_GetDLLVersion()
T2040 000:004.578 - 0.017ms returns 84401
T2040 000:020.316 JLINK_OpenEx(...)
T2040 000:041.330   Firmware: J-Link OB-RA4M2 compiled Jul  8 2025 10:15:56
T2040 000:043.096   Firmware: J-Link OB-RA4M2 compiled Jul  8 2025 10:15:56
T2040 000:057.555   Hardware: V1.00
T2040 000:057.619   S/N: 1087935894
T2040 000:057.641   OEM: SEGGER
T2040 000:057.668   Feature(s): None
T2040 000:059.171   Bootloader: 2021 May 14
T2040 000:079.888   USB speed mode: Full speed (12 MBit/s)
T2040 000:080.857   TELNET listener socket opened on port 19021
T2040 000:081.105   WEBSRV WEBSRV_Init(): Starting webserver thread(s)
T2040 000:081.484   WEBSRV Failed to put socket into listener state (port 19080)
T2040 000:081.702   WEBSRV Webserver running on local port 19081
T2040 000:081.945   Looking for J-Link GUI Server exe at: C:\Users\trung.tran-quoc\.eclipse\com.renesas.platform_1403626421\DebugComp\RA\ARM\Segger_v8.44.1\JLinkGUIServer.exe
T2040 000:082.166   Looking for J-Link GUI Server exe at: C:\Users\trung.tran-quoc\SEGGER\JLink_V858\JLinkGUIServer.exe
T2040 000:082.222   Forking J-Link GUI Server: C:\Users\trung.tran-quoc\SEGGER\JLink_V858\JLinkGUIServer.exe
T2040 000:091.489   J-Link GUI Server info: "J-Link GUI server V8.58 "
T2040 000:095.228 - 74.904ms returns "O.K."
T2040 000:095.518 JLINK_ExecCommand("ProjectFile=C:\Users\trung.tran-quoc\Desktop\ws_dotf\dotf_rsip_compatibility_mode_ra8p1_CPU1/dotf_rsip_compatibility_mode_ra8p1_CPU1 Debug_Attach.jlink", ...). 
T2040 000:137.060 - 41.545ms returns 0x00
T2040 000:138.399 JLINK_ExecCommand("device=R7KA8P1KF_CPU1", ...). 
T2040 000:139.907   Flash bank @ 0x02000000: SFL: Parsing sectorization info from ELF file
T2040 000:139.945     FlashDevice.SectorInfo[0]: .SectorSize = 0x00000800, .SectorStartAddr = 0x00000000
T2040 000:139.967   FlashBank @0x02000000: Sectorization info from SFL ELF file ignored because sectorization override from DLL / XML file is active.
T2040 000:140.465   Flash bank @ 0x02E07400: SFL: Parsing sectorization info from ELF file
T2040 000:140.498     FlashDevice.SectorInfo[0]: .SectorSize = 0x00000010, .SectorStartAddr = 0x00000000
T2040 000:140.520   FlashBank @0x02C9F020: Sectorization info from SFL ELF file ignored because sectorization override from DLL / XML file is active.
T2040 000:140.552   Flash bank @ 0x02E07400: SFL: Parsing sectorization info from ELF file
T2040 000:140.573     FlashDevice.SectorInfo[0]: .SectorSize = 0x00000010, .SectorStartAddr = 0x00000000
T2040 000:140.598   FlashBank @0x02E07400: Sectorization info from SFL ELF file ignored because sectorization override from DLL / XML file is active.
T2040 000:140.638   Flash bank @ 0x12000000: SFL: Parsing sectorization info from ELF file
T2040 000:140.661     FlashDevice.SectorInfo[0]: .SectorSize = 0x00000800, .SectorStartAddr = 0x00000000
T2040 000:140.686   FlashBank @0x12000000: Sectorization info from SFL ELF file ignored because sectorization override from DLL / XML file is active.
T2040 000:141.196   Flash bank @ 0x12E07400: SFL: Parsing sectorization info from ELF file
T2040 000:141.227     FlashDevice.SectorInfo[0]: .SectorSize = 0x00000010, .SectorStartAddr = 0x00000000
T2040 000:141.250   FlashBank @0x12C9F4C0: Sectorization info from SFL ELF file ignored because sectorization override from DLL / XML file is active.
T2040 000:141.303   Flash bank @ 0x12E07400: SFL: Parsing sectorization info from ELF file
T2040 000:141.329     FlashDevice.SectorInfo[0]: .SectorSize = 0x00000010, .SectorStartAddr = 0x00000000
T2040 000:141.351   FlashBank @0x12E07780: Sectorization info from SFL ELF file ignored because sectorization override from DLL / XML file is active.
T2040 000:141.453   Flash bank @ 0x80000000: SFL: Parsing sectorization info from ELF file
T2040 000:141.551     FlashDevice.SectorInfo[0]: .SectorSize = 0x00010000, .SectorStartAddr = 0x00000000
T2040 000:161.075   Flash bank @ 0x90000000: SFL: Parsing sectorization info from ELF file
T2040 000:161.132     FlashDevice.SectorInfo[0]: .SectorSize = 0x00010000, .SectorStartAddr = 0x00000000
T2040 000:179.285   Device "R7KA8P1KF_CPU1" selected.
T2040 000:183.680 - 45.247ms returns 0x00
T2040 000:183.733 JLINK_TIF_GetAvailable(...)
T2040 000:184.431 - 0.697ms 
T2040 000:184.507 JLINK_TIF_Select(JLINKARM_TIF_SWD)
T2040 000:187.682 - 3.174ms returns 0x00
T2040 000:187.766 JLINK_SetSpeed(4000)
T2040 000:188.049 - 0.286ms 
T2040 000:188.151 JLINK_ReadMem(0xE000EDF0, 0x4 Bytes, ...)
T2040 000:188.629   ConfigTargetSettings() start
T2040 000:188.670    J-Link Script File: Executing ConfigTargetSettings()
T2040 000:188.689   Configuring FlashDLNoRMWThreshold=0x200 in order to make sure that option bytes programming is done via read-modify-write
T2040 000:395.498   ConfigTargetSettings() end - Took 206ms
T2040 000:395.547   InitTarget() start
T2040 000:395.570    J-Link Script File: Executing InitTarget()
T2040 000:395.587   Identifying target device...
T2040 000:395.611   SWD selected. Executing JTAG -> SWD switching sequence...
T2040 000:397.037   Initializing DAP...
T2040 000:398.664   DAP initialized successfully.
T2040 000:398.757   Enabling secondary core if necessary...
T2040 000:400.866     Secondary core already enabled. Performing attach...
T2040 000:400.938   Determining TrustZone configuration...
T2040 000:402.754     Secure Debug: Enabled (SSD)
T2040 000:402.821   Determining currently configured transfer type by reading the AHB-AP CSW register.
T2040 000:404.115     --> Correct transfer type configured. Done.
T2040 000:404.175   InitTarget() end - Took 8.60ms
T2040 000:405.308   Found SW-DP with ID 0x6BA02477
T2040 000:408.497   DPIDR: 0x6BA02477
T2040 000:408.566   CoreSight SoC-400 or earlier
T2040 000:408.604   AP map detection skipped. Manually configured AP map found.
T2040 000:408.641   AP[0]: AHB-AP (IDR: Not set, ADDR: 0x00000000)
T2040 000:408.681   AP[1]: APB-AP (IDR: Not set, ADDR: 0x00000000)
T2040 000:408.718   AP[2]: AHB-AP (IDR: Not set, ADDR: 0x00000000)
T2040 000:410.584   AP[2]: Core found
T2040 000:410.640   AP[2]: AHB-AP ROM base: 0xE00FE000
T2040 000:411.310   CPUID register: 0x410FD214. Implementer code: 0x41 (ARM)
T2040 000:411.377   Feature set: Mainline
T2040 000:412.020   Cache: No cache
T2040 000:412.096   Found Cortex-M33 r0p4, Little endian.
T2040 000:413.138   -- Max. mem block: 0x0001D340
T2040 000:414.662   
  ***** Warning: 
T2040 000:414.712   Cortex-M: NonCacheAwareDebugAHBAP == 1 specified but there is no workaround available for the connected core. Proper debug functionality cannot be guaranteed
T2040 000:415.104   CPU_ReadMem(4 bytes @ 0xE000EDF0)
T2040 000:415.887   CPU_WriteMem(4 bytes @ 0xE000EDF0)
T2040 000:416.474   CPU_ReadMem(4 bytes @ 0xE0002000)
T2040 000:416.987   FPUnit: 8 code (BP) slots and 0 literal slots
T2040 000:417.034   CPU_ReadMem(4 bytes @ 0xE000EDFC)
T2040 000:417.562   CPU_WriteMem(4 bytes @ 0xE000EDFC)
T2040 000:418.132   CPU_ReadMem(4 bytes @ 0xE0001000)
T2040 000:418.701   CPU_ReadMem(4 bytes @ 0xE0001000)
T2040 000:419.276   CPU_ReadMem(4 bytes @ 0xE0001028)
T2040 000:419.844   CPU_ReadMem(4 bytes @ 0xE0001038)
T2040 000:420.518   CPU_ReadMem(4 bytes @ 0xE0001048)
T2040 000:421.110   CPU_ReadMem(4 bytes @ 0xE0001058)
T2040 000:421.653   CPU_WriteMem(4 bytes @ 0xE0001000)
T2040 000:422.260   CPU_ReadMem(4 bytes @ 0xE000ED88)
T2040 000:422.881   CPU_WriteMem(4 bytes @ 0xE000ED88)
T2040 000:423.458   CPU_ReadMem(4 bytes @ 0xE000ED88)
T2040 000:423.972   CPU_WriteMem(4 bytes @ 0xE000ED88)
T2040 000:424.445   CPU_ReadMem(4 bytes @ 0xE000EFB8)
T2040 000:424.995   Security extension: implemented
T2040 000:425.055   Secure debug: enabled
T2040 000:425.077   CoreSight components:
T2040 000:425.098   ROMTbl[0] @ E00FE000
T2040 000:425.121   CPU_ReadMem(64 bytes @ 0xE00FE000)
T2040 000:426.112   CPU_ReadMem(32 bytes @ 0xE00FFFE0)
T2040 000:426.941   [0][0]: E00FF000 CID B105100D PID 000BB4C9 ROM Table
T2040 000:426.980   ROMTbl[1] @ E00FF000
T2040 000:427.003   CPU_ReadMem(64 bytes @ 0xE00FF000)
T2040 000:427.871   CPU_ReadMem(32 bytes @ 0xE000EFE0)
T2040 000:428.604   CPU_ReadMem(4 bytes @ 0xE000EFBC)
T2040 000:429.209   CPU_ReadMem(4 bytes @ 0xE000EFCC)
T2040 000:429.773   [1][0]: E000E000 CID B105900D PID 000BBD21 DEVARCH 47702A04 DEVTYPE 00 Cortex-M33
T2040 000:429.819   CPU_ReadMem(32 bytes @ 0xE0001FE0)
T2040 000:430.513   CPU_ReadMem(4 bytes @ 0xE0001FBC)
T2040 000:431.090   CPU_ReadMem(4 bytes @ 0xE0001FCC)
T2040 000:431.790   [1][1]: E0001000 CID B105900D PID 000BBD21 DEVARCH 47701A02 DEVTYPE 00 DWT
T2040 000:431.853   CPU_ReadMem(32 bytes @ 0xE0002FE0)
T2040 000:432.651   CPU_ReadMem(4 bytes @ 0xE0002FBC)
T2040 000:433.268   CPU_ReadMem(4 bytes @ 0xE0002FCC)
T2040 000:433.777   [1][2]: E0002000 CID B105900D PID 000BBD21 DEVARCH 47701A03 DEVTYPE 00 FPB
T2040 000:433.829   CPU_ReadMem(32 bytes @ 0xE0000FE0)
T2040 000:434.587   CPU_ReadMem(4 bytes @ 0xE0000FBC)
T2040 000:435.164   CPU_ReadMem(4 bytes @ 0xE0000FCC)
T2040 000:435.731   [1][3]: E0000000 CID B105900D PID 000BBD21 DEVARCH 47701A01 DEVTYPE 43 ITM
T2040 000:435.828   CPU_ReadMem(32 bytes @ 0xE0041FE0)
T2040 000:436.530   CPU_ReadMem(4 bytes @ 0xE0041FBC)
T2040 000:437.070   CPU_ReadMem(4 bytes @ 0xE0041FCC)
T2040 000:437.612   [1][5]: E0041000 CID B105900D PID 002BBD21 DEVARCH 47724A13 DEVTYPE 13 ETM
T2040 000:437.668   CPU_ReadMem(32 bytes @ 0xE0042FE0)
T2040 000:438.363   CPU_ReadMem(4 bytes @ 0xE0042FBC)
T2040 000:438.870   CPU_ReadMem(4 bytes @ 0xE0042FCC)
T2040 000:439.540   [1][6]: E0042000 CID B105900D PID 000BBD21 DEVARCH 47701A14 DEVTYPE 14 CSS600-CTI
T2040 000:439.578   CPU_ReadMem(32 bytes @ 0xE0040FE0)
T2040 000:440.306   CPU_ReadMem(4 bytes @ 0xE0040FBC)
T2040 000:440.884   CPU_ReadMem(4 bytes @ 0xE0040FCC)
T2040 000:441.544   [0][1]: E0040000 CID B105900D PID 000BBD21 DEVARCH 00000000 DEVTYPE 11 TPIU
T2040 000:441.699   CPU_ReadMem(4 bytes @ 0xE000EDF0)
T2040 000:442.428   Data:  01 00 10 00
T2040 000:442.513   Debug reg: DHCSR
T2040 000:442.589 - 254.436ms returns 0
T2040 000:442.707 JLINK_ReadMem(0x40204038, 0x4 Bytes, ...)
T2040 000:442.742   CPU_ReadMem(4 bytes @ 0x40204038)
T2040 000:444.578   Data:  04 00 00 00
T2040 000:444.659 - 1.951ms returns 0
T2040 000:444.746 JLINK_ReadMem(0xE000EDF0, 0x4 Bytes, ...)
T2040 000:444.777   CPU_ReadMem(4 bytes @ 0xE000EDF0)
T2040 000:445.317   Data:  01 00 10 00
T2040 000:445.390   Debug reg: DHCSR
T2040 000:445.413 - 0.667ms returns 0
T2040 000:445.500 JLINK_ReadMem(0xE000EDF0, 0x4 Bytes, ...)
T2040 000:445.525   CPU_ReadMem(4 bytes @ 0xE000EDF0)
T2040 000:446.000   Data:  01 00 10 00
T2040 000:446.038   Debug reg: DHCSR
T2040 000:446.060 - 0.560ms returns 0
T2040 000:446.130 JLINK_ReadMem(0xE000EDF0, 0x4 Bytes, ...)
T2040 000:446.151   CPU_ReadMem(4 bytes @ 0xE000EDF0)
T2040 000:446.717   Data:  01 00 10 00
T2040 000:446.761   Debug reg: DHCSR
T2040 000:446.783 - 0.653ms returns 0
T2040 000:446.869 JLINK_ReadMem(0xE000EDF0, 0x4 Bytes, ...)
T2040 000:446.893   CPU_ReadMem(4 bytes @ 0xE000EDF0)
T2040 000:447.443   Data:  01 00 10 00
T2040 000:447.508   Debug reg: DHCSR
T2040 000:447.543 - 0.674ms returns 0
T2040 000:447.652 JLINK_ReadMem(0xE000EDF0, 0x4 Bytes, ...)
T2040 000:447.690   CPU_ReadMem(4 bytes @ 0xE000EDF0)
T2040 000:448.248   Data:  01 00 10 00
T2040 000:448.306   Debug reg: DHCSR
T2040 000:448.342 - 0.689ms returns 0
T2040 000:448.458 JLINK_ReadMem(0x40204038, 0x4 Bytes, ...)
T2040 000:448.497   CPU_ReadMem(4 bytes @ 0x40204038)
T2040 000:449.156   Data:  04 00 00 00
T2040 000:449.208 - 0.750ms returns 0
T2040 000:449.307 JLINK_ReadMem(0xE000EDF0, 0x4 Bytes, ...)
T2040 000:449.335   CPU_ReadMem(4 bytes @ 0xE000EDF0)
T2040 000:449.859   Data:  01 00 10 00
T2040 000:449.917   Debug reg: DHCSR
T2040 000:449.953 - 0.645ms returns 0
T2040 000:450.081 JLINK_ReadMem(0xE000EDF0, 0x4 Bytes, ...)
T2040 000:450.128   CPU_ReadMem(4 bytes @ 0xE000EDF0)
T2040 000:450.677   Data:  01 00 10 00
T2040 000:450.742   Debug reg: DHCSR
T2040 000:450.776 - 0.696ms returns 0
T2040 000:450.898 JLINK_ReadMem(0x40204030, 0x4 Bytes, ...)
T2040 000:450.937   CPU_ReadMem(4 bytes @ 0x40204030)
T2040 000:451.655   Data:  00 80 FF 00
T2040 000:451.717 - 0.819ms returns 0
T2040 000:452.179 JLINK_TIF_GetAvailable(...)
T2040 000:452.665 - 0.485ms 
T2040 000:452.806 JLINK_TIF_Select(JLINKARM_TIF_SWD)
T2040 000:452.837 - 0.031ms returns 0x00
T2040 000:452.866 JLINK_SetSpeed(4000)
T2040 000:453.237 - 0.369ms 
T2040 000:453.386 JLINK_SetEndian(ARM_ENDIAN_LITTLE)
T2040 000:453.415 - 0.028ms returns 0
T2040 000:453.442 JLINK_SetInitRegsOnReset(OFF)
T2040 000:453.465 - 0.023ms returns 1
T2040 000:453.493 JLINK_SetResetType(JLINKARM_CM3_RESET_TYPE_NORMAL)
T2040 000:453.518 - 0.025ms returns JLINKARM_CM3_RESET_TYPE_NORMAL
T2040 000:453.548 JLINK_ExecCommand("EnableFlashBPs", ...). 
T2040 000:453.588 - 0.011ms returns 0x00
T2040 000:453.617 JLINK_ExecCommand("SetAllowFlashCache = 1", ...). 
T2040 000:453.646 - 0.001ms returns 0x01
T2040 000:453.677 JLINK_ExecCommand("SetRestartOnClose = 0", ...). 
T2040 000:453.707 - 0.002ms returns 0x01
T2040 000:453.735 JLINK_ExecCommand("SetAllowSimulation = 0", ...). 
T2040 000:453.768 - 0.004ms returns 0x00
T2040 000:453.799 JLINK_EnableSoftBPs(ON)
T2040 000:453.823 - 0.027ms 
T2040 000:453.853 JLINK_Connect()
T2040 000:454.388   ConfigTargetSettings() start
T2040 000:454.445    J-Link Script File: Executing ConfigTargetSettings()
T2040 000:454.473   Configuring FlashDLNoRMWThreshold=0x200 in order to make sure that option bytes programming is done via read-modify-write
T2040 000:656.949   ConfigTargetSettings() end - Took 202ms
T2040 000:657.016   InitTarget() start
T2040 000:657.061    J-Link Script File: Executing InitTarget()
T2040 000:657.088   Identifying target device...
T2040 000:657.125   SWD selected. Executing JTAG -> SWD switching sequence...
T2040 000:658.550   Initializing DAP...
T2040 000:660.156   DAP initialized successfully.
T2040 000:660.242   Enabling secondary core if necessary...
T2040 000:662.424     Secondary core already enabled. Performing attach...
T2040 000:662.545   Determining TrustZone configuration...
T2040 000:664.256     Secure Debug: Enabled (SSD)
T2040 000:664.325   Determining currently configured transfer type by reading the AHB-AP CSW register.
T2040 000:665.524     --> Correct transfer type configured. Done.
T2040 000:665.577   InitTarget() end - Took 8.51ms
T2040 000:666.684   Found SW-DP with ID 0x6BA02477
T2040 000:669.900   DPIDR: 0x6BA02477
T2040 000:669.964   CoreSight SoC-400 or earlier
T2040 000:670.000   AP map detection skipped. Manually configured AP map found.
T2040 000:670.036   AP[0]: AHB-AP (IDR: Not set, ADDR: 0x00000000)
T2040 000:670.071   AP[1]: APB-AP (IDR: Not set, ADDR: 0x00000000)
T2040 000:670.106   AP[2]: AHB-AP (IDR: Not set, ADDR: 0x00000000)
T2040 000:671.523   AP[2]: Core found
T2040 000:671.586   AP[2]: AHB-AP ROM base: 0xE00FE000
T2040 000:672.464   CPUID register: 0x410FD214. Implementer code: 0x41 (ARM)
T2040 000:672.535   Feature set: Mainline
T2040 000:673.297   Cache: No cache
T2040 000:673.355   Found Cortex-M33 r0p4, Little endian.
T2040 000:673.724   -- Max. mem block: 0x0001D050
T2040 000:673.776   
  ***** Warning: 
T2040 000:673.812   Cortex-M: NonCacheAwareDebugAHBAP == 1 specified but there is no workaround available for the connected core. Proper debug functionality cannot be guaranteed
T2040 000:673.855   CPU_ReadMem(4 bytes @ 0xE000EDF0)
T2040 000:674.504   CPU_ReadMem(4 bytes @ 0xE0002000)
T2040 000:675.144   FPUnit: 8 code (BP) slots and 0 literal slots
T2040 000:675.223   CPU_ReadMem(4 bytes @ 0xE000EDFC)
T2040 000:675.888   CPU_ReadMem(4 bytes @ 0xE0001000)
T2040 000:676.533   CPU_ReadMem(4 bytes @ 0xE0001000)
T2040 000:677.159   CPU_ReadMem(4 bytes @ 0xE0001028)
T2040 000:677.748   CPU_ReadMem(4 bytes @ 0xE0001038)
T2040 000:678.464   CPU_ReadMem(4 bytes @ 0xE0001048)
T2040 000:679.051   CPU_ReadMem(4 bytes @ 0xE0001058)
T2040 000:679.565   CPU_WriteMem(4 bytes @ 0xE0001000)
T2040 000:680.162   CPU_ReadMem(4 bytes @ 0xE000ED88)
T2040 000:680.676   CPU_WriteMem(4 bytes @ 0xE000ED88)
T2040 000:681.216   CPU_ReadMem(4 bytes @ 0xE000ED88)
T2040 000:681.742   CPU_WriteMem(4 bytes @ 0xE000ED88)
T2040 000:682.325   CPU_ReadMem(4 bytes @ 0xE000EFB8)
T2040 000:682.960   Security extension: implemented
T2040 000:683.017   Secure debug: enabled
T2040 000:683.051   CoreSight components:
T2040 000:683.085   ROMTbl[0] @ E00FE000
T2040 000:683.122   CPU_ReadMem(64 bytes @ 0xE00FE000)
T2040 000:684.017   CPU_ReadMem(32 bytes @ 0xE00FFFE0)
T2040 000:684.809   [0][0]: E00FF000 CID B105100D PID 000BB4C9 ROM Table
T2040 000:684.875   ROMTbl[1] @ E00FF000
T2040 000:684.913   CPU_ReadMem(64 bytes @ 0xE00FF000)
T2040 000:685.858   CPU_ReadMem(32 bytes @ 0xE000EFE0)
T2040 000:686.598   CPU_ReadMem(4 bytes @ 0xE000EFBC)
T2040 000:687.182   CPU_ReadMem(4 bytes @ 0xE000EFCC)
T2040 000:687.729   [1][0]: E000E000 CID B105900D PID 000BBD21 DEVARCH 47702A04 DEVTYPE 00 Cortex-M33
T2040 000:687.801   CPU_ReadMem(32 bytes @ 0xE0001FE0)
T2040 000:688.539   CPU_ReadMem(4 bytes @ 0xE0001FBC)
T2040 000:689.101   CPU_ReadMem(4 bytes @ 0xE0001FCC)
T2040 000:689.605   [1][1]: E0001000 CID B105900D PID 000BBD21 DEVARCH 47701A02 DEVTYPE 00 DWT
T2040 000:689.655   CPU_ReadMem(32 bytes @ 0xE0002FE0)
T2040 000:690.394   CPU_ReadMem(4 bytes @ 0xE0002FBC)
T2040 000:690.979   CPU_ReadMem(4 bytes @ 0xE0002FCC)
T2040 000:691.533   [1][2]: E0002000 CID B105900D PID 000BBD21 DEVARCH 47701A03 DEVTYPE 00 FPB
T2040 000:691.585   CPU_ReadMem(32 bytes @ 0xE0000FE0)
T2040 000:692.414   CPU_ReadMem(4 bytes @ 0xE0000FBC)
T2040 000:693.255   CPU_ReadMem(4 bytes @ 0xE0000FCC)
T2040 000:693.875   [1][3]: E0000000 CID B105900D PID 000BBD21 DEVARCH 47701A01 DEVTYPE 43 ITM
T2040 000:693.942   CPU_ReadMem(32 bytes @ 0xE0041FE0)
T2040 000:694.725   CPU_ReadMem(4 bytes @ 0xE0041FBC)
T2040 000:695.354   CPU_ReadMem(4 bytes @ 0xE0041FCC)
T2040 000:695.929   [1][5]: E0041000 CID B105900D PID 002BBD21 DEVARCH 47724A13 DEVTYPE 13 ETM
T2040 000:696.043   CPU_ReadMem(32 bytes @ 0xE0042FE0)
T2040 000:696.808   CPU_ReadMem(4 bytes @ 0xE0042FBC)
T2040 000:697.457   CPU_ReadMem(4 bytes @ 0xE0042FCC)
T2040 000:697.981   [1][6]: E0042000 CID B105900D PID 000BBD21 DEVARCH 47701A14 DEVTYPE 14 CSS600-CTI
T2040 000:698.035   CPU_ReadMem(32 bytes @ 0xE0040FE0)
T2040 000:698.673   CPU_ReadMem(4 bytes @ 0xE0040FBC)
T2040 000:699.214   CPU_ReadMem(4 bytes @ 0xE0040FCC)
T2040 000:699.752   [0][1]: E0040000 CID B105900D PID 000BBD21 DEVARCH 00000000 DEVTYPE 11 TPIU
T2040 000:699.820 - 245.966ms returns 0x00
T2040 000:700.136 JLINK_ReadMem(0xE000EDF0, 0x4 Bytes, ...)
T2040 000:700.191   CPU_ReadMem(4 bytes @ 0xE000EDF0)
T2040 000:701.847   Data:  01 00 10 00
T2040 000:701.913   Debug reg: DHCSR
T2040 000:701.952 - 1.816ms returns 0
T2040 000:702.075 JLINK_IsHalted()
T2040 000:702.597 - 0.521ms returns FALSE
T2040 000:703.044 JLINK_ReadMem(0xE000EDF0, 0x4 Bytes, ...)
T2040 000:703.093   CPU_ReadMem(4 bytes @ 0xE000EDF0)
T2040 000:703.789   Data:  01 00 10 00
T2040 000:703.856   Debug reg: DHCSR
T2040 000:703.893 - 0.848ms returns 0
T2040 000:704.016 JLINK_ReadMem(0x40204038, 0x4 Bytes, ...)
T2040 000:704.062   CPU_ReadMem(4 bytes @ 0x40204038)
T2040 000:704.753   Data:  04 00 00 00
T2040 000:704.811 - 0.795ms returns 0
T2040 000:704.905 JLINK_ReadMem(0xE000EDF0, 0x4 Bytes, ...)
T2040 000:704.941   CPU_ReadMem(4 bytes @ 0xE000EDF0)
T2040 000:705.543   Data:  01 00 10 00
T2040 000:705.605   Debug reg: DHCSR
T2040 000:705.640 - 0.735ms returns 0
T2040 000:705.835 JLINK_MeasureCPUSpeed(RAMAddr = 0x22000000)
T2040 000:705.876   CPU_ReadMem(16 bytes @ 0x22000000)
T2040 000:706.625   CPU_ReadMem(4 bytes @ 0xE000EDFC)
T2040 000:707.267   CPU_ReadMem(4 bytes @ 0xE0001000)
T2040 000:711.231   
  ***** Warning: 
T2040 000:711.309   CPU could not be halted
T2040 000:711.916   
  ***** Error: 
T2040 000:712.000   Failed to halt CPU for clock frequency detection!
T2040 000:712.026 - 6.191ms returns -1
T2040 000:712.421 JLINK_ReadReg(XPSR)
T2040 000:713.112   CPU is running
T2040 000:713.178   
  ***** Error: 
T2040 000:713.214   Cannot read register 16 (XPSR) while CPU is running
T2040 000:713.251 - 0.829ms returns 0x00000000
T56F8 009:559.266 JLINK_IsHalted()
T56F8 009:560.161 - 0.894ms returns FALSE
T56F8 009:560.373 JLINK_IsHalted()
T56F8 009:561.059 - 0.685ms returns FALSE
TAD70 009:569.398 JLINK_GetNumBPUnits(Type = 0xFFFFFF00)
TAD70 009:569.487 - 0.089ms returns 0x08
TAD70 009:569.513 JLINK_GetNumWPUnits()
TAD70 009:569.532 - 0.017ms returns 4
TAD70 009:569.549 JLINK_GetNumWPUnits()
TAD70 009:569.566 - 0.016ms returns 4
TAD70 009:570.230 JLINK_GetNumBPUnits(Type = 0xFFFFFF00)
TAD70 009:570.307 - 0.077ms returns 0x08
TAD70 009:570.342 JLINK_GetNumWPUnits()
TAD70 009:570.372 - 0.029ms returns 4
TAD70 009:570.417 JLINK_GetNumWPUnits()
TAD70 009:570.456 - 0.039ms returns 4
TAD70 009:571.157 JLINK_GetNumBPUnits(Type = 0xFFFFFF00)
TAD70 009:571.279 - 0.122ms returns 0x08
TAD70 009:571.337 JLINK_GetNumWPUnits()
TAD70 009:571.379 - 0.042ms returns 4
TAD70 009:571.413 JLINK_GetNumWPUnits()
TAD70 009:571.454 - 0.040ms returns 4
TAD70 009:573.066 JLINK_GetNumBPUnits(Type = 0xFFFFFF00)
TAD70 009:573.144 - 0.077ms returns 0x08
TAD70 009:573.183 JLINK_GetNumWPUnits()
TAD70 009:573.214 - 0.029ms returns 4
TAD70 009:573.243 JLINK_GetNumWPUnits()
TAD70 009:573.272 - 0.028ms returns 4
TAD70 009:574.957 JLINK_GetNumBPUnits(Type = 0xFFFFFF00)
TAD70 009:575.037 - 0.080ms returns 0x08
TAD70 009:575.065 JLINK_GetNumWPUnits()
TAD70 009:575.090 - 0.024ms returns 4
TAD70 009:575.120 JLINK_GetNumWPUnits()
TAD70 009:575.160 - 0.040ms returns 4
TAD70 009:576.262 JLINK_GetNumBPUnits(Type = 0xFFFFFF00)
TAD70 009:576.332 - 0.069ms returns 0x08
TAD70 009:576.364 JLINK_GetNumWPUnits()
TAD70 009:576.394 - 0.029ms returns 4
TAD70 009:576.423 JLINK_GetNumWPUnits()
TAD70 009:576.449 - 0.025ms returns 4
TAD70 009:577.491 JLINK_GetNumBPUnits(Type = 0xFFFFFF00)
TAD70 009:577.567 - 0.076ms returns 0x08
TAD70 009:577.602 JLINK_GetNumWPUnits()
TAD70 009:577.633 - 0.030ms returns 4
TAD70 009:577.662 JLINK_GetNumWPUnits()
TAD70 009:577.688 - 0.026ms returns 4
TAD70 009:578.424 JLINK_GetNumBPUnits(Type = 0xFFFFFF00)
TAD70 009:578.496 - 0.071ms returns 0x08
TAD70 009:578.518 JLINK_GetNumWPUnits()
TAD70 009:578.535 - 0.016ms returns 4
TAD70 009:578.554 JLINK_GetNumWPUnits()
TAD70 009:578.571 - 0.017ms returns 4
T56F8 009:668.226 JLINK_IsHalted()
T56F8 009:668.929 - 0.701ms returns FALSE
T56F8 009:669.053 JLINK_IsHalted()
T56F8 009:669.612 - 0.558ms returns FALSE
T56F8 009:778.213 JLINK_IsHalted()
T56F8 009:778.855 - 0.641ms returns FALSE
T56F8 009:778.931 JLINK_IsHalted()
T56F8 009:779.413 - 0.480ms returns FALSE
T56F8 009:887.203 JLINK_IsHalted()
T56F8 009:887.843 - 0.639ms returns FALSE
T56F8 009:887.933 JLINK_IsHalted()
T56F8 009:888.514 - 0.580ms returns FALSE
T56F8 009:996.218 JLINK_IsHalted()
T56F8 009:996.850 - 0.631ms returns FALSE
T56F8 009:996.907 JLINK_IsHalted()
T56F8 009:997.304 - 0.397ms returns FALSE
T56F8 010:106.300 JLINK_IsHalted()
T56F8 010:106.992 - 0.691ms returns FALSE
T56F8 010:107.082 JLINK_IsHalted()
T56F8 010:107.514 - 0.430ms returns FALSE
T56F8 010:215.228 JLINK_IsHalted()
T56F8 010:215.928 - 0.700ms returns FALSE
T56F8 010:216.058 JLINK_IsHalted()
T56F8 010:216.695 - 0.636ms returns FALSE
T56F8 010:324.243 JLINK_IsHalted()
T56F8 010:324.958 - 0.714ms returns FALSE
T56F8 010:325.060 JLINK_IsHalted()
T56F8 010:325.634 - 0.572ms returns FALSE
T56F8 010:434.242 JLINK_IsHalted()
T56F8 010:434.851 - 0.609ms returns FALSE
T56F8 010:434.948 JLINK_IsHalted()
T56F8 010:435.410 - 0.461ms returns FALSE
T56F8 010:543.282 JLINK_IsHalted()
T56F8 010:544.117 - 0.835ms returns FALSE
T56F8 010:544.194 JLINK_IsHalted()
T56F8 010:544.863 - 0.668ms returns FALSE
T56F8 010:653.238 JLINK_IsHalted()
T56F8 010:653.844 - 0.604ms returns FALSE
T56F8 010:653.907 JLINK_IsHalted()
T56F8 010:654.370 - 0.462ms returns FALSE
T56F8 010:762.214 JLINK_IsHalted()
T56F8 010:762.798 - 0.583ms returns FALSE
T56F8 010:762.908 JLINK_IsHalted()
T56F8 010:763.386 - 0.476ms returns FALSE
T56F8 010:871.245 JLINK_IsHalted()
T56F8 010:871.869 - 0.622ms returns FALSE
T56F8 010:872.020 JLINK_IsHalted()
T56F8 010:872.626 - 0.604ms returns FALSE
T56F8 010:981.213 JLINK_IsHalted()
T56F8 010:981.789 - 0.575ms returns FALSE
T56F8 010:981.885 JLINK_IsHalted()
T56F8 010:982.359 - 0.473ms returns FALSE
T56F8 011:090.244 JLINK_IsHalted()
T56F8 011:090.826 - 0.582ms returns FALSE
T56F8 011:090.928 JLINK_IsHalted()
T56F8 011:091.404 - 0.475ms returns FALSE
T56F8 011:199.276 JLINK_IsHalted()
T56F8 011:199.916 - 0.637ms returns FALSE
T56F8 011:200.003 JLINK_IsHalted()
T56F8 011:200.410 - 0.406ms returns FALSE
T56F8 011:309.236 JLINK_IsHalted()
T56F8 011:310.009 - 0.772ms returns FALSE
T56F8 011:310.060 JLINK_IsHalted()
T56F8 011:310.554 - 0.492ms returns FALSE
T56F8 011:418.202 JLINK_IsHalted()
T56F8 011:418.922 - 0.719ms returns FALSE
T56F8 011:418.996 JLINK_IsHalted()
T56F8 011:419.457 - 0.460ms returns FALSE
T56F8 011:528.290 JLINK_IsHalted()
T56F8 011:528.814 - 0.524ms returns FALSE
T56F8 011:528.908 JLINK_IsHalted()
T56F8 011:529.285 - 0.376ms returns FALSE
T56F8 011:637.198 JLINK_IsHalted()
T56F8 011:637.775 - 0.575ms returns FALSE
T56F8 011:637.864 JLINK_IsHalted()
T56F8 011:638.288 - 0.423ms returns FALSE
T56F8 011:746.323 JLINK_IsHalted()
T56F8 011:747.260 - 0.934ms returns FALSE
T56F8 011:747.331 JLINK_IsHalted()
T56F8 011:747.725 - 0.393ms returns FALSE
T56F8 011:856.220 JLINK_IsHalted()
T56F8 011:857.014 - 0.793ms returns FALSE
T56F8 011:857.140 JLINK_IsHalted()
T56F8 011:857.638 - 0.498ms returns FALSE
T56F8 011:965.267 JLINK_IsHalted()
T56F8 011:965.893 - 0.624ms returns FALSE
T56F8 011:965.987 JLINK_IsHalted()
T56F8 011:966.386 - 0.398ms returns FALSE
T56F8 012:074.240 JLINK_IsHalted()
T56F8 012:074.883 - 0.642ms returns FALSE
T56F8 012:074.928 JLINK_IsHalted()
T56F8 012:075.438 - 0.509ms returns FALSE
T56F8 012:184.290 JLINK_IsHalted()
T56F8 012:185.033 - 0.742ms returns FALSE
T56F8 012:185.090 JLINK_IsHalted()
T56F8 012:185.542 - 0.451ms returns FALSE
T56F8 012:293.250 JLINK_IsHalted()
T56F8 012:293.995 - 0.743ms returns FALSE
T56F8 012:294.138 JLINK_IsHalted()
T56F8 012:294.851 - 0.713ms returns FALSE
T56F8 012:403.315 JLINK_IsHalted()
T56F8 012:404.506 - 1.190ms returns FALSE
T56F8 012:404.619 JLINK_IsHalted()
T56F8 012:405.066 - 0.447ms returns FALSE
T56F8 012:512.253 JLINK_IsHalted()
T56F8 012:513.136 - 0.881ms returns FALSE
T56F8 012:513.298 JLINK_IsHalted()
T56F8 012:513.876 - 0.577ms returns FALSE
T56F8 012:621.245 JLINK_IsHalted()
T56F8 012:621.968 - 0.722ms returns FALSE
T56F8 012:622.094 JLINK_IsHalted()
T56F8 012:622.751 - 0.656ms returns FALSE
T56F8 012:730.738 JLINK_IsHalted()
T56F8 012:731.442 - 0.701ms returns FALSE
T56F8 012:731.558 JLINK_IsHalted()
T56F8 012:732.107 - 0.548ms returns FALSE
T56F8 012:840.768 JLINK_IsHalted()
T56F8 012:841.540 - 0.771ms returns FALSE
T56F8 012:841.661 JLINK_IsHalted()
T56F8 012:842.292 - 0.630ms returns FALSE
T56F8 012:949.836 JLINK_IsHalted()
T56F8 012:951.010 - 1.174ms returns FALSE
T56F8 012:951.104 JLINK_IsHalted()
T56F8 012:951.531 - 0.425ms returns FALSE
T56F8 013:058.753 JLINK_IsHalted()
T56F8 013:059.339 - 0.584ms returns FALSE
T56F8 013:059.394 JLINK_IsHalted()
T56F8 013:059.783 - 0.389ms returns FALSE
T56F8 013:168.802 JLINK_IsHalted()
T56F8 013:169.537 - 0.718ms returns FALSE
T56F8 013:169.602 JLINK_IsHalted()
T56F8 013:170.043 - 0.440ms returns FALSE
T56F8 013:277.716 JLINK_IsHalted()
T56F8 013:278.485 - 0.768ms returns FALSE
T56F8 013:278.562 JLINK_IsHalted()
T56F8 013:278.970 - 0.407ms returns FALSE
T56F8 013:386.728 JLINK_IsHalted()
T56F8 013:387.508 - 0.778ms returns FALSE
T56F8 013:387.629 JLINK_IsHalted()
T56F8 013:388.304 - 0.673ms returns FALSE
T56F8 013:496.720 JLINK_IsHalted()
T56F8 013:497.422 - 0.702ms returns FALSE
T56F8 013:497.482 JLINK_IsHalted()
T56F8 013:497.874 - 0.392ms returns FALSE
T56F8 013:605.787 JLINK_IsHalted()
T56F8 013:606.523 - 0.735ms returns FALSE
T56F8 013:606.592 JLINK_IsHalted()
T56F8 013:607.117 - 0.523ms returns FALSE
T56F8 013:715.784 JLINK_IsHalted()
T56F8 013:716.634 - 0.849ms returns FALSE
T56F8 013:716.702 JLINK_IsHalted()
T56F8 013:717.251 - 0.548ms returns FALSE
T56F8 013:824.730 JLINK_IsHalted()
T56F8 013:825.371 - 0.640ms returns FALSE
T56F8 013:825.462 JLINK_IsHalted()
T56F8 013:825.896 - 0.432ms returns FALSE
T56F8 013:933.782 JLINK_IsHalted()
T56F8 013:934.446 - 0.662ms returns FALSE
T56F8 013:934.517 JLINK_IsHalted()
T56F8 013:934.960 - 0.441ms returns FALSE
T56F8 014:043.766 JLINK_IsHalted()
T56F8 014:044.435 - 0.668ms returns FALSE
T56F8 014:044.544 JLINK_IsHalted()
T56F8 014:045.131 - 0.585ms returns FALSE
T56F8 014:152.800 JLINK_IsHalted()
T56F8 014:153.533 - 0.732ms returns FALSE
T56F8 014:153.658 JLINK_IsHalted()
T56F8 014:154.288 - 0.629ms returns FALSE
T56F8 014:261.803 JLINK_IsHalted()
T56F8 014:262.630 - 0.826ms returns FALSE
T56F8 014:262.731 JLINK_IsHalted()
T56F8 014:263.395 - 0.662ms returns FALSE
T56F8 014:371.758 JLINK_IsHalted()
T56F8 014:373.107 - 1.347ms returns FALSE
T56F8 014:373.293 JLINK_IsHalted()
T56F8 014:374.130 - 0.834ms returns FALSE
T56F8 014:480.770 JLINK_IsHalted()
T56F8 014:481.618 - 0.848ms returns FALSE
T56F8 014:481.779 JLINK_IsHalted()
T56F8 014:482.358 - 0.577ms returns FALSE
T56F8 014:590.824 JLINK_IsHalted()
T56F8 014:591.614 - 0.789ms returns FALSE
T56F8 014:591.778 JLINK_IsHalted()
T56F8 014:592.542 - 0.762ms returns FALSE
T56F8 014:699.795 JLINK_IsHalted()
T56F8 014:700.502 - 0.707ms returns FALSE
T56F8 014:700.624 JLINK_IsHalted()
T56F8 014:701.149 - 0.524ms returns FALSE
T56F8 014:808.734 JLINK_IsHalted()
T56F8 014:809.472 - 0.736ms returns FALSE
T56F8 014:809.659 JLINK_IsHalted()
T56F8 014:810.195 - 0.534ms returns FALSE
T56F8 014:918.786 JLINK_IsHalted()
T56F8 014:919.408 - 0.623ms returns FALSE
T56F8 014:919.517 JLINK_IsHalted()
T56F8 014:920.010 - 0.479ms returns FALSE
T56F8 015:027.762 JLINK_IsHalted()
T56F8 015:028.570 - 0.807ms returns FALSE
T56F8 015:028.712 JLINK_IsHalted()
T56F8 015:029.232 - 0.519ms returns FALSE
T56F8 015:136.806 JLINK_IsHalted()
T56F8 015:137.632 - 0.823ms returns FALSE
T56F8 015:137.763 JLINK_IsHalted()
T56F8 015:138.352 - 0.586ms returns FALSE
T56F8 015:246.763 JLINK_IsHalted()
T56F8 015:247.662 - 0.898ms returns FALSE
T56F8 015:247.797 JLINK_IsHalted()
T56F8 015:248.485 - 0.686ms returns FALSE
T56F8 015:356.130 JLINK_IsHalted()
T56F8 015:356.752 - 0.621ms returns FALSE
T56F8 015:356.859 JLINK_IsHalted()
T56F8 015:357.291 - 0.432ms returns FALSE
T56F8 015:465.166 JLINK_IsHalted()
T56F8 015:466.050 - 0.882ms returns FALSE
T56F8 015:466.155 JLINK_IsHalted()
T56F8 015:466.667 - 0.511ms returns FALSE
T56F8 015:575.211 JLINK_IsHalted()
T56F8 015:576.288 - 1.075ms returns FALSE
T56F8 015:576.411 JLINK_IsHalted()
T56F8 015:577.112 - 0.699ms returns FALSE
T56F8 015:684.182 JLINK_IsHalted()
T56F8 015:685.176 - 0.994ms returns FALSE
T56F8 015:685.363 JLINK_IsHalted()
T56F8 015:686.021 - 0.656ms returns FALSE
T56F8 015:793.146 JLINK_IsHalted()
T56F8 015:793.750 - 0.603ms returns FALSE
T56F8 015:793.813 JLINK_IsHalted()
T56F8 015:794.230 - 0.416ms returns FALSE
T56F8 015:903.141 JLINK_IsHalted()
T56F8 015:903.942 - 0.802ms returns FALSE
T56F8 015:904.059 JLINK_IsHalted()
T56F8 015:904.762 - 0.701ms returns FALSE
T56F8 016:012.150 JLINK_IsHalted()
T56F8 016:012.968 - 0.816ms returns FALSE
T56F8 016:013.085 JLINK_IsHalted()
T56F8 016:013.558 - 0.473ms returns FALSE
T56F8 016:121.139 JLINK_IsHalted()
T56F8 016:121.798 - 0.658ms returns FALSE
T56F8 016:121.912 JLINK_IsHalted()
T56F8 016:122.445 - 0.532ms returns FALSE
T56F8 016:231.376 JLINK_IsHalted()
T56F8 016:231.971 - 0.593ms returns FALSE
T56F8 016:232.088 JLINK_IsHalted()
T56F8 016:232.477 - 0.388ms returns FALSE
T56F8 016:340.272 JLINK_IsHalted()
T56F8 016:340.910 - 0.638ms returns FALSE
T56F8 016:341.042 JLINK_IsHalted()
T56F8 016:341.515 - 0.472ms returns FALSE
T56F8 016:449.368 JLINK_IsHalted()
T56F8 016:450.269 - 0.899ms returns FALSE
T56F8 016:450.422 JLINK_IsHalted()
T56F8 016:451.042 - 0.618ms returns FALSE
T56F8 016:559.451 JLINK_IsHalted()
T56F8 016:560.096 - 0.644ms returns FALSE
T56F8 016:560.155 JLINK_IsHalted()
T56F8 016:560.757 - 0.601ms returns FALSE
T56F8 016:668.528 JLINK_IsHalted()
T56F8 016:669.154 - 0.624ms returns FALSE
T56F8 016:669.200 JLINK_IsHalted()
T56F8 016:669.550 - 0.349ms returns FALSE
T56F8 016:777.484 JLINK_IsHalted()
T56F8 016:778.154 - 0.669ms returns FALSE
T56F8 016:778.272 JLINK_IsHalted()
T56F8 016:778.886 - 0.612ms returns FALSE
T56F8 016:887.644 JLINK_IsHalted()
T56F8 016:888.196 - 0.551ms returns FALSE
T56F8 016:888.280 JLINK_IsHalted()
T56F8 016:888.692 - 0.409ms returns FALSE
T56F8 016:996.602 JLINK_IsHalted()
T56F8 016:997.382 - 0.781ms returns FALSE
T56F8 016:997.484 JLINK_IsHalted()
T56F8 016:997.994 - 0.507ms returns FALSE
T56F8 017:105.812 JLINK_IsHalted()
T56F8 017:106.500 - 0.681ms returns FALSE
T56F8 017:106.572 JLINK_IsHalted()
T56F8 017:107.150 - 0.578ms returns FALSE
T56F8 017:215.540 JLINK_IsHalted()
T56F8 017:216.252 - 0.697ms returns FALSE
T56F8 017:216.376 JLINK_IsHalted()
T56F8 017:216.834 - 0.456ms returns FALSE
T56F8 017:324.374 JLINK_IsHalted()
T56F8 017:324.932 - 0.554ms returns FALSE
T56F8 017:325.010 JLINK_IsHalted()
T56F8 017:325.484 - 0.473ms returns FALSE
T56F8 017:434.490 JLINK_IsHalted()
T56F8 017:435.116 - 0.626ms returns FALSE
T56F8 017:435.210 JLINK_IsHalted()
T56F8 017:435.900 - 0.687ms returns FALSE
T56F8 017:543.028 JLINK_IsHalted()
T56F8 017:543.626 - 0.596ms returns FALSE
T56F8 017:543.710 JLINK_IsHalted()
T56F8 017:544.174 - 0.463ms returns FALSE
T56F8 017:653.004 JLINK_IsHalted()
T56F8 017:654.108 - 1.101ms returns FALSE
T56F8 017:654.316 JLINK_IsHalted()
T56F8 017:655.044 - 0.727ms returns FALSE
T56F8 017:762.008 JLINK_IsHalted()
T56F8 017:763.108 - 1.096ms returns FALSE
T56F8 017:763.354 JLINK_IsHalted()
T56F8 017:764.312 - 0.954ms returns FALSE
T56F8 017:872.022 JLINK_IsHalted()
T56F8 017:872.914 - 0.890ms returns FALSE
T56F8 017:873.022 JLINK_IsHalted()
T56F8 017:873.714 - 0.690ms returns FALSE
T56F8 017:981.004 JLINK_IsHalted()
T56F8 017:981.570 - 0.564ms returns FALSE
T56F8 017:981.614 JLINK_IsHalted()
T56F8 017:982.054 - 0.438ms returns FALSE
T56F8 018:090.158 JLINK_IsHalted()
T56F8 018:090.982 - 0.823ms returns FALSE
T56F8 018:091.076 JLINK_IsHalted()
T56F8 018:091.514 - 0.435ms returns FALSE
T56F8 018:200.096 JLINK_IsHalted()
T56F8 018:200.928 - 0.831ms returns FALSE
T56F8 018:201.016 JLINK_IsHalted()
T56F8 018:201.662 - 0.646ms returns FALSE
T56F8 018:309.222 JLINK_IsHalted()
T56F8 018:310.116 - 0.890ms returns FALSE
T56F8 018:310.344 JLINK_IsHalted()
T56F8 018:311.088 - 0.742ms returns FALSE
T56F8 018:417.956 JLINK_IsHalted()
T56F8 018:418.588 - 0.631ms returns FALSE
T56F8 018:418.642 JLINK_IsHalted()
T56F8 018:419.034 - 0.392ms returns FALSE
T56F8 018:527.960 JLINK_IsHalted()
T56F8 018:528.574 - 0.613ms returns FALSE
T56F8 018:528.654 JLINK_IsHalted()
T56F8 018:529.210 - 0.555ms returns FALSE
T56F8 018:636.956 JLINK_IsHalted()
T56F8 018:637.660 - 0.701ms returns FALSE
T56F8 018:637.772 JLINK_IsHalted()
T56F8 018:638.244 - 0.473ms returns FALSE
T56F8 018:747.010 JLINK_IsHalted()
T56F8 018:747.676 - 0.663ms returns FALSE
T56F8 018:747.748 JLINK_IsHalted()
T56F8 018:748.264 - 0.515ms returns FALSE
T56F8 018:856.008 JLINK_IsHalted()
T56F8 018:856.840 - 0.829ms returns FALSE
T56F8 018:857.018 JLINK_IsHalted()
T56F8 018:857.612 - 0.592ms returns FALSE
T56F8 018:965.772 JLINK_IsHalted()
T56F8 018:966.448 - 0.676ms returns FALSE
T56F8 018:966.556 JLINK_IsHalted()
T56F8 018:967.000 - 0.443ms returns FALSE
T56F8 019:074.828 JLINK_IsHalted()
T56F8 019:075.516 - 0.685ms returns FALSE
T56F8 019:075.610 JLINK_IsHalted()
T56F8 019:076.266 - 0.654ms returns FALSE
T56F8 019:183.878 JLINK_IsHalted()
T56F8 019:184.652 - 0.775ms returns FALSE
T56F8 019:184.862 JLINK_IsHalted()
T56F8 019:185.602 - 0.738ms returns FALSE
T56F8 019:293.860 JLINK_IsHalted()
T56F8 019:294.492 - 0.629ms returns FALSE
T56F8 019:294.562 JLINK_IsHalted()
T56F8 019:295.126 - 0.560ms returns FALSE
T56F8 019:402.790 JLINK_IsHalted()
T56F8 019:403.860 - 1.069ms returns FALSE
T56F8 019:403.956 JLINK_IsHalted()
T56F8 019:405.292 - 1.334ms returns FALSE
T56F8 019:511.876 JLINK_IsHalted()
T56F8 019:512.766 - 0.888ms returns FALSE
T56F8 019:512.880 JLINK_IsHalted()
T56F8 019:513.524 - 0.644ms returns FALSE
T56F8 019:621.796 JLINK_IsHalted()
T56F8 019:622.672 - 0.875ms returns FALSE
T56F8 019:622.766 JLINK_IsHalted()
T56F8 019:623.398 - 0.630ms returns FALSE
T56F8 019:730.778 JLINK_IsHalted()
T56F8 019:731.500 - 0.726ms returns FALSE
T56F8 019:731.620 JLINK_IsHalted()
T56F8 019:732.152 - 0.531ms returns FALSE
T56F8 019:840.856 JLINK_IsHalted()
T56F8 019:841.792 - 0.935ms returns FALSE
T56F8 019:841.908 JLINK_IsHalted()
T56F8 019:842.384 - 0.475ms returns FALSE
T56F8 019:949.798 JLINK_IsHalted()
T56F8 019:950.536 - 0.737ms returns FALSE
T56F8 019:950.582 JLINK_IsHalted()
T56F8 019:951.052 - 0.463ms returns FALSE
T56F8 020:058.756 JLINK_IsHalted()
T56F8 020:059.540 - 0.782ms returns FALSE
T56F8 020:059.650 JLINK_IsHalted()
T56F8 020:060.224 - 0.572ms returns FALSE
T56F8 020:168.300 JLINK_IsHalted()
T56F8 020:169.092 - 0.790ms returns FALSE
T56F8 020:169.200 JLINK_IsHalted()
T56F8 020:169.716 - 0.516ms returns FALSE
T56F8 020:277.868 JLINK_IsHalted()
T56F8 020:278.530 - 0.661ms returns FALSE
T56F8 020:278.636 JLINK_IsHalted()
T56F8 020:279.206 - 0.569ms returns FALSE
T56F8 020:386.850 JLINK_IsHalted()
T56F8 020:387.680 - 0.829ms returns FALSE
T56F8 020:387.792 JLINK_IsHalted()
T56F8 020:388.278 - 0.484ms returns FALSE
T56F8 020:496.804 JLINK_IsHalted()
T56F8 020:497.636 - 0.832ms returns FALSE
T56F8 020:497.732 JLINK_IsHalted()
T56F8 020:498.232 - 0.499ms returns FALSE
T56F8 020:605.798 JLINK_IsHalted()
T56F8 020:606.504 - 0.705ms returns FALSE
T56F8 020:606.640 JLINK_IsHalted()
T56F8 020:607.228 - 0.588ms returns FALSE
T56F8 020:715.850 JLINK_IsHalted()
T56F8 020:716.578 - 0.727ms returns FALSE
T56F8 020:716.732 JLINK_IsHalted()
T56F8 020:717.452 - 0.720ms returns FALSE
T56F8 020:824.796 JLINK_IsHalted()
T56F8 020:825.636 - 0.840ms returns FALSE
T56F8 020:825.768 JLINK_IsHalted()
T56F8 020:826.460 - 0.690ms returns FALSE
T56F8 020:933.784 JLINK_IsHalted()
T56F8 020:934.464 - 0.678ms returns FALSE
T56F8 020:934.572 JLINK_IsHalted()
T56F8 020:934.990 - 0.417ms returns FALSE
T56F8 021:043.860 JLINK_IsHalted()
T56F8 021:044.710 - 0.838ms returns FALSE
T56F8 021:044.804 JLINK_IsHalted()
T56F8 021:047.844 - 3.032ms returns FALSE
T56F8 021:152.804 JLINK_IsHalted()
T56F8 021:153.452 - 0.650ms returns FALSE
T56F8 021:153.554 JLINK_IsHalted()
T56F8 021:153.978 - 0.424ms returns FALSE
T56F8 021:261.906 JLINK_IsHalted()
T56F8 021:262.884 - 0.978ms returns FALSE
T56F8 021:262.988 JLINK_IsHalted()
T56F8 021:263.520 - 0.531ms returns FALSE
T56F8 021:371.820 JLINK_IsHalted()
T56F8 021:372.596 - 0.774ms returns FALSE
T56F8 021:372.850 JLINK_IsHalted()
T56F8 021:373.554 - 0.703ms returns FALSE
T56F8 021:480.934 JLINK_IsHalted()
T56F8 021:481.742 - 0.806ms returns FALSE
T56F8 021:481.864 JLINK_IsHalted()
T56F8 021:482.380 - 0.515ms returns FALSE
T56F8 021:589.892 JLINK_IsHalted()
T56F8 021:590.586 - 0.693ms returns FALSE
T56F8 021:590.664 JLINK_IsHalted()
T56F8 021:591.060 - 0.396ms returns FALSE
T56F8 021:700.080 JLINK_IsHalted()
T56F8 021:700.754 - 0.672ms returns FALSE
T56F8 021:700.904 JLINK_IsHalted()
T56F8 021:701.470 - 0.564ms returns FALSE
T56F8 021:809.002 JLINK_IsHalted()
T56F8 021:809.826 - 0.823ms returns FALSE
T56F8 021:809.906 JLINK_IsHalted()
T56F8 021:810.420 - 0.515ms returns FALSE
T56F8 021:918.916 JLINK_IsHalted()
T56F8 021:919.760 - 0.844ms returns FALSE
T56F8 021:919.836 JLINK_IsHalted()
T56F8 021:920.344 - 0.506ms returns FALSE
T56F8 022:027.332 JLINK_IsHalted()
T56F8 022:027.982 - 0.651ms returns FALSE
T56F8 022:028.068 JLINK_IsHalted()
T56F8 022:028.592 - 0.521ms returns FALSE
T56F8 022:137.462 JLINK_IsHalted()
T56F8 022:137.956 - 0.492ms returns FALSE
T56F8 022:138.036 JLINK_IsHalted()
T56F8 022:138.396 - 0.361ms returns FALSE
T56F8 022:246.390 JLINK_IsHalted()
T56F8 022:246.932 - 0.535ms returns FALSE
T56F8 022:247.036 JLINK_IsHalted()
T56F8 022:247.484 - 0.446ms returns FALSE
T56F8 022:356.460 JLINK_IsHalted()
T56F8 022:357.282 - 0.821ms returns FALSE
T56F8 022:357.370 JLINK_IsHalted()
T56F8 022:357.942 - 0.571ms returns FALSE
T56F8 022:465.556 JLINK_IsHalted()
T56F8 022:466.096 - 0.540ms returns FALSE
T56F8 022:466.148 JLINK_IsHalted()
T56F8 022:466.644 - 0.494ms returns FALSE
T56F8 022:574.332 JLINK_IsHalted()
T56F8 022:575.388 - 1.056ms returns FALSE
T56F8 022:575.476 JLINK_IsHalted()
T56F8 022:575.844 - 0.366ms returns FALSE
T56F8 022:684.314 JLINK_IsHalted()
T56F8 022:684.826 - 0.511ms returns FALSE
T56F8 022:684.914 JLINK_IsHalted()
T56F8 022:685.332 - 0.418ms returns FALSE
T56F8 022:793.476 JLINK_IsHalted()
T56F8 022:794.254 - 0.777ms returns FALSE
T56F8 022:794.386 JLINK_IsHalted()
T56F8 022:795.016 - 0.630ms returns FALSE
T56F8 022:902.348 JLINK_IsHalted()
T56F8 022:902.992 - 0.642ms returns FALSE
T56F8 022:903.114 JLINK_IsHalted()
T56F8 022:903.618 - 0.502ms returns FALSE
T56F8 023:012.306 JLINK_IsHalted()
T56F8 023:013.024 - 0.717ms returns FALSE
T56F8 023:013.150 JLINK_IsHalted()
T56F8 023:013.572 - 0.419ms returns FALSE
T56F8 023:121.380 JLINK_IsHalted()
T56F8 023:122.412 - 1.033ms returns FALSE
T56F8 023:122.618 JLINK_IsHalted()
T56F8 023:123.572 - 0.951ms returns FALSE
T56F8 023:231.424 JLINK_IsHalted()
T56F8 023:232.052 - 0.627ms returns FALSE
T56F8 023:232.138 JLINK_IsHalted()
T56F8 023:232.558 - 0.420ms returns FALSE
T56F8 023:340.404 JLINK_IsHalted()
T56F8 023:341.178 - 0.773ms returns FALSE
T56F8 023:341.296 JLINK_IsHalted()
T56F8 023:341.814 - 0.516ms returns FALSE
T56F8 023:449.340 JLINK_IsHalted()
T56F8 023:449.900 - 0.560ms returns FALSE
T56F8 023:449.942 JLINK_IsHalted()
T56F8 023:450.356 - 0.412ms returns FALSE
T56F8 023:559.334 JLINK_IsHalted()
T56F8 023:560.088 - 0.752ms returns FALSE
T56F8 023:560.134 JLINK_IsHalted()
T56F8 023:560.690 - 0.554ms returns FALSE
T56F8 023:668.320 JLINK_IsHalted()
T56F8 023:668.894 - 0.574ms returns FALSE
T56F8 023:668.944 JLINK_IsHalted()
T56F8 023:669.456 - 0.511ms returns FALSE
T56F8 023:777.320 JLINK_IsHalted()
T56F8 023:777.962 - 0.639ms returns FALSE
T56F8 023:778.048 JLINK_IsHalted()
T56F8 023:778.482 - 0.433ms returns FALSE
T56F8 023:887.332 JLINK_IsHalted()
T56F8 023:887.998 - 0.664ms returns FALSE
T56F8 023:888.098 JLINK_IsHalted()
T56F8 023:888.728 - 0.628ms returns FALSE
T56F8 023:996.356 JLINK_IsHalted()
T56F8 023:997.054 - 0.697ms returns FALSE
T56F8 023:997.124 JLINK_IsHalted()
T56F8 023:997.708 - 0.583ms returns FALSE
T56F8 024:105.952 JLINK_IsHalted()
T56F8 024:106.478 - 0.525ms returns FALSE
T56F8 024:106.532 JLINK_IsHalted()
T56F8 024:106.972 - 0.438ms returns FALSE
T56F8 024:214.914 JLINK_IsHalted()
T56F8 024:215.524 - 0.609ms returns FALSE
T56F8 024:215.636 JLINK_IsHalted()
T56F8 024:216.076 - 0.437ms returns FALSE
T56F8 024:324.926 JLINK_IsHalted()
T56F8 024:325.478 - 0.550ms returns FALSE
T56F8 024:325.556 JLINK_IsHalted()
T56F8 024:325.920 - 0.362ms returns FALSE
T56F8 024:433.998 JLINK_IsHalted()
T56F8 024:434.714 - 0.714ms returns FALSE
T56F8 024:434.762 JLINK_IsHalted()
T56F8 024:435.414 - 0.651ms returns FALSE
T56F8 024:543.868 JLINK_IsHalted()
T56F8 024:544.714 - 0.846ms returns FALSE
T56F8 024:544.844 JLINK_IsHalted()
T56F8 024:545.552 - 0.708ms returns FALSE
T56F8 024:652.910 JLINK_IsHalted()
T56F8 024:653.558 - 0.647ms returns FALSE
T56F8 024:653.598 JLINK_IsHalted()
T56F8 024:654.050 - 0.450ms returns FALSE
T56F8 024:762.032 JLINK_IsHalted()
T56F8 024:762.896 - 0.862ms returns FALSE
T56F8 024:762.992 JLINK_IsHalted()
T56F8 024:763.522 - 0.529ms returns FALSE
T56F8 024:871.880 JLINK_IsHalted()
T56F8 024:872.388 - 0.507ms returns FALSE
T56F8 024:872.492 JLINK_IsHalted()
T56F8 024:872.944 - 0.453ms returns FALSE
T56F8 024:980.900 JLINK_IsHalted()
T56F8 024:981.746 - 0.845ms returns FALSE
T56F8 024:981.828 JLINK_IsHalted()
T56F8 024:982.370 - 0.540ms returns FALSE
T56F8 025:089.898 JLINK_IsHalted()
T56F8 025:090.676 - 0.778ms returns FALSE
T56F8 025:090.760 JLINK_IsHalted()
T56F8 025:091.516 - 0.754ms returns FALSE
T56F8 025:200.108 JLINK_IsHalted()
T56F8 025:200.844 - 0.735ms returns FALSE
T56F8 025:200.904 JLINK_IsHalted()
T56F8 025:201.412 - 0.507ms returns FALSE
T56F8 025:309.068 JLINK_IsHalted()
T56F8 025:310.268 - 1.201ms returns FALSE
T56F8 025:310.532 JLINK_IsHalted()
T56F8 025:311.560 - 1.025ms returns FALSE
T56F8 025:418.042 JLINK_IsHalted()
T56F8 025:418.624 - 0.582ms returns FALSE
T56F8 025:418.674 JLINK_IsHalted()
T56F8 025:419.222 - 0.548ms returns FALSE
T56F8 025:528.226 JLINK_IsHalted()
T56F8 025:529.496 - 1.269ms returns FALSE
T56F8 025:529.748 JLINK_IsHalted()
T56F8 025:531.140 - 1.391ms returns FALSE
T56F8 025:637.044 JLINK_IsHalted()
T56F8 025:637.748 - 0.701ms returns FALSE
T56F8 025:637.798 JLINK_IsHalted()
T56F8 025:638.334 - 0.534ms returns FALSE
T56F8 025:747.134 JLINK_IsHalted()
T56F8 025:748.220 - 1.082ms returns FALSE
T56F8 025:748.388 JLINK_IsHalted()
T56F8 025:749.138 - 0.747ms returns FALSE
T56F8 025:856.258 JLINK_IsHalted()
T56F8 025:857.348 - 1.087ms returns FALSE
T56F8 025:857.552 JLINK_IsHalted()
T56F8 025:858.286 - 0.732ms returns FALSE
T56F8 025:965.236 JLINK_IsHalted()
T56F8 025:965.868 - 0.634ms returns FALSE
T56F8 025:965.948 JLINK_IsHalted()
T56F8 025:966.426 - 0.477ms returns FALSE
T56F8 026:074.358 JLINK_IsHalted()
T56F8 026:074.940 - 0.580ms returns FALSE
T56F8 026:075.030 JLINK_IsHalted()
T56F8 026:075.642 - 0.611ms returns FALSE
T56F8 026:183.706 JLINK_IsHalted()
T56F8 026:184.508 - 0.801ms returns FALSE
T56F8 026:184.644 JLINK_IsHalted()
T56F8 026:185.134 - 0.489ms returns FALSE
T56F8 026:293.772 JLINK_IsHalted()
T56F8 026:294.604 - 0.831ms returns FALSE
T56F8 026:294.740 JLINK_IsHalted()
T56F8 026:295.258 - 0.516ms returns FALSE
T56F8 026:402.784 JLINK_IsHalted()
T56F8 026:403.594 - 0.806ms returns FALSE
T56F8 026:403.812 JLINK_IsHalted()
T56F8 026:404.528 - 0.714ms returns FALSE
T56F8 026:511.758 JLINK_IsHalted()
T56F8 026:512.440 - 0.681ms returns FALSE
T56F8 026:512.530 JLINK_IsHalted()
T56F8 026:512.964 - 0.432ms returns FALSE
T56F8 026:621.818 JLINK_IsHalted()
T56F8 026:622.396 - 0.577ms returns FALSE
T56F8 026:622.476 JLINK_IsHalted()
T56F8 026:622.862 - 0.385ms returns FALSE
T56F8 026:730.852 JLINK_IsHalted()
T56F8 026:731.500 - 0.649ms returns FALSE
T56F8 026:731.582 JLINK_IsHalted()
T56F8 026:731.942 - 0.358ms returns FALSE
T56F8 026:840.892 JLINK_IsHalted()
T56F8 026:841.506 - 0.610ms returns FALSE
T56F8 026:841.580 JLINK_IsHalted()
T56F8 026:842.100 - 0.520ms returns FALSE
T56F8 026:950.228 JLINK_IsHalted()
T56F8 026:950.838 - 0.610ms returns FALSE
T56F8 026:950.950 JLINK_IsHalted()
T56F8 026:951.504 - 0.553ms returns FALSE
T56F8 027:059.188 JLINK_IsHalted()
T56F8 027:059.830 - 0.643ms returns FALSE
T56F8 027:059.904 JLINK_IsHalted()
T56F8 027:060.438 - 0.534ms returns FALSE
T56F8 027:168.634 JLINK_IsHalted()
T56F8 027:169.466 - 0.831ms returns FALSE
T56F8 027:169.578 JLINK_IsHalted()
T56F8 027:170.176 - 0.598ms returns FALSE
T56F8 027:277.514 JLINK_IsHalted()
T56F8 027:278.224 - 0.710ms returns FALSE
T56F8 027:278.348 JLINK_IsHalted()
T56F8 027:278.954 - 0.606ms returns FALSE
T56F8 027:387.548 JLINK_IsHalted()
T56F8 027:388.272 - 0.725ms returns FALSE
T56F8 027:388.380 JLINK_IsHalted()
T56F8 027:389.034 - 0.652ms returns FALSE
T56F8 027:496.486 JLINK_IsHalted()
T56F8 027:497.436 - 0.947ms returns FALSE
T56F8 027:497.594 JLINK_IsHalted()
T56F8 027:498.506 - 0.911ms returns FALSE
T56F8 027:605.872 JLINK_IsHalted()
T56F8 027:606.772 - 0.898ms returns FALSE
T56F8 027:606.954 JLINK_IsHalted()
T56F8 027:607.760 - 0.806ms returns FALSE
T56F8 027:715.280 JLINK_IsHalted()
T56F8 027:715.802 - 0.523ms returns FALSE
T56F8 027:715.878 JLINK_IsHalted()
T56F8 027:716.348 - 0.470ms returns FALSE
T56F8 027:824.268 JLINK_IsHalted()
T56F8 027:825.084 - 0.816ms returns FALSE
T56F8 027:825.130 JLINK_IsHalted()
T56F8 027:825.776 - 0.645ms returns FALSE
T56F8 027:934.236 JLINK_IsHalted()
T56F8 027:934.804 - 0.567ms returns FALSE
T56F8 027:934.858 JLINK_IsHalted()
T56F8 027:935.408 - 0.548ms returns FALSE
T56F8 028:043.114 JLINK_IsHalted()
T56F8 028:043.936 - 0.822ms returns FALSE
T56F8 028:044.006 JLINK_IsHalted()
T56F8 028:044.778 - 0.769ms returns FALSE
T56F8 028:153.104 JLINK_IsHalted()
T56F8 028:153.968 - 0.864ms returns FALSE
T56F8 028:154.054 JLINK_IsHalted()
T56F8 028:154.804 - 0.748ms returns FALSE
T56F8 028:262.086 JLINK_IsHalted()
T56F8 028:263.324 - 1.237ms returns FALSE
T56F8 028:263.578 JLINK_IsHalted()
T56F8 028:264.554 - 0.976ms returns FALSE
T56F8 028:372.000 JLINK_IsHalted()
T56F8 028:373.098 - 1.097ms returns FALSE
T56F8 028:373.242 JLINK_IsHalted()
T56F8 028:374.010 - 0.768ms returns FALSE
T56F8 028:480.970 JLINK_IsHalted()
T56F8 028:481.724 - 0.752ms returns FALSE
T56F8 028:481.802 JLINK_IsHalted()
T56F8 028:482.460 - 0.659ms returns FALSE
T56F8 028:590.080 JLINK_IsHalted()
T56F8 028:590.748 - 0.667ms returns FALSE
T56F8 028:590.806 JLINK_IsHalted()
T56F8 028:591.494 - 0.678ms returns FALSE
T56F8 028:699.956 JLINK_IsHalted()
T56F8 028:700.636 - 0.680ms returns FALSE
T56F8 028:700.684 JLINK_IsHalted()
T56F8 028:701.084 - 0.402ms returns FALSE
T56F8 028:809.036 JLINK_IsHalted()
T56F8 028:810.128 - 1.088ms returns FALSE
T56F8 028:810.180 JLINK_IsHalted()
T56F8 028:810.650 - 0.470ms returns FALSE
T56F8 028:918.044 JLINK_IsHalted()
T56F8 028:918.940 - 0.894ms returns FALSE
T56F8 028:919.164 JLINK_IsHalted()
T56F8 028:919.764 - 0.598ms returns FALSE
T56F8 029:028.246 JLINK_IsHalted()
T56F8 029:029.348 - 1.097ms returns FALSE
T56F8 029:029.498 JLINK_IsHalted()
T56F8 029:030.438 - 0.936ms returns FALSE
T56F8 029:137.542 JLINK_IsHalted()
T56F8 029:138.188 - 0.645ms returns FALSE
T56F8 029:138.268 JLINK_IsHalted()
T56F8 029:138.932 - 0.658ms returns FALSE
T56F8 029:246.924 JLINK_IsHalted()
T56F8 029:248.236 - 1.312ms returns FALSE
T56F8 029:248.388 JLINK_IsHalted()
T56F8 029:249.610 - 1.219ms returns FALSE
T56F8 029:355.946 JLINK_IsHalted()
T56F8 029:356.596 - 0.648ms returns FALSE
T56F8 029:356.756 JLINK_IsHalted()
T56F8 029:357.686 - 0.930ms returns FALSE
T56F8 029:465.248 JLINK_IsHalted()
T56F8 029:466.112 - 0.862ms returns FALSE
T56F8 029:466.234 JLINK_IsHalted()
T56F8 029:466.746 - 0.510ms returns FALSE
T56F8 029:574.230 JLINK_IsHalted()
T56F8 029:574.804 - 0.570ms returns FALSE
T56F8 029:574.844 JLINK_IsHalted()
T56F8 029:575.280 - 0.433ms returns FALSE
T56F8 029:684.172 JLINK_IsHalted()
T56F8 029:684.810 - 0.635ms returns FALSE
T56F8 029:684.884 JLINK_IsHalted()
T56F8 029:685.334 - 0.448ms returns FALSE
T56F8 029:793.300 JLINK_IsHalted()
T56F8 029:794.032 - 0.722ms returns FALSE
T56F8 029:794.106 JLINK_IsHalted()
T56F8 029:794.682 - 0.578ms returns FALSE
T56F8 029:903.280 JLINK_IsHalted()
T56F8 029:903.828 - 0.547ms returns FALSE
T56F8 029:903.908 JLINK_IsHalted()
T56F8 029:904.340 - 0.431ms returns FALSE
T56F8 030:012.170 JLINK_IsHalted()
T56F8 030:012.774 - 0.606ms returns FALSE
T56F8 030:012.820 JLINK_IsHalted()
T56F8 030:013.408 - 0.587ms returns FALSE
T56F8 030:121.284 JLINK_IsHalted()
T56F8 030:121.932 - 0.647ms returns FALSE
T56F8 030:122.102 JLINK_IsHalted()
T56F8 030:122.762 - 0.658ms returns FALSE
T56F8 030:231.388 JLINK_IsHalted()
T56F8 030:231.930 - 0.539ms returns FALSE
T56F8 030:232.006 JLINK_IsHalted()
T56F8 030:232.436 - 0.428ms returns FALSE
T56F8 030:339.836 JLINK_IsHalted()
T56F8 030:340.970 - 1.131ms returns FALSE
T56F8 030:341.052 JLINK_IsHalted()
T56F8 030:341.444 - 0.390ms returns FALSE
T56F8 030:449.796 JLINK_IsHalted()
T56F8 030:450.484 - 0.690ms returns FALSE
T56F8 030:450.592 JLINK_IsHalted()
T56F8 030:450.960 - 0.367ms returns FALSE
T56F8 030:559.034 JLINK_IsHalted()
T56F8 030:559.708 - 0.683ms returns FALSE
T56F8 030:559.780 JLINK_IsHalted()
T56F8 030:560.244 - 0.462ms returns FALSE
T56F8 030:668.276 JLINK_IsHalted()
T56F8 030:668.844 - 0.569ms returns FALSE
T56F8 030:668.892 JLINK_IsHalted()
T56F8 030:669.276 - 0.384ms returns FALSE
T56F8 030:777.520 JLINK_IsHalted()
T56F8 030:778.134 - 0.613ms returns FALSE
T56F8 030:778.208 JLINK_IsHalted()
T56F8 030:778.612 - 0.402ms returns FALSE
T56F8 030:887.328 JLINK_IsHalted()
T56F8 030:888.208 - 0.880ms returns FALSE
T56F8 030:888.282 JLINK_IsHalted()
T56F8 030:888.848 - 0.566ms returns FALSE
T56F8 030:996.292 JLINK_IsHalted()
T56F8 030:997.066 - 0.775ms returns FALSE
T56F8 030:997.126 JLINK_IsHalted()
T56F8 030:997.562 - 0.435ms returns FALSE
T56F8 031:106.352 JLINK_IsHalted()
T56F8 031:107.036 - 0.685ms returns FALSE
T56F8 031:107.152 JLINK_IsHalted()
T56F8 031:107.718 - 0.564ms returns FALSE
T56F8 031:215.466 JLINK_IsHalted()
T56F8 031:216.266 - 0.799ms returns FALSE
T56F8 031:216.378 JLINK_IsHalted()
T56F8 031:216.972 - 0.592ms returns FALSE
T56F8 031:324.476 JLINK_IsHalted()
T56F8 031:325.174 - 0.697ms returns FALSE
T56F8 031:325.260 JLINK_IsHalted()
T56F8 031:325.772 - 0.511ms returns FALSE
T56F8 031:434.604 JLINK_IsHalted()
T56F8 031:435.444 - 0.837ms returns FALSE
T56F8 031:435.482 JLINK_IsHalted()
T56F8 031:435.924 - 0.442ms returns FALSE
T56F8 031:543.610 JLINK_IsHalted()
T56F8 031:544.140 - 0.531ms returns FALSE
T56F8 031:544.182 JLINK_IsHalted()
T56F8 031:544.554 - 0.368ms returns FALSE
T56F8 031:652.516 JLINK_IsHalted()
T56F8 031:653.680 - 1.164ms returns FALSE
T56F8 031:653.728 JLINK_IsHalted()
T56F8 031:654.076 - 0.347ms returns FALSE
T56F8 031:762.586 JLINK_IsHalted()
T56F8 031:763.216 - 0.630ms returns FALSE
T56F8 031:763.300 JLINK_IsHalted()
T56F8 031:763.820 - 0.520ms returns FALSE
T56F8 031:871.604 JLINK_IsHalted()
T56F8 031:872.458 - 0.851ms returns FALSE
T56F8 031:872.534 JLINK_IsHalted()
T56F8 031:872.992 - 0.457ms returns FALSE
T56F8 031:980.876 JLINK_IsHalted()
T56F8 031:981.540 - 0.659ms returns FALSE
T56F8 031:981.744 JLINK_IsHalted()
T56F8 031:982.438 - 0.694ms returns FALSE
T56F8 032:090.150 JLINK_IsHalted()
T56F8 032:090.676 - 0.524ms returns FALSE
T56F8 032:090.726 JLINK_IsHalted()
T56F8 032:091.100 - 0.375ms returns FALSE
T56F8 032:200.186 JLINK_IsHalted()
T56F8 032:200.698 - 0.512ms returns FALSE
T56F8 032:200.768 JLINK_IsHalted()
T56F8 032:201.172 - 0.401ms returns FALSE
T56F8 032:309.308 JLINK_IsHalted()
T56F8 032:310.036 - 0.725ms returns FALSE
T56F8 032:310.106 JLINK_IsHalted()
T56F8 032:310.492 - 0.386ms returns FALSE
T56F8 032:418.452 JLINK_IsHalted()
T56F8 032:418.998 - 0.548ms returns FALSE
T56F8 032:419.062 JLINK_IsHalted()
T56F8 032:419.418 - 0.355ms returns FALSE
T56F8 032:527.360 JLINK_IsHalted()
T56F8 032:527.962 - 0.601ms returns FALSE
T56F8 032:528.044 JLINK_IsHalted()
T56F8 032:528.464 - 0.421ms returns FALSE
T56F8 032:637.350 JLINK_IsHalted()
T56F8 032:638.020 - 0.658ms returns FALSE
T56F8 032:638.064 JLINK_IsHalted()
T56F8 032:638.534 - 0.468ms returns FALSE
T56F8 032:746.484 JLINK_IsHalted()
T56F8 032:748.432 - 1.947ms returns FALSE
T56F8 032:748.532 JLINK_IsHalted()
T56F8 032:749.072 - 0.538ms returns FALSE
T56F8 032:856.330 JLINK_IsHalted()
T56F8 032:860.624 - 4.292ms returns TRUE
T56F8 032:860.732 JLINK_ReadReg(XPSR)
T56F8 032:860.778   CPU_ReadMem(4 bytes @ 0xE000EE08)
T56F8 032:861.482 - 0.748ms returns 0xF9000000
T56F8 032:861.562 JLINK_ReadReg(R15 (PC))
T56F8 032:861.584 - 0.029ms returns 0x0209CE7C
T56F8 032:861.610 JLINK_ReadReg(XPSR)
T56F8 032:861.628 - 0.020ms returns 0xF9000000
T56F8 032:861.652 JLINK_ReadReg(XPSR)
T56F8 032:861.670 - 0.019ms returns 0xF9000000
T56F8 032:861.690 JLINK_ReadReg(R15 (PC))
T56F8 032:861.708 - 0.019ms returns 0x0209CE7C
T56F8 032:861.728 JLINK_ReadReg(XPSR)
T56F8 032:861.748 - 0.019ms returns 0xF9000000
T56F8 032:861.770 JLINK_ReadReg(XPSR)
T56F8 032:861.788 - 0.019ms returns 0xF9000000
T56F8 032:861.812 JLINK_ReadMem(0x0209CE7C, 0x1 Bytes, ...)
T56F8 032:861.860   CPU_ReadMem(64 bytes @ 0x0209CE40)
T56F8 032:863.020    -- Updating C cache (64 bytes @ 0x0209CE40)
T56F8 032:863.060    -- Read from C cache (1 bytes @ 0x0209CE7C)
T56F8 032:863.084   Data:  80
T56F8 032:863.110 - 1.298ms returns 0
T56F8 032:863.172 JLINK_IsHalted()
T56F8 032:863.194 - 0.021ms returns TRUE
T56F8 032:863.212 JLINK_ReadReg(XPSR)
T56F8 032:863.236 - 0.020ms returns 0xF9000000
T56F8 032:863.254 JLINK_ReadReg(XPSR)
T56F8 032:863.274 - 0.018ms returns 0xF9000000
T56F8 032:863.292 JLINK_ReadReg(R15 (PC))
T56F8 032:863.316 - 0.022ms returns 0x0209CE7C
T56F8 032:863.334 JLINK_ReadReg(XPSR)
T56F8 032:863.354 - 0.018ms returns 0xF9000000
T56F8 032:863.372 JLINK_ReadReg(XPSR)
T56F8 032:863.392 - 0.017ms returns 0xF9000000
T56F8 032:863.412 JLINK_ReadMem(0x0209CE7C, 0x1 Bytes, ...)
T56F8 032:863.430    -- Read from C cache (1 bytes @ 0x0209CE7C)
T56F8 032:863.452   Data:  80
T56F8 032:863.478 - 0.069ms returns 0
T56F8 032:863.596 JLINK_IsHalted()
T56F8 032:863.612 - 0.017ms returns TRUE
T56F8 032:863.632 JLINK_ReadReg(XPSR)
T56F8 032:863.652 - 0.018ms returns 0xF9000000
T56F8 032:863.670 JLINK_ReadReg(R15 (PC))
T56F8 032:863.686 - 0.017ms returns 0x0209CE7C
T56F8 032:863.706 JLINK_ReadReg(XPSR)
T56F8 032:863.722 - 0.016ms returns 0xF9000000
T56F8 032:863.740 JLINK_ReadReg(XPSR)
T56F8 032:863.756 - 0.016ms returns 0xF9000000
T56F8 032:863.776 JLINK_ReadReg(R15 (PC))
T56F8 032:863.792 - 0.017ms returns 0x0209CE7C
T56F8 032:863.812 JLINK_ReadReg(XPSR)
T56F8 032:863.828 - 0.016ms returns 0xF9000000
T56F8 032:863.846 JLINK_ReadReg(XPSR)
T56F8 032:863.862 - 0.015ms returns 0xF9000000
T56F8 032:863.882 JLINK_ReadMem(0x0209CE7C, 0x1 Bytes, ...)
T56F8 032:863.898    -- Read from C cache (1 bytes @ 0x0209CE7C)
T56F8 032:863.920   Data:  80
T56F8 032:863.942 - 0.061ms returns 0
T56F8 032:863.958 JLINK_IsHalted()
T56F8 032:863.974 - 0.015ms returns TRUE
T56F8 032:863.990 JLINK_ReadReg(XPSR)
T56F8 032:864.006 - 0.016ms returns 0xF9000000
T56F8 032:864.026 JLINK_ReadReg(XPSR)
T56F8 032:864.042 - 0.016ms returns 0xF9000000
T56F8 032:864.058 JLINK_ReadReg(R15 (PC))
T56F8 032:864.074 - 0.016ms returns 0x0209CE7C
T56F8 032:864.092 JLINK_ReadReg(XPSR)
T56F8 032:864.108 - 0.015ms returns 0xF9000000
T56F8 032:864.124 JLINK_ReadReg(XPSR)
T56F8 032:864.140 - 0.016ms returns 0xF9000000
T56F8 032:864.160 JLINK_ReadMem(0x0209CE7C, 0x1 Bytes, ...)
T56F8 032:864.172    -- Read from C cache (1 bytes @ 0x0209CE7C)
T56F8 032:864.198   Data:  80
T56F8 032:864.220 - 0.061ms returns 0
T56F8 032:865.852 JLINK_ReadRegs(NumRegs = 22)
T56F8 032:865.958   
  R0 (0)        = 0x00                 R1 (1)        = 0x00                 R2 (2)        = 0x00                 R3 (3)        = 0x00              
  R4 (4)        = 0x00                 R5 (5)        = 0x00                 R6 (6)        = 0x00                 R7 (7)        = 0x00              
  R8 (8)        = 0x00                 R9 (9)        = 0x440C27FC           R10 (10)      = 0x00                 R11 (11)      = 0x00              
  R12 (12)      = 0x804000             R13 (SP) (13) = 0x220EE460           R14 (14)      = 0xFFFFFFFF           R15 (PC) (15) = 0x209CE7C         
  XPSR (16)     = 0xF9000000           MSP (17)      = 0x220EE460           PSP (18)      = 0x00                 MSPLIM (86)   = 0x00              
  PSPLIM (87)   = 0x00                 CFBP (20)     = 0x00              
T56F8 032:865.980 - 0.128ms returns 0x00
T56F8 032:870.630 JLINK_ReadReg(XPSR)
T56F8 032:870.676 - 0.045ms returns 0xF9000000
T56F8 032:871.446 JLINK_ReadMem(0xE000EDF0, 0x4 Bytes, ...)
T56F8 032:871.482   CPU_ReadMem(4 bytes @ 0xE000EDF0)
T56F8 032:871.968   Data:  03 00 13 00
T56F8 032:872.016   Debug reg: DHCSR
T56F8 032:872.042 - 0.593ms returns 0
T56F8 032:872.716 JLINK_ReadMem(0x0209CE7C, 0x4 Bytes, ...)
T56F8 032:872.756    -- Read from C cache (4 bytes @ 0x0209CE7C)
T56F8 032:872.780   Data:  80 B5 6F 46
T56F8 032:872.804 - 0.087ms returns 0
T56F8 032:897.962 JLINK_ReadReg(XPSR)
T56F8 032:898.036 - 0.074ms returns 0xF9000000
T56F8 032:898.922 JLINK_ReadMem(0x0209CE7C, 0x4 Bytes, ...)
T56F8 032:898.960    -- Read from C cache (4 bytes @ 0x0209CE7C)
T56F8 032:898.976   Data:  80 B5 6F 46
T56F8 032:898.988 - 0.067ms returns 0
T56F8 033:144.704 JLINK_ReadReg(XPSR)
T56F8 033:144.768 - 0.065ms returns 0xF9000000
TAD70 034:880.520 JLINK_ReadReg(XPSR)
TAD70 034:881.288 - 0.762ms returns 0xF9000000
TAD70 034:881.352 JLINK_ReadReg(R15 (PC))
TAD70 034:881.364 - 0.012ms returns 0x0209CE7C
TAD70 034:882.276 JLINK_IsHalted()
TAD70 034:882.320 - 0.046ms returns TRUE
TAD70 034:882.336 JLINK_ReadReg(XPSR)
TAD70 034:882.352 - 0.017ms returns 0xF9000000
TAD70 034:882.364 JLINK_ReadReg(R15 (PC))
TAD70 034:882.376 - 0.011ms returns 0x0209CE7C
TAD70 034:882.392 JLINK_ReadReg(XPSR)
TAD70 034:882.400 - 0.010ms returns 0xF9000000
TAD70 034:882.412 JLINK_ReadReg(XPSR)
TAD70 034:882.424 - 0.010ms returns 0xF9000000
TAD70 034:882.432 JLINK_ReadReg(R15 (PC))
TAD70 034:882.444 - 0.010ms returns 0x0209CE7C
TAD70 034:882.456 JLINK_ReadReg(XPSR)
TAD70 034:882.476 - 0.019ms returns 0xF9000000
TAD70 034:882.496 JLINK_ReadReg(XPSR)
TAD70 034:882.512 - 0.017ms returns 0xF9000000
TAD70 034:882.532 JLINK_ReadMem(0x0209CE7C, 0x1 Bytes, ...)
TAD70 034:882.552    -- Read from C cache (1 bytes @ 0x0209CE7C)
TAD70 034:882.584   Data:  80
TAD70 034:882.608 - 0.078ms returns 0
TAD70 034:882.628 JLINK_IsHalted()
TAD70 034:882.644 - 0.015ms returns TRUE
TAD70 034:882.664 JLINK_ReadReg(XPSR)
TAD70 034:882.680 - 0.017ms returns 0xF9000000
TAD70 034:882.700 JLINK_ReadReg(XPSR)
TAD70 034:882.716 - 0.018ms returns 0xF9000000
TAD70 034:882.736 JLINK_ReadReg(R15 (PC))
TAD70 034:882.756 - 0.018ms returns 0x0209CE7C
TAD70 034:882.776 JLINK_ReadReg(XPSR)
TAD70 034:882.792 - 0.016ms returns 0xF9000000
TAD70 034:882.808 JLINK_ReadReg(XPSR)
TAD70 034:882.824 - 0.017ms returns 0xF9000000
TAD70 034:882.844 JLINK_ReadMem(0x0209CE7C, 0x1 Bytes, ...)
TAD70 034:882.860    -- Read from C cache (1 bytes @ 0x0209CE7C)
TAD70 034:882.888   Data:  80
TAD70 034:882.912 - 0.067ms returns 0
TAD70 034:882.996 JLINK_ReadMem(0xE0001000, 0x4 Bytes, ...)
TAD70 034:883.020   CPU_ReadMem(4 bytes @ 0xE0001000)
TAD70 034:883.972   Data:  01 00 00 40
TAD70 034:884.056   Debug reg: DWT_CTRL
TAD70 034:884.072 - 1.080ms returns 0
TAD70 034:884.124 JLINK_WriteMem(0xE0001FB0, 0x8 Bytes, ...)
TAD70 034:884.136   Data:  00 00 00 00 55 CE AC C5
TAD70 034:885.336   CPU_WriteMem(16 bytes @ 0x22000000)
TAD70 034:886.280   CPU_WriteMem(8 bytes @ 0xE0001FB0)
TAD70 034:886.756 - 2.629ms returns 0x8
TAD70 034:886.872 JLINK_ReadMem(0xE000EDFC, 0x4 Bytes, ...)
TAD70 034:886.896   Data:  00 00 10 01
TAD70 034:886.912   Debug reg: DEMCR
TAD70 034:886.924 - 0.050ms returns 0
TAD70 034:888.948 JLINK_ReadMem(0xE0001004, 0x4 Bytes, ...)
TAD70 034:888.968   CPU_ReadMem(4 bytes @ 0xE0001004)
TAD70 034:889.624   Data:  D2 52 B3 C4
TAD70 034:889.656   Debug reg: DWT_CYCCNT
TAD70 034:889.672 - 0.725ms returns 0
TAD70 034:889.728 JLINK_MeasureCPUSpeed(RAMAddr = 0x22000000)
TAD70 034:889.740   CPU_ReadMem(16 bytes @ 0x22000000)
TAD70 034:890.480   CPU_ReadMem(4 bytes @ 0xE0001000)
TAD70 034:891.260   CPU_ReadMem(6 bytes @ 0x22000000)
TAD70 034:892.008   CPU_ReadMem(4 bytes @ 0xE000ED90)
TAD70 034:892.560   CPU_ReadMem(4 bytes @ 0xE000ED94)
TAD70 034:894.396   CPU_WriteMem(16 bytes @ 0x22000000)
TAD70 034:895.200   CPU_WriteMem(6 bytes @ 0x22000000)
TAD70 034:895.920   CPU_ReadMem(6 bytes @ 0x22000000)
TAD70 034:896.568   CPU_WriteMem(4 bytes @ 0xE0002008)
TAD70 034:896.592   CPU_WriteMem(4 bytes @ 0xE000200C)
TAD70 034:896.608   CPU_WriteMem(4 bytes @ 0xE0002010)
TAD70 034:896.620   CPU_WriteMem(4 bytes @ 0xE0002014)
TAD70 034:896.632   CPU_WriteMem(4 bytes @ 0xE0002018)
TAD70 034:896.648   CPU_WriteMem(4 bytes @ 0xE000201C)
TAD70 034:896.664   CPU_WriteMem(4 bytes @ 0xE0002020)
TAD70 034:896.676   CPU_WriteMem(4 bytes @ 0xE0002024)
TAD70 034:898.292   CPU_WriteMem(4 bytes @ 0xE0001004)
TAD70 034:905.672   CPU_ReadMem(4 bytes @ 0xE0001004)
TAD70 034:906.380   CPU_ReadMem(4 bytes @ 0xE000EE08)
TAD70 034:906.824   CPU_WriteMem(4 bytes @ 0xE0002008)
TAD70 034:907.256   CPU_WriteMem(4 bytes @ 0xE000200C)
TAD70 034:907.720   CPU_WriteMem(4 bytes @ 0xE0002010)
TAD70 034:908.212   CPU_WriteMem(4 bytes @ 0xE0002014)
TAD70 034:908.668   CPU_WriteMem(4 bytes @ 0xE0002018)
TAD70 034:909.112   CPU_WriteMem(4 bytes @ 0xE000201C)
TAD70 034:909.492   CPU_WriteMem(4 bytes @ 0xE0002020)
TAD70 034:909.880   CPU_WriteMem(4 bytes @ 0xE0002024)
TAD70 034:910.392   CPU_ReadMem(4 bytes @ 0xE000EE08)
TAD70 034:910.752   CPU_ReadMem(4 bytes @ 0xE000EE08)
TAD70 034:911.224   CPU_WriteMem(4 bytes @ 0xE0001004)
TAD70 034:938.900   CPU_ReadMem(4 bytes @ 0xE0001004)
TAD70 034:939.452   CPU_WriteMem(6 bytes @ 0x22000000)
TAD70 034:940.408   ClockFreq: 249988800 Hz
TAD70 034:940.424 - 50.695ms returns 249988800
T56F8 035:412.424 JLINK_STRACE_Read(..., NumItems = 0x10000)
T56F8 035:412.488   Initializing trace type buffer with configured Coresight trace components (* indicates set/detected address):
T56F8 035:412.504    *TF:   0x80013000
T56F8 035:412.516    *TMC:  0x80014000
T56F8 035:412.524     ETB:  0x00000000
T56F8 035:412.536     MTB:  0x00000000
T56F8 035:412.544    *TPIU: 0xE0040000
T56F8 035:412.552    *ETM:  0xE0041000
T56F8 035:412.564     STM:  0x00000000
T56F8 035:412.572     PTM:  0x00000000
T56F8 035:413.160 - 0.737ms NumItemsRead = 0x00
T56F8 035:414.412 JLINK_ReadMem(0xE0001004, 0x4 Bytes, ...)
T56F8 035:414.468   Data:  D2 52 B3 C4
T56F8 035:414.484   Debug reg: DWT_CYCCNT
T56F8 035:414.500 - 0.087ms returns 0
T56F8 035:414.512 JLINK_IsHalted()
T56F8 035:415.244 - 0.730ms returns TRUE
T56F8 035:415.320 JLINK_STRACE_Read(..., NumItems = 0x10000)
T56F8 035:415.336 - 0.015ms NumItemsRead = 0x00
T56F8 035:416.456 JLINK_ReadMem(0xE0001004, 0x4 Bytes, ...)
T56F8 035:416.488   Data:  D2 52 B3 C4
T56F8 035:416.504   Debug reg: DWT_CYCCNT
T56F8 035:416.520 - 0.061ms returns 0
T56F8 035:416.532 JLINK_GoEx(MaxEmulInsts = 0, Flags = 0x01)
T56F8 035:416.548   CPU_ReadMem(4 bytes @ 0xE0001000)
T56F8 035:417.160   CPU_WriteMem(4 bytes @ 0xE0001004)
T56F8 035:421.352   Memory map 'after startup completion point' is active
T56F8 035:421.396 - 4.862ms 
T56F8 035:527.444 JLINK_IsHalted()
T56F8 035:528.008 - 0.562ms returns FALSE
T56F8 035:528.056 JLINK_IsHalted()
T56F8 035:528.440 - 0.383ms returns FALSE
T56F8 035:637.528 JLINK_IsHalted()
T56F8 035:638.000 - 0.471ms returns FALSE
T56F8 035:638.084 JLINK_IsHalted()
T56F8 035:638.492 - 0.409ms returns FALSE
T56F8 035:746.692 JLINK_IsHalted()
T56F8 035:747.392 - 0.697ms returns FALSE
T56F8 035:747.444 JLINK_IsHalted()
T56F8 035:748.008 - 0.563ms returns FALSE
T56F8 035:855.692 JLINK_IsHalted()
T56F8 035:856.352 - 0.658ms returns FALSE
T56F8 035:856.480 JLINK_IsHalted()
T56F8 035:856.940 - 0.459ms returns FALSE
T56F8 035:965.684 JLINK_IsHalted()
T56F8 035:966.408 - 0.724ms returns FALSE
T56F8 035:966.492 JLINK_IsHalted()
T56F8 035:967.084 - 0.590ms returns FALSE
T56F8 036:074.728 JLINK_IsHalted()
T56F8 036:075.448 - 0.717ms returns FALSE
T56F8 036:075.496 JLINK_IsHalted()
T56F8 036:075.960 - 0.467ms returns FALSE
T56F8 036:183.748 JLINK_IsHalted()
T56F8 036:184.584 - 0.834ms returns FALSE
T56F8 036:184.744 JLINK_IsHalted()
T56F8 036:185.448 - 0.707ms returns FALSE
T56F8 036:293.748 JLINK_IsHalted()
T56F8 036:294.316 - 0.568ms returns FALSE
T56F8 036:294.412 JLINK_IsHalted()
T56F8 036:294.884 - 0.469ms returns FALSE
T56F8 036:402.872 JLINK_IsHalted()
T56F8 036:403.624 - 0.746ms returns FALSE
T56F8 036:403.736 JLINK_IsHalted()
T56F8 036:404.204 - 0.463ms returns FALSE
TAD70 036:413.148 JLINK_IsHalted()
TAD70 036:413.676 - 0.526ms returns FALSE
TAD70 036:413.768 JLINK_IsHalted()
TAD70 036:414.228 - 0.457ms returns FALSE
T56F8 036:511.848 JLINK_IsHalted()
T56F8 036:512.408 - 0.556ms returns FALSE
T56F8 036:512.480 JLINK_IsHalted()
T56F8 036:513.020 - 0.540ms returns FALSE
T56F8 036:621.800 JLINK_IsHalted()
T56F8 036:622.504 - 0.701ms returns FALSE
T56F8 036:622.628 JLINK_IsHalted()
T56F8 036:623.092 - 0.465ms returns FALSE
T56F8 036:730.728 JLINK_IsHalted()
T56F8 036:731.516 - 0.789ms returns FALSE
T56F8 036:731.576 JLINK_IsHalted()
T56F8 036:732.176 - 0.598ms returns FALSE
T56F8 036:840.888 JLINK_IsHalted()
T56F8 036:841.928 - 1.036ms returns FALSE
T56F8 036:842.160 JLINK_IsHalted()
T56F8 036:842.992 - 0.830ms returns FALSE
T56F8 036:950.228 JLINK_IsHalted()
T56F8 036:951.516 - 1.289ms returns FALSE
T56F8 036:951.720 JLINK_IsHalted()
T56F8 036:952.660 - 0.939ms returns FALSE
T56F8 037:059.096 JLINK_IsHalted()
T56F8 037:060.040 - 0.944ms returns FALSE
T56F8 037:060.144 JLINK_IsHalted()
T56F8 037:060.772 - 0.627ms returns FALSE
T56F8 037:168.216 JLINK_IsHalted()
T56F8 037:169.096 - 0.878ms returns FALSE
T56F8 037:169.208 JLINK_IsHalted()
T56F8 037:169.844 - 0.633ms returns FALSE
T56F8 037:278.152 JLINK_IsHalted()
T56F8 037:279.176 - 1.022ms returns FALSE
T56F8 037:279.328 JLINK_IsHalted()
T56F8 037:279.976 - 0.646ms returns FALSE
T56F8 037:387.364 JLINK_IsHalted()
T56F8 037:388.300 - 0.935ms returns FALSE
T56F8 037:388.440 JLINK_IsHalted()
T56F8 037:389.128 - 0.693ms returns FALSE
TAD70 037:414.812 JLINK_IsHalted()
TAD70 037:415.596 - 0.782ms returns FALSE
TAD70 037:415.736 JLINK_IsHalted()
TAD70 037:416.456 - 0.724ms returns FALSE
T56F8 037:496.548 JLINK_IsHalted()
T56F8 037:497.440 - 0.893ms returns FALSE
T56F8 037:497.528 JLINK_IsHalted()
T56F8 037:498.248 - 0.718ms returns FALSE
T56F8 037:606.348 JLINK_IsHalted()
T56F8 037:607.156 - 0.805ms returns FALSE
T56F8 037:607.364 JLINK_IsHalted()
T56F8 037:607.948 - 0.585ms returns FALSE
T56F8 037:715.440 JLINK_IsHalted()
T56F8 037:716.312 - 0.871ms returns FALSE
T56F8 037:716.504 JLINK_IsHalted()
T56F8 037:717.128 - 0.620ms returns FALSE
T56F8 037:824.356 JLINK_IsHalted()
T56F8 037:825.204 - 0.863ms returns FALSE
T56F8 037:825.296 JLINK_IsHalted()
T56F8 037:825.972 - 0.675ms returns FALSE
T56F8 037:934.432 JLINK_IsHalted()
T56F8 037:935.296 - 0.864ms returns FALSE
T56F8 037:935.372 JLINK_IsHalted()
T56F8 037:935.868 - 0.496ms returns FALSE
T56F8 038:043.392 JLINK_IsHalted()
T56F8 038:044.104 - 0.713ms returns FALSE
T56F8 038:044.160 JLINK_IsHalted()
T56F8 038:044.644 - 0.483ms returns FALSE
T56F8 038:152.424 JLINK_IsHalted()
T56F8 038:153.204 - 0.779ms returns FALSE
T56F8 038:153.280 JLINK_IsHalted()
T56F8 038:153.832 - 0.549ms returns FALSE
T56F8 038:262.748 JLINK_IsHalted()
T56F8 038:263.592 - 0.843ms returns FALSE
T56F8 038:263.688 JLINK_IsHalted()
T56F8 038:264.284 - 0.600ms returns FALSE
T56F8 038:371.128 JLINK_IsHalted()
T56F8 038:371.920 - 0.789ms returns FALSE
T56F8 038:372.020 JLINK_IsHalted()
T56F8 038:372.520 - 0.502ms returns FALSE
TAD70 038:416.656 JLINK_IsHalted()
TAD70 038:417.208 - 0.552ms returns FALSE
TAD70 038:417.296 JLINK_IsHalted()
TAD70 038:417.732 - 0.435ms returns FALSE
T56F8 038:481.376 JLINK_IsHalted()
T56F8 038:481.992 - 0.611ms returns FALSE
T56F8 038:482.096 JLINK_IsHalted()
T56F8 038:482.648 - 0.550ms returns FALSE
T56F8 038:590.416 JLINK_IsHalted()
T56F8 038:591.004 - 0.591ms returns FALSE
T56F8 038:591.088 JLINK_IsHalted()
T56F8 038:591.472 - 0.382ms returns FALSE
T56F8 038:699.384 JLINK_IsHalted()
T56F8 038:700.048 - 0.665ms returns FALSE
T56F8 038:700.128 JLINK_IsHalted()
T56F8 038:700.576 - 0.448ms returns FALSE
T56F8 038:809.448 JLINK_IsHalted()
T56F8 038:810.088 - 0.638ms returns FALSE
T56F8 038:810.136 JLINK_IsHalted()
T56F8 038:810.532 - 0.394ms returns FALSE
T56F8 038:918.596 JLINK_IsHalted()
T56F8 038:919.120 - 0.524ms returns FALSE
T56F8 038:919.160 JLINK_IsHalted()
T56F8 038:919.528 - 0.368ms returns FALSE
T56F8 039:027.656 JLINK_IsHalted()
T56F8 039:028.216 - 0.559ms returns FALSE
T56F8 039:028.284 JLINK_IsHalted()
T56F8 039:028.640 - 0.355ms returns FALSE
T56F8 039:136.920 JLINK_IsHalted()
T56F8 039:137.476 - 0.552ms returns FALSE
T56F8 039:137.548 JLINK_IsHalted()
T56F8 039:137.972 - 0.422ms returns FALSE
T56F8 039:246.912 JLINK_IsHalted()
T56F8 039:247.520 - 0.606ms returns FALSE
T56F8 039:247.576 JLINK_IsHalted()
T56F8 039:247.976 - 0.399ms returns FALSE
T56F8 039:356.136 JLINK_IsHalted()
T56F8 039:356.696 - 0.558ms returns FALSE
T56F8 039:356.740 JLINK_IsHalted()
T56F8 039:357.080 - 0.342ms returns FALSE
TAD70 039:418.512 JLINK_IsHalted()
TAD70 039:419.488 - 0.978ms returns FALSE
TAD70 039:419.584 JLINK_IsHalted()
TAD70 039:420.236 - 0.653ms returns FALSE
T56F8 039:465.204 JLINK_IsHalted()
T56F8 039:465.768 - 0.561ms returns FALSE
T56F8 039:465.816 JLINK_IsHalted()
T56F8 039:466.240 - 0.420ms returns FALSE
T56F8 039:575.140 JLINK_IsHalted()
T56F8 039:575.820 - 0.679ms returns FALSE
T56F8 039:575.860 JLINK_IsHalted()
T56F8 039:576.392 - 0.530ms returns FALSE
T56F8 039:684.152 JLINK_IsHalted()
T56F8 039:684.880 - 0.727ms returns FALSE
T56F8 039:684.968 JLINK_IsHalted()
T56F8 039:685.520 - 0.555ms returns FALSE
T56F8 039:793.168 JLINK_IsHalted()
T56F8 039:794.004 - 0.833ms returns FALSE
T56F8 039:794.108 JLINK_IsHalted()
T56F8 039:794.608 - 0.500ms returns FALSE
T56F8 039:903.216 JLINK_IsHalted()
T56F8 039:903.916 - 0.700ms returns FALSE
T56F8 039:904.004 JLINK_IsHalted()
T56F8 039:904.504 - 0.502ms returns FALSE
T56F8 040:012.272 JLINK_IsHalted()
T56F8 040:012.916 - 0.643ms returns FALSE
T56F8 040:012.992 JLINK_IsHalted()
T56F8 040:013.500 - 0.507ms returns FALSE
T56F8 040:121.340 JLINK_IsHalted()
T56F8 040:121.988 - 0.643ms returns FALSE
T56F8 040:122.092 JLINK_IsHalted()
T56F8 040:122.484 - 0.392ms returns FALSE
T56F8 040:230.656 JLINK_IsHalted()
T56F8 040:231.432 - 0.779ms returns FALSE
T56F8 040:231.564 JLINK_IsHalted()
T56F8 040:232.436 - 0.867ms returns FALSE
T56F8 040:340.564 JLINK_IsHalted()
T56F8 040:341.616 - 1.051ms returns FALSE
T56F8 040:341.696 JLINK_IsHalted()
T56F8 040:342.240 - 0.544ms returns FALSE
TAD70 040:420.888 JLINK_IsHalted()
TAD70 040:421.408 - 0.517ms returns FALSE
TAD70 040:421.496 JLINK_IsHalted()
TAD70 040:421.872 - 0.377ms returns FALSE
T56F8 040:449.520 JLINK_IsHalted()
T56F8 040:450.428 - 0.909ms returns FALSE
T56F8 040:450.516 JLINK_IsHalted()
T56F8 040:451.068 - 0.551ms returns FALSE
T56F8 040:559.448 JLINK_IsHalted()
T56F8 040:560.036 - 0.585ms returns FALSE
T56F8 040:560.112 JLINK_IsHalted()
T56F8 040:560.552 - 0.437ms returns FALSE
T56F8 040:668.500 JLINK_IsHalted()
T56F8 040:669.032 - 0.527ms returns FALSE
T56F8 040:669.112 JLINK_IsHalted()
T56F8 040:669.512 - 0.398ms returns FALSE
T56F8 040:777.640 JLINK_IsHalted()
T56F8 040:778.204 - 0.563ms returns FALSE
T56F8 040:778.316 JLINK_IsHalted()
T56F8 040:778.704 - 0.386ms returns FALSE
T56F8 040:887.688 JLINK_IsHalted()
T56F8 040:888.232 - 0.542ms returns FALSE
T56F8 040:888.300 JLINK_IsHalted()
T56F8 040:888.636 - 0.337ms returns FALSE
T56F8 040:996.684 JLINK_IsHalted()
T56F8 040:997.476 - 0.790ms returns FALSE
T56F8 040:997.596 JLINK_IsHalted()
T56F8 040:998.132 - 0.532ms returns FALSE
T56F8 041:105.692 JLINK_IsHalted()
T56F8 041:106.504 - 0.810ms returns FALSE
T56F8 041:106.560 JLINK_IsHalted()
T56F8 041:107.084 - 0.525ms returns FALSE
T56F8 041:215.696 JLINK_IsHalted()
T56F8 041:216.512 - 0.814ms returns FALSE
T56F8 041:216.596 JLINK_IsHalted()
T56F8 041:217.284 - 0.687ms returns FALSE
T56F8 041:324.748 JLINK_IsHalted()
T56F8 041:325.324 - 0.576ms returns FALSE
T56F8 041:325.404 JLINK_IsHalted()
T56F8 041:325.752 - 0.348ms returns FALSE
TAD70 041:422.896 JLINK_IsHalted()
TAD70 041:423.444 - 0.547ms returns FALSE
TAD70 041:423.512 JLINK_IsHalted()
TAD70 041:424.088 - 0.573ms returns FALSE
T56F8 041:433.624 JLINK_IsHalted()
T56F8 041:434.136 - 0.510ms returns FALSE
T56F8 041:434.204 JLINK_IsHalted()
T56F8 041:434.636 - 0.429ms returns FALSE
T56F8 041:543.780 JLINK_IsHalted()
T56F8 041:544.512 - 0.732ms returns FALSE
T56F8 041:544.572 JLINK_IsHalted()
T56F8 041:545.180 - 0.605ms returns FALSE
T56F8 041:652.712 JLINK_IsHalted()
T56F8 041:653.428 - 0.717ms returns FALSE
T56F8 041:653.496 JLINK_IsHalted()
T56F8 041:653.912 - 0.414ms returns FALSE
T56F8 041:761.924 JLINK_IsHalted()
T56F8 041:762.848 - 0.924ms returns FALSE
T56F8 041:762.944 JLINK_IsHalted()
T56F8 041:763.368 - 0.426ms returns FALSE
T56F8 041:871.796 JLINK_IsHalted()
T56F8 041:872.480 - 0.683ms returns FALSE
T56F8 041:872.588 JLINK_IsHalted()
T56F8 041:873.136 - 0.547ms returns FALSE
T56F8 041:980.996 JLINK_IsHalted()
T56F8 041:981.528 - 0.529ms returns FALSE
T56F8 041:981.776 JLINK_IsHalted()
T56F8 041:982.484 - 0.706ms returns FALSE
T56F8 042:090.148 JLINK_IsHalted()
T56F8 042:090.984 - 0.837ms returns FALSE
T56F8 042:091.076 JLINK_IsHalted()
T56F8 042:091.828 - 0.751ms returns FALSE
T56F8 042:200.120 JLINK_IsHalted()
T56F8 042:200.904 - 0.780ms returns FALSE
T56F8 042:201.032 JLINK_IsHalted()
T56F8 042:201.516 - 0.482ms returns FALSE
T56F8 042:309.096 JLINK_IsHalted()
T56F8 042:309.996 - 0.899ms returns FALSE
T56F8 042:310.088 JLINK_IsHalted()
T56F8 042:310.840 - 0.752ms returns FALSE
T56F8 042:418.092 JLINK_IsHalted()
T56F8 042:418.684 - 0.591ms returns FALSE
T56F8 042:418.728 JLINK_IsHalted()
T56F8 042:419.136 - 0.411ms returns FALSE
TAD70 042:424.456 JLINK_IsHalted()
TAD70 042:424.884 - 0.424ms returns FALSE
TAD70 042:424.936 JLINK_IsHalted()
TAD70 042:425.384 - 0.445ms returns FALSE
T56F8 042:528.112 JLINK_IsHalted()
T56F8 042:528.740 - 0.624ms returns FALSE
T56F8 042:528.816 JLINK_IsHalted()
T56F8 042:529.344 - 0.526ms returns FALSE
T56F8 042:637.104 JLINK_IsHalted()
T56F8 042:637.660 - 0.557ms returns FALSE
T56F8 042:637.740 JLINK_IsHalted()
T56F8 042:638.384 - 0.641ms returns FALSE
T56F8 042:746.200 JLINK_IsHalted()
T56F8 042:746.872 - 0.672ms returns FALSE
T56F8 042:746.940 JLINK_IsHalted()
T56F8 042:747.444 - 0.502ms returns FALSE
T56F8 042:856.128 JLINK_IsHalted()
T56F8 042:856.900 - 0.767ms returns FALSE
T56F8 042:857.004 JLINK_IsHalted()
T56F8 042:857.580 - 0.577ms returns FALSE
T56F8 042:965.048 JLINK_IsHalted()
T56F8 042:965.624 - 0.579ms returns FALSE
T56F8 042:965.676 JLINK_IsHalted()
T56F8 042:966.060 - 0.384ms returns FALSE
T56F8 043:075.080 JLINK_IsHalted()
T56F8 043:075.688 - 0.612ms returns FALSE
T56F8 043:075.792 JLINK_IsHalted()
T56F8 043:076.236 - 0.445ms returns FALSE
T56F8 043:184.064 JLINK_IsHalted()
T56F8 043:184.600 - 0.532ms returns FALSE
T56F8 043:184.648 JLINK_IsHalted()
T56F8 043:185.004 - 0.357ms returns FALSE
T56F8 043:293.384 JLINK_IsHalted()
T56F8 043:294.020 - 0.632ms returns FALSE
T56F8 043:294.136 JLINK_IsHalted()
T56F8 043:294.648 - 0.513ms returns FALSE
T56F8 043:402.424 JLINK_IsHalted()
T56F8 043:402.976 - 0.550ms returns FALSE
T56F8 043:403.032 JLINK_IsHalted()
T56F8 043:403.512 - 0.477ms returns FALSE
TAD70 043:425.860 JLINK_IsHalted()
TAD70 043:426.476 - 0.617ms returns FALSE
TAD70 043:426.524 JLINK_IsHalted()
TAD70 043:426.892 - 0.366ms returns FALSE
T56F8 043:511.992 JLINK_IsHalted()
T56F8 043:512.556 - 0.563ms returns FALSE
T56F8 043:512.604 JLINK_IsHalted()
T56F8 043:512.972 - 0.370ms returns FALSE
T56F8 043:622.004 JLINK_IsHalted()
T56F8 043:622.588 - 0.585ms returns FALSE
T56F8 043:622.632 JLINK_IsHalted()
T56F8 043:623.004 - 0.369ms returns FALSE
T56F8 043:731.364 JLINK_IsHalted()
T56F8 043:732.012 - 0.650ms returns FALSE
T56F8 043:732.096 JLINK_IsHalted()
T56F8 043:732.700 - 0.602ms returns FALSE
T56F8 043:840.408 JLINK_IsHalted()
T56F8 043:841.152 - 0.742ms returns FALSE
T56F8 043:841.296 JLINK_IsHalted()
T56F8 043:841.832 - 0.533ms returns FALSE
T56F8 043:949.504 JLINK_IsHalted()
T56F8 043:950.600 - 1.093ms returns FALSE
T56F8 043:950.680 JLINK_IsHalted()
T56F8 043:951.096 - 0.418ms returns FALSE
T56F8 044:059.556 JLINK_IsHalted()
T56F8 044:060.216 - 0.658ms returns FALSE
T56F8 044:060.280 JLINK_IsHalted()
T56F8 044:060.712 - 0.432ms returns FALSE
T56F8 044:168.704 JLINK_IsHalted()
T56F8 044:169.368 - 0.661ms returns FALSE
T56F8 044:169.444 JLINK_IsHalted()
T56F8 044:169.820 - 0.376ms returns FALSE
T56F8 044:277.688 JLINK_IsHalted()
T56F8 044:278.284 - 0.598ms returns FALSE
T56F8 044:278.324 JLINK_IsHalted()
T56F8 044:278.712 - 0.385ms returns FALSE
T56F8 044:387.336 JLINK_IsHalted()
T56F8 044:387.824 - 0.488ms returns FALSE
T56F8 044:387.900 JLINK_IsHalted()
T56F8 044:388.264 - 0.363ms returns FALSE
TAD70 044:426.876 JLINK_IsHalted()
TAD70 044:427.440 - 0.561ms returns FALSE
TAD70 044:427.500 JLINK_IsHalted()
TAD70 044:427.880 - 0.379ms returns FALSE
T2040 044:986.672 JLINK_Halt()
T2040 044:990.800 - 4.126ms returns 0x00
T2040 044:990.872 JLINK_ReadReg(XPSR)
T2040 044:991.332   CPU_ReadMem(4 bytes @ 0xE000EE08)
T2040 044:991.916 - 1.043ms returns 0x29000000
T2040 044:996.112 JLINK_Close()
T2040 045:012.500 - 16.386ms
T2040 045:012.548   
T2040 045:012.556   Closed
