T8ED4 000:002.269   SEGGER J-Link V7.98g Log File
T8ED4 000:002.510   DLL Compiled: Sep  5 2024 11:46:36
T8ED4 000:002.526   Logging started @ 2024-11-05 02:55
T8ED4 000:002.542   Process: C:\Users\trung.tran-quoc\.eclipse\com.renesas.platform_787258589\DebugComp\RA\e2-server-gdb.exe
T8ED4 000:002.560 - 2.557ms
T8ED4 000:002.587 JLINK_GetDLLVersion()
T8ED4 000:002.602 - 0.016ms returns 79807
T8ED4 000:313.006 JLINK_OpenEx(...)
T8ED4 000:372.559   Firmware: J-Link OB-S124 compiled Sep 26 2024 19:38:01
T8ED4 000:374.098   Firmware: J-Link OB-S124 compiled Sep 26 2024 19:38:01
T8ED4 000:403.942   Hardware: V1.00
T8ED4 000:404.016   S/N: 831378452
T8ED4 000:404.054   OEM: SEGGER
T8ED4 000:404.091   Feature(s): None
T8ED4 000:405.997   Bootloader: 2017 Feb 06
T8ED4 000:407.472   USB speed mode: Full speed (12 MBit/s)
T8ED4 000:408.527   TELNET listener socket opened on port 19021
T8ED4 000:408.871   WEBSRV WEBSRV_Init(): Starting webserver thread(s)
T8ED4 000:409.319   WEBSRV Webserver running on local port 19080
T8ED4 000:409.679   Looking for J-Link GUI Server exe at: C:\Users\trung.tran-quoc\.eclipse\com.renesas.platform_787258589\DebugComp\RA\ARM\Segger_v7.98.7\JLinkGUIServer.exe
T8ED4 000:410.019   Looking for J-Link GUI Server exe at: C:\Users\trung.tran-quoc\SEGGER\JLink_V798g\JLinkGUIServer.exe
T8ED4 000:410.122   Forking J-Link GUI Server: C:\Users\trung.tran-quoc\SEGGER\JLink_V798g\JLinkGUIServer.exe
T8ED4 000:692.866   J-Link GUI Server info: "J-Link GUI server V7.98g "
T8ED4 000:717.501 - 404.476ms returns "O.K."
T8ED4 000:717.674 JLINK_ExecCommand("ProjectFile=C:\Users\trung.tran-quoc\ra_github\ra-solutions-rvc\application_projects\r11an0473\plaintext_key_injection_ek_ra6m3/plaintext_key_injection_ek_ra6m3 Debug_Flat.jlink", ...). 
T8ED4 000:750.522 - 32.850ms returns 0x00
T8ED4 000:751.998 JLINK_ExecCommand("device=R7FA6M3AH", ...). 
T8ED4 000:753.368   Flash bank @ 0x0100A150: SFL: Parsing sectorization info from ELF file
T8ED4 000:753.415     FlashDevice.SectorInfo[0]: .SectorSize = 0x00000020, .SectorStartAddr = 0x00000000
T8ED4 000:754.100   Flash bank @ 0x60000000: SFL: Parsing sectorization info from ELF file
T8ED4 000:754.143     FlashDevice.SectorInfo[0]: .SectorSize = 0x00010000, .SectorStartAddr = 0x00000000
T8ED4 000:758.748   Device "R7FA6M3AH" selected.
T8ED4 000:762.686 - 10.647ms returns 0x00
T8ED4 000:762.761 JLINK_ExecCommand("SetCPUConnectIDCODE = FFFFFFFFFFFFFFFFFFFFFFFFFFFFFFFF", ...). 
T8ED4 000:762.788 - 0.005ms returns 0x00
T8ED4 000:762.809 JLINK_TIF_GetAvailable(...)
T8ED4 000:763.378 - 0.567ms
T8ED4 000:763.409 JLINK_TIF_Select(JLINKARM_TIF_SWD)
T8ED4 000:765.133 - 1.724ms returns 0x00
T8ED4 000:765.157 JLINK_SetSpeed(4000)
T8ED4 000:765.441 - 0.285ms
T8ED4 000:765.464 JLINK_SetEndian(ARM_ENDIAN_LITTLE)
T8ED4 000:765.485 - 0.021ms returns 0
T8ED4 000:765.508 JLINK_SetInitRegsOnReset(OFF)
T8ED4 000:765.528 - 0.022ms returns 1
T8ED4 000:765.549 JLINK_SetResetType(JLINKARM_RESET_TYPE_NO_RESET)
T8ED4 000:765.567 - 0.018ms returns JLINKARM_RESET_TYPE_NORMAL
T8ED4 000:765.587 JLINK_ExecCommand("EnableFlashBPs", ...). 
T8ED4 000:765.607 - 0.000ms returns 0x00
T8ED4 000:765.630 JLINK_ExecCommand("SetAllowFlashCache = 1", ...). 
T8ED4 000:765.651 - 0.000ms returns 0x01
T8ED4 000:765.672 JLINK_ExecCommand("SetRestartOnClose = 0", ...). 
T8ED4 000:765.696 - 0.001ms returns 0x01
T8ED4 000:765.716 JLINK_EnableSoftBPs(ON)
T8ED4 000:765.733 - 0.016ms
T8ED4 000:765.753 JLINK_Connect()
T8ED4 000:766.253   InitTarget() start
T8ED4 000:766.305    J-Link Script File: Executing InitTarget()
T8ED4 000:766.330   Identifying target device...
T8ED4 000:766.356   SWD selected. Executing JTAG -> SWD switching sequence...
T8ED4 000:767.381   Initializing DAP...
T8ED4 000:771.029   DAP initialized successfully.
T8ED4 000:775.496   Low power mode detected. Waking device from low power mode.
T8ED4 000:784.565   InitTarget() end - Took 18.2ms
T8ED4 000:785.950   Found SW-DP with ID 0x5BA02477
T8ED4 000:790.967   DPIDR: 0x5BA02477
T8ED4 000:791.014   CoreSight SoC-400 or earlier
T8ED4 000:791.104   Scanning AP map to find all available APs
T8ED4 000:793.338   AP[2]: Stopped AP scan as end of AP map has been reached
T8ED4 000:793.376   AP[0]: AHB-AP (IDR: 0x24770011, ADDR: 0x00000000)
T8ED4 000:793.402   AP[1]: APB-AP (IDR: 0x44770002, ADDR: 0x01000000)
T8ED4 000:793.426   Iterating through AP map to find AHB-AP to use
T8ED4 000:795.427   AP[0]: Core found
T8ED4 000:795.453   AP[0]: AHB-AP ROM base: 0xE00FF000
T8ED4 000:796.541   CPUID register: 0x410FC241. Implementer code: 0x41 (ARM)
T8ED4 000:796.574   Found Cortex-M4 r0p1, Little endian.
T8ED4 000:797.434   -- Max. mem block: 0x00001AE0
T8ED4 000:798.841   CPU_ReadMem(4 bytes @ 0xE000EDF0)
T8ED4 000:799.619   CPU_WriteMem(4 bytes @ 0xE000EDF0)
T8ED4 000:800.431   CPU_ReadMem(4 bytes @ 0xE0002000)
T8ED4 000:801.251   FPUnit: 6 code (BP) slots and 2 literal slots
T8ED4 000:801.284   CPU_ReadMem(4 bytes @ 0xE000EDFC)
T8ED4 000:801.969   CPU_WriteMem(4 bytes @ 0xE000EDFC)
T8ED4 000:802.839   CPU_ReadMem(4 bytes @ 0xE0001000)
T8ED4 000:803.632   CPU_WriteMem(4 bytes @ 0xE0001000)
T8ED4 000:804.522   CPU_ReadMem(4 bytes @ 0xE000ED88)
T8ED4 000:805.397   CPU_WriteMem(4 bytes @ 0xE000ED88)
T8ED4 000:806.233   CPU_ReadMem(4 bytes @ 0xE000ED88)
T8ED4 000:807.031   CPU_WriteMem(4 bytes @ 0xE000ED88)
T8ED4 000:807.888   CoreSight components:
T8ED4 000:807.916   ROMTbl[0] @ E00FF000
T8ED4 000:807.941   CPU_ReadMem(64 bytes @ 0xE00FF000)
T8ED4 000:809.456   CPU_ReadMem(32 bytes @ 0xE000EFE0)
T8ED4 000:810.679   [0][0]: E000E000 CID B105E00D PID 000BB00C SCS-M7
T8ED4 000:810.706   CPU_ReadMem(32 bytes @ 0xE0001FE0)
T8ED4 000:811.877   [0][1]: E0001000 CID B105E00D PID 003BB002 DWT
T8ED4 000:811.902   CPU_ReadMem(32 bytes @ 0xE0002FE0)
T8ED4 000:813.017   [0][2]: E0002000 CID B105E00D PID 002BB003 FPB
T8ED4 000:813.047   CPU_ReadMem(32 bytes @ 0xE0000FE0)
T8ED4 000:814.266   [0][3]: E0000000 CID B105E00D PID 003BB001 ITM
T8ED4 000:814.291   CPU_ReadMem(32 bytes @ 0xE0040FE0)
T8ED4 000:815.488   [0][4]: E0040000 CID B105900D PID 000BB9A1 TPIU
T8ED4 000:815.547   CPU_ReadMem(32 bytes @ 0xE0041FE0)
T8ED4 000:816.557   [0][5]: E0041000 CID B105900D PID 000BB925 ETM
T8ED4 000:816.592   CPU_ReadMem(32 bytes @ 0xE0042FE0)
T8ED4 000:817.744   [0][6]: E0042000 CID B105900D PID 002BB908 CSTF
T8ED4 000:817.793   CPU_ReadMem(32 bytes @ 0xE0043FE0)
T8ED4 000:819.091   [0][7]: E0043000 CID B105900D PID 001BB961 TMC
T8ED4 000:819.157   CPU_ReadMem(32 bytes @ 0xE0044FE0)
T8ED4 000:820.345   [0][8]: E0044000 CID B105F00D PID 001BB101 TSG
T8ED4 000:820.427 - 54.673ms returns 0x00
T8ED4 000:820.451 JLINK_Halt()
T8ED4 000:825.928 - 5.476ms returns 0x00
T8ED4 000:825.976 JLINK_IsHalted()
T8ED4 000:826.010 - 0.033ms returns TRUE
T8ED4 000:826.055 JLINK_ResetPullsRESET(ON)
T8ED4 000:826.087 - 0.031ms
T8ED4 000:826.103 JLINK_Reset()
T8ED4 000:826.147   CPU_WriteMem(4 bytes @ 0xE000EDF0)
T8ED4 000:827.107   CPU_WriteMem(4 bytes @ 0xE000EDFC)
T8ED4 000:827.906   Reset: Halt core after reset via DEMCR.VC_CORERESET.
T8ED4 000:829.085   Reset: Reset device via AIRCR.SYSRESETREQ.
T8ED4 000:829.113   CPU_WriteMem(4 bytes @ 0xE000ED0C)
T8ED4 000:883.755   CPU_ReadMem(4 bytes @ 0xE000EDF0)
T8ED4 000:884.501   CPU_ReadMem(4 bytes @ 0xE000EDF0)
T8ED4 000:885.212   CPU_WriteMem(4 bytes @ 0xE000EDFC)
T8ED4 000:892.272   CPU_ReadMem(4 bytes @ 0xE000EDF0)
T8ED4 000:898.272   CPU_WriteMem(4 bytes @ 0xE0002000)
T8ED4 000:899.209   CPU_ReadMem(4 bytes @ 0xE000EDFC)
T8ED4 000:900.025   CPU_ReadMem(4 bytes @ 0xE0001000)
T8ED4 000:900.904 - 74.800ms
T8ED4 000:900.995 JLINK_ReadMemEx(0x407FB19C, 0x8 Bytes, Flags = 0x00000004)
T8ED4 000:901.017   CPU_ReadMem(8 bytes @ 0x407FB19C)
T8ED4 000:901.838   Data:  00 70 00 01 00 00 00 00
T8ED4 000:901.874 - 0.878ms returns 8 (0x8)
T8ED4 000:901.903 JLINK_ReadMem(0x01007024, 0x10 Bytes, ...)
T8ED4 000:901.924   CPU_ReadMem(16 bytes @ 0x01007024)
T8ED4 000:902.714   Data:  52 37 46 41 36 4D 33 41 48 33 43 46 43 20 20 20
T8ED4 000:902.758 - 0.854ms returns 0
T8ED4 000:902.787 JLINK_IsHalted()
T8ED4 000:902.806 - 0.019ms returns TRUE
T8ED4 000:903.064 JLINK_MeasureCPUSpeed(RAMAddr = 0xFFFFFFFF)
T8ED4 000:903.083   CPU_ReadMem(16 bytes @ 0x1FFE0000)
T8ED4 000:903.971   CPU_ReadMem(64 bytes @ 0x1FFE0000)
T8ED4 000:905.455    -- Updating C cache (64 bytes @ 0x1FFE0000)
T8ED4 000:905.480    -- Read from C cache (6 bytes @ 0x1FFE0000)
T8ED4 000:905.501   CPU_ReadMem(4 bytes @ 0xE000ED90)
T8ED4 000:906.210   CPU_ReadMem(4 bytes @ 0xE000ED94)
T8ED4 000:906.930   CPU_WriteMem(16 bytes @ 0x1FFE0000)
T8ED4 000:907.847   CPU_WriteMem(6 bytes @ 0x1FFE0000)
T8ED4 000:908.704   CPU_ReadMem(64 bytes @ 0x1FFE0000)
T8ED4 000:910.258    -- Updating C cache (64 bytes @ 0x1FFE0000)
T8ED4 000:910.295    -- Read from C cache (6 bytes @ 0x1FFE0000)
T8ED4 000:910.325   CPU_WriteMem(4 bytes @ 0xE0002008)
T8ED4 000:910.346   CPU_WriteMem(4 bytes @ 0xE000200C)
T8ED4 000:910.365   CPU_WriteMem(4 bytes @ 0xE0002010)
T8ED4 000:910.385   CPU_WriteMem(4 bytes @ 0xE0002014)
T8ED4 000:910.405   CPU_WriteMem(4 bytes @ 0xE0002018)
T8ED4 000:910.424   CPU_WriteMem(4 bytes @ 0xE000201C)
T8ED4 000:922.904   CPU_WriteMem(4 bytes @ 0xE0002008)
T8ED4 000:923.820   CPU_WriteMem(4 bytes @ 0xE000200C)
T8ED4 000:924.631   CPU_WriteMem(4 bytes @ 0xE0002010)
T8ED4 000:925.428   CPU_WriteMem(4 bytes @ 0xE0002014)
T8ED4 000:926.364   CPU_WriteMem(4 bytes @ 0xE0002018)
T8ED4 000:927.264   CPU_WriteMem(4 bytes @ 0xE000201C)
T8ED4 000:957.089   CPU_WriteMem(6 bytes @ 0x1FFE0000)
T8ED4 000:958.073   ClockFreq: 1997100 Hz
T8ED4 000:958.094 - 55.029ms returns 1997100
T8ED4 000:958.116 JLINK_ReadReg(XPSR)
T8ED4 000:958.132 - 0.015ms returns 0x01000000
T7760 003:125.595 JLINK_ReadReg(XPSR)
T7760 003:126.448 - 0.853ms returns 0x01000000
T7760 003:236.209 JLINK_ReadReg(XPSR)
T7760 003:236.304 - 0.094ms returns 0x01000000
T7760 004:260.710 JLINK_SetEndian(ARM_ENDIAN_LITTLE)
T7760 004:260.821 - 0.113ms returns 0
T7760 004:261.181 JLINK_BeginDownload(Flags = 0x00000000)
T7760 004:261.363 - 0.180ms
T7760 004:310.053 JLINK_WriteMem(0x00000000, 0xBD0 Bytes, ...)
T7760 004:310.153   Data:  60 42 FE 1F 4D 16 01 00 ED 14 01 00 49 16 01 00 ...
T7760 004:311.085   completely In flash
T7760 004:311.209 - 1.156ms returns 0xBD0
T7760 004:312.913 JLINK_WriteMem(0x00000BD0, 0xBC0 Bytes, ...)
T7760 004:313.011   Data:  0A EB 05 01 09 EB 04 03 03 98 42 46 14 F0 B6 FA ...
T7760 004:313.079   completely In flash
T7760 004:313.133 - 0.220ms returns 0xBC0
T7760 004:314.078 JLINK_WriteMem(0x00001790, 0xBC0 Bytes, ...)
T7760 004:314.163   Data:  42 67 FF F7 CB BE 6F F0 0C 00 5D F8 04 4B 70 47 ...
T7760 004:314.231   completely In flash
T7760 004:314.285 - 0.209ms returns 0xBC0
T7760 004:315.195 JLINK_WriteMem(0x00002350, 0xBB0 Bytes, ...)
T7760 004:315.330   Data:  01 2B F4 D9 10 2A 00 F0 92 80 50 2A 40 F0 95 80 ...
T7760 004:315.437   completely In flash
T7760 004:315.537 - 0.342ms returns 0xBB0
T7760 004:316.511 JLINK_WriteMem(0x00002F00, 0xBD0 Bytes, ...)
T7760 004:316.624   Data:  19 F0 A8 FA 22 69 E3 69 9A 42 02 DC 63 69 00 2B ...
T7760 004:316.690   completely In flash
T7760 004:316.745 - 0.235ms returns 0xBD0
T7760 004:317.605 JLINK_WriteMem(0x00003AD0, 0xBD0 Bytes, ...)
T7760 004:317.695   Data:  0E F0 F6 F9 00 28 E5 DC 00 48 E4 E7 80 BF FF FF ...
T7760 004:317.758   completely In flash
T7760 004:317.818 - 0.213ms returns 0xBD0
T7760 004:318.757 JLINK_WriteMem(0x000046A0, 0xBA0 Bytes, ...)
T7760 004:318.833   Data:  20 02 FC F7 0D FF 06 46 F8 B9 0D BB 4F F6 F8 73 ...
T7760 004:318.888   completely In flash
T7760 004:318.931 - 0.174ms returns 0xBA0
T7760 004:319.883 JLINK_WriteMem(0x00005240, 0xBD0 Bytes, ...)
T7760 004:319.969   Data:  04 4B C3 F8 B0 10 C3 F8 A4 20 70 47 00 00 0C 40 ...
T7760 004:320.027   completely In flash
T7760 004:320.080 - 0.198ms returns 0xBD0
T7760 004:321.013 JLINK_WriteMem(0x00005E10, 0xBC0 Bytes, ...)
T7760 004:321.098   Data:  49 13 38 49 43 62 4B 6A 98 02 FC D4 40 F2 49 13 ...
T7760 004:321.169   completely In flash
T7760 004:321.224 - 0.212ms returns 0xBC0
T7760 004:322.075 JLINK_WriteMem(0x000069D0, 0xBB0 Bytes, ...)
T7760 004:322.180   Data:  04 21 C4 F8 E0 30 9D 4C D4 F8 04 31 00 2B FB DA ...
T7760 004:322.245   completely In flash
T7760 004:322.299 - 0.224ms returns 0xBB0
T7760 004:323.299 JLINK_WriteMem(0x00007580, 0xBB0 Bytes, ...)
T7760 004:323.387   Data:  45 0C 80 00 05 7A 08 00 52 09 16 C3 E4 A2 FD 66 ...
T7760 004:323.451   completely In flash
T7760 004:323.500 - 0.202ms returns 0xBB0
T7760 004:324.470 JLINK_WriteMem(0x00008130, 0xBB0 Bytes, ...)
T7760 004:324.567   Data:  40 23 04 4A C4 F8 BC 31 93 69 DD 04 FC D4 48 46 ...
T7760 004:324.625   completely In flash
T7760 004:324.677 - 0.208ms returns 0xBB0
T7760 004:325.704 JLINK_WriteMem(0x00008CE0, 0xBC0 Bytes, ...)
T7760 004:325.804   Data:  5A 00 FC D5 D4 F8 00 21 32 4B F2 60 32 49 33 4A ...
T7760 004:325.879   completely In flash
T7760 004:325.942 - 0.239ms returns 0xBC0
T7760 004:327.390 JLINK_WriteMem(0x000098A0, 0xBC0 Bytes, ...)
T7760 004:327.497   Data:  00 31 EB 60 D3 69 B3 F1 80 7F 19 D3 D3 69 03 F0 ...
T7760 004:327.652   completely In flash
T7760 004:327.717 - 0.329ms returns 0xBC0
T7760 004:328.853 JLINK_WriteMem(0x0000A460, 0xBB0 Bytes, ...)
T7760 004:328.963   Data:  FB 69 03 F0 7F 43 B3 F1 00 7F 00 F0 AA 80 FB 69 ...
T7760 004:329.035   completely In flash
T7760 004:329.097 - 0.244ms returns 0xBB0
T7760 004:330.378 JLINK_WriteMem(0x0000B010, 0xBB0 Bytes, ...)
T7760 004:330.506   Data:  52 23 C4 F8 00 01 C4 F8 04 31 9D 4B C4 F8 C4 30 ...
T7760 004:330.671   completely In flash
T7760 004:330.735 - 0.359ms returns 0xBB0
T7760 004:331.665 JLINK_WriteMem(0x0000BBC0, 0xBC0 Bytes, ...)
T7760 004:331.745   Data:  53 68 5D 00 FC D5 D2 F8 00 31 0F 4A 7B 60 53 68 ...
T7760 004:331.801   completely In flash
T7760 004:331.844 - 0.180ms returns 0xBC0
T7760 004:332.805 JLINK_WriteMem(0x0000C780, 0xBC0 Bytes, ...)
T7760 004:332.897   Data:  0C 0B 0C 00 43 28 9C C7 3D 07 F8 02 5F B0 47 26 ...
T7760 004:332.961   completely In flash
T7760 004:333.019 - 0.215ms returns 0xBC0
T7760 004:333.984 JLINK_WriteMem(0x0000D340, 0xBC0 Bytes, ...)
T7760 004:334.085   Data:  A1 13 63 62 63 6A 9D 02 FC D4 48 F2 C1 03 63 62 ...
T7760 004:334.201   completely In flash
T7760 004:334.258 - 0.276ms returns 0xBC0
T7760 004:335.223 JLINK_WriteMem(0x0000DF00, 0xBB0 Bytes, ...)
T7760 004:335.308   Data:  2D 48 F7 F7 05 F9 40 23 15 4A C6 F8 B4 31 93 69 ...
T7760 004:335.387   completely In flash
T7760 004:335.447 - 0.225ms returns 0xBB0
T7760 004:336.241 JLINK_WriteMem(0x0000EAB0, 0xBB0 Bytes, ...)
T7760 004:336.328   Data:  EC 30 6F F0 0F 03 C6 F8 EC 30 80 23 C6 F8 E0 30 ...
T7760 004:336.413   completely In flash
T7760 004:336.482 - 0.242ms returns 0xBB0
T7760 004:337.270 JLINK_WriteMem(0x0000F660, 0xBB0 Bytes, ...)
T7760 004:337.343   Data:  C3 09 93 4B C6 F8 C4 30 82 4E D6 F8 04 31 00 2B ...
T7760 004:337.406   completely In flash
T7760 004:337.487 - 0.218ms returns 0xBB0
T7760 004:338.626 JLINK_WriteMem(0x00010210, 0xBA0 Bytes, ...)
T7760 004:338.713   Data:  03 26 01 20 00 F0 54 FA F4 F7 0E FC 48 F6 8B 05 ...
T7760 004:338.860   completely In flash
T7760 004:338.914 - 0.289ms returns 0xBA0
T7760 004:340.097 JLINK_WriteMem(0x00010DB0, 0xBA0 Bytes, ...)
T7760 004:340.189   Data:  D4 F8 80 30 14 24 28 4B 26 49 4F F4 96 42 01 92 ...
T7760 004:340.258   completely In flash
T7760 004:340.313 - 0.216ms returns 0xBA0
T7760 004:341.305 JLINK_WriteMem(0x00011950, 0xBB0 Bytes, ...)
T7760 004:341.465   Data:  98 46 00 20 06 E0 2B 60 04 F8 01 2C 12 12 00 2A ...
T7760 004:341.539   completely In flash
T7760 004:341.588 - 0.284ms returns 0xBB0
T7760 004:342.391 JLINK_WriteMem(0x00012500, 0xBC0 Bytes, ...)
T7760 004:342.481   Data:  DA F8 00 20 1C 44 91 42 A0 F1 04 03 04 93 08 EB ...
T7760 004:342.561   completely In flash
T7760 004:342.621 - 0.230ms returns 0xBC0
T7760 004:343.606 JLINK_WriteMem(0x000130C0, 0xBD0 Bytes, ...)
T7760 004:343.687   Data:  30 46 D4 E7 1F 2A F8 B5 06 46 0F 46 4F EA 52 14 ...
T7760 004:343.755   completely In flash
T7760 004:343.805 - 0.200ms returns 0xBD0
T7760 004:345.227 JLINK_WriteMem(0x00013C90, 0xBC0 Bytes, ...)
T7760 004:345.366   Data:  48 EA 02 78 83 EA 09 43 DA F8 08 20 DA F8 04 90 ...
T7760 004:345.467   completely In flash
T7760 004:345.617 - 0.388ms returns 0xBC0
T7760 004:347.008 JLINK_WriteMem(0x00014850, 0xBB0 Bytes, ...)
T7760 004:347.093   Data:  00 02 00 06 00 13 00 06 00 04 00 06 00 09 00 06 ...
T7760 004:347.160   completely In flash
T7760 004:347.212 - 0.205ms returns 0xBB0
T7760 004:348.060 JLINK_WriteMem(0x00015400, 0xBB0 Bytes, ...)
T7760 004:348.131   Data:  ED F7 24 FD 04 48 A3 68 98 47 E1 E7 18 0F FE 1F ...
T7760 004:348.181   completely In flash
T7760 004:348.238 - 0.178ms returns 0xBB0
T7760 004:348.973 JLINK_WriteMem(0x00015FB0, 0xBC0 Bytes, ...)
T7760 004:349.063   Data:  FF F7 14 FF 10 F1 8C 0F 04 46 02 D0 20 46 07 B0 ...
T7760 004:349.245   completely In flash
T7760 004:349.311 - 0.337ms returns 0xBC0
T7760 004:350.292 JLINK_WriteMem(0x00016B70, 0xBE0 Bytes, ...)
T7760 004:350.374   Data:  08 0C 89 EA 0A 09 DF F8 88 A1 00 93 01 9B 4F 6B ...
T7760 004:350.449   completely In flash
T7760 004:350.507 - 0.216ms returns 0xBE0
T7760 004:351.418 JLINK_WriteMem(0x00017750, 0xBC0 Bytes, ...)
T7760 004:351.503   Data:  B7 0C 8E EA B7 07 01 EB F5 61 8E EA B5 03 6F 40 ...
T7760 004:351.630   completely In flash
T7760 004:351.688 - 0.270ms returns 0xBC0
T7760 004:352.620 JLINK_WriteMem(0x00018310, 0xBB0 Bytes, ...)
T7760 004:352.710   Data:  00 2B 00 F0 B5 80 DA F8 3C 30 1A 0D 12 F4 E0 6F ...
T7760 004:352.774   completely In flash
T7760 004:352.829 - 0.209ms returns 0xBB0
T7760 004:353.809 JLINK_WriteMem(0x00018EC0, 0xBC0 Bytes, ...)
T7760 004:353.905   Data:  EF FA 37 18 05 46 21 46 38 46 03 F0 D8 FA 01 28 ...
T7760 004:354.013   completely In flash
T7760 004:354.077 - 0.270ms returns 0xBC0
T7760 004:355.072 JLINK_WriteMem(0x00019A80, 0xBC0 Bytes, ...)
T7760 004:355.163   Data:  0D E0 CD E9 00 B6 CD E9 02 5A 20 46 FE F7 AE FE ...
T7760 004:355.228   completely In flash
T7760 004:355.286 - 0.216ms returns 0xBC0
T7760 004:356.100 JLINK_WriteMem(0x0001A640, 0xBA0 Bytes, ...)
T7760 004:356.182   Data:  9E E8 0F 00 87 E8 0F 00 09 9B 98 45 1C D1 23 46 ...
T7760 004:356.224   completely In flash
T7760 004:356.264 - 0.165ms returns 0xBA0
T7760 004:357.247 JLINK_WriteMem(0x0001B1E0, 0xBA0 Bytes, ...)
T7760 004:357.333   Data:  FD F7 72 FD B0 F1 00 0B 23 6B 64 DB 22 6D CB E7 ...
T7760 004:357.404   completely In flash
T7760 004:357.461 - 0.214ms returns 0xBA0
T7760 004:358.311 JLINK_WriteMem(0x0001BD80, 0xBB0 Bytes, ...)
T7760 004:358.378   Data:  13 60 23 6D 1B 68 00 2B F5 D1 E0 6C 00 F0 4E FA ...
T7760 004:358.420   completely In flash
T7760 004:358.458 - 0.147ms returns 0xBB0
T7760 004:359.341 JLINK_WriteMem(0x0001C930, 0xBC0 Bytes, ...)
T7760 004:359.439   Data:  33 60 25 68 15 F0 06 05 06 D1 04 F1 19 0A E3 68 ...
T7760 004:359.501   completely In flash
T7760 004:359.582 - 0.242ms returns 0xBC0
T7760 004:360.531 JLINK_WriteMem(0x0001D4F0, 0xBD0 Bytes, ...)
T7760 004:360.625   Data:  2D 31 20 7C 7C 20 6C 66 73 2D 3E 63 66 67 2D 3E ...
T7760 004:360.718   completely In flash
T7760 004:360.798 - 0.267ms returns 0xBD0
T7760 004:361.857 JLINK_WriteMem(0x0001E0C0, 0xBC0 Bytes, ...)
T7760 004:361.930   Data:  83 E2 52 75 05 C7 A5 61 13 8D D2 04 5F B2 E5 BA ...
T7760 004:361.993   completely In flash
T7760 004:362.050 - 0.195ms returns 0xBC0
T7760 004:362.862 JLINK_WriteMem(0x0001EC80, 0xB38 Bytes, ...)
T7760 004:362.948   Data:  E5 0B DB 15 72 19 BD 5A 70 82 BE A2 6A 30 D3 2A ...
T7760 004:363.013   completely In flash
T7760 004:363.069 - 0.208ms returns 0xB38
T7760 004:363.776 JLINK_WriteMem(0x0001F7B8, 0x84 Bytes, ...)
T7760 004:363.867   Data:  80 00 00 00 00 00 00 00 00 00 00 00 00 00 00 00 ...
T7760 004:363.928   completely In flash
T7760 004:363.980 - 0.205ms returns 0x84
T7760 004:364.713 JLINK_WriteMem(0x0100A150, 0x10 Bytes, ...)
T7760 004:364.789   Data:  FF FF FF FF FF FF FF FF FF FF FF FF FF FF FF FF
T7760 004:365.314   completely In flash
T7760 004:365.369 - 0.657ms returns 0x10
T7760 004:387.196 JLINK_EndDownload()
T7760 004:388.132   CPU_ReadMem(4 bytes @ 0xE000ED90)
T7760 004:388.965   CPU_ReadMem(4 bytes @ 0xE000ED94)
T7760 004:389.942    -- --------------------------------------
T7760 004:390.051    -- Start of determining flash info (Bank @ 0x0100A150)
T7760 004:390.393    -- End of determining flash info
T7760 004:390.486    -- Start of determining dirty areas in flash cache
T7760 004:390.546    -- Filling invalid ranges in sector buffer (flash cache) for sector @ 0x0100A150 if necessary
T7760 004:390.607    -- End of determining dirty areas
T7760 004:390.655    -- Start of preparing flash programming
T7760 004:390.931    -- Preparing RAMCode
T7760 004:391.013    -- Calculating RAM usage
T7760 004:391.063    -- RAM usage = 4160 Bytes
T7760 004:391.111    -- Preserving CPU registers
T7760 004:391.553    -- Preparing memory
T7760 004:391.642    -- Determining CPU clock frequency
T7760 004:440.024    -- CPU frequency = 1995 kHz
T7760 004:440.117    -- Preparing target
T7760 004:440.165    -- Preserving target RAM temporarily used for programming
T7760 004:489.069    -- Downloading RAMCode
T7760 004:547.485    -- Initializing RAMCode (InitType: 3 = Verify)
T7760 004:547.558    -- Executing Init(3)
T7760 004:559.290    -- End of preparing flash programming
T7760 004:604.989   
  ***** Warning: 
T7760 004:605.065   CPU is running at low speed (1995 kHz).
T7760 004:605.100    -- CPU is running at 1995 kHz.
T7760 004:605.133    -- Start of comparing flash
T7760 004:605.166    -- Flash algorithm supports a native verify function which is used to compare the flash content.
T7760 004:933.817    -- Comparing range 0x100A150 - 0x100A16F (1 Sector, 32 Bytes), using verify function of the RAMCode
T7760 004:937.281    -- Data matches for sector 0
T7760 004:937.416    -- End of comparing flash
T7760 004:937.451    -- Start of erasing sectors
T7760 004:937.481    -- End of erasing sectors
T7760 004:937.509    -- Start of flash programming
T7760 004:937.537    -- End of flash programming
T7760 004:937.568    -- Start of verifying flash
T7760 004:937.601    -- End of verifying flash
T7760 004:937.635    -- Start of restoring
T7760 004:937.673    -- Executing UnInit()
T7760 004:975.219    -- Restoring target memory
T7760 005:018.182    -- Restoring CPU registers
T7760 005:018.277    -- End of restoring
T7760 005:018.317    -- Bank 0 @ 0x0100A150: Skipped. Contents already match
T7760 005:018.352    -- Bank 0 @ 0x0100A150: Skipped. Contents already match
T7760 005:033.667    -- --------------------------------------
T7760 005:033.783    -- Flash bank @ 0x00000000: Default: L2 verify disabled because algorithm performs L1 verify
T7760 005:033.841    -- Start of determining dirty areas in flash cache
T7760 005:033.896    -- Filling invalid ranges in sector buffer (flash cache) for sector @ 0x00000000 if necessary
T7760 005:033.948    -- Filling invalid ranges in sector buffer (flash cache) for sector @ 0x00002000 if necessary
T7760 005:034.001    -- Filling invalid ranges in sector buffer (flash cache) for sector @ 0x00004000 if necessary
T7760 005:034.055    -- Filling invalid ranges in sector buffer (flash cache) for sector @ 0x00006000 if necessary
T7760 005:034.112    -- Filling invalid ranges in sector buffer (flash cache) for sector @ 0x00008000 if necessary
T7760 005:034.167    -- Filling invalid ranges in sector buffer (flash cache) for sector @ 0x0000A000 if necessary
T7760 005:034.221    -- Filling invalid ranges in sector buffer (flash cache) for sector @ 0x0000C000 if necessary
T7760 005:034.322    -- Filling invalid ranges in sector buffer (flash cache) for sector @ 0x0000E000 if necessary
T7760 005:034.372    -- Filling invalid ranges in sector buffer (flash cache) for sector @ 0x00010000 if necessary
T7760 005:034.420    -- Filling invalid ranges in sector buffer (flash cache) for sector @ 0x00018000 if necessary
T7760 005:034.998    -- End of determining dirty areas
T7760 005:035.043    -- Start of preparing flash programming
T7760 005:035.089    -- Calculating RAM usage
T7760 005:041.511    -- RAM usage = 6548 Bytes
T7760 005:041.591    -- Preserving CPU registers
T7760 005:041.652    -- Determining CPU clock frequency
T7760 005:090.520    -- Preparing target
T7760 005:093.001    -- Preserving target RAM temporarily used for programming
T7760 005:169.649    -- Downloading RAMCode
T7760 005:218.204    -- Preparing RAMCode
T7760 005:231.411    -- CPU frequency = 100000 kHz
T7760 005:231.534    -- End of preparing flash programming
T7760 005:234.713    -- CPU is running at 100000 kHz.
T7760 005:234.828    -- Start of comparing flash
T7760 005:234.883    -- CRC check was estimated as fastest method
T7760 005:292.605    -- Comparing range 0x0000 - 0xFFFF (8 Sectors, 64 KB), using multi-block CRC calculation
T7760 005:306.074    -- CRC does not match for sectors 0-7
T7760 005:306.859    -- Comparing range 0x10000 - 0x1FFFF (2 Sectors, 64 KB), using multi-block CRC calculation
T7760 005:318.309    -- CRC does not match for sectors 0-1
T7760 005:318.479    -- End of comparing flash
T7760 005:318.524    -- Start of erasing sectors
T7760 005:318.561    -- Erasing range 0x00000000 - 0x0000FFFF (  8 Sectors, 64 KB)
T7760 005:639.253    -- Erasing range 0x00010000 - 0x00017FFF (  1 Sector, 32 KB)
T7760 005:783.613    -- End of erasing sectors
T7760 005:783.683    -- Start of flash programming
T7760 005:783.712    -- Programming range 0x00000000 - 0x00007FFF (  4 Sectors, 32 KB)
T7760 006:170.133    -- Programming range 0x00008000 - 0x0000FFFF (  4 Sectors, 32 KB)
T7760 006:572.153    -- Programming range 0x00010000 - 0x00017FFF (  1 Sector, 32 KB)
T7760 006:967.792    -- Programming range 0x00018000 - 0x0001FFFF (  1 Sector, 32 KB)
T7760 007:392.492    -- End of flash programming
T7760 007:392.561    -- 0x0000 - 0xFFFF (  8 Sectors, 64 KB)
T7760 007:392.588    -- 0x10000 - 0x1FFFF (  2 Sectors, 64 KB)
T7760 007:392.614    -- Start of restoring
T7760 007:392.639    -- Restoring RAMCode
T7760 007:428.701    -- Restoring target memory
T7760 007:495.033    -- Restore target
T7760 007:495.103    -- Restoring CPU registers
T7760 007:495.149    -- End of restoring
T7760 007:495.177    -- Bank 1 @ 0x00000000: 2 ranges affected (131072 bytes)
T7760 007:495.208    -- Total: 2.460s (Prepare: 0.199s, Compare: 0.083s, Erase: 0.465s, Program & Verify: 1.637s, Restore: 0.073s)
T7760 007:495.236    -- Program & Verify speed: 78 KB/s
T7760 007:515.191 - 3127.994ms returns 131072 (0x20000)
T7760 007:517.201 JLINK_WriteReg(R15 (PC), 0x0001164C)
T7760 007:517.265 - 0.068ms returns 0
T7760 007:517.287 JLINK_WriteReg(XPSR, 0x01000000)
T7760 007:517.305 - 0.017ms returns 0
T7760 007:517.330 JLINK_ResetPullsRESET(ON)
T7760 007:517.346 - 0.016ms
T7760 007:517.362 JLINK_Halt()
T7760 007:518.261 - 0.897ms returns 0x00
T7760 007:518.322 JLINK_IsHalted()
T7760 007:518.342 - 0.019ms returns TRUE
T7760 007:518.362 JLINK_Reset()
T7760 007:518.402   CPU_WriteMem(4 bytes @ 0xE000EDF0)
T7760 007:519.389   CPU_WriteMem(4 bytes @ 0xE000EDFC)
T7760 007:520.285   Reset: Halt core after reset via DEMCR.VC_CORERESET.
T7760 007:521.451   Reset: Reset device via AIRCR.SYSRESETREQ.
T7760 007:521.505   CPU_WriteMem(4 bytes @ 0xE000ED0C)
T7760 007:577.587   CPU_ReadMem(4 bytes @ 0xE000EDF0)
T7760 007:578.552   CPU_ReadMem(4 bytes @ 0xE000EDF0)
T7760 007:579.405   CPU_WriteMem(4 bytes @ 0xE000EDFC)
T7760 007:586.821   CPU_ReadMem(4 bytes @ 0xE000EDF0)
T7760 007:593.562   CPU_WriteMem(4 bytes @ 0xE0002000)
T7760 007:594.516   CPU_ReadMem(4 bytes @ 0xE000EDFC)
T7760 007:595.309   CPU_ReadMem(4 bytes @ 0xE0001000)
T7760 007:596.455 - 78.091ms
T7760 007:596.506 JLINK_SetEndian(ARM_ENDIAN_LITTLE)
T7760 007:596.524 - 0.017ms returns 0
T7760 007:597.781 JLINK_ResetPullsRESET(ON)
T7760 007:597.847 - 0.067ms
T7760 007:597.866 JLINK_Halt()
T7760 007:597.885 - 0.019ms returns 0x00
T7760 007:597.903 JLINK_IsHalted()
T7760 007:597.925 - 0.022ms returns TRUE
T7760 007:597.944 JLINK_Reset()
T7760 007:597.997   CPU_WriteMem(4 bytes @ 0xE000EDF0)
T7760 007:598.985   CPU_WriteMem(4 bytes @ 0xE000EDFC)
T7760 007:599.861   Reset: Halt core after reset via DEMCR.VC_CORERESET.
T7760 007:601.204   Reset: Reset device via AIRCR.SYSRESETREQ.
T7760 007:601.325   CPU_WriteMem(4 bytes @ 0xE000ED0C)
T7760 007:657.368   CPU_ReadMem(4 bytes @ 0xE000EDF0)
T7760 007:658.402   CPU_ReadMem(4 bytes @ 0xE000EDF0)
T7760 007:659.312   CPU_WriteMem(4 bytes @ 0xE000EDFC)
T7760 007:666.251   CPU_ReadMem(4 bytes @ 0xE000EDF0)
T7760 007:673.121   CPU_WriteMem(4 bytes @ 0xE0002000)
T7760 007:674.392   CPU_ReadMem(4 bytes @ 0xE000EDFC)
T7760 007:675.479   CPU_ReadMem(4 bytes @ 0xE0001000)
T7760 007:676.584 - 78.639ms
T7760 007:676.672 JLINK_SetEndian(ARM_ENDIAN_LITTLE)
T7760 007:676.705 - 0.032ms returns 0
T7760 007:703.057 JLINK_ReadReg(XPSR)
T7760 007:703.115 - 0.058ms returns 0x01000000
T7760 007:705.471 JLINK_ReadMem(0x00011640, 0x40 Bytes, ...)
T7760 007:705.524    -- Read from flash cache (64 bytes @ 0x00011640)
T7760 007:705.682   Data:  60 2D FE 1F 60 18 FE 1F 00 BE 70 47 08 B5 00 F0 ...
T7760 007:705.712 - 0.241ms returns 0
T7760 007:739.433 JLINK_ReadReg(XPSR)
T7760 007:739.507 - 0.073ms returns 0x01000000
T7760 007:740.510 JLINK_ReadMem(0x00011640, 0x40 Bytes, ...)
T7760 007:740.585    -- Read from flash cache (64 bytes @ 0x00011640)
T7760 007:740.661   Data:  60 2D FE 1F 60 18 FE 1F 00 BE 70 47 08 B5 00 F0 ...
T7760 007:740.689 - 0.179ms returns 0
T7760 008:307.360 JLINK_GetNumBPUnits(Type = 0xFFFFFF00)
T7760 008:307.471 - 0.111ms returns 0x06
T7760 008:307.513 JLINK_GetNumWPUnits()
T7760 008:307.549 - 0.036ms returns 4
T7760 008:307.589 JLINK_GetNumWPUnits()
T7760 008:307.634 - 0.045ms returns 4
T7760 008:307.714 JLINK_GetNumBPUnits(Type = 0xFFFFFF00)
T7760 008:307.761 - 0.046ms returns 0x06
T7760 008:307.801 JLINK_GetNumWPUnits()
T7760 008:307.844 - 0.042ms returns 4
T7760 008:307.886 JLINK_GetNumWPUnits()
T7760 008:307.931 - 0.044ms returns 4
T7760 008:307.997 JLINK_GetNumBPUnits(Type = 0xFFFFFF00)
T7760 008:308.048 - 0.051ms returns 0x06
T7760 008:308.104 JLINK_GetNumWPUnits()
T7760 008:308.149 - 0.044ms returns 4
T7760 008:308.194 JLINK_GetNumWPUnits()
T7760 008:308.241 - 0.046ms returns 4
T7760 008:309.409 JLINK_SetBPEx(Addr = 0x00000E6C, Type = 0xFFFFFF00)
T7760 008:309.859 - 0.448ms returns 0x00000001
T7760 008:309.985 JLINK_ClrBPEx(BPHandle = 0x00000001)
T7760 008:310.845 - 0.858ms returns 0x00
T7760 008:343.480 JLINK_ReadMem(0x00000E40, 0x40 Bytes, ...)
T7760 008:343.594    -- Read from flash cache (64 bytes @ 0x00000E40)
T7760 008:343.646   Data:  00 CD 01 00 50 D7 01 00 C8 05 FE 1F 84 CE 01 00 ...
T7760 008:343.695 - 0.217ms returns 0
T7760 008:349.516 JLINK_SetBPEx(Addr = 0x00000E6C, Type = 0xFFFFFF00)
T7760 008:349.628 - 0.112ms returns 0x00000002
T7760 008:473.706 JLINK_ReadRegs(NumRegs = 20, Indexes: 0, 1, 2, 3, 4, 5, 6, 7, 8, 9, 10, 11, 12, 13, 14, 15, 16, 17, 18, 20)
T7760 008:473.920    -- R0=0x00, R1=0x1F800, R2=0x00, R3=0x4001C11C, R4=0x1FFE0904, R5=0x1FFE0924, R6=0x1FFE0924, R7=0x00, R8=0x00, R9=0x00, R10=0x00, R11=0x00, R12=0x1FFE0888, R13 (SP)=0x1FFE4260, R14=0xFFFFFFFF, R15 (PC)=0x1164C, XPSR=0x1000000, MSP=0x1FFE4260, PSP=0x1FFF14D8, CFBP=0x00
T7760 008:473.981 - 0.277ms returns 0x00
T7760 008:477.726 JLINK_ReadReg(XPSR)
T7760 008:477.979 - 0.256ms returns 0x01000000
T7760 008:484.986 JLINK_ReadMem(0x00011640, 0x40 Bytes, ...)
T7760 008:485.290    -- Read from flash cache (64 bytes @ 0x00011640)
T7760 008:485.351   Data:  60 2D FE 1F 60 18 FE 1F 00 BE 70 47 08 B5 00 F0 ...
T7760 008:485.400 - 0.418ms returns 0
T3238 008:786.011 JLINK_GetNumBPUnits(Type = 0xFFFFFF00)
T3238 008:786.120 - 0.108ms returns 0x06
T3238 008:786.162 JLINK_GetNumWPUnits()
T3238 008:786.198 - 0.035ms returns 4
T3238 008:786.234 JLINK_GetNumWPUnits()
T3238 008:786.270 - 0.035ms returns 4
T3238 008:787.331 JLINK_GetNumBPUnits(Type = 0xFFFFFF00)
T3238 008:787.426 - 0.094ms returns 0x06
T3238 008:787.468 JLINK_GetNumWPUnits()
T3238 008:787.505 - 0.036ms returns 4
T3238 008:787.545 JLINK_GetNumWPUnits()
T3238 008:787.578 - 0.033ms returns 4
T3238 008:788.420 JLINK_GetNumBPUnits(Type = 0xFFFFFF00)
T3238 008:788.515 - 0.096ms returns 0x06
T3238 008:788.555 JLINK_GetNumWPUnits()
T3238 008:788.590 - 0.033ms returns 4
T3238 008:788.630 JLINK_GetNumWPUnits()
T3238 008:788.667 - 0.036ms returns 4
T3238 008:789.412 JLINK_GetNumBPUnits(Type = 0xFFFFFF00)
T3238 008:789.480 - 0.069ms returns 0x06
T3238 008:789.514 JLINK_GetNumWPUnits()
T3238 008:789.546 - 0.032ms returns 4
T3238 008:789.582 JLINK_GetNumWPUnits()
T3238 008:789.614 - 0.031ms returns 4
T3238 008:790.258 JLINK_GetNumBPUnits(Type = 0xFFFFFF00)
T3238 008:790.340 - 0.082ms returns 0x06
T3238 008:790.377 JLINK_GetNumWPUnits()
T3238 008:790.413 - 0.036ms returns 4
T3238 008:790.446 JLINK_GetNumWPUnits()
T3238 008:790.477 - 0.029ms returns 4
T3238 008:791.055 JLINK_GetNumBPUnits(Type = 0xFFFFFF00)
T3238 008:791.133 - 0.078ms returns 0x06
T3238 008:791.177 JLINK_GetNumWPUnits()
T3238 008:791.212 - 0.035ms returns 4
T3238 008:791.247 JLINK_GetNumWPUnits()
T3238 008:791.282 - 0.034ms returns 4
T3238 008:791.880 JLINK_GetNumBPUnits(Type = 0xFFFFFF00)
T3238 008:791.949 - 0.070ms returns 0x06
T3238 008:791.986 JLINK_GetNumWPUnits()
T3238 008:792.018 - 0.031ms returns 4
T3238 008:792.056 JLINK_GetNumWPUnits()
T3238 008:792.090 - 0.033ms returns 4
T3238 008:792.554 JLINK_GetNumBPUnits(Type = 0xFFFFFF00)
T3238 008:792.618 - 0.063ms returns 0x06
T3238 008:792.655 JLINK_GetNumWPUnits()
T3238 008:792.685 - 0.030ms returns 4
T3238 008:792.719 JLINK_GetNumWPUnits()
T3238 008:792.749 - 0.029ms returns 4
T7760 012:939.882 JLINK_ReadReg(XPSR)
T7760 012:940.743 - 0.860ms returns 0x01000000
T7760 012:941.742 JLINK_ReadMem(0x00011640, 0x40 Bytes, ...)
T7760 012:941.798    -- Read from flash cache (64 bytes @ 0x00011640)
T7760 012:941.836   Data:  60 2D FE 1F 60 18 FE 1F 00 BE 70 47 08 B5 00 F0 ...
T7760 012:941.871 - 0.130ms returns 0
T7760 017:368.214 JLINK_ReadReg(XPSR)
T7760 017:369.028 - 0.812ms returns 0x01000000
T7760 017:370.236 JLINK_ReadReg(XPSR)
T7760 017:370.286 - 0.046ms returns 0x01000000
T7760 024:990.622 JLINK_STRACE_Read(..., NumItems = 0x10000)
T7760 024:990.990   Initializing trace type buffer with configured Coresight trace components (* indicates set/detected address):
T7760 024:991.020    *TF:   0xE0042000
T7760 024:991.034    *TMC:  0xE0043000
T7760 024:991.044     ETB:  0x00000000
T7760 024:991.060     MTB:  0x00000000
T7760 024:991.072    *TPIU: 0xE0040000
T7760 024:991.084    *ETM:  0xE0041000
T7760 024:991.096     STM:  0x00000000
T7760 024:991.108     PTM:  0x00000000
T7760 024:991.796 - 1.173ms NumItemsRead = 0x00
T7760 024:991.848 JLINK_IsHalted()
T7760 024:992.788 - 0.940ms returns TRUE
T7760 024:992.836 JLINK_STRACE_Read(..., NumItems = 0x10000)
T7760 024:992.858 - 0.023ms NumItemsRead = 0x00
T7760 024:992.900 JLINK_GoEx(MaxEmulInsts = 0, Flags = 0x01)
T7760 024:992.938   CPU_WriteMem(4 bytes @ 0xE0002000)
T7760 024:993.932   CPU_ReadMem(4 bytes @ 0xE0001000)
T7760 024:994.858   CPU_WriteMem(4 bytes @ 0xE0002008)
T7760 024:994.892   CPU_WriteMem(4 bytes @ 0xE000200C)
T7760 024:994.906   CPU_WriteMem(4 bytes @ 0xE0002010)
T7760 024:994.922   CPU_WriteMem(4 bytes @ 0xE0002014)
T7760 024:994.936   CPU_WriteMem(4 bytes @ 0xE0002018)
T7760 024:994.950   CPU_WriteMem(4 bytes @ 0xE000201C)
T7760 024:998.150   CPU_WriteMem(4 bytes @ 0xE0001004)
T7760 025:000.452   Memory map 'after startup completion point' is active
T7760 025:000.496 - 7.594ms
T7760 025:103.540 JLINK_IsHalted()
T7760 025:109.058 - 5.518ms returns TRUE
T7760 025:109.084 JLINK_ReadReg(XPSR)
T7760 025:109.096 - 0.012ms returns 0x61000000
T7760 025:109.108 JLINK_ReadReg(R15 (PC))
T7760 025:109.116 - 0.009ms returns 0x00000E6C
T7760 025:109.130 JLINK_ReadReg(XPSR)
T7760 025:109.140 - 0.010ms returns 0x61000000
T7760 025:109.148 JLINK_ReadReg(XPSR)
T7760 025:109.158 - 0.009ms returns 0x61000000
T7760 025:109.170 JLINK_ReadReg(R15 (PC))
T7760 025:109.178 - 0.008ms returns 0x00000E6C
T7760 025:109.190 JLINK_ReadReg(XPSR)
T7760 025:109.200 - 0.009ms returns 0x61000000
T7760 025:109.212 JLINK_ReadReg(XPSR)
T7760 025:109.224 - 0.012ms returns 0x61000000
T7760 025:109.236 JLINK_ReadMem(0x00000E6C, 0x1 Bytes, ...)
T7760 025:109.248    -- Read from flash cache (1 bytes @ 0x00000E6C)
T7760 025:109.262   Data:  08
T7760 025:109.276 - 0.043ms returns 0
T7760 025:109.290 JLINK_IsHalted()
T7760 025:109.300 - 0.009ms returns TRUE
T7760 025:109.308 JLINK_ReadReg(XPSR)
T7760 025:109.318 - 0.009ms returns 0x61000000
T7760 025:109.328 JLINK_ReadReg(XPSR)
T7760 025:109.338 - 0.009ms returns 0x61000000
T7760 025:109.348 JLINK_ReadReg(R15 (PC))
T7760 025:109.358 - 0.010ms returns 0x00000E6C
T7760 025:109.368 JLINK_ReadReg(XPSR)
T7760 025:109.380 - 0.011ms returns 0x61000000
T7760 025:109.390 JLINK_ReadReg(XPSR)
T7760 025:109.400 - 0.010ms returns 0x61000000
T7760 025:109.412 JLINK_ReadMem(0x00000E6C, 0x1 Bytes, ...)
T7760 025:109.420    -- Read from flash cache (1 bytes @ 0x00000E6C)
T7760 025:109.436   Data:  08
T7760 025:109.450 - 0.038ms returns 0
T7760 025:109.508 JLINK_IsHalted()
T7760 025:109.518 - 0.010ms returns TRUE
T7760 025:109.528 JLINK_ReadReg(XPSR)
T7760 025:109.538 - 0.009ms returns 0x61000000
T7760 025:109.548 JLINK_ReadReg(R15 (PC))
T7760 025:109.558 - 0.009ms returns 0x00000E6C
T7760 025:109.568 JLINK_ReadReg(XPSR)
T7760 025:109.576 - 0.009ms returns 0x61000000
T7760 025:109.588 JLINK_ReadReg(XPSR)
T7760 025:109.596 - 0.010ms returns 0x61000000
T7760 025:109.606 JLINK_ReadReg(R15 (PC))
T7760 025:109.618 - 0.010ms returns 0x00000E6C
T7760 025:109.628 JLINK_ReadReg(XPSR)
T7760 025:109.636 - 0.009ms returns 0x61000000
T7760 025:109.648 JLINK_ReadReg(XPSR)
T7760 025:109.658 - 0.009ms returns 0x61000000
T7760 025:109.668 JLINK_ReadMem(0x00000E6C, 0x1 Bytes, ...)
T7760 025:109.676    -- Read from flash cache (1 bytes @ 0x00000E6C)
T7760 025:109.692   Data:  08
T7760 025:109.706 - 0.037ms returns 0
T7760 025:109.716 JLINK_IsHalted()
T7760 025:109.724 - 0.008ms returns TRUE
T7760 025:109.736 JLINK_ReadReg(XPSR)
T7760 025:109.746 - 0.010ms returns 0x61000000
T7760 025:109.756 JLINK_ReadReg(XPSR)
T7760 025:109.768 - 0.011ms returns 0x61000000
T7760 025:109.780 JLINK_ReadReg(R15 (PC))
T7760 025:109.790 - 0.010ms returns 0x00000E6C
T7760 025:109.804 JLINK_ReadReg(XPSR)
T7760 025:109.814 - 0.011ms returns 0x61000000
T7760 025:109.828 JLINK_ReadReg(XPSR)
T7760 025:109.838 - 0.011ms returns 0x61000000
T7760 025:109.852 JLINK_ReadMem(0x00000E6C, 0x1 Bytes, ...)
T7760 025:109.864    -- Read from flash cache (1 bytes @ 0x00000E6C)
T7760 025:109.882   Data:  08
T7760 025:109.902 - 0.050ms returns 0
T7760 025:110.794 JLINK_ReadRegs(NumRegs = 20, Indexes: 0, 1, 2, 3, 4, 5, 6, 7, 8, 9, 10, 11, 12, 13, 14, 15, 16, 17, 18, 20)
T7760 025:110.842    -- R0=0x00, R1=0x00, R2=0x60, R3=0x1F302, R4=0x1FFE0904, R5=0x1FFE0924, R6=0x1FFE0924, R7=0x00, R8=0x00, R9=0x00, R10=0x00, R11=0x00, R12=0x1F302, R13 (SP)=0x1FFE4258, R14=0x11657, R15 (PC)=0xE6C, XPSR=0x61000000, MSP=0x1FFE4258, PSP=0x1FFF14D8, CFBP=0x00
T7760 025:110.860 - 0.069ms returns 0x00
T7760 025:111.424 JLINK_ReadReg(XPSR)
T7760 025:111.456 - 0.032ms returns 0x61000000
T7760 025:111.992 JLINK_ReadMem(0x00000E40, 0x40 Bytes, ...)
T7760 025:112.064    -- Read from flash cache (64 bytes @ 0x00000E40)
T7760 025:112.084   Data:  00 CD 01 00 50 D7 01 00 C8 05 FE 1F 84 CE 01 00 ...
T7760 025:112.104 - 0.111ms returns 0
T7760 025:114.546 JLINK_ClrBPEx(BPHandle = 0x00000002)
T7760 025:114.582 - 0.036ms returns 0x00
T7760 025:148.222 JLINK_ReadMem(0x00000E40, 0x40 Bytes, ...)
T7760 025:148.286    -- Read from flash cache (64 bytes @ 0x00000E40)
T7760 025:148.306   Data:  00 CD 01 00 50 D7 01 00 C8 05 FE 1F 84 CE 01 00 ...
T7760 025:148.328 - 0.105ms returns 0
T7760 025:212.190 JLINK_ReadReg(XPSR)
T7760 025:212.238 - 0.047ms returns 0x61000000
T7760 025:213.132 JLINK_ReadReg(XPSR)
T7760 025:213.164 - 0.032ms returns 0x61000000
T7760 025:765.988 JLINK_STRACE_Read(..., NumItems = 0x10000)
T7760 025:766.052 - 0.064ms NumItemsRead = 0x00
T7760 025:766.076 JLINK_IsHalted()
T7760 025:766.824 - 0.744ms returns TRUE
T7760 025:766.868 JLINK_STRACE_Read(..., NumItems = 0x10000)
T7760 025:766.884 - 0.015ms NumItemsRead = 0x00
T7760 025:766.900 JLINK_GoEx(MaxEmulInsts = 0, Flags = 0x01)
T7760 025:766.932   CPU_ReadMem(4 bytes @ 0xE0001000)
T7760 025:767.742   CPU_WriteMem(4 bytes @ 0xE0002008)
T7760 025:769.740 - 2.840ms
T7760 025:869.264 JLINK_IsHalted()
T7760 025:870.262 - 0.997ms returns FALSE
T7760 025:870.322 JLINK_IsHalted()
T7760 025:871.002 - 0.678ms returns FALSE
T7760 025:978.084 JLINK_IsHalted()
T7760 025:978.956 - 0.869ms returns FALSE
T7760 025:978.974 JLINK_IsHalted()
T7760 025:979.764 - 0.790ms returns FALSE
T7760 026:087.976 JLINK_IsHalted()
T7760 026:088.814 - 0.838ms returns FALSE
T7760 026:088.870 JLINK_IsHalted()
T7760 026:089.676 - 0.805ms returns FALSE
T7760 026:196.964 JLINK_IsHalted()
T7760 026:197.748 - 0.783ms returns FALSE
T7760 026:197.780 JLINK_IsHalted()
T7760 026:198.950 - 1.168ms returns FALSE
T7760 026:307.100 JLINK_IsHalted()
T7760 026:307.952 - 0.851ms returns FALSE
T7760 026:307.996 JLINK_IsHalted()
T7760 026:308.916 - 0.917ms returns FALSE
T7760 026:415.932 JLINK_IsHalted()
T7760 026:416.950 - 1.015ms returns FALSE
T7760 026:416.976 JLINK_IsHalted()
T7760 026:417.772 - 0.793ms returns FALSE
T7760 026:524.964 JLINK_IsHalted()
T7760 026:525.744 - 0.778ms returns FALSE
T7760 026:525.770 JLINK_IsHalted()
T7760 026:526.680 - 0.909ms returns FALSE
T7760 026:634.950 JLINK_IsHalted()
T7760 026:635.728 - 0.775ms returns FALSE
T7760 026:635.750 JLINK_IsHalted()
T7760 026:636.508 - 0.755ms returns FALSE
T7760 026:743.962 JLINK_IsHalted()
T7760 026:745.052 - 1.089ms returns FALSE
T7760 026:745.068 JLINK_IsHalted()
T7760 026:746.054 - 0.986ms returns FALSE
T7760 026:853.136 JLINK_IsHalted()
T7760 026:854.052 - 0.916ms returns FALSE
T7760 026:854.108 JLINK_IsHalted()
T7760 026:854.934 - 0.824ms returns FALSE
T7760 026:962.288 JLINK_IsHalted()
T7760 026:963.142 - 0.854ms returns FALSE
T7760 026:963.168 JLINK_IsHalted()
T7760 026:963.814 - 0.644ms returns FALSE
T7760 027:072.532 JLINK_IsHalted()
T7760 027:073.434 - 0.901ms returns FALSE
T7760 027:073.462 JLINK_IsHalted()
T7760 027:074.284 - 0.821ms returns FALSE
T3238 027:121.340 JLINK_IsHalted()
T3238 027:122.268 - 0.922ms returns FALSE
T3238 027:122.304 JLINK_IsHalted()
T3238 027:123.084 - 0.777ms returns FALSE
T3238 027:123.324 JLINK_IsHalted()
T3238 027:124.026 - 0.700ms returns FALSE
T3238 027:124.048 JLINK_IsHalted()
T3238 027:124.804 - 0.755ms returns FALSE
T7760 027:181.700 JLINK_IsHalted()
T7760 027:182.714 - 1.008ms returns FALSE
T7760 027:182.732 JLINK_IsHalted()
T7760 027:183.578 - 0.842ms returns FALSE
T7760 027:290.768 JLINK_IsHalted()
T7760 027:291.728 - 0.958ms returns FALSE
T7760 027:291.760 JLINK_IsHalted()
T7760 027:292.570 - 0.807ms returns FALSE
T7760 027:400.714 JLINK_IsHalted()
T7760 027:401.648 - 0.935ms returns FALSE
T7760 027:401.676 JLINK_IsHalted()
T7760 027:402.394 - 0.714ms returns FALSE
T7760 027:509.724 JLINK_IsHalted()
T7760 027:511.014 - 1.290ms returns FALSE
T7760 027:511.044 JLINK_IsHalted()
T7760 027:511.990 - 0.942ms returns FALSE
T7760 027:618.740 JLINK_IsHalted()
T7760 027:619.900 - 1.162ms returns FALSE
T7760 027:619.936 JLINK_IsHalted()
T7760 027:620.794 - 0.857ms returns FALSE
T7760 027:728.756 JLINK_IsHalted()
T7760 027:729.628 - 0.874ms returns FALSE
T7760 027:729.648 JLINK_IsHalted()
T7760 027:730.442 - 0.790ms returns FALSE
T7760 027:837.696 JLINK_IsHalted()
T7760 027:838.538 - 0.842ms returns FALSE
T7760 027:838.550 JLINK_IsHalted()
T7760 027:839.556 - 1.002ms returns FALSE
T7760 027:946.694 JLINK_IsHalted()
T7760 027:947.492 - 0.793ms returns FALSE
T7760 027:947.536 JLINK_IsHalted()
T7760 027:948.544 - 1.003ms returns FALSE
T7760 028:056.788 JLINK_IsHalted()
T7760 028:057.562 - 0.774ms returns FALSE
T7760 028:057.580 JLINK_IsHalted()
T7760 028:058.228 - 0.639ms returns FALSE
T3238 028:125.052 JLINK_IsHalted()
T3238 028:125.804 - 0.751ms returns FALSE
T3238 028:125.830 JLINK_IsHalted()
T3238 028:126.566 - 0.733ms returns FALSE
T7760 028:165.834 JLINK_IsHalted()
T7760 028:166.724 - 0.890ms returns FALSE
T7760 028:166.758 JLINK_IsHalted()
T7760 028:167.498 - 0.738ms returns FALSE
T7760 028:275.674 JLINK_IsHalted()
T7760 028:276.646 - 0.973ms returns FALSE
T7760 028:276.692 JLINK_IsHalted()
T7760 028:277.446 - 0.753ms returns FALSE
T7760 028:384.666 JLINK_IsHalted()
T7760 028:385.696 - 1.028ms returns FALSE
T7760 028:385.728 JLINK_IsHalted()
T7760 028:386.586 - 0.857ms returns FALSE
T7760 028:493.814 JLINK_IsHalted()
T7760 028:494.644 - 0.829ms returns FALSE
T7760 028:494.660 JLINK_IsHalted()
T7760 028:495.428 - 0.766ms returns FALSE
T7760 028:602.940 JLINK_IsHalted()
T7760 028:603.820 - 0.878ms returns FALSE
T7760 028:603.846 JLINK_IsHalted()
T7760 028:604.688 - 0.839ms returns FALSE
T7760 028:713.012 JLINK_IsHalted()
T7760 028:713.814 - 0.802ms returns FALSE
T7760 028:713.850 JLINK_IsHalted()
T7760 028:714.748 - 0.897ms returns FALSE
T7760 028:934.532 JLINK_IsHalted()
T7760 028:935.450 - 0.917ms returns FALSE
T7760 028:937.398 JLINK_IsHalted()
T7760 028:938.356 - 0.957ms returns FALSE
T6AD8 029:033.788   JLINK_RTTERMINAL_Control(Cmd = JLINKARM_RTTERMINAL_CMD_START)
T6AD8 029:033.830   - 0.193ms returns 0x00
T6AD8 029:033.952   JLINK_RTTERMINAL_Read(BufferIndex = 0, BufferSize = 0x00010000)
T6AD8 029:033.964   - 0.015ms returns 0
T7760 029:040.644 JLINK_IsHalted()
T7760 029:041.524 - 0.878ms returns FALSE
T7760 029:041.542 JLINK_IsHalted()
T7760 029:042.310 - 0.768ms returns FALSE
T8F1C 029:058.804   Periodic RTT: Looking for RTT CB @ 0x1FFE0000 (Range 1/1)
T8F1C 029:058.852   CPU_ReadMem(4096 bytes @ 0x1FFE0000)
T8F1C 029:107.548   CPU_ReadMem(24 bytes @ 0x1FFE04CC)
T8F1C 029:108.748   Periodic RTT: RTTCB auto-detected @ 0x1FFE04CC
T8F1C 029:108.998   Periodic RTT: RTT CB verified. Started data handling
T8F1C 029:114.884   CPU_ReadMem(32 bytes @ 0x0001CCEC)
T6AD8 029:117.174   JLINK_RTTERMINAL_Read(BufferIndex = 0, BufferSize = 0x00010000)
T6AD8 029:117.222   - 0.046ms returns 122
T6AD8 029:118.044   JLINK_RTTERMINAL_Read(BufferIndex = 0, BufferSize = 0x00010000)
T6AD8 029:118.084   - 0.038ms returns 0
T3238 029:127.568 JLINK_IsHalted()
T3238 029:129.472 - 1.905ms returns FALSE
T3238 029:129.508 JLINK_IsHalted()
T3238 029:131.360 - 1.849ms returns FALSE
T7760 029:151.012 JLINK_IsHalted()
T7760 029:152.892 - 1.882ms returns FALSE
T7760 029:152.924 JLINK_IsHalted()
T7760 029:154.748 - 1.822ms returns FALSE
T6AD8 029:168.906   JLINK_RTTERMINAL_Read(BufferIndex = 0, BufferSize = 0x00010000)
T6AD8 029:168.950   - 0.047ms returns 0
T6AD8 029:219.904   JLINK_RTTERMINAL_Read(BufferIndex = 0, BufferSize = 0x00010000)
T6AD8 029:219.942   - 0.039ms returns 0
T7760 029:259.748 JLINK_IsHalted()
T7760 029:261.236 - 1.489ms returns FALSE
T7760 029:261.252 JLINK_IsHalted()
T7760 029:263.136 - 1.880ms returns FALSE
T6AD8 029:270.916   JLINK_RTTERMINAL_Read(BufferIndex = 0, BufferSize = 0x00010000)
T6AD8 029:270.964   - 0.046ms returns 0
T6AD8 029:321.828   JLINK_RTTERMINAL_Read(BufferIndex = 0, BufferSize = 0x00010000)
T6AD8 029:321.862   - 0.036ms returns 0
T7760 029:369.322 JLINK_IsHalted()
T7760 029:371.136 - 1.811ms returns FALSE
T7760 029:371.172 JLINK_IsHalted()
T7760 029:372.992 - 1.814ms returns FALSE
T6AD8 029:373.030   JLINK_RTTERMINAL_Read(BufferIndex = 0, BufferSize = 0x00010000)
T6AD8 029:373.056   - 0.027ms returns 0
T6AD8 029:423.396   JLINK_RTTERMINAL_Read(BufferIndex = 0, BufferSize = 0x00010000)
T6AD8 029:423.460   - 0.063ms returns 0
T6AD8 029:474.244   JLINK_RTTERMINAL_Read(BufferIndex = 0, BufferSize = 0x00010000)
T6AD8 029:474.284   - 0.040ms returns 0
T7760 029:478.800 JLINK_IsHalted()
T7760 029:480.300 - 1.499ms returns FALSE
T7760 029:480.320 JLINK_IsHalted()
T7760 029:482.244 - 1.924ms returns FALSE
T6AD8 029:524.976   JLINK_RTTERMINAL_Read(BufferIndex = 0, BufferSize = 0x00010000)
T6AD8 029:525.018   - 0.041ms returns 0
T6AD8 029:575.958   JLINK_RTTERMINAL_Read(BufferIndex = 0, BufferSize = 0x00010000)
T6AD8 029:576.016   - 0.056ms returns 0
T7760 029:587.846 JLINK_IsHalted()
T7760 029:589.766 - 1.918ms returns FALSE
T7760 029:589.786 JLINK_IsHalted()
T7760 029:591.654 - 1.869ms returns FALSE
T6AD8 029:626.972   JLINK_RTTERMINAL_Read(BufferIndex = 0, BufferSize = 0x00010000)
T6AD8 029:627.012   - 0.037ms returns 0
T6AD8 029:678.006   JLINK_RTTERMINAL_Read(BufferIndex = 0, BufferSize = 0x00010000)
T6AD8 029:678.044   - 0.038ms returns 0
T7760 029:696.844 JLINK_IsHalted()
T7760 029:698.042 - 1.194ms returns FALSE
T7760 029:698.058 JLINK_IsHalted()
T7760 029:699.946 - 1.886ms returns FALSE
T6AD8 029:728.988   JLINK_RTTERMINAL_Read(BufferIndex = 0, BufferSize = 0x00010000)
T6AD8 029:729.024   - 0.034ms returns 0
T6AD8 029:779.948   JLINK_RTTERMINAL_Read(BufferIndex = 0, BufferSize = 0x00010000)
T6AD8 029:779.980   - 0.032ms returns 0
T7760 029:807.012 JLINK_IsHalted()
T7760 029:808.976 - 1.965ms returns FALSE
T7760 029:809.014 JLINK_IsHalted()
T7760 029:810.826 - 1.808ms returns FALSE
T6AD8 029:831.098   JLINK_RTTERMINAL_Read(BufferIndex = 0, BufferSize = 0x00010000)
T6AD8 029:831.126   - 0.031ms returns 0
T6AD8 029:883.036   JLINK_RTTERMINAL_Read(BufferIndex = 0, BufferSize = 0x00010000)
T6AD8 029:883.076   - 0.039ms returns 0
T7760 029:915.942 JLINK_IsHalted()
T7760 029:917.148 - 1.205ms returns FALSE
T7760 029:917.200 JLINK_IsHalted()
T7760 029:919.094 - 1.894ms returns FALSE
T6AD8 029:934.054   JLINK_RTTERMINAL_Read(BufferIndex = 0, BufferSize = 0x00010000)
T6AD8 029:934.080   - 0.026ms returns 0
T6AD8 029:985.130   JLINK_RTTERMINAL_Read(BufferIndex = 0, BufferSize = 0x00010000)
T6AD8 029:985.168   - 0.040ms returns 0
T7760 030:024.934 JLINK_IsHalted()
T7760 030:026.124 - 1.190ms returns FALSE
T7760 030:026.148 JLINK_IsHalted()
T7760 030:027.988 - 1.839ms returns FALSE
T6AD8 030:036.068   JLINK_RTTERMINAL_Read(BufferIndex = 0, BufferSize = 0x00010000)
T6AD8 030:036.096   - 0.029ms returns 0
T6AD8 030:087.100   JLINK_RTTERMINAL_Read(BufferIndex = 0, BufferSize = 0x00010000)
T6AD8 030:087.140   - 0.036ms returns 0
T3238 030:132.156 JLINK_IsHalted()
T3238 030:132.988 - 0.830ms returns FALSE
T3238 030:133.014 JLINK_IsHalted()
T3238 030:134.916 - 1.894ms returns FALSE
T7760 030:135.062 JLINK_IsHalted()
T7760 030:136.756 - 1.692ms returns FALSE
T7760 030:136.784 JLINK_IsHalted()
T7760 030:138.614 - 1.828ms returns FALSE
T6AD8 030:138.640   JLINK_RTTERMINAL_Read(BufferIndex = 0, BufferSize = 0x00010000)
T6AD8 030:138.660   - 0.021ms returns 0
T6AD8 030:189.068   JLINK_RTTERMINAL_Read(BufferIndex = 0, BufferSize = 0x00010000)
T6AD8 030:189.108   - 0.040ms returns 0
T6AD8 030:241.004   JLINK_RTTERMINAL_Read(BufferIndex = 0, BufferSize = 0x00010000)
T6AD8 030:241.044   - 0.039ms returns 0
T7760 030:243.936 JLINK_IsHalted()
T7760 030:245.322 - 1.385ms returns FALSE
T7760 030:245.338 JLINK_IsHalted()
T7760 030:247.200 - 1.861ms returns FALSE
T6AD8 030:292.092   JLINK_RTTERMINAL_Read(BufferIndex = 0, BufferSize = 0x00010000)
T6AD8 030:292.170   - 0.079ms returns 0
T6AD8 030:343.098   JLINK_RTTERMINAL_Read(BufferIndex = 0, BufferSize = 0x00010000)
T6AD8 030:343.132   - 0.036ms returns 0
T7760 030:354.416 JLINK_IsHalted()
T7760 030:356.228 - 1.810ms returns FALSE
T7760 030:356.256 JLINK_IsHalted()
T7760 030:358.122 - 1.862ms returns FALSE
T6AD8 030:394.060   JLINK_RTTERMINAL_Read(BufferIndex = 0, BufferSize = 0x00010000)
T6AD8 030:394.092   - 0.035ms returns 0
T6AD8 030:445.164   JLINK_RTTERMINAL_Read(BufferIndex = 0, BufferSize = 0x00010000)
T6AD8 030:445.200   - 0.033ms returns 0
T7760 030:462.954 JLINK_IsHalted()
T7760 030:464.476 - 1.515ms returns FALSE
T7760 030:464.512 JLINK_IsHalted()
T7760 030:466.372 - 1.857ms returns FALSE
T6AD8 030:496.052   JLINK_RTTERMINAL_Read(BufferIndex = 0, BufferSize = 0x00010000)
T6AD8 030:496.096   - 0.049ms returns 0
T6AD8 030:547.014   JLINK_RTTERMINAL_Read(BufferIndex = 0, BufferSize = 0x00010000)
T6AD8 030:547.062   - 0.048ms returns 0
T7760 030:572.080 JLINK_IsHalted()
T7760 030:573.300 - 1.219ms returns FALSE
T7760 030:573.364 JLINK_IsHalted()
T7760 030:575.158 - 1.794ms returns FALSE
T6AD8 030:599.242   JLINK_RTTERMINAL_Read(BufferIndex = 0, BufferSize = 0x00010000)
T6AD8 030:599.318   - 0.076ms returns 0
T6AD8 030:650.020   JLINK_RTTERMINAL_Read(BufferIndex = 0, BufferSize = 0x00010000)
T6AD8 030:650.048   - 0.030ms returns 0
T7760 030:681.962 JLINK_IsHalted()
T7760 030:683.280 - 1.317ms returns FALSE
T7760 030:683.296 JLINK_IsHalted()
T7760 030:685.132 - 1.833ms returns FALSE
T6AD8 030:701.040   JLINK_RTTERMINAL_Read(BufferIndex = 0, BufferSize = 0x00010000)
T6AD8 030:701.072   - 0.034ms returns 0
T6AD8 030:752.036   JLINK_RTTERMINAL_Read(BufferIndex = 0, BufferSize = 0x00010000)
T6AD8 030:752.074   - 0.037ms returns 0
T7760 030:791.142 JLINK_IsHalted()
T7760 030:792.646 - 1.502ms returns FALSE
T7760 030:792.672 JLINK_IsHalted()
T7760 030:794.614 - 1.939ms returns FALSE
T6AD8 030:802.652   JLINK_RTTERMINAL_Read(BufferIndex = 0, BufferSize = 0x00010000)
T6AD8 030:802.684   - 0.034ms returns 0
T6AD8 030:853.766   JLINK_RTTERMINAL_Read(BufferIndex = 0, BufferSize = 0x00010000)
T6AD8 030:853.802   - 0.035ms returns 0
T7760 030:899.772 JLINK_IsHalted()
T7760 030:901.156 - 1.378ms returns FALSE
T7760 030:901.172 JLINK_IsHalted()
T7760 030:903.012 - 1.840ms returns FALSE
T6AD8 030:904.916   JLINK_RTTERMINAL_Read(BufferIndex = 0, BufferSize = 0x00010000)
T6AD8 030:904.938   - 0.024ms returns 0
T6AD8 030:956.684   JLINK_RTTERMINAL_Read(BufferIndex = 0, BufferSize = 0x00010000)
T6AD8 030:956.716   - 0.032ms returns 0
T6AD8 031:008.076   JLINK_RTTERMINAL_Read(BufferIndex = 0, BufferSize = 0x00010000)
T6AD8 031:008.112   - 0.036ms returns 0
T7760 031:009.766 JLINK_IsHalted()
T7760 031:011.052 - 1.286ms returns FALSE
T7760 031:011.078 JLINK_IsHalted()
T7760 031:013.050 - 1.967ms returns FALSE
T6AD8 031:059.018   JLINK_RTTERMINAL_Read(BufferIndex = 0, BufferSize = 0x00010000)
T6AD8 031:059.050   - 0.031ms returns 0
T6AD8 031:109.904   JLINK_RTTERMINAL_Read(BufferIndex = 0, BufferSize = 0x00010000)
T6AD8 031:109.948   - 0.044ms returns 0
T7760 031:118.896 JLINK_IsHalted()
T7760 031:120.768 - 1.872ms returns FALSE
T7760 031:120.796 JLINK_IsHalted()
T7760 031:122.714 - 1.908ms returns FALSE
T3238 031:136.400 JLINK_IsHalted()
T3238 031:138.790 - 2.387ms returns FALSE
T3238 031:138.844 JLINK_IsHalted()
T3238 031:140.684 - 1.838ms returns FALSE
T6AD8 031:160.918   JLINK_RTTERMINAL_Read(BufferIndex = 0, BufferSize = 0x00010000)
T6AD8 031:160.956   - 0.037ms returns 0
T6AD8 031:211.852   JLINK_RTTERMINAL_Read(BufferIndex = 0, BufferSize = 0x00010000)
T6AD8 031:211.888   - 0.035ms returns 0
T7760 031:228.816 JLINK_IsHalted()
T7760 031:230.160 - 1.345ms returns FALSE
T7760 031:230.196 JLINK_IsHalted()
T7760 031:232.116 - 1.918ms returns FALSE
T6AD8 031:262.854   JLINK_RTTERMINAL_Read(BufferIndex = 0, BufferSize = 0x00010000)
T6AD8 031:262.892   - 0.037ms returns 0
T6AD8 031:313.908   JLINK_RTTERMINAL_Read(BufferIndex = 0, BufferSize = 0x00010000)
T6AD8 031:313.946   - 0.039ms returns 0
T7760 031:337.898 JLINK_IsHalted()
T7760 031:338.966 - 1.063ms returns FALSE
T7760 031:338.982 JLINK_IsHalted()
T7760 031:340.778 - 1.794ms returns FALSE
T6AD8 031:364.870   JLINK_RTTERMINAL_Read(BufferIndex = 0, BufferSize = 0x00010000)
T6AD8 031:364.908   - 0.038ms returns 0
T6AD8 031:415.908   JLINK_RTTERMINAL_Read(BufferIndex = 0, BufferSize = 0x00010000)
T6AD8 031:415.946   - 0.038ms returns 0
T7760 031:447.124 JLINK_IsHalted()
T7760 031:448.940 - 1.819ms returns FALSE
T7760 031:448.966 JLINK_IsHalted()
T7760 031:450.864 - 1.892ms returns FALSE
T6AD8 031:466.948   JLINK_RTTERMINAL_Read(BufferIndex = 0, BufferSize = 0x00010000)
T6AD8 031:466.980   - 0.030ms returns 0
T6AD8 031:517.840   JLINK_RTTERMINAL_Read(BufferIndex = 0, BufferSize = 0x00010000)
T6AD8 031:517.876   - 0.033ms returns 0
T7760 031:556.800 JLINK_IsHalted()
T7760 031:557.940 - 1.138ms returns FALSE
T7760 031:557.958 JLINK_IsHalted()
T7760 031:559.844 - 1.887ms returns FALSE
T6AD8 031:568.928   JLINK_RTTERMINAL_Read(BufferIndex = 0, BufferSize = 0x00010000)
T6AD8 031:568.966   - 0.038ms returns 0
T6AD8 031:619.952   JLINK_RTTERMINAL_Read(BufferIndex = 0, BufferSize = 0x00010000)
T6AD8 031:619.980   - 0.029ms returns 0
T7760 031:665.804 JLINK_IsHalted()
T7760 031:667.092 - 1.286ms returns FALSE
T7760 031:667.120 JLINK_IsHalted()
T7760 031:669.044 - 1.920ms returns FALSE
T6AD8 031:670.922   JLINK_RTTERMINAL_Read(BufferIndex = 0, BufferSize = 0x00010000)
T6AD8 031:670.932   - 0.013ms returns 0
T6AD8 031:721.924   JLINK_RTTERMINAL_Read(BufferIndex = 0, BufferSize = 0x00010000)
T6AD8 031:721.978   - 0.057ms returns 0
T6AD8 031:772.874   JLINK_RTTERMINAL_Read(BufferIndex = 0, BufferSize = 0x00010000)
T6AD8 031:772.912   - 0.037ms returns 0
T7760 031:774.806 JLINK_IsHalted()
T7760 031:776.576 - 1.768ms returns FALSE
T7760 031:776.602 JLINK_IsHalted()
T7760 031:778.460 - 1.858ms returns FALSE
T6AD8 031:823.860   JLINK_RTTERMINAL_Read(BufferIndex = 0, BufferSize = 0x00010000)
T6AD8 031:823.898   - 0.038ms returns 0
T6AD8 031:874.868   JLINK_RTTERMINAL_Read(BufferIndex = 0, BufferSize = 0x00010000)
T6AD8 031:874.906   - 0.040ms returns 0
T7760 031:884.780 JLINK_IsHalted()
T7760 031:886.432 - 1.650ms returns FALSE
T7760 031:886.454 JLINK_IsHalted()
T7760 031:888.314 - 1.859ms returns FALSE
T6AD8 031:925.908   JLINK_RTTERMINAL_Read(BufferIndex = 0, BufferSize = 0x00010000)
T6AD8 031:925.972   - 0.065ms returns 0
T6AD8 031:976.838   JLINK_RTTERMINAL_Read(BufferIndex = 0, BufferSize = 0x00010000)
T6AD8 031:976.870   - 0.032ms returns 0
T7760 031:993.872 JLINK_IsHalted()
T7760 031:995.124 - 1.253ms returns FALSE
T7760 031:995.146 JLINK_IsHalted()
T7760 031:997.028 - 1.878ms returns FALSE
T6AD8 032:027.962   JLINK_RTTERMINAL_Read(BufferIndex = 0, BufferSize = 0x00010000)
T6AD8 032:028.000   - 0.038ms returns 0
T6AD8 032:078.940   JLINK_RTTERMINAL_Read(BufferIndex = 0, BufferSize = 0x00010000)
T6AD8 032:078.976   - 0.037ms returns 0
T7760 032:103.798 JLINK_IsHalted()
T7760 032:105.702 - 1.905ms returns FALSE
T7760 032:105.722 JLINK_IsHalted()
T7760 032:107.524 - 1.801ms returns FALSE
T6AD8 032:129.952   JLINK_RTTERMINAL_Read(BufferIndex = 0, BufferSize = 0x00010000)
T6AD8 032:129.988   - 0.033ms returns 0
T3238 032:142.028 JLINK_IsHalted()
T3238 032:143.270 - 1.242ms returns FALSE
T3238 032:143.290 JLINK_IsHalted()
T3238 032:145.142 - 1.849ms returns FALSE
T6AD8 032:181.036   JLINK_RTTERMINAL_Read(BufferIndex = 0, BufferSize = 0x00010000)
T6AD8 032:181.078   - 0.040ms returns 0
T7760 032:212.902 JLINK_IsHalted()
T7760 032:213.942 - 1.053ms returns FALSE
T7760 032:213.962 JLINK_IsHalted()
T7760 032:215.830 - 1.868ms returns FALSE
T6AD8 032:232.060   JLINK_RTTERMINAL_Read(BufferIndex = 0, BufferSize = 0x00010000)
T6AD8 032:232.100   - 0.039ms returns 0
T6AD8 032:283.076   JLINK_RTTERMINAL_Read(BufferIndex = 0, BufferSize = 0x00010000)
T6AD8 032:283.114   - 0.038ms returns 0
T7760 032:321.920 JLINK_IsHalted()
T7760 032:323.412 - 1.488ms returns FALSE
T7760 032:323.452 JLINK_IsHalted()
T7760 032:325.168 - 1.715ms returns FALSE
T6AD8 032:334.068   JLINK_RTTERMINAL_Read(BufferIndex = 0, BufferSize = 0x00010000)
T6AD8 032:334.092   - 0.025ms returns 0
T6AD8 032:385.156   JLINK_RTTERMINAL_Read(BufferIndex = 0, BufferSize = 0x00010000)
T6AD8 032:385.184   - 0.028ms returns 0
T7760 032:432.144 JLINK_IsHalted()
T7760 032:433.952 - 1.807ms returns FALSE
T7760 032:434.006 JLINK_IsHalted()
T7760 032:435.754 - 1.748ms returns FALSE
T6AD8 032:436.044   JLINK_RTTERMINAL_Read(BufferIndex = 0, BufferSize = 0x00010000)
T6AD8 032:436.064   - 0.020ms returns 122
T6AD8 032:436.476   JLINK_RTTERMINAL_Read(BufferIndex = 0, BufferSize = 0x00010000)
T6AD8 032:436.508   - 0.031ms returns 0
T6AD8 032:487.040   JLINK_RTTERMINAL_Read(BufferIndex = 0, BufferSize = 0x00010000)
T6AD8 032:487.084   - 0.045ms returns 0
T6AD8 032:538.016   JLINK_RTTERMINAL_Read(BufferIndex = 0, BufferSize = 0x00010000)
T6AD8 032:538.044   - 0.030ms returns 0
T7760 032:540.980 JLINK_IsHalted()
T7760 032:542.836 - 1.856ms returns FALSE
T7760 032:542.880 JLINK_IsHalted()
T7760 032:544.668 - 1.788ms returns FALSE
T6AD8 032:589.014   JLINK_RTTERMINAL_Read(BufferIndex = 0, BufferSize = 0x00010000)
T6AD8 032:589.060   - 0.045ms returns 0
T6AD8 032:640.180   JLINK_RTTERMINAL_Read(BufferIndex = 0, BufferSize = 0x00010000)
T6AD8 032:640.244   - 0.065ms returns 0
T7760 032:649.916 JLINK_IsHalted()
T7760 032:651.590 - 1.674ms returns FALSE
T7760 032:651.636 JLINK_IsHalted()
T7760 032:653.488 - 1.852ms returns FALSE
T6AD8 032:690.976   JLINK_RTTERMINAL_Read(BufferIndex = 0, BufferSize = 0x00010000)
T6AD8 032:691.008   - 0.032ms returns 0
T6AD8 032:742.016   JLINK_RTTERMINAL_Read(BufferIndex = 0, BufferSize = 0x00010000)
T6AD8 032:742.048   - 0.032ms returns 0
T7760 032:759.892 JLINK_IsHalted()
T7760 032:761.184 - 1.291ms returns FALSE
T7760 032:761.216 JLINK_IsHalted()
T7760 032:763.034 - 1.814ms returns FALSE
T6AD8 032:792.956   JLINK_RTTERMINAL_Read(BufferIndex = 0, BufferSize = 0x00010000)
T6AD8 032:792.996   - 0.038ms returns 0
T6AD8 032:843.334   JLINK_RTTERMINAL_Read(BufferIndex = 0, BufferSize = 0x00010000)
T6AD8 032:843.372   - 0.038ms returns 0
T7760 032:869.142 JLINK_IsHalted()
T7760 032:871.162 - 2.019ms returns FALSE
T7760 032:871.200 JLINK_IsHalted()
T7760 032:873.124 - 1.920ms returns FALSE
T6AD8 032:894.132   JLINK_RTTERMINAL_Read(BufferIndex = 0, BufferSize = 0x00010000)
T6AD8 032:894.170   - 0.039ms returns 0
T6AD8 032:945.242   JLINK_RTTERMINAL_Read(BufferIndex = 0, BufferSize = 0x00010000)
T6AD8 032:945.280   - 0.038ms returns 0
T7760 032:978.132 JLINK_IsHalted()
T7760 032:978.902 - 0.771ms returns FALSE
T7760 032:978.934 JLINK_IsHalted()
T7760 032:980.740 - 1.803ms returns FALSE
T6AD8 032:997.056   JLINK_RTTERMINAL_Read(BufferIndex = 0, BufferSize = 0x00010000)
T6AD8 032:997.092   - 0.035ms returns 0
T6AD8 033:048.252   JLINK_RTTERMINAL_Read(BufferIndex = 0, BufferSize = 0x00010000)
T6AD8 033:048.288   - 0.034ms returns 0
T7760 033:088.140 JLINK_IsHalted()
T7760 033:089.300 - 1.159ms returns FALSE
T7760 033:089.316 JLINK_IsHalted()
T7760 033:091.360 - 2.042ms returns FALSE
T6AD8 033:099.300   JLINK_RTTERMINAL_Read(BufferIndex = 0, BufferSize = 0x00010000)
T6AD8 033:099.354   - 0.054ms returns 0
T3238 033:145.446 JLINK_IsHalted()
T3238 033:146.948 - 1.499ms returns FALSE
T3238 033:146.986 JLINK_IsHalted()
T3238 033:148.832 - 1.844ms returns FALSE
T6AD8 033:150.548   JLINK_RTTERMINAL_Read(BufferIndex = 0, BufferSize = 0x00010000)
T6AD8 033:150.572   - 0.027ms returns 0
T7760 033:197.142 JLINK_IsHalted()
T7760 033:197.856 - 0.713ms returns FALSE
T7760 033:197.892 JLINK_IsHalted()
T7760 033:199.734 - 1.843ms returns FALSE
T6AD8 033:201.332   JLINK_RTTERMINAL_Read(BufferIndex = 0, BufferSize = 0x00010000)
T6AD8 033:201.366   - 0.033ms returns 0
T6AD8 033:252.244   JLINK_RTTERMINAL_Read(BufferIndex = 0, BufferSize = 0x00010000)
T6AD8 033:252.278   - 0.036ms returns 122
T6AD8 033:252.736   JLINK_RTTERMINAL_Read(BufferIndex = 0, BufferSize = 0x00010000)
T6AD8 033:252.772   - 0.037ms returns 0
T6AD8 033:303.324   JLINK_RTTERMINAL_Read(BufferIndex = 0, BufferSize = 0x00010000)
T6AD8 033:303.494   - 0.168ms returns 0
T7760 033:306.182 JLINK_IsHalted()
T7760 033:307.840 - 1.655ms returns FALSE
T7760 033:307.908 JLINK_IsHalted()
T7760 033:309.776 - 1.868ms returns FALSE
T6AD8 033:354.246   JLINK_RTTERMINAL_Read(BufferIndex = 0, BufferSize = 0x00010000)
T6AD8 033:354.292   - 0.045ms returns 0
T6AD8 033:405.382   JLINK_RTTERMINAL_Read(BufferIndex = 0, BufferSize = 0x00010000)
T6AD8 033:405.424   - 0.040ms returns 0
T7760 033:416.118 JLINK_IsHalted()
T7760 033:417.772 - 1.656ms returns FALSE
T7760 033:417.804 JLINK_IsHalted()
T7760 033:419.652 - 1.843ms returns FALSE
T6AD8 033:456.396   JLINK_RTTERMINAL_Read(BufferIndex = 0, BufferSize = 0x00010000)
T6AD8 033:456.438   - 0.041ms returns 0
T6AD8 033:508.388   JLINK_RTTERMINAL_Read(BufferIndex = 0, BufferSize = 0x00010000)
T6AD8 033:508.420   - 0.033ms returns 0
T7760 033:525.360 JLINK_IsHalted()
T7760 033:526.918 - 1.542ms returns FALSE
T7760 033:527.002 JLINK_IsHalted()
T7760 033:528.768 - 1.763ms returns FALSE
T6AD8 033:559.432   JLINK_RTTERMINAL_Read(BufferIndex = 0, BufferSize = 0x00010000)
T6AD8 033:559.464   - 0.033ms returns 0
T6AD8 033:610.420   JLINK_RTTERMINAL_Read(BufferIndex = 0, BufferSize = 0x00010000)
T6AD8 033:610.484   - 0.061ms returns 0
T7760 033:634.376 JLINK_IsHalted()
T7760 033:635.700 - 1.320ms returns FALSE
T7760 033:635.752 JLINK_IsHalted()
T7760 033:637.480 - 1.726ms returns FALSE
T6AD8 033:661.544   JLINK_RTTERMINAL_Read(BufferIndex = 0, BufferSize = 0x00010000)
T6AD8 033:661.588   - 0.040ms returns 0
T6AD8 033:712.624   JLINK_RTTERMINAL_Read(BufferIndex = 0, BufferSize = 0x00010000)
T6AD8 033:712.664   - 0.040ms returns 0
T7760 033:744.328 JLINK_IsHalted()
T7760 033:745.064 - 0.735ms returns FALSE
T7760 033:745.116 JLINK_IsHalted()
T7760 033:746.972 - 1.854ms returns FALSE
T6AD8 033:763.448   JLINK_RTTERMINAL_Read(BufferIndex = 0, BufferSize = 0x00010000)
T6AD8 033:763.484   - 0.035ms returns 0
T6AD8 033:814.472   JLINK_RTTERMINAL_Read(BufferIndex = 0, BufferSize = 0x00010000)
T6AD8 033:814.516   - 0.047ms returns 0
T7760 033:853.368 JLINK_IsHalted()
T7760 033:855.336 - 1.968ms returns FALSE
T7760 033:855.384 JLINK_IsHalted()
T7760 033:857.192 - 1.810ms returns FALSE
T6AD8 033:865.464   JLINK_RTTERMINAL_Read(BufferIndex = 0, BufferSize = 0x00010000)
T6AD8 033:865.512   - 0.046ms returns 0
T6AD8 033:917.984   JLINK_RTTERMINAL_Read(BufferIndex = 0, BufferSize = 0x00010000)
T6AD8 033:918.024   - 0.041ms returns 0
T7760 033:962.736 JLINK_IsHalted()
T7760 033:964.440 - 1.701ms returns FALSE
T7760 033:964.464 JLINK_IsHalted()
T7760 033:966.324 - 1.852ms returns FALSE
T6AD8 033:968.376   JLINK_RTTERMINAL_Read(BufferIndex = 0, BufferSize = 0x00010000)
T6AD8 033:968.416   - 0.037ms returns 122
T6AD8 033:968.584   JLINK_RTTERMINAL_Read(BufferIndex = 0, BufferSize = 0x00010000)
T6AD8 033:968.624   - 0.039ms returns 0
T6AD8 034:021.360   JLINK_RTTERMINAL_Read(BufferIndex = 0, BufferSize = 0x00010000)
T6AD8 034:021.396   - 0.035ms returns 0
T7760 034:072.400 JLINK_IsHalted()
T7760 034:074.032 - 1.630ms returns FALSE
T6AD8 034:074.076   JLINK_RTTERMINAL_Read(BufferIndex = 0, BufferSize = 0x00010000)
T6AD8 034:074.112   - 0.033ms returns 0
T7760 034:074.176 JLINK_IsHalted()
T7760 034:075.896 - 1.719ms returns FALSE
T6AD8 034:124.620   JLINK_RTTERMINAL_Read(BufferIndex = 0, BufferSize = 0x00010000)
T6AD8 034:124.656   - 0.038ms returns 0
T3238 034:149.592 JLINK_IsHalted()
T3238 034:150.644 - 1.050ms returns FALSE
T3238 034:150.676 JLINK_IsHalted()
T3238 034:152.508 - 1.826ms returns FALSE
T6AD8 034:175.508   JLINK_RTTERMINAL_Read(BufferIndex = 0, BufferSize = 0x00010000)
T6AD8 034:175.572   - 0.065ms returns 0
T7760 034:181.380 JLINK_IsHalted()
T7760 034:183.256 - 1.877ms returns FALSE
T7760 034:183.300 JLINK_IsHalted()
T7760 034:185.104 - 1.804ms returns FALSE
T6AD8 034:227.072   JLINK_RTTERMINAL_Read(BufferIndex = 0, BufferSize = 0x00010000)
T6AD8 034:227.112   - 0.042ms returns 0
T6AD8 034:277.556   JLINK_RTTERMINAL_Read(BufferIndex = 0, BufferSize = 0x00010000)
T6AD8 034:277.600   - 0.047ms returns 0
T7760 034:290.388 JLINK_IsHalted()
T7760 034:291.436 - 1.049ms returns FALSE
T7760 034:291.484 JLINK_IsHalted()
T7760 034:293.272 - 1.782ms returns FALSE
T6AD8 034:328.408   JLINK_RTTERMINAL_Read(BufferIndex = 0, BufferSize = 0x00010000)
T6AD8 034:328.456   - 0.045ms returns 0
T6AD8 034:379.552   JLINK_RTTERMINAL_Read(BufferIndex = 0, BufferSize = 0x00010000)
T6AD8 034:379.612   - 0.060ms returns 0
T7760 034:400.320 JLINK_IsHalted()
T7760 034:401.620 - 1.297ms returns FALSE
T7760 034:401.648 JLINK_IsHalted()
T7760 034:402.372 - 0.717ms returns FALSE
T6AD8 034:430.488   JLINK_RTTERMINAL_Read(BufferIndex = 0, BufferSize = 0x00010000)
T6AD8 034:430.532   - 0.043ms returns 0
T6AD8 034:481.424   JLINK_RTTERMINAL_Read(BufferIndex = 0, BufferSize = 0x00010000)
T6AD8 034:481.472   - 0.050ms returns 0
T7760 034:509.580 JLINK_IsHalted()
T7760 034:510.396 - 0.816ms returns FALSE
T7760 034:510.456 JLINK_IsHalted()
T7760 034:512.156 - 1.701ms returns FALSE
T6AD8 034:532.664   JLINK_RTTERMINAL_Read(BufferIndex = 0, BufferSize = 0x00010000)
T6AD8 034:532.696   - 0.033ms returns 0
T6AD8 034:583.796   JLINK_RTTERMINAL_Read(BufferIndex = 0, BufferSize = 0x00010000)
T6AD8 034:583.836   - 0.039ms returns 0
T7760 034:618.832 JLINK_IsHalted()
T7760 034:620.652 - 1.819ms returns FALSE
T7760 034:620.684 JLINK_IsHalted()
T7760 034:622.536 - 1.848ms returns FALSE
T6AD8 034:634.832   JLINK_RTTERMINAL_Read(BufferIndex = 0, BufferSize = 0x00010000)
T6AD8 034:634.872   - 0.040ms returns 0
T6AD8 034:685.792   JLINK_RTTERMINAL_Read(BufferIndex = 0, BufferSize = 0x00010000)
T6AD8 034:685.832   - 0.040ms returns 45
T6AD8 034:685.968   JLINK_RTTERMINAL_Read(BufferIndex = 0, BufferSize = 0x00010000)
T6AD8 034:686.000   - 0.032ms returns 0
T7760 034:728.728 JLINK_IsHalted()
T7760 034:730.148 - 1.411ms returns FALSE
T7760 034:730.164 JLINK_IsHalted()
T7760 034:732.016 - 1.846ms returns FALSE
T6AD8 034:737.480   JLINK_RTTERMINAL_Read(BufferIndex = 0, BufferSize = 0x00010000)
T6AD8 034:737.520   - 0.038ms returns 77
T6AD8 034:737.752   JLINK_RTTERMINAL_Read(BufferIndex = 0, BufferSize = 0x00010000)
T6AD8 034:737.788   - 0.038ms returns 0
T6AD8 034:788.664   JLINK_RTTERMINAL_Read(BufferIndex = 0, BufferSize = 0x00010000)
T6AD8 034:788.700   - 0.040ms returns 0
T7760 034:837.656 JLINK_IsHalted()
T7760 034:839.540 - 1.884ms returns FALSE
T7760 034:839.576 JLINK_IsHalted()
T7760 034:841.472 - 1.890ms returns FALSE
T6AD8 034:841.500   JLINK_RTTERMINAL_Read(BufferIndex = 0, BufferSize = 0x00010000)
T6AD8 034:841.540   - 0.039ms returns 0
T6AD8 034:892.692   JLINK_RTTERMINAL_Read(BufferIndex = 0, BufferSize = 0x00010000)
T6AD8 034:892.736   - 0.043ms returns 0
T6AD8 034:943.708   JLINK_RTTERMINAL_Read(BufferIndex = 0, BufferSize = 0x00010000)
T6AD8 034:943.740   - 0.032ms returns 0
T7760 034:947.556 JLINK_IsHalted()
T7760 034:949.400 - 1.843ms returns FALSE
T7760 034:949.428 JLINK_IsHalted()
T7760 034:951.320 - 1.890ms returns FALSE
T6AD8 034:994.676   JLINK_RTTERMINAL_Read(BufferIndex = 0, BufferSize = 0x00010000)
T6AD8 034:994.712   - 0.035ms returns 0
T6AD8 035:047.096   JLINK_RTTERMINAL_Read(BufferIndex = 0, BufferSize = 0x00010000)
T6AD8 035:047.128   - 0.037ms returns 0
T7760 035:056.592 JLINK_IsHalted()
T7760 035:057.436 - 0.843ms returns FALSE
T7760 035:057.456 JLINK_IsHalted()
T7760 035:059.296 - 1.839ms returns FALSE
T6AD8 035:097.800   JLINK_RTTERMINAL_Read(BufferIndex = 0, BufferSize = 0x00010000)
T6AD8 035:097.844   - 0.043ms returns 0
T6AD8 035:149.300   JLINK_RTTERMINAL_Read(BufferIndex = 0, BufferSize = 0x00010000)
T6AD8 035:149.336   - 0.037ms returns 0
T3238 035:152.840 JLINK_IsHalted()
T3238 035:153.656 - 0.809ms returns FALSE
T3238 035:153.684 JLINK_IsHalted()
T3238 035:155.612 - 1.928ms returns FALSE
T7760 035:165.732 JLINK_IsHalted()
T7760 035:167.448 - 1.714ms returns FALSE
T7760 035:167.480 JLINK_IsHalted()
T7760 035:169.480 - 1.996ms returns FALSE
T6AD8 035:200.516   JLINK_RTTERMINAL_Read(BufferIndex = 0, BufferSize = 0x00010000)
T6AD8 035:200.552   - 0.041ms returns 0
T6AD8 035:251.488   JLINK_RTTERMINAL_Read(BufferIndex = 0, BufferSize = 0x00010000)
T6AD8 035:251.524   - 0.035ms returns 0
T7760 035:275.488 JLINK_IsHalted()
T7760 035:276.808 - 1.314ms returns FALSE
T7760 035:276.828 JLINK_IsHalted()
T7760 035:278.608 - 1.777ms returns FALSE
T6AD8 035:304.424   JLINK_RTTERMINAL_Read(BufferIndex = 0, BufferSize = 0x00010000)
T6AD8 035:304.456   - 0.033ms returns 122
T6AD8 035:304.588   JLINK_RTTERMINAL_Read(BufferIndex = 0, BufferSize = 0x00010000)
T6AD8 035:304.604   - 0.016ms returns 0
T6AD8 035:355.624   JLINK_RTTERMINAL_Read(BufferIndex = 0, BufferSize = 0x00010000)
T6AD8 035:355.652   - 0.029ms returns 0
T7760 035:384.540 JLINK_IsHalted()
T7760 035:385.808 - 1.266ms returns FALSE
T7760 035:385.844 JLINK_IsHalted()
T7760 035:387.752 - 1.907ms returns FALSE
T6AD8 035:406.648   JLINK_RTTERMINAL_Read(BufferIndex = 0, BufferSize = 0x00010000)
T6AD8 035:406.696   - 0.045ms returns 0
T6AD8 035:457.656   JLINK_RTTERMINAL_Read(BufferIndex = 0, BufferSize = 0x00010000)
T6AD8 035:457.700   - 0.043ms returns 0
T7760 035:493.540 JLINK_IsHalted()
T7760 035:495.204 - 1.663ms returns FALSE
T7760 035:495.220 JLINK_IsHalted()
T7760 035:497.064 - 1.842ms returns FALSE
T6AD8 035:508.656   JLINK_RTTERMINAL_Read(BufferIndex = 0, BufferSize = 0x00010000)
T6AD8 035:508.688   - 0.032ms returns 0
T6AD8 035:559.628   JLINK_RTTERMINAL_Read(BufferIndex = 0, BufferSize = 0x00010000)
T6AD8 035:559.672   - 0.039ms returns 0
T7760 035:603.772 JLINK_IsHalted()
T7760 035:605.780 - 2.005ms returns FALSE
T7760 035:605.816 JLINK_IsHalted()
T7760 035:607.524 - 1.706ms returns FALSE
T6AD8 035:610.792   JLINK_RTTERMINAL_Read(BufferIndex = 0, BufferSize = 0x00010000)
T6AD8 035:610.812   - 0.019ms returns 0
T6AD8 035:661.752   JLINK_RTTERMINAL_Read(BufferIndex = 0, BufferSize = 0x00010000)
T6AD8 035:661.792   - 0.036ms returns 0
T7760 035:712.692 JLINK_IsHalted()
T7760 035:713.664 - 0.973ms returns FALSE
T6AD8 035:713.696   JLINK_RTTERMINAL_Read(BufferIndex = 0, BufferSize = 0x00010000)
T6AD8 035:713.724   - 0.028ms returns 0
T7760 035:713.784 JLINK_IsHalted()
T7760 035:715.656 - 1.866ms returns FALSE
T6AD8 035:764.824   JLINK_RTTERMINAL_Read(BufferIndex = 0, BufferSize = 0x00010000)
T6AD8 035:764.864   - 0.046ms returns 0
T6AD8 035:815.848   JLINK_RTTERMINAL_Read(BufferIndex = 0, BufferSize = 0x00010000)
T6AD8 035:815.908   - 0.061ms returns 0
T7760 035:821.660 JLINK_IsHalted()
T7760 035:823.528 - 1.862ms returns FALSE
T7760 035:823.568 JLINK_IsHalted()
T7760 035:825.368 - 1.795ms returns FALSE
T6AD8 035:866.412   JLINK_RTTERMINAL_Read(BufferIndex = 0, BufferSize = 0x00010000)
T6AD8 035:866.456   - 0.042ms returns 0
T6AD8 035:917.104   JLINK_RTTERMINAL_Read(BufferIndex = 0, BufferSize = 0x00010000)
T6AD8 035:917.160   - 0.052ms returns 0
T7760 035:933.172 JLINK_IsHalted()
T7760 035:934.632 - 1.461ms returns FALSE
T7760 035:934.684 JLINK_IsHalted()
T7760 035:936.492 - 1.809ms returns FALSE
T6AD8 035:968.104   JLINK_RTTERMINAL_Read(BufferIndex = 0, BufferSize = 0x00010000)
T6AD8 035:968.144   - 0.039ms returns 0
T6AD8 036:019.048   JLINK_RTTERMINAL_Read(BufferIndex = 0, BufferSize = 0x00010000)
T6AD8 036:019.084   - 0.037ms returns 0
T7760 036:041.108 JLINK_IsHalted()
T7760 036:042.512 - 1.405ms returns FALSE
T7760 036:042.548 JLINK_IsHalted()
T7760 036:044.380 - 1.833ms returns FALSE
T6AD8 036:070.112   JLINK_RTTERMINAL_Read(BufferIndex = 0, BufferSize = 0x00010000)
T6AD8 036:070.152   - 0.042ms returns 0
T6AD8 036:121.080   JLINK_RTTERMINAL_Read(BufferIndex = 0, BufferSize = 0x00010000)
T6AD8 036:121.124   - 0.042ms returns 0
T7760 036:150.000 JLINK_IsHalted()
T7760 036:151.880 - 1.877ms returns FALSE
T7760 036:153.648 JLINK_IsHalted()
T7760 036:155.476 - 1.826ms returns FALSE
T3238 036:156.264 JLINK_IsHalted()
T3238 036:157.404 - 1.141ms returns FALSE
T3238 036:157.448 JLINK_IsHalted()
T3238 036:159.296 - 1.841ms returns FALSE
T6AD8 036:172.084   JLINK_RTTERMINAL_Read(BufferIndex = 0, BufferSize = 0x00010000)
T6AD8 036:172.120   - 0.041ms returns 0
T6AD8 036:223.044   JLINK_RTTERMINAL_Read(BufferIndex = 0, BufferSize = 0x00010000)
T6AD8 036:223.084   - 0.044ms returns 0
T7760 036:260.076 JLINK_IsHalted()
T7760 036:261.048 - 0.971ms returns FALSE
T7760 036:261.092 JLINK_IsHalted()
T7760 036:262.920 - 1.829ms returns FALSE
T6AD8 036:274.212   JLINK_RTTERMINAL_Read(BufferIndex = 0, BufferSize = 0x00010000)
T6AD8 036:274.260   - 0.047ms returns 0
T6AD8 036:325.416   JLINK_RTTERMINAL_Read(BufferIndex = 0, BufferSize = 0x00010000)
T6AD8 036:325.480   - 0.061ms returns 0
T7760 036:369.292 JLINK_IsHalted()
T7760 036:370.924 - 1.630ms returns FALSE
T7760 036:370.980 JLINK_IsHalted()
T7760 036:372.776 - 1.794ms returns FALSE
T6AD8 036:376.352   JLINK_RTTERMINAL_Read(BufferIndex = 0, BufferSize = 0x00010000)
T6AD8 036:376.412   - 0.059ms returns 0
T6AD8 036:427.372   JLINK_RTTERMINAL_Read(BufferIndex = 0, BufferSize = 0x00010000)
T6AD8 036:427.448   - 0.079ms returns 0
T7760 036:478.284 JLINK_IsHalted()
T7760 036:480.296 - 2.013ms returns FALSE
T6AD8 036:480.376   JLINK_RTTERMINAL_Read(BufferIndex = 0, BufferSize = 0x00010000)
T6AD8 036:480.428   - 0.050ms returns 0
T7760 036:480.560 JLINK_IsHalted()
T7760 036:482.192 - 1.631ms returns FALSE
T6AD8 036:531.352   JLINK_RTTERMINAL_Read(BufferIndex = 0, BufferSize = 0x00010000)
T6AD8 036:531.436   - 0.085ms returns 0
T6AD8 036:582.372   JLINK_RTTERMINAL_Read(BufferIndex = 0, BufferSize = 0x00010000)
T6AD8 036:582.440   - 0.072ms returns 0
T7760 036:587.300 JLINK_IsHalted()
T7760 036:588.848 - 1.545ms returns FALSE
T7760 036:588.920 JLINK_IsHalted()
T7760 036:590.772 - 1.849ms returns FALSE
T6AD8 036:633.468   JLINK_RTTERMINAL_Read(BufferIndex = 0, BufferSize = 0x00010000)
T6AD8 036:633.548   - 0.082ms returns 0
T6AD8 036:683.892   JLINK_RTTERMINAL_Read(BufferIndex = 0, BufferSize = 0x00010000)
T6AD8 036:683.960   - 0.070ms returns 0
T7760 036:696.736 JLINK_IsHalted()
T7760 036:697.696 - 0.958ms returns FALSE
T7760 036:697.760 JLINK_IsHalted()
T7760 036:699.556 - 1.793ms returns FALSE
T6AD8 036:734.864   JLINK_RTTERMINAL_Read(BufferIndex = 0, BufferSize = 0x00010000)
T6AD8 036:734.936   - 0.076ms returns 0
T6AD8 036:785.864   JLINK_RTTERMINAL_Read(BufferIndex = 0, BufferSize = 0x00010000)
T6AD8 036:785.944   - 0.084ms returns 0
T7760 036:806.748 JLINK_IsHalted()
T7760 036:808.680 - 1.925ms returns FALSE
T7760 036:808.760 JLINK_IsHalted()
T7760 036:810.536 - 1.770ms returns FALSE
T6AD8 036:838.120   JLINK_RTTERMINAL_Read(BufferIndex = 0, BufferSize = 0x00010000)
T6AD8 036:838.176   - 0.054ms returns 0
T6AD8 036:888.828   JLINK_RTTERMINAL_Read(BufferIndex = 0, BufferSize = 0x00010000)
T6AD8 036:888.896   - 0.076ms returns 0
T7760 036:916.660 JLINK_IsHalted()
T7760 036:918.488 - 1.828ms returns FALSE
T7760 036:918.540 JLINK_IsHalted()
T7760 036:920.324 - 1.778ms returns FALSE
T6AD8 036:940.064   JLINK_RTTERMINAL_Read(BufferIndex = 0, BufferSize = 0x00010000)
T6AD8 036:940.120   - 0.055ms returns 0
T6AD8 036:990.888   JLINK_RTTERMINAL_Read(BufferIndex = 0, BufferSize = 0x00010000)
T6AD8 036:990.944   - 0.057ms returns 0
T7760 037:025.764 JLINK_IsHalted()
T7760 037:026.704 - 0.939ms returns FALSE
T7760 037:026.772 JLINK_IsHalted()
T7760 037:028.568 - 1.792ms returns FALSE
T6AD8 037:041.796   JLINK_RTTERMINAL_Read(BufferIndex = 0, BufferSize = 0x00010000)
T6AD8 037:041.848   - 0.055ms returns 0
T6AD8 037:092.856   JLINK_RTTERMINAL_Read(BufferIndex = 0, BufferSize = 0x00010000)
T6AD8 037:092.936   - 0.076ms returns 0
T7760 037:135.896 JLINK_IsHalted()
T7760 037:137.772 - 1.876ms returns FALSE
T7760 037:137.832 JLINK_IsHalted()
T7760 037:139.624 - 1.788ms returns FALSE
T6AD8 037:143.848   JLINK_RTTERMINAL_Read(BufferIndex = 0, BufferSize = 0x00010000)
T6AD8 037:143.900   - 0.055ms returns 0
T3238 037:160.292 JLINK_IsHalted()
T3238 037:161.156 - 0.860ms returns FALSE
T3238 037:161.208 JLINK_IsHalted()
T3238 037:163.044 - 1.829ms returns FALSE
T6AD8 037:194.900   JLINK_RTTERMINAL_Read(BufferIndex = 0, BufferSize = 0x00010000)
T6AD8 037:194.968   - 0.069ms returns 0
T7760 037:243.732 JLINK_IsHalted()
T7760 037:244.664 - 0.929ms returns FALSE
T7760 037:244.720 JLINK_IsHalted()
T7760 037:246.536 - 1.814ms returns FALSE
T6AD8 037:246.596   JLINK_RTTERMINAL_Read(BufferIndex = 0, BufferSize = 0x00010000)
T6AD8 037:246.640   - 0.045ms returns 0
T6AD8 037:297.848   JLINK_RTTERMINAL_Read(BufferIndex = 0, BufferSize = 0x00010000)
T6AD8 037:297.900   - 0.051ms returns 0
T6AD8 037:348.804   JLINK_RTTERMINAL_Read(BufferIndex = 0, BufferSize = 0x00010000)
T6AD8 037:348.852   - 0.050ms returns 0
T7760 037:353.796 JLINK_IsHalted()
T7760 037:355.092 - 1.294ms returns FALSE
T7760 037:355.132 JLINK_IsHalted()
T7760 037:356.952 - 1.820ms returns FALSE
T6AD8 037:399.844   JLINK_RTTERMINAL_Read(BufferIndex = 0, BufferSize = 0x00010000)
T6AD8 037:399.896   - 0.050ms returns 0
T6AD8 037:450.840   JLINK_RTTERMINAL_Read(BufferIndex = 0, BufferSize = 0x00010000)
T6AD8 037:450.900   - 0.057ms returns 0
T7760 037:464.288 JLINK_IsHalted()
T7760 037:466.052 - 1.762ms returns FALSE
T7760 037:466.092 JLINK_IsHalted()
T7760 037:467.916 - 1.824ms returns FALSE
T6AD8 037:502.108   JLINK_RTTERMINAL_Read(BufferIndex = 0, BufferSize = 0x00010000)
T6AD8 037:502.232   - 0.123ms returns 0
T6AD8 037:553.080   JLINK_RTTERMINAL_Read(BufferIndex = 0, BufferSize = 0x00010000)
T6AD8 037:553.128   - 0.046ms returns 0
T7760 037:572.020 JLINK_IsHalted()
T7760 037:573.180 - 1.160ms returns FALSE
T7760 037:573.208 JLINK_IsHalted()
T7760 037:575.032 - 1.825ms returns FALSE
T6AD8 037:604.100   JLINK_RTTERMINAL_Read(BufferIndex = 0, BufferSize = 0x00010000)
T6AD8 037:604.148   - 0.048ms returns 0
T6AD8 037:655.036   JLINK_RTTERMINAL_Read(BufferIndex = 0, BufferSize = 0x00010000)
T6AD8 037:655.076   - 0.040ms returns 0
T7760 037:682.100 JLINK_IsHalted()
T7760 037:683.180 - 1.081ms returns FALSE
T7760 037:683.224 JLINK_IsHalted()
T7760 037:685.144 - 1.920ms returns FALSE
T6AD8 037:706.060   JLINK_RTTERMINAL_Read(BufferIndex = 0, BufferSize = 0x00010000)
T6AD8 037:706.108   - 0.047ms returns 0
T6AD8 037:757.156   JLINK_RTTERMINAL_Read(BufferIndex = 0, BufferSize = 0x00010000)
T6AD8 037:757.208   - 0.051ms returns 0
T7760 037:791.208 JLINK_IsHalted()
T7760 037:792.692 - 1.483ms returns FALSE
T7760 037:792.724 JLINK_IsHalted()
T7760 037:794.508 - 1.785ms returns FALSE
T6AD8 037:808.552   JLINK_RTTERMINAL_Read(BufferIndex = 0, BufferSize = 0x00010000)
T6AD8 037:808.636   - 0.085ms returns 0
T6AD8 037:859.864   JLINK_RTTERMINAL_Read(BufferIndex = 0, BufferSize = 0x00010000)
T6AD8 037:859.908   - 0.043ms returns 0
T7760 037:899.816 JLINK_IsHalted()
T7760 037:901.244 - 1.428ms returns FALSE
T7760 037:901.264 JLINK_IsHalted()
T7760 037:903.068 - 1.804ms returns FALSE
T6AD8 037:910.904   JLINK_RTTERMINAL_Read(BufferIndex = 0, BufferSize = 0x00010000)
T6AD8 037:910.944   - 0.042ms returns 0
T6AD8 037:962.036   JLINK_RTTERMINAL_Read(BufferIndex = 0, BufferSize = 0x00010000)
T6AD8 037:962.088   - 0.051ms returns 0
T7760 038:009.796 JLINK_IsHalted()
T7760 038:011.000 - 1.207ms returns FALSE
T7760 038:011.024 JLINK_IsHalted()
T7760 038:012.860 - 1.833ms returns FALSE
T6AD8 038:012.908   JLINK_RTTERMINAL_Read(BufferIndex = 0, BufferSize = 0x00010000)
T6AD8 038:012.940   - 0.034ms returns 0
T6AD8 038:063.876   JLINK_RTTERMINAL_Read(BufferIndex = 0, BufferSize = 0x00010000)
T6AD8 038:063.916   - 0.045ms returns 0
T6AD8 038:114.944   JLINK_RTTERMINAL_Read(BufferIndex = 0, BufferSize = 0x00010000)
T6AD8 038:115.028   - 0.082ms returns 0
T7760 038:118.820 JLINK_IsHalted()
T7760 038:120.732 - 1.910ms returns FALSE
T7760 038:120.824 JLINK_IsHalted()
T7760 038:122.568 - 1.741ms returns FALSE
T3238 038:163.180 JLINK_IsHalted()
T3238 038:165.168 - 1.984ms returns FALSE
T3238 038:165.240 JLINK_IsHalted()
T3238 038:167.044 - 1.798ms returns FALSE
T6AD8 038:167.128   JLINK_RTTERMINAL_Read(BufferIndex = 0, BufferSize = 0x00010000)
T6AD8 038:167.172   - 0.042ms returns 0
T6AD8 038:217.884   JLINK_RTTERMINAL_Read(BufferIndex = 0, BufferSize = 0x00010000)
T6AD8 038:217.936   - 0.054ms returns 0
T7760 038:228.796 JLINK_IsHalted()
T7760 038:230.456 - 1.659ms returns FALSE
T7760 038:230.504 JLINK_IsHalted()
T7760 038:232.344 - 1.843ms returns FALSE
T6AD8 038:268.876   JLINK_RTTERMINAL_Read(BufferIndex = 0, BufferSize = 0x00010000)
T6AD8 038:268.932   - 0.056ms returns 0
T6AD8 038:319.880   JLINK_RTTERMINAL_Read(BufferIndex = 0, BufferSize = 0x00010000)
T6AD8 038:319.924   - 0.044ms returns 0
T7760 038:338.968 JLINK_IsHalted()
T7760 038:340.816 - 1.850ms returns FALSE
T7760 038:340.860 JLINK_IsHalted()
T7760 038:342.732 - 1.871ms returns FALSE
T6AD8 038:370.936   JLINK_RTTERMINAL_Read(BufferIndex = 0, BufferSize = 0x00010000)
T6AD8 038:370.984   - 0.047ms returns 0
T6AD8 038:422.364   JLINK_RTTERMINAL_Read(BufferIndex = 0, BufferSize = 0x00010000)
T6AD8 038:422.408   - 0.042ms returns 0
T7760 038:446.800 JLINK_IsHalted()
T7760 038:447.792 - 0.986ms returns FALSE
T7760 038:447.816 JLINK_IsHalted()
T7760 038:449.688 - 1.868ms returns FALSE
T6AD8 038:472.912   JLINK_RTTERMINAL_Read(BufferIndex = 0, BufferSize = 0x00010000)
T6AD8 038:472.964   - 0.051ms returns 0
T6AD8 038:525.692   JLINK_RTTERMINAL_Read(BufferIndex = 0, BufferSize = 0x00010000)
T6AD8 038:525.736   - 0.044ms returns 0
T7760 038:556.840 JLINK_IsHalted()
T7760 038:558.392 - 1.551ms returns FALSE
T7760 038:558.424 JLINK_IsHalted()
T7760 038:560.280 - 1.854ms returns FALSE
T6AD8 038:576.924   JLINK_RTTERMINAL_Read(BufferIndex = 0, BufferSize = 0x00010000)
T6AD8 038:576.964   - 0.037ms returns 0
T6AD8 038:628.792   JLINK_RTTERMINAL_Read(BufferIndex = 0, BufferSize = 0x00010000)
T6AD8 038:628.824   - 0.037ms returns 0
T7760 038:665.784 JLINK_IsHalted()
T7760 038:667.684 - 1.896ms returns FALSE
T7760 038:667.704 JLINK_IsHalted()
T7760 038:669.540 - 1.835ms returns FALSE
T6AD8 038:679.948   JLINK_RTTERMINAL_Read(BufferIndex = 0, BufferSize = 0x00010000)
T6AD8 038:679.996   - 0.050ms returns 0
T6AD8 038:730.872   JLINK_RTTERMINAL_Read(BufferIndex = 0, BufferSize = 0x00010000)
T6AD8 038:730.912   - 0.036ms returns 0
T7760 038:774.780 JLINK_IsHalted()
T7760 038:775.992 - 1.213ms returns FALSE
T7760 038:776.024 JLINK_IsHalted()
T7760 038:777.816 - 1.791ms returns FALSE
T6AD8 038:781.864   JLINK_RTTERMINAL_Read(BufferIndex = 0, BufferSize = 0x00010000)
T6AD8 038:781.892   - 0.026ms returns 0
T6AD8 038:832.848   JLINK_RTTERMINAL_Read(BufferIndex = 0, BufferSize = 0x00010000)
T6AD8 038:832.888   - 0.043ms returns 0
T6AD8 038:885.312   JLINK_RTTERMINAL_Read(BufferIndex = 0, BufferSize = 0x00010000)
T6AD8 038:885.352   - 0.037ms returns 0
T7760 038:885.412 JLINK_IsHalted()
T7760 038:887.208 - 1.792ms returns FALSE
T7760 038:887.232 JLINK_IsHalted()
T7760 038:889.016 - 1.782ms returns FALSE
T6AD8 038:935.876   JLINK_RTTERMINAL_Read(BufferIndex = 0, BufferSize = 0x00010000)
T6AD8 038:935.948   - 0.073ms returns 0
T6AD8 038:987.064   JLINK_RTTERMINAL_Read(BufferIndex = 0, BufferSize = 0x00010000)
T6AD8 038:987.136   - 0.075ms returns 0
T7760 038:993.836 JLINK_IsHalted()
T7760 038:995.420 - 1.581ms returns FALSE
T7760 038:995.456 JLINK_IsHalted()
T7760 038:997.216 - 1.760ms returns FALSE
T6AD8 039:037.576   JLINK_RTTERMINAL_Read(BufferIndex = 0, BufferSize = 0x00010000)
T6AD8 039:037.624   - 0.051ms returns 0
T6AD8 039:088.624   JLINK_RTTERMINAL_Read(BufferIndex = 0, BufferSize = 0x00010000)
T6AD8 039:088.672   - 0.047ms returns 0
T6AD8 039:139.712   JLINK_RTTERMINAL_Read(BufferIndex = 0, BufferSize = 0x00010000)
T6AD8 039:139.748   - 0.036ms returns 0
T6AD8 039:190.716   JLINK_RTTERMINAL_Read(BufferIndex = 0, BufferSize = 0x00010000)
T6AD8 039:190.764   - 0.049ms returns 0
T6AD8 039:241.668   JLINK_RTTERMINAL_Read(BufferIndex = 0, BufferSize = 0x00010000)
T6AD8 039:241.708   - 0.042ms returns 0
T6AD8 039:293.184   JLINK_RTTERMINAL_Read(BufferIndex = 0, BufferSize = 0x00010000)
T6AD8 039:293.416   - 0.233ms returns 0
T6AD8 039:343.936   JLINK_RTTERMINAL_Read(BufferIndex = 0, BufferSize = 0x00010000)
T6AD8 039:343.984   - 0.048ms returns 0
T6AD8 039:394.760   JLINK_RTTERMINAL_Read(BufferIndex = 0, BufferSize = 0x00010000)
T6AD8 039:394.804   - 0.047ms returns 0
T6AD8 039:445.128   JLINK_RTTERMINAL_Read(BufferIndex = 0, BufferSize = 0x00010000)
T6AD8 039:445.176   - 0.046ms returns 0
T6AD8 039:496.108   JLINK_RTTERMINAL_Read(BufferIndex = 0, BufferSize = 0x00010000)
T6AD8 039:496.152   - 0.047ms returns 0
T6AD8 039:548.040   JLINK_RTTERMINAL_Read(BufferIndex = 0, BufferSize = 0x00010000)
T6AD8 039:548.084   - 0.046ms returns 0
T8ED4 039:572.548 JLINK_Halt()
T8ED4 039:580.656 - 8.091ms returns 0x00
T8ED4 039:580.772 JLINK_ReadReg(XPSR)
T8ED4 039:582.516 - 1.745ms returns 0x81000000
T8ED4 039:591.696 JLINK_Close()
T8ED4 039:592.908   OnDisconnectTarget() start
T8ED4 039:592.976    J-Link Script File: Executing OnDisconnectTarget()
T8ED4 039:593.000   Restoring low power mode settings.
T8ED4 039:597.812   OnDisconnectTarget() end - Took 4.83ms
T8ED4 039:605.512 - 13.816ms
T8ED4 039:605.560   
T8ED4 039:605.576   Closed
