T74C4 000:001.406   SEGGER J-Link V7.98b Log File
T74C4 000:001.562   DLL Compiled: Jul 31 2024 16:10:46
T74C4 000:001.576   Logging started @ 2024-09-19 05:06
T74C4 000:001.591   Process: C:\Users\trung.tran-quoc\.eclipse\com.renesas.platform_32995968\DebugComp\RA\e2-server-gdb.exe
T74C4 000:001.606 - 1.604ms
T74C4 000:001.630 JLINK_GetDLLVersion()
T74C4 000:001.644 - 0.015ms returns 79802
T74C4 000:007.608 JLINK_OpenEx(...)
T74C4 000:014.763   Firmware: J-Link OB-S124 compiled Jul  3 2024 17:03:07
T74C4 000:016.399   Firmware: J-Link OB-S124 compiled Jul  3 2024 17:03:07
T74C4 000:042.694   Hardware: V1.00
T74C4 000:042.741   S/N: 831651389
T74C4 000:042.756   OEM: SEGGER
T74C4 000:042.771   Feature(s): None
T74C4 000:044.454   Bootloader: 2019 Oct 15
T74C4 000:046.017   USB speed mode: Full speed (12 MBit/s)
T74C4 000:047.141   TELNET listener socket opened on port 19021
T74C4 000:047.313   WEBSRV WEBSRV_Init(): Starting webserver thread(s)
T74C4 000:047.467   WEBSRV Webserver running on local port 19080
T74C4 000:047.578   Looking for J-Link GUI Server exe at: C:\Users\trung.tran-quoc\.eclipse\com.renesas.platform_32995968\DebugComp\RA\ARM\Segger_v7.98.2\JLinkGUIServer.exe
T74C4 000:047.688   Looking for J-Link GUI Server exe at: C:\Users\trung.tran-quoc\SEGGER\JLink\JLinkGUIServer.exe
T74C4 000:349.858   Failed to connect to J-Link GUI Server.
T74C4 000:350.028 - 342.398ms returns "O.K."
T74C4 000:350.340 JLINK_ExecCommand("ProjectFile=C:\Users\trung.tran-quoc\fsp_git\ra-solutions-rvc\application_projects\r01an5865\ra_arm_dsp_examples_ek_ra2e1/ra_arm_dsp_examples_ek_ra2e1 Debug_Flat.jlink", ...). 
T74C4 000:374.029 - 23.699ms returns 0x00
T74C4 000:375.590 JLINK_ExecCommand("device=R7FA2E1A9", ...). 
T74C4 000:376.387   Flash bank @ 0x01010010: SFL: Parsing sectorization info from ELF file
T74C4 000:376.410     FlashDevice.SectorInfo[0]: .SectorSize = 0x00000024, .SectorStartAddr = 0x00000000
T74C4 000:376.426   FlashBank @0x01010010: Sectorization info from SFL ELF file ignored because sectorization override from DLL / XML file is active.
T74C4 000:376.508   Device "R7FA2E1A9" selected.
T74C4 000:380.092 - 4.472ms returns 0x00
T74C4 000:380.144 JLINK_ExecCommand("SetCPUConnectIDCODE = FFFFFFFFFFFFFFFFFFFFFFFFFFFFFFFF", ...). 
T74C4 000:380.168 - 0.002ms returns 0x00
T74C4 000:380.182 JLINK_TIF_GetAvailable(...)
T74C4 000:380.706 - 0.524ms
T74C4 000:380.726 JLINK_TIF_Select(JLINKARM_TIF_SWD)
T74C4 000:382.545 - 1.818ms returns 0x00
T74C4 000:382.569 JLINK_SetSpeed(4000)
T74C4 000:382.967 - 0.398ms
T74C4 000:382.984 JLINK_SetEndian(ARM_ENDIAN_LITTLE)
T74C4 000:382.995 - 0.011ms returns 0
T74C4 000:383.007 JLINK_SetInitRegsOnReset(OFF)
T74C4 000:383.017 - 0.011ms returns 1
T74C4 000:383.028 JLINK_SetResetType(JLINKARM_RESET_TYPE_NO_RESET)
T74C4 000:383.039 - 0.010ms returns JLINKARM_RESET_TYPE_NORMAL
T74C4 000:383.051 JLINK_ExecCommand("EnableFlashBPs", ...). 
T74C4 000:383.062 - 0.000ms returns 0x00
T74C4 000:383.074 JLINK_ExecCommand("SetAllowFlashCache = 1", ...). 
T74C4 000:383.086 - 0.000ms returns 0x01
T74C4 000:383.098 JLINK_ExecCommand("SetRestartOnClose = 0", ...). 
T74C4 000:383.110 - 0.001ms returns 0x01
T74C4 000:383.122 JLINK_EnableSoftBPs(ON)
T74C4 000:383.132 - 0.011ms
T74C4 000:383.145 JLINK_Connect()
T74C4 000:383.640   InitTarget() start
T74C4 000:383.658    J-Link Script File: Executing InitTarget()
T74C4 000:383.675   Identifying target device...
T74C4 000:383.691   SWD selected. Executing JTAG -> SWD switching sequence...
T74C4 000:384.809   Initializing DAP...
T74C4 000:388.596   DAP initialized successfully.
T74C4 000:393.309   Low power mode detected. Waking device from low power mode.
T74C4 000:402.386   InitTarget() end - Took 18.7ms
T74C4 000:403.663   Found SW-DP with ID 0x5BA02477
T74C4 000:408.184   DPIDR: 0x5BA02477
T74C4 000:408.215   CoreSight SoC-400 or earlier
T74C4 000:408.231   Scanning AP map to find all available APs
T74C4 000:410.563   AP[2]: Stopped AP scan as end of AP map has been reached
T74C4 000:410.585   AP[0]: AHB-AP (IDR: 0x74770001)
T74C4 000:410.649   AP[1]: APB-AP (IDR: 0x44770002)
T74C4 000:410.664   Iterating through AP map to find AHB-AP to use
T74C4 000:412.635   AP[0]: Core found
T74C4 000:412.688   AP[0]: AHB-AP ROM base: 0x4001A000
T74C4 000:413.877   CPUID register: 0x411CD200. Implementer code: 0x41 (ARM)
T74C4 000:413.917   Feature set: Baseline
T74C4 000:414.860   Cache: No cache
T74C4 000:414.888   Found Cortex-M23 r1p0, Little endian.
T74C4 000:415.891   -- Max. mem block: 0x00001B00
T74C4 000:417.837   CPU_ReadMem(4 bytes @ 0xE000EDF0)
T74C4 000:418.810   CPU_WriteMem(4 bytes @ 0xE000EDF0)
T74C4 000:419.714   CPU_ReadMem(4 bytes @ 0xE0002000)
T74C4 000:420.546   FPUnit: 4 code (BP) slots and 0 literal slots
T74C4 000:420.612   CPU_ReadMem(4 bytes @ 0xE000EDFC)
T74C4 000:421.456   CPU_WriteMem(4 bytes @ 0xE000EDFC)
T74C4 000:422.433   CPU_ReadMem(4 bytes @ 0xE0001000)
T74C4 000:423.302   CPU_ReadMem(4 bytes @ 0xE0001000)
T74C4 000:424.205   CPU_ReadMem(4 bytes @ 0xE0001028)
T74C4 000:425.139   CPU_ReadMem(4 bytes @ 0xE0001038)
T74C4 000:426.065   CPU_WriteMem(4 bytes @ 0xE0001000)
T74C4 000:427.016   CPU_ReadMem(4 bytes @ 0xE000ED88)
T74C4 000:427.924   CPU_WriteMem(4 bytes @ 0xE000ED88)
T74C4 000:428.932   CPU_ReadMem(4 bytes @ 0xE000ED88)
T74C4 000:429.744   CPU_WriteMem(4 bytes @ 0xE000ED88)
T74C4 000:430.819   CPU_ReadMem(4 bytes @ 0xE000EFB8)
T74C4 000:431.810   Security extension: not implemented
T74C4 000:431.858   CoreSight components:
T74C4 000:431.886   ROMTbl[0] @ 4001A000
T74C4 000:431.916   CPU_ReadMem(64 bytes @ 0x4001A000)
T74C4 000:433.908   CPU_ReadMem(32 bytes @ 0xE000EFE0)
T74C4 000:435.323   CPU_ReadMem(4 bytes @ 0xE000EFBC)
T74C4 000:436.229   CPU_ReadMem(4 bytes @ 0xE000EFCC)
T74C4 000:437.108   [0][0]: E000E000 CID B105900D PID 000BBD20 DEVARCH 47702A04 DEVTYPE 00 Cortex-M23
T74C4 000:437.154   CPU_ReadMem(32 bytes @ 0xE0001FE0)
T74C4 000:438.463   CPU_ReadMem(4 bytes @ 0xE0001FBC)
T74C4 000:439.435   CPU_ReadMem(4 bytes @ 0xE0001FCC)
T74C4 000:440.316   [0][1]: E0001000 CID B105900D PID 000BBD20 DEVARCH 47701A02 DEVTYPE 00 DWT
T74C4 000:440.364   CPU_ReadMem(32 bytes @ 0xE0002FE0)
T74C4 000:441.579   CPU_ReadMem(4 bytes @ 0xE0002FBC)
T74C4 000:442.463   CPU_ReadMem(4 bytes @ 0xE0002FCC)
T74C4 000:443.349   [0][2]: E0002000 CID B105900D PID 000BBD20 DEVARCH 47701A03 DEVTYPE 00 FPB
T74C4 000:443.395   CPU_ReadMem(32 bytes @ 0x40019FE0)
T74C4 000:444.619   CPU_ReadMem(4 bytes @ 0x40019FBC)
T74C4 000:445.603   CPU_ReadMem(4 bytes @ 0x40019FCC)
T74C4 000:446.591   [0][3]: 40019000 CID B105900D PID 000BBD20 DEVARCH 47710A31 DEVTYPE 31 MTB
T74C4 000:446.695 - 63.549ms returns 0x00
T74C4 000:446.741 JLINK_Halt()
T74C4 000:452.128 - 5.385ms returns 0x00
T74C4 000:452.182 JLINK_IsHalted()
T74C4 000:452.211 - 0.028ms returns TRUE
T74C4 000:452.269 JLINK_ResetPullsRESET(ON)
T74C4 000:452.299 - 0.030ms
T74C4 000:452.318 JLINK_Reset()
T74C4 000:452.359   CPU_WriteMem(4 bytes @ 0xE000EDF0)
T74C4 000:453.289   CPU_ReadMem(4 bytes @ 0xE000ED44)
T74C4 000:454.151   CPU_WriteMem(4 bytes @ 0xE000EDFC)
T74C4 000:455.078   Reset: Halt core after reset via DEMCR.VC_CORERESET.
T74C4 000:456.471   Reset: Reset device via AIRCR.SYSRESETREQ.
T74C4 000:456.511   CPU_WriteMem(4 bytes @ 0xE000ED0C)
T74C4 000:512.053   CPU_ReadMem(4 bytes @ 0xE000EDF0)
T74C4 000:512.956   CPU_ReadMem(4 bytes @ 0xE000EDF0)
T74C4 000:513.787   CPU_WriteMem(4 bytes @ 0xE000EDFC)
T74C4 000:520.644   CPU_ReadMem(4 bytes @ 0xE000EDF0)
T74C4 000:526.767   CPU_WriteMem(4 bytes @ 0xE0002000)
T74C4 000:527.631   CPU_ReadMem(4 bytes @ 0xE000EDFC)
T74C4 000:528.368   CPU_ReadMem(4 bytes @ 0xE0001000)
T74C4 000:529.136   CPU_WriteMem(4 bytes @ 0xE0001000)
T74C4 000:530.118   CPU_ReadMem(4 bytes @ 0xE000EE08)
T74C4 000:530.946 - 78.626ms
T74C4 000:531.087 JLINK_IsHalted()
T74C4 000:531.100 - 0.013ms returns TRUE
T74C4 000:531.280 JLINK_MeasureCPUSpeed(RAMAddr = 0xFFFFFFFF)
T74C4 000:531.295   CPU_ReadMem(16 bytes @ 0x20004000)
T74C4 000:532.331   CPU_ReadMem(64 bytes @ 0x20004000)
T74C4 000:533.914    -- Updating C cache (64 bytes @ 0x20004000)
T74C4 000:533.937    -- Read from C cache (6 bytes @ 0x20004000)
T74C4 000:533.954   CPU_ReadMem(4 bytes @ 0x40019004)
T74C4 000:534.712   CPU_ReadMem(4 bytes @ 0xE000ED90)
T74C4 000:535.482   CPU_ReadMem(4 bytes @ 0xE000ED94)
T74C4 000:536.260   CPU_WriteMem(16 bytes @ 0x20004000)
T74C4 000:537.203   CPU_WriteMem(6 bytes @ 0x20004000)
T74C4 000:538.146   CPU_ReadMem(64 bytes @ 0x20004000)
T74C4 000:539.690    -- Updating C cache (64 bytes @ 0x20004000)
T74C4 000:539.714    -- Read from C cache (6 bytes @ 0x20004000)
T74C4 000:539.737   CPU_ReadMem(4 bytes @ 0xE000EE08)
T74C4 000:540.503   CPU_WriteMem(4 bytes @ 0xE0002008)
T74C4 000:540.521   CPU_WriteMem(4 bytes @ 0xE000200C)
T74C4 000:540.536   CPU_WriteMem(4 bytes @ 0xE0002010)
T74C4 000:540.551   CPU_WriteMem(4 bytes @ 0xE0002014)
T74C4 000:552.546   CPU_WriteMem(4 bytes @ 0xE0002008)
T74C4 000:553.487   CPU_WriteMem(4 bytes @ 0xE000200C)
T74C4 000:554.423   CPU_WriteMem(4 bytes @ 0xE0002010)
T74C4 000:555.396   CPU_WriteMem(4 bytes @ 0xE0002014)
T74C4 000:556.192   CPU_ReadMem(4 bytes @ 0xE000EE08)
T74C4 000:557.058   CPU_ReadMem(4 bytes @ 0xE000EE08)
T74C4 000:557.907   CPU_ReadMem(4 bytes @ 0xE000EE08)
T74C4 000:588.624   CPU_WriteMem(6 bytes @ 0x20004000)
T74C4 000:589.585   ClockFreq: 500100 Hz
T74C4 000:589.634 - 58.354ms returns 500100
T74C4 000:589.674 JLINK_ReadReg(XPSR)
T74C4 000:589.686   CPU_ReadMem(4 bytes @ 0xE000EE08)
T74C4 000:590.447 - 0.769ms returns 0x01000000
T7A24 002:658.265 JLINK_ReadReg(XPSR)
T7A24 002:659.080   CPU_ReadMem(4 bytes @ 0xE000EE08)
T7A24 002:659.891 - 1.625ms returns 0x01000000
T7A24 002:695.695 JLINK_ReadReg(XPSR)
T7A24 002:695.772 - 0.078ms returns 0x01000000
T7A24 002:771.687 JLINK_ReadReg(XPSR)
T7A24 002:771.767 - 0.081ms returns 0x01000000
T7A24 002:807.511 JLINK_SetEndian(ARM_ENDIAN_LITTLE)
T7A24 002:807.572 - 0.062ms returns 0
T7A24 002:807.754 JLINK_BeginDownload(Flags = 0x00000000)
T7A24 002:807.781 - 0.027ms
T7A24 002:830.761 JLINK_WriteMem(0x00000000, 0xBC0 Bytes, ...)
T7A24 002:830.822   Data:  60 4D 00 20 1D 10 00 00 BD 0E 00 00 19 10 00 00 ...
T7A24 002:831.143   completely In flash
T7A24 002:831.181 - 0.420ms returns 0xBC0
T7A24 002:831.854 JLINK_WriteMem(0x00000BC0, 0xBC0 Bytes, ...)
T7A24 002:831.903   Data:  1F 00 1A E7 2B 21 07 A8 FF F7 E6 FD F5 E7 00 25 ...
T7A24 002:831.950   completely In flash
T7A24 002:831.982 - 0.128ms returns 0xBC0
T7A24 002:832.414 JLINK_WriteMem(0x00001780, 0xBB0 Bytes, ...)
T7A24 002:832.461   Data:  4A D0 80 22 00 20 E4 00 D2 04 14 43 7F 3B 42 46 ...
T7A24 002:832.492   completely In flash
T7A24 002:832.515 - 0.102ms returns 0xBB0
T7A24 002:832.979 JLINK_WriteMem(0x00002330, 0xBB0 Bytes, ...)
T7A24 002:833.008   Data:  01 25 38 28 10 DC 01 00 1F 29 00 DD BA E1 20 20 ...
T7A24 002:833.038   completely In flash
T7A24 002:833.060 - 0.081ms returns 0xBB0
T7A24 002:833.400 JLINK_WriteMem(0x00002EE0, 0xBC0 Bytes, ...)
T7A24 002:833.424   Data:  D8 0F 82 46 40 F2 FF 70 09 03 09 0B 8C 46 1F 03 ...
T7A24 002:833.471   completely In flash
T7A24 002:833.493 - 0.093ms returns 0xBC0
T7A24 002:833.901 JLINK_WriteMem(0x00003AA0, 0xB90 Bytes, ...)
T7A24 002:833.944   Data:  AD 1A AC 45 BF 41 5B 46 7F 42 B9 46 CB 1A 1F 00 ...
T7A24 002:833.979   completely In flash
T7A24 002:834.011 - 0.110ms returns 0xB90
T7A24 002:834.436 JLINK_WriteMem(0x00004630, 0xB90 Bytes, ...)
T7A24 002:834.471   Data:  32 68 9B 1A AB 42 D2 DD 22 00 01 23 01 99 00 98 ...
T7A24 002:834.535   completely In flash
T7A24 002:834.569 - 0.133ms returns 0xB90
T7A24 002:834.966 JLINK_WriteMem(0x000051C0, 0xBB0 Bytes, ...)
T7A24 002:835.006   Data:  10 9F 0F 9D 09 9C AF B1 22 9A 01 2A 00 DD DD E0 ...
T7A24 002:835.040   completely In flash
T7A24 002:835.071 - 0.106ms returns 0xBB0
T7A24 002:835.418 JLINK_WriteMem(0x00005D70, 0xBC0 Bytes, ...)
T7A24 002:835.466   Data:  23 00 3C 00 1F 00 01 36 61 68 00 98 FF F7 4A FD ...
T7A24 002:835.506   completely In flash
T7A24 002:835.540 - 0.122ms returns 0xBC0
T7A24 002:835.863 JLINK_WriteMem(0x00006930, 0x4C0 Bytes, ...)
T7A24 002:835.898   Data:  00 03 00 00 40 00 01 04 01 03 00 00 40 00 01 04 ...
T7A24 002:835.919   completely In flash
T7A24 002:835.938 - 0.075ms returns 0x4C0
T7A24 002:836.192 JLINK_WriteMem(0x00006DF0, 0x1C4 Bytes, ...)
T7A24 002:836.235   Data:  04 40 00 20 00 00 00 00 18 47 00 20 80 47 00 20 ...
T7A24 002:836.255   completely In flash
T7A24 002:836.274 - 0.083ms returns 0x1C4
T7A24 002:836.517 JLINK_WriteMem(0x01010018, 0x1C Bytes, ...)
T7A24 002:836.560   Data:  FF FF FF FF FF FF FF FF FF FF FF FF FF FF FF FF ...
T7A24 002:837.130   completely In flash
T7A24 002:837.166 - 0.648ms returns 0x1C
T7A24 002:838.557 JLINK_ReadMem(0x20004500, 0x400 Bytes, ...)
T7A24 002:839.193   CPU_ReadMem(4 bytes @ 0x40019004)
T7A24 002:839.908   CPU_ReadMem(4 bytes @ 0xE000ED90)
T7A24 002:840.677   CPU_ReadMem(4 bytes @ 0xE000ED94)
T7A24 002:841.474    -- --------------------------------------
T7A24 002:841.521    -- Start of determining flash info (Bank @ 0x01010010)
T7A24 002:841.555    -- End of determining flash info
T7A24 002:841.587    -- Start of determining dirty areas in flash cache
T7A24 002:841.620    -- Filling invalid ranges in sector buffer (flash cache) for sector @ 0x01010010 if necessary
T7A24 002:841.655    -- End of determining dirty areas
T7A24 002:841.685    -- Start of preparing flash programming
T7A24 002:841.718    -- Preparing RAMCode
T7A24 002:841.749    -- Calculating RAM usage
T7A24 002:841.782    -- RAM usage = 4560 Bytes
T7A24 002:841.812    -- Preserving CPU registers
T7A24 002:841.872    -- Preparing memory
T7A24 002:841.906    -- Determining CPU clock frequency
T7A24 002:890.667    -- CPU frequency = 499 kHz
T7A24 002:890.754    -- Preparing target
T7A24 002:890.785    -- Preserving target RAM temporarily used for programming
T7A24 002:944.743    -- Downloading RAMCode
T7A24 003:013.044    -- Initializing RAMCode (InitType: 3 = Verify)
T7A24 003:013.123    -- Executing Init(3)
T7A24 003:034.676    -- End of preparing flash programming
T7A24 003:034.751   
  ***** Warning: 
T7A24 003:034.769   CPU is running at very low speed (499 kHz). Readback will be performed instead of CRC calculation.
T7A24 003:034.787    -- CPU is running at 499 kHz.
T7A24 003:034.808    -- Start of comparing flash
T7A24 003:034.827    -- Flash algorithm supports a native verify function which is used to compare the flash content.
T7A24 003:034.848    -- Comparing range 0x1010010 - 0x1010033 (1 Sector, 36 Bytes), using verify function of the RAMCode
T7A24 003:037.762    -- Data matches for sector 0
T7A24 003:037.789    -- End of comparing flash
T7A24 003:037.811    -- Start of erasing sectors
T7A24 003:037.830    -- End of erasing sectors
T7A24 003:037.849    -- Start of flash programming
T7A24 003:037.869    -- End of flash programming
T7A24 003:037.887    -- Start of verifying flash
T7A24 003:037.906    -- End of verifying flash
T7A24 003:037.925    -- Start of restoring
T7A24 003:037.944    -- Executing UnInit()
T7A24 003:045.319    -- Restoring target memory
T7A24 003:092.430    -- Restoring CPU registers
T7A24 003:093.523    -- End of restoring
T7A24 003:093.579    -- Bank 0 @ 0x01010010: Skipped. Contents already match
T7A24 003:093.600    -- Bank 0 @ 0x01010010: Skipped. Contents already match
T7A24 003:093.627    -- --------------------------------------
T7A24 003:093.646    -- Flash bank @ 0x00000000: Default: L2 verify disabled because algorithm performs L1 verify
T7A24 003:093.665    -- Start of determining dirty areas in flash cache
T7A24 003:093.686    -- Filling invalid ranges in sector buffer (flash cache) for sector @ 0x00000000 if necessary
T7A24 003:093.704    -- Filling invalid ranges in sector buffer (flash cache) for sector @ 0x00000800 if necessary
T7A24 003:093.730    -- Filling invalid ranges in sector buffer (flash cache) for sector @ 0x00001000 if necessary
T7A24 003:093.748    -- Filling invalid ranges in sector buffer (flash cache) for sector @ 0x00001800 if necessary
T7A24 003:093.827    -- Filling invalid ranges in sector buffer (flash cache) for sector @ 0x00002000 if necessary
T7A24 003:093.850    -- Filling invalid ranges in sector buffer (flash cache) for sector @ 0x00002800 if necessary
T7A24 003:093.871    -- Filling invalid ranges in sector buffer (flash cache) for sector @ 0x00003000 if necessary
T7A24 003:093.890    -- Filling invalid ranges in sector buffer (flash cache) for sector @ 0x00003800 if necessary
T7A24 003:093.909    -- Filling invalid ranges in sector buffer (flash cache) for sector @ 0x00004000 if necessary
T7A24 003:093.926    -- Filling invalid ranges in sector buffer (flash cache) for sector @ 0x00004800 if necessary
T7A24 003:093.944    -- Filling invalid ranges in sector buffer (flash cache) for sector @ 0x00005000 if necessary
T7A24 003:093.962    -- Filling invalid ranges in sector buffer (flash cache) for sector @ 0x00005800 if necessary
T7A24 003:093.980    -- Filling invalid ranges in sector buffer (flash cache) for sector @ 0x00006000 if necessary
T7A24 003:093.998    -- Filling invalid ranges in sector buffer (flash cache) for sector @ 0x00006800 if necessary
T7A24 003:094.037    -- End of determining dirty areas
T7A24 003:094.055    -- Start of preparing flash programming
T7A24 003:094.073    -- Calculating RAM usage
T7A24 003:094.163    -- RAM usage = 4308 Bytes
T7A24 003:094.183    -- Preserving CPU registers
T7A24 003:094.217    -- Determining CPU clock frequency
T7A24 003:143.984    -- Preparing target
T7A24 003:154.120    -- Preserving target RAM temporarily used for programming
T7A24 003:204.879    -- Downloading RAMCode
T7A24 003:245.986    -- Preparing RAMCode
T7A24 003:266.991    -- CPU frequency = 8000 kHz
T7A24 003:267.062    -- End of preparing flash programming
T7A24 003:267.087   
  ***** Warning: 
T7A24 003:267.105   CPU is running at low speed (8000 kHz).
T7A24 003:267.120    -- CPU is running at 8000 kHz.
T7A24 003:267.136    -- Start of comparing flash
T7A24 003:267.151    -- CRC check was estimated as fastest method
T7A24 003:267.167    -- Comparing range 0x0000 - 0x6FFF (14 Sectors, 28 KB), using multi-block CRC calculation
T7A24 003:333.158    -- All CRCs match
T7A24 003:333.227    -- Comparing range 0x0000 - 0x6FFF (14 Sectors, 28 KB), using alternative multi-block CRC calculation
T7A24 003:399.030    -- All CRCs match
T7A24 003:399.104    -- End of comparing flash
T7A24 003:399.136    -- Start of erasing sectors
T7A24 003:399.164    -- End of erasing sectors
T7A24 003:399.196    -- Start of flash programming
T7A24 003:399.226    -- End of flash programming
T7A24 003:399.254    -- Start of restoring
T7A24 003:399.281    -- Restoring RAMCode
T7A24 003:406.833    -- Restoring target memory
T7A24 003:451.218    -- Restore target
T7A24 003:454.795    -- Restoring CPU registers
T7A24 003:455.788    -- End of restoring
T7A24 003:455.844    -- Bank 1 @ 0x00000000: Skipped. Contents already match
T7A24 003:455.872    -- Bank 1 @ 0x00000000: Skipped. Contents already match
T7A24 003:456.458   CPU_ReadMem(1024 bytes @ 0x20004500)
T7A24 003:469.776    -- Updating C cache (1024 bytes @ 0x20004500)
T7A24 003:469.860    -- Read from C cache (1024 bytes @ 0x20004500)
T7A24 003:469.888   Data:  00 00 00 00 00 00 00 00 00 00 00 00 00 00 00 00 ...
T7A24 003:469.915 - 631.359ms returns 0
T7A24 003:472.369 JLINK_EndDownload()
T7A24 003:472.427 - 0.059ms returns 0 (0x0)
T7A24 003:472.602 JLINK_WriteReg(R15 (PC), 0x0000101C)
T7A24 003:472.638 - 0.035ms returns 0
T7A24 003:472.659 JLINK_WriteReg(XPSR, 0x01000000)
T7A24 003:472.682 - 0.022ms returns 0
T7A24 003:472.707 JLINK_ResetPullsRESET(ON)
T7A24 003:472.728 - 0.021ms
T7A24 003:472.749 JLINK_Halt()
T7A24 003:472.806 - 0.054ms returns 0x00
T7A24 003:472.835 JLINK_IsHalted()
T7A24 003:472.860 - 0.025ms returns TRUE
T7A24 003:472.883 JLINK_Reset()
T7A24 003:472.917   CPU_ReadMem(4 bytes @ 0x20004000)
T7A24 003:473.731   CPU_WriteMem(4 bytes @ 0x20004000)
T7A24 003:474.686   CPU_WriteMem(4 bytes @ 0xE000EDF0)
T7A24 003:475.582   CPU_ReadMem(4 bytes @ 0xE000ED44)
T7A24 003:476.414   CPU_WriteMem(4 bytes @ 0xE000EDFC)
T7A24 003:477.264   Reset: Halt core after reset via DEMCR.VC_CORERESET.
T7A24 003:478.475   Reset: Reset device via AIRCR.SYSRESETREQ.
T7A24 003:478.538   CPU_WriteMem(4 bytes @ 0xE000ED0C)
T7A24 003:533.521   CPU_ReadMem(4 bytes @ 0xE000EDF0)
T7A24 003:534.420   CPU_ReadMem(4 bytes @ 0xE000EDF0)
T7A24 003:535.197   CPU_WriteMem(4 bytes @ 0xE000EDFC)
T7A24 003:541.903   CPU_ReadMem(4 bytes @ 0xE000EDF0)
T7A24 003:548.315   CPU_WriteMem(4 bytes @ 0xE0002000)
T7A24 003:549.465   CPU_ReadMem(4 bytes @ 0xE000EDFC)
T7A24 003:550.252   CPU_ReadMem(4 bytes @ 0xE0001000)
T7A24 003:551.127   CPU_WriteMem(4 bytes @ 0xE0001000)
T7A24 003:552.011   CPU_ReadMem(4 bytes @ 0xE000EE08)
T7A24 003:552.762 - 79.878ms
T7A24 003:552.795 JLINK_SetEndian(ARM_ENDIAN_LITTLE)
T7A24 003:552.808 - 0.013ms returns 0
T7A24 003:553.618 JLINK_ResetPullsRESET(ON)
T7A24 003:553.660 - 0.042ms
T7A24 003:553.676 JLINK_Halt()
T7A24 003:553.689 - 0.012ms returns 0x00
T7A24 003:553.703 JLINK_IsHalted()
T7A24 003:553.718 - 0.014ms returns TRUE
T7A24 003:553.731 JLINK_Reset()
T7A24 003:553.756   CPU_WriteMem(4 bytes @ 0xE000EDF0)
T7A24 003:554.668   CPU_ReadMem(4 bytes @ 0xE000ED44)
T7A24 003:555.490   CPU_WriteMem(4 bytes @ 0xE000EDFC)
T7A24 003:556.560   Reset: Halt core after reset via DEMCR.VC_CORERESET.
T7A24 003:558.100   Reset: Reset device via AIRCR.SYSRESETREQ.
T7A24 003:558.155   CPU_WriteMem(4 bytes @ 0xE000ED0C)
T7A24 003:614.604   CPU_ReadMem(4 bytes @ 0xE000EDF0)
T7A24 003:615.461   CPU_ReadMem(4 bytes @ 0xE000EDF0)
T7A24 003:616.422   CPU_WriteMem(4 bytes @ 0xE000EDFC)
T7A24 003:623.820   CPU_ReadMem(4 bytes @ 0xE000EDF0)
T7A24 003:630.051   CPU_WriteMem(4 bytes @ 0xE0002000)
T7A24 003:630.978   CPU_ReadMem(4 bytes @ 0xE000EDFC)
T7A24 003:631.735   CPU_ReadMem(4 bytes @ 0xE0001000)
T7A24 003:632.455   CPU_WriteMem(4 bytes @ 0xE0001000)
T7A24 003:633.385   CPU_ReadMem(4 bytes @ 0xE000EE08)
T7A24 003:634.168 - 80.436ms
T7A24 003:634.204 JLINK_SetEndian(ARM_ENDIAN_LITTLE)
T7A24 003:634.218 - 0.013ms returns 0
T7A24 003:635.494 JLINK_ReadMem(0x20004CF0, 0x400 Bytes, ...)
T7A24 003:635.560   CPU_ReadMem(1088 bytes @ 0x20004CC0)
T7A24 003:649.113    -- Updating C cache (1088 bytes @ 0x20004CC0)
T7A24 003:649.192    -- Read from C cache (1024 bytes @ 0x20004CF0)
T7A24 003:649.213   Data:  B3 05 00 00 3C 67 00 00 02 00 00 00 28 4D 00 20 ...
T7A24 003:649.232 - 13.738ms returns 0
T7A24 003:656.111 JLINK_ReadReg(XPSR)
T7A24 003:656.173   CPU_ReadMem(4 bytes @ 0xE000EE08)
T7A24 003:657.045 - 0.932ms returns 0x61000000
T7A24 003:658.018 JLINK_ReadMem(0x00001000, 0x40 Bytes, ...)
T7A24 003:658.060    -- Read from flash cache (64 bytes @ 0x00001000)
T7A24 003:658.080   Data:  C2 F2 00 00 10 60 ED E7 03 F0 80 FC 0C 23 03 60 ...
T7A24 003:658.100 - 0.082ms returns 0
T7A24 003:675.574 JLINK_ReadReg(XPSR)
T7A24 003:675.659 - 0.085ms returns 0x61000000
T7A24 003:676.468 JLINK_ReadMem(0x00001000, 0x40 Bytes, ...)
T7A24 003:676.516    -- Read from flash cache (64 bytes @ 0x00001000)
T7A24 003:676.536   Data:  C2 F2 00 00 10 60 ED E7 03 F0 80 FC 0C 23 03 60 ...
T7A24 003:676.554 - 0.086ms returns 0
T7A24 005:487.420 JLINK_ReadReg(XPSR)
T7A24 005:488.432 - 1.012ms returns 0x61000000
T7A24 007:462.040 JLINK_GetNumBPUnits(Type = 0xFFFFFF00)
T7A24 007:462.198 - 0.164ms returns 0x04
T7A24 007:462.216 JLINK_GetNumWPUnits()
T7A24 007:462.232 - 0.013ms returns 2
T7A24 007:462.248 JLINK_GetNumWPUnits()
T7A24 007:462.261 - 0.014ms returns 2
T7A24 007:462.285 JLINK_GetNumBPUnits(Type = 0xFFFFFF00)
T7A24 007:462.299 - 0.014ms returns 0x04
T7A24 007:462.316 JLINK_GetNumWPUnits()
T7A24 007:462.330 - 0.014ms returns 2
T7A24 007:462.346 JLINK_GetNumWPUnits()
T7A24 007:462.360 - 0.014ms returns 2
T7A24 007:462.378 JLINK_GetNumBPUnits(Type = 0xFFFFFF00)
T7A24 007:462.393 - 0.014ms returns 0x04
T7A24 007:462.408 JLINK_GetNumWPUnits()
T7A24 007:462.421 - 0.013ms returns 2
T7A24 007:462.435 JLINK_GetNumWPUnits()
T7A24 007:462.450 - 0.014ms returns 2
T7A24 007:462.593 JLINK_SetBPEx(Addr = 0x00000C74, Type = 0xFFFFFF00)
T7A24 007:462.625 - 0.031ms returns 0x00000001
T7A24 007:462.649 JLINK_ClrBPEx(BPHandle = 0x00000001)
T7A24 007:463.597 - 0.946ms returns 0x00
T7A24 007:478.309 JLINK_ReadMem(0x00000C40, 0x40 Bytes, ...)
T7A24 007:478.522    -- Read from flash cache (64 bytes @ 0x00000C40)
T7A24 007:478.581   Data:  51 FC 10 BD 10 B5 38 B9 4C F2 00 03 90 22 01 21 ...
T7A24 007:478.613 - 0.306ms returns 0
T7A24 007:481.339 JLINK_SetBPEx(Addr = 0x00000C74, Type = 0xFFFFFF00)
T7A24 007:481.397 - 0.059ms returns 0x00000002
T7A24 007:531.151 JLINK_ReadRegs(NumRegs = 22, Indexes: 0, 1, 2, 3, 4, 5, 6, 7, 8, 9, 10, 11, 12, 13, 14, 15, 16, 17, 18, 86, 87, 20)
T7A24 007:531.264    -- R0=0x3FFF, R1=0x40044400, R2=0x00, R3=0x00, R4=0x200047D4, R5=0x200047F4, R6=0x200047F4, R7=0x20004000, R8=0x20004210, R9=0x20004208, R10=0x2000420C, R11=0x3FFE2EDC, R12=0x20004758, R13 (SP)=0x20004D60, R14=0x2000432F, R15 (PC)=0x101C, XPSR=0x61000000, MSP=0x20004D60, PSP=0x7B938E1C, MSPLIM=0x00, PSPLIM=0x00, CFBP=0x00
T7A24 007:531.300 - 0.149ms returns 0x00
T7A24 007:531.725 JLINK_ReadReg(XPSR)
T7A24 007:531.765 - 0.039ms returns 0x61000000
T7A24 007:532.516 JLINK_ReadMem(0x00001000, 0x40 Bytes, ...)
T7A24 007:532.555    -- Read from flash cache (64 bytes @ 0x00001000)
T7A24 007:532.577   Data:  C2 F2 00 00 10 60 ED E7 03 F0 80 FC 0C 23 03 60 ...
T7A24 007:532.595 - 0.079ms returns 0
T7684 007:773.983 JLINK_GetNumBPUnits(Type = 0xFFFFFF00)
T7684 007:774.025 - 0.041ms returns 0x04
T7684 007:774.037 JLINK_GetNumWPUnits()
T7684 007:774.046 - 0.009ms returns 2
T7684 007:774.056 JLINK_GetNumWPUnits()
T7684 007:774.065 - 0.009ms returns 2
T7684 007:774.469 JLINK_GetNumBPUnits(Type = 0xFFFFFF00)
T7684 007:774.511 - 0.042ms returns 0x04
T7684 007:774.532 JLINK_GetNumWPUnits()
T7684 007:774.550 - 0.018ms returns 2
T7684 007:774.569 JLINK_GetNumWPUnits()
T7684 007:774.589 - 0.019ms returns 2
T7684 007:775.102 JLINK_GetNumBPUnits(Type = 0xFFFFFF00)
T7684 007:775.139 - 0.036ms returns 0x04
T7684 007:775.158 JLINK_GetNumWPUnits()
T7684 007:775.194 - 0.034ms returns 2
T7684 007:775.207 JLINK_GetNumWPUnits()
T7684 007:775.217 - 0.010ms returns 2
T7684 007:775.701 JLINK_GetNumBPUnits(Type = 0xFFFFFF00)
T7684 007:775.718 - 0.017ms returns 0x04
T7684 007:775.728 JLINK_GetNumWPUnits()
T7684 007:775.738 - 0.009ms returns 2
T7684 007:775.748 JLINK_GetNumWPUnits()
T7684 007:775.757 - 0.009ms returns 2
T7684 007:776.121 JLINK_GetNumBPUnits(Type = 0xFFFFFF00)
T7684 007:776.157 - 0.035ms returns 0x04
T7684 007:776.176 JLINK_GetNumWPUnits()
T7684 007:776.193 - 0.017ms returns 2
T7684 007:776.212 JLINK_GetNumWPUnits()
T7684 007:776.229 - 0.017ms returns 2
T7684 007:776.497 JLINK_GetNumBPUnits(Type = 0xFFFFFF00)
T7684 007:776.533 - 0.035ms returns 0x04
T7684 007:776.553 JLINK_GetNumWPUnits()
T7684 007:776.571 - 0.018ms returns 2
T7684 007:776.593 JLINK_GetNumWPUnits()
T7684 007:776.614 - 0.024ms returns 2
T7684 007:776.910 JLINK_GetNumBPUnits(Type = 0xFFFFFF00)
T7684 007:776.925 - 0.014ms returns 0x04
T7684 007:776.935 JLINK_GetNumWPUnits()
T7684 007:776.944 - 0.009ms returns 2
T7684 007:776.954 JLINK_GetNumWPUnits()
T7684 007:776.963 - 0.009ms returns 2
T7684 007:777.129 JLINK_GetNumBPUnits(Type = 0xFFFFFF00)
T7684 007:777.140 - 0.011ms returns 0x04
T7684 007:777.149 JLINK_GetNumWPUnits()
T7684 007:777.159 - 0.009ms returns 2
T7684 007:777.169 JLINK_GetNumWPUnits()
T7684 007:777.177 - 0.009ms returns 2
T7A24 014:278.899 JLINK_ReadReg(XPSR)
T7A24 014:279.696 - 0.796ms returns 0x61000000
T7A24 014:280.573 JLINK_ReadMem(0x00001000, 0x40 Bytes, ...)
T7A24 014:280.598    -- Read from flash cache (64 bytes @ 0x00001000)
T7A24 014:280.618   Data:  C2 F2 00 00 10 60 ED E7 03 F0 80 FC 0C 23 03 60 ...
T7A24 014:280.638 - 0.064ms returns 0
T7A24 014:426.979 JLINK_ReadReg(XPSR)
T7A24 014:427.058 - 0.079ms returns 0x61000000
T7A24 015:647.619 JLINK_STRACE_Read(..., NumItems = 0x10000)
T7A24 015:648.296 - 0.676ms NumItemsRead = 0x00
T7A24 015:648.373 JLINK_IsHalted()
T7A24 015:649.166 - 0.794ms returns TRUE
T7A24 015:649.206 JLINK_STRACE_Read(..., NumItems = 0x10000)
T7A24 015:649.227 - 0.021ms NumItemsRead = 0x00
T7A24 015:649.261 JLINK_GoEx(MaxEmulInsts = 0, Flags = 0x01)
T7A24 015:649.282   CPU_WriteMem(4 bytes @ 0xE0002000)
T7A24 015:650.211   CPU_ReadMem(4 bytes @ 0xE0001000)
T7A24 015:651.125   CPU_WriteMem(4 bytes @ 0xE0001000)
T7A24 015:652.029   CPU_WriteMem(4 bytes @ 0xE0002008)
T7A24 015:652.066   CPU_WriteMem(4 bytes @ 0xE000200C)
T7A24 015:652.080   CPU_WriteMem(4 bytes @ 0xE0002010)
T7A24 015:652.096   CPU_WriteMem(4 bytes @ 0xE0002014)
T7A24 015:654.398   CPU_WriteMem(4 bytes @ 0xE0001004)
T7A24 015:656.466   Memory map 'after startup completion point' is active
T7A24 015:656.518 - 7.258ms
T7A24 015:753.437 JLINK_IsHalted()
T7A24 015:758.974 - 5.535ms returns TRUE
T7A24 015:759.014 JLINK_ReadReg(XPSR)
T7A24 015:759.034   CPU_ReadMem(4 bytes @ 0xE000EE08)
T7A24 015:759.930 - 0.910ms returns 0x61000000
T7A24 015:759.968 JLINK_ReadReg(R15 (PC))
T7A24 015:759.981 - 0.012ms returns 0x00000C74
T7A24 015:760.005 JLINK_ReadReg(XPSR)
T7A24 015:760.016 - 0.012ms returns 0x61000000
T7A24 015:760.029 JLINK_ReadReg(XPSR)
T7A24 015:760.042 - 0.012ms returns 0x61000000
T7A24 015:760.053 JLINK_ReadReg(R15 (PC))
T7A24 015:760.064 - 0.011ms returns 0x00000C74
T7A24 015:760.077 JLINK_ReadReg(XPSR)
T7A24 015:760.090 - 0.012ms returns 0x61000000
T7A24 015:760.101 JLINK_ReadReg(XPSR)
T7A24 015:760.114 - 0.012ms returns 0x61000000
T7A24 015:760.126 JLINK_ReadMem(0x00000C74, 0x1 Bytes, ...)
T7A24 015:760.139    -- Read from flash cache (1 bytes @ 0x00000C74)
T7A24 015:760.157   Data:  10
T7A24 015:760.174 - 0.047ms returns 0
T7A24 015:760.187 JLINK_IsHalted()
T7A24 015:760.198 - 0.011ms returns TRUE
T7A24 015:760.210 JLINK_ReadReg(XPSR)
T7A24 015:760.222 - 0.011ms returns 0x61000000
T7A24 015:760.235 JLINK_ReadReg(XPSR)
T7A24 015:760.248 - 0.011ms returns 0x61000000
T7A24 015:760.259 JLINK_ReadReg(R15 (PC))
T7A24 015:760.270 - 0.011ms returns 0x00000C74
T7A24 015:760.283 JLINK_ReadReg(XPSR)
T7A24 015:760.294 - 0.011ms returns 0x61000000
T7A24 015:760.307 JLINK_ReadReg(XPSR)
T7A24 015:760.318 - 0.011ms returns 0x61000000
T7A24 015:760.330 JLINK_ReadMem(0x00000C74, 0x1 Bytes, ...)
T7A24 015:760.342    -- Read from flash cache (1 bytes @ 0x00000C74)
T7A24 015:760.358   Data:  10
T7A24 015:760.376 - 0.045ms returns 0
T7A24 015:760.870 JLINK_ReadRegs(NumRegs = 22, Indexes: 0, 1, 2, 3, 4, 5, 6, 7, 8, 9, 10, 11, 12, 13, 14, 15, 16, 17, 18, 86, 87, 20)
T7A24 015:760.926    -- R0=0x00, R1=0x40040D00, R2=0x00, R3=0x20, R4=0x200047D4, R5=0x200047F4, R6=0x200047F4, R7=0x20004000, R8=0x20004210, R9=0x20004208, R10=0x2000420C, R11=0x3FFE2EDC, R12=0xFFFEFFFF, R13 (SP)=0x20004D58, R14=0x1027, R15 (PC)=0xC74, XPSR=0x61000000, MSP=0x20004D58, PSP=0x7B938E1C, MSPLIM=0x00, PSPLIM=0x00, CFBP=0x00
T7A24 015:760.946 - 0.075ms returns 0x00
T7A24 015:761.325 JLINK_ReadReg(XPSR)
T7A24 015:761.342 - 0.017ms returns 0x61000000
T7A24 015:761.870 JLINK_ReadMem(0x00000C40, 0x40 Bytes, ...)
T7A24 015:761.891    -- Read from flash cache (64 bytes @ 0x00000C40)
T7A24 015:761.909   Data:  51 FC 10 BD 10 B5 38 B9 4C F2 00 03 90 22 01 21 ...
T7A24 015:761.928 - 0.057ms returns 0
T7A24 015:764.024 JLINK_ClrBPEx(BPHandle = 0x00000002)
T7A24 015:764.054 - 0.030ms returns 0x00
T7A24 015:788.480 JLINK_ReadMem(0x00000C40, 0x40 Bytes, ...)
T7A24 015:788.546    -- Read from flash cache (64 bytes @ 0x00000C40)
T7A24 015:788.565   Data:  51 FC 10 BD 10 B5 38 B9 4C F2 00 03 90 22 01 21 ...
T7A24 015:788.582 - 0.102ms returns 0
T7A24 015:897.832 JLINK_ReadReg(XPSR)
T7A24 015:897.880 - 0.048ms returns 0x61000000
T7A24 015:898.742 JLINK_ReadReg(XPSR)
T7A24 015:898.778 - 0.035ms returns 0x61000000
T7A24 016:366.910 JLINK_STRACE_Read(..., NumItems = 0x10000)
T7A24 016:367.026 - 0.114ms NumItemsRead = 0x00
T7A24 016:367.082 JLINK_IsHalted()
T7A24 016:368.022 - 0.939ms returns TRUE
T7A24 016:368.144 JLINK_STRACE_Read(..., NumItems = 0x10000)
T7A24 016:368.341 - 0.195ms NumItemsRead = 0x00
T7A24 016:368.403 JLINK_GoEx(MaxEmulInsts = 0, Flags = 0x01)
T7A24 016:368.474   CPU_ReadMem(4 bytes @ 0xE0001000)
T7A24 016:369.626   CPU_WriteMem(4 bytes @ 0xE0002008)
T7A24 016:372.222 - 3.819ms
T7A24 016:472.178 JLINK_IsHalted()
T7A24 016:473.235 - 1.060ms returns FALSE
T7A24 016:473.267 JLINK_IsHalted()
T7A24 016:473.954 - 0.685ms returns FALSE
T7A24 016:582.258 JLINK_IsHalted()
T7A24 016:583.059 - 0.801ms returns FALSE
T7A24 016:583.075 JLINK_IsHalted()
T7A24 016:583.837 - 0.760ms returns FALSE
T7A24 016:691.576 JLINK_IsHalted()
T7A24 016:692.547 - 0.970ms returns FALSE
T7A24 016:692.579 JLINK_IsHalted()
T7A24 016:693.349 - 0.766ms returns FALSE
T7A24 016:800.688 JLINK_IsHalted()
T7A24 016:801.852 - 1.162ms returns FALSE
T7A24 016:801.954 JLINK_IsHalted()
T7A24 016:802.884 - 0.928ms returns FALSE
T7A24 016:909.676 JLINK_IsHalted()
T7A24 016:910.752 - 1.077ms returns FALSE
T7A24 016:910.826 JLINK_IsHalted()
T7A24 016:911.922 - 1.095ms returns FALSE
T7A24 017:019.732 JLINK_IsHalted()
T7A24 017:020.634 - 0.900ms returns FALSE
T7A24 017:020.674 JLINK_IsHalted()
T7A24 017:021.504 - 0.828ms returns FALSE
T7A24 017:128.972 JLINK_IsHalted()
T7A24 017:129.880 - 0.906ms returns FALSE
T7A24 017:129.934 JLINK_IsHalted()
T7A24 017:130.848 - 0.912ms returns FALSE
T7A24 017:238.516 JLINK_IsHalted()
T7A24 017:239.598 - 1.081ms returns FALSE
T7A24 017:239.666 JLINK_IsHalted()
T7A24 017:240.684 - 1.016ms returns FALSE
T7A24 017:347.730 JLINK_IsHalted()
T7A24 017:349.044 - 1.314ms returns FALSE
T7A24 017:349.152 JLINK_IsHalted()
T7A24 017:350.356 - 1.202ms returns FALSE
T7A24 017:456.704 JLINK_IsHalted()
T7A24 017:457.582 - 0.877ms returns FALSE
T7A24 017:457.620 JLINK_IsHalted()
T7A24 017:458.406 - 0.784ms returns FALSE
T7A24 017:566.802 JLINK_IsHalted()
T7A24 017:567.762 - 0.958ms returns FALSE
T7A24 017:567.806 JLINK_IsHalted()
T7A24 017:568.684 - 0.876ms returns FALSE
T7A24 017:675.756 JLINK_IsHalted()
T7A24 017:676.450 - 0.693ms returns FALSE
T7A24 017:676.466 JLINK_IsHalted()
T7A24 017:677.372 - 0.906ms returns FALSE
T7684 017:765.558 JLINK_IsHalted()
T7684 017:766.566 - 1.004ms returns FALSE
T7684 017:766.692 JLINK_IsHalted()
T7684 017:767.576 - 0.883ms returns FALSE
T7684 017:768.156 JLINK_IsHalted()
T7684 017:769.172 - 1.012ms returns FALSE
T7684 017:769.258 JLINK_IsHalted()
T7684 017:770.054 - 0.796ms returns FALSE
T7A24 017:784.822 JLINK_IsHalted()
T7A24 017:785.958 - 1.135ms returns FALSE
T7A24 017:786.030 JLINK_IsHalted()
T7A24 017:786.932 - 0.901ms returns FALSE
T7A24 017:894.906 JLINK_IsHalted()
T7A24 017:895.716 - 0.809ms returns FALSE
T7A24 017:895.756 JLINK_IsHalted()
T7A24 017:896.572 - 0.815ms returns FALSE
T7A24 018:003.968 JLINK_IsHalted()
T7A24 018:004.732 - 0.763ms returns FALSE
T7A24 018:004.748 JLINK_IsHalted()
T7A24 018:005.600 - 0.850ms returns FALSE
T7A24 018:113.552 JLINK_IsHalted()
T7A24 018:114.848 - 1.294ms returns FALSE
T7A24 018:115.008 JLINK_IsHalted()
T7A24 018:116.244 - 1.223ms returns FALSE
T7A24 018:222.362 JLINK_IsHalted()
T7A24 018:223.556 - 1.195ms returns FALSE
T7A24 018:223.646 JLINK_IsHalted()
T7A24 018:224.552 - 0.904ms returns FALSE
T7A24 018:331.714 JLINK_IsHalted()
T7A24 018:334.488 - 2.774ms returns FALSE
T7A24 018:334.570 JLINK_IsHalted()
T7A24 018:335.492 - 0.921ms returns FALSE
T7A24 018:441.744 JLINK_IsHalted()
T7A24 018:443.060 - 1.318ms returns FALSE
T7A24 018:443.150 JLINK_IsHalted()
T7A24 018:444.324 - 1.171ms returns FALSE
T7A24 018:550.662 JLINK_IsHalted()
T7A24 018:551.492 - 0.829ms returns FALSE
T7A24 018:551.530 JLINK_IsHalted()
T7A24 018:552.298 - 0.766ms returns FALSE
T7A24 018:659.744 JLINK_IsHalted()
T7A24 018:660.962 - 1.215ms returns FALSE
T7A24 018:661.072 JLINK_IsHalted()
T7A24 018:662.028 - 0.956ms returns FALSE
T7A24 018:769.094 JLINK_IsHalted()
T7A24 018:770.318 - 1.224ms returns FALSE
T7A24 018:770.412 JLINK_IsHalted()
T7A24 018:771.388 - 0.974ms returns FALSE
T7684 018:771.548 JLINK_IsHalted()
T7684 018:772.548 - 1.000ms returns FALSE
T7684 018:772.652 JLINK_IsHalted()
T7684 018:773.686 - 1.033ms returns FALSE
T7A24 018:879.042 JLINK_IsHalted()
T7A24 018:879.958 - 0.915ms returns FALSE
T7A24 018:880.028 JLINK_IsHalted()
T7A24 018:881.004 - 0.976ms returns FALSE
T7A24 018:988.196 JLINK_IsHalted()
T7A24 018:989.448 - 1.252ms returns FALSE
T7A24 018:989.526 JLINK_IsHalted()
T7A24 018:990.548 - 1.021ms returns FALSE
T7A24 019:097.386 JLINK_IsHalted()
T7A24 019:098.600 - 1.213ms returns FALSE
T7A24 019:098.702 JLINK_IsHalted()
T7A24 019:099.808 - 1.104ms returns FALSE
T7A24 019:206.796 JLINK_IsHalted()
T7A24 019:207.856 - 1.059ms returns FALSE
T7A24 019:207.926 JLINK_IsHalted()
T7A24 019:208.748 - 0.820ms returns FALSE
T7A24 019:316.694 JLINK_IsHalted()
T7A24 019:317.842 - 1.146ms returns FALSE
T7A24 019:317.968 JLINK_IsHalted()
T7A24 019:318.904 - 0.934ms returns FALSE
T7A24 019:425.892 JLINK_IsHalted()
T7A24 019:427.006 - 1.113ms returns FALSE
T7A24 019:427.066 JLINK_IsHalted()
T7A24 019:428.014 - 0.946ms returns FALSE
T7A24 019:534.884 JLINK_IsHalted()
T7A24 019:535.950 - 1.065ms returns FALSE
T7A24 019:535.986 JLINK_IsHalted()
T7A24 019:537.078 - 1.092ms returns FALSE
T7A24 019:644.296 JLINK_IsHalted()
T7A24 019:645.352 - 1.051ms returns FALSE
T7A24 019:645.402 JLINK_IsHalted()
T7A24 019:646.162 - 0.757ms returns FALSE
T7A24 019:753.396 JLINK_IsHalted()
T7A24 019:754.854 - 1.458ms returns FALSE
T7A24 019:754.922 JLINK_IsHalted()
T7A24 019:755.938 - 1.015ms returns FALSE
T7684 019:775.364 JLINK_IsHalted()
T7684 019:776.328 - 0.962ms returns FALSE
T7684 019:776.444 JLINK_IsHalted()
T7684 019:777.276 - 0.831ms returns FALSE
T7A24 019:994.988 JLINK_IsHalted()
T7A24 019:996.134 - 1.146ms returns FALSE
T7A24 019:997.848 JLINK_IsHalted()
T7A24 019:998.722 - 0.873ms returns FALSE
T5A48 020:070.204   JLINK_RTTERMINAL_Control(Cmd = JLINKARM_RTTERMINAL_CMD_START, CtrlBlockAddr = 0x20004620)
T5A48 020:070.358   - 0.098ms returns 0x00
T3FCC 020:070.684   CPU_ReadMem(24 bytes @ 0x20004620)
T3FCC 020:071.862   Periodic RTT: RTT CB verified. Started data handling
T3FCC 020:077.142   CPU_ReadMem(32 bytes @ 0x00006758)
T5A48 020:079.468   JLINK_RTTERMINAL_Read(BufferIndex = 0, BufferSize = 0x00010000)
T5A48 020:079.510   - 0.043ms returns 51
T5A48 020:079.682   JLINK_RTTERMINAL_Read(BufferIndex = 0, BufferSize = 0x00010000)
T5A48 020:079.700   - 0.019ms returns 0
T7A24 020:097.204 JLINK_IsHalted()
T7A24 020:098.220 - 1.016ms returns FALSE
T7A24 020:098.236 JLINK_IsHalted()
T7A24 020:100.092 - 1.854ms returns FALSE
T5A48 020:130.362   JLINK_RTTERMINAL_Read(BufferIndex = 0, BufferSize = 0x00010000)
T5A48 020:130.418   - 0.057ms returns 0
T5A48 020:183.604   JLINK_RTTERMINAL_Read(BufferIndex = 0, BufferSize = 0x00010000)
T5A48 020:183.748   - 0.145ms returns 0
T7A24 020:207.422 JLINK_IsHalted()
T7A24 020:209.354 - 1.929ms returns FALSE
T7A24 020:209.468 JLINK_IsHalted()
T7A24 020:211.224 - 1.755ms returns FALSE
T5A48 020:234.696   JLINK_RTTERMINAL_Read(BufferIndex = 0, BufferSize = 0x00010000)
T5A48 020:234.848   - 0.153ms returns 0
T5A48 020:285.772   JLINK_RTTERMINAL_Read(BufferIndex = 0, BufferSize = 0x00010000)
T5A48 020:285.880   - 0.110ms returns 0
T7A24 020:316.916 JLINK_IsHalted()
T7A24 020:319.218 - 2.301ms returns FALSE
T7A24 020:319.348 JLINK_IsHalted()
T7A24 020:321.116 - 1.767ms returns FALSE
T5A48 020:336.772   JLINK_RTTERMINAL_Read(BufferIndex = 0, BufferSize = 0x00010000)
T5A48 020:336.892   - 0.122ms returns 0
T5A48 020:387.948   JLINK_RTTERMINAL_Read(BufferIndex = 0, BufferSize = 0x00010000)
T5A48 020:388.052   - 0.105ms returns 0
T7A24 020:425.662 JLINK_IsHalted()
T7A24 020:427.244 - 1.580ms returns FALSE
T7A24 020:427.308 JLINK_IsHalted()
T7A24 020:429.128 - 1.819ms returns FALSE
T5A48 020:438.918   JLINK_RTTERMINAL_Read(BufferIndex = 0, BufferSize = 0x00010000)
T5A48 020:439.024   - 0.109ms returns 0
T5A48 020:489.932   JLINK_RTTERMINAL_Read(BufferIndex = 0, BufferSize = 0x00010000)
T5A48 020:489.964   - 0.030ms returns 0
T7A24 020:534.804 JLINK_IsHalted()
T7A24 020:536.792 - 1.986ms returns FALSE
T7A24 020:536.828 JLINK_IsHalted()
T7A24 020:538.582 - 1.754ms returns FALSE
T5A48 020:540.778   JLINK_RTTERMINAL_Read(BufferIndex = 0, BufferSize = 0x00010000)
T5A48 020:540.794   - 0.015ms returns 0
T5A48 020:591.892   JLINK_RTTERMINAL_Read(BufferIndex = 0, BufferSize = 0x00010000)
T5A48 020:591.946   - 0.053ms returns 0
T5A48 020:642.800   JLINK_RTTERMINAL_Read(BufferIndex = 0, BufferSize = 0x00010000)
T5A48 020:642.874   - 0.076ms returns 0
T7A24 020:644.708 JLINK_IsHalted()
T7A24 020:645.972 - 1.263ms returns FALSE
T7A24 020:646.020 JLINK_IsHalted()
T7A24 020:647.936 - 1.914ms returns FALSE
T5A48 020:695.844   JLINK_RTTERMINAL_Read(BufferIndex = 0, BufferSize = 0x00010000)
T5A48 020:696.002   - 0.159ms returns 0
T5A48 020:746.856   JLINK_RTTERMINAL_Read(BufferIndex = 0, BufferSize = 0x00010000)
T5A48 020:746.928   - 0.074ms returns 0
T7A24 020:753.818 JLINK_IsHalted()
T7A24 020:755.638 - 1.816ms returns FALSE
T7A24 020:755.674 JLINK_IsHalted()
T7A24 020:757.500 - 1.823ms returns FALSE
T7684 020:777.956 JLINK_IsHalted()
T7684 020:779.378 - 1.420ms returns FALSE
T7684 020:779.430 JLINK_IsHalted()
T7684 020:781.264 - 1.832ms returns FALSE
T5A48 020:797.836   JLINK_RTTERMINAL_Read(BufferIndex = 0, BufferSize = 0x00010000)
T5A48 020:797.932   - 0.097ms returns 0
T5A48 020:849.958   JLINK_RTTERMINAL_Read(BufferIndex = 0, BufferSize = 0x00010000)
T5A48 020:850.126   - 0.170ms returns 0
T7A24 020:863.726 JLINK_IsHalted()
T7A24 020:866.238 - 2.512ms returns FALSE
T7A24 020:866.306 JLINK_IsHalted()
T7A24 020:868.096 - 1.788ms returns FALSE
T5A48 020:900.978   JLINK_RTTERMINAL_Read(BufferIndex = 0, BufferSize = 0x00010000)
T5A48 020:901.072   - 0.096ms returns 0
T5A48 020:951.956   JLINK_RTTERMINAL_Read(BufferIndex = 0, BufferSize = 0x00010000)
T5A48 020:952.064   - 0.109ms returns 0
T7A24 020:972.706 JLINK_IsHalted()
T7A24 020:974.182 - 1.475ms returns FALSE
T7A24 020:974.276 JLINK_IsHalted()
T7A24 020:976.080 - 1.801ms returns FALSE
T5A48 021:002.886   JLINK_RTTERMINAL_Read(BufferIndex = 0, BufferSize = 0x00010000)
T5A48 021:002.972   - 0.087ms returns 0
T5A48 021:054.612   JLINK_RTTERMINAL_Read(BufferIndex = 0, BufferSize = 0x00010000)
T5A48 021:054.804   - 0.193ms returns 0
T7A24 021:082.034 JLINK_IsHalted()
T7A24 021:084.084 - 2.049ms returns FALSE
T7A24 021:084.238 JLINK_IsHalted()
T7A24 021:085.964 - 1.724ms returns FALSE
T5A48 021:106.260   JLINK_RTTERMINAL_Read(BufferIndex = 0, BufferSize = 0x00010000)
T5A48 021:106.346   - 0.084ms returns 0
T5A48 021:157.404   JLINK_RTTERMINAL_Read(BufferIndex = 0, BufferSize = 0x00010000)
T5A48 021:157.506   - 0.102ms returns 0
T7A24 021:191.378 JLINK_IsHalted()
T7A24 021:193.774 - 2.395ms returns FALSE
T7A24 021:193.892 JLINK_IsHalted()
T7A24 021:195.610 - 1.718ms returns FALSE
T5A48 021:208.556   JLINK_RTTERMINAL_Read(BufferIndex = 0, BufferSize = 0x00010000)
T5A48 021:208.704   - 0.150ms returns 0
T5A48 021:259.454   JLINK_RTTERMINAL_Read(BufferIndex = 0, BufferSize = 0x00010000)
T5A48 021:259.556   - 0.103ms returns 0
T7A24 021:300.250 JLINK_IsHalted()
T7A24 021:302.112 - 1.862ms returns FALSE
T7A24 021:302.238 JLINK_IsHalted()
T7A24 021:304.092 - 1.850ms returns FALSE
T5A48 021:310.494   JLINK_RTTERMINAL_Read(BufferIndex = 0, BufferSize = 0x00010000)
T5A48 021:310.584   - 0.090ms returns 0
T5A48 021:361.858   JLINK_RTTERMINAL_Read(BufferIndex = 0, BufferSize = 0x00010000)
T5A48 021:361.962   - 0.106ms returns 0
T7A24 021:410.532 JLINK_IsHalted()
T7A24 021:412.774 - 2.239ms returns FALSE
T5A48 021:412.940   JLINK_RTTERMINAL_Read(BufferIndex = 0, BufferSize = 0x00010000)
T5A48 021:413.140   - 0.205ms returns 0
T7A24 021:415.772 JLINK_IsHalted()
T7A24 021:417.508 - 1.736ms returns FALSE
T5A48 021:464.482   JLINK_RTTERMINAL_Read(BufferIndex = 0, BufferSize = 0x00010000)
T5A48 021:464.530   - 0.049ms returns 0
T5A48 021:515.592   JLINK_RTTERMINAL_Read(BufferIndex = 0, BufferSize = 0x00010000)
T5A48 021:515.626   - 0.034ms returns 0
T7A24 021:519.384 JLINK_IsHalted()
T7A24 021:521.016 - 1.630ms returns FALSE
T7A24 021:521.052 JLINK_IsHalted()
T7A24 021:522.924 - 1.870ms returns FALSE
T5A48 021:567.112   JLINK_RTTERMINAL_Read(BufferIndex = 0, BufferSize = 0x00010000)
T5A48 021:567.140   - 0.028ms returns 0
T5A48 021:617.550   JLINK_RTTERMINAL_Read(BufferIndex = 0, BufferSize = 0x00010000)
T5A48 021:617.588   - 0.037ms returns 0
T7A24 021:628.532 JLINK_IsHalted()
T7A24 021:629.484 - 0.947ms returns FALSE
T7A24 021:629.508 JLINK_IsHalted()
T7A24 021:631.340 - 1.827ms returns FALSE
T5A48 021:668.100   JLINK_RTTERMINAL_Read(BufferIndex = 0, BufferSize = 0x00010000)
T5A48 021:668.192   - 0.093ms returns 0
T5A48 021:719.188   JLINK_RTTERMINAL_Read(BufferIndex = 0, BufferSize = 0x00010000)
T5A48 021:719.306   - 0.118ms returns 0
T7A24 021:737.892 JLINK_IsHalted()
T7A24 021:739.234 - 1.340ms returns FALSE
T7A24 021:739.290 JLINK_IsHalted()
T7A24 021:741.198 - 1.909ms returns FALSE
T5A48 021:770.480   JLINK_RTTERMINAL_Read(BufferIndex = 0, BufferSize = 0x00010000)
T5A48 021:770.622   - 0.145ms returns 0
T7684 021:782.328 JLINK_IsHalted()
T7684 021:784.186 - 1.856ms returns FALSE
T7684 021:784.258 JLINK_IsHalted()
T7684 021:786.100 - 1.840ms returns FALSE
T5A48 021:821.222   JLINK_RTTERMINAL_Read(BufferIndex = 0, BufferSize = 0x00010000)
T5A48 021:821.316   - 0.095ms returns 0
T7A24 021:847.268 JLINK_IsHalted()
T7A24 021:848.708 - 1.437ms returns FALSE
T7A24 021:848.824 JLINK_IsHalted()
T7A24 021:850.484 - 1.658ms returns FALSE
T5A48 021:872.460   JLINK_RTTERMINAL_Read(BufferIndex = 0, BufferSize = 0x00010000)
T5A48 021:872.594   - 0.135ms returns 0
T5A48 021:923.332   JLINK_RTTERMINAL_Read(BufferIndex = 0, BufferSize = 0x00010000)
T5A48 021:923.372   - 0.043ms returns 0
T7A24 021:957.602 JLINK_IsHalted()
T7A24 021:959.488 - 1.885ms returns FALSE
T7A24 021:959.520 JLINK_IsHalted()
T7A24 021:961.350 - 1.831ms returns FALSE
T5A48 021:974.374   JLINK_RTTERMINAL_Read(BufferIndex = 0, BufferSize = 0x00010000)
T5A48 021:974.420   - 0.048ms returns 0
T5A48 022:026.204   JLINK_RTTERMINAL_Read(BufferIndex = 0, BufferSize = 0x00010000)
T5A48 022:026.242   - 0.038ms returns 0
T7A24 022:066.212 JLINK_IsHalted()
T7A24 022:067.814 - 1.602ms returns FALSE
T7A24 022:067.836 JLINK_IsHalted()
T7A24 022:069.694 - 1.859ms returns FALSE
T5A48 022:077.276   JLINK_RTTERMINAL_Read(BufferIndex = 0, BufferSize = 0x00010000)
T5A48 022:077.310   - 0.034ms returns 0
T5A48 022:128.476   JLINK_RTTERMINAL_Read(BufferIndex = 0, BufferSize = 0x00010000)
T5A48 022:128.584   - 0.109ms returns 0
T7A24 022:176.282 JLINK_IsHalted()
T7A24 022:178.272 - 1.990ms returns FALSE
T7A24 022:178.400 JLINK_IsHalted()
T7A24 022:180.138 - 1.737ms returns FALSE
T5A48 022:180.212   JLINK_RTTERMINAL_Read(BufferIndex = 0, BufferSize = 0x00010000)
T5A48 022:180.294   - 0.082ms returns 0
T5A48 022:231.842   JLINK_RTTERMINAL_Read(BufferIndex = 0, BufferSize = 0x00010000)
T5A48 022:231.988   - 0.148ms returns 0
T5A48 022:283.046   JLINK_RTTERMINAL_Read(BufferIndex = 0, BufferSize = 0x00010000)
T5A48 022:283.188   - 0.145ms returns 0
T7A24 022:286.764 JLINK_IsHalted()
T7A24 022:288.492 - 1.727ms returns FALSE
T7A24 022:288.560 JLINK_IsHalted()
T7A24 022:290.516 - 1.956ms returns FALSE
T5A48 022:334.100   JLINK_RTTERMINAL_Read(BufferIndex = 0, BufferSize = 0x00010000)
T5A48 022:334.246   - 0.147ms returns 0
T5A48 022:385.108   JLINK_RTTERMINAL_Read(BufferIndex = 0, BufferSize = 0x00010000)
T5A48 022:385.268   - 0.160ms returns 0
T7A24 022:395.948 JLINK_IsHalted()
T7A24 022:397.858 - 1.907ms returns FALSE
T7A24 022:397.944 JLINK_IsHalted()
T7A24 022:399.764 - 1.819ms returns FALSE
T5A48 022:436.330   JLINK_RTTERMINAL_Read(BufferIndex = 0, BufferSize = 0x00010000)
T5A48 022:436.464   - 0.137ms returns 0
T5A48 022:488.180   JLINK_RTTERMINAL_Read(BufferIndex = 0, BufferSize = 0x00010000)
T5A48 022:488.206   - 0.027ms returns 0
T7A24 022:504.028 JLINK_IsHalted()
T7A24 022:505.780 - 1.752ms returns FALSE
T7A24 022:505.808 JLINK_IsHalted()
T7A24 022:507.660 - 1.851ms returns FALSE
T5A48 022:539.152   JLINK_RTTERMINAL_Read(BufferIndex = 0, BufferSize = 0x00010000)
T5A48 022:539.196   - 0.043ms returns 0
T5A48 022:590.158   JLINK_RTTERMINAL_Read(BufferIndex = 0, BufferSize = 0x00010000)
T5A48 022:590.194   - 0.035ms returns 0
T7A24 022:612.994 JLINK_IsHalted()
T7A24 022:614.876 - 1.881ms returns FALSE
T7A24 022:614.908 JLINK_IsHalted()
T7A24 022:616.738 - 1.824ms returns FALSE
T5A48 022:640.960   JLINK_RTTERMINAL_Read(BufferIndex = 0, BufferSize = 0x00010000)
T5A48 022:641.014   - 0.055ms returns 0
T5A48 022:692.160   JLINK_RTTERMINAL_Read(BufferIndex = 0, BufferSize = 0x00010000)
T5A48 022:692.252   - 0.093ms returns 0
T7A24 022:722.160 JLINK_IsHalted()
T7A24 022:724.054 - 1.893ms returns FALSE
T7A24 022:724.134 JLINK_IsHalted()
T7A24 022:725.934 - 1.798ms returns FALSE
T5A48 022:743.566   JLINK_RTTERMINAL_Read(BufferIndex = 0, BufferSize = 0x00010000)
T5A48 022:743.680   - 0.116ms returns 0
T7684 022:786.948 JLINK_IsHalted()
T7684 022:788.840 - 1.891ms returns FALSE
T7684 022:788.902 JLINK_IsHalted()
T7684 022:790.712 - 1.808ms returns FALSE
T5A48 022:794.828   JLINK_RTTERMINAL_Read(BufferIndex = 0, BufferSize = 0x00010000)
T5A48 022:794.934   - 0.108ms returns 0
T7A24 022:831.600 JLINK_IsHalted()
T7A24 022:833.708 - 2.107ms returns FALSE
T7A24 022:833.800 JLINK_IsHalted()
T7A24 022:835.500 - 1.697ms returns FALSE
T5A48 022:845.972   JLINK_RTTERMINAL_Read(BufferIndex = 0, BufferSize = 0x00010000)
T5A48 022:846.108   - 0.139ms returns 0
T5A48 022:897.908   JLINK_RTTERMINAL_Read(BufferIndex = 0, BufferSize = 0x00010000)
T5A48 022:897.956   - 0.050ms returns 0
T7A24 022:940.874 JLINK_IsHalted()
T7A24 022:943.120 - 2.245ms returns FALSE
T7A24 022:943.172 JLINK_IsHalted()
T7A24 022:945.028 - 1.853ms returns FALSE
T5A48 022:948.340   JLINK_RTTERMINAL_Read(BufferIndex = 0, BufferSize = 0x00010000)
T5A48 022:948.362   - 0.022ms returns 0
T5A48 022:999.402   JLINK_RTTERMINAL_Read(BufferIndex = 0, BufferSize = 0x00010000)
T5A48 022:999.478   - 0.076ms returns 0
T5A48 023:050.196   JLINK_RTTERMINAL_Read(BufferIndex = 0, BufferSize = 0x00010000)
T5A48 023:050.248   - 0.053ms returns 0
T7A24 023:051.216 JLINK_IsHalted()
T7A24 023:053.052 - 1.835ms returns FALSE
T7A24 023:053.076 JLINK_IsHalted()
T7A24 023:054.930 - 1.851ms returns FALSE
T5A48 023:101.496   JLINK_RTTERMINAL_Read(BufferIndex = 0, BufferSize = 0x00010000)
T5A48 023:101.552   - 0.056ms returns 0
T5A48 023:153.308   JLINK_RTTERMINAL_Read(BufferIndex = 0, BufferSize = 0x00010000)
T5A48 023:153.352   - 0.043ms returns 0
T7A24 023:160.436 JLINK_IsHalted()
T7A24 023:161.536 - 1.100ms returns FALSE
T7A24 023:161.564 JLINK_IsHalted()
T7A24 023:163.528 - 1.963ms returns FALSE
T5A48 023:204.604   JLINK_RTTERMINAL_Read(BufferIndex = 0, BufferSize = 0x00010000)
T5A48 023:204.646   - 0.042ms returns 0
T5A48 023:255.874   JLINK_RTTERMINAL_Read(BufferIndex = 0, BufferSize = 0x00010000)
T5A48 023:255.912   - 0.039ms returns 0
T7A24 023:269.808 JLINK_IsHalted()
T7A24 023:271.738 - 1.928ms returns FALSE
T7A24 023:271.788 JLINK_IsHalted()
T7A24 023:273.664 - 1.865ms returns FALSE
T5A48 023:307.114   JLINK_RTTERMINAL_Read(BufferIndex = 0, BufferSize = 0x00010000)
T5A48 023:307.156   - 0.045ms returns 0
T5A48 023:358.104   JLINK_RTTERMINAL_Read(BufferIndex = 0, BufferSize = 0x00010000)
T5A48 023:358.142   - 0.040ms returns 0
T7A24 023:379.076 JLINK_IsHalted()
T7A24 023:380.826 - 1.744ms returns FALSE
T7A24 023:380.876 JLINK_IsHalted()
T7A24 023:382.714 - 1.833ms returns FALSE
T5A48 023:409.370   JLINK_RTTERMINAL_Read(BufferIndex = 0, BufferSize = 0x00010000)
T5A48 023:409.414   - 0.046ms returns 0
T5A48 023:460.372   JLINK_RTTERMINAL_Read(BufferIndex = 0, BufferSize = 0x00010000)
T5A48 023:460.430   - 0.058ms returns 0
T7A24 023:488.246 JLINK_IsHalted()
T7A24 023:490.396 - 2.150ms returns FALSE
T7A24 023:490.422 JLINK_IsHalted()
T7A24 023:492.262 - 1.839ms returns FALSE
T5A48 023:511.420   JLINK_RTTERMINAL_Read(BufferIndex = 0, BufferSize = 0x00010000)
T5A48 023:511.450   - 0.029ms returns 0
T5A48 023:563.850   JLINK_RTTERMINAL_Read(BufferIndex = 0, BufferSize = 0x00010000)
T5A48 023:563.886   - 0.038ms returns 0
T7A24 023:597.342 JLINK_IsHalted()
T7A24 023:598.834 - 1.491ms returns FALSE
T7A24 023:598.866 JLINK_IsHalted()
T7A24 023:600.774 - 1.904ms returns FALSE
T5A48 023:614.472   JLINK_RTTERMINAL_Read(BufferIndex = 0, BufferSize = 0x00010000)
T5A48 023:614.516   - 0.047ms returns 0
T5A48 023:665.546   JLINK_RTTERMINAL_Read(BufferIndex = 0, BufferSize = 0x00010000)
T5A48 023:665.596   - 0.052ms returns 0
T7A24 023:706.530 JLINK_IsHalted()
T7A24 023:707.902 - 1.371ms returns FALSE
T7A24 023:707.924 JLINK_IsHalted()
T7A24 023:709.746 - 1.819ms returns FALSE
T5A48 023:716.718   JLINK_RTTERMINAL_Read(BufferIndex = 0, BufferSize = 0x00010000)
T5A48 023:716.774   - 0.056ms returns 0
T5A48 023:769.572   JLINK_RTTERMINAL_Read(BufferIndex = 0, BufferSize = 0x00010000)
T5A48 023:769.612   - 0.043ms returns 0
T7684 023:790.868 JLINK_IsHalted()
T7684 023:792.676 - 1.802ms returns FALSE
T7684 023:792.710 JLINK_IsHalted()
T7684 023:794.438 - 1.728ms returns FALSE
T7A24 023:816.778 JLINK_IsHalted()
T7A24 023:818.780 - 2.001ms returns FALSE
T7A24 023:818.828 JLINK_IsHalted()
T7A24 023:820.726 - 1.897ms returns FALSE
T5A48 023:820.892   JLINK_RTTERMINAL_Read(BufferIndex = 0, BufferSize = 0x00010000)
T5A48 023:820.906   - 0.013ms returns 0
T5A48 023:871.932   JLINK_RTTERMINAL_Read(BufferIndex = 0, BufferSize = 0x00010000)
T5A48 023:871.976   - 0.045ms returns 0
T5A48 023:922.900   JLINK_RTTERMINAL_Read(BufferIndex = 0, BufferSize = 0x00010000)
T5A48 023:922.936   - 0.036ms returns 0
T7A24 023:925.850 JLINK_IsHalted()
T7A24 023:927.776 - 1.927ms returns FALSE
T7A24 023:927.794 JLINK_IsHalted()
T7A24 023:929.656 - 1.860ms returns FALSE
T5A48 023:973.944   JLINK_RTTERMINAL_Read(BufferIndex = 0, BufferSize = 0x00010000)
T5A48 023:974.028   - 0.085ms returns 0
T5A48 024:024.924   JLINK_RTTERMINAL_Read(BufferIndex = 0, BufferSize = 0x00010000)
T5A48 024:024.966   - 0.042ms returns 0
T7A24 024:035.578 JLINK_IsHalted()
T7A24 024:037.364 - 1.787ms returns FALSE
T7A24 024:037.392 JLINK_IsHalted()
T7A24 024:039.366 - 1.963ms returns FALSE
T5A48 024:075.964   JLINK_RTTERMINAL_Read(BufferIndex = 0, BufferSize = 0x00010000)
T5A48 024:076.012   - 0.048ms returns 0
T5A48 024:127.052   JLINK_RTTERMINAL_Read(BufferIndex = 0, BufferSize = 0x00010000)
T5A48 024:127.088   - 0.037ms returns 0
T7A24 024:145.002 JLINK_IsHalted()
T7A24 024:146.804 - 1.794ms returns FALSE
T7A24 024:146.858 JLINK_IsHalted()
T7A24 024:148.682 - 1.820ms returns FALSE
T5A48 024:177.940   JLINK_RTTERMINAL_Read(BufferIndex = 0, BufferSize = 0x00010000)
T5A48 024:177.986   - 0.046ms returns 0
T5A48 024:229.012   JLINK_RTTERMINAL_Read(BufferIndex = 0, BufferSize = 0x00010000)
T5A48 024:229.048   - 0.038ms returns 0
T7A24 024:254.140 JLINK_IsHalted()
T7A24 024:255.920 - 1.774ms returns FALSE
T7A24 024:255.934 JLINK_IsHalted()
T7A24 024:257.734 - 1.799ms returns FALSE
T5A48 024:280.138   JLINK_RTTERMINAL_Read(BufferIndex = 0, BufferSize = 0x00010000)
T5A48 024:280.178   - 0.040ms returns 0
T5A48 024:331.380   JLINK_RTTERMINAL_Read(BufferIndex = 0, BufferSize = 0x00010000)
T5A48 024:331.432   - 0.053ms returns 0
T7A24 024:363.338 JLINK_IsHalted()
T7A24 024:364.536 - 1.197ms returns FALSE
T7A24 024:364.564 JLINK_IsHalted()
T7A24 024:366.482 - 1.916ms returns FALSE
T5A48 024:382.470   JLINK_RTTERMINAL_Read(BufferIndex = 0, BufferSize = 0x00010000)
T5A48 024:382.508   - 0.039ms returns 0
T5A48 024:433.984   JLINK_RTTERMINAL_Read(BufferIndex = 0, BufferSize = 0x00010000)
T5A48 024:434.050   - 0.066ms returns 0
T7A24 024:472.688 JLINK_IsHalted()
T7A24 024:474.202 - 1.513ms returns FALSE
T7A24 024:474.234 JLINK_IsHalted()
T7A24 024:476.086 - 1.852ms returns FALSE
T5A48 024:484.878   JLINK_RTTERMINAL_Read(BufferIndex = 0, BufferSize = 0x00010000)
T5A48 024:484.920   - 0.042ms returns 0
T5A48 024:535.780   JLINK_RTTERMINAL_Read(BufferIndex = 0, BufferSize = 0x00010000)
T5A48 024:535.816   - 0.035ms returns 0
T7A24 024:581.796 JLINK_IsHalted()
T7A24 024:582.686 - 0.885ms returns FALSE
T7A24 024:582.736 JLINK_IsHalted()
T7A24 024:584.538 - 1.798ms returns FALSE
T5A48 024:587.392   JLINK_RTTERMINAL_Read(BufferIndex = 0, BufferSize = 0x00010000)
T5A48 024:587.422   - 0.030ms returns 0
T5A48 024:638.072   JLINK_RTTERMINAL_Read(BufferIndex = 0, BufferSize = 0x00010000)
T5A48 024:638.116   - 0.044ms returns 0
T5A48 024:689.162   JLINK_RTTERMINAL_Read(BufferIndex = 0, BufferSize = 0x00010000)
T5A48 024:689.252   - 0.090ms returns 0
T7A24 024:690.900 JLINK_IsHalted()
T7A24 024:692.110 - 1.210ms returns FALSE
T7A24 024:692.132 JLINK_IsHalted()
T7A24 024:693.996 - 1.861ms returns FALSE
T5A48 024:740.124   JLINK_RTTERMINAL_Read(BufferIndex = 0, BufferSize = 0x00010000)
T5A48 024:740.180   - 0.058ms returns 0
T5A48 024:791.132   JLINK_RTTERMINAL_Read(BufferIndex = 0, BufferSize = 0x00010000)
T5A48 024:791.178   - 0.047ms returns 0
T7684 024:795.554 JLINK_IsHalted()
T7684 024:797.456 - 1.902ms returns FALSE
T7684 024:797.490 JLINK_IsHalted()
T7684 024:799.308 - 1.813ms returns FALSE
T7A24 024:800.896 JLINK_IsHalted()
T7A24 024:802.446 - 1.548ms returns FALSE
T7A24 024:802.476 JLINK_IsHalted()
T7A24 024:804.346 - 1.868ms returns FALSE
T5A48 024:842.284   JLINK_RTTERMINAL_Read(BufferIndex = 0, BufferSize = 0x00010000)
T5A48 024:842.318   - 0.035ms returns 0
T5A48 024:893.436   JLINK_RTTERMINAL_Read(BufferIndex = 0, BufferSize = 0x00010000)
T5A48 024:893.534   - 0.101ms returns 0
T7A24 024:910.196 JLINK_IsHalted()
T7A24 024:912.216 - 2.020ms returns FALSE
T7A24 024:912.294 JLINK_IsHalted()
T7A24 024:914.080 - 1.784ms returns FALSE
T5A48 024:944.418   JLINK_RTTERMINAL_Read(BufferIndex = 0, BufferSize = 0x00010000)
T5A48 024:944.474   - 0.056ms returns 0
T5A48 024:995.414   JLINK_RTTERMINAL_Read(BufferIndex = 0, BufferSize = 0x00010000)
T5A48 024:995.466   - 0.051ms returns 0
T7A24 025:019.496 JLINK_IsHalted()
T7A24 025:021.326 - 1.825ms returns FALSE
T7A24 025:021.378 JLINK_IsHalted()
T7A24 025:023.122 - 1.744ms returns FALSE
T5A48 025:047.318   JLINK_RTTERMINAL_Read(BufferIndex = 0, BufferSize = 0x00010000)
T5A48 025:047.372   - 0.054ms returns 0
T5A48 025:097.746   JLINK_RTTERMINAL_Read(BufferIndex = 0, BufferSize = 0x00010000)
T5A48 025:097.796   - 0.051ms returns 0
T7A24 025:128.570 JLINK_IsHalted()
T7A24 025:129.730 - 1.160ms returns FALSE
T7A24 025:129.768 JLINK_IsHalted()
T7A24 025:131.592 - 1.822ms returns FALSE
T5A48 025:150.402   JLINK_RTTERMINAL_Read(BufferIndex = 0, BufferSize = 0x00010000)
T5A48 025:150.428   - 0.028ms returns 0
T5A48 025:200.756   JLINK_RTTERMINAL_Read(BufferIndex = 0, BufferSize = 0x00010000)
T5A48 025:200.806   - 0.052ms returns 0
T7A24 025:238.566 JLINK_IsHalted()
T7A24 025:240.836 - 2.267ms returns FALSE
T7A24 025:240.876 JLINK_IsHalted()
T7A24 025:242.686 - 1.807ms returns FALSE
T5A48 025:251.874   JLINK_RTTERMINAL_Read(BufferIndex = 0, BufferSize = 0x00010000)
T5A48 025:251.932   - 0.061ms returns 0
T5A48 025:304.312   JLINK_RTTERMINAL_Read(BufferIndex = 0, BufferSize = 0x00010000)
T5A48 025:304.358   - 0.048ms returns 0
T7A24 025:347.628 JLINK_IsHalted()
T7A24 025:349.184 - 1.554ms returns FALSE
T7A24 025:349.226 JLINK_IsHalted()
T7A24 025:351.084 - 1.857ms returns FALSE
T5A48 025:354.754   JLINK_RTTERMINAL_Read(BufferIndex = 0, BufferSize = 0x00010000)
T5A48 025:354.814   - 0.062ms returns 0
T5A48 025:407.154   JLINK_RTTERMINAL_Read(BufferIndex = 0, BufferSize = 0x00010000)
T5A48 025:407.208   - 0.056ms returns 0
T7A24 025:456.684 JLINK_IsHalted()
T7A24 025:457.700 - 1.017ms returns FALSE
T7A24 025:457.718 JLINK_IsHalted()
T7A24 025:459.652 - 1.931ms returns FALSE
T5A48 025:459.702   JLINK_RTTERMINAL_Read(BufferIndex = 0, BufferSize = 0x00010000)
T5A48 025:459.718   - 0.016ms returns 0
T5A48 025:510.886   JLINK_RTTERMINAL_Read(BufferIndex = 0, BufferSize = 0x00010000)
T5A48 025:510.962   - 0.076ms returns 0
T5A48 025:561.844   JLINK_RTTERMINAL_Read(BufferIndex = 0, BufferSize = 0x00010000)
T5A48 025:561.882   - 0.040ms returns 0
T7A24 025:566.778 JLINK_IsHalted()
T7A24 025:568.834 - 2.056ms returns FALSE
T7A24 025:568.862 JLINK_IsHalted()
T7A24 025:570.718 - 1.852ms returns FALSE
T5A48 025:612.908   JLINK_RTTERMINAL_Read(BufferIndex = 0, BufferSize = 0x00010000)
T5A48 025:612.956   - 0.047ms returns 0
T5A48 025:663.796   JLINK_RTTERMINAL_Read(BufferIndex = 0, BufferSize = 0x00010000)
T5A48 025:663.844   - 0.049ms returns 0
T7A24 025:675.662 JLINK_IsHalted()
T7A24 025:676.608 - 0.946ms returns FALSE
T7A24 025:676.634 JLINK_IsHalted()
T7A24 025:678.548 - 1.913ms returns FALSE
T5A48 025:714.892   JLINK_RTTERMINAL_Read(BufferIndex = 0, BufferSize = 0x00010000)
T5A48 025:714.934   - 0.045ms returns 0
T5A48 025:765.818   JLINK_RTTERMINAL_Read(BufferIndex = 0, BufferSize = 0x00010000)
T5A48 025:765.872   - 0.054ms returns 0
T7A24 025:784.636 JLINK_IsHalted()
T7A24 025:785.660 - 1.024ms returns FALSE
T7A24 025:785.696 JLINK_IsHalted()
T7A24 025:787.608 - 1.906ms returns FALSE
T7684 025:800.054 JLINK_IsHalted()
T7684 025:801.796 - 1.741ms returns FALSE
T7684 025:801.844 JLINK_IsHalted()
T7684 025:803.670 - 1.824ms returns FALSE
T5A48 025:816.262   JLINK_RTTERMINAL_Read(BufferIndex = 0, BufferSize = 0x00010000)
T5A48 025:816.316   - 0.104ms returns 0
T5A48 025:868.328   JLINK_RTTERMINAL_Read(BufferIndex = 0, BufferSize = 0x00010000)
T5A48 025:868.372   - 0.044ms returns 0
T7A24 025:894.012 JLINK_IsHalted()
T7A24 025:895.100 - 1.088ms returns FALSE
T7A24 025:895.124 JLINK_IsHalted()
T7A24 025:897.012 - 1.887ms returns FALSE
T5A48 025:919.142   JLINK_RTTERMINAL_Read(BufferIndex = 0, BufferSize = 0x00010000)
T5A48 025:919.196   - 0.055ms returns 0
T5A48 025:970.164   JLINK_RTTERMINAL_Read(BufferIndex = 0, BufferSize = 0x00010000)
T5A48 025:970.198   - 0.036ms returns 0
T7A24 026:004.024 JLINK_IsHalted()
T7A24 026:005.398 - 1.373ms returns FALSE
T7A24 026:005.438 JLINK_IsHalted()
T7A24 026:007.228 - 1.788ms returns FALSE
T5A48 026:021.324   JLINK_RTTERMINAL_Read(BufferIndex = 0, BufferSize = 0x00010000)
T5A48 026:021.428   - 0.107ms returns 0
T5A48 026:072.438   JLINK_RTTERMINAL_Read(BufferIndex = 0, BufferSize = 0x00010000)
T5A48 026:072.572   - 0.136ms returns 0
T7A24 026:113.502 JLINK_IsHalted()
T7A24 026:115.416 - 1.912ms returns FALSE
T7A24 026:115.494 JLINK_IsHalted()
T7A24 026:117.292 - 1.796ms returns FALSE
T5A48 026:123.370   JLINK_RTTERMINAL_Read(BufferIndex = 0, BufferSize = 0x00010000)
T5A48 026:123.518   - 0.152ms returns 0
T5A48 026:174.206   JLINK_RTTERMINAL_Read(BufferIndex = 0, BufferSize = 0x00010000)
T5A48 026:174.252   - 0.048ms returns 0
T7A24 026:223.116 JLINK_IsHalted()
T7A24 026:224.612 - 1.495ms returns FALSE
T7A24 026:224.648 JLINK_IsHalted()
T7A24 026:226.398 - 1.749ms returns FALSE
T5A48 026:226.444   JLINK_RTTERMINAL_Read(BufferIndex = 0, BufferSize = 0x00010000)
T5A48 026:226.484   - 0.041ms returns 0
T5A48 026:277.228   JLINK_RTTERMINAL_Read(BufferIndex = 0, BufferSize = 0x00010000)
T5A48 026:277.292   - 0.062ms returns 0
T5A48 026:328.256   JLINK_RTTERMINAL_Read(BufferIndex = 0, BufferSize = 0x00010000)
T5A48 026:328.308   - 0.052ms returns 0
T7A24 026:332.056 JLINK_IsHalted()
T7A24 026:333.546 - 1.488ms returns FALSE
T7A24 026:333.588 JLINK_IsHalted()
T7A24 026:335.412 - 1.822ms returns FALSE
T5A48 026:379.124   JLINK_RTTERMINAL_Read(BufferIndex = 0, BufferSize = 0x00010000)
T5A48 026:379.158   - 0.038ms returns 0
T5A48 026:430.818   JLINK_RTTERMINAL_Read(BufferIndex = 0, BufferSize = 0x00010000)
T5A48 026:430.882   - 0.063ms returns 0
T7A24 026:441.492 JLINK_IsHalted()
T7A24 026:443.408 - 1.912ms returns FALSE
T7A24 026:443.476 JLINK_IsHalted()
T7A24 026:445.252 - 1.770ms returns FALSE
T5A48 026:482.210   JLINK_RTTERMINAL_Read(BufferIndex = 0, BufferSize = 0x00010000)
T5A48 026:482.268   - 0.061ms returns 0
T5A48 026:533.204   JLINK_RTTERMINAL_Read(BufferIndex = 0, BufferSize = 0x00010000)
T5A48 026:533.252   - 0.047ms returns 0
T7A24 026:551.040 JLINK_IsHalted()
T7A24 026:552.488 - 1.446ms returns FALSE
T7A24 026:552.524 JLINK_IsHalted()
T7A24 026:554.370 - 1.844ms returns FALSE
T5A48 026:584.176   JLINK_RTTERMINAL_Read(BufferIndex = 0, BufferSize = 0x00010000)
T5A48 026:584.236   - 0.061ms returns 0
T5A48 026:635.116   JLINK_RTTERMINAL_Read(BufferIndex = 0, BufferSize = 0x00010000)
T5A48 026:635.190   - 0.077ms returns 0
T5A48 026:686.108   JLINK_RTTERMINAL_Read(BufferIndex = 0, BufferSize = 0x00010000)
T5A48 026:686.156   - 0.049ms returns 0
T5A48 026:737.188   JLINK_RTTERMINAL_Read(BufferIndex = 0, BufferSize = 0x00010000)
T5A48 026:737.242   - 0.053ms returns 0
T5A48 026:789.162   JLINK_RTTERMINAL_Read(BufferIndex = 0, BufferSize = 0x00010000)
T5A48 026:789.200   - 0.039ms returns 0
T5A48 026:840.220   JLINK_RTTERMINAL_Read(BufferIndex = 0, BufferSize = 0x00010000)
T5A48 026:840.286   - 0.065ms returns 0
T5A48 026:891.388   JLINK_RTTERMINAL_Read(BufferIndex = 0, BufferSize = 0x00010000)
T5A48 026:891.434   - 0.045ms returns 0
T5A48 026:942.188   JLINK_RTTERMINAL_Read(BufferIndex = 0, BufferSize = 0x00010000)
T5A48 026:942.244   - 0.057ms returns 0
T5A48 026:993.254   JLINK_RTTERMINAL_Read(BufferIndex = 0, BufferSize = 0x00010000)
T5A48 026:993.290   - 0.037ms returns 0
T5A48 027:044.316   JLINK_RTTERMINAL_Read(BufferIndex = 0, BufferSize = 0x00010000)
T5A48 027:044.356   - 0.039ms returns 0
T5A48 027:094.634   JLINK_RTTERMINAL_Read(BufferIndex = 0, BufferSize = 0x00010000)
T5A48 027:094.672   - 0.039ms returns 0
T74C4 027:135.740 JLINK_Halt()
T74C4 027:144.756 - 9.013ms returns 0x00
T74C4 027:144.842 JLINK_ReadReg(XPSR)
T74C4 027:146.704   CPU_ReadMem(4 bytes @ 0xE000EE08)
T74C4 027:148.518 - 3.676ms returns 0x01000000
T5A48 027:148.576   JLINK_RTTERMINAL_Read(BufferIndex = 0, BufferSize = 0x00010000)
T5A48 027:148.608   - 0.033ms returns 0
T74C4 027:154.748 JLINK_Close()
T74C4 027:156.394   OnDisconnectTarget() start
T74C4 027:156.458    J-Link Script File: Executing OnDisconnectTarget()
T74C4 027:156.476   Restoring low power mode settings.
T74C4 027:161.866   OnDisconnectTarget() end - Took 5.40ms
T74C4 027:170.644 - 15.892ms
T74C4 027:170.692   
T74C4 027:170.700   Closed
