T4F98 000:001.567   SEGGER J-Link V7.98g Log File
T4F98 000:001.783   DLL Compiled: Sep  5 2024 11:46:36
T4F98 000:001.833   Logging started @ 2024-10-10 14:49
T4F98 000:001.865   Process: C:\Users\a5149420\.eclipse\com.renesas.platform_1703586286\DebugComp\RA\e2-server-gdb.exe
T4F98 000:001.901 - 1.897ms
T4F98 000:001.953 JLINK_GetDLLVersion()
T4F98 000:001.991 - 0.039ms returns 79807
T4F98 000:008.168 JLINK_OpenEx(...)
T4F98 000:018.846   Firmware: J-Link OB-RA4M2 compiled Jul  3 2024 17:03:13
T4F98 000:021.607   Firmware: J-Link OB-RA4M2 compiled Jul  3 2024 17:03:13
T4F98 000:035.933   Hardware: V1.00
T4F98 000:036.019   S/N: 1088146460
T4F98 000:036.077   OEM: SEGGER
T4F98 000:036.136   Feature(s): None
T4F98 000:037.259   Bootloader: 2021 May 14
T4F98 000:037.834   USB speed mode: Full speed (12 MBit/s)
T4F98 000:038.349   TELNET listener socket opened on port 19021
T4F98 000:038.601   WEBSRV WEBSRV_Init(): Starting webserver thread(s)
T4F98 000:038.839   WEBSRV Webserver running on local port 19080
T4F98 000:039.086   Looking for J-Link GUI Server exe at: C:\Users\a5149420\.eclipse\com.renesas.platform_1703586286\DebugComp\RA\ARM\Segger_v7.98.7\JLinkGUIServer.exe
T4F98 000:039.644   Looking for J-Link GUI Server exe at: \JLinkGUIServer.exe
T4F98 000:348.304   Failed to connect to J-Link GUI Server.
T4F98 000:348.386 - 340.209ms returns "O.K."
T4F98 000:348.660 JLINK_TIF_Select(JLINKARM_TIF_SWD)
T4F98 000:349.478 - 0.817ms returns 0x00
T4F98 000:349.553 JLINK_ClrRESET()
T4F98 000:349.953 - 0.399ms
T4F98 000:400.394 JLINK_SetSpeed(1500)
T4F98 000:400.705 - 0.334ms
T4F98 000:400.806 JLINK_CORESIGHT_Configure(PerformTIFInit=0)
T4F98 000:401.398 - 0.607ms returns 0
T4F98 000:401.491 JLINK_CORESIGHT_ReadAPDPReg(DP reg 0x00)
T4F98 000:402.220   Value=0x6BA02477
T4F98 000:402.348 - 0.857ms returns 0
T4F98 000:402.400 JLINK_CORESIGHT_WriteAPDPReg(DP reg 0x00, 0x0000001F)
T4F98 000:402.793 - 0.392ms returns 0
T4F98 000:402.887 JLINK_CORESIGHT_ReadAPDPReg(DP reg 0x00)
T4F98 000:403.212   Value=0x6BA02477
T4F98 000:403.316 - 0.428ms returns 0
T4F98 000:403.360 JLINK_CORESIGHT_WriteAPDPReg(DP reg 0x02, 0x00000000)
T4F98 000:403.665 - 0.305ms returns 0
T4F98 000:403.750 JLINK_CORESIGHT_WriteAPDPReg(DP reg 0x01, 0x50000000)
T4F98 000:404.098 - 0.348ms returns 0
T4F98 000:404.178 JLINK_CORESIGHT_ReadAPDPReg(DP reg 0x01)
T4F98 000:404.489   Value=0xF0000000
T4F98 000:404.572 - 0.393ms returns 0
T4F98 000:404.612 JLINK_CORESIGHT_WriteAPDPReg(DP reg 0x00, 0x0000001F)
T4F98 000:405.007 - 0.396ms returns 0
T4F98 000:405.042 JLINK_CORESIGHT_ReadAPDPReg(DP reg 0x00)
T4F98 000:405.266   Value=0x6BA02477
T4F98 000:405.307 - 0.264ms returns 0
T4F98 000:405.329 JLINK_CORESIGHT_WriteAPDPReg(DP reg 0x01, 0x54000000)
T4F98 000:405.541 - 0.211ms returns 0
T4F98 000:405.576 JLINK_CORESIGHT_WriteAPDPReg(DP reg 0x01, 0x50000F00)
T4F98 000:405.835 - 0.259ms returns 0
T4F98 000:405.865 JLINK_CORESIGHT_WriteAPDPReg(DP reg 0x02, 0x01000000)
T4F98 000:406.052 - 0.187ms returns 0
T4F98 000:406.080 JLINK_CORESIGHT_WriteAPDPReg(AP reg 0x00, 0x80000002)
T4F98 000:406.273 - 0.193ms returns 0
T4F98 000:406.302 JLINK_CORESIGHT_WriteAPDPReg(AP reg 0x01, 0x80011100)
T4F98 000:406.495 - 0.192ms returns 0
T4F98 000:406.522 JLINK_CORESIGHT_WriteAPDPReg(AP reg 0x03, 0x000000A5)
T4F98 000:406.722 - 0.200ms returns 0
T4F98 000:406.750 JLINK_CORESIGHT_WriteAPDPReg(AP reg 0x00, 0x80000002)
T4F98 000:406.948 - 0.198ms returns 0
T4F98 000:406.976 JLINK_CORESIGHT_WriteAPDPReg(AP reg 0x01, 0x80011100)
T4F98 000:407.167 - 0.190ms returns 0
T4F98 000:407.196 JLINK_CORESIGHT_ReadAPDPReg(AP reg 0x03)
T4F98 000:407.430   Value=0x000000A5
T4F98 000:407.466 - 0.269ms returns 0
T4F98 000:407.495 JLINK_ClrTMS()
T4F98 000:407.569 - 0.083ms
T4F98 000:412.805 JLINK_SetTCK()
T4F98 000:413.015 - 0.212ms returns 0
T4F98 000:419.027 JLINK_SetRESET()
T4F98 000:419.192 - 0.164ms
T4F98 000:619.918 JLINK_CORESIGHT_WriteAPDPReg(AP reg 0x00, 0x80000002)
T4F98 000:620.293 - 0.376ms returns 0
T4F98 000:620.359 JLINK_CORESIGHT_WriteAPDPReg(AP reg 0x01, 0x80011100)
T4F98 000:620.724 - 0.364ms returns 0
T4F98 000:620.793 JLINK_CORESIGHT_ReadAPDPReg(AP reg 0x03)
T4F98 000:621.210   Value=0x00000000
T4F98 000:621.285 - 0.491ms returns 0
T4F98 000:621.327 JLINK_CORESIGHT_WriteAPDPReg(AP reg 0x00, 0x80000002)
T4F98 000:621.628 - 0.301ms returns 0
T4F98 000:621.693 JLINK_CORESIGHT_WriteAPDPReg(AP reg 0x01, 0x80011140)
T4F98 000:622.003 - 0.309ms returns 0
T4F98 000:622.067 JLINK_CORESIGHT_ReadAPDPReg(AP reg 0x03)
T4F98 000:622.506   Value=0x00000002
T4F98 000:622.582 - 0.514ms returns 0
T4F98 000:622.619 JLINK_CORESIGHT_WriteAPDPReg(AP reg 0x00, 0x80000002)
T4F98 000:622.978 - 0.358ms returns 0
T4F98 000:623.042 JLINK_CORESIGHT_WriteAPDPReg(AP reg 0x01, 0x80011120)
T4F98 000:623.436 - 0.393ms returns 0
T4F98 000:623.503 JLINK_CORESIGHT_WriteAPDPReg(AP reg 0x03, 0x00000055)
T4F98 000:623.932 - 0.428ms returns 0
T4F98 000:623.997 JLINK_CORESIGHT_WriteAPDPReg(AP reg 0x00, 0x80000002)
T4F98 000:624.314 - 0.317ms returns 0
T4F98 000:624.381 JLINK_CORESIGHT_WriteAPDPReg(AP reg 0x01, 0x80011140)
T4F98 000:624.724 - 0.343ms returns 0
T4F98 000:624.787 JLINK_CORESIGHT_ReadAPDPReg(AP reg 0x03)
T4F98 000:625.104   Value=0x00000000
T4F98 000:625.182 - 0.395ms returns 0
T4F98 000:625.219 JLINK_CORESIGHT_WriteAPDPReg(AP reg 0x00, 0x80000002)
T4F98 000:625.586 - 0.367ms returns 0
T4F98 000:625.642 JLINK_CORESIGHT_WriteAPDPReg(AP reg 0x01, 0x80011130)
T4F98 000:625.926 - 0.284ms returns 0
T4F98 000:625.953 JLINK_CORESIGHT_ReadAPDPReg(AP reg 0x03)
T4F98 000:626.209   Value=0x000000C6
T4F98 000:626.241 - 0.288ms returns 0
T4F98 000:626.264 JLINK_CORESIGHT_WriteAPDPReg(AP reg 0x00, 0x80000002)
T4F98 000:626.459 - 0.195ms returns 0
T4F98 000:626.485 JLINK_CORESIGHT_WriteAPDPReg(AP reg 0x01, 0x80011140)
T4F98 000:626.686 - 0.200ms returns 0
T4F98 000:626.742 JLINK_CORESIGHT_ReadAPDPReg(AP reg 0x03)
T4F98 000:627.000   Value=0x00000002
T4F98 000:627.036 - 0.294ms returns 0
T4F98 000:627.054 JLINK_CORESIGHT_WriteAPDPReg(AP reg 0x00, 0x80000002)
T4F98 000:627.247 - 0.193ms returns 0
T4F98 000:627.275 JLINK_CORESIGHT_WriteAPDPReg(AP reg 0x01, 0x80011120)
T4F98 000:627.468 - 0.193ms returns 0
T4F98 000:627.496 JLINK_CORESIGHT_WriteAPDPReg(AP reg 0x03, 0x3A010001)
T4F98 000:627.686 - 0.190ms returns 0
T4F98 000:627.714 JLINK_CORESIGHT_WriteAPDPReg(AP reg 0x00, 0x80000002)
T4F98 000:627.920 - 0.206ms returns 0
T4F98 000:627.947 JLINK_CORESIGHT_WriteAPDPReg(AP reg 0x01, 0x80011140)
T4F98 000:628.139 - 0.191ms returns 0
T4F98 000:628.165 JLINK_CORESIGHT_ReadAPDPReg(AP reg 0x03)
T4F98 000:628.399   Value=0x00000002
T4F98 000:628.434 - 0.268ms returns 0
T4F98 000:628.453 JLINK_CORESIGHT_WriteAPDPReg(AP reg 0x00, 0x80000002)
T4F98 000:628.642 - 0.188ms returns 0
T4F98 000:628.670 JLINK_CORESIGHT_WriteAPDPReg(AP reg 0x01, 0x80011120)
T4F98 000:628.863 - 0.193ms returns 0
T4F98 000:628.891 JLINK_CORESIGHT_WriteAPDPReg(AP reg 0x03, 0x000003C5)
T4F98 000:629.071 - 0.180ms returns 0
T4F98 000:629.098 JLINK_CORESIGHT_WriteAPDPReg(AP reg 0x00, 0x80000002)
T4F98 000:629.293 - 0.194ms returns 0
T4F98 000:629.320 JLINK_CORESIGHT_WriteAPDPReg(AP reg 0x01, 0x80011140)
T4F98 000:629.510 - 0.189ms returns 0
T4F98 000:629.537 JLINK_CORESIGHT_ReadAPDPReg(AP reg 0x03)
T4F98 000:629.815   Value=0x00000000
T4F98 000:629.851 - 0.314ms returns 0
T4F98 000:629.870 JLINK_CORESIGHT_WriteAPDPReg(AP reg 0x00, 0x80000002)
T4F98 000:630.092 - 0.222ms returns 0
T4F98 000:630.120 JLINK_CORESIGHT_WriteAPDPReg(AP reg 0x01, 0x80011130)
T4F98 000:630.310 - 0.189ms returns 0
T4F98 000:630.337 JLINK_CORESIGHT_ReadAPDPReg(AP reg 0x03)
T4F98 000:630.580   Value=0x3A2A0081
T4F98 000:630.616 - 0.279ms returns 0
T4F98 000:630.635 JLINK_CORESIGHT_WriteAPDPReg(AP reg 0x00, 0x80000002)
T4F98 000:630.839 - 0.203ms returns 0
T4F98 000:630.865 JLINK_CORESIGHT_WriteAPDPReg(AP reg 0x01, 0x80011140)
T4F98 000:631.049 - 0.183ms returns 0
T4F98 000:631.075 JLINK_CORESIGHT_ReadAPDPReg(AP reg 0x03)
T4F98 000:631.310   Value=0x00000000
T4F98 000:631.347 - 0.271ms returns 0
T4F98 000:631.403 JLINK_CORESIGHT_WriteAPDPReg(AP reg 0x00, 0x80000002)
T4F98 000:631.585 - 0.182ms returns 0
T4F98 000:631.612 JLINK_CORESIGHT_WriteAPDPReg(AP reg 0x01, 0x80011130)
T4F98 000:631.812 - 0.200ms returns 0
T4F98 000:631.840 JLINK_CORESIGHT_ReadAPDPReg(AP reg 0x03)
T4F98 000:632.078   Value=0x808D5B00
T4F98 000:632.111 - 0.271ms returns 0
T4F98 000:632.132 JLINK_CORESIGHT_WriteAPDPReg(AP reg 0x00, 0x80000002)
T4F98 000:632.336 - 0.204ms returns 0
T4F98 000:632.364 JLINK_CORESIGHT_WriteAPDPReg(AP reg 0x01, 0x80011140)
T4F98 000:632.560 - 0.196ms returns 0
T4F98 000:632.588 JLINK_CORESIGHT_ReadAPDPReg(AP reg 0x03)
T4F98 000:632.838   Value=0x00000000
T4F98 000:632.872 - 0.284ms returns 0
T4F98 000:632.890 JLINK_CORESIGHT_WriteAPDPReg(AP reg 0x00, 0x80000002)
T4F98 000:633.082 - 0.191ms returns 0
T4F98 000:633.109 JLINK_CORESIGHT_WriteAPDPReg(AP reg 0x01, 0x80011130)
T4F98 000:633.309 - 0.200ms returns 0
T4F98 000:633.336 JLINK_CORESIGHT_ReadAPDPReg(AP reg 0x03)
T4F98 000:633.567   Value=0x0603030B
T4F98 000:633.603 - 0.267ms returns 0
T4F98 000:633.622 JLINK_CORESIGHT_WriteAPDPReg(AP reg 0x00, 0x80000002)
T4F98 000:633.813 - 0.191ms returns 0
T4F98 000:633.842 JLINK_CORESIGHT_WriteAPDPReg(AP reg 0x01, 0x80011140)
T4F98 000:634.026 - 0.183ms returns 0
T4F98 000:634.053 JLINK_CORESIGHT_ReadAPDPReg(AP reg 0x03)
T4F98 000:634.289   Value=0x00000000
T4F98 000:634.322 - 0.268ms returns 0
T4F98 000:634.342 JLINK_CORESIGHT_WriteAPDPReg(AP reg 0x00, 0x80000002)
T4F98 000:634.527 - 0.185ms returns 0
T4F98 000:634.553 JLINK_CORESIGHT_WriteAPDPReg(AP reg 0x01, 0x80011130)
T4F98 000:634.812 - 0.259ms returns 0
T4F98 000:634.844 JLINK_CORESIGHT_ReadAPDPReg(AP reg 0x03)
T4F98 000:635.087   Value=0x2E4B4E20
T4F98 000:635.120 - 0.275ms returns 0
T4F98 000:635.138 JLINK_CORESIGHT_WriteAPDPReg(AP reg 0x00, 0x80000002)
T4F98 000:635.335 - 0.197ms returns 0
T4F98 000:635.361 JLINK_CORESIGHT_WriteAPDPReg(AP reg 0x01, 0x80011140)
T4F98 000:635.568 - 0.206ms returns 0
T4F98 000:635.594 JLINK_CORESIGHT_ReadAPDPReg(AP reg 0x03)
T4F98 000:635.838   Value=0x00000000
T4F98 000:635.874 - 0.279ms returns 0
T4F98 000:635.892 JLINK_CORESIGHT_WriteAPDPReg(AP reg 0x00, 0x80000002)
T4F98 000:636.083 - 0.191ms returns 0
T4F98 000:636.109 JLINK_CORESIGHT_WriteAPDPReg(AP reg 0x01, 0x80011130)
T4F98 000:636.292 - 0.183ms returns 0
T4F98 000:636.320 JLINK_CORESIGHT_ReadAPDPReg(AP reg 0x03)
T4F98 000:636.561   Value=0x46D01EEA
T4F98 000:636.594 - 0.274ms returns 0
T4F98 000:636.613 JLINK_CORESIGHT_WriteAPDPReg(AP reg 0x00, 0x80000002)
T4F98 000:636.812 - 0.198ms returns 0
T4F98 000:636.840 JLINK_CORESIGHT_WriteAPDPReg(AP reg 0x01, 0x80011140)
T4F98 000:637.030 - 0.189ms returns 0
T4F98 000:637.057 JLINK_CORESIGHT_ReadAPDPReg(AP reg 0x03)
T4F98 000:637.284   Value=0x00000000
T4F98 000:637.317 - 0.260ms returns 0
T4F98 000:637.335 JLINK_CORESIGHT_WriteAPDPReg(AP reg 0x00, 0x80000002)
T4F98 000:637.530 - 0.195ms returns 0
T4F98 000:637.556 JLINK_CORESIGHT_WriteAPDPReg(AP reg 0x01, 0x80011130)
T4F98 000:637.813 - 0.256ms returns 0
T4F98 000:637.840 JLINK_CORESIGHT_ReadAPDPReg(AP reg 0x03)
T4F98 000:638.067   Value=0x31305853
T4F98 000:638.102 - 0.261ms returns 0
T4F98 000:638.120 JLINK_CORESIGHT_WriteAPDPReg(AP reg 0x00, 0x80000002)
T4F98 000:638.310 - 0.189ms returns 0
T4F98 000:638.337 JLINK_CORESIGHT_WriteAPDPReg(AP reg 0x01, 0x80011140)
T4F98 000:638.526 - 0.189ms returns 0
T4F98 000:638.555 JLINK_CORESIGHT_ReadAPDPReg(AP reg 0x03)
T4F98 000:638.812   Value=0x00000000
T4F98 000:638.845 - 0.290ms returns 0
T4F98 000:638.865 JLINK_CORESIGHT_WriteAPDPReg(AP reg 0x00, 0x80000002)
T4F98 000:639.079 - 0.214ms returns 0
T4F98 000:639.109 JLINK_CORESIGHT_WriteAPDPReg(AP reg 0x01, 0x80011130)
T4F98 000:639.310 - 0.200ms returns 0
T4F98 000:639.338 JLINK_CORESIGHT_ReadAPDPReg(AP reg 0x03)
T4F98 000:639.573   Value=0x78024333
T4F98 000:639.608 - 0.270ms returns 0
T4F98 000:639.627 JLINK_CORESIGHT_WriteAPDPReg(AP reg 0x00, 0x80000002)
T4F98 000:639.812 - 0.186ms returns 0
T4F98 000:639.842 JLINK_CORESIGHT_WriteAPDPReg(AP reg 0x01, 0x80011140)
T4F98 000:640.029 - 0.187ms returns 0
T4F98 000:640.056 JLINK_CORESIGHT_ReadAPDPReg(AP reg 0x03)
T4F98 000:640.292   Value=0x00000000
T4F98 000:640.325 - 0.269ms returns 0
T4F98 000:640.343 JLINK_CORESIGHT_WriteAPDPReg(AP reg 0x00, 0x80000002)
T4F98 000:640.537 - 0.193ms returns 0
T4F98 000:640.563 JLINK_CORESIGHT_WriteAPDPReg(AP reg 0x01, 0x80011130)
T4F98 000:640.813 - 0.249ms returns 0
T4F98 000:640.841 JLINK_CORESIGHT_ReadAPDPReg(AP reg 0x03)
T4F98 000:641.069   Value=0x46375291
T4F98 000:641.103 - 0.261ms returns 0
T4F98 000:641.124 JLINK_CORESIGHT_WriteAPDPReg(AP reg 0x00, 0x80000002)
T4F98 000:641.309 - 0.185ms returns 0
T4F98 000:641.337 JLINK_CORESIGHT_WriteAPDPReg(AP reg 0x01, 0x80011140)
T4F98 000:641.530 - 0.192ms returns 0
T4F98 000:641.557 JLINK_CORESIGHT_ReadAPDPReg(AP reg 0x03)
T4F98 000:641.813   Value=0x00000000
T4F98 000:641.846 - 0.289ms returns 0
T4F98 000:641.865 JLINK_CORESIGHT_WriteAPDPReg(AP reg 0x00, 0x80000002)
T4F98 000:642.048 - 0.183ms returns 0
T4F98 000:642.074 JLINK_CORESIGHT_WriteAPDPReg(AP reg 0x01, 0x80011130)
T4F98 000:642.259 - 0.185ms returns 0
T4F98 000:642.286 JLINK_CORESIGHT_ReadAPDPReg(AP reg 0x03)
T4F98 000:642.525   Value=0x31453841
T4F98 000:642.559 - 0.273ms returns 0
T4F98 000:642.577 JLINK_CORESIGHT_WriteAPDPReg(AP reg 0x00, 0x80000002)
T4F98 000:642.828 - 0.250ms returns 0
T4F98 000:642.864 JLINK_CORESIGHT_WriteAPDPReg(AP reg 0x01, 0x80011140)
T4F98 000:643.054 - 0.190ms returns 0
T4F98 000:643.082 JLINK_CORESIGHT_ReadAPDPReg(AP reg 0x03)
T4F98 000:643.316   Value=0x00000000
T4F98 000:643.352 - 0.270ms returns 0
T4F98 000:643.371 JLINK_CORESIGHT_WriteAPDPReg(AP reg 0x00, 0x80000002)
T4F98 000:643.559 - 0.188ms returns 0
T4F98 000:643.587 JLINK_CORESIGHT_WriteAPDPReg(AP reg 0x01, 0x80011130)
T4F98 000:643.820 - 0.232ms returns 0
T4F98 000:643.847 JLINK_CORESIGHT_ReadAPDPReg(AP reg 0x03)
T4F98 000:644.100   Value=0x43444641
T4F98 000:644.133 - 0.286ms returns 0
T4F98 000:644.151 JLINK_CORESIGHT_WriteAPDPReg(AP reg 0x00, 0x80000002)
T4F98 000:644.334 - 0.183ms returns 0
T4F98 000:644.361 JLINK_CORESIGHT_WriteAPDPReg(AP reg 0x01, 0x80011140)
T4F98 000:644.561 - 0.199ms returns 0
T4F98 000:644.588 JLINK_CORESIGHT_ReadAPDPReg(AP reg 0x03)
T4F98 000:644.840   Value=0x00000000
T4F98 000:644.875 - 0.287ms returns 0
T4F98 000:644.895 JLINK_CORESIGHT_WriteAPDPReg(AP reg 0x00, 0x80000002)
T4F98 000:645.082 - 0.187ms returns 0
T4F98 000:645.109 JLINK_CORESIGHT_WriteAPDPReg(AP reg 0x01, 0x80011130)
T4F98 000:645.310 - 0.200ms returns 0
T4F98 000:645.338 JLINK_CORESIGHT_ReadAPDPReg(AP reg 0x03)
T4F98 000:645.578   Value=0x20204246
T4F98 000:645.611 - 0.273ms returns 0
T4F98 000:645.630 JLINK_CORESIGHT_WriteAPDPReg(AP reg 0x00, 0x80000002)
T4F98 000:645.855 - 0.224ms returns 0
T4F98 000:645.893 JLINK_CORESIGHT_WriteAPDPReg(AP reg 0x01, 0x80011140)
T4F98 000:646.084 - 0.190ms returns 0
T4F98 000:646.114 JLINK_CORESIGHT_ReadAPDPReg(AP reg 0x03)
T4F98 000:646.360   Value=0x00000000
T4F98 000:646.396 - 0.281ms returns 0
T4F98 000:646.416 JLINK_CORESIGHT_WriteAPDPReg(AP reg 0x00, 0x80000002)
T4F98 000:646.607 - 0.191ms returns 0
T4F98 000:646.635 JLINK_CORESIGHT_WriteAPDPReg(AP reg 0x01, 0x80011130)
T4F98 000:646.813 - 0.177ms returns 0
T4F98 000:646.841 JLINK_CORESIGHT_ReadAPDPReg(AP reg 0x03)
T4F98 000:647.071   Value=0x0003D720
T4F98 000:647.106 - 0.265ms returns 0
T4F98 000:647.726 JLINK_CORESIGHT_WriteAPDPReg(AP reg 0x00, 0x80000002)
T4F98 000:647.926 - 0.199ms returns 0
T4F98 000:647.953 JLINK_CORESIGHT_WriteAPDPReg(AP reg 0x01, 0x80011140)
T4F98 000:648.141 - 0.187ms returns 0
T4F98 000:648.169 JLINK_CORESIGHT_ReadAPDPReg(AP reg 0x03)
T4F98 000:648.405   Value=0x00000002
T4F98 000:648.439 - 0.270ms returns 0
T4F98 000:648.458 JLINK_CORESIGHT_WriteAPDPReg(AP reg 0x00, 0x80000002)
T4F98 000:648.646 - 0.187ms returns 0
T4F98 000:648.674 JLINK_CORESIGHT_WriteAPDPReg(AP reg 0x01, 0x80011120)
T4F98 000:648.863 - 0.189ms returns 0
T4F98 000:648.890 JLINK_CORESIGHT_WriteAPDPReg(AP reg 0x03, 0x2C010001)
T4F98 000:649.115 - 0.225ms returns 0
T4F98 000:649.144 JLINK_CORESIGHT_WriteAPDPReg(AP reg 0x00, 0x80000002)
T4F98 000:649.334 - 0.190ms returns 0
T4F98 000:649.362 JLINK_CORESIGHT_WriteAPDPReg(AP reg 0x01, 0x80011140)
T4F98 000:649.561 - 0.198ms returns 0
T4F98 000:649.588 JLINK_CORESIGHT_ReadAPDPReg(AP reg 0x03)
T4F98 000:649.839   Value=0x00000002
T4F98 000:649.872 - 0.284ms returns 0
T4F98 000:649.891 JLINK_CORESIGHT_WriteAPDPReg(AP reg 0x00, 0x80000002)
T4F98 000:650.078 - 0.187ms returns 0
T4F98 000:650.106 JLINK_CORESIGHT_WriteAPDPReg(AP reg 0x01, 0x80011120)
T4F98 000:650.289 - 0.183ms returns 0
T4F98 000:650.317 JLINK_CORESIGHT_WriteAPDPReg(AP reg 0x03, 0x000003D3)
T4F98 000:650.504 - 0.187ms returns 0
T4F98 000:650.532 JLINK_CORESIGHT_WriteAPDPReg(AP reg 0x00, 0x80000002)
T4F98 000:650.723 - 0.190ms returns 0
T4F98 000:650.750 JLINK_CORESIGHT_WriteAPDPReg(AP reg 0x01, 0x80011140)
T4F98 000:651.051 - 0.301ms returns 0
T4F98 000:651.079 JLINK_CORESIGHT_ReadAPDPReg(AP reg 0x03)
T4F98 000:651.320   Value=0x00000002
T4F98 000:651.352 - 0.273ms returns 0
T4F98 000:651.371 JLINK_CORESIGHT_ReadAPDPReg(AP reg 0x03)
T4F98 000:651.609   Value=0x00000002
T4F98 000:651.642 - 0.271ms returns 0
T4F98 000:651.660 JLINK_CORESIGHT_ReadAPDPReg(AP reg 0x03)
T4F98 000:651.895   Value=0x00000002
T4F98 000:651.928 - 0.267ms returns 0
T4F98 000:651.946 JLINK_CORESIGHT_ReadAPDPReg(AP reg 0x03)
T4F98 000:652.185   Value=0x00000002
T4F98 000:652.218 - 0.272ms returns 0
T4F98 000:652.238 JLINK_CORESIGHT_ReadAPDPReg(AP reg 0x03)
T4F98 000:652.460   Value=0x00000002
T4F98 000:652.494 - 0.255ms returns 0
T4F98 000:652.515 JLINK_CORESIGHT_ReadAPDPReg(AP reg 0x03)
T4F98 000:652.893   Value=0x00000002
T4F98 000:652.937 - 0.422ms returns 0
T4F98 000:652.957 JLINK_CORESIGHT_ReadAPDPReg(AP reg 0x03)
T4F98 000:653.203   Value=0x00000002
T4F98 000:653.237 - 0.280ms returns 0
T4F98 000:653.257 JLINK_CORESIGHT_ReadAPDPReg(AP reg 0x03)
T4F98 000:653.484   Value=0x00000000
T4F98 000:653.518 - 0.261ms returns 0
T4F98 000:653.536 JLINK_CORESIGHT_WriteAPDPReg(AP reg 0x00, 0x80000002)
T4F98 000:653.727 - 0.191ms returns 0
T4F98 000:653.756 JLINK_CORESIGHT_WriteAPDPReg(AP reg 0x01, 0x80011130)
T4F98 000:653.948 - 0.191ms returns 0
T4F98 000:653.975 JLINK_CORESIGHT_ReadAPDPReg(AP reg 0x03)
T4F98 000:654.210   Value=0x2C020081
T4F98 000:654.245 - 0.270ms returns 0
T4F98 000:654.264 JLINK_CORESIGHT_WriteAPDPReg(AP reg 0x00, 0x80000002)
T4F98 000:654.460 - 0.196ms returns 0
T4F98 000:654.487 JLINK_CORESIGHT_WriteAPDPReg(AP reg 0x01, 0x80011140)
T4F98 000:654.675 - 0.187ms returns 0
T4F98 000:654.703 JLINK_CORESIGHT_ReadAPDPReg(AP reg 0x03)
T4F98 000:654.984   Value=0x00000000
T4F98 000:655.018 - 0.315ms returns 0
T4F98 000:655.038 JLINK_CORESIGHT_WriteAPDPReg(AP reg 0x00, 0x80000002)
T4F98 000:655.235 - 0.197ms returns 0
T4F98 000:655.262 JLINK_CORESIGHT_WriteAPDPReg(AP reg 0x01, 0x80011130)
T4F98 000:655.448 - 0.185ms returns 0
T4F98 000:655.475 JLINK_CORESIGHT_ReadAPDPReg(AP reg 0x03)
T4F98 000:655.716   Value=0x0003CE04
T4F98 000:655.749 - 0.274ms returns 0
T4F98 000:655.771 JLINK_CORESIGHT_WriteAPDPReg(AP reg 0x00, 0x80000002)
T4F98 000:655.971 - 0.201ms returns 0
T4F98 000:655.998 JLINK_CORESIGHT_WriteAPDPReg(AP reg 0x01, 0x80011140)
T4F98 000:656.185 - 0.187ms returns 0
T4F98 000:656.211 JLINK_CORESIGHT_ReadAPDPReg(AP reg 0x03)
T4F98 000:656.445   Value=0x00000002
T4F98 000:656.480 - 0.269ms returns 0
T4F98 000:656.499 JLINK_CORESIGHT_WriteAPDPReg(AP reg 0x00, 0x80000002)
T4F98 000:656.684 - 0.185ms returns 0
T4F98 000:656.712 JLINK_CORESIGHT_WriteAPDPReg(AP reg 0x01, 0x80011120)
T4F98 000:656.921 - 0.209ms returns 0
T4F98 000:656.949 JLINK_CORESIGHT_WriteAPDPReg(AP reg 0x03, 0x73010001)
T4F98 000:657.136 - 0.187ms returns 0
T4F98 000:657.164 JLINK_CORESIGHT_WriteAPDPReg(AP reg 0x00, 0x80000002)
T4F98 000:657.353 - 0.189ms returns 0
T4F98 000:657.380 JLINK_CORESIGHT_WriteAPDPReg(AP reg 0x01, 0x80011140)
T4F98 000:657.560 - 0.180ms returns 0
T4F98 000:657.616 JLINK_CORESIGHT_ReadAPDPReg(AP reg 0x03)
T4F98 000:657.987   Value=0x00000002
T4F98 000:658.023 - 0.406ms returns 0
T4F98 000:658.043 JLINK_CORESIGHT_WriteAPDPReg(AP reg 0x00, 0x80000002)
T4F98 000:658.234 - 0.191ms returns 0
T4F98 000:658.262 JLINK_CORESIGHT_WriteAPDPReg(AP reg 0x01, 0x80011120)
T4F98 000:658.447 - 0.184ms returns 0
T4F98 000:658.475 JLINK_CORESIGHT_WriteAPDPReg(AP reg 0x03, 0x0000038C)
T4F98 000:658.660 - 0.185ms returns 0
T4F98 000:658.687 JLINK_CORESIGHT_WriteAPDPReg(AP reg 0x00, 0x80000002)
T4F98 000:658.863 - 0.175ms returns 0
T4F98 000:658.890 JLINK_CORESIGHT_WriteAPDPReg(AP reg 0x01, 0x80011140)
T4F98 000:659.085 - 0.194ms returns 0
T4F98 000:659.114 JLINK_CORESIGHT_ReadAPDPReg(AP reg 0x03)
T4F98 000:659.360   Value=0x00000002
T4F98 000:659.395 - 0.281ms returns 0
T4F98 000:659.414 JLINK_CORESIGHT_ReadAPDPReg(AP reg 0x03)
T4F98 000:659.650   Value=0x00000002
T4F98 000:659.683 - 0.269ms returns 0
T4F98 000:659.701 JLINK_CORESIGHT_ReadAPDPReg(AP reg 0x03)
T4F98 000:659.985   Value=0x00000002
T4F98 000:660.018 - 0.317ms returns 0
T4F98 000:660.036 JLINK_CORESIGHT_ReadAPDPReg(AP reg 0x03)
T4F98 000:660.277   Value=0x00000002
T4F98 000:660.310 - 0.274ms returns 0
T4F98 000:660.328 JLINK_CORESIGHT_ReadAPDPReg(AP reg 0x03)
T4F98 000:660.565   Value=0x00000002
T4F98 000:660.598 - 0.269ms returns 0
T4F98 000:660.615 JLINK_CORESIGHT_ReadAPDPReg(AP reg 0x03)
T4F98 000:660.838   Value=0x00000002
T4F98 000:660.871 - 0.255ms returns 0
T4F98 000:660.891 JLINK_CORESIGHT_ReadAPDPReg(AP reg 0x03)
T4F98 000:661.130   Value=0x00000002
T4F98 000:661.164 - 0.273ms returns 0
T4F98 000:661.183 JLINK_CORESIGHT_ReadAPDPReg(AP reg 0x03)
T4F98 000:661.429   Value=0x00000002
T4F98 000:661.465 - 0.281ms returns 0
T4F98 000:661.483 JLINK_CORESIGHT_ReadAPDPReg(AP reg 0x03)
T4F98 000:661.717   Value=0x00000000
T4F98 000:661.751 - 0.268ms returns 0
T4F98 000:661.769 JLINK_CORESIGHT_WriteAPDPReg(AP reg 0x00, 0x80000002)
T4F98 000:661.956 - 0.186ms returns 0
T4F98 000:661.982 JLINK_CORESIGHT_WriteAPDPReg(AP reg 0x01, 0x80011130)
T4F98 000:662.171 - 0.189ms returns 0
T4F98 000:662.199 JLINK_CORESIGHT_ReadAPDPReg(AP reg 0x03)
T4F98 000:662.434   Value=0x73020081
T4F98 000:662.469 - 0.270ms returns 0
T4F98 000:662.490 JLINK_CORESIGHT_WriteAPDPReg(AP reg 0x00, 0x80000002)
T4F98 000:662.671 - 0.181ms returns 0
T4F98 000:662.698 JLINK_CORESIGHT_WriteAPDPReg(AP reg 0x01, 0x80011140)
T4F98 000:662.927 - 0.228ms returns 0
T4F98 000:662.953 JLINK_CORESIGHT_ReadAPDPReg(AP reg 0x03)
T4F98 000:663.197   Value=0x00000000
T4F98 000:663.230 - 0.276ms returns 0
T4F98 000:663.248 JLINK_CORESIGHT_WriteAPDPReg(AP reg 0x00, 0x80000002)
T4F98 000:663.443 - 0.194ms returns 0
T4F98 000:663.470 JLINK_CORESIGHT_WriteAPDPReg(AP reg 0x01, 0x80011130)
T4F98 000:663.656 - 0.186ms returns 0
T4F98 000:663.683 JLINK_CORESIGHT_ReadAPDPReg(AP reg 0x03)
T4F98 000:663.917   Value=0x00038902
T4F98 000:663.953 - 0.270ms returns 0
T4F98 000:663.974 JLINK_CORESIGHT_WriteAPDPReg(AP reg 0x00, 0x80000002)
T4F98 000:664.169 - 0.194ms returns 0
T4F98 000:664.195 JLINK_CORESIGHT_WriteAPDPReg(AP reg 0x01, 0x80011140)
T4F98 000:664.388 - 0.193ms returns 0
T4F98 000:664.415 JLINK_CORESIGHT_ReadAPDPReg(AP reg 0x03)
T4F98 000:664.653   Value=0x00000002
T4F98 000:664.688 - 0.273ms returns 0
T4F98 000:664.708 JLINK_CORESIGHT_WriteAPDPReg(AP reg 0x00, 0x80000002)
T4F98 000:664.969 - 0.261ms returns 0
T4F98 000:664.996 JLINK_CORESIGHT_WriteAPDPReg(AP reg 0x01, 0x80011120)
T4F98 000:665.184 - 0.187ms returns 0
T4F98 000:665.211 JLINK_CORESIGHT_WriteAPDPReg(AP reg 0x03, 0x75010001)
T4F98 000:665.403 - 0.191ms returns 0
T4F98 000:665.430 JLINK_CORESIGHT_WriteAPDPReg(AP reg 0x00, 0x80000002)
T4F98 000:665.623 - 0.193ms returns 0
T4F98 000:665.650 JLINK_CORESIGHT_WriteAPDPReg(AP reg 0x01, 0x80011140)
T4F98 000:665.845 - 0.194ms returns 0
T4F98 000:665.871 JLINK_CORESIGHT_ReadAPDPReg(AP reg 0x03)
T4F98 000:666.103   Value=0x00000002
T4F98 000:666.139 - 0.267ms returns 0
T4F98 000:666.196 JLINK_CORESIGHT_WriteAPDPReg(AP reg 0x00, 0x80000002)
T4F98 000:666.387 - 0.191ms returns 0
T4F98 000:666.415 JLINK_CORESIGHT_WriteAPDPReg(AP reg 0x01, 0x80011120)
T4F98 000:666.599 - 0.183ms returns 0
T4F98 000:666.627 JLINK_CORESIGHT_WriteAPDPReg(AP reg 0x03, 0x0000038A)
T4F98 000:666.813 - 0.186ms returns 0
T4F98 000:666.841 JLINK_CORESIGHT_WriteAPDPReg(AP reg 0x00, 0x80000002)
T4F98 000:667.026 - 0.185ms returns 0
T4F98 000:667.053 JLINK_CORESIGHT_WriteAPDPReg(AP reg 0x01, 0x80011140)
T4F98 000:667.246 - 0.192ms returns 0
T4F98 000:667.273 JLINK_CORESIGHT_ReadAPDPReg(AP reg 0x03)
T4F98 000:667.507   Value=0x00000002
T4F98 000:667.540 - 0.266ms returns 0
T4F98 000:667.558 JLINK_CORESIGHT_ReadAPDPReg(AP reg 0x03)
T4F98 000:667.812   Value=0x00000002
T4F98 000:667.845 - 0.287ms returns 0
T4F98 000:667.863 JLINK_CORESIGHT_ReadAPDPReg(AP reg 0x03)
T4F98 000:668.097   Value=0x00000002
T4F98 000:668.129 - 0.266ms returns 0
T4F98 000:668.147 JLINK_CORESIGHT_ReadAPDPReg(AP reg 0x03)
T4F98 000:668.385   Value=0x00000002
T4F98 000:668.417 - 0.270ms returns 0
T4F98 000:668.435 JLINK_CORESIGHT_ReadAPDPReg(AP reg 0x03)
T4F98 000:668.673   Value=0x00000002
T4F98 000:668.706 - 0.270ms returns 0
T4F98 000:668.725 JLINK_CORESIGHT_ReadAPDPReg(AP reg 0x03)
T4F98 000:668.977   Value=0x00000002
T4F98 000:669.011 - 0.286ms returns 0
T4F98 000:669.031 JLINK_CORESIGHT_ReadAPDPReg(AP reg 0x03)
T4F98 000:669.261   Value=0x00000002
T4F98 000:669.296 - 0.265ms returns 0
T4F98 000:669.314 JLINK_CORESIGHT_ReadAPDPReg(AP reg 0x03)
T4F98 000:669.548   Value=0x00000002
T4F98 000:669.581 - 0.266ms returns 0
T4F98 000:669.599 JLINK_CORESIGHT_ReadAPDPReg(AP reg 0x03)
T4F98 000:669.845   Value=0x00000002
T4F98 000:669.878 - 0.279ms returns 0
T4F98 000:669.896 JLINK_CORESIGHT_ReadAPDPReg(AP reg 0x03)
T4F98 000:670.132   Value=0x00000002
T4F98 000:670.165 - 0.268ms returns 0
T4F98 000:670.183 JLINK_CORESIGHT_ReadAPDPReg(AP reg 0x03)
T4F98 000:670.420   Value=0x00000002
T4F98 000:670.453 - 0.269ms returns 0
T4F98 000:670.472 JLINK_CORESIGHT_ReadAPDPReg(AP reg 0x03)
T4F98 000:670.709   Value=0x00000000
T4F98 000:670.743 - 0.271ms returns 0
T4F98 000:670.764 JLINK_CORESIGHT_WriteAPDPReg(AP reg 0x00, 0x80000002)
T4F98 000:670.953 - 0.189ms returns 0
T4F98 000:670.981 JLINK_CORESIGHT_WriteAPDPReg(AP reg 0x01, 0x80011130)
T4F98 000:671.168 - 0.187ms returns 0
T4F98 000:671.194 JLINK_CORESIGHT_ReadAPDPReg(AP reg 0x03)
T4F98 000:671.429   Value=0x75020081
T4F98 000:671.463 - 0.269ms returns 0
T4F98 000:671.482 JLINK_CORESIGHT_WriteAPDPReg(AP reg 0x00, 0x80000002)
T4F98 000:671.716 - 0.234ms returns 0
T4F98 000:671.744 JLINK_CORESIGHT_WriteAPDPReg(AP reg 0x01, 0x80011140)
T4F98 000:671.929 - 0.184ms returns 0
T4F98 000:671.956 JLINK_CORESIGHT_ReadAPDPReg(AP reg 0x03)
T4F98 000:672.191   Value=0x00000000
T4F98 000:672.224 - 0.268ms returns 0
T4F98 000:672.242 JLINK_CORESIGHT_WriteAPDPReg(AP reg 0x00, 0x80000002)
T4F98 000:672.434 - 0.191ms returns 0
T4F98 000:672.461 JLINK_CORESIGHT_WriteAPDPReg(AP reg 0x01, 0x80011130)
T4F98 000:672.646 - 0.185ms returns 0
T4F98 000:672.675 JLINK_CORESIGHT_ReadAPDPReg(AP reg 0x03)
T4F98 000:672.976   Value=0x00038702
T4F98 000:673.009 - 0.334ms returns 0
T4F98 000:673.037 JLINK_CORESIGHT_WriteAPDPReg(AP reg 0x00, 0x80000002)
T4F98 000:673.234 - 0.197ms returns 0
T4F98 000:673.263 JLINK_CORESIGHT_WriteAPDPReg(AP reg 0x01, 0x80011140)
T4F98 000:673.448 - 0.184ms returns 0
T4F98 000:673.476 JLINK_CORESIGHT_ReadAPDPReg(AP reg 0x03)
T4F98 000:673.732   Value=0x00000002
T4F98 000:673.774 - 0.298ms returns 0
T4F98 000:673.795 JLINK_CORESIGHT_WriteAPDPReg(AP reg 0x00, 0x80000002)
T4F98 000:673.990 - 0.195ms returns 0
T4F98 000:674.022 JLINK_CORESIGHT_WriteAPDPReg(AP reg 0x01, 0x80011120)
T4F98 000:674.213 - 0.191ms returns 0
T4F98 000:674.242 JLINK_CORESIGHT_WriteAPDPReg(AP reg 0x03, 0x4F010001)
T4F98 000:674.434 - 0.191ms returns 0
T4F98 000:674.462 JLINK_CORESIGHT_WriteAPDPReg(AP reg 0x00, 0x80000002)
T4F98 000:674.653 - 0.191ms returns 0
T4F98 000:674.685 JLINK_CORESIGHT_WriteAPDPReg(AP reg 0x01, 0x80011140)
T4F98 000:674.892 - 0.206ms returns 0
T4F98 000:674.924 JLINK_CORESIGHT_ReadAPDPReg(AP reg 0x03)
T4F98 000:675.160   Value=0x00000002
T4F98 000:675.195 - 0.270ms returns 0
T4F98 000:675.217 JLINK_CORESIGHT_WriteAPDPReg(AP reg 0x00, 0x80000002)
T4F98 000:675.456 - 0.238ms returns 0
T4F98 000:675.488 JLINK_CORESIGHT_WriteAPDPReg(AP reg 0x01, 0x80011120)
T4F98 000:675.655 - 0.166ms returns 0
T4F98 000:675.684 JLINK_CORESIGHT_WriteAPDPReg(AP reg 0x03, 0x000003B0)
T4F98 000:675.856 - 0.172ms returns 0
T4F98 000:675.887 JLINK_CORESIGHT_WriteAPDPReg(AP reg 0x00, 0x80000002)
T4F98 000:676.055 - 0.167ms returns 0
T4F98 000:676.084 JLINK_CORESIGHT_WriteAPDPReg(AP reg 0x01, 0x80011140)
T4F98 000:676.250 - 0.166ms returns 0
T4F98 000:676.278 JLINK_CORESIGHT_ReadAPDPReg(AP reg 0x03)
T4F98 000:676.496   Value=0x00000002
T4F98 000:676.530 - 0.252ms returns 0
T4F98 000:676.552 JLINK_CORESIGHT_ReadAPDPReg(AP reg 0x03)
T4F98 000:676.807   Value=0x00000002
T4F98 000:676.845 - 0.293ms returns 0
T4F98 000:676.865 JLINK_CORESIGHT_ReadAPDPReg(AP reg 0x03)
T4F98 000:677.088   Value=0x00000002
T4F98 000:677.122 - 0.257ms returns 0
T4F98 000:677.141 JLINK_CORESIGHT_ReadAPDPReg(AP reg 0x03)
T4F98 000:677.351   Value=0x00000002
T4F98 000:677.384 - 0.243ms returns 0
T4F98 000:677.406 JLINK_CORESIGHT_ReadAPDPReg(AP reg 0x03)
T4F98 000:677.625   Value=0x00000002
T4F98 000:677.661 - 0.254ms returns 0
T4F98 000:677.680 JLINK_CORESIGHT_ReadAPDPReg(AP reg 0x03)
T4F98 000:677.884   Value=0x00000000
T4F98 000:677.917 - 0.237ms returns 0
T4F98 000:677.939 JLINK_CORESIGHT_WriteAPDPReg(AP reg 0x00, 0x80000002)
T4F98 000:678.117 - 0.178ms returns 0
T4F98 000:678.145 JLINK_CORESIGHT_WriteAPDPReg(AP reg 0x01, 0x80011130)
T4F98 000:678.411 - 0.266ms returns 0
T4F98 000:678.440 JLINK_CORESIGHT_ReadAPDPReg(AP reg 0x03)
T4F98 000:678.819   Value=0x4F0B0081
T4F98 000:678.855 - 0.415ms returns 0
T4F98 000:678.878 JLINK_CORESIGHT_WriteAPDPReg(AP reg 0x00, 0x80000002)
T4F98 000:679.045 - 0.167ms returns 0
T4F98 000:679.074 JLINK_CORESIGHT_WriteAPDPReg(AP reg 0x01, 0x80011140)
T4F98 000:679.234 - 0.159ms returns 0
T4F98 000:679.263 JLINK_CORESIGHT_ReadAPDPReg(AP reg 0x03)
T4F98 000:679.586   Value=0x00000000
T4F98 000:679.619 - 0.357ms returns 0
T4F98 000:679.642 JLINK_CORESIGHT_WriteAPDPReg(AP reg 0x00, 0x80000002)
T4F98 000:679.803 - 0.161ms returns 0
T4F98 000:679.833 JLINK_CORESIGHT_WriteAPDPReg(AP reg 0x01, 0x80011130)
T4F98 000:679.993 - 0.160ms returns 0
T4F98 000:680.022 JLINK_CORESIGHT_ReadAPDPReg(AP reg 0x03)
T4F98 000:680.242   Value=0x20000000
T4F98 000:680.277 - 0.254ms returns 0
T4F98 000:680.299 JLINK_CORESIGHT_WriteAPDPReg(AP reg 0x00, 0x80000002)
T4F98 000:680.542 - 0.242ms returns 0
T4F98 000:680.585 JLINK_CORESIGHT_WriteAPDPReg(AP reg 0x01, 0x80011140)
T4F98 000:680.806 - 0.220ms returns 0
T4F98 000:680.840 JLINK_CORESIGHT_ReadAPDPReg(AP reg 0x03)
T4F98 000:681.059   Value=0x00000000
T4F98 000:681.092 - 0.252ms returns 0
T4F98 000:681.112 JLINK_CORESIGHT_WriteAPDPReg(AP reg 0x00, 0x80000002)
T4F98 000:681.282 - 0.170ms returns 0
T4F98 000:681.310 JLINK_CORESIGHT_WriteAPDPReg(AP reg 0x01, 0x80011130)
T4F98 000:681.474 - 0.164ms returns 0
T4F98 000:681.502 JLINK_CORESIGHT_ReadAPDPReg(AP reg 0x03)
T4F98 000:681.720   Value=0x00000000
T4F98 000:681.755 - 0.253ms returns 0
T4F98 000:681.775 JLINK_CORESIGHT_WriteAPDPReg(AP reg 0x00, 0x80000002)
T4F98 000:681.946 - 0.171ms returns 0
T4F98 000:681.977 JLINK_CORESIGHT_WriteAPDPReg(AP reg 0x01, 0x80011140)
T4F98 000:682.151 - 0.173ms returns 0
T4F98 000:682.183 JLINK_CORESIGHT_ReadAPDPReg(AP reg 0x03)
T4F98 000:682.415   Value=0x00000000
T4F98 000:682.451 - 0.267ms returns 0
T4F98 000:682.472 JLINK_CORESIGHT_WriteAPDPReg(AP reg 0x00, 0x80000002)
T4F98 000:682.635 - 0.163ms returns 0
T4F98 000:682.664 JLINK_CORESIGHT_WriteAPDPReg(AP reg 0x01, 0x80011130)
T4F98 000:682.830 - 0.166ms returns 0
T4F98 000:682.864 JLINK_CORESIGHT_ReadAPDPReg(AP reg 0x03)
T4F98 000:683.087   Value=0x03860000
T4F98 000:683.125 - 0.261ms returns 0
T4F98 000:683.718 JLINK_CORESIGHT_ReadAPDPReg(DP reg 0x01)
T4F98 000:683.914   Value=0xF0000F40
T4F98 000:683.948 - 0.230ms returns 0
T4F98 000:683.966 JLINK_CORESIGHT_WriteAPDPReg(DP reg 0x01, 0xA0000F40)
T4F98 000:684.137 - 0.171ms returns 0
T4F98 000:684.166 JLINK_CORESIGHT_ReadAPDPReg(DP reg 0x01)
T4F98 000:684.353   Value=0x00000F40
T4F98 000:684.389 - 0.222ms returns 0
T4F98 000:684.407 JLINK_ClrRESET()
T4F98 000:684.620 - 0.212ms
T4F98 000:794.166 JLINK_Close()
T4F98 000:806.865 - 12.698ms
T4F98 000:806.953   
T4F98 000:806.979   Closed
