T4EB8 000:006.153   SEGGER J-Link V8.12f Log File
T4EB8 000:006.422   DLL Compiled: Feb 12 2025 13:34:40
T4EB8 000:006.454   Logging started @ 2025-04-17 11:44
T4EB8 000:006.482   Process: C:\Users\a5124973\.eclipse\com.renesas.platform_1977601266\DebugComp\RA\e2-server-gdb.exe
T4EB8 000:006.521 - 6.513ms 
T4EB8 000:006.567 JLINK_GetDLLVersion()
T4EB8 000:006.600 - 0.033ms returns 81206
T4EB8 000:024.807 JLINK_OpenEx(...)
T4EB8 000:058.256   Looking for J-Link GUI Server exe at: C:\Users\a5124973\.eclipse\com.renesas.platform_1977601266\DebugComp\RA\ARM\Segger_v8.12.6\JLinkGUIServer.exe
T4EB8 000:058.881   Looking for J-Link GUI Server exe at: C:\Users\a5124973\SEGGER\JLink_V794g\JLinkGUIServer.exe
T4EB8 000:364.541   Failed to connect to J-Link GUI Server.
T4EB8 000:383.534   Firmware: J-Link OB-RA4M2 compiled Feb 11 2025 17:15:41
T4EB8 000:385.085   Firmware: J-Link OB-RA4M2 compiled Feb 11 2025 17:15:41
T4EB8 000:401.035   Hardware: V1.00
T4EB8 000:401.470   S/N: 1084050377
T4EB8 000:401.745   OEM: SEGGER
T4EB8 000:401.979   Feature(s): None
T4EB8 000:405.398   Bootloader: 2021 May 14
T4EB8 000:407.040   USB speed mode: Full speed (12 MBit/s)
T4EB8 000:407.834   TELNET listener socket opened on port 19021
T4EB8 000:408.350   WEBSRV WEBSRV_Init(): Starting webserver thread(s)
T4EB8 000:408.903   WEBSRV Webserver running on local port 19080
T4EB8 000:409.007 - 384.193ms returns "O.K."
T4EB8 000:409.321 JLINK_TIF_Select(JLINKARM_TIF_SWD)
T4EB8 000:411.886 - 2.560ms returns 0x00
T4EB8 000:412.461 JLINK_ClrRESET()
T4EB8 000:413.480 - 1.015ms 
T4EB8 000:464.261 JLINK_SetSpeed(1500)
T4EB8 000:464.672 - 0.450ms 
T4EB8 000:464.786 JLINK_CORESIGHT_Configure(PerformTIFInit=0)
T4EB8 000:465.529 - 0.746ms returns 0
T4EB8 000:466.327 JLINK_CORESIGHT_ReadAPDPReg(DP reg 0x00)
T4EB8 000:467.708   Value=0x6BA02477
T4EB8 000:467.936 - 1.655ms returns 0
T4EB8 000:467.990 JLINK_CORESIGHT_WriteAPDPReg(DP reg 0x00, 0x0000001F)
T4EB8 000:468.585 - 0.595ms returns 0
T4EB8 000:468.686 JLINK_CORESIGHT_ReadAPDPReg(DP reg 0x00)
T4EB8 000:469.179   Value=0x6BA02477
T4EB8 000:469.491 - 0.804ms returns 0
T4EB8 000:469.569 JLINK_CORESIGHT_WriteAPDPReg(DP reg 0x02, 0x00000000)
T4EB8 000:470.084 - 0.515ms returns 0
T4EB8 000:470.232 JLINK_CORESIGHT_WriteAPDPReg(DP reg 0x01, 0x50000000)
T4EB8 000:470.642 - 0.410ms returns 0
T4EB8 000:470.749 JLINK_CORESIGHT_ReadAPDPReg(DP reg 0x01)
T4EB8 000:471.131   Value=0xF0000040
T4EB8 000:471.206 - 0.457ms returns 0
T4EB8 000:471.241 JLINK_CORESIGHT_WriteAPDPReg(DP reg 0x00, 0x0000001F)
T4EB8 000:471.529 - 0.287ms returns 0
T4EB8 000:471.615 JLINK_CORESIGHT_ReadAPDPReg(DP reg 0x00)
T4EB8 000:471.988   Value=0x6BA02477
T4EB8 000:472.068 - 0.452ms returns 0
T4EB8 000:472.114 JLINK_CORESIGHT_WriteAPDPReg(DP reg 0x01, 0x54000000)
T4EB8 000:472.468 - 0.353ms returns 0
T4EB8 000:472.535 JLINK_CORESIGHT_WriteAPDPReg(DP reg 0x01, 0x50000F00)
T4EB8 000:472.875 - 0.340ms returns 0
T4EB8 000:472.928 JLINK_CORESIGHT_WriteAPDPReg(DP reg 0x02, 0x01000000)
T4EB8 000:473.392 - 0.464ms returns 0
T4EB8 000:473.459 JLINK_CORESIGHT_WriteAPDPReg(AP reg 0x00, 0x80000002)
T4EB8 000:473.972 - 0.511ms returns 0
T4EB8 000:474.048 JLINK_CORESIGHT_WriteAPDPReg(AP reg 0x01, 0x80011100)
T4EB8 000:474.402 - 0.352ms returns 0
T4EB8 000:474.463 JLINK_CORESIGHT_WriteAPDPReg(AP reg 0x03, 0x000000A5)
T4EB8 000:474.819 - 0.355ms returns 0
T4EB8 000:474.867 JLINK_CORESIGHT_WriteAPDPReg(AP reg 0x00, 0x80000002)
T4EB8 000:475.121 - 0.253ms returns 0
T4EB8 000:475.176 JLINK_CORESIGHT_WriteAPDPReg(AP reg 0x01, 0x80011100)
T4EB8 000:475.517 - 0.341ms returns 0
T4EB8 000:475.565 JLINK_CORESIGHT_ReadAPDPReg(AP reg 0x03)
T4EB8 000:476.036   Value=0x000000A5
T4EB8 000:476.095 - 0.529ms returns 0
T4EB8 000:476.138 JLINK_ClrTMS()
T4EB8 000:476.328 - 0.199ms 
T4EB8 000:482.051 JLINK_SetTCK()
T4EB8 000:482.352 - 0.298ms returns 0
T4EB8 000:488.019 JLINK_SetRESET()
T4EB8 000:488.384 - 0.363ms 
T4EB8 000:688.975 JLINK_CORESIGHT_WriteAPDPReg(AP reg 0x00, 0x80000002)
T4EB8 000:689.766 - 0.790ms returns 0
T4EB8 000:691.121 JLINK_CORESIGHT_WriteAPDPReg(AP reg 0x01, 0x80011100)
T4EB8 000:691.910 - 0.790ms returns 0
T4EB8 000:692.019 JLINK_CORESIGHT_ReadAPDPReg(AP reg 0x03)
T4EB8 000:692.518   Value=0x00000000
T4EB8 000:692.630 - 0.611ms returns 0
T4EB8 000:692.677 JLINK_CORESIGHT_WriteAPDPReg(AP reg 0x00, 0x80000002)
T4EB8 000:693.431 - 0.750ms returns 0
T4EB8 000:693.889 JLINK_CORESIGHT_WriteAPDPReg(AP reg 0x01, 0x80011140)
T4EB8 000:695.004 - 1.102ms returns 0
T4EB8 000:695.272 JLINK_CORESIGHT_ReadAPDPReg(AP reg 0x03)
T4EB8 000:695.884   Value=0x00000002
T4EB8 000:696.313 - 1.028ms returns 0
T4EB8 000:696.666 JLINK_CORESIGHT_WriteAPDPReg(AP reg 0x00, 0x80000002)
T4EB8 000:697.461 - 0.793ms returns 0
T4EB8 000:697.714 JLINK_CORESIGHT_WriteAPDPReg(AP reg 0x01, 0x80011120)
T4EB8 000:698.332 - 0.612ms returns 0
T4EB8 000:698.504 JLINK_CORESIGHT_WriteAPDPReg(AP reg 0x03, 0x00000055)
T4EB8 000:699.038 - 0.530ms returns 0
T4EB8 000:699.172 JLINK_CORESIGHT_WriteAPDPReg(AP reg 0x00, 0x80000002)
T4EB8 000:699.576 - 0.403ms returns 0
T4EB8 000:699.670 JLINK_CORESIGHT_WriteAPDPReg(AP reg 0x01, 0x80011140)
T4EB8 000:700.082 - 0.411ms returns 0
T4EB8 000:700.306 JLINK_CORESIGHT_ReadAPDPReg(AP reg 0x03)
T4EB8 000:700.772   Value=0x00000000
T4EB8 000:700.935 - 0.627ms returns 0
T4EB8 000:700.985 JLINK_CORESIGHT_WriteAPDPReg(AP reg 0x00, 0x80000002)
T4EB8 000:701.336 - 0.350ms returns 0
T4EB8 000:701.431 JLINK_CORESIGHT_WriteAPDPReg(AP reg 0x01, 0x80011130)
T4EB8 000:701.906 - 0.459ms returns 0
T4EB8 000:702.014 JLINK_CORESIGHT_ReadAPDPReg(AP reg 0x03)
T4EB8 000:702.438   Value=0x000000C6
T4EB8 000:702.569 - 0.554ms returns 0
T4EB8 000:702.708 JLINK_CORESIGHT_WriteAPDPReg(AP reg 0x00, 0x80000002)
T4EB8 000:703.160 - 0.454ms returns 0
T4EB8 000:703.249 JLINK_CORESIGHT_WriteAPDPReg(AP reg 0x01, 0x80011140)
T4EB8 000:703.596 - 0.345ms returns 0
T4EB8 000:703.854 JLINK_CORESIGHT_ReadAPDPReg(AP reg 0x03)
T4EB8 000:704.920   Value=0x00000002
T4EB8 000:705.171 - 1.316ms returns 0
T4EB8 000:705.231 JLINK_CORESIGHT_WriteAPDPReg(AP reg 0x00, 0x80000002)
T4EB8 000:705.845 - 0.619ms returns 0
T4EB8 000:705.933 JLINK_CORESIGHT_WriteAPDPReg(AP reg 0x01, 0x80011120)
T4EB8 000:706.302 - 0.369ms returns 0
T4EB8 000:706.359 JLINK_CORESIGHT_WriteAPDPReg(AP reg 0x03, 0x3A010001)
T4EB8 000:706.649 - 0.290ms returns 0
T4EB8 000:706.701 JLINK_CORESIGHT_WriteAPDPReg(AP reg 0x00, 0x80000002)
T4EB8 000:707.054 - 0.353ms returns 0
T4EB8 000:707.109 JLINK_CORESIGHT_WriteAPDPReg(AP reg 0x01, 0x80011140)
T4EB8 000:707.444 - 0.335ms returns 0
T4EB8 000:707.501 JLINK_CORESIGHT_ReadAPDPReg(AP reg 0x03)
T4EB8 000:707.841   Value=0x00000002
T4EB8 000:707.902 - 0.401ms returns 0
T4EB8 000:707.939 JLINK_CORESIGHT_WriteAPDPReg(AP reg 0x00, 0x80000002)
T4EB8 000:708.256 - 0.317ms returns 0
T4EB8 000:708.304 JLINK_CORESIGHT_WriteAPDPReg(AP reg 0x01, 0x80011120)
T4EB8 000:708.699 - 0.394ms returns 0
T4EB8 000:708.757 JLINK_CORESIGHT_WriteAPDPReg(AP reg 0x03, 0x000003C5)
T4EB8 000:709.103 - 0.346ms returns 0
T4EB8 000:709.157 JLINK_CORESIGHT_WriteAPDPReg(AP reg 0x00, 0x80000002)
T4EB8 000:709.519 - 0.362ms returns 0
T4EB8 000:709.570 JLINK_CORESIGHT_WriteAPDPReg(AP reg 0x01, 0x80011140)
T4EB8 000:709.930 - 0.359ms returns 0
T4EB8 000:710.071 JLINK_CORESIGHT_ReadAPDPReg(AP reg 0x03)
T4EB8 000:710.735   Value=0x00000002
T4EB8 000:711.402 - 1.326ms returns 0
T4EB8 000:711.467 JLINK_CORESIGHT_ReadAPDPReg(AP reg 0x03)
T4EB8 000:712.152   Value=0x00000002
T4EB8 000:712.541 - 1.068ms returns 0
T4EB8 000:712.642 JLINK_CORESIGHT_ReadAPDPReg(AP reg 0x03)
T4EB8 000:713.273   Value=0x00000000
T4EB8 000:713.470 - 0.828ms returns 0
T4EB8 000:713.521 JLINK_CORESIGHT_WriteAPDPReg(AP reg 0x00, 0x80000002)
T4EB8 000:713.971 - 0.449ms returns 0
T4EB8 000:714.150 JLINK_CORESIGHT_WriteAPDPReg(AP reg 0x01, 0x80011130)
T4EB8 000:714.653 - 0.502ms returns 0
T4EB8 000:714.806 JLINK_CORESIGHT_ReadAPDPReg(AP reg 0x03)
T4EB8 000:715.433   Value=0x3A2A0081
T4EB8 000:715.563 - 0.757ms returns 0
T4EB8 000:715.634 JLINK_CORESIGHT_WriteAPDPReg(AP reg 0x00, 0x80000002)
T4EB8 000:716.172 - 0.537ms returns 0
T4EB8 000:716.250 JLINK_CORESIGHT_WriteAPDPReg(AP reg 0x01, 0x80011140)
T4EB8 000:716.573 - 0.323ms returns 0
T4EB8 000:716.637 JLINK_CORESIGHT_ReadAPDPReg(AP reg 0x03)
T4EB8 000:717.053   Value=0x00000000
T4EB8 000:717.176 - 0.538ms returns 0
T4EB8 000:717.262 JLINK_CORESIGHT_WriteAPDPReg(AP reg 0x00, 0x80000002)
T4EB8 000:718.265 - 0.999ms returns 0
T4EB8 000:718.902 JLINK_CORESIGHT_WriteAPDPReg(AP reg 0x01, 0x80011130)
T4EB8 000:720.022 - 1.120ms returns 0
T4EB8 000:720.376 JLINK_CORESIGHT_ReadAPDPReg(AP reg 0x03)
T4EB8 000:721.393   Value=0x808D5B00
T4EB8 000:721.722 - 1.346ms returns 0
T4EB8 000:721.808 JLINK_CORESIGHT_WriteAPDPReg(AP reg 0x00, 0x80000002)
T4EB8 000:722.478 - 0.671ms returns 0
T4EB8 000:722.575 JLINK_CORESIGHT_WriteAPDPReg(AP reg 0x01, 0x80011140)
T4EB8 000:723.046 - 0.461ms returns 0
T4EB8 000:723.338 JLINK_CORESIGHT_ReadAPDPReg(AP reg 0x03)
T4EB8 000:723.863   Value=0x00000000
T4EB8 000:724.469 - 1.128ms returns 0
T4EB8 000:724.648 JLINK_CORESIGHT_WriteAPDPReg(AP reg 0x00, 0x80000002)
T4EB8 000:725.253 - 0.606ms returns 0
T4EB8 000:725.347 JLINK_CORESIGHT_WriteAPDPReg(AP reg 0x01, 0x80011130)
T4EB8 000:725.716 - 0.369ms returns 0
T4EB8 000:725.786 JLINK_CORESIGHT_ReadAPDPReg(AP reg 0x03)
T4EB8 000:726.149   Value=0x0603030B
T4EB8 000:726.207 - 0.420ms returns 0
T4EB8 000:726.247 JLINK_CORESIGHT_WriteAPDPReg(AP reg 0x00, 0x80000002)
T4EB8 000:726.667 - 0.419ms returns 0
T4EB8 000:726.743 JLINK_CORESIGHT_WriteAPDPReg(AP reg 0x01, 0x80011140)
T4EB8 000:727.215 - 0.470ms returns 0
T4EB8 000:727.615 JLINK_CORESIGHT_ReadAPDPReg(AP reg 0x03)
T4EB8 000:728.979   Value=0x00000000
T4EB8 000:729.476 - 1.862ms returns 0
T4EB8 000:729.567 JLINK_CORESIGHT_WriteAPDPReg(AP reg 0x00, 0x80000002)
T4EB8 000:730.325 - 0.754ms returns 0
T4EB8 000:730.676 JLINK_CORESIGHT_WriteAPDPReg(AP reg 0x01, 0x80011130)
T4EB8 000:731.684 - 1.004ms returns 0
T4EB8 000:732.247 JLINK_CORESIGHT_ReadAPDPReg(AP reg 0x03)
T4EB8 000:733.287   Value=0x2F4B4E20
T4EB8 000:733.477 - 1.231ms returns 0
T4EB8 000:733.533 JLINK_CORESIGHT_WriteAPDPReg(AP reg 0x00, 0x80000002)
T4EB8 000:734.592 - 1.055ms returns 0
T4EB8 000:735.018 JLINK_CORESIGHT_WriteAPDPReg(AP reg 0x01, 0x80011140)
T4EB8 000:736.199 - 1.178ms returns 0
T4EB8 000:736.603 JLINK_CORESIGHT_ReadAPDPReg(AP reg 0x03)
T4EB8 000:737.412   Value=0x00000000
T4EB8 000:737.582 - 0.981ms returns 0
T4EB8 000:737.645 JLINK_CORESIGHT_WriteAPDPReg(AP reg 0x00, 0x80000002)
T4EB8 000:738.001 - 0.356ms returns 0
T4EB8 000:738.071 JLINK_CORESIGHT_WriteAPDPReg(AP reg 0x01, 0x80011130)
T4EB8 000:738.401 - 0.330ms returns 0
T4EB8 000:738.469 JLINK_CORESIGHT_ReadAPDPReg(AP reg 0x03)
T4EB8 000:738.836   Value=0x4795230A
T4EB8 000:738.936 - 0.466ms returns 0
T4EB8 000:738.992 JLINK_CORESIGHT_WriteAPDPReg(AP reg 0x00, 0x80000002)
T4EB8 000:739.357 - 0.364ms returns 0
T4EB8 000:739.450 JLINK_CORESIGHT_WriteAPDPReg(AP reg 0x01, 0x80011140)
T4EB8 000:739.913 - 0.463ms returns 0
T4EB8 000:739.991 JLINK_CORESIGHT_ReadAPDPReg(AP reg 0x03)
T4EB8 000:740.351   Value=0x00000000
T4EB8 000:740.416 - 0.425ms returns 0
T4EB8 000:740.452 JLINK_CORESIGHT_WriteAPDPReg(AP reg 0x00, 0x80000002)
T4EB8 000:740.841 - 0.381ms returns 0
T4EB8 000:740.921 JLINK_CORESIGHT_WriteAPDPReg(AP reg 0x01, 0x80011130)
T4EB8 000:741.300 - 0.377ms returns 0
T4EB8 000:741.362 JLINK_CORESIGHT_ReadAPDPReg(AP reg 0x03)
T4EB8 000:741.843   Value=0x39353553
T4EB8 000:741.910 - 0.548ms returns 0
T4EB8 000:741.944 JLINK_CORESIGHT_WriteAPDPReg(AP reg 0x00, 0x80000002)
T4EB8 000:742.340 - 0.396ms returns 0
T4EB8 000:742.394 JLINK_CORESIGHT_WriteAPDPReg(AP reg 0x01, 0x80011140)
T4EB8 000:742.825 - 0.431ms returns 0
T4EB8 000:742.888 JLINK_CORESIGHT_ReadAPDPReg(AP reg 0x03)
T4EB8 000:743.433   Value=0x00000000
T4EB8 000:743.541 - 0.653ms returns 0
T4EB8 000:743.591 JLINK_CORESIGHT_WriteAPDPReg(AP reg 0x00, 0x80000002)
T4EB8 000:744.145 - 0.552ms returns 0
T4EB8 000:744.415 JLINK_CORESIGHT_WriteAPDPReg(AP reg 0x01, 0x80011130)
T4EB8 000:745.027 - 0.612ms returns 0
T4EB8 000:745.409 JLINK_CORESIGHT_ReadAPDPReg(AP reg 0x03)
T4EB8 000:746.374   Value=0x78144333
T4EB8 000:746.686 - 1.277ms returns 0
T4EB8 000:746.736 JLINK_CORESIGHT_WriteAPDPReg(AP reg 0x00, 0x80000002)
T4EB8 000:747.302 - 0.565ms returns 0
T4EB8 000:747.446 JLINK_CORESIGHT_WriteAPDPReg(AP reg 0x01, 0x80011140)
T4EB8 000:747.972 - 0.525ms returns 0
T4EB8 000:748.141 JLINK_CORESIGHT_ReadAPDPReg(AP reg 0x03)
T4EB8 000:748.786   Value=0x00000000
T4EB8 000:748.912 - 0.771ms returns 0
T4EB8 000:748.983 JLINK_CORESIGHT_WriteAPDPReg(AP reg 0x00, 0x80000002)
T4EB8 000:749.480 - 0.497ms returns 0
T4EB8 000:749.575 JLINK_CORESIGHT_WriteAPDPReg(AP reg 0x01, 0x80011130)
T4EB8 000:750.030 - 0.455ms returns 0
T4EB8 000:750.129 JLINK_CORESIGHT_ReadAPDPReg(AP reg 0x03)
T4EB8 000:750.599   Value=0x463752A2
T4EB8 000:750.972 - 0.837ms returns 0
T4EB8 000:751.225 JLINK_CORESIGHT_WriteAPDPReg(AP reg 0x00, 0x80000002)
T4EB8 000:752.599 - 1.383ms returns 0
T4EB8 000:753.297 JLINK_CORESIGHT_WriteAPDPReg(AP reg 0x01, 0x80011140)
T4EB8 000:754.254 - 0.953ms returns 0
T4EB8 000:754.655 JLINK_CORESIGHT_ReadAPDPReg(AP reg 0x03)
T4EB8 000:755.400   Value=0x00000000
T4EB8 000:755.604 - 0.950ms returns 0
T4EB8 000:755.647 JLINK_CORESIGHT_WriteAPDPReg(AP reg 0x00, 0x80000002)
T4EB8 000:756.009 - 0.362ms returns 0
T4EB8 000:756.075 JLINK_CORESIGHT_WriteAPDPReg(AP reg 0x01, 0x80011130)
T4EB8 000:756.451 - 0.376ms returns 0
T4EB8 000:756.520 JLINK_CORESIGHT_ReadAPDPReg(AP reg 0x03)
T4EB8 000:756.888   Value=0x314D3841
T4EB8 000:756.963 - 0.442ms returns 0
T4EB8 000:756.997 JLINK_CORESIGHT_WriteAPDPReg(AP reg 0x00, 0x80000002)
T4EB8 000:757.343 - 0.345ms returns 0
T4EB8 000:757.406 JLINK_CORESIGHT_WriteAPDPReg(AP reg 0x01, 0x80011140)
T4EB8 000:757.837 - 0.430ms returns 0
T4EB8 000:757.897 JLINK_CORESIGHT_ReadAPDPReg(AP reg 0x03)
T4EB8 000:758.335   Value=0x00000000
T4EB8 000:758.392 - 0.494ms returns 0
T4EB8 000:758.438 JLINK_CORESIGHT_WriteAPDPReg(AP reg 0x00, 0x80000002)
T4EB8 000:758.814 - 0.375ms returns 0
T4EB8 000:758.867 JLINK_CORESIGHT_WriteAPDPReg(AP reg 0x01, 0x80011130)
T4EB8 000:759.222 - 0.355ms returns 0
T4EB8 000:759.279 JLINK_CORESIGHT_ReadAPDPReg(AP reg 0x03)
T4EB8 000:759.748   Value=0x43454841
T4EB8 000:759.832 - 0.553ms returns 0
T4EB8 000:759.868 JLINK_CORESIGHT_WriteAPDPReg(AP reg 0x00, 0x80000002)
T4EB8 000:760.633 - 0.757ms returns 0
T4EB8 000:761.557 JLINK_CORESIGHT_WriteAPDPReg(AP reg 0x01, 0x80011140)
T4EB8 000:762.873 - 1.319ms returns 0
T4EB8 000:763.110 JLINK_CORESIGHT_ReadAPDPReg(AP reg 0x03)
T4EB8 000:763.783   Value=0x00000000
T4EB8 000:764.045 - 0.934ms returns 0
T4EB8 000:764.140 JLINK_CORESIGHT_WriteAPDPReg(AP reg 0x00, 0x80000002)
T4EB8 000:764.659 - 0.514ms returns 0
T4EB8 000:764.878 JLINK_CORESIGHT_WriteAPDPReg(AP reg 0x01, 0x80011130)
T4EB8 000:765.331 - 0.453ms returns 0
T4EB8 000:765.494 JLINK_CORESIGHT_ReadAPDPReg(AP reg 0x03)
T4EB8 000:766.033   Value=0x20204442
T4EB8 000:766.160 - 0.666ms returns 0
T4EB8 000:766.216 JLINK_CORESIGHT_WriteAPDPReg(AP reg 0x00, 0x80000002)
T4EB8 000:766.600 - 0.383ms returns 0
T4EB8 000:766.691 JLINK_CORESIGHT_WriteAPDPReg(AP reg 0x01, 0x80011140)
T4EB8 000:767.117 - 0.426ms returns 0
T4EB8 000:767.206 JLINK_CORESIGHT_ReadAPDPReg(AP reg 0x03)
T4EB8 000:767.855   Value=0x00000000
T4EB8 000:768.694 - 1.481ms returns 0
T4EB8 000:768.896 JLINK_CORESIGHT_WriteAPDPReg(AP reg 0x00, 0x80000002)
T4EB8 000:770.119 - 1.220ms returns 0
T4EB8 000:770.486 JLINK_CORESIGHT_WriteAPDPReg(AP reg 0x01, 0x80011130)
T4EB8 000:771.611 - 1.120ms returns 0
T4EB8 000:772.023 JLINK_CORESIGHT_ReadAPDPReg(AP reg 0x03)
T4EB8 000:772.583   Value=0x0003D520
T4EB8 000:772.704 - 0.682ms returns 0
T4EB8 000:773.209 JLINK_CORESIGHT_WriteAPDPReg(AP reg 0x00, 0x80000002)
T4EB8 000:774.544 - 1.337ms returns 0
T4EB8 000:774.731 JLINK_CORESIGHT_WriteAPDPReg(AP reg 0x01, 0x80011140)
T4EB8 000:775.232 - 0.501ms returns 0
T4EB8 000:775.298 JLINK_CORESIGHT_ReadAPDPReg(AP reg 0x03)
T4EB8 000:775.852   Value=0x00000002
T4EB8 000:775.918 - 0.620ms returns 0
T4EB8 000:775.954 JLINK_CORESIGHT_WriteAPDPReg(AP reg 0x00, 0x80000002)
T4EB8 000:776.310 - 0.355ms returns 0
T4EB8 000:776.363 JLINK_CORESIGHT_WriteAPDPReg(AP reg 0x01, 0x80011120)
T4EB8 000:776.678 - 0.315ms returns 0
T4EB8 000:776.799 JLINK_CORESIGHT_WriteAPDPReg(AP reg 0x03, 0x2C010001)
T4EB8 000:777.244 - 0.438ms returns 0
T4EB8 000:777.689 JLINK_CORESIGHT_WriteAPDPReg(AP reg 0x00, 0x80000002)
T4EB8 000:778.544 - 0.853ms returns 0
T4EB8 000:779.009 JLINK_CORESIGHT_WriteAPDPReg(AP reg 0x01, 0x80011140)
T4EB8 000:779.897 - 0.889ms returns 0
T4EB8 000:780.507 JLINK_CORESIGHT_ReadAPDPReg(AP reg 0x03)
T4EB8 000:781.548   Value=0x00000002
T4EB8 000:781.804 - 1.295ms returns 0
T4EB8 000:781.900 JLINK_CORESIGHT_WriteAPDPReg(AP reg 0x00, 0x80000002)
T4EB8 000:782.631 - 0.726ms returns 0
T4EB8 000:783.358 JLINK_CORESIGHT_WriteAPDPReg(AP reg 0x01, 0x80011120)
T4EB8 000:784.077 - 0.718ms returns 0
T4EB8 000:784.572 JLINK_CORESIGHT_WriteAPDPReg(AP reg 0x03, 0x000003D3)
T4EB8 000:785.650 - 1.079ms returns 0
T4EB8 000:785.840 JLINK_CORESIGHT_WriteAPDPReg(AP reg 0x00, 0x80000002)
T4EB8 000:786.243 - 0.402ms returns 0
T4EB8 000:786.338 JLINK_CORESIGHT_WriteAPDPReg(AP reg 0x01, 0x80011140)
T4EB8 000:786.915 - 0.571ms returns 0
T4EB8 000:787.221 JLINK_CORESIGHT_ReadAPDPReg(AP reg 0x03)
T4EB8 000:788.027   Value=0x00000002
T4EB8 000:788.172 - 0.952ms returns 0
T4EB8 000:788.243 JLINK_CORESIGHT_ReadAPDPReg(AP reg 0x03)
T4EB8 000:788.724   Value=0x00000000
T4EB8 000:788.831 - 0.588ms returns 0
T4EB8 000:788.883 JLINK_CORESIGHT_WriteAPDPReg(AP reg 0x00, 0x80000002)
T4EB8 000:789.200 - 0.317ms returns 0
T4EB8 000:789.261 JLINK_CORESIGHT_WriteAPDPReg(AP reg 0x01, 0x80011130)
T4EB8 000:789.590 - 0.329ms returns 0
T4EB8 000:789.685 JLINK_CORESIGHT_ReadAPDPReg(AP reg 0x03)
T4EB8 000:790.076   Value=0x2C020081
T4EB8 000:790.155 - 0.468ms returns 0
T4EB8 000:790.195 JLINK_CORESIGHT_WriteAPDPReg(AP reg 0x00, 0x80000002)
T4EB8 000:790.544 - 0.348ms returns 0
T4EB8 000:790.600 JLINK_CORESIGHT_WriteAPDPReg(AP reg 0x01, 0x80011140)
T4EB8 000:790.954 - 0.353ms returns 0
T4EB8 000:791.011 JLINK_CORESIGHT_ReadAPDPReg(AP reg 0x03)
T4EB8 000:791.370   Value=0x00000000
T4EB8 000:791.429 - 0.417ms returns 0
T4EB8 000:791.464 JLINK_CORESIGHT_WriteAPDPReg(AP reg 0x00, 0x80000002)
T4EB8 000:791.825 - 0.361ms returns 0
T4EB8 000:791.881 JLINK_CORESIGHT_WriteAPDPReg(AP reg 0x01, 0x80011130)
T4EB8 000:792.222 - 0.341ms returns 0
T4EB8 000:792.296 JLINK_CORESIGHT_ReadAPDPReg(AP reg 0x03)
T4EB8 000:792.707   Value=0x0003CE04
T4EB8 000:792.789 - 0.493ms returns 0
T4EB8 000:792.878 JLINK_CORESIGHT_WriteAPDPReg(AP reg 0x00, 0x80000002)
T4EB8 000:793.186 - 0.307ms returns 0
T4EB8 000:793.247 JLINK_CORESIGHT_WriteAPDPReg(AP reg 0x01, 0x80011140)
T4EB8 000:793.690 - 0.443ms returns 0
T4EB8 000:794.131 JLINK_CORESIGHT_ReadAPDPReg(AP reg 0x03)
T4EB8 000:795.092   Value=0x00000002
T4EB8 000:795.480 - 1.350ms returns 0
T4EB8 000:795.587 JLINK_CORESIGHT_WriteAPDPReg(AP reg 0x00, 0x80000002)
T4EB8 000:796.576 - 0.987ms returns 0
T4EB8 000:796.806 JLINK_CORESIGHT_WriteAPDPReg(AP reg 0x01, 0x80011120)
T4EB8 000:797.329 - 0.523ms returns 0
T4EB8 000:797.457 JLINK_CORESIGHT_WriteAPDPReg(AP reg 0x03, 0x73010001)
T4EB8 000:797.902 - 0.445ms returns 0
T4EB8 000:797.995 JLINK_CORESIGHT_WriteAPDPReg(AP reg 0x00, 0x80000002)
T4EB8 000:798.404 - 0.408ms returns 0
T4EB8 000:798.490 JLINK_CORESIGHT_WriteAPDPReg(AP reg 0x01, 0x80011140)
T4EB8 000:799.024 - 0.533ms returns 0
T4EB8 000:799.089 JLINK_CORESIGHT_ReadAPDPReg(AP reg 0x03)
T4EB8 000:799.448   Value=0x00000002
T4EB8 000:799.519 - 0.431ms returns 0
T4EB8 000:799.554 JLINK_CORESIGHT_WriteAPDPReg(AP reg 0x00, 0x80000002)
T4EB8 000:799.982 - 0.425ms returns 0
T4EB8 000:800.074 JLINK_CORESIGHT_WriteAPDPReg(AP reg 0x01, 0x80011120)
T4EB8 000:800.496 - 0.418ms returns 0
T4EB8 000:800.908 JLINK_CORESIGHT_WriteAPDPReg(AP reg 0x03, 0x0000038C)
T4EB8 000:802.077 - 1.165ms returns 0
T4EB8 000:802.589 JLINK_CORESIGHT_WriteAPDPReg(AP reg 0x00, 0x80000002)
T4EB8 000:804.327 - 1.745ms returns 0
T4EB8 000:804.714 JLINK_CORESIGHT_WriteAPDPReg(AP reg 0x01, 0x80011140)
T4EB8 000:805.463 - 0.744ms returns 0
T4EB8 000:805.653 JLINK_CORESIGHT_ReadAPDPReg(AP reg 0x03)
T4EB8 000:806.171   Value=0x00000002
T4EB8 000:806.510 - 0.855ms returns 0
T4EB8 000:806.702 JLINK_CORESIGHT_ReadAPDPReg(AP reg 0x03)
T4EB8 000:807.717   Value=0x00000000
T4EB8 000:807.887 - 1.191ms returns 0
T4EB8 000:807.933 JLINK_CORESIGHT_WriteAPDPReg(AP reg 0x00, 0x80000002)
T4EB8 000:808.319 - 0.386ms returns 0
T4EB8 000:808.389 JLINK_CORESIGHT_WriteAPDPReg(AP reg 0x01, 0x80011130)
T4EB8 000:808.961 - 0.569ms returns 0
T4EB8 000:809.434 JLINK_CORESIGHT_ReadAPDPReg(AP reg 0x03)
T4EB8 000:810.346   Value=0x73020081
T4EB8 000:813.050 - 3.618ms returns 0
T4EB8 000:813.198 JLINK_CORESIGHT_WriteAPDPReg(AP reg 0x00, 0x80000002)
T4EB8 000:813.947 - 0.746ms returns 0
T4EB8 000:814.172 JLINK_CORESIGHT_WriteAPDPReg(AP reg 0x01, 0x80011140)
T4EB8 000:814.632 - 0.458ms returns 0
T4EB8 000:814.885 JLINK_CORESIGHT_ReadAPDPReg(AP reg 0x03)
T4EB8 000:815.379   Value=0x00000000
T4EB8 000:815.546 - 0.661ms returns 0
T4EB8 000:815.590 JLINK_CORESIGHT_WriteAPDPReg(AP reg 0x00, 0x80000002)
T4EB8 000:815.978 - 0.389ms returns 0
T4EB8 000:816.066 JLINK_CORESIGHT_WriteAPDPReg(AP reg 0x01, 0x80011130)
T4EB8 000:816.563 - 0.496ms returns 0
T4EB8 000:816.662 JLINK_CORESIGHT_ReadAPDPReg(AP reg 0x03)
T4EB8 000:817.095   Value=0x00038902
T4EB8 000:817.193 - 0.531ms returns 0
T4EB8 000:817.239 JLINK_CORESIGHT_WriteAPDPReg(AP reg 0x00, 0x80000002)
T4EB8 000:817.750 - 0.508ms returns 0
T4EB8 000:818.355 JLINK_CORESIGHT_WriteAPDPReg(AP reg 0x01, 0x80011140)
T4EB8 000:819.673 - 1.317ms returns 0
T4EB8 000:819.947 JLINK_CORESIGHT_ReadAPDPReg(AP reg 0x03)
T4EB8 000:820.463   Value=0x00000002
T4EB8 000:820.544 - 0.599ms returns 0
T4EB8 000:820.591 JLINK_CORESIGHT_WriteAPDPReg(AP reg 0x00, 0x80000002)
T4EB8 000:820.976 - 0.384ms returns 0
T4EB8 000:821.044 JLINK_CORESIGHT_WriteAPDPReg(AP reg 0x01, 0x80011120)
T4EB8 000:821.471 - 0.427ms returns 0
T4EB8 000:821.526 JLINK_CORESIGHT_WriteAPDPReg(AP reg 0x03, 0x75010001)
T4EB8 000:821.824 - 0.298ms returns 0
T4EB8 000:821.885 JLINK_CORESIGHT_WriteAPDPReg(AP reg 0x00, 0x80000002)
T4EB8 000:822.201 - 0.316ms returns 0
T4EB8 000:822.276 JLINK_CORESIGHT_WriteAPDPReg(AP reg 0x01, 0x80011140)
T4EB8 000:822.727 - 0.451ms returns 0
T4EB8 000:822.796 JLINK_CORESIGHT_ReadAPDPReg(AP reg 0x03)
T4EB8 000:823.149   Value=0x00000002
T4EB8 000:823.208 - 0.412ms returns 0
T4EB8 000:823.247 JLINK_CORESIGHT_WriteAPDPReg(AP reg 0x00, 0x80000002)
T4EB8 000:823.640 - 0.392ms returns 0
T4EB8 000:823.701 JLINK_CORESIGHT_WriteAPDPReg(AP reg 0x01, 0x80011120)
T4EB8 000:824.076 - 0.374ms returns 0
T4EB8 000:824.506 JLINK_CORESIGHT_WriteAPDPReg(AP reg 0x03, 0x0000038A)
T4EB8 000:824.987 - 0.481ms returns 0
T4EB8 000:825.056 JLINK_CORESIGHT_WriteAPDPReg(AP reg 0x00, 0x80000002)
T4EB8 000:825.523 - 0.467ms returns 0
T4EB8 000:825.575 JLINK_CORESIGHT_WriteAPDPReg(AP reg 0x01, 0x80011140)
T4EB8 000:825.969 - 0.393ms returns 0
T4EB8 000:826.035 JLINK_CORESIGHT_ReadAPDPReg(AP reg 0x03)
T4EB8 000:826.373   Value=0x00000002
T4EB8 000:826.438 - 0.405ms returns 0
T4EB8 000:826.473 JLINK_CORESIGHT_ReadAPDPReg(AP reg 0x03)
T4EB8 000:826.873   Value=0x00000002
T4EB8 000:826.974 - 0.500ms returns 0
T4EB8 000:827.032 JLINK_CORESIGHT_ReadAPDPReg(AP reg 0x03)
T4EB8 000:827.734   Value=0x00000002
T4EB8 000:828.218 - 1.185ms returns 0
T4EB8 000:828.326 JLINK_CORESIGHT_ReadAPDPReg(AP reg 0x03)
T4EB8 000:829.464   Value=0x00000000
T4EB8 000:829.728 - 1.398ms returns 0
T4EB8 000:829.828 JLINK_CORESIGHT_WriteAPDPReg(AP reg 0x00, 0x80000002)
T4EB8 000:830.674 - 0.842ms returns 0
T4EB8 000:831.243 JLINK_CORESIGHT_WriteAPDPReg(AP reg 0x01, 0x80011130)
T4EB8 000:832.090 - 0.854ms returns 0
T4EB8 000:832.281 JLINK_CORESIGHT_ReadAPDPReg(AP reg 0x03)
T4EB8 000:832.907   Value=0x75020081
T4EB8 000:833.037 - 0.756ms returns 0
T4EB8 000:833.170 JLINK_CORESIGHT_WriteAPDPReg(AP reg 0x00, 0x80000002)
T4EB8 000:833.611 - 0.441ms returns 0
T4EB8 000:833.669 JLINK_CORESIGHT_WriteAPDPReg(AP reg 0x01, 0x80011140)
T4EB8 000:834.065 - 0.394ms returns 0
T4EB8 000:834.209 JLINK_CORESIGHT_ReadAPDPReg(AP reg 0x03)
T4EB8 000:835.287   Value=0x00000000
T4EB8 000:836.459 - 2.243ms returns 0
T4EB8 000:836.836 JLINK_CORESIGHT_WriteAPDPReg(AP reg 0x00, 0x80000002)
T4EB8 000:837.907 - 1.070ms returns 0
T4EB8 000:838.542 JLINK_CORESIGHT_WriteAPDPReg(AP reg 0x01, 0x80011130)
T4EB8 000:839.330 - 0.786ms returns 0
T4EB8 000:839.567 JLINK_CORESIGHT_ReadAPDPReg(AP reg 0x03)
T4EB8 000:840.068   Value=0x00038702
T4EB8 000:840.148 - 0.582ms returns 0
T4EB8 000:840.197 JLINK_CORESIGHT_WriteAPDPReg(AP reg 0x00, 0x80000002)
T4EB8 000:840.625 - 0.425ms returns 0
T4EB8 000:840.687 JLINK_CORESIGHT_WriteAPDPReg(AP reg 0x01, 0x80011140)
T4EB8 000:841.029 - 0.342ms returns 0
T4EB8 000:841.092 JLINK_CORESIGHT_ReadAPDPReg(AP reg 0x03)
T4EB8 000:841.562   Value=0x00000002
T4EB8 000:841.642 - 0.550ms returns 0
T4EB8 000:841.682 JLINK_CORESIGHT_WriteAPDPReg(AP reg 0x00, 0x80000002)
T4EB8 000:841.997 - 0.316ms returns 0
T4EB8 000:842.060 JLINK_CORESIGHT_WriteAPDPReg(AP reg 0x01, 0x80011120)
T4EB8 000:842.319 - 0.258ms returns 0
T4EB8 000:842.379 JLINK_CORESIGHT_WriteAPDPReg(AP reg 0x03, 0x4F010001)
T4EB8 000:842.668 - 0.290ms returns 0
T4EB8 000:842.723 JLINK_CORESIGHT_WriteAPDPReg(AP reg 0x00, 0x80000002)
T4EB8 000:843.044 - 0.320ms returns 0
T4EB8 000:843.105 JLINK_CORESIGHT_WriteAPDPReg(AP reg 0x01, 0x80011140)
T4EB8 000:843.555 - 0.450ms returns 0
T4EB8 000:843.761 JLINK_CORESIGHT_ReadAPDPReg(AP reg 0x03)
T4EB8 000:844.828   Value=0x00000002
T4EB8 000:845.728 - 1.972ms returns 0
T4EB8 000:845.821 JLINK_CORESIGHT_WriteAPDPReg(AP reg 0x00, 0x80000002)
T4EB8 000:847.047 - 1.218ms returns 0
T4EB8 000:847.338 JLINK_CORESIGHT_WriteAPDPReg(AP reg 0x01, 0x80011120)
T4EB8 000:847.784 - 0.445ms returns 0
T4EB8 000:847.896 JLINK_CORESIGHT_WriteAPDPReg(AP reg 0x03, 0x000003B0)
T4EB8 000:848.397 - 0.499ms returns 0
T4EB8 000:848.529 JLINK_CORESIGHT_WriteAPDPReg(AP reg 0x00, 0x80000002)
T4EB8 000:849.135 - 0.605ms returns 0
T4EB8 000:849.240 JLINK_CORESIGHT_WriteAPDPReg(AP reg 0x01, 0x80011140)
T4EB8 000:849.629 - 0.385ms returns 0
T4EB8 000:849.762 JLINK_CORESIGHT_ReadAPDPReg(AP reg 0x03)
T4EB8 000:850.287   Value=0x00000002
T4EB8 000:850.704 - 0.939ms returns 0
T4EB8 000:850.894 JLINK_CORESIGHT_ReadAPDPReg(AP reg 0x03)
T4EB8 000:852.220   Value=0x00000000
T4EB8 000:853.214 - 2.313ms returns 0
T4EB8 000:853.460 JLINK_CORESIGHT_WriteAPDPReg(AP reg 0x00, 0x80000002)
T4EB8 000:854.606 - 1.144ms returns 0
T4EB8 000:854.899 JLINK_CORESIGHT_WriteAPDPReg(AP reg 0x01, 0x80011130)
T4EB8 000:855.482 - 0.584ms returns 0
T4EB8 000:855.571 JLINK_CORESIGHT_ReadAPDPReg(AP reg 0x03)
T4EB8 000:856.063   Value=0x4F0B0081
T4EB8 000:856.130 - 0.562ms returns 0
T4EB8 000:856.169 JLINK_CORESIGHT_WriteAPDPReg(AP reg 0x00, 0x80000002)
T4EB8 000:856.499 - 0.331ms returns 0
T4EB8 000:856.555 JLINK_CORESIGHT_WriteAPDPReg(AP reg 0x01, 0x80011140)
T4EB8 000:856.980 - 0.424ms returns 0
T4EB8 000:857.073 JLINK_CORESIGHT_ReadAPDPReg(AP reg 0x03)
T4EB8 000:857.552   Value=0x00000000
T4EB8 000:857.639 - 0.565ms returns 0
T4EB8 000:857.681 JLINK_CORESIGHT_WriteAPDPReg(AP reg 0x00, 0x80000002)
T4EB8 000:858.090 - 0.408ms returns 0
T4EB8 000:858.153 JLINK_CORESIGHT_WriteAPDPReg(AP reg 0x01, 0x80011130)
T4EB8 000:858.421 - 0.268ms returns 0
T4EB8 000:858.485 JLINK_CORESIGHT_ReadAPDPReg(AP reg 0x03)
T4EB8 000:858.832   Value=0x20000000
T4EB8 000:858.912 - 0.427ms returns 0
T4EB8 000:858.950 JLINK_CORESIGHT_WriteAPDPReg(AP reg 0x00, 0x80000002)
T4EB8 000:859.230 - 0.279ms returns 0
T4EB8 000:859.290 JLINK_CORESIGHT_WriteAPDPReg(AP reg 0x01, 0x80011140)
T4EB8 000:859.689 - 0.399ms returns 0
T4EB8 000:859.749 JLINK_CORESIGHT_ReadAPDPReg(AP reg 0x03)
T4EB8 000:860.196   Value=0x00000000
T4EB8 000:860.661 - 0.907ms returns 0
T4EB8 000:860.902 JLINK_CORESIGHT_WriteAPDPReg(AP reg 0x00, 0x80000002)
T4EB8 000:861.916 - 1.016ms returns 0
T4EB8 000:862.289 JLINK_CORESIGHT_WriteAPDPReg(AP reg 0x01, 0x80011130)
T4EB8 000:862.991 - 0.700ms returns 0
T4EB8 000:863.117 JLINK_CORESIGHT_ReadAPDPReg(AP reg 0x03)
T4EB8 000:863.655   Value=0x00000000
T4EB8 000:863.846 - 0.727ms returns 0
T4EB8 000:863.972 JLINK_CORESIGHT_WriteAPDPReg(AP reg 0x00, 0x80000002)
T4EB8 000:864.387 - 0.400ms returns 0
T4EB8 000:864.537 JLINK_CORESIGHT_WriteAPDPReg(AP reg 0x01, 0x80011140)
T4EB8 000:865.168 - 0.630ms returns 0
T4EB8 000:865.306 JLINK_CORESIGHT_ReadAPDPReg(AP reg 0x03)
T4EB8 000:865.825   Value=0x00000000
T4EB8 000:865.913 - 0.607ms returns 0
T4EB8 000:865.976 JLINK_CORESIGHT_WriteAPDPReg(AP reg 0x00, 0x80000002)
T4EB8 000:866.296 - 0.321ms returns 0
T4EB8 000:866.354 JLINK_CORESIGHT_WriteAPDPReg(AP reg 0x01, 0x80011130)
T4EB8 000:866.695 - 0.340ms returns 0
T4EB8 000:866.760 JLINK_CORESIGHT_ReadAPDPReg(AP reg 0x03)
T4EB8 000:867.166   Value=0x03860000
T4EB8 000:867.292 - 0.531ms returns 0
T4EB8 000:867.865 JLINK_CORESIGHT_ReadAPDPReg(DP reg 0x01)
T4EB8 000:869.531   Value=0xF0000F40
T4EB8 000:870.023 - 2.158ms returns 0
T4EB8 000:870.093 JLINK_CORESIGHT_WriteAPDPReg(DP reg 0x01, 0xA0000F40)
T4EB8 000:871.236 - 1.139ms returns 0
T4EB8 000:871.706 JLINK_CORESIGHT_ReadAPDPReg(DP reg 0x01)
T4EB8 000:872.560   Value=0x00000F40
T4EB8 000:872.743 - 1.040ms returns 0
T4EB8 000:872.787 JLINK_ClrRESET()
T4EB8 000:873.321 - 0.532ms 
T4EB8 000:980.122 JLINK_Close()
T4EB8 000:993.430 - 13.311ms
T4EB8 000:993.524   
T4EB8 000:993.553   Closed
