T4A58 000:000.751   SEGGER J-Link V7.98b Log File
T4A58 000:000.869   DLL Compiled: Jul 31 2024 16:10:46
T4A58 000:000.883   Logging started @ 2024-09-12 02:36
T4A58 000:000.897   Process: C:\Users\trung.tran-quoc\.eclipse\com.renesas.platform_32995968\DebugComp\RA\e2-server-gdb.exe
T4A58 000:000.910 - 0.909ms
T4A58 000:000.931 JLINK_GetDLLVersion()
T4A58 000:000.945 - 0.014ms returns 79802
T4A58 000:005.493 JLINK_OpenEx(...)
T4A58 000:010.376   Firmware: J-Link OB-S124 compiled Jul  3 2024 17:03:07
T4A58 000:011.749   Firmware: J-Link OB-S124 compiled Jul  3 2024 17:03:07
T4A58 000:037.293   Hardware: V1.00
T4A58 000:037.343   S/N: 831772405
T4A58 000:037.360   OEM: SEGGER
T4A58 000:037.378   Feature(s): None
T4A58 000:038.325   Bootloader: 2019 Oct 15
T4A58 000:039.215   USB speed mode: Full speed (12 MBit/s)
T4A58 000:039.989   TELNET listener socket opened on port 19021
T4A58 000:040.136   WEBSRV WEBSRV_Init(): Starting webserver thread(s)
T4A58 000:040.273   WEBSRV Webserver running on local port 19080
T4A58 000:040.406   Looking for J-Link GUI Server exe at: C:\Users\trung.tran-quoc\.eclipse\com.renesas.platform_32995968\DebugComp\RA\ARM\Segger_v7.98.2\JLinkGUIServer.exe
T4A58 000:040.538   Looking for J-Link GUI Server exe at: C:\Users\trung.tran-quoc\SEGGER\JLink\JLinkGUIServer.exe
T4A58 000:341.665   Failed to connect to J-Link GUI Server.
T4A58 000:341.801 - 336.288ms returns "O.K."
T4A58 000:342.055 JLINK_ExecCommand("ProjectFile=C:\Users\trung.tran-quoc\fsp_git\ra-solutions-rvc\application_projects\r30an0384\LowPower_DataLogger_Sub_Module_EK_RA2L1/LowPower_DataLogger_Sub_Module_EK_RA2L1 Debug_Flat.jlink", ...). 
T4A58 000:378.105 - 36.054ms returns 0x00
T4A58 000:379.708 JLINK_ExecCommand("device=R7FA2L1AB", ...). 
T4A58 000:380.629   Flash bank @ 0x01010010: SFL: Parsing sectorization info from ELF file
T4A58 000:380.652     FlashDevice.SectorInfo[0]: .SectorSize = 0x00000024, .SectorStartAddr = 0x00000000
T4A58 000:380.668   FlashBank @0x01010010: Sectorization info from SFL ELF file ignored because sectorization override from DLL / XML file is active.
T4A58 000:380.780   Device "R7FA2L1AB" selected.
T4A58 000:383.943 - 4.212ms returns 0x00
T4A58 000:383.985 JLINK_ExecCommand("ScriptFile=C:\Users\trung.tran-quoc\fsp_git\ra-solutions-rvc\application_projects\r30an0384\LowPower_DataLogger_Sub_Module_EK_RA2L1/CM_low_power_debug.JLinkScript", ...). 
T4A58 000:386.702 - 2.717ms returns 0x00
T4A58 000:386.727 JLINK_ExecCommand("SetCPUConnectIDCODE = FFFFFFFFFFFFFFFFFFFFFFFFFFFFFFFF", ...). 
T4A58 000:386.745 - 0.005ms returns 0x00
T4A58 000:386.758 JLINK_TIF_GetAvailable(...)
T4A58 000:387.105 - 0.347ms
T4A58 000:387.129 JLINK_TIF_Select(JLINKARM_TIF_SWD)
T4A58 000:388.112 - 0.982ms returns 0x00
T4A58 000:388.128 JLINK_SetSpeed(4000)
T4A58 000:388.269 - 0.142ms
T4A58 000:388.282 JLINK_SetEndian(ARM_ENDIAN_LITTLE)
T4A58 000:388.292 - 0.010ms returns 0
T4A58 000:388.303 JLINK_SetInitRegsOnReset(OFF)
T4A58 000:388.313 - 0.010ms returns 1
T4A58 000:388.325 JLINK_SetResetType(JLINKARM_RESET_TYPE_NORMAL)
T4A58 000:388.336 - 0.010ms returns JLINKARM_RESET_TYPE_NORMAL
T4A58 000:388.347 JLINK_ExecCommand("EnableFlashBPs", ...). 
T4A58 000:388.359 - 0.000ms returns 0x00
T4A58 000:388.370 JLINK_ExecCommand("SetAllowFlashCache = 0", ...). 
T4A58 000:388.382 - 0.000ms returns 0x01
T4A58 000:388.393 JLINK_ExecCommand("SetRestartOnClose = 0", ...). 
T4A58 000:388.405 - 0.001ms returns 0x01
T4A58 000:388.417 JLINK_EnableSoftBPs(ON)
T4A58 000:388.427 - 0.010ms
T4A58 000:388.439 JLINK_Connect()
T4A58 000:391.375   InitTarget() start
T4A58 000:391.400    J-Link Script File: Executing InitTarget()
T4A58 000:493.784   CPU is running
T4A58 000:496.324   Could not measure total IR len. TDO is constant high.
T4A58 000:498.957   Could not measure total IR len. TDO is constant high.
T4A58 000:501.476   Could not measure total IR len. TDO is constant high.
T4A58 000:503.990   Could not measure total IR len. TDO is constant high.
T4A58 000:506.577   Could not measure total IR len. TDO is constant high.
T4A58 000:509.205   Could not measure total IR len. TDO is constant high.
T4A58 000:511.732   Could not measure total IR len. TDO is constant high.
T4A58 000:514.368   Could not measure total IR len. TDO is constant high.
T4A58 000:516.966   Could not measure total IR len. TDO is constant high.
T4A58 000:519.521   Could not measure total IR len. TDO is constant high.
T4A58 000:522.223   Could not measure total IR len. TDO is constant high.
T4A58 000:524.705   Could not measure total IR len. TDO is constant high.
T4A58 000:527.277   Could not measure total IR len. TDO is constant high.
T4A58 000:528.568   CPU is running
T4A58 000:530.760   Could not measure total IR len. TDO is constant high.
T4A58 000:533.210   Could not measure total IR len. TDO is constant high.
T4A58 000:535.955   Could not measure total IR len. TDO is constant high.
T4A58 000:538.645   Could not measure total IR len. TDO is constant high.
T4A58 000:541.137   Could not measure total IR len. TDO is constant high.
T4A58 000:543.717   Could not measure total IR len. TDO is constant high.
T4A58 000:546.250   Could not measure total IR len. TDO is constant high.
T4A58 000:548.650   Could not measure total IR len. TDO is constant high.
T4A58 000:551.249   Could not measure total IR len. TDO is constant high.
T4A58 000:553.860   Could not measure total IR len. TDO is constant high.
T4A58 000:556.357   Could not measure total IR len. TDO is constant high.
T4A58 000:559.047   Could not measure total IR len. TDO is constant high.
T4A58 000:561.598   Could not measure total IR len. TDO is constant high.
T4A58 000:562.652   CPU is running
T4A58 000:564.448   Could not measure total IR len. TDO is constant high.
T4A58 000:566.930   Could not measure total IR len. TDO is constant high.
T4A58 000:569.491   Could not measure total IR len. TDO is constant high.
T4A58 000:571.970   Could not measure total IR len. TDO is constant high.
T4A58 000:574.433   Could not measure total IR len. TDO is constant high.
T4A58 000:577.024   Could not measure total IR len. TDO is constant high.
T4A58 000:579.441   Could not measure total IR len. TDO is constant high.
T4A58 000:581.920   Could not measure total IR len. TDO is constant high.
T4A58 000:584.582   Could not measure total IR len. TDO is constant high.
T4A58 000:586.974   Could not measure total IR len. TDO is constant high.
T4A58 000:589.603   Could not measure total IR len. TDO is constant high.
T4A58 000:592.454   Could not measure total IR len. TDO is constant high.
T4A58 000:594.971   Could not measure total IR len. TDO is constant high.
T4A58 000:596.151   InitTarget() end - Took 204ms
T4A58 000:597.218   Found SW-DP with ID 0x5BA02477
T4A58 001:199.766   Failed to power up DAP
T4A58 001:258.169   InitTarget() start
T4A58 001:258.211    J-Link Script File: Executing InitTarget()
T4A58 001:260.139   CPU is running
T4A58 001:261.174   CPU is running
T4A58 001:262.241   CPU is running
T4A58 001:263.458   InitTarget() end - Took 5.23ms
T4A58 001:264.628   Found SW-DP with ID 0x5BA02477
T4A58 001:269.149   DPIDR: 0x5BA02477
T4A58 001:269.170   CoreSight SoC-400 or earlier
T4A58 001:269.186   Scanning AP map to find all available APs
T4A58 001:271.397   AP[2]: Stopped AP scan as end of AP map has been reached
T4A58 001:271.457   AP[0]: AHB-AP (IDR: 0x74770001)
T4A58 001:271.473   AP[1]: APB-AP (IDR: 0x44770002)
T4A58 001:271.490   Iterating through AP map to find AHB-AP to use
T4A58 001:273.175   AP[0]: Core found
T4A58 001:273.198   AP[0]: AHB-AP ROM base: 0x4001A000
T4A58 001:274.015   CPUID register: 0x411CD200. Implementer code: 0x41 (ARM)
T4A58 001:274.033   Feature set: Baseline
T4A58 001:274.908   Cache: No cache
T4A58 001:274.926   Found Cortex-M23 r1p0, Little endian.
T4A58 001:275.582   -- Max. mem block: 0x00001AE8
T4A58 001:277.075   CPU_ReadMem(4 bytes @ 0xE000EDF0)
T4A58 001:278.010   CPU_ReadMem(4 bytes @ 0xE0002000)
T4A58 001:278.598   FPUnit: 4 code (BP) slots and 0 literal slots
T4A58 001:278.620   CPU_ReadMem(4 bytes @ 0xE000EDFC)
T4A58 001:279.394   CPU_WriteMem(4 bytes @ 0xE000EDFC)
T4A58 001:280.174   CPU_ReadMem(4 bytes @ 0xE0001000)
T4A58 001:280.898   CPU_ReadMem(4 bytes @ 0xE0001000)
T4A58 001:281.565   CPU_ReadMem(4 bytes @ 0xE0001028)
T4A58 001:282.201   CPU_ReadMem(4 bytes @ 0xE0001038)
T4A58 001:282.850   CPU_WriteMem(4 bytes @ 0xE0001000)
T4A58 001:283.507   CPU_ReadMem(4 bytes @ 0xE000ED88)
T4A58 001:284.262   CPU_WriteMem(4 bytes @ 0xE000ED88)
T4A58 001:285.076   CPU_ReadMem(4 bytes @ 0xE000ED88)
T4A58 001:285.788   CPU_WriteMem(4 bytes @ 0xE000ED88)
T4A58 001:286.470   CPU_ReadMem(4 bytes @ 0xE000EFB8)
T4A58 001:287.062   Security extension: not implemented
T4A58 001:287.084   CoreSight components:
T4A58 001:287.106   ROMTbl[0] @ 4001A000
T4A58 001:287.128   CPU_ReadMem(64 bytes @ 0x4001A000)
T4A58 001:288.452   CPU_ReadMem(32 bytes @ 0xE000EFE0)
T4A58 001:289.526   CPU_ReadMem(4 bytes @ 0xE000EFBC)
T4A58 001:290.300   CPU_ReadMem(4 bytes @ 0xE000EFCC)
T4A58 001:290.945   [0][0]: E000E000 CID B105900D PID 000BBD20 DEVARCH 47702A04 DEVTYPE 00 Cortex-M23
T4A58 001:290.970   CPU_ReadMem(32 bytes @ 0xE0001FE0)
T4A58 001:291.957   CPU_ReadMem(4 bytes @ 0xE0001FBC)
T4A58 001:292.593   CPU_ReadMem(4 bytes @ 0xE0001FCC)
T4A58 001:293.188   [0][1]: E0001000 CID B105900D PID 000BBD20 DEVARCH 47701A02 DEVTYPE 00 DWT
T4A58 001:293.217   CPU_ReadMem(32 bytes @ 0xE0002FE0)
T4A58 001:294.149   CPU_ReadMem(4 bytes @ 0xE0002FBC)
T4A58 001:294.902   CPU_ReadMem(4 bytes @ 0xE0002FCC)
T4A58 001:295.610   [0][2]: E0002000 CID B105900D PID 000BBD20 DEVARCH 47701A03 DEVTYPE 00 FPB
T4A58 001:295.649   CPU_ReadMem(32 bytes @ 0x40019FE0)
T4A58 001:296.584   CPU_ReadMem(4 bytes @ 0x40019FBC)
T4A58 001:297.285   CPU_ReadMem(4 bytes @ 0x40019FCC)
T4A58 001:298.093   [0][3]: 40019000 CID B105900D PID 000BBD20 DEVARCH 47710A31 DEVTYPE 31 MTB
T4A58 001:298.118   SetupTarget() start
T4A58 001:298.140    J-Link Script File: Executing SetupTarget()
T4A58 001:300.244   CPU is running
T4A58 001:300.270   CPU_WriteMem(2 bytes @ 0x4001E3FE)
T4A58 001:300.958   CPU is running
T4A58 001:300.983   CPU_WriteMem(1 bytes @ 0x4001E40E)
T4A58 001:301.677   CPU is running
T4A58 001:301.703   CPU_WriteMem(2 bytes @ 0x4001E3FE)
T4A58 001:302.410   SetupTarget() end - Took 4.26ms
T4A58 001:302.465 - 914.025ms returns 0x00
T4A58 001:302.493 JLINK_Halt()
T4A58 001:307.661 - 5.167ms returns 0x00
T4A58 001:307.697 JLINK_IsHalted()
T4A58 001:308.489 - 0.792ms returns TRUE
T4A58 001:308.517 JLINK_ResetPullsRESET(ON)
T4A58 001:308.537 - 0.020ms
T4A58 001:309.165 JLINK_Reset()
T4A58 001:309.265   CPU_WriteMem(4 bytes @ 0xE000EDF0)
T4A58 001:309.982   CPU_ReadMem(4 bytes @ 0xE000ED44)
T4A58 001:310.626   CPU_WriteMem(4 bytes @ 0xE000EDFC)
T4A58 001:311.283   Reset: Halt core after reset via DEMCR.VC_CORERESET.
T4A58 001:312.147   Reset: Reset device via AIRCR.SYSRESETREQ.
T4A58 001:312.196   CPU_WriteMem(4 bytes @ 0xE000ED0C)
T4A58 001:367.424   CPU_ReadMem(4 bytes @ 0xE000EDF0)
T4A58 001:368.250   CPU_ReadMem(4 bytes @ 0xE000EDF0)
T4A58 001:369.158   CPU_WriteMem(4 bytes @ 0xE000EDFC)
T4A58 001:376.013   CPU_ReadMem(4 bytes @ 0xE000EDF0)
T4A58 001:382.136   CPU_ReadMem(4 bytes @ 0xE000EE08)
T4A58 001:382.935   CPU_WriteMem(4 bytes @ 0xE0002000)
T4A58 001:383.860   CPU_ReadMem(4 bytes @ 0xE000EDFC)
T4A58 001:384.604   CPU_ReadMem(4 bytes @ 0xE0001000)
T4A58 001:385.339   CPU_WriteMem(4 bytes @ 0xE0001000)
T4A58 001:386.197   CPU_ReadMem(4 bytes @ 0xE000EE08)
T4A58 001:386.997 - 77.830ms
T4A58 001:389.145 JLINK_IsHalted()
T4A58 001:389.251 - 0.105ms returns TRUE
T4A58 001:390.060 JLINK_MeasureCPUSpeed(RAMAddr = 0xFFFFFFFF)
T4A58 001:390.153   CPU_ReadMem(16 bytes @ 0x20000000)
T4A58 001:391.188   CPU_ReadMem(64 bytes @ 0x20000000)
T4A58 001:392.773    -- Updating C cache (64 bytes @ 0x20000000)
T4A58 001:392.859    -- Read from C cache (6 bytes @ 0x20000000)
T4A58 001:392.923   CPU_ReadMem(4 bytes @ 0x40019004)
T4A58 001:393.685   CPU_ReadMem(4 bytes @ 0xE000ED90)
T4A58 001:394.419   CPU_ReadMem(4 bytes @ 0xE000ED94)
T4A58 001:395.168   CPU_WriteMem(16 bytes @ 0x20000000)
T4A58 001:396.225   CPU_WriteMem(6 bytes @ 0x20000000)
T4A58 001:397.101   CPU_ReadMem(64 bytes @ 0x20000000)
T4A58 001:398.629    -- Updating C cache (64 bytes @ 0x20000000)
T4A58 001:398.708    -- Read from C cache (6 bytes @ 0x20000000)
T4A58 001:398.779   CPU_ReadMem(4 bytes @ 0xE000EE08)
T4A58 001:399.562   CPU_WriteMem(4 bytes @ 0xE0002008)
T4A58 001:399.644   CPU_WriteMem(4 bytes @ 0xE000200C)
T4A58 001:399.703   CPU_WriteMem(4 bytes @ 0xE0002010)
T4A58 001:399.765   CPU_WriteMem(4 bytes @ 0xE0002014)
T4A58 001:410.881   CPU_WriteMem(4 bytes @ 0xE0002008)
T4A58 001:411.718   CPU_WriteMem(4 bytes @ 0xE000200C)
T4A58 001:412.429   CPU_WriteMem(4 bytes @ 0xE0002010)
T4A58 001:413.114   CPU_WriteMem(4 bytes @ 0xE0002014)
T4A58 001:413.937   CPU_ReadMem(4 bytes @ 0xE000EE08)
T4A58 001:414.595   CPU_ReadMem(4 bytes @ 0xE000EE08)
T4A58 001:415.243   CPU_ReadMem(4 bytes @ 0xE000EE08)
T4A58 001:445.085   CPU_WriteMem(6 bytes @ 0x20000000)
T4A58 001:445.956   ClockFreq: 499500 Hz
T4A58 001:446.000 - 55.941ms returns 499500
T4A58 001:446.038 JLINK_ReadReg(XPSR)
T4A58 001:446.073   CPU_ReadMem(4 bytes @ 0xE000EE08)
T4A58 001:446.790 - 0.751ms returns 0x41000000
T00C0 003:560.285 JLINK_ReadReg(XPSR)
T00C0 003:560.917   CPU_ReadMem(4 bytes @ 0xE000EE08)
T00C0 003:561.508 - 1.222ms returns 0x41000000
T00C0 003:590.218 JLINK_ReadReg(XPSR)
T00C0 003:590.267 - 0.049ms returns 0x41000000
T00C0 003:730.428 JLINK_BeginDownload(Flags = 0x00000000)
T00C0 003:730.476 - 0.048ms
T00C0 003:752.884 JLINK_WriteMem(0x00000000, 0xBD0 Bytes, ...)
T00C0 003:752.933   Data:  C0 17 00 20 B5 29 00 00 F9 26 00 00 B1 29 00 00 ...
T00C0 003:753.260   completely In flash
T00C0 003:753.295 - 0.410ms returns 0xBD0
T00C0 003:753.892 JLINK_WriteMem(0x00000BD0, 0xBB0 Bytes, ...)
T00C0 003:753.924   Data:  02 00 41 F2 F0 00 10 B5 08 21 C2 F2 00 00 01 F0 ...
T00C0 003:753.948   completely In flash
T00C0 003:753.967 - 0.075ms returns 0xBB0
T00C0 003:754.363 JLINK_WriteMem(0x00001780, 0xBB0 Bytes, ...)
T00C0 003:754.397   Data:  63 6A 00 2B E0 D0 01 22 00 21 20 00 FF F7 2C FE ...
T00C0 003:754.424   completely In flash
T00C0 003:754.444 - 0.081ms returns 0xBB0
T00C0 003:754.830 JLINK_WriteMem(0x00002330, 0xBC0 Bytes, ...)
T00C0 003:754.876   Data:  00 29 00 D1 73 E0 80 21 0B 43 43 F6 00 77 12 02 ...
T00C0 003:754.912   completely In flash
T00C0 003:754.940 - 0.111ms returns 0xBC0
T00C0 003:755.276 JLINK_WriteMem(0x00002EF0, 0xBB0 Bytes, ...)
T00C0 003:755.320   Data:  80 23 40 F2 00 09 40 F2 00 0A ED 00 DB 04 1D 43 ...
T00C0 003:755.347   completely In flash
T00C0 003:755.366 - 0.090ms returns 0xBB0
T00C0 003:755.695 JLINK_WriteMem(0x00003AA0, 0xBB0 Bytes, ...)
T00C0 003:755.716   Data:  1F 39 CD 40 20 28 05 D0 40 22 12 1A 93 40 5A 1E ...
T00C0 003:755.735   completely In flash
T00C0 003:755.754 - 0.059ms returns 0xBB0
T00C0 003:756.156 JLINK_WriteMem(0x00004650, 0xBB0 Bytes, ...)
T00C0 003:756.203   Data:  4A 46 B2 46 12 0C 90 46 51 44 41 44 8E 42 03 D9 ...
T00C0 003:756.242   completely In flash
T00C0 003:756.274 - 0.119ms returns 0xBB0
T00C0 003:756.680 JLINK_WriteMem(0x00005200, 0xB90 Bytes, ...)
T00C0 003:756.713   Data:  40 F2 FF 73 00 22 04 E5 00 2D 00 D1 C5 E5 BB 1B ...
T00C0 003:756.734   completely In flash
T00C0 003:756.753 - 0.074ms returns 0xB90
T00C0 003:757.065 JLINK_WriteMem(0x00005D90, 0xB9C Bytes, ...)
T00C0 003:757.095   Data:  49 00 09 5E 49 00 8E 44 03 BC 70 47 F8 B5 04 00 ...
T00C0 003:757.119   completely In flash
T00C0 003:757.138 - 0.072ms returns 0xB9C
T00C0 003:757.404 JLINK_WriteMem(0x0000692C, 0x9C Bytes, ...)
T00C0 003:757.440   Data:  00 00 88 50 20 C0 05 40 D0 0F 00 20 00 00 78 00 ...
T00C0 003:757.469   completely In flash
T00C0 003:757.488 - 0.083ms returns 0x9C
T00C0 003:757.709 JLINK_WriteMem(0x01010018, 0x1C Bytes, ...)
T00C0 003:757.736   Data:  FF FF FF FF FF FF FF FF FF FF FF FF FF FF FF FF ...
T00C0 003:758.070   completely In flash
T00C0 003:758.103 - 0.394ms returns 0x1C
T00C0 003:777.926 JLINK_EndDownload()
T00C0 003:778.418   CPU_ReadMem(4 bytes @ 0x40019004)
T00C0 003:779.472   CPU_ReadMem(4 bytes @ 0xE000ED90)
T00C0 003:780.624   CPU_ReadMem(4 bytes @ 0xE000ED94)
T00C0 003:781.295    -- --------------------------------------
T00C0 003:781.340    -- Start of determining flash info (Bank @ 0x01010010)
T00C0 003:781.360    -- End of determining flash info
T00C0 003:781.379    -- Start of determining dirty areas in flash cache
T00C0 003:781.399    -- Filling invalid ranges in sector buffer (flash cache) for sector @ 0x01010010 if necessary
T00C0 003:781.421    -- End of determining dirty areas
T00C0 003:781.439    -- Start of preparing flash programming
T00C0 003:781.458    -- Preparing RAMCode
T00C0 003:781.476    -- Calculating RAM usage
T00C0 003:781.494    -- RAM usage = 4560 Bytes
T00C0 003:781.512    -- Preserving CPU registers
T00C0 003:781.553    -- Preparing memory
T00C0 003:781.571    -- Determining CPU clock frequency
T00C0 003:826.418    -- CPU frequency = 499 kHz
T00C0 003:826.473    -- Preparing target
T00C0 003:826.492    -- Preserving target RAM temporarily used for programming
T00C0 003:879.982    -- Downloading RAMCode
T00C0 003:947.428    -- Initializing RAMCode (InitType: 3 = Verify)
T00C0 003:947.469    -- Executing Init(3)
T00C0 003:967.374    -- End of preparing flash programming
T00C0 003:967.449   
  ***** Warning: 
T00C0 003:967.490   CPU is running at very low speed (499 kHz). Readback will be performed instead of CRC calculation.
T00C0 003:967.531    -- CPU is running at 499 kHz.
T00C0 003:967.574    -- Start of comparing flash
T00C0 003:967.616    -- Flash algorithm supports a native verify function which is used to compare the flash content.
T00C0 003:967.673    -- Comparing range 0x1010010 - 0x1010033 (1 Sector, 36 Bytes), using verify function of the RAMCode
T00C0 003:970.374    -- Data matches for sector 0
T00C0 003:970.405    -- End of comparing flash
T00C0 003:970.424    -- Start of erasing sectors
T00C0 003:970.441    -- End of erasing sectors
T00C0 003:970.458    -- Start of flash programming
T00C0 003:970.475    -- End of flash programming
T00C0 003:970.491    -- Start of verifying flash
T00C0 003:970.508    -- End of verifying flash
T00C0 003:970.524    -- Start of restoring
T00C0 003:970.542    -- Executing UnInit()
T00C0 003:977.548    -- Restoring target memory
T00C0 004:024.498    -- Restoring CPU registers
T00C0 004:025.206    -- End of restoring
T00C0 004:025.243    -- Bank 0 @ 0x01010010: Skipped. Contents already match
T00C0 004:025.259    -- Bank 0 @ 0x01010010: Skipped. Contents already match
T00C0 004:025.277    -- --------------------------------------
T00C0 004:025.293    -- Flash bank @ 0x00000000: Default: L2 verify disabled because algorithm performs L1 verify
T00C0 004:025.309    -- Start of determining dirty areas in flash cache
T00C0 004:025.326    -- Filling invalid ranges in sector buffer (flash cache) for sector @ 0x00000000 if necessary
T00C0 004:025.342    -- Filling invalid ranges in sector buffer (flash cache) for sector @ 0x00000800 if necessary
T00C0 004:025.364    -- Filling invalid ranges in sector buffer (flash cache) for sector @ 0x00001000 if necessary
T00C0 004:025.382    -- Filling invalid ranges in sector buffer (flash cache) for sector @ 0x00001800 if necessary
T00C0 004:025.398    -- Filling invalid ranges in sector buffer (flash cache) for sector @ 0x00002000 if necessary
T00C0 004:025.414    -- Filling invalid ranges in sector buffer (flash cache) for sector @ 0x00002800 if necessary
T00C0 004:025.430    -- Filling invalid ranges in sector buffer (flash cache) for sector @ 0x00003000 if necessary
T00C0 004:025.447    -- Filling invalid ranges in sector buffer (flash cache) for sector @ 0x00003800 if necessary
T00C0 004:025.463    -- Filling invalid ranges in sector buffer (flash cache) for sector @ 0x00004000 if necessary
T00C0 004:025.479    -- Filling invalid ranges in sector buffer (flash cache) for sector @ 0x00004800 if necessary
T00C0 004:025.496    -- Filling invalid ranges in sector buffer (flash cache) for sector @ 0x00005000 if necessary
T00C0 004:025.518    -- Filling invalid ranges in sector buffer (flash cache) for sector @ 0x00005800 if necessary
T00C0 004:025.534    -- Filling invalid ranges in sector buffer (flash cache) for sector @ 0x00006000 if necessary
T00C0 004:025.550    -- Filling invalid ranges in sector buffer (flash cache) for sector @ 0x00006800 if necessary
T00C0 004:025.606    -- End of determining dirty areas
T00C0 004:025.622    -- Start of preparing flash programming
T00C0 004:025.638    -- Calculating RAM usage
T00C0 004:025.842    -- RAM usage = 4308 Bytes
T00C0 004:025.859    -- Preserving CPU registers
T00C0 004:025.890    -- Determining CPU clock frequency
T00C0 004:070.336    -- Preparing target
T00C0 004:078.454    -- Preserving target RAM temporarily used for programming
T00C0 004:128.917    -- Downloading RAMCode
T00C0 004:169.731    -- Preparing RAMCode
T00C0 004:189.837    -- CPU frequency = 8000 kHz
T00C0 004:189.963    -- End of preparing flash programming
T00C0 004:190.034   
  ***** Warning: 
T00C0 004:190.096   CPU is running at low speed (8000 kHz).
T00C0 004:190.156    -- CPU is running at 8000 kHz.
T00C0 004:190.220    -- Start of comparing flash
T00C0 004:190.286    -- CRC check was estimated as fastest method
T00C0 004:190.357    -- Comparing range 0x0000 - 0x6FFF (14 Sectors, 28 KB), using multi-block CRC calculation
T00C0 004:256.217    -- All CRCs match
T00C0 004:256.281    -- Comparing range 0x0000 - 0x6FFF (14 Sectors, 28 KB), using alternative multi-block CRC calculation
T00C0 004:321.931    -- All CRCs match
T00C0 004:321.997    -- End of comparing flash
T00C0 004:322.035    -- Start of erasing sectors
T00C0 004:322.068    -- End of erasing sectors
T00C0 004:322.101    -- Start of flash programming
T00C0 004:322.134    -- End of flash programming
T00C0 004:322.167    -- Start of restoring
T00C0 004:322.200    -- Restoring RAMCode
T00C0 004:329.182    -- Restoring target memory
T00C0 004:373.526    -- Restore target
T00C0 004:376.247    -- Restoring CPU registers
T00C0 004:376.953    -- End of restoring
T00C0 004:376.973    -- Bank 1 @ 0x00000000: Skipped. Contents already match
T00C0 004:376.991    -- Bank 1 @ 0x00000000: Skipped. Contents already match
T00C0 004:377.353 - 599.426ms returns 0 (0x0)
T00C0 004:377.741 JLINK_WriteReg(R15 (PC), 0x000029B4)
T00C0 004:377.799 - 0.058ms returns 0
T00C0 004:377.827 JLINK_WriteReg(XPSR, 0x01000000)
T00C0 004:377.852 - 0.024ms returns 0
T00C0 004:377.883 JLINK_SetEndian(ARM_ENDIAN_LITTLE)
T00C0 004:377.905 - 0.022ms returns 0
T00C0 004:378.945 JLINK_ResetPullsRESET(ON)
T00C0 004:378.990 - 0.045ms
T00C0 004:379.005 JLINK_Halt()
T00C0 004:379.021 - 0.015ms returns 0x00
T00C0 004:379.035 JLINK_IsHalted()
T00C0 004:379.050 - 0.014ms returns TRUE
T00C0 004:379.065 JLINK_Reset()
T00C0 004:379.092   CPU_ReadMem(4 bytes @ 0x20000000)
T00C0 004:379.782   CPU_WriteMem(4 bytes @ 0x20000000)
T00C0 004:380.621   CPU_WriteMem(4 bytes @ 0xE000EDF0)
T00C0 004:381.304   CPU_ReadMem(4 bytes @ 0xE000ED44)
T00C0 004:382.010   CPU_WriteMem(4 bytes @ 0xE000EDFC)
T00C0 004:382.718   Reset: Halt core after reset via DEMCR.VC_CORERESET.
T00C0 004:383.488   Reset: Reset device via AIRCR.SYSRESETREQ.
T00C0 004:383.516   CPU_WriteMem(4 bytes @ 0xE000ED0C)
T00C0 004:438.441   CPU_ReadMem(4 bytes @ 0xE000EDF0)
T00C0 004:439.166   CPU_ReadMem(4 bytes @ 0xE000EDF0)
T00C0 004:439.879   CPU_WriteMem(4 bytes @ 0xE000EDFC)
T00C0 004:446.343   CPU_ReadMem(4 bytes @ 0xE000EDF0)
T00C0 004:452.181   CPU_ReadMem(4 bytes @ 0xE000EE08)
T00C0 004:452.983   CPU_WriteMem(4 bytes @ 0xE0002000)
T00C0 004:453.666   CPU_ReadMem(4 bytes @ 0xE000EDFC)
T00C0 004:454.456   CPU_ReadMem(4 bytes @ 0xE0001000)
T00C0 004:455.133   CPU_WriteMem(4 bytes @ 0xE0001000)
T00C0 004:455.883   CPU_ReadMem(4 bytes @ 0xE000EE08)
T00C0 004:456.582 - 77.517ms
T00C0 004:456.603 JLINK_SetEndian(ARM_ENDIAN_LITTLE)
T00C0 004:456.615 - 0.012ms returns 0
T00C0 004:486.952 JLINK_ReadReg(XPSR)
T00C0 004:487.035   CPU_ReadMem(4 bytes @ 0xE000EE08)
T00C0 004:487.669 - 0.717ms returns 0x21000000
T00C0 004:488.533 JLINK_ReadMem(0x000029B4, 0x4 Bytes, ...)
T00C0 004:488.581   CPU_ReadMem(64 bytes @ 0x00002980)
T00C0 004:490.034    -- Updating C cache (64 bytes @ 0x00002980)
T00C0 004:490.079    -- Read from C cache (4 bytes @ 0x000029B4)
T00C0 004:490.097   Data:  10 B5 00 F0
T00C0 004:490.116 - 1.583ms returns 0
T00C0 004:496.822 JLINK_ReadReg(XPSR)
T00C0 004:496.911 - 0.088ms returns 0x21000000
T00C0 004:497.701 JLINK_ReadMem(0x000029B4, 0x4 Bytes, ...)
T00C0 004:497.743    -- Read from C cache (4 bytes @ 0x000029B4)
T00C0 004:497.762   Data:  10 B5 00 F0
T00C0 004:497.781 - 0.081ms returns 0
T00C0 004:608.054 JLINK_GetNumBPUnits(Type = 0xFFFFFF00)
T00C0 004:608.199 - 0.145ms returns 0x04
T00C0 004:608.216 JLINK_GetNumWPUnits()
T00C0 004:608.231 - 0.014ms returns 2
T00C0 004:608.245 JLINK_GetNumWPUnits()
T00C0 004:608.260 - 0.014ms returns 2
T00C0 004:608.280 JLINK_GetNumBPUnits(Type = 0xFFFFFF00)
T00C0 004:608.296 - 0.016ms returns 0x04
T00C0 004:608.311 JLINK_GetNumWPUnits()
T00C0 004:608.325 - 0.014ms returns 2
T00C0 004:608.343 JLINK_GetNumWPUnits()
T00C0 004:608.357 - 0.013ms returns 2
T00C0 004:608.376 JLINK_GetNumBPUnits(Type = 0xFFFFFF00)
T00C0 004:608.392 - 0.016ms returns 0x04
T00C0 004:608.407 JLINK_GetNumWPUnits()
T00C0 004:608.421 - 0.014ms returns 2
T00C0 004:608.436 JLINK_GetNumWPUnits()
T00C0 004:608.450 - 0.014ms returns 2
T00C0 004:608.539 JLINK_SetBPEx(Addr = 0x00001394, Type = 0xFFFFFF00)
T00C0 004:608.577 - 0.038ms returns 0x00000001
T00C0 004:608.596 JLINK_ClrBPEx(BPHandle = 0x00000001)
T00C0 004:608.611 - 0.015ms returns 0x00
T00C0 004:624.692 JLINK_ReadMem(0x00001380, 0x40 Bytes, ...)
T00C0 004:624.799   CPU_ReadMem(64 bytes @ 0x00001380)
T00C0 004:626.313    -- Updating C cache (64 bytes @ 0x00001380)
T00C0 004:626.379    -- Read from C cache (64 bytes @ 0x00001380)
T00C0 004:626.402   Data:  41 F2 C8 00 C0 F2 00 01 C2 F2 00 00 00 F0 C2 FB ...
T00C0 004:626.423 - 1.730ms returns 0
T00C0 004:629.543 JLINK_ReadMem(0x00001394, 0x2 Bytes, ...)
T00C0 004:629.625    -- Read from C cache (2 bytes @ 0x00001394)
T00C0 004:629.665   Data:  10 B5
T00C0 004:629.705 - 0.162ms returns 0
T00C0 004:630.411 JLINK_SetBPEx(Addr = 0x00001394, Type = 0xFFFFFF00)
T00C0 004:630.467 - 0.056ms returns 0x00000002
T00C0 004:715.660 JLINK_ReadRegs(NumRegs = 22, Indexes: 0, 1, 2, 3, 4, 5, 6, 7, 8, 9, 10, 11, 12, 13, 14, 15, 16, 17, 18, 86, 87, 20)
T00C0 004:715.743    -- R0=0x3FFF, R1=0x40044200, R2=0x00, R3=0x00, R4=0x200007D4, R5=0x200007F4, R6=0x200007F4, R7=0x200010C3, R8=0xC06A41B1, R9=0x53D888B0, R10=0x9042CB2F, R11=0xD9F957CD, R12=0x20000758, R13 (SP)=0x200017C0, R14=0x2000032F, R15 (PC)=0x29B4, XPSR=0x21000000, MSP=0x200017C0, PSP=0xC579C0CC, MSPLIM=0x00, PSPLIM=0x00, CFBP=0x00
T00C0 004:715.766 - 0.106ms returns 0x00
T00C0 004:716.311 JLINK_ReadReg(XPSR)
T00C0 004:716.376 - 0.065ms returns 0x21000000
T00C0 004:717.113 JLINK_ReadMem(0x000029B4, 0x4 Bytes, ...)
T00C0 004:717.167    -- Read from C cache (4 bytes @ 0x000029B4)
T00C0 004:717.199   Data:  10 B5 00 F0
T00C0 004:717.230 - 0.117ms returns 0
T47CC 004:734.550 JLINK_GetNumBPUnits(Type = 0xFFFFFF00)
T47CC 004:734.598 - 0.047ms returns 0x04
T47CC 004:734.613 JLINK_GetNumWPUnits()
T47CC 004:734.626 - 0.012ms returns 2
T47CC 004:734.639 JLINK_GetNumWPUnits()
T47CC 004:734.651 - 0.012ms returns 2
T47CC 004:734.969 JLINK_GetNumBPUnits(Type = 0xFFFFFF00)
T47CC 004:735.011 - 0.043ms returns 0x04
T47CC 004:735.027 JLINK_GetNumWPUnits()
T47CC 004:735.039 - 0.012ms returns 2
T47CC 004:735.053 JLINK_GetNumWPUnits()
T47CC 004:735.067 - 0.014ms returns 2
T47CC 004:735.553 JLINK_GetNumBPUnits(Type = 0xFFFFFF00)
T47CC 004:735.622 - 0.069ms returns 0x04
T47CC 004:735.644 JLINK_GetNumWPUnits()
T47CC 004:735.663 - 0.018ms returns 2
T47CC 004:735.685 JLINK_GetNumWPUnits()
T47CC 004:735.704 - 0.018ms returns 2
T47CC 004:737.033 JLINK_GetNumBPUnits(Type = 0xFFFFFF00)
T47CC 004:737.093 - 0.060ms returns 0x04
T47CC 004:737.122 JLINK_GetNumWPUnits()
T47CC 004:737.145 - 0.022ms returns 2
T47CC 004:737.166 JLINK_GetNumWPUnits()
T47CC 004:737.185 - 0.019ms returns 2
T47CC 004:737.932 JLINK_GetNumBPUnits(Type = 0xFFFFFF00)
T47CC 004:737.965 - 0.033ms returns 0x04
T47CC 004:737.979 JLINK_GetNumWPUnits()
T47CC 004:737.992 - 0.012ms returns 2
T47CC 004:738.005 JLINK_GetNumWPUnits()
T47CC 004:738.017 - 0.012ms returns 2
T47CC 004:738.321 JLINK_GetNumBPUnits(Type = 0xFFFFFF00)
T47CC 004:738.357 - 0.037ms returns 0x04
T47CC 004:738.371 JLINK_GetNumWPUnits()
T47CC 004:738.384 - 0.012ms returns 2
T47CC 004:738.397 JLINK_GetNumWPUnits()
T47CC 004:738.410 - 0.012ms returns 2
T47CC 004:739.159 JLINK_GetNumBPUnits(Type = 0xFFFFFF00)
T47CC 004:739.197 - 0.039ms returns 0x04
T47CC 004:739.213 JLINK_GetNumWPUnits()
T47CC 004:739.227 - 0.014ms returns 2
T47CC 004:739.244 JLINK_GetNumWPUnits()
T47CC 004:739.257 - 0.013ms returns 2
T47CC 004:739.899 JLINK_GetNumBPUnits(Type = 0xFFFFFF00)
T47CC 004:739.926 - 0.027ms returns 0x04
T47CC 004:739.947 JLINK_GetNumWPUnits()
T47CC 004:739.959 - 0.012ms returns 2
T47CC 004:739.972 JLINK_GetNumWPUnits()
T47CC 004:739.984 - 0.011ms returns 2
T00C0 006:642.452 JLINK_ReadReg(XPSR)
T00C0 006:643.120 - 0.666ms returns 0x21000000
T00C0 006:643.815 JLINK_ReadMem(0x000029B4, 0x4 Bytes, ...)
T00C0 006:643.846    -- Read from C cache (4 bytes @ 0x000029B4)
T00C0 006:643.865   Data:  10 B5 00 F0
T00C0 006:643.883 - 0.067ms returns 0
T00C0 007:795.560 JLINK_ReadReg(XPSR)
T00C0 007:796.249 - 0.687ms returns 0x21000000
T00C0 007:797.325 JLINK_ReadReg(XPSR)
T00C0 007:797.375 - 0.050ms returns 0x21000000
T00C0 010:600.841 JLINK_STRACE_Read(..., NumItems = 0x10000)
T00C0 010:601.328 - 0.487ms NumItemsRead = 0x00
T00C0 010:601.379 JLINK_IsHalted()
T00C0 010:601.939 - 0.558ms returns TRUE
T00C0 010:601.982 JLINK_STRACE_Read(..., NumItems = 0x10000)
T00C0 010:602.009 - 0.026ms NumItemsRead = 0x00
T00C0 010:602.035 JLINK_GoEx(MaxEmulInsts = 0, Flags = 0x01)
T00C0 010:602.067   CPU_WriteMem(4 bytes @ 0xE0002000)
T00C0 010:602.802   CPU_ReadMem(4 bytes @ 0xE0001000)
T00C0 010:603.556   CPU_WriteMem(4 bytes @ 0xE0001000)
T00C0 010:604.352   CPU_WriteMem(4 bytes @ 0xE0002008)
T00C0 010:604.414   CPU_WriteMem(4 bytes @ 0xE000200C)
T00C0 010:604.441   CPU_WriteMem(4 bytes @ 0xE0002010)
T00C0 010:604.467   CPU_WriteMem(4 bytes @ 0xE0002014)
T00C0 010:606.486   CPU_WriteMem(4 bytes @ 0xE0001004)
T00C0 010:608.240   Memory map 'after startup completion point' is active
T00C0 010:608.296 - 6.261ms
T00C0 010:707.442 JLINK_IsHalted()
T00C0 010:712.569 - 5.126ms returns TRUE
T00C0 010:712.610 JLINK_ReadReg(XPSR)
T00C0 010:712.632   CPU_ReadMem(4 bytes @ 0xE000EE08)
T00C0 010:713.406 - 0.791ms returns 0x61000000
T00C0 010:713.432 JLINK_ReadReg(R15 (PC))
T00C0 010:713.449 - 0.016ms returns 0x00001394
T00C0 010:714.029 JLINK_ReadReg(XPSR)
T00C0 010:714.098 - 0.068ms returns 0x61000000
T00C0 010:714.131 JLINK_ReadReg(XPSR)
T00C0 010:714.165 - 0.033ms returns 0x61000000
T00C0 010:714.195 JLINK_ReadReg(R15 (PC))
T00C0 010:714.226 - 0.030ms returns 0x00001394
T00C0 010:714.278 JLINK_ReadReg(XPSR)
T00C0 010:714.299 - 0.020ms returns 0x61000000
T00C0 010:714.315 JLINK_ReadReg(XPSR)
T00C0 010:714.331 - 0.015ms returns 0x61000000
T00C0 010:714.349 JLINK_ReadMem(0x00001394, 0x1 Bytes, ...)
T00C0 010:714.370   CPU_ReadMem(64 bytes @ 0x00001380)
T00C0 010:715.982    -- Updating C cache (64 bytes @ 0x00001380)
T00C0 010:716.019    -- Read from C cache (1 bytes @ 0x00001394)
T00C0 010:716.038   Data:  10
T00C0 010:716.057 - 1.708ms returns 0
T00C0 010:716.073 JLINK_IsHalted()
T00C0 010:716.086 - 0.013ms returns TRUE
T00C0 010:716.100 JLINK_ReadReg(XPSR)
T00C0 010:716.115 - 0.014ms returns 0x61000000
T00C0 010:716.129 JLINK_ReadReg(XPSR)
T00C0 010:716.142 - 0.013ms returns 0x61000000
T00C0 010:716.157 JLINK_ReadReg(R15 (PC))
T00C0 010:716.170 - 0.013ms returns 0x00001394
T00C0 010:716.185 JLINK_ReadReg(XPSR)
T00C0 010:716.198 - 0.012ms returns 0x61000000
T00C0 010:716.211 JLINK_ReadReg(XPSR)
T00C0 010:716.287 - 0.075ms returns 0x61000000
T00C0 010:716.300 JLINK_ReadMem(0x00001394, 0x1 Bytes, ...)
T00C0 010:716.314    -- Read from C cache (1 bytes @ 0x00001394)
T00C0 010:716.332   Data:  10
T00C0 010:716.350 - 0.049ms returns 0
T00C0 010:717.066 JLINK_ReadRegs(NumRegs = 22, Indexes: 0, 1, 2, 3, 4, 5, 6, 7, 8, 9, 10, 11, 12, 13, 14, 15, 16, 17, 18, 86, 87, 20)
T00C0 010:717.102    -- R0=0x00, R1=0x32C, R2=0x00, R3=0x20, R4=0x200007D4, R5=0x200007F4, R6=0x200007F4, R7=0x200010C3, R8=0xC06A41B1, R9=0x53D888B0, R10=0x9042CB2F, R11=0xD9F957CD, R12=0xFFFEFFFF, R13 (SP)=0x200017B8, R14=0x29BF, R15 (PC)=0x1394, XPSR=0x61000000, MSP=0x200017B8, PSP=0xC579C0CC, MSPLIM=0x00, PSPLIM=0x00, CFBP=0x00
T00C0 010:717.122 - 0.055ms returns 0x00
T00C0 010:717.744 JLINK_ReadReg(XPSR)
T00C0 010:717.773 - 0.028ms returns 0x61000000
T00C0 010:718.333 JLINK_ReadMem(0x00001394, 0x4 Bytes, ...)
T00C0 010:718.373    -- Read from C cache (4 bytes @ 0x00001394)
T00C0 010:718.401   Data:  10 B5 FF F7
T00C0 010:718.428 - 0.095ms returns 0
T00C0 010:720.834 JLINK_ClrBPEx(BPHandle = 0x00000002)
T00C0 010:720.879 - 0.046ms returns 0x00
T00C0 010:740.925 JLINK_ReadMem(0x00001394, 0x4 Bytes, ...)
T00C0 010:740.976    -- Read from C cache (4 bytes @ 0x00001394)
T00C0 010:741.006   Data:  10 B5 FF F7
T00C0 010:741.034 - 0.110ms returns 0
T00C0 010:960.405 JLINK_ReadReg(XPSR)
T00C0 010:960.463 - 0.058ms returns 0x61000000
T00C0 010:961.390 JLINK_ReadReg(XPSR)
T00C0 010:961.470 - 0.076ms returns 0x61000000
T47CC 011:729.429 JLINK_IsHalted()
T47CC 011:730.147 - 0.718ms returns TRUE
T47CC 011:730.182 JLINK_ReadReg(XPSR)
T47CC 011:730.218 - 0.035ms returns 0x61000000
T47CC 011:730.243 JLINK_ReadReg(R15 (PC))
T47CC 011:730.267 - 0.024ms returns 0x00001394
T47CC 011:730.293 JLINK_ReadReg(XPSR)
T47CC 011:730.317 - 0.023ms returns 0x61000000
T47CC 011:730.342 JLINK_ReadReg(XPSR)
T47CC 011:730.367 - 0.025ms returns 0x61000000
T47CC 011:730.394 JLINK_ReadReg(R15 (PC))
T47CC 011:730.419 - 0.025ms returns 0x00001394
T47CC 011:730.446 JLINK_ReadReg(XPSR)
T47CC 011:730.473 - 0.026ms returns 0x61000000
T47CC 011:730.500 JLINK_ReadReg(XPSR)
T47CC 011:730.526 - 0.026ms returns 0x61000000
T47CC 011:730.554 JLINK_ReadMem(0x00001394, 0x1 Bytes, ...)
T47CC 011:730.585    -- Read from C cache (1 bytes @ 0x00001394)
T47CC 011:730.622   Data:  10
T47CC 011:730.658 - 0.103ms returns 0
T47CC 011:730.684 JLINK_IsHalted()
T47CC 011:730.711 - 0.027ms returns TRUE
T47CC 011:730.738 JLINK_ReadReg(XPSR)
T47CC 011:730.763 - 0.026ms returns 0x61000000
T47CC 011:730.790 JLINK_ReadReg(XPSR)
T47CC 011:730.818 - 0.027ms returns 0x61000000
T47CC 011:730.846 JLINK_ReadReg(R15 (PC))
T47CC 011:730.872 - 0.025ms returns 0x00001394
T47CC 011:730.899 JLINK_ReadReg(XPSR)
T47CC 011:730.925 - 0.025ms returns 0x61000000
T47CC 011:730.951 JLINK_ReadReg(XPSR)
T47CC 011:730.977 - 0.025ms returns 0x61000000
T47CC 011:731.004 JLINK_ReadMem(0x00001394, 0x1 Bytes, ...)
T47CC 011:731.030    -- Read from C cache (1 bytes @ 0x00001394)
T47CC 011:731.067   Data:  10
T47CC 011:731.105 - 0.100ms returns 0
T47CC 011:731.675 JLINK_WriteMem(0xE0001FB0, 0x4 Bytes, ...)
T47CC 011:731.710   Data:  55 CE AC C5
T47CC 011:732.092   CPU_WriteMem(4 bytes @ 0xE0001FB0)
T47CC 011:732.847 - 1.172ms returns 0x4
T47CC 011:733.194 JLINK_WriteMem(0xE0001000, 0x4 Bytes, ...)
T47CC 011:733.220   Data:  01 00 00 48
T47CC 011:733.252   Debug reg: DWT_CTRL
T47CC 011:733.291   CPU_WriteMem(4 bytes @ 0xE0001000)
T47CC 011:734.055 - 0.860ms returns 0x4
T47CC 011:734.343 JLINK_ReadMem(0xE0001000, 0x4 Bytes, ...)
T47CC 011:734.368   CPU_ReadMem(4 bytes @ 0xE0001000)
T47CC 011:735.122   Data:  00 00 00 2B
T47CC 011:735.158   Debug reg: DWT_CTRL
T47CC 011:735.185 - 0.842ms returns 0
T00C0 013:689.520 JLINK_STRACE_Read(..., NumItems = 0x10000)
T00C0 013:689.563 - 0.042ms NumItemsRead = 0x00
T00C0 013:689.578 JLINK_IsHalted()
T00C0 013:690.170 - 0.592ms returns TRUE
T00C0 013:690.216 JLINK_STRACE_Read(..., NumItems = 0x10000)
T00C0 013:690.237 - 0.021ms NumItemsRead = 0x00
T00C0 013:690.266 JLINK_GoEx(MaxEmulInsts = 0, Flags = 0x01)
T00C0 013:690.302   CPU_ReadMem(4 bytes @ 0xE0001000)
T00C0 013:690.970   CPU_WriteMem(4 bytes @ 0xE0001000)
T00C0 013:691.709   CPU_WriteMem(4 bytes @ 0xE0002008)
T00C0 013:693.528 - 3.262ms
T00C0 013:800.758 JLINK_IsHalted()
T00C0 013:801.445 - 0.687ms returns FALSE
T00C0 013:801.475 JLINK_IsHalted()
T00C0 013:802.096 - 0.620ms returns FALSE
T00C0 013:909.773 JLINK_IsHalted()
T00C0 014:510.230 - 600.457ms returns FALSE
T00C0 014:510.290 JLINK_IsHalted()
T00C0 014:802.858   CPU_ReadMem(4 bytes @ 0xE000EDF0)
T00C0 014:904.074   CPU_WriteMem(4 bytes @ 0xE000EDF0)
T00C0 014:904.709 - 394.414ms returns FALSE
T47CC 014:905.246 JLINK_IsHalted()
T47CC 014:909.253   CPU_ReadMem(4 bytes @ 0xE000EDF0)
T47CC 014:910.773   CPU_WriteMem(4 bytes @ 0xE000EDF0)
T47CC 014:911.432 - 6.185ms returns FALSE
T47CC 014:911.450 JLINK_IsHalted()
T47CC 014:915.542   CPU_ReadMem(4 bytes @ 0xE000EDF0)
T47CC 014:917.107   CPU_WriteMem(4 bytes @ 0xE000EDF0)
T47CC 014:917.701 - 6.252ms returns FALSE
T00C0 015:004.360 JLINK_IsHalted()
T00C0 015:008.341   CPU_ReadMem(4 bytes @ 0xE000EDF0)
T00C0 015:009.901   CPU_WriteMem(4 bytes @ 0xE000EDF0)
T00C0 015:010.461 - 6.101ms returns FALSE
T00C0 015:010.486 JLINK_IsHalted()
T00C0 015:014.520   CPU_ReadMem(4 bytes @ 0xE000EDF0)
T00C0 015:016.056   CPU_WriteMem(4 bytes @ 0xE000EDF0)
T00C0 015:016.610 - 6.121ms returns FALSE
T00C0 015:113.549 JLINK_IsHalted()
T00C0 015:117.744   CPU_ReadMem(4 bytes @ 0xE000EDF0)
T00C0 015:119.245   CPU_WriteMem(4 bytes @ 0xE000EDF0)
T00C0 015:119.816 - 6.266ms returns FALSE
T00C0 015:119.850 JLINK_IsHalted()
T00C0 015:123.862   CPU_ReadMem(4 bytes @ 0xE000EDF0)
T00C0 015:125.357   CPU_WriteMem(4 bytes @ 0xE000EDF0)
T00C0 015:125.984 - 6.134ms returns FALSE
T00C0 015:222.554 JLINK_IsHalted()
T00C0 015:226.629   CPU_ReadMem(4 bytes @ 0xE000EDF0)
T00C0 015:228.109   CPU_WriteMem(4 bytes @ 0xE000EDF0)
T00C0 015:228.909 - 6.354ms returns FALSE
T00C0 015:228.960 JLINK_IsHalted()
T00C0 015:232.813   CPU_ReadMem(4 bytes @ 0xE000EDF0)
T00C0 015:234.432   CPU_WriteMem(4 bytes @ 0xE000EDF0)
T00C0 015:235.142 - 6.178ms returns FALSE
T00C0 015:331.706 JLINK_IsHalted()
T00C0 015:336.485   CPU_ReadMem(4 bytes @ 0xE000EDF0)
T00C0 015:338.277   CPU_WriteMem(4 bytes @ 0xE000EDF0)
T00C0 015:338.992 - 7.286ms returns FALSE
T00C0 015:339.078 JLINK_IsHalted()
T00C0 015:343.698   CPU_ReadMem(4 bytes @ 0xE000EDF0)
T00C0 015:345.475   CPU_WriteMem(4 bytes @ 0xE000EDF0)
T00C0 015:346.192 - 7.113ms returns FALSE
T00C0 015:440.997 JLINK_IsHalted()
T00C0 015:445.451   CPU_ReadMem(4 bytes @ 0xE000EDF0)
T00C0 015:447.022   CPU_WriteMem(4 bytes @ 0xE000EDF0)
T00C0 015:447.654 - 6.653ms returns FALSE
T00C0 015:447.696 JLINK_IsHalted()
T00C0 015:451.997   CPU_ReadMem(4 bytes @ 0xE000EDF0)
T00C0 015:453.550   CPU_WriteMem(4 bytes @ 0xE000EDF0)
T00C0 015:454.262 - 6.562ms returns FALSE
T00C0 015:551.120 JLINK_IsHalted()
T00C0 015:555.646   CPU_ReadMem(4 bytes @ 0xE000EDF0)
T00C0 015:557.232   CPU_WriteMem(4 bytes @ 0xE000EDF0)
T00C0 015:557.896 - 6.776ms returns FALSE
T00C0 015:557.925 JLINK_IsHalted()
T00C0 015:562.128   CPU_ReadMem(4 bytes @ 0xE000EDF0)
T00C0 015:563.744   CPU_WriteMem(4 bytes @ 0xE000EDF0)
T00C0 015:564.285 - 6.359ms returns FALSE
T00C0 015:660.640 JLINK_IsHalted()
T00C0 015:666.024   CPU_ReadMem(4 bytes @ 0xE000EDF0)
T00C0 015:667.842   CPU_WriteMem(4 bytes @ 0xE000EDF0)
T00C0 015:668.582 - 7.941ms returns FALSE
T00C0 015:668.648 JLINK_IsHalted()
T00C0 015:673.387   CPU_ReadMem(4 bytes @ 0xE000EDF0)
T00C0 015:675.054   CPU_WriteMem(4 bytes @ 0xE000EDF0)
T00C0 015:675.806 - 7.157ms returns FALSE
T00C0 015:784.773 JLINK_IsHalted()
T00C0 015:789.587   CPU_ReadMem(4 bytes @ 0xE000EDF0)
T00C0 015:791.234   CPU_WriteMem(4 bytes @ 0xE000EDF0)
T00C0 015:791.974 - 7.200ms returns FALSE
T00C0 015:792.054 JLINK_IsHalted()
T00C0 015:796.469   CPU_ReadMem(4 bytes @ 0xE000EDF0)
T00C0 015:798.304   CPU_WriteMem(4 bytes @ 0xE000EDF0)
T00C0 015:799.075 - 7.019ms returns FALSE
T00C0 015:894.800 JLINK_IsHalted()
T00C0 015:898.861   CPU_ReadMem(4 bytes @ 0xE000EDF0)
T00C0 015:999.554   CPU_WriteMem(4 bytes @ 0xE000EDF0)
T00C0 016:000.288 - 105.487ms returns FALSE
T00C0 016:000.333 JLINK_IsHalted()
T00C0 016:004.563   CPU_ReadMem(4 bytes @ 0xE000EDF0)
T00C0 016:006.122   CPU_WriteMem(4 bytes @ 0xE000EDF0)
T00C0 016:006.669 - 6.336ms returns FALSE
T47CC 016:007.616 JLINK_IsHalted()
T47CC 016:011.530   CPU_ReadMem(4 bytes @ 0xE000EDF0)
T47CC 016:013.042   CPU_WriteMem(4 bytes @ 0xE000EDF0)
T47CC 016:013.741 - 6.125ms returns FALSE
T47CC 016:013.774 JLINK_IsHalted()
T47CC 016:017.693   CPU_ReadMem(4 bytes @ 0xE000EDF0)
T47CC 016:019.232   CPU_WriteMem(4 bytes @ 0xE000EDF0)
T47CC 016:019.867 - 6.091ms returns FALSE
T00C0 016:112.974 JLINK_IsHalted()
T00C0 016:117.022   CPU_ReadMem(4 bytes @ 0xE000EDF0)
T00C0 016:118.546   CPU_WriteMem(4 bytes @ 0xE000EDF0)
T00C0 016:119.142 - 6.166ms returns FALSE
T00C0 016:119.166 JLINK_IsHalted()
T00C0 016:123.043   CPU_ReadMem(4 bytes @ 0xE000EDF0)
T00C0 016:124.570   CPU_WriteMem(4 bytes @ 0xE000EDF0)
T00C0 016:125.158 - 5.976ms returns FALSE
T00C0 016:223.154 JLINK_IsHalted()
T00C0 016:227.886   CPU_ReadMem(4 bytes @ 0xE000EDF0)
T00C0 016:229.507   CPU_WriteMem(4 bytes @ 0xE000EDF0)
T00C0 016:230.192 - 7.037ms returns FALSE
T00C0 016:230.256 JLINK_IsHalted()
T00C0 016:234.803   CPU_ReadMem(4 bytes @ 0xE000EDF0)
T00C0 016:236.440   CPU_WriteMem(4 bytes @ 0xE000EDF0)
T00C0 016:237.235 - 6.977ms returns FALSE
T00C0 016:332.390 JLINK_IsHalted()
T00C0 016:336.870   CPU_ReadMem(4 bytes @ 0xE000EDF0)
T00C0 016:338.661   CPU_WriteMem(4 bytes @ 0xE000EDF0)
T00C0 016:339.349 - 6.956ms returns FALSE
T00C0 016:339.410 JLINK_IsHalted()
T00C0 016:343.570   CPU_ReadMem(4 bytes @ 0xE000EDF0)
T00C0 016:345.242   CPU_WriteMem(4 bytes @ 0xE000EDF0)
T00C0 016:345.974 - 6.562ms returns FALSE
T00C0 016:441.518 JLINK_IsHalted()
T00C0 016:445.576   CPU_ReadMem(4 bytes @ 0xE000EDF0)
T00C0 016:447.090   CPU_WriteMem(4 bytes @ 0xE000EDF0)
T00C0 016:447.678 - 6.160ms returns FALSE
T00C0 016:447.725 JLINK_IsHalted()
T00C0 016:451.520   CPU_ReadMem(4 bytes @ 0xE000EDF0)
T00C0 016:453.206   CPU_WriteMem(4 bytes @ 0xE000EDF0)
T00C0 016:453.754 - 6.027ms returns FALSE
T00C0 016:550.816 JLINK_IsHalted()
T00C0 016:555.045   CPU_ReadMem(4 bytes @ 0xE000EDF0)
T00C0 016:556.632   CPU_WriteMem(4 bytes @ 0xE000EDF0)
T00C0 016:557.302 - 6.483ms returns FALSE
T00C0 016:557.318 JLINK_IsHalted()
T00C0 016:561.157   CPU_ReadMem(4 bytes @ 0xE000EDF0)
T00C0 016:562.632   CPU_WriteMem(4 bytes @ 0xE000EDF0)
T00C0 016:563.253 - 5.931ms returns FALSE
T00C0 016:659.883 JLINK_IsHalted()
T00C0 016:664.070   CPU_ReadMem(4 bytes @ 0xE000EDF0)
T00C0 016:665.600   CPU_WriteMem(4 bytes @ 0xE000EDF0)
T00C0 016:666.221 - 6.337ms returns FALSE
T00C0 016:666.275 JLINK_IsHalted()
T00C0 016:670.126   CPU_ReadMem(4 bytes @ 0xE000EDF0)
T00C0 016:671.632   CPU_WriteMem(4 bytes @ 0xE000EDF0)
T00C0 016:672.306 - 6.026ms returns FALSE
T00C0 016:769.925 JLINK_IsHalted()
T00C0 016:775.182   CPU_ReadMem(4 bytes @ 0xE000EDF0)
T00C0 016:776.800   CPU_WriteMem(4 bytes @ 0xE000EDF0)
T00C0 016:777.494 - 7.566ms returns FALSE
T00C0 016:777.554 JLINK_IsHalted()
T00C0 016:781.620   CPU_ReadMem(4 bytes @ 0xE000EDF0)
T00C0 016:783.680   CPU_WriteMem(4 bytes @ 0xE000EDF0)
T00C0 016:784.380 - 6.823ms returns FALSE
T00C0 016:879.028 JLINK_IsHalted()
T00C0 016:883.224   CPU_ReadMem(4 bytes @ 0xE000EDF0)
T00C0 016:984.006   CPU_WriteMem(4 bytes @ 0xE000EDF0)
T00C0 016:984.636 - 105.607ms returns FALSE
T00C0 016:984.670 JLINK_IsHalted()
T00C0 016:989.212   CPU_ReadMem(4 bytes @ 0xE000EDF0)
T00C0 016:990.794   CPU_WriteMem(4 bytes @ 0xE000EDF0)
T00C0 016:991.476 - 6.804ms returns FALSE
T47CC 017:019.980 JLINK_IsHalted()
T47CC 017:024.092   CPU_ReadMem(4 bytes @ 0xE000EDF0)
T47CC 017:025.654   CPU_WriteMem(4 bytes @ 0xE000EDF0)
T47CC 017:026.444 - 6.459ms returns FALSE
T47CC 017:026.476 JLINK_IsHalted()
T47CC 017:030.402   CPU_ReadMem(4 bytes @ 0xE000EDF0)
T47CC 017:031.984   CPU_WriteMem(4 bytes @ 0xE000EDF0)
T47CC 017:032.666 - 6.183ms returns FALSE
T00C0 017:097.796 JLINK_IsHalted()
T00C0 017:101.852   CPU_ReadMem(4 bytes @ 0xE000EDF0)
T00C0 017:103.364   CPU_WriteMem(4 bytes @ 0xE000EDF0)
T00C0 017:103.994 - 6.197ms returns FALSE
T00C0 017:104.028 JLINK_IsHalted()
T00C0 017:107.980   CPU_ReadMem(4 bytes @ 0xE000EDF0)
T00C0 017:109.628   CPU_WriteMem(4 bytes @ 0xE000EDF0)
T00C0 017:110.166 - 6.132ms returns FALSE
T00C0 017:206.736 JLINK_IsHalted()
T00C0 017:211.036   CPU_ReadMem(4 bytes @ 0xE000EDF0)
T00C0 017:212.580   CPU_WriteMem(4 bytes @ 0xE000EDF0)
T00C0 017:213.166 - 6.430ms returns FALSE
T00C0 017:213.184 JLINK_IsHalted()
T00C0 017:217.204   CPU_ReadMem(4 bytes @ 0xE000EDF0)
T00C0 017:218.800   CPU_WriteMem(4 bytes @ 0xE000EDF0)
T00C0 017:219.436 - 6.252ms returns FALSE
T00C0 017:316.014 JLINK_IsHalted()
T00C0 017:319.940   CPU_ReadMem(4 bytes @ 0xE000EDF0)
T00C0 017:321.436   CPU_WriteMem(4 bytes @ 0xE000EDF0)
T00C0 017:322.032 - 6.017ms returns FALSE
T00C0 017:322.066 JLINK_IsHalted()
T00C0 017:326.066   CPU_ReadMem(4 bytes @ 0xE000EDF0)
T00C0 017:327.752   CPU_WriteMem(4 bytes @ 0xE000EDF0)
T00C0 017:328.396 - 6.324ms returns FALSE
T00C0 017:426.238 JLINK_IsHalted()
T00C0 017:431.116   CPU_ReadMem(4 bytes @ 0xE000EDF0)
T00C0 017:432.898   CPU_WriteMem(4 bytes @ 0xE000EDF0)
T00C0 017:433.628 - 7.384ms returns FALSE
T00C0 017:433.660 JLINK_IsHalted()
T00C0 017:438.184   CPU_ReadMem(4 bytes @ 0xE000EDF0)
T00C0 017:439.892   CPU_WriteMem(4 bytes @ 0xE000EDF0)
T00C0 017:440.566 - 6.906ms returns FALSE
T00C0 017:535.304 JLINK_IsHalted()
T00C0 017:539.342   CPU_ReadMem(4 bytes @ 0xE000EDF0)
T00C0 017:540.916   CPU_WriteMem(4 bytes @ 0xE000EDF0)
T00C0 017:541.562 - 6.255ms returns FALSE
T00C0 017:541.580 JLINK_IsHalted()
T00C0 017:545.474   CPU_ReadMem(4 bytes @ 0xE000EDF0)
T00C0 017:547.042   CPU_WriteMem(4 bytes @ 0xE000EDF0)
T00C0 017:547.720 - 6.139ms returns FALSE
T00C0 017:644.530 JLINK_IsHalted()
T00C0 017:648.870   CPU_ReadMem(4 bytes @ 0xE000EDF0)
T00C0 017:650.424   CPU_WriteMem(4 bytes @ 0xE000EDF0)
T00C0 017:651.112 - 6.578ms returns FALSE
T00C0 017:651.162 JLINK_IsHalted()
T00C0 017:655.096   CPU_ReadMem(4 bytes @ 0xE000EDF0)
T00C0 017:656.748   CPU_WriteMem(4 bytes @ 0xE000EDF0)
T00C0 017:657.428 - 6.262ms returns FALSE
T00C0 017:754.156 JLINK_IsHalted()
T00C0 017:758.718   CPU_ReadMem(4 bytes @ 0xE000EDF0)
T00C0 017:760.324   CPU_WriteMem(4 bytes @ 0xE000EDF0)
T00C0 017:761.052 - 6.892ms returns FALSE
T00C0 017:761.092 JLINK_IsHalted()
T00C0 017:765.248   CPU_ReadMem(4 bytes @ 0xE000EDF0)
T00C0 017:766.742   CPU_WriteMem(4 bytes @ 0xE000EDF0)
T00C0 017:767.400 - 6.306ms returns FALSE
T00C0 017:863.328 JLINK_IsHalted()
T00C0 017:867.700   CPU_ReadMem(4 bytes @ 0xE000EDF0)
T00C0 017:968.484   CPU_WriteMem(4 bytes @ 0xE000EDF0)
T00C0 017:969.102 - 105.769ms returns FALSE
T00C0 017:969.124 JLINK_IsHalted()
T00C0 017:973.284   CPU_ReadMem(4 bytes @ 0xE000EDF0)
T00C0 017:974.790   CPU_WriteMem(4 bytes @ 0xE000EDF0)
T00C0 017:975.504 - 6.376ms returns FALSE
T47CC 018:034.106 JLINK_IsHalted()
T47CC 018:039.188   CPU_ReadMem(4 bytes @ 0xE000EDF0)
T47CC 018:040.810   CPU_WriteMem(4 bytes @ 0xE000EDF0)
T47CC 018:041.492 - 7.386ms returns FALSE
T47CC 018:041.530 JLINK_IsHalted()
T47CC 018:045.708   CPU_ReadMem(4 bytes @ 0xE000EDF0)
T47CC 018:047.262   CPU_WriteMem(4 bytes @ 0xE000EDF0)
T47CC 018:047.994 - 6.463ms returns FALSE
T00C0 018:082.332 JLINK_IsHalted()
T00C0 018:086.892   CPU_ReadMem(4 bytes @ 0xE000EDF0)
T00C0 018:088.428   CPU_WriteMem(4 bytes @ 0xE000EDF0)
T00C0 018:089.072 - 6.739ms returns FALSE
T00C0 018:089.108 JLINK_IsHalted()
T00C0 018:093.104   CPU_ReadMem(4 bytes @ 0xE000EDF0)
T00C0 018:094.602   CPU_WriteMem(4 bytes @ 0xE000EDF0)
T00C0 018:095.176 - 6.068ms returns FALSE
T00C0 018:191.302 JLINK_IsHalted()
T00C0 018:196.094   CPU_ReadMem(4 bytes @ 0xE000EDF0)
T00C0 018:197.732   CPU_WriteMem(4 bytes @ 0xE000EDF0)
T00C0 018:198.376 - 7.069ms returns FALSE
T00C0 018:198.404 JLINK_IsHalted()
T00C0 018:202.504   CPU_ReadMem(4 bytes @ 0xE000EDF0)
T00C0 018:204.020   CPU_WriteMem(4 bytes @ 0xE000EDF0)
T00C0 018:204.572 - 6.170ms returns FALSE
T00C0 018:301.062 JLINK_IsHalted()
T00C0 018:305.610   CPU_ReadMem(4 bytes @ 0xE000EDF0)
T00C0 018:307.346   CPU_WriteMem(4 bytes @ 0xE000EDF0)
T00C0 018:308.026 - 6.963ms returns FALSE
T00C0 018:308.088 JLINK_IsHalted()
T00C0 018:312.486   CPU_ReadMem(4 bytes @ 0xE000EDF0)
T00C0 018:314.210   CPU_WriteMem(4 bytes @ 0xE000EDF0)
T00C0 018:314.936 - 6.847ms returns FALSE
T00C0 018:410.140 JLINK_IsHalted()
T00C0 018:415.226   CPU_ReadMem(4 bytes @ 0xE000EDF0)
T00C0 018:417.092   CPU_WriteMem(4 bytes @ 0xE000EDF0)
T00C0 018:417.886 - 7.747ms returns FALSE
T00C0 018:417.982 JLINK_IsHalted()
T00C0 018:423.072   CPU_ReadMem(4 bytes @ 0xE000EDF0)
T00C0 018:424.892   CPU_WriteMem(4 bytes @ 0xE000EDF0)
T00C0 018:425.610 - 7.626ms returns FALSE
T00C0 018:519.166 JLINK_IsHalted()
T00C0 018:523.518   CPU_ReadMem(4 bytes @ 0xE000EDF0)
T00C0 018:525.340   CPU_WriteMem(4 bytes @ 0xE000EDF0)
T00C0 018:526.092 - 6.921ms returns FALSE
T00C0 018:526.138 JLINK_IsHalted()
T00C0 018:530.536   CPU_ReadMem(4 bytes @ 0xE000EDF0)
T00C0 018:532.216   CPU_WriteMem(4 bytes @ 0xE000EDF0)
T00C0 018:533.166 - 7.026ms returns FALSE
T00C0 018:628.692 JLINK_IsHalted()
T00C0 018:632.714   CPU_ReadMem(4 bytes @ 0xE000EDF0)
T00C0 018:634.316   CPU_WriteMem(4 bytes @ 0xE000EDF0)
T00C0 018:635.044 - 6.344ms returns FALSE
T00C0 018:635.102 JLINK_IsHalted()
T00C0 018:639.554   CPU_ReadMem(4 bytes @ 0xE000EDF0)
T00C0 018:641.116   CPU_WriteMem(4 bytes @ 0xE000EDF0)
T00C0 018:641.754 - 6.650ms returns FALSE
T00C0 018:738.770 JLINK_IsHalted()
T00C0 018:743.710   CPU_ReadMem(4 bytes @ 0xE000EDF0)
T00C0 018:745.560   CPU_WriteMem(4 bytes @ 0xE000EDF0)
T00C0 018:746.292 - 7.522ms returns FALSE
T00C0 018:746.380 JLINK_IsHalted()
T00C0 018:750.774   CPU_ReadMem(4 bytes @ 0xE000EDF0)
T00C0 018:752.514   CPU_WriteMem(4 bytes @ 0xE000EDF0)
T00C0 018:753.206 - 6.827ms returns FALSE
T00C0 018:848.156 JLINK_IsHalted()
T00C0 018:852.494   CPU_ReadMem(4 bytes @ 0xE000EDF0)
T00C0 018:953.956   CPU_WriteMem(4 bytes @ 0xE000EDF0)
T00C0 018:954.564 - 106.409ms returns FALSE
T00C0 018:954.596 JLINK_IsHalted()
T00C0 018:958.612   CPU_ReadMem(4 bytes @ 0xE000EDF0)
T00C0 018:960.162   CPU_WriteMem(4 bytes @ 0xE000EDF0)
T00C0 018:960.886 - 6.285ms returns FALSE
T47CC 019:049.636 JLINK_IsHalted()
T47CC 019:055.274   CPU_ReadMem(4 bytes @ 0xE000EDF0)
T47CC 019:057.072   CPU_WriteMem(4 bytes @ 0xE000EDF0)
T47CC 019:057.884 - 8.246ms returns FALSE
T47CC 019:057.988 JLINK_IsHalted()
T47CC 019:062.744   CPU_ReadMem(4 bytes @ 0xE000EDF0)
T47CC 019:064.628   CPU_WriteMem(4 bytes @ 0xE000EDF0)
T47CC 019:065.468 - 7.480ms returns FALSE
T00C0 019:067.102 JLINK_IsHalted()
T00C0 019:071.312   CPU_ReadMem(4 bytes @ 0xE000EDF0)
T00C0 019:072.954   CPU_WriteMem(4 bytes @ 0xE000EDF0)
T00C0 019:073.660 - 6.559ms returns FALSE
T00C0 019:073.720 JLINK_IsHalted()
T00C0 019:077.692   CPU_ReadMem(4 bytes @ 0xE000EDF0)
T00C0 019:079.580   CPU_WriteMem(4 bytes @ 0xE000EDF0)
T00C0 019:080.520 - 6.798ms returns FALSE
T00C0 019:175.756 JLINK_IsHalted()
T00C0 019:180.022   CPU_ReadMem(4 bytes @ 0xE000EDF0)
T00C0 019:181.628   CPU_WriteMem(4 bytes @ 0xE000EDF0)
T00C0 019:182.216 - 6.461ms returns FALSE
T00C0 019:182.236 JLINK_IsHalted()
T00C0 019:186.132   CPU_ReadMem(4 bytes @ 0xE000EDF0)
T00C0 019:187.634   CPU_WriteMem(4 bytes @ 0xE000EDF0)
T00C0 019:188.296 - 6.057ms returns FALSE
T3F8C 019:252.460   
  ***** Error: Connection to emulator lost!
T00C0 019:284.924 JLINK_IsHalted()
T00C0 019:284.960 - 0.037ms returns ERROR
T00C0 019:284.974 JLINK_IsHalted()
T00C0 019:284.988 - 0.012ms returns ERROR
T4A58 019:288.194 JLINK_Halt()
T4A58 019:288.244 - 0.050ms returns 0x00
T4A58 019:288.266 JLINK_ReadReg(XPSR)
T4A58 019:288.282 - 0.016ms returns 0x00000000
T4A58 019:290.020 JLINK_Close()
T4A58 019:301.632 - 11.609ms
T4A58 019:301.672   
T4A58 019:301.686   Closed
