T5AA8 000:000.949   SEGGER J-Link V7.96a Log File
T5AA8 000:001.075   DLL Compiled: Mar 14 2024 17:11:32
T5AA8 000:001.086   Logging started @ 2024-05-02 03:54
T5AA8 000:001.097   Process: C:\Users\trung.tran-quoc\.eclipse\com.renesas.platform_323107225\DebugComp\RA\e2-server-gdb.exe
T5AA8 000:001.109 - 1.107ms
T5AA8 000:001.127 JLINK_GetDLLVersion()
T5AA8 000:001.138 - 0.011ms returns 79601
T5AA8 000:002.082 JLINK_OpenEx(...)
T5AA8 000:007.666   Firmware: J-Link OB-RA4M2 compiled Mar 14 2024 13:23:21
T5AA8 000:008.333   Firmware: J-Link OB-RA4M2 compiled Mar 14 2024 13:23:21
T5AA8 000:022.701   Hardware: V1.00
T5AA8 000:022.745   S/N: 1083382679
T5AA8 000:022.760   OEM: SEGGER
T5AA8 000:022.779   Feature(s): None
T5AA8 000:023.279   Bootloader: 2021 May 14
T5AA8 000:023.706   USB speed mode: Full speed (12 MBit/s)
T5AA8 000:024.051   TELNET listener socket opened on port 19021
T5AA8 000:024.194   WEBSRV WEBSRV_Init(): Starting webserver thread(s)
T5AA8 000:024.318   WEBSRV Webserver running on local port 19080
T5AA8 000:024.418   Looking for J-Link GUI Server exe at: C:\Users\trung.tran-quoc\.eclipse\com.renesas.platform_323107225\DebugComp\RA\ARM\Segger_v7.96.1\JLinkGUIServer.exe
T5AA8 000:024.510   Looking for J-Link GUI Server exe at: C:\Users\trung.tran-quoc\SEGGER\JLink_V794g\JLinkGUIServer.exe
T5AA8 000:024.543   Forking J-Link GUI Server: C:\Users\trung.tran-quoc\SEGGER\JLink_V794g\JLinkGUIServer.exe
T5AA8 000:059.660   J-Link GUI Server info: "J-Link GUI server V7.94g "
T5AA8 000:062.608 - 60.523ms returns "O.K."
T5AA8 000:062.699 JLINK_TIF_Select(JLINKARM_TIF_SWD)
T5AA8 000:063.338 - 0.639ms returns 0x00
T5AA8 000:063.389 JLINK_ClrRESET()
T5AA8 000:063.686 - 0.296ms
T5AA8 000:113.864 JLINK_SetSpeed(1500)
T5AA8 000:114.386 - 0.536ms
T5AA8 000:114.498 JLINK_CORESIGHT_Configure(PerformTIFInit=0)
T5AA8 000:115.214 - 0.715ms returns 0
T5AA8 000:116.408 JLINK_CORESIGHT_ReadAPDPReg(DP reg 0x00)
T5AA8 000:117.263   Value=0x6BA02477
T5AA8 000:117.358 - 0.964ms returns 0
T5AA8 000:117.413 JLINK_CORESIGHT_WriteAPDPReg(DP reg 0x00, 0x0000001F)
T5AA8 000:117.847 - 0.433ms returns 0
T5AA8 000:117.926 JLINK_CORESIGHT_ReadAPDPReg(DP reg 0x00)
T5AA8 000:118.341   Value=0x6BA02477
T5AA8 000:118.428 - 0.502ms returns 0
T5AA8 000:118.470 JLINK_CORESIGHT_WriteAPDPReg(DP reg 0x02, 0x00000000)
T5AA8 000:118.981 - 0.509ms returns 0
T5AA8 000:119.116 JLINK_CORESIGHT_WriteAPDPReg(DP reg 0x01, 0x50000000)
T5AA8 000:119.579 - 0.463ms returns 0
T5AA8 000:119.625 JLINK_CORESIGHT_ReadAPDPReg(DP reg 0x01)
T5AA8 000:119.981   Value=0xF0000040
T5AA8 000:120.025 - 0.401ms returns 0
T5AA8 000:120.057 JLINK_CORESIGHT_WriteAPDPReg(DP reg 0x00, 0x0000001F)
T5AA8 000:120.442 - 0.385ms returns 0
T5AA8 000:120.476 JLINK_CORESIGHT_ReadAPDPReg(DP reg 0x00)
T5AA8 000:120.771   Value=0x6BA02477
T5AA8 000:120.812 - 0.336ms returns 0
T5AA8 000:120.841 JLINK_CORESIGHT_WriteAPDPReg(DP reg 0x01, 0x54000000)
T5AA8 000:121.089 - 0.249ms returns 0
T5AA8 000:121.121 JLINK_CORESIGHT_WriteAPDPReg(DP reg 0x01, 0x50000F00)
T5AA8 000:121.370 - 0.249ms returns 0
T5AA8 000:121.402 JLINK_CORESIGHT_WriteAPDPReg(DP reg 0x02, 0x01000000)
T5AA8 000:121.648 - 0.246ms returns 0
T5AA8 000:121.680 JLINK_CORESIGHT_WriteAPDPReg(AP reg 0x00, 0x80000002)
T5AA8 000:121.923 - 0.243ms returns 0
T5AA8 000:121.955 JLINK_CORESIGHT_WriteAPDPReg(AP reg 0x01, 0x80011100)
T5AA8 000:122.203 - 0.248ms returns 0
T5AA8 000:122.234 JLINK_CORESIGHT_WriteAPDPReg(AP reg 0x03, 0x000000A5)
T5AA8 000:122.477 - 0.243ms returns 0
T5AA8 000:122.509 JLINK_CORESIGHT_WriteAPDPReg(AP reg 0x00, 0x80000002)
T5AA8 000:122.778 - 0.269ms returns 0
T5AA8 000:122.810 JLINK_CORESIGHT_WriteAPDPReg(AP reg 0x01, 0x80011100)
T5AA8 000:123.045 - 0.234ms returns 0
T5AA8 000:123.077 JLINK_CORESIGHT_ReadAPDPReg(AP reg 0x03)
T5AA8 000:123.368   Value=0x000000A5
T5AA8 000:123.409 - 0.332ms returns 0
T5AA8 000:123.438 JLINK_ClrTMS()
T5AA8 000:123.558 - 0.120ms
T5AA8 000:128.649 JLINK_SetTCK()
T5AA8 000:128.868 - 0.218ms returns 0
T5AA8 000:134.903 JLINK_SetRESET()
T5AA8 000:135.343 - 0.439ms
T5AA8 000:335.651 JLINK_CORESIGHT_WriteAPDPReg(AP reg 0x00, 0x80000002)
T5AA8 000:336.593 - 0.940ms returns 0
T5AA8 000:336.870 JLINK_CORESIGHT_WriteAPDPReg(AP reg 0x01, 0x80011100)
T5AA8 000:337.637 - 0.764ms returns 0
T5AA8 000:337.866 JLINK_CORESIGHT_ReadAPDPReg(AP reg 0x03)
T5AA8 000:338.430   Value=0x00000000
T5AA8 000:338.551 - 0.686ms returns 0
T5AA8 000:338.621 JLINK_CORESIGHT_WriteAPDPReg(AP reg 0x00, 0x80000002)
T5AA8 000:339.205 - 0.581ms returns 0
T5AA8 000:339.380 JLINK_CORESIGHT_WriteAPDPReg(AP reg 0x01, 0x80011140)
T5AA8 000:339.970 - 0.588ms returns 0
T5AA8 000:340.125 JLINK_CORESIGHT_ReadAPDPReg(AP reg 0x03)
T5AA8 000:340.750   Value=0x00000002
T5AA8 000:340.848 - 0.723ms returns 0
T5AA8 000:340.904 JLINK_CORESIGHT_WriteAPDPReg(AP reg 0x00, 0x80000002)
T5AA8 000:341.384 - 0.479ms returns 0
T5AA8 000:341.467 JLINK_CORESIGHT_WriteAPDPReg(AP reg 0x01, 0x80011120)
T5AA8 000:341.969 - 0.502ms returns 0
T5AA8 000:342.052 JLINK_CORESIGHT_WriteAPDPReg(AP reg 0x03, 0x00000055)
T5AA8 000:342.504 - 0.452ms returns 0
T5AA8 000:342.595 JLINK_CORESIGHT_WriteAPDPReg(AP reg 0x00, 0x80000002)
T5AA8 000:343.098 - 0.503ms returns 0
T5AA8 000:343.189 JLINK_CORESIGHT_WriteAPDPReg(AP reg 0x01, 0x80011140)
T5AA8 000:343.645 - 0.456ms returns 0
T5AA8 000:343.746 JLINK_CORESIGHT_ReadAPDPReg(AP reg 0x03)
T5AA8 000:344.266   Value=0x00000000
T5AA8 000:344.384 - 0.637ms returns 0
T5AA8 000:344.448 JLINK_CORESIGHT_WriteAPDPReg(AP reg 0x00, 0x80000002)
T5AA8 000:344.992 - 0.543ms returns 0
T5AA8 000:345.103 JLINK_CORESIGHT_WriteAPDPReg(AP reg 0x01, 0x80011130)
T5AA8 000:345.607 - 0.504ms returns 0
T5AA8 000:345.716 JLINK_CORESIGHT_ReadAPDPReg(AP reg 0x03)
T5AA8 000:346.237   Value=0x000000C6
T5AA8 000:346.368 - 0.651ms returns 0
T5AA8 000:346.455 JLINK_CORESIGHT_WriteAPDPReg(AP reg 0x00, 0x80000002)
T5AA8 000:346.935 - 0.480ms returns 0
T5AA8 000:347.034 JLINK_CORESIGHT_WriteAPDPReg(AP reg 0x01, 0x80011140)
T5AA8 000:347.456 - 0.422ms returns 0
T5AA8 000:347.546 JLINK_CORESIGHT_ReadAPDPReg(AP reg 0x03)
T5AA8 000:348.009   Value=0x00000002
T5AA8 000:348.116 - 0.569ms returns 0
T5AA8 000:348.176 JLINK_CORESIGHT_WriteAPDPReg(AP reg 0x00, 0x80000002)
T5AA8 000:348.613 - 0.437ms returns 0
T5AA8 000:348.706 JLINK_CORESIGHT_WriteAPDPReg(AP reg 0x01, 0x80011120)
T5AA8 000:349.223 - 0.517ms returns 0
T5AA8 000:349.312 JLINK_CORESIGHT_WriteAPDPReg(AP reg 0x03, 0x3A010001)
T5AA8 000:349.841 - 0.528ms returns 0
T5AA8 000:349.940 JLINK_CORESIGHT_WriteAPDPReg(AP reg 0x00, 0x80000002)
T5AA8 000:350.475 - 0.535ms returns 0
T5AA8 000:350.574 JLINK_CORESIGHT_WriteAPDPReg(AP reg 0x01, 0x80011140)
T5AA8 000:351.126 - 0.551ms returns 0
T5AA8 000:351.234 JLINK_CORESIGHT_ReadAPDPReg(AP reg 0x03)
T5AA8 000:351.726   Value=0x00000002
T5AA8 000:351.824 - 0.590ms returns 0
T5AA8 000:351.886 JLINK_CORESIGHT_WriteAPDPReg(AP reg 0x00, 0x80000002)
T5AA8 000:352.334 - 0.448ms returns 0
T5AA8 000:352.407 JLINK_CORESIGHT_WriteAPDPReg(AP reg 0x01, 0x80011120)
T5AA8 000:352.851 - 0.444ms returns 0
T5AA8 000:352.928 JLINK_CORESIGHT_WriteAPDPReg(AP reg 0x03, 0x000003C5)
T5AA8 000:353.391 - 0.462ms returns 0
T5AA8 000:353.499 JLINK_CORESIGHT_WriteAPDPReg(AP reg 0x00, 0x80000002)
T5AA8 000:353.830 - 0.331ms returns 0
T5AA8 000:353.905 JLINK_CORESIGHT_WriteAPDPReg(AP reg 0x01, 0x80011140)
T5AA8 000:354.291 - 0.386ms returns 0
T5AA8 000:354.360 JLINK_CORESIGHT_ReadAPDPReg(AP reg 0x03)
T5AA8 000:354.840   Value=0x00000000
T5AA8 000:354.918 - 0.558ms returns 0
T5AA8 000:354.972 JLINK_CORESIGHT_WriteAPDPReg(AP reg 0x00, 0x80000002)
T5AA8 000:355.377 - 0.405ms returns 0
T5AA8 000:355.440 JLINK_CORESIGHT_WriteAPDPReg(AP reg 0x01, 0x80011130)
T5AA8 000:355.800 - 0.360ms returns 0
T5AA8 000:355.861 JLINK_CORESIGHT_ReadAPDPReg(AP reg 0x03)
T5AA8 000:356.270   Value=0x3A2A0081
T5AA8 000:356.339 - 0.478ms returns 0
T5AA8 000:356.389 JLINK_CORESIGHT_WriteAPDPReg(AP reg 0x00, 0x80000002)
T5AA8 000:356.790 - 0.401ms returns 0
T5AA8 000:356.848 JLINK_CORESIGHT_WriteAPDPReg(AP reg 0x01, 0x80011140)
T5AA8 000:357.238 - 0.390ms returns 0
T5AA8 000:357.306 JLINK_CORESIGHT_ReadAPDPReg(AP reg 0x03)
T5AA8 000:357.713   Value=0x00000000
T5AA8 000:357.784 - 0.478ms returns 0
T5AA8 000:357.834 JLINK_CORESIGHT_WriteAPDPReg(AP reg 0x00, 0x80000002)
T5AA8 000:358.218 - 0.384ms returns 0
T5AA8 000:358.271 JLINK_CORESIGHT_WriteAPDPReg(AP reg 0x01, 0x80011130)
T5AA8 000:358.658 - 0.387ms returns 0
T5AA8 000:358.714 JLINK_CORESIGHT_ReadAPDPReg(AP reg 0x03)
T5AA8 000:359.117   Value=0x808D5B00
T5AA8 000:359.181 - 0.466ms returns 0
T5AA8 000:359.228 JLINK_CORESIGHT_WriteAPDPReg(AP reg 0x00, 0x80000002)
T5AA8 000:359.658 - 0.430ms returns 0
T5AA8 000:359.714 JLINK_CORESIGHT_WriteAPDPReg(AP reg 0x01, 0x80011140)
T5AA8 000:360.049 - 0.335ms returns 0
T5AA8 000:360.103 JLINK_CORESIGHT_ReadAPDPReg(AP reg 0x03)
T5AA8 000:360.484   Value=0x00000000
T5AA8 000:360.543 - 0.440ms returns 0
T5AA8 000:360.587 JLINK_CORESIGHT_WriteAPDPReg(AP reg 0x00, 0x80000002)
T5AA8 000:360.965 - 0.378ms returns 0
T5AA8 000:361.014 JLINK_CORESIGHT_WriteAPDPReg(AP reg 0x01, 0x80011130)
T5AA8 000:361.357 - 0.343ms returns 0
T5AA8 000:361.407 JLINK_CORESIGHT_ReadAPDPReg(AP reg 0x03)
T5AA8 000:361.840   Value=0x0503030B
T5AA8 000:361.899 - 0.492ms returns 0
T5AA8 000:361.942 JLINK_CORESIGHT_WriteAPDPReg(AP reg 0x00, 0x80000002)
T5AA8 000:362.315 - 0.373ms returns 0
T5AA8 000:362.366 JLINK_CORESIGHT_WriteAPDPReg(AP reg 0x01, 0x80011140)
T5AA8 000:362.675 - 0.309ms returns 0
T5AA8 000:362.726 JLINK_CORESIGHT_ReadAPDPReg(AP reg 0x03)
T5AA8 000:363.102   Value=0x00000000
T5AA8 000:363.160 - 0.434ms returns 0
T5AA8 000:363.203 JLINK_CORESIGHT_WriteAPDPReg(AP reg 0x00, 0x80000002)
T5AA8 000:363.564 - 0.361ms returns 0
T5AA8 000:363.610 JLINK_CORESIGHT_WriteAPDPReg(AP reg 0x01, 0x80011130)
T5AA8 000:363.926 - 0.316ms returns 0
T5AA8 000:363.972 JLINK_CORESIGHT_ReadAPDPReg(AP reg 0x03)
T5AA8 000:364.342   Value=0x2E4B4E1C
T5AA8 000:364.397 - 0.425ms returns 0
T5AA8 000:364.437 JLINK_CORESIGHT_WriteAPDPReg(AP reg 0x00, 0x80000002)
T5AA8 000:364.806 - 0.369ms returns 0
T5AA8 000:364.850 JLINK_CORESIGHT_WriteAPDPReg(AP reg 0x01, 0x80011140)
T5AA8 000:365.215 - 0.364ms returns 0
T5AA8 000:365.277 JLINK_CORESIGHT_ReadAPDPReg(AP reg 0x03)
T5AA8 000:365.661   Value=0x00000000
T5AA8 000:365.728 - 0.451ms returns 0
T5AA8 000:365.769 JLINK_CORESIGHT_WriteAPDPReg(AP reg 0x00, 0x80000002)
T5AA8 000:366.155 - 0.386ms returns 0
T5AA8 000:366.205 JLINK_CORESIGHT_WriteAPDPReg(AP reg 0x01, 0x80011130)
T5AA8 000:366.527 - 0.321ms returns 0
T5AA8 000:366.573 JLINK_CORESIGHT_ReadAPDPReg(AP reg 0x03)
T5AA8 000:366.935   Value=0x4EFA423F
T5AA8 000:366.991 - 0.418ms returns 0
T5AA8 000:367.031 JLINK_CORESIGHT_WriteAPDPReg(AP reg 0x00, 0x80000002)
T5AA8 000:367.400 - 0.368ms returns 0
T5AA8 000:367.446 JLINK_CORESIGHT_WriteAPDPReg(AP reg 0x01, 0x80011140)
T5AA8 000:367.703 - 0.257ms returns 0
T5AA8 000:367.749 JLINK_CORESIGHT_ReadAPDPReg(AP reg 0x03)
T5AA8 000:368.133   Value=0x00000000
T5AA8 000:368.186 - 0.436ms returns 0
T5AA8 000:368.225 JLINK_CORESIGHT_WriteAPDPReg(AP reg 0x00, 0x80000002)
T5AA8 000:368.668 - 0.441ms returns 0
T5AA8 000:368.778 JLINK_CORESIGHT_WriteAPDPReg(AP reg 0x01, 0x80011130)
T5AA8 000:369.115 - 0.338ms returns 0
T5AA8 000:369.190 JLINK_CORESIGHT_ReadAPDPReg(AP reg 0x03)
T5AA8 000:369.564   Value=0x34503036
T5AA8 000:369.638 - 0.447ms returns 0
T5AA8 000:369.685 JLINK_CORESIGHT_WriteAPDPReg(AP reg 0x00, 0x80000002)
T5AA8 000:370.001 - 0.315ms returns 0
T5AA8 000:370.066 JLINK_CORESIGHT_WriteAPDPReg(AP reg 0x01, 0x80011140)
T5AA8 000:370.395 - 0.328ms returns 0
T5AA8 000:370.458 JLINK_CORESIGHT_ReadAPDPReg(AP reg 0x03)
T5AA8 000:370.815   Value=0x00000000
T5AA8 000:370.869 - 0.411ms returns 0
T5AA8 000:370.901 JLINK_CORESIGHT_WriteAPDPReg(AP reg 0x00, 0x80000002)
T5AA8 000:371.268 - 0.367ms returns 0
T5AA8 000:371.301 JLINK_CORESIGHT_WriteAPDPReg(AP reg 0x01, 0x80011130)
T5AA8 000:371.567 - 0.265ms returns 0
T5AA8 000:371.599 JLINK_CORESIGHT_ReadAPDPReg(AP reg 0x03)
T5AA8 000:371.894   Value=0x6A052D35
T5AA8 000:371.939 - 0.340ms returns 0
T5AA8 000:371.965 JLINK_CORESIGHT_WriteAPDPReg(AP reg 0x00, 0x80000002)
T5AA8 000:372.205 - 0.239ms returns 0
T5AA8 000:372.235 JLINK_CORESIGHT_WriteAPDPReg(AP reg 0x01, 0x80011140)
T5AA8 000:372.473 - 0.237ms returns 0
T5AA8 000:372.503 JLINK_CORESIGHT_ReadAPDPReg(AP reg 0x03)
T5AA8 000:372.826   Value=0x00000000
T5AA8 000:372.865 - 0.362ms returns 0
T5AA8 000:372.893 JLINK_CORESIGHT_WriteAPDPReg(AP reg 0x00, 0x80000002)
T5AA8 000:373.130 - 0.237ms returns 0
T5AA8 000:373.160 JLINK_CORESIGHT_WriteAPDPReg(AP reg 0x01, 0x80011130)
T5AA8 000:373.391 - 0.231ms returns 0
T5AA8 000:373.420 JLINK_CORESIGHT_ReadAPDPReg(AP reg 0x03)
T5AA8 000:373.695   Value=0x46375289
T5AA8 000:373.730 - 0.310ms returns 0
T5AA8 000:373.755 JLINK_CORESIGHT_WriteAPDPReg(AP reg 0x00, 0x80000002)
T5AA8 000:373.991 - 0.236ms returns 0
T5AA8 000:374.019 JLINK_CORESIGHT_WriteAPDPReg(AP reg 0x01, 0x80011140)
T5AA8 000:374.250 - 0.230ms returns 0
T5AA8 000:374.279 JLINK_CORESIGHT_ReadAPDPReg(AP reg 0x03)
T5AA8 000:374.569   Value=0x00000000
T5AA8 000:374.612 - 0.333ms returns 0
T5AA8 000:374.640 JLINK_CORESIGHT_WriteAPDPReg(AP reg 0x00, 0x80000002)
T5AA8 000:374.884 - 0.245ms returns 0
T5AA8 000:374.915 JLINK_CORESIGHT_WriteAPDPReg(AP reg 0x01, 0x80011130)
T5AA8 000:375.179 - 0.264ms returns 0
T5AA8 000:375.218 JLINK_CORESIGHT_ReadAPDPReg(AP reg 0x03)
T5AA8 000:375.505   Value=0x314D3841
T5AA8 000:375.541 - 0.322ms returns 0
T5AA8 000:375.566 JLINK_CORESIGHT_WriteAPDPReg(AP reg 0x00, 0x80000002)
T5AA8 000:375.800 - 0.234ms returns 0
T5AA8 000:375.830 JLINK_CORESIGHT_WriteAPDPReg(AP reg 0x01, 0x80011140)
T5AA8 000:376.065 - 0.235ms returns 0
T5AA8 000:376.095 JLINK_CORESIGHT_ReadAPDPReg(AP reg 0x03)
T5AA8 000:376.376   Value=0x00000000
T5AA8 000:376.412 - 0.317ms returns 0
T5AA8 000:376.438 JLINK_CORESIGHT_WriteAPDPReg(AP reg 0x00, 0x80000002)
T5AA8 000:376.669 - 0.230ms returns 0
T5AA8 000:376.698 JLINK_CORESIGHT_WriteAPDPReg(AP reg 0x01, 0x80011130)
T5AA8 000:376.940 - 0.242ms returns 0
T5AA8 000:376.969 JLINK_CORESIGHT_ReadAPDPReg(AP reg 0x03)
T5AA8 000:377.265   Value=0x43454841
T5AA8 000:377.301 - 0.331ms returns 0
T5AA8 000:377.327 JLINK_CORESIGHT_WriteAPDPReg(AP reg 0x00, 0x80000002)
T5AA8 000:377.562 - 0.235ms returns 0
T5AA8 000:377.591 JLINK_CORESIGHT_WriteAPDPReg(AP reg 0x01, 0x80011140)
T5AA8 000:377.823 - 0.232ms returns 0
T5AA8 000:377.853 JLINK_CORESIGHT_ReadAPDPReg(AP reg 0x03)
T5AA8 000:378.134   Value=0x00000000
T5AA8 000:378.170 - 0.317ms returns 0
T5AA8 000:378.197 JLINK_CORESIGHT_WriteAPDPReg(AP reg 0x00, 0x80000002)
T5AA8 000:378.426 - 0.229ms returns 0
T5AA8 000:378.455 JLINK_CORESIGHT_WriteAPDPReg(AP reg 0x01, 0x80011130)
T5AA8 000:378.694 - 0.238ms returns 0
T5AA8 000:378.721 JLINK_CORESIGHT_ReadAPDPReg(AP reg 0x03)
T5AA8 000:379.014   Value=0x20204442
T5AA8 000:379.049 - 0.327ms returns 0
T5AA8 000:379.074 JLINK_CORESIGHT_WriteAPDPReg(AP reg 0x00, 0x80000002)
T5AA8 000:379.302 - 0.228ms returns 0
T5AA8 000:379.330 JLINK_CORESIGHT_WriteAPDPReg(AP reg 0x01, 0x80011140)
T5AA8 000:379.563 - 0.233ms returns 0
T5AA8 000:379.592 JLINK_CORESIGHT_ReadAPDPReg(AP reg 0x03)
T5AA8 000:379.868   Value=0x00000000
T5AA8 000:379.902 - 0.310ms returns 0
T5AA8 000:379.927 JLINK_CORESIGHT_WriteAPDPReg(AP reg 0x00, 0x80000002)
T5AA8 000:380.158 - 0.231ms returns 0
T5AA8 000:380.188 JLINK_CORESIGHT_WriteAPDPReg(AP reg 0x01, 0x80011130)
T5AA8 000:380.413 - 0.224ms returns 0
T5AA8 000:380.441 JLINK_CORESIGHT_ReadAPDPReg(AP reg 0x03)
T5AA8 000:380.717   Value=0x00037120
T5AA8 000:380.751 - 0.310ms returns 0
T5AA8 000:381.403 JLINK_CORESIGHT_WriteAPDPReg(AP reg 0x00, 0x80000002)
T5AA8 000:381.670 - 0.268ms returns 0
T5AA8 000:381.700 JLINK_CORESIGHT_WriteAPDPReg(AP reg 0x01, 0x80011140)
T5AA8 000:381.964 - 0.264ms returns 0
T5AA8 000:381.994 JLINK_CORESIGHT_ReadAPDPReg(AP reg 0x03)
T5AA8 000:382.279   Value=0x00000002
T5AA8 000:382.313 - 0.319ms returns 0
T5AA8 000:382.337 JLINK_CORESIGHT_WriteAPDPReg(AP reg 0x00, 0x80000002)
T5AA8 000:382.670 - 0.333ms returns 0
T5AA8 000:382.703 JLINK_CORESIGHT_WriteAPDPReg(AP reg 0x01, 0x80011120)
T5AA8 000:382.939 - 0.236ms returns 0
T5AA8 000:382.965 JLINK_CORESIGHT_WriteAPDPReg(AP reg 0x03, 0x2C010001)
T5AA8 000:383.194 - 0.228ms returns 0
T5AA8 000:383.220 JLINK_CORESIGHT_WriteAPDPReg(AP reg 0x00, 0x80000002)
T5AA8 000:383.439 - 0.219ms returns 0
T5AA8 000:383.465 JLINK_CORESIGHT_WriteAPDPReg(AP reg 0x01, 0x80011140)
T5AA8 000:383.798 - 0.332ms returns 0
T5AA8 000:383.836 JLINK_CORESIGHT_ReadAPDPReg(AP reg 0x03)
T5AA8 000:384.127   Value=0x00000002
T5AA8 000:384.162 - 0.326ms returns 0
T5AA8 000:384.184 JLINK_CORESIGHT_WriteAPDPReg(AP reg 0x00, 0x80000002)
T5AA8 000:384.417 - 0.232ms returns 0
T5AA8 000:384.444 JLINK_CORESIGHT_WriteAPDPReg(AP reg 0x01, 0x80011120)
T5AA8 000:384.673 - 0.228ms returns 0
T5AA8 000:384.699 JLINK_CORESIGHT_WriteAPDPReg(AP reg 0x03, 0x000003D3)
T5AA8 000:384.940 - 0.240ms returns 0
T5AA8 000:384.966 JLINK_CORESIGHT_WriteAPDPReg(AP reg 0x00, 0x80000002)
T5AA8 000:385.189 - 0.223ms returns 0
T5AA8 000:385.215 JLINK_CORESIGHT_WriteAPDPReg(AP reg 0x01, 0x80011140)
T5AA8 000:385.441 - 0.226ms returns 0
T5AA8 000:385.467 JLINK_CORESIGHT_ReadAPDPReg(AP reg 0x03)
T5AA8 000:385.815   Value=0x00000002
T5AA8 000:385.848 - 0.381ms returns 0
T5AA8 000:385.871 JLINK_CORESIGHT_ReadAPDPReg(AP reg 0x03)
T5AA8 000:386.152   Value=0x00000002
T5AA8 000:386.185 - 0.314ms returns 0
T5AA8 000:386.208 JLINK_CORESIGHT_ReadAPDPReg(AP reg 0x03)
T5AA8 000:386.465   Value=0x00000002
T5AA8 000:386.501 - 0.293ms returns 0
T5AA8 000:386.526 JLINK_CORESIGHT_ReadAPDPReg(AP reg 0x03)
T5AA8 000:386.798   Value=0x00000002
T5AA8 000:386.834 - 0.308ms returns 0
T5AA8 000:386.859 JLINK_CORESIGHT_ReadAPDPReg(AP reg 0x03)
T5AA8 000:387.142   Value=0x00000002
T5AA8 000:387.177 - 0.317ms returns 0
T5AA8 000:387.200 JLINK_CORESIGHT_ReadAPDPReg(AP reg 0x03)
T5AA8 000:387.483   Value=0x00000000
T5AA8 000:387.518 - 0.317ms returns 0
T5AA8 000:387.542 JLINK_CORESIGHT_WriteAPDPReg(AP reg 0x00, 0x80000002)
T5AA8 000:387.769 - 0.227ms returns 0
T5AA8 000:387.794 JLINK_CORESIGHT_WriteAPDPReg(AP reg 0x01, 0x80011130)
T5AA8 000:388.015 - 0.220ms returns 0
T5AA8 000:388.039 JLINK_CORESIGHT_ReadAPDPReg(AP reg 0x03)
T5AA8 000:388.314   Value=0x2C020081
T5AA8 000:388.345 - 0.305ms returns 0
T5AA8 000:388.367 JLINK_CORESIGHT_WriteAPDPReg(AP reg 0x00, 0x80000002)
T5AA8 000:388.643 - 0.276ms returns 0
T5AA8 000:388.668 JLINK_CORESIGHT_WriteAPDPReg(AP reg 0x01, 0x80011140)
T5AA8 000:388.890 - 0.221ms returns 0
T5AA8 000:388.915 JLINK_CORESIGHT_ReadAPDPReg(AP reg 0x03)
T5AA8 000:389.189   Value=0x00000000
T5AA8 000:389.221 - 0.306ms returns 0
T5AA8 000:389.242 JLINK_CORESIGHT_WriteAPDPReg(AP reg 0x00, 0x80000002)
T5AA8 000:389.485 - 0.242ms returns 0
T5AA8 000:389.510 JLINK_CORESIGHT_WriteAPDPReg(AP reg 0x01, 0x80011130)
T5AA8 000:389.780 - 0.269ms returns 0
T5AA8 000:389.805 JLINK_CORESIGHT_ReadAPDPReg(AP reg 0x03)
T5AA8 000:390.089   Value=0x0003CE04
T5AA8 000:390.120 - 0.315ms returns 0
T5AA8 000:390.146 JLINK_CORESIGHT_WriteAPDPReg(AP reg 0x00, 0x80000002)
T5AA8 000:390.375 - 0.229ms returns 0
T5AA8 000:390.400 JLINK_CORESIGHT_WriteAPDPReg(AP reg 0x01, 0x80011140)
T5AA8 000:390.642 - 0.241ms returns 0
T5AA8 000:390.666 JLINK_CORESIGHT_ReadAPDPReg(AP reg 0x03)
T5AA8 000:390.938   Value=0x00000002
T5AA8 000:390.969 - 0.303ms returns 0
T5AA8 000:390.991 JLINK_CORESIGHT_WriteAPDPReg(AP reg 0x00, 0x80000002)
T5AA8 000:391.219 - 0.228ms returns 0
T5AA8 000:391.244 JLINK_CORESIGHT_WriteAPDPReg(AP reg 0x01, 0x80011120)
T5AA8 000:391.468 - 0.223ms returns 0
T5AA8 000:391.493 JLINK_CORESIGHT_WriteAPDPReg(AP reg 0x03, 0x73010001)
T5AA8 000:391.792 - 0.299ms returns 0
T5AA8 000:391.817 JLINK_CORESIGHT_WriteAPDPReg(AP reg 0x00, 0x80000002)
T5AA8 000:392.039 - 0.221ms returns 0
T5AA8 000:392.064 JLINK_CORESIGHT_WriteAPDPReg(AP reg 0x01, 0x80011140)
T5AA8 000:392.289 - 0.225ms returns 0
T5AA8 000:392.316 JLINK_CORESIGHT_ReadAPDPReg(AP reg 0x03)
T5AA8 000:392.642   Value=0x00000002
T5AA8 000:392.678 - 0.362ms returns 0
T5AA8 000:392.699 JLINK_CORESIGHT_WriteAPDPReg(AP reg 0x00, 0x80000002)
T5AA8 000:392.934 - 0.234ms returns 0
T5AA8 000:392.959 JLINK_CORESIGHT_WriteAPDPReg(AP reg 0x01, 0x80011120)
T5AA8 000:393.189 - 0.230ms returns 0
T5AA8 000:393.214 JLINK_CORESIGHT_WriteAPDPReg(AP reg 0x03, 0x0000038C)
T5AA8 000:393.439 - 0.224ms returns 0
T5AA8 000:393.463 JLINK_CORESIGHT_WriteAPDPReg(AP reg 0x00, 0x80000002)
T5AA8 000:393.764 - 0.301ms returns 0
T5AA8 000:393.788 JLINK_CORESIGHT_WriteAPDPReg(AP reg 0x01, 0x80011140)
T5AA8 000:394.015 - 0.227ms returns 0
T5AA8 000:394.040 JLINK_CORESIGHT_ReadAPDPReg(AP reg 0x03)
T5AA8 000:394.314   Value=0x00000002
T5AA8 000:394.344 - 0.304ms returns 0
T5AA8 000:394.365 JLINK_CORESIGHT_ReadAPDPReg(AP reg 0x03)
T5AA8 000:394.634   Value=0x00000002
T5AA8 000:394.664 - 0.299ms returns 0
T5AA8 000:394.685 JLINK_CORESIGHT_ReadAPDPReg(AP reg 0x03)
T5AA8 000:394.938   Value=0x00000002
T5AA8 000:394.968 - 0.283ms returns 0
T5AA8 000:394.989 JLINK_CORESIGHT_ReadAPDPReg(AP reg 0x03)
T5AA8 000:395.265   Value=0x00000002
T5AA8 000:395.296 - 0.307ms returns 0
T5AA8 000:395.317 JLINK_CORESIGHT_ReadAPDPReg(AP reg 0x03)
T5AA8 000:395.641   Value=0x00000002
T5AA8 000:395.671 - 0.354ms returns 0
T5AA8 000:395.692 JLINK_CORESIGHT_ReadAPDPReg(AP reg 0x03)
T5AA8 000:395.969   Value=0x00000002
T5AA8 000:395.999 - 0.307ms returns 0
T5AA8 000:396.020 JLINK_CORESIGHT_ReadAPDPReg(AP reg 0x03)
T5AA8 000:396.325   Value=0x00000002
T5AA8 000:396.357 - 0.337ms returns 0
T5AA8 000:396.379 JLINK_CORESIGHT_ReadAPDPReg(AP reg 0x03)
T5AA8 000:396.686   Value=0x00000002
T5AA8 000:396.725 - 0.345ms returns 0
T5AA8 000:396.746 JLINK_CORESIGHT_ReadAPDPReg(AP reg 0x03)
T5AA8 000:397.026   Value=0x00000002
T5AA8 000:397.059 - 0.313ms returns 0
T5AA8 000:397.081 JLINK_CORESIGHT_ReadAPDPReg(AP reg 0x03)
T5AA8 000:397.357   Value=0x00000000
T5AA8 000:397.390 - 0.309ms returns 0
T5AA8 000:397.413 JLINK_CORESIGHT_WriteAPDPReg(AP reg 0x00, 0x80000002)
T5AA8 000:397.773 - 0.360ms returns 0
T5AA8 000:397.799 JLINK_CORESIGHT_WriteAPDPReg(AP reg 0x01, 0x80011130)
T5AA8 000:398.013 - 0.214ms returns 0
T5AA8 000:398.039 JLINK_CORESIGHT_ReadAPDPReg(AP reg 0x03)
T5AA8 000:398.313   Value=0x73020081
T5AA8 000:398.347 - 0.308ms returns 0
T5AA8 000:398.371 JLINK_CORESIGHT_WriteAPDPReg(AP reg 0x00, 0x80000002)
T5AA8 000:398.821 - 0.449ms returns 0
T5AA8 000:398.866 JLINK_CORESIGHT_WriteAPDPReg(AP reg 0x01, 0x80011140)
T5AA8 000:399.147 - 0.280ms returns 0
T5AA8 000:399.193 JLINK_CORESIGHT_ReadAPDPReg(AP reg 0x03)
T5AA8 000:399.643   Value=0x00000000
T5AA8 000:399.679 - 0.486ms returns 0
T5AA8 000:399.704 JLINK_CORESIGHT_WriteAPDPReg(AP reg 0x00, 0x80000002)
T5AA8 000:399.987 - 0.283ms returns 0
T5AA8 000:400.014 JLINK_CORESIGHT_WriteAPDPReg(AP reg 0x01, 0x80011130)
T5AA8 000:400.280 - 0.266ms returns 0
T5AA8 000:400.307 JLINK_CORESIGHT_ReadAPDPReg(AP reg 0x03)
T5AA8 000:400.643   Value=0x00038902
T5AA8 000:400.677 - 0.370ms returns 0
T5AA8 000:400.702 JLINK_CORESIGHT_WriteAPDPReg(AP reg 0x00, 0x80000002)
T5AA8 000:400.963 - 0.260ms returns 0
T5AA8 000:400.990 JLINK_CORESIGHT_WriteAPDPReg(AP reg 0x01, 0x80011140)
T5AA8 000:401.222 - 0.232ms returns 0
T5AA8 000:401.249 JLINK_CORESIGHT_ReadAPDPReg(AP reg 0x03)
T5AA8 000:401.642   Value=0x00000002
T5AA8 000:401.677 - 0.427ms returns 0
T5AA8 000:401.701 JLINK_CORESIGHT_WriteAPDPReg(AP reg 0x00, 0x80000002)
T5AA8 000:401.960 - 0.259ms returns 0
T5AA8 000:401.987 JLINK_CORESIGHT_WriteAPDPReg(AP reg 0x01, 0x80011120)
T5AA8 000:402.221 - 0.233ms returns 0
T5AA8 000:402.249 JLINK_CORESIGHT_WriteAPDPReg(AP reg 0x03, 0x75010001)
T5AA8 000:402.538 - 0.289ms returns 0
T5AA8 000:402.566 JLINK_CORESIGHT_WriteAPDPReg(AP reg 0x00, 0x80000002)
T5AA8 000:402.786 - 0.220ms returns 0
T5AA8 000:402.813 JLINK_CORESIGHT_WriteAPDPReg(AP reg 0x01, 0x80011140)
T5AA8 000:403.040 - 0.226ms returns 0
T5AA8 000:403.067 JLINK_CORESIGHT_ReadAPDPReg(AP reg 0x03)
T5AA8 000:403.339   Value=0x00000002
T5AA8 000:403.377 - 0.310ms returns 0
T5AA8 000:403.404 JLINK_CORESIGHT_WriteAPDPReg(AP reg 0x00, 0x80000002)
T5AA8 000:403.643 - 0.239ms returns 0
T5AA8 000:403.670 JLINK_CORESIGHT_WriteAPDPReg(AP reg 0x01, 0x80011120)
T5AA8 000:403.890 - 0.220ms returns 0
T5AA8 000:403.917 JLINK_CORESIGHT_WriteAPDPReg(AP reg 0x03, 0x0000038A)
T5AA8 000:404.140 - 0.223ms returns 0
T5AA8 000:404.167 JLINK_CORESIGHT_WriteAPDPReg(AP reg 0x00, 0x80000002)
T5AA8 000:404.390 - 0.222ms returns 0
T5AA8 000:404.416 JLINK_CORESIGHT_WriteAPDPReg(AP reg 0x01, 0x80011140)
T5AA8 000:404.643 - 0.226ms returns 0
T5AA8 000:404.670 JLINK_CORESIGHT_ReadAPDPReg(AP reg 0x03)
T5AA8 000:404.939   Value=0x00000000
T5AA8 000:404.972 - 0.302ms returns 0
T5AA8 000:404.995 JLINK_CORESIGHT_WriteAPDPReg(AP reg 0x00, 0x80000002)
T5AA8 000:405.226 - 0.231ms returns 0
T5AA8 000:405.252 JLINK_CORESIGHT_WriteAPDPReg(AP reg 0x01, 0x80011130)
T5AA8 000:405.523 - 0.271ms returns 0
T5AA8 000:405.549 JLINK_CORESIGHT_ReadAPDPReg(AP reg 0x03)
T5AA8 000:405.838   Value=0x75020081
T5AA8 000:405.871 - 0.322ms returns 0
T5AA8 000:405.894 JLINK_CORESIGHT_WriteAPDPReg(AP reg 0x00, 0x80000002)
T5AA8 000:406.119 - 0.226ms returns 0
T5AA8 000:406.144 JLINK_CORESIGHT_WriteAPDPReg(AP reg 0x01, 0x80011140)
T5AA8 000:406.376 - 0.231ms returns 0
T5AA8 000:406.403 JLINK_CORESIGHT_ReadAPDPReg(AP reg 0x03)
T5AA8 000:406.668   Value=0x00000000
T5AA8 000:406.699 - 0.296ms returns 0
T5AA8 000:406.722 JLINK_CORESIGHT_WriteAPDPReg(AP reg 0x00, 0x80000002)
T5AA8 000:406.951 - 0.229ms returns 0
T5AA8 000:406.978 JLINK_CORESIGHT_WriteAPDPReg(AP reg 0x01, 0x80011130)
T5AA8 000:407.246 - 0.267ms returns 0
T5AA8 000:407.281 JLINK_CORESIGHT_ReadAPDPReg(AP reg 0x03)
T5AA8 000:407.560   Value=0x00038702
T5AA8 000:407.593 - 0.312ms returns 0
T5AA8 000:408.165 JLINK_CORESIGHT_WriteAPDPReg(AP reg 0x00, 0x80000002)
T5AA8 000:408.416 - 0.250ms returns 0
T5AA8 000:408.442 JLINK_CORESIGHT_WriteAPDPReg(AP reg 0x01, 0x80011140)
T5AA8 000:408.675 - 0.233ms returns 0
T5AA8 000:408.702 JLINK_CORESIGHT_ReadAPDPReg(AP reg 0x03)
T5AA8 000:408.990   Value=0x00000002
T5AA8 000:409.024 - 0.321ms returns 0
T5AA8 000:409.048 JLINK_CORESIGHT_WriteAPDPReg(AP reg 0x00, 0x80000002)
T5AA8 000:409.282 - 0.233ms returns 0
T5AA8 000:409.310 JLINK_CORESIGHT_WriteAPDPReg(AP reg 0x01, 0x80011120)
T5AA8 000:409.540 - 0.230ms returns 0
T5AA8 000:409.567 JLINK_CORESIGHT_WriteAPDPReg(AP reg 0x03, 0x4F010001)
T5AA8 000:409.789 - 0.223ms returns 0
T5AA8 000:409.816 JLINK_CORESIGHT_WriteAPDPReg(AP reg 0x00, 0x80000002)
T5AA8 000:410.055 - 0.239ms returns 0
T5AA8 000:410.081 JLINK_CORESIGHT_WriteAPDPReg(AP reg 0x01, 0x80011140)
T5AA8 000:410.315 - 0.234ms returns 0
T5AA8 000:410.340 JLINK_CORESIGHT_ReadAPDPReg(AP reg 0x03)
T5AA8 000:410.634   Value=0x00000002
T5AA8 000:410.667 - 0.326ms returns 0
T5AA8 000:410.690 JLINK_CORESIGHT_WriteAPDPReg(AP reg 0x00, 0x80000002)
T5AA8 000:410.915 - 0.225ms returns 0
T5AA8 000:410.942 JLINK_CORESIGHT_WriteAPDPReg(AP reg 0x01, 0x80011120)
T5AA8 000:411.165 - 0.223ms returns 0
T5AA8 000:411.192 JLINK_CORESIGHT_WriteAPDPReg(AP reg 0x03, 0x000003B0)
T5AA8 000:411.414 - 0.222ms returns 0
T5AA8 000:411.441 JLINK_CORESIGHT_WriteAPDPReg(AP reg 0x00, 0x80000002)
T5AA8 000:411.667 - 0.226ms returns 0
T5AA8 000:411.693 JLINK_CORESIGHT_WriteAPDPReg(AP reg 0x01, 0x80011140)
T5AA8 000:411.913 - 0.220ms returns 0
T5AA8 000:411.939 JLINK_CORESIGHT_ReadAPDPReg(AP reg 0x03)
T5AA8 000:412.226   Value=0x00000002
T5AA8 000:412.259 - 0.319ms returns 0
T5AA8 000:412.281 JLINK_CORESIGHT_ReadAPDPReg(AP reg 0x03)
T5AA8 000:412.555   Value=0x00000002
T5AA8 000:412.588 - 0.307ms returns 0
T5AA8 000:412.611 JLINK_CORESIGHT_ReadAPDPReg(AP reg 0x03)
T5AA8 000:412.891   Value=0x00000002
T5AA8 000:412.924 - 0.313ms returns 0
T5AA8 000:412.947 JLINK_CORESIGHT_ReadAPDPReg(AP reg 0x03)
T5AA8 000:413.226   Value=0x00000002
T5AA8 000:413.259 - 0.312ms returns 0
T5AA8 000:413.281 JLINK_CORESIGHT_ReadAPDPReg(AP reg 0x03)
T5AA8 000:413.556   Value=0x00000000
T5AA8 000:413.589 - 0.307ms returns 0
T5AA8 000:413.617 JLINK_CORESIGHT_WriteAPDPReg(AP reg 0x00, 0x80000002)
T5AA8 000:413.847 - 0.230ms returns 0
T5AA8 000:413.872 JLINK_CORESIGHT_WriteAPDPReg(AP reg 0x01, 0x80011130)
T5AA8 000:414.151 - 0.278ms returns 0
T5AA8 000:414.189 JLINK_CORESIGHT_ReadAPDPReg(AP reg 0x03)
T5AA8 000:414.548   Value=0x4F0B0081
T5AA8 000:414.597 - 0.407ms returns 0
T5AA8 000:414.619 JLINK_CORESIGHT_WriteAPDPReg(AP reg 0x00, 0x80000002)
T5AA8 000:414.858 - 0.239ms returns 0
T5AA8 000:414.890 JLINK_CORESIGHT_WriteAPDPReg(AP reg 0x01, 0x80011140)
T5AA8 000:415.150 - 0.260ms returns 0
T5AA8 000:415.177 JLINK_CORESIGHT_ReadAPDPReg(AP reg 0x03)
T5AA8 000:415.491   Value=0x00000000
T5AA8 000:415.523 - 0.346ms returns 0
T5AA8 000:415.544 JLINK_CORESIGHT_WriteAPDPReg(AP reg 0x00, 0x80000002)
T5AA8 000:415.937 - 0.393ms returns 0
T5AA8 000:415.966 JLINK_CORESIGHT_WriteAPDPReg(AP reg 0x01, 0x80011130)
T5AA8 000:416.189 - 0.223ms returns 0
T5AA8 000:416.216 JLINK_CORESIGHT_ReadAPDPReg(AP reg 0x03)
T5AA8 000:416.489   Value=0xE03F0000
T5AA8 000:416.520 - 0.304ms returns 0
T5AA8 000:416.541 JLINK_CORESIGHT_WriteAPDPReg(AP reg 0x00, 0x80000002)
T5AA8 000:416.770 - 0.228ms returns 0
T5AA8 000:416.794 JLINK_CORESIGHT_WriteAPDPReg(AP reg 0x01, 0x80011140)
T5AA8 000:417.013 - 0.219ms returns 0
T5AA8 000:417.037 JLINK_CORESIGHT_ReadAPDPReg(AP reg 0x03)
T5AA8 000:417.314   Value=0x00000000
T5AA8 000:417.343 - 0.306ms returns 0
T5AA8 000:417.364 JLINK_CORESIGHT_WriteAPDPReg(AP reg 0x00, 0x80000002)
T5AA8 000:417.641 - 0.277ms returns 0
T5AA8 000:417.666 JLINK_CORESIGHT_WriteAPDPReg(AP reg 0x01, 0x80011130)
T5AA8 000:417.889 - 0.223ms returns 0
T5AA8 000:417.913 JLINK_CORESIGHT_ReadAPDPReg(AP reg 0x03)
T5AA8 000:418.237   Value=0x00003F00
T5AA8 000:418.284 - 0.370ms returns 0
T5AA8 000:418.306 JLINK_CORESIGHT_WriteAPDPReg(AP reg 0x00, 0x80000002)
T5AA8 000:418.541 - 0.235ms returns 0
T5AA8 000:418.571 JLINK_CORESIGHT_WriteAPDPReg(AP reg 0x01, 0x80011140)
T5AA8 000:418.788 - 0.217ms returns 0
T5AA8 000:418.813 JLINK_CORESIGHT_ReadAPDPReg(AP reg 0x03)
T5AA8 000:419.089   Value=0x00000000
T5AA8 000:419.120 - 0.307ms returns 0
T5AA8 000:419.142 JLINK_CORESIGHT_WriteAPDPReg(AP reg 0x00, 0x80000002)
T5AA8 000:419.372 - 0.230ms returns 0
T5AA8 000:419.400 JLINK_CORESIGHT_WriteAPDPReg(AP reg 0x01, 0x80011130)
T5AA8 000:419.642 - 0.242ms returns 0
T5AA8 000:419.667 JLINK_CORESIGHT_ReadAPDPReg(AP reg 0x03)
T5AA8 000:419.955   Value=0x03480000
T5AA8 000:419.986 - 0.318ms returns 0
T5AA8 000:420.017 JLINK_CORESIGHT_ReadAPDPReg(DP reg 0x01)
T5AA8 000:420.243   Value=0xF0000F40
T5AA8 000:420.273 - 0.256ms returns 0
T5AA8 000:420.294 JLINK_CORESIGHT_WriteAPDPReg(DP reg 0x01, 0xA0000F40)
T5AA8 000:420.523 - 0.228ms returns 0
T5AA8 000:420.547 JLINK_CORESIGHT_ReadAPDPReg(DP reg 0x01)
T5AA8 000:420.763   Value=0x00000F40
T5AA8 000:420.794 - 0.247ms returns 0
T5AA8 000:420.815 JLINK_ClrRESET()
T5AA8 000:421.079 - 0.264ms
T5AA8 000:531.061 JLINK_Close()
T5AA8 000:549.461 - 18.397ms
T5AA8 000:549.588   
T5AA8 000:549.637   Closed
