T3890 000:000.780   SEGGER J-Link V7.96a Log File
T3890 000:000.890   DLL Compiled: Mar 14 2024 17:11:32
T3890 000:000.902   Logging started @ 2024-04-26 08:48
T3890 000:000.913   Process: C:\Users\trung.tran-quoc\.eclipse\com.renesas.platform_323107225\DebugComp\RA\e2-server-gdb.exe
T3890 000:000.925 - 0.924ms
T3890 000:000.942 JLINK_GetDLLVersion()
T3890 000:000.956 - 0.011ms returns 79601
T3890 000:001.766 JLINK_OpenEx(...)
T3890 000:006.326   Firmware: J-Link OB-RA4M2 compiled Mar 14 2024 13:23:21
T3890 000:007.044   Firmware: J-Link OB-RA4M2 compiled Mar 14 2024 13:23:21
T3890 000:021.469   Hardware: V1.00
T3890 000:021.509   S/N: 1083382679
T3890 000:021.527   OEM: SEGGER
T3890 000:021.548   Feature(s): None
T3890 000:022.200   Bootloader: 2021 May 14
T3890 000:022.671   USB speed mode: Full speed (12 MBit/s)
T3890 000:023.067   TELNET listener socket opened on port 19021
T3890 000:023.218   WEBSRV WEBSRV_Init(): Starting webserver thread(s)
T3890 000:023.352   WEBSRV Webserver running on local port 19080
T3890 000:023.442   Looking for J-Link GUI Server exe at: C:\Users\trung.tran-quoc\.eclipse\com.renesas.platform_323107225\DebugComp\RA\ARM\Segger_v7.96.1\JLinkGUIServer.exe
T3890 000:023.539   Looking for J-Link GUI Server exe at: C:\Users\trung.tran-quoc\SEGGER\JLink_V794g\JLinkGUIServer.exe
T3890 000:023.573   Forking J-Link GUI Server: C:\Users\trung.tran-quoc\SEGGER\JLink_V794g\JLinkGUIServer.exe
T3890 000:058.712   J-Link GUI Server info: "J-Link GUI server V7.94g "
T3890 000:059.269 - 57.498ms returns "O.K."
T3890 000:059.382 JLINK_TIF_Select(JLINKARM_TIF_SWD)
T3890 000:060.162 - 0.780ms returns 0x00
T3890 000:060.206 JLINK_ClrRESET()
T3890 000:060.492 - 0.282ms
T3890 000:111.108 JLINK_SetSpeed(1500)
T3890 000:111.338 - 0.251ms
T3890 000:111.358 JLINK_CORESIGHT_Configure(PerformTIFInit=0)
T3890 000:111.981 - 0.620ms returns 0
T3890 000:112.024 JLINK_CORESIGHT_ReadAPDPReg(DP reg 0x00)
T3890 000:112.717   Value=0x6BA02477
T3890 000:112.756 - 0.733ms returns 0
T3890 000:112.771 JLINK_CORESIGHT_WriteAPDPReg(DP reg 0x00, 0x0000001F)
T3890 000:113.226 - 0.455ms returns 0
T3890 000:113.242 JLINK_CORESIGHT_ReadAPDPReg(DP reg 0x00)
T3890 000:113.621   Value=0x6BA02477
T3890 000:113.647 - 0.405ms returns 0
T3890 000:113.662 JLINK_CORESIGHT_WriteAPDPReg(DP reg 0x02, 0x00000000)
T3890 000:113.956 - 0.294ms returns 0
T3890 000:113.991 JLINK_CORESIGHT_WriteAPDPReg(DP reg 0x01, 0x50000000)
T3890 000:114.332 - 0.338ms returns 0
T3890 000:114.358 JLINK_CORESIGHT_ReadAPDPReg(DP reg 0x01)
T3890 000:114.739   Value=0xF0000040
T3890 000:114.778 - 0.419ms returns 0
T3890 000:114.797 JLINK_CORESIGHT_WriteAPDPReg(DP reg 0x00, 0x0000001F)
T3890 000:114.967 - 0.170ms returns 0
T3890 000:114.983 JLINK_CORESIGHT_ReadAPDPReg(DP reg 0x00)
T3890 000:115.692   Value=0x6BA02477
T3890 000:115.711 - 0.728ms returns 0
T3890 000:115.726 JLINK_CORESIGHT_WriteAPDPReg(DP reg 0x01, 0x54000000)
T3890 000:116.173 - 0.447ms returns 0
T3890 000:116.220 JLINK_CORESIGHT_WriteAPDPReg(DP reg 0x01, 0x50000F00)
T3890 000:118.649 - 2.424ms returns 0
T3890 000:118.741 JLINK_CORESIGHT_WriteAPDPReg(DP reg 0x02, 0x01000000)
T3890 000:119.052 - 0.310ms returns 0
T3890 000:119.066 JLINK_CORESIGHT_WriteAPDPReg(AP reg 0x00, 0x80000002)
T3890 000:119.292 - 0.226ms returns 0
T3890 000:119.307 JLINK_CORESIGHT_WriteAPDPReg(AP reg 0x01, 0x80011100)
T3890 000:119.607 - 0.301ms returns 0
T3890 000:119.647 JLINK_CORESIGHT_WriteAPDPReg(AP reg 0x03, 0x000000A5)
T3890 000:119.888 - 0.240ms returns 0
T3890 000:119.902 JLINK_CORESIGHT_WriteAPDPReg(AP reg 0x00, 0x80000002)
T3890 000:120.142 - 0.240ms returns 0
T3890 000:120.156 JLINK_CORESIGHT_WriteAPDPReg(AP reg 0x01, 0x80011100)
T3890 000:120.391 - 0.235ms returns 0
T3890 000:120.405 JLINK_CORESIGHT_ReadAPDPReg(AP reg 0x03)
T3890 000:120.770   Value=0x000000A5
T3890 000:120.800 - 0.395ms returns 0
T3890 000:120.813 JLINK_ClrTMS()
T3890 000:120.892 - 0.078ms
T3890 000:126.161 JLINK_SetTCK()
T3890 000:126.413 - 0.254ms returns 0
T3890 000:132.280 JLINK_SetRESET()
T3890 000:132.505 - 0.225ms
T3890 000:333.195 JLINK_CORESIGHT_WriteAPDPReg(AP reg 0x00, 0x80000002)
T3890 000:333.833 - 0.639ms returns 0
T3890 000:333.935 JLINK_CORESIGHT_WriteAPDPReg(AP reg 0x01, 0x80011100)
T3890 000:334.472 - 0.534ms returns 0
T3890 000:334.649 JLINK_CORESIGHT_ReadAPDPReg(AP reg 0x03)
T3890 000:335.185   Value=0x00000000
T3890 000:335.324 - 0.675ms returns 0
T3890 000:335.387 JLINK_CORESIGHT_WriteAPDPReg(AP reg 0x00, 0x80000002)
T3890 000:335.960 - 0.572ms returns 0
T3890 000:336.070 JLINK_CORESIGHT_WriteAPDPReg(AP reg 0x01, 0x80011140)
T3890 000:336.497 - 0.427ms returns 0
T3890 000:336.584 JLINK_CORESIGHT_ReadAPDPReg(AP reg 0x03)
T3890 000:337.079   Value=0x00000002
T3890 000:337.163 - 0.578ms returns 0
T3890 000:337.217 JLINK_CORESIGHT_WriteAPDPReg(AP reg 0x00, 0x80000002)
T3890 000:337.682 - 0.465ms returns 0
T3890 000:337.746 JLINK_CORESIGHT_WriteAPDPReg(AP reg 0x01, 0x80011120)
T3890 000:338.151 - 0.405ms returns 0
T3890 000:338.213 JLINK_CORESIGHT_WriteAPDPReg(AP reg 0x03, 0x00000055)
T3890 000:338.563 - 0.349ms returns 0
T3890 000:338.627 JLINK_CORESIGHT_WriteAPDPReg(AP reg 0x00, 0x80000002)
T3890 000:339.024 - 0.396ms returns 0
T3890 000:339.087 JLINK_CORESIGHT_WriteAPDPReg(AP reg 0x01, 0x80011140)
T3890 000:339.438 - 0.351ms returns 0
T3890 000:339.502 JLINK_CORESIGHT_ReadAPDPReg(AP reg 0x03)
T3890 000:339.942   Value=0x00000000
T3890 000:340.023 - 0.521ms returns 0
T3890 000:340.079 JLINK_CORESIGHT_WriteAPDPReg(AP reg 0x00, 0x80000002)
T3890 000:340.483 - 0.404ms returns 0
T3890 000:340.546 JLINK_CORESIGHT_WriteAPDPReg(AP reg 0x01, 0x80011130)
T3890 000:340.914 - 0.367ms returns 0
T3890 000:340.976 JLINK_CORESIGHT_ReadAPDPReg(AP reg 0x03)
T3890 000:341.453   Value=0x000000C6
T3890 000:341.534 - 0.558ms returns 0
T3890 000:341.600 JLINK_CORESIGHT_WriteAPDPReg(AP reg 0x00, 0x80000002)
T3890 000:342.014 - 0.414ms returns 0
T3890 000:342.077 JLINK_CORESIGHT_WriteAPDPReg(AP reg 0x01, 0x80011140)
T3890 000:342.434 - 0.357ms returns 0
T3890 000:342.497 JLINK_CORESIGHT_ReadAPDPReg(AP reg 0x03)
T3890 000:342.948   Value=0x00000002
T3890 000:343.029 - 0.532ms returns 0
T3890 000:343.085 JLINK_CORESIGHT_WriteAPDPReg(AP reg 0x00, 0x80000002)
T3890 000:343.492 - 0.408ms returns 0
T3890 000:343.556 JLINK_CORESIGHT_WriteAPDPReg(AP reg 0x01, 0x80011120)
T3890 000:343.910 - 0.354ms returns 0
T3890 000:343.974 JLINK_CORESIGHT_WriteAPDPReg(AP reg 0x03, 0x3A010001)
T3890 000:344.397 - 0.423ms returns 0
T3890 000:344.461 JLINK_CORESIGHT_WriteAPDPReg(AP reg 0x00, 0x80000002)
T3890 000:344.886 - 0.425ms returns 0
T3890 000:344.949 JLINK_CORESIGHT_WriteAPDPReg(AP reg 0x01, 0x80011140)
T3890 000:345.305 - 0.356ms returns 0
T3890 000:345.371 JLINK_CORESIGHT_ReadAPDPReg(AP reg 0x03)
T3890 000:345.764   Value=0x00000002
T3890 000:345.847 - 0.476ms returns 0
T3890 000:345.903 JLINK_CORESIGHT_WriteAPDPReg(AP reg 0x00, 0x80000002)
T3890 000:346.213 - 0.310ms returns 0
T3890 000:346.282 JLINK_CORESIGHT_WriteAPDPReg(AP reg 0x01, 0x80011120)
T3890 000:346.650 - 0.368ms returns 0
T3890 000:346.713 JLINK_CORESIGHT_WriteAPDPReg(AP reg 0x03, 0x000003C5)
T3890 000:347.011 - 0.298ms returns 0
T3890 000:347.076 JLINK_CORESIGHT_WriteAPDPReg(AP reg 0x00, 0x80000002)
T3890 000:347.378 - 0.302ms returns 0
T3890 000:347.442 JLINK_CORESIGHT_WriteAPDPReg(AP reg 0x01, 0x80011140)
T3890 000:347.755 - 0.313ms returns 0
T3890 000:347.819 JLINK_CORESIGHT_ReadAPDPReg(AP reg 0x03)
T3890 000:348.174   Value=0x00000002
T3890 000:348.249 - 0.430ms returns 0
T3890 000:348.300 JLINK_CORESIGHT_ReadAPDPReg(AP reg 0x03)
T3890 000:348.645   Value=0x00000002
T3890 000:348.721 - 0.421ms returns 0
T3890 000:348.772 JLINK_CORESIGHT_ReadAPDPReg(AP reg 0x03)
T3890 000:349.171   Value=0x00000002
T3890 000:349.304 - 0.531ms returns 0
T3890 000:349.361 JLINK_CORESIGHT_ReadAPDPReg(AP reg 0x03)
T3890 000:349.774   Value=0x00000000
T3890 000:349.870 - 0.510ms returns 0
T3890 000:349.922 JLINK_CORESIGHT_WriteAPDPReg(AP reg 0x00, 0x80000002)
T3890 000:350.305 - 0.382ms returns 0
T3890 000:350.397 JLINK_CORESIGHT_WriteAPDPReg(AP reg 0x01, 0x80011130)
T3890 000:350.806 - 0.407ms returns 0
T3890 000:350.900 JLINK_CORESIGHT_ReadAPDPReg(AP reg 0x03)
T3890 000:351.338   Value=0x3A2A0081
T3890 000:351.446 - 0.546ms returns 0
T3890 000:351.502 JLINK_CORESIGHT_WriteAPDPReg(AP reg 0x00, 0x80000002)
T3890 000:351.891 - 0.389ms returns 0
T3890 000:351.966 JLINK_CORESIGHT_WriteAPDPReg(AP reg 0x01, 0x80011140)
T3890 000:352.311 - 0.344ms returns 0
T3890 000:352.376 JLINK_CORESIGHT_ReadAPDPReg(AP reg 0x03)
T3890 000:352.764   Value=0x00000000
T3890 000:352.833 - 0.457ms returns 0
T3890 000:352.885 JLINK_CORESIGHT_WriteAPDPReg(AP reg 0x00, 0x80000002)
T3890 000:353.181 - 0.297ms returns 0
T3890 000:353.239 JLINK_CORESIGHT_WriteAPDPReg(AP reg 0x01, 0x80011130)
T3890 000:353.507 - 0.268ms returns 0
T3890 000:353.563 JLINK_CORESIGHT_ReadAPDPReg(AP reg 0x03)
T3890 000:353.926   Value=0x808D5B00
T3890 000:353.995 - 0.432ms returns 0
T3890 000:354.046 JLINK_CORESIGHT_WriteAPDPReg(AP reg 0x00, 0x80000002)
T3890 000:354.335 - 0.289ms returns 0
T3890 000:354.392 JLINK_CORESIGHT_WriteAPDPReg(AP reg 0x01, 0x80011140)
T3890 000:354.757 - 0.365ms returns 0
T3890 000:354.810 JLINK_CORESIGHT_ReadAPDPReg(AP reg 0x03)
T3890 000:355.130   Value=0x00000000
T3890 000:355.194 - 0.384ms returns 0
T3890 000:355.241 JLINK_CORESIGHT_WriteAPDPReg(AP reg 0x00, 0x80000002)
T3890 000:355.528 - 0.287ms returns 0
T3890 000:355.581 JLINK_CORESIGHT_WriteAPDPReg(AP reg 0x01, 0x80011130)
T3890 000:355.878 - 0.297ms returns 0
T3890 000:355.930 JLINK_CORESIGHT_ReadAPDPReg(AP reg 0x03)
T3890 000:356.257   Value=0x0503030B
T3890 000:356.317 - 0.387ms returns 0
T3890 000:356.360 JLINK_CORESIGHT_WriteAPDPReg(AP reg 0x00, 0x80000002)
T3890 000:356.651 - 0.291ms returns 0
T3890 000:356.701 JLINK_CORESIGHT_WriteAPDPReg(AP reg 0x01, 0x80011140)
T3890 000:356.969 - 0.268ms returns 0
T3890 000:357.019 JLINK_CORESIGHT_ReadAPDPReg(AP reg 0x03)
T3890 000:357.337   Value=0x00000000
T3890 000:357.397 - 0.378ms returns 0
T3890 000:357.438 JLINK_CORESIGHT_WriteAPDPReg(AP reg 0x00, 0x80000002)
T3890 000:357.753 - 0.314ms returns 0
T3890 000:357.800 JLINK_CORESIGHT_WriteAPDPReg(AP reg 0x01, 0x80011130)
T3890 000:358.059 - 0.258ms returns 0
T3890 000:358.105 JLINK_CORESIGHT_ReadAPDPReg(AP reg 0x03)
T3890 000:358.431   Value=0x2E4B4E1C
T3890 000:358.489 - 0.383ms returns 0
T3890 000:358.530 JLINK_CORESIGHT_WriteAPDPReg(AP reg 0x00, 0x80000002)
T3890 000:358.786 - 0.256ms returns 0
T3890 000:358.833 JLINK_CORESIGHT_WriteAPDPReg(AP reg 0x01, 0x80011140)
T3890 000:359.094 - 0.261ms returns 0
T3890 000:359.141 JLINK_CORESIGHT_ReadAPDPReg(AP reg 0x03)
T3890 000:359.446   Value=0x00000000
T3890 000:359.500 - 0.359ms returns 0
T3890 000:359.539 JLINK_CORESIGHT_WriteAPDPReg(AP reg 0x00, 0x80000002)
T3890 000:359.883 - 0.344ms returns 0
T3890 000:359.927 JLINK_CORESIGHT_WriteAPDPReg(AP reg 0x01, 0x80011130)
T3890 000:360.181 - 0.254ms returns 0
T3890 000:360.225 JLINK_CORESIGHT_ReadAPDPReg(AP reg 0x03)
T3890 000:360.534   Value=0x4EFA423F
T3890 000:360.588 - 0.363ms returns 0
T3890 000:360.627 JLINK_CORESIGHT_WriteAPDPReg(AP reg 0x00, 0x80000002)
T3890 000:360.873 - 0.246ms returns 0
T3890 000:360.915 JLINK_CORESIGHT_WriteAPDPReg(AP reg 0x01, 0x80011140)
T3890 000:361.166 - 0.250ms returns 0
T3890 000:361.208 JLINK_CORESIGHT_ReadAPDPReg(AP reg 0x03)
T3890 000:361.509   Value=0x00000000
T3890 000:361.561 - 0.353ms returns 0
T3890 000:361.598 JLINK_CORESIGHT_WriteAPDPReg(AP reg 0x00, 0x80000002)
T3890 000:361.877 - 0.278ms returns 0
T3890 000:361.919 JLINK_CORESIGHT_WriteAPDPReg(AP reg 0x01, 0x80011130)
T3890 000:362.170 - 0.251ms returns 0
T3890 000:362.210 JLINK_CORESIGHT_ReadAPDPReg(AP reg 0x03)
T3890 000:362.507   Value=0x34503036
T3890 000:362.556 - 0.345ms returns 0
T3890 000:362.590 JLINK_CORESIGHT_WriteAPDPReg(AP reg 0x00, 0x80000002)
T3890 000:362.871 - 0.281ms returns 0
T3890 000:362.911 JLINK_CORESIGHT_WriteAPDPReg(AP reg 0x01, 0x80011140)
T3890 000:363.157 - 0.246ms returns 0
T3890 000:363.197 JLINK_CORESIGHT_ReadAPDPReg(AP reg 0x03)
T3890 000:363.502   Value=0x00000000
T3890 000:363.558 - 0.360ms returns 0
T3890 000:363.594 JLINK_CORESIGHT_WriteAPDPReg(AP reg 0x00, 0x80000002)
T3890 000:363.861 - 0.267ms returns 0
T3890 000:363.899 JLINK_CORESIGHT_WriteAPDPReg(AP reg 0x01, 0x80011130)
T3890 000:364.149 - 0.250ms returns 0
T3890 000:364.188 JLINK_CORESIGHT_ReadAPDPReg(AP reg 0x03)
T3890 000:364.523   Value=0x6A052D35
T3890 000:364.587 - 0.398ms returns 0
T3890 000:364.623 JLINK_CORESIGHT_WriteAPDPReg(AP reg 0x00, 0x80000002)
T3890 000:364.929 - 0.305ms returns 0
T3890 000:364.986 JLINK_CORESIGHT_WriteAPDPReg(AP reg 0x01, 0x80011140)
T3890 000:365.287 - 0.301ms returns 0
T3890 000:365.341 JLINK_CORESIGHT_ReadAPDPReg(AP reg 0x03)
T3890 000:365.647   Value=0x00000000
T3890 000:365.699 - 0.358ms returns 0
T3890 000:365.732 JLINK_CORESIGHT_WriteAPDPReg(AP reg 0x00, 0x80000002)
T3890 000:365.979 - 0.247ms returns 0
T3890 000:366.018 JLINK_CORESIGHT_WriteAPDPReg(AP reg 0x01, 0x80011130)
T3890 000:366.268 - 0.249ms returns 0
T3890 000:366.303 JLINK_CORESIGHT_ReadAPDPReg(AP reg 0x03)
T3890 000:366.591   Value=0x46375289
T3890 000:366.633 - 0.330ms returns 0
T3890 000:366.663 JLINK_CORESIGHT_WriteAPDPReg(AP reg 0x00, 0x80000002)
T3890 000:366.988 - 0.324ms returns 0
T3890 000:367.047 JLINK_CORESIGHT_WriteAPDPReg(AP reg 0x01, 0x80011140)
T3890 000:367.302 - 0.254ms returns 0
T3890 000:367.354 JLINK_CORESIGHT_ReadAPDPReg(AP reg 0x03)
T3890 000:367.652   Value=0x00000000
T3890 000:367.693 - 0.339ms returns 0
T3890 000:367.723 JLINK_CORESIGHT_WriteAPDPReg(AP reg 0x00, 0x80000002)
T3890 000:367.962 - 0.239ms returns 0
T3890 000:367.996 JLINK_CORESIGHT_WriteAPDPReg(AP reg 0x01, 0x80011130)
T3890 000:368.232 - 0.236ms returns 0
T3890 000:368.263 JLINK_CORESIGHT_ReadAPDPReg(AP reg 0x03)
T3890 000:368.542   Value=0x314D3841
T3890 000:368.583 - 0.319ms returns 0
T3890 000:368.613 JLINK_CORESIGHT_WriteAPDPReg(AP reg 0x00, 0x80000002)
T3890 000:368.862 - 0.249ms returns 0
T3890 000:368.895 JLINK_CORESIGHT_WriteAPDPReg(AP reg 0x01, 0x80011140)
T3890 000:369.118 - 0.222ms returns 0
T3890 000:369.151 JLINK_CORESIGHT_ReadAPDPReg(AP reg 0x03)
T3890 000:369.442   Value=0x00000000
T3890 000:369.481 - 0.329ms returns 0
T3890 000:369.509 JLINK_CORESIGHT_WriteAPDPReg(AP reg 0x00, 0x80000002)
T3890 000:369.747 - 0.238ms returns 0
T3890 000:369.778 JLINK_CORESIGHT_WriteAPDPReg(AP reg 0x01, 0x80011130)
T3890 000:370.018 - 0.239ms returns 0
T3890 000:370.049 JLINK_CORESIGHT_ReadAPDPReg(AP reg 0x03)
T3890 000:370.342   Value=0x43454841
T3890 000:370.382 - 0.333ms returns 0
T3890 000:370.411 JLINK_CORESIGHT_WriteAPDPReg(AP reg 0x00, 0x80000002)
T3890 000:370.648 - 0.237ms returns 0
T3890 000:370.680 JLINK_CORESIGHT_WriteAPDPReg(AP reg 0x01, 0x80011140)
T3890 000:370.917 - 0.237ms returns 0
T3890 000:370.948 JLINK_CORESIGHT_ReadAPDPReg(AP reg 0x03)
T3890 000:371.241   Value=0x00000000
T3890 000:371.282 - 0.334ms returns 0
T3890 000:371.311 JLINK_CORESIGHT_WriteAPDPReg(AP reg 0x00, 0x80000002)
T3890 000:371.548 - 0.237ms returns 0
T3890 000:371.579 JLINK_CORESIGHT_WriteAPDPReg(AP reg 0x01, 0x80011130)
T3890 000:371.796 - 0.217ms returns 0
T3890 000:371.827 JLINK_CORESIGHT_ReadAPDPReg(AP reg 0x03)
T3890 000:372.108   Value=0x20204442
T3890 000:372.147 - 0.319ms returns 0
T3890 000:372.174 JLINK_CORESIGHT_WriteAPDPReg(AP reg 0x00, 0x80000002)
T3890 000:372.409 - 0.234ms returns 0
T3890 000:372.440 JLINK_CORESIGHT_WriteAPDPReg(AP reg 0x01, 0x80011140)
T3890 000:372.668 - 0.227ms returns 0
T3890 000:372.699 JLINK_CORESIGHT_ReadAPDPReg(AP reg 0x03)
T3890 000:373.054   Value=0x00000000
T3890 000:373.095 - 0.396ms returns 0
T3890 000:373.123 JLINK_CORESIGHT_WriteAPDPReg(AP reg 0x00, 0x80000002)
T3890 000:373.393 - 0.269ms returns 0
T3890 000:373.423 JLINK_CORESIGHT_WriteAPDPReg(AP reg 0x01, 0x80011130)
T3890 000:373.641 - 0.218ms returns 0
T3890 000:373.671 JLINK_CORESIGHT_ReadAPDPReg(AP reg 0x03)
T3890 000:373.941   Value=0x00037120
T3890 000:373.977 - 0.306ms returns 0
T3890 000:374.682 JLINK_CORESIGHT_WriteAPDPReg(AP reg 0x00, 0x80000002)
T3890 000:375.043 - 0.360ms returns 0
T3890 000:375.074 JLINK_CORESIGHT_WriteAPDPReg(AP reg 0x01, 0x80011140)
T3890 000:375.306 - 0.232ms returns 0
T3890 000:375.336 JLINK_CORESIGHT_ReadAPDPReg(AP reg 0x03)
T3890 000:375.616   Value=0x00000002
T3890 000:375.654 - 0.317ms returns 0
T3890 000:375.679 JLINK_CORESIGHT_WriteAPDPReg(AP reg 0x00, 0x80000002)
T3890 000:375.912 - 0.233ms returns 0
T3890 000:375.942 JLINK_CORESIGHT_WriteAPDPReg(AP reg 0x01, 0x80011120)
T3890 000:376.170 - 0.228ms returns 0
T3890 000:376.199 JLINK_CORESIGHT_WriteAPDPReg(AP reg 0x03, 0x2C010001)
T3890 000:376.427 - 0.228ms returns 0
T3890 000:376.457 JLINK_CORESIGHT_WriteAPDPReg(AP reg 0x00, 0x80000002)
T3890 000:376.743 - 0.286ms returns 0
T3890 000:376.773 JLINK_CORESIGHT_WriteAPDPReg(AP reg 0x01, 0x80011140)
T3890 000:376.990 - 0.217ms returns 0
T3890 000:377.019 JLINK_CORESIGHT_ReadAPDPReg(AP reg 0x03)
T3890 000:377.353   Value=0x00000002
T3890 000:377.407 - 0.387ms returns 0
T3890 000:377.433 JLINK_CORESIGHT_WriteAPDPReg(AP reg 0x00, 0x80000002)
T3890 000:377.668 - 0.235ms returns 0
T3890 000:377.702 JLINK_CORESIGHT_WriteAPDPReg(AP reg 0x01, 0x80011120)
T3890 000:377.932 - 0.229ms returns 0
T3890 000:377.960 JLINK_CORESIGHT_WriteAPDPReg(AP reg 0x03, 0x000003D3)
T3890 000:378.193 - 0.233ms returns 0
T3890 000:378.223 JLINK_CORESIGHT_WriteAPDPReg(AP reg 0x00, 0x80000002)
T3890 000:378.452 - 0.229ms returns 0
T3890 000:378.481 JLINK_CORESIGHT_WriteAPDPReg(AP reg 0x01, 0x80011140)
T3890 000:378.744 - 0.263ms returns 0
T3890 000:378.773 JLINK_CORESIGHT_ReadAPDPReg(AP reg 0x03)
T3890 000:379.065   Value=0x00000002
T3890 000:379.102 - 0.328ms returns 0
T3890 000:379.128 JLINK_CORESIGHT_ReadAPDPReg(AP reg 0x03)
T3890 000:379.413   Value=0x00000002
T3890 000:379.454 - 0.326ms returns 0
T3890 000:379.481 JLINK_CORESIGHT_ReadAPDPReg(AP reg 0x03)
T3890 000:379.796   Value=0x00000002
T3890 000:379.836 - 0.355ms returns 0
T3890 000:379.861 JLINK_CORESIGHT_ReadAPDPReg(AP reg 0x03)
T3890 000:380.143   Value=0x00000002
T3890 000:380.180 - 0.319ms returns 0
T3890 000:380.205 JLINK_CORESIGHT_ReadAPDPReg(AP reg 0x03)
T3890 000:380.487   Value=0x00000002
T3890 000:380.523 - 0.318ms returns 0
T3890 000:380.548 JLINK_CORESIGHT_ReadAPDPReg(AP reg 0x03)
T3890 000:380.826   Value=0x00000002
T3890 000:380.862 - 0.314ms returns 0
T3890 000:380.887 JLINK_CORESIGHT_ReadAPDPReg(AP reg 0x03)
T3890 000:381.299   Value=0x00000002
T3890 000:381.334 - 0.447ms returns 0
T3890 000:381.357 JLINK_CORESIGHT_ReadAPDPReg(AP reg 0x03)
T3890 000:381.614   Value=0x00000002
T3890 000:381.649 - 0.291ms returns 0
T3890 000:381.672 JLINK_CORESIGHT_ReadAPDPReg(AP reg 0x03)
T3890 000:381.948   Value=0x00000002
T3890 000:381.982 - 0.310ms returns 0
T3890 000:382.006 JLINK_CORESIGHT_ReadAPDPReg(AP reg 0x03)
T3890 000:382.285   Value=0x00000002
T3890 000:382.320 - 0.313ms returns 0
T3890 000:382.343 JLINK_CORESIGHT_ReadAPDPReg(AP reg 0x03)
T3890 000:382.622   Value=0x00000002
T3890 000:382.657 - 0.313ms returns 0
T3890 000:382.680 JLINK_CORESIGHT_ReadAPDPReg(AP reg 0x03)
T3890 000:382.955   Value=0x00000000
T3890 000:382.990 - 0.309ms returns 0
T3890 000:383.013 JLINK_CORESIGHT_WriteAPDPReg(AP reg 0x00, 0x80000002)
T3890 000:383.411 - 0.397ms returns 0
T3890 000:383.452 JLINK_CORESIGHT_WriteAPDPReg(AP reg 0x01, 0x80011130)
T3890 000:383.777 - 0.324ms returns 0
T3890 000:383.824 JLINK_CORESIGHT_ReadAPDPReg(AP reg 0x03)
T3890 000:384.162   Value=0x2C020081
T3890 000:384.213 - 0.389ms returns 0
T3890 000:384.238 JLINK_CORESIGHT_WriteAPDPReg(AP reg 0x00, 0x80000002)
T3890 000:384.491 - 0.252ms returns 0
T3890 000:384.531 JLINK_CORESIGHT_WriteAPDPReg(AP reg 0x01, 0x80011140)
T3890 000:384.771 - 0.240ms returns 0
T3890 000:384.799 JLINK_CORESIGHT_ReadAPDPReg(AP reg 0x03)
T3890 000:385.091   Value=0x00000000
T3890 000:385.127 - 0.327ms returns 0
T3890 000:385.151 JLINK_CORESIGHT_WriteAPDPReg(AP reg 0x00, 0x80000002)
T3890 000:385.382 - 0.230ms returns 0
T3890 000:385.412 JLINK_CORESIGHT_WriteAPDPReg(AP reg 0x01, 0x80011130)
T3890 000:385.667 - 0.255ms returns 0
T3890 000:385.697 JLINK_CORESIGHT_ReadAPDPReg(AP reg 0x03)
T3890 000:385.991   Value=0x0003CE04
T3890 000:386.027 - 0.330ms returns 0
T3890 000:386.056 JLINK_CORESIGHT_WriteAPDPReg(AP reg 0x00, 0x80000002)
T3890 000:386.285 - 0.228ms returns 0
T3890 000:386.312 JLINK_CORESIGHT_WriteAPDPReg(AP reg 0x01, 0x80011140)
T3890 000:386.540 - 0.227ms returns 0
T3890 000:386.567 JLINK_CORESIGHT_ReadAPDPReg(AP reg 0x03)
T3890 000:386.914   Value=0x00000002
T3890 000:386.949 - 0.381ms returns 0
T3890 000:386.972 JLINK_CORESIGHT_WriteAPDPReg(AP reg 0x00, 0x80000002)
T3890 000:387.204 - 0.231ms returns 0
T3890 000:387.232 JLINK_CORESIGHT_WriteAPDPReg(AP reg 0x01, 0x80011120)
T3890 000:387.499 - 0.266ms returns 0
T3890 000:387.527 JLINK_CORESIGHT_WriteAPDPReg(AP reg 0x03, 0x73010001)
T3890 000:387.735 - 0.207ms returns 0
T3890 000:387.764 JLINK_CORESIGHT_WriteAPDPReg(AP reg 0x00, 0x80000002)
T3890 000:387.989 - 0.225ms returns 0
T3890 000:388.018 JLINK_CORESIGHT_WriteAPDPReg(AP reg 0x01, 0x80011140)
T3890 000:388.240 - 0.221ms returns 0
T3890 000:388.267 JLINK_CORESIGHT_ReadAPDPReg(AP reg 0x03)
T3890 000:388.565   Value=0x00000002
T3890 000:388.600 - 0.333ms returns 0
T3890 000:388.624 JLINK_CORESIGHT_WriteAPDPReg(AP reg 0x00, 0x80000002)
T3890 000:388.860 - 0.236ms returns 0
T3890 000:388.888 JLINK_CORESIGHT_WriteAPDPReg(AP reg 0x01, 0x80011120)
T3890 000:389.115 - 0.227ms returns 0
T3890 000:389.142 JLINK_CORESIGHT_WriteAPDPReg(AP reg 0x03, 0x0000038C)
T3890 000:389.366 - 0.223ms returns 0
T3890 000:389.393 JLINK_CORESIGHT_WriteAPDPReg(AP reg 0x00, 0x80000002)
T3890 000:389.615 - 0.222ms returns 0
T3890 000:389.642 JLINK_CORESIGHT_WriteAPDPReg(AP reg 0x01, 0x80011140)
T3890 000:389.866 - 0.224ms returns 0
T3890 000:389.892 JLINK_CORESIGHT_ReadAPDPReg(AP reg 0x03)
T3890 000:390.165   Value=0x00000002
T3890 000:390.198 - 0.306ms returns 0
T3890 000:390.220 JLINK_CORESIGHT_ReadAPDPReg(AP reg 0x03)
T3890 000:390.500   Value=0x00000002
T3890 000:390.533 - 0.312ms returns 0
T3890 000:390.556 JLINK_CORESIGHT_ReadAPDPReg(AP reg 0x03)
T3890 000:390.819   Value=0x00000002
T3890 000:390.852 - 0.296ms returns 0
T3890 000:390.874 JLINK_CORESIGHT_ReadAPDPReg(AP reg 0x03)
T3890 000:391.168   Value=0x00000002
T3890 000:391.201 - 0.326ms returns 0
T3890 000:391.224 JLINK_CORESIGHT_ReadAPDPReg(AP reg 0x03)
T3890 000:391.478   Value=0x00000002
T3890 000:391.511 - 0.287ms returns 0
T3890 000:391.534 JLINK_CORESIGHT_ReadAPDPReg(AP reg 0x03)
T3890 000:391.793   Value=0x00000002
T3890 000:391.826 - 0.292ms returns 0
T3890 000:391.849 JLINK_CORESIGHT_ReadAPDPReg(AP reg 0x03)
T3890 000:392.123   Value=0x00000002
T3890 000:392.156 - 0.307ms returns 0
T3890 000:392.180 JLINK_CORESIGHT_ReadAPDPReg(AP reg 0x03)
T3890 000:392.453   Value=0x00000000
T3890 000:392.485 - 0.305ms returns 0
T3890 000:392.507 JLINK_CORESIGHT_WriteAPDPReg(AP reg 0x00, 0x80000002)
T3890 000:392.742 - 0.235ms returns 0
T3890 000:392.768 JLINK_CORESIGHT_WriteAPDPReg(AP reg 0x01, 0x80011130)
T3890 000:392.989 - 0.221ms returns 0
T3890 000:393.014 JLINK_CORESIGHT_ReadAPDPReg(AP reg 0x03)
T3890 000:393.290   Value=0x73020081
T3890 000:393.322 - 0.307ms returns 0
T3890 000:393.344 JLINK_CORESIGHT_WriteAPDPReg(AP reg 0x00, 0x80000002)
T3890 000:393.572 - 0.228ms returns 0
T3890 000:393.597 JLINK_CORESIGHT_WriteAPDPReg(AP reg 0x01, 0x80011140)
T3890 000:393.874 - 0.276ms returns 0
T3890 000:393.899 JLINK_CORESIGHT_ReadAPDPReg(AP reg 0x03)
T3890 000:394.164   Value=0x00000000
T3890 000:394.195 - 0.296ms returns 0
T3890 000:394.217 JLINK_CORESIGHT_WriteAPDPReg(AP reg 0x00, 0x80000002)
T3890 000:394.441 - 0.223ms returns 0
T3890 000:394.468 JLINK_CORESIGHT_WriteAPDPReg(AP reg 0x01, 0x80011130)
T3890 000:394.777 - 0.309ms returns 0
T3890 000:394.819 JLINK_CORESIGHT_ReadAPDPReg(AP reg 0x03)
T3890 000:395.109   Value=0x00038902
T3890 000:395.145 - 0.325ms returns 0
T3890 000:395.169 JLINK_CORESIGHT_WriteAPDPReg(AP reg 0x00, 0x80000002)
T3890 000:395.403 - 0.234ms returns 0
T3890 000:395.438 JLINK_CORESIGHT_WriteAPDPReg(AP reg 0x01, 0x80011140)
T3890 000:395.656 - 0.218ms returns 0
T3890 000:395.683 JLINK_CORESIGHT_ReadAPDPReg(AP reg 0x03)
T3890 000:395.959   Value=0x00000002
T3890 000:395.993 - 0.309ms returns 0
T3890 000:396.017 JLINK_CORESIGHT_WriteAPDPReg(AP reg 0x00, 0x80000002)
T3890 000:396.239 - 0.222ms returns 0
T3890 000:396.265 JLINK_CORESIGHT_WriteAPDPReg(AP reg 0x01, 0x80011120)
T3890 000:396.494 - 0.229ms returns 0
T3890 000:396.519 JLINK_CORESIGHT_WriteAPDPReg(AP reg 0x03, 0x75010001)
T3890 000:396.744 - 0.225ms returns 0
T3890 000:396.769 JLINK_CORESIGHT_WriteAPDPReg(AP reg 0x00, 0x80000002)
T3890 000:396.990 - 0.221ms returns 0
T3890 000:397.016 JLINK_CORESIGHT_WriteAPDPReg(AP reg 0x01, 0x80011140)
T3890 000:397.240 - 0.224ms returns 0
T3890 000:397.266 JLINK_CORESIGHT_ReadAPDPReg(AP reg 0x03)
T3890 000:397.538   Value=0x00000002
T3890 000:397.571 - 0.305ms returns 0
T3890 000:397.593 JLINK_CORESIGHT_WriteAPDPReg(AP reg 0x00, 0x80000002)
T3890 000:397.858 - 0.265ms returns 0
T3890 000:397.883 JLINK_CORESIGHT_WriteAPDPReg(AP reg 0x01, 0x80011120)
T3890 000:398.114 - 0.231ms returns 0
T3890 000:398.140 JLINK_CORESIGHT_WriteAPDPReg(AP reg 0x03, 0x0000038A)
T3890 000:398.368 - 0.228ms returns 0
T3890 000:398.396 JLINK_CORESIGHT_WriteAPDPReg(AP reg 0x00, 0x80000002)
T3890 000:398.614 - 0.217ms returns 0
T3890 000:398.640 JLINK_CORESIGHT_WriteAPDPReg(AP reg 0x01, 0x80011140)
T3890 000:398.864 - 0.224ms returns 0
T3890 000:398.890 JLINK_CORESIGHT_ReadAPDPReg(AP reg 0x03)
T3890 000:399.164   Value=0x00000002
T3890 000:399.198 - 0.308ms returns 0
T3890 000:399.220 JLINK_CORESIGHT_ReadAPDPReg(AP reg 0x03)
T3890 000:399.503   Value=0x00000000
T3890 000:399.538 - 0.318ms returns 0
T3890 000:400.208 JLINK_CORESIGHT_WriteAPDPReg(AP reg 0x00, 0x80000002)
T3890 000:400.522 - 0.315ms returns 0
T3890 000:400.573 JLINK_CORESIGHT_WriteAPDPReg(AP reg 0x01, 0x80011130)
T3890 000:400.820 - 0.247ms returns 0
T3890 000:400.850 JLINK_CORESIGHT_ReadAPDPReg(AP reg 0x03)
T3890 000:401.175   Value=0x75020081
T3890 000:401.213 - 0.362ms returns 0
T3890 000:401.240 JLINK_CORESIGHT_WriteAPDPReg(AP reg 0x00, 0x80000002)
T3890 000:401.474 - 0.233ms returns 0
T3890 000:401.503 JLINK_CORESIGHT_WriteAPDPReg(AP reg 0x01, 0x80011140)
T3890 000:401.743 - 0.240ms returns 0
T3890 000:401.772 JLINK_CORESIGHT_ReadAPDPReg(AP reg 0x03)
T3890 000:402.040   Value=0x00000000
T3890 000:402.078 - 0.306ms returns 0
T3890 000:402.108 JLINK_CORESIGHT_WriteAPDPReg(AP reg 0x00, 0x80000002)
T3890 000:402.343 - 0.235ms returns 0
T3890 000:402.371 JLINK_CORESIGHT_WriteAPDPReg(AP reg 0x01, 0x80011130)
T3890 000:402.600 - 0.228ms returns 0
T3890 000:402.629 JLINK_CORESIGHT_ReadAPDPReg(AP reg 0x03)
T3890 000:402.917   Value=0x00038702
T3890 000:402.958 - 0.328ms returns 0
T3890 000:402.992 JLINK_CORESIGHT_WriteAPDPReg(AP reg 0x00, 0x80000002)
T3890 000:403.235 - 0.243ms returns 0
T3890 000:403.267 JLINK_CORESIGHT_WriteAPDPReg(AP reg 0x01, 0x80011140)
T3890 000:403.492 - 0.225ms returns 0
T3890 000:403.523 JLINK_CORESIGHT_ReadAPDPReg(AP reg 0x03)
T3890 000:403.795   Value=0x00000002
T3890 000:403.832 - 0.309ms returns 0
T3890 000:403.853 JLINK_CORESIGHT_WriteAPDPReg(AP reg 0x00, 0x80000002)
T3890 000:404.082 - 0.228ms returns 0
T3890 000:404.107 JLINK_CORESIGHT_WriteAPDPReg(AP reg 0x01, 0x80011120)
T3890 000:404.328 - 0.221ms returns 0
T3890 000:404.352 JLINK_CORESIGHT_WriteAPDPReg(AP reg 0x03, 0x4F010001)
T3890 000:404.628 - 0.275ms returns 0
T3890 000:404.653 JLINK_CORESIGHT_WriteAPDPReg(AP reg 0x00, 0x80000002)
T3890 000:404.863 - 0.210ms returns 0
T3890 000:404.887 JLINK_CORESIGHT_WriteAPDPReg(AP reg 0x01, 0x80011140)
T3890 000:405.114 - 0.226ms returns 0
T3890 000:405.140 JLINK_CORESIGHT_ReadAPDPReg(AP reg 0x03)
T3890 000:405.414   Value=0x00000002
T3890 000:405.448 - 0.308ms returns 0
T3890 000:405.472 JLINK_CORESIGHT_WriteAPDPReg(AP reg 0x00, 0x80000002)
T3890 000:405.744 - 0.272ms returns 0
T3890 000:405.770 JLINK_CORESIGHT_WriteAPDPReg(AP reg 0x01, 0x80011120)
T3890 000:406.015 - 0.244ms returns 0
T3890 000:406.041 JLINK_CORESIGHT_WriteAPDPReg(AP reg 0x03, 0x000003B0)
T3890 000:406.265 - 0.223ms returns 0
T3890 000:406.292 JLINK_CORESIGHT_WriteAPDPReg(AP reg 0x00, 0x80000002)
T3890 000:406.513 - 0.220ms returns 0
T3890 000:406.541 JLINK_CORESIGHT_WriteAPDPReg(AP reg 0x01, 0x80011140)
T3890 000:406.768 - 0.227ms returns 0
T3890 000:406.795 JLINK_CORESIGHT_ReadAPDPReg(AP reg 0x03)
T3890 000:407.063   Value=0x00000000
T3890 000:407.097 - 0.302ms returns 0
T3890 000:407.121 JLINK_CORESIGHT_WriteAPDPReg(AP reg 0x00, 0x80000002)
T3890 000:407.349 - 0.227ms returns 0
T3890 000:407.377 JLINK_CORESIGHT_WriteAPDPReg(AP reg 0x01, 0x80011130)
T3890 000:407.607 - 0.229ms returns 0
T3890 000:407.635 JLINK_CORESIGHT_ReadAPDPReg(AP reg 0x03)
T3890 000:407.913   Value=0x4F0B0081
T3890 000:407.947 - 0.312ms returns 0
T3890 000:407.970 JLINK_CORESIGHT_WriteAPDPReg(AP reg 0x00, 0x80000002)
T3890 000:408.199 - 0.229ms returns 0
T3890 000:408.226 JLINK_CORESIGHT_WriteAPDPReg(AP reg 0x01, 0x80011140)
T3890 000:408.498 - 0.272ms returns 0
T3890 000:408.528 JLINK_CORESIGHT_ReadAPDPReg(AP reg 0x03)
T3890 000:408.817   Value=0x00000000
T3890 000:408.851 - 0.323ms returns 0
T3890 000:408.874 JLINK_CORESIGHT_WriteAPDPReg(AP reg 0x00, 0x80000002)
T3890 000:409.097 - 0.223ms returns 0
T3890 000:409.123 JLINK_CORESIGHT_WriteAPDPReg(AP reg 0x01, 0x80011130)
T3890 000:409.351 - 0.228ms returns 0
T3890 000:409.378 JLINK_CORESIGHT_ReadAPDPReg(AP reg 0x03)
T3890 000:409.741   Value=0xE03F0000
T3890 000:409.778 - 0.400ms returns 0
T3890 000:409.802 JLINK_CORESIGHT_WriteAPDPReg(AP reg 0x00, 0x80000002)
T3890 000:410.057 - 0.255ms returns 0
T3890 000:410.084 JLINK_CORESIGHT_WriteAPDPReg(AP reg 0x01, 0x80011140)
T3890 000:410.314 - 0.229ms returns 0
T3890 000:410.342 JLINK_CORESIGHT_ReadAPDPReg(AP reg 0x03)
T3890 000:410.786   Value=0x00000000
T3890 000:410.858 - 0.515ms returns 0
T3890 000:410.882 JLINK_CORESIGHT_WriteAPDPReg(AP reg 0x00, 0x80000002)
T3890 000:411.184 - 0.301ms returns 0
T3890 000:411.243 JLINK_CORESIGHT_WriteAPDPReg(AP reg 0x01, 0x80011130)
T3890 000:411.527 - 0.284ms returns 0
T3890 000:411.560 JLINK_CORESIGHT_ReadAPDPReg(AP reg 0x03)
T3890 000:411.844   Value=0x00003F00
T3890 000:411.878 - 0.317ms returns 0
T3890 000:411.901 JLINK_CORESIGHT_WriteAPDPReg(AP reg 0x00, 0x80000002)
T3890 000:412.132 - 0.230ms returns 0
T3890 000:412.158 JLINK_CORESIGHT_WriteAPDPReg(AP reg 0x01, 0x80011140)
T3890 000:412.389 - 0.231ms returns 0
T3890 000:412.416 JLINK_CORESIGHT_ReadAPDPReg(AP reg 0x03)
T3890 000:412.743   Value=0x00000000
T3890 000:412.777 - 0.360ms returns 0
T3890 000:412.801 JLINK_CORESIGHT_WriteAPDPReg(AP reg 0x00, 0x80000002)
T3890 000:413.056 - 0.255ms returns 0
T3890 000:413.083 JLINK_CORESIGHT_WriteAPDPReg(AP reg 0x01, 0x80011130)
T3890 000:413.307 - 0.224ms returns 0
T3890 000:413.333 JLINK_CORESIGHT_ReadAPDPReg(AP reg 0x03)
T3890 000:413.614   Value=0x03480000
T3890 000:413.647 - 0.314ms returns 0
T3890 000:413.683 JLINK_CORESIGHT_ReadAPDPReg(DP reg 0x01)
T3890 000:413.914   Value=0xF0000F40
T3890 000:413.948 - 0.265ms returns 0
T3890 000:413.971 JLINK_CORESIGHT_WriteAPDPReg(DP reg 0x01, 0xA0000F40)
T3890 000:414.197 - 0.225ms returns 0
T3890 000:414.222 JLINK_CORESIGHT_ReadAPDPReg(DP reg 0x01)
T3890 000:414.498   Value=0x00000F40
T3890 000:414.531 - 0.309ms returns 0
T3890 000:414.554 JLINK_ClrRESET()
T3890 000:414.816 - 0.262ms
T3890 000:523.973 JLINK_Close()
T3890 000:538.374 - 14.398ms
T3890 000:538.498   
T3890 000:538.540   Closed
