T58E0 000:001.645   SEGGER J-Link V8.12f Log File
T58E0 000:001.898   DLL Compiled: Feb 12 2025 13:34:40
T58E0 000:001.919   Logging started @ 2025-04-16 08:41
T58E0 000:001.942   Process: C:\Users\a5124973\.eclipse\com.renesas.platform_1977601266\DebugComp\RA\e2-server-gdb.exe
T58E0 000:001.977 - 1.971ms 
T58E0 000:002.008 JLINK_GetDLLVersion()
T58E0 000:002.030 - 0.022ms returns 81206
T58E0 000:009.169 JLINK_OpenEx(...)
T58E0 000:020.750   Looking for J-Link GUI Server exe at: C:\Users\a5124973\.eclipse\com.renesas.platform_1977601266\DebugComp\RA\ARM\Segger_v8.12.6\JLinkGUIServer.exe
T58E0 000:021.174   Looking for J-Link GUI Server exe at: C:\Users\a5124973\SEGGER\JLink_V794g\JLinkGUIServer.exe
T58E0 000:329.540   Failed to connect to J-Link GUI Server.
T58E0 000:334.861   Firmware: J-Link OB-RA4M2 compiled Feb 11 2025 17:15:41
T58E0 000:336.376   Firmware: J-Link OB-RA4M2 compiled Feb 11 2025 17:15:41
T58E0 000:350.002   Hardware: V1.00
T58E0 000:350.076   S/N: 1084050377
T58E0 000:350.125   OEM: SEGGER
T58E0 000:350.165   Feature(s): None
T58E0 000:351.846   Bootloader: 2021 May 14
T58E0 000:352.861   USB speed mode: Full speed (12 MBit/s)
T58E0 000:353.665   TELNET listener socket opened on port 19021
T58E0 000:354.070   WEBSRV WEBSRV_Init(): Starting webserver thread(s)
T58E0 000:354.425   WEBSRV Webserver running on local port 19080
T58E0 000:354.518 - 345.344ms returns "O.K."
T58E0 000:354.828 JLINK_TIF_Select(JLINKARM_TIF_SWD)
T58E0 000:356.286 - 1.458ms returns 0x00
T58E0 000:356.349 JLINK_ClrRESET()
T58E0 000:356.897 - 0.547ms 
T58E0 000:407.458 JLINK_SetSpeed(1500)
T58E0 000:407.779 - 0.334ms 
T58E0 000:407.839 JLINK_CORESIGHT_Configure(PerformTIFInit=0)
T58E0 000:408.437 - 0.603ms returns 0
T58E0 000:408.500 JLINK_CORESIGHT_ReadAPDPReg(DP reg 0x00)
T58E0 000:409.292   Value=0x6BA02477
T58E0 000:409.354 - 0.855ms returns 0
T58E0 000:409.388 JLINK_CORESIGHT_WriteAPDPReg(DP reg 0x00, 0x0000001F)
T58E0 000:409.917 - 0.529ms returns 0
T58E0 000:409.973 JLINK_CORESIGHT_ReadAPDPReg(DP reg 0x00)
T58E0 000:410.459   Value=0x6BA02477
T58E0 000:410.520 - 0.547ms returns 0
T58E0 000:410.552 JLINK_CORESIGHT_WriteAPDPReg(DP reg 0x02, 0x00000000)
T58E0 000:410.995 - 0.442ms returns 0
T58E0 000:411.039 JLINK_CORESIGHT_WriteAPDPReg(DP reg 0x01, 0x50000000)
T58E0 000:411.462 - 0.423ms returns 0
T58E0 000:411.515 JLINK_CORESIGHT_ReadAPDPReg(DP reg 0x01)
T58E0 000:411.999   Value=0xF0000000
T58E0 000:412.049 - 0.533ms returns 0
T58E0 000:412.077 JLINK_CORESIGHT_WriteAPDPReg(DP reg 0x00, 0x0000001F)
T58E0 000:412.451 - 0.374ms returns 0
T58E0 000:412.494 JLINK_CORESIGHT_ReadAPDPReg(DP reg 0x00)
T58E0 000:412.953   Value=0x6BA02477
T58E0 000:413.004 - 0.508ms returns 0
T58E0 000:413.031 JLINK_CORESIGHT_WriteAPDPReg(DP reg 0x01, 0x54000000)
T58E0 000:413.392 - 0.360ms returns 0
T58E0 000:413.442 JLINK_CORESIGHT_WriteAPDPReg(DP reg 0x01, 0x50000F00)
T58E0 000:413.846 - 0.404ms returns 0
T58E0 000:413.890 JLINK_CORESIGHT_WriteAPDPReg(DP reg 0x02, 0x01000000)
T58E0 000:414.350 - 0.460ms returns 0
T58E0 000:414.400 JLINK_CORESIGHT_WriteAPDPReg(AP reg 0x00, 0x80000002)
T58E0 000:414.909 - 0.509ms returns 0
T58E0 000:414.976 JLINK_CORESIGHT_WriteAPDPReg(AP reg 0x01, 0x80011100)
T58E0 000:415.391 - 0.414ms returns 0
T58E0 000:415.457 JLINK_CORESIGHT_WriteAPDPReg(AP reg 0x03, 0x000000A5)
T58E0 000:415.866 - 0.408ms returns 0
T58E0 000:415.926 JLINK_CORESIGHT_WriteAPDPReg(AP reg 0x00, 0x80000002)
T58E0 000:416.235 - 0.308ms returns 0
T58E0 000:416.293 JLINK_CORESIGHT_WriteAPDPReg(AP reg 0x01, 0x80011100)
T58E0 000:416.776 - 0.483ms returns 0
T58E0 000:416.822 JLINK_CORESIGHT_ReadAPDPReg(AP reg 0x03)
T58E0 000:417.226   Value=0x000000A5
T58E0 000:417.272 - 0.450ms returns 0
T58E0 000:417.309 JLINK_ClrTMS()
T58E0 000:417.461 - 0.160ms 
T58E0 000:423.396 JLINK_SetTCK()
T58E0 000:423.608 - 0.211ms returns 0
T58E0 000:429.387 JLINK_SetRESET()
T58E0 000:429.631 - 0.243ms 
T58E0 000:629.955 JLINK_CORESIGHT_WriteAPDPReg(AP reg 0x00, 0x80000002)
T58E0 000:630.305 - 0.350ms returns 0
T58E0 000:630.393 JLINK_CORESIGHT_WriteAPDPReg(AP reg 0x01, 0x80011100)
T58E0 000:630.752 - 0.359ms returns 0
T58E0 000:630.797 JLINK_CORESIGHT_ReadAPDPReg(AP reg 0x03)
T58E0 000:631.182   Value=0x00000000
T58E0 000:631.235 - 0.438ms returns 0
T58E0 000:631.276 JLINK_CORESIGHT_WriteAPDPReg(AP reg 0x00, 0x80000002)
T58E0 000:631.631 - 0.356ms returns 0
T58E0 000:631.672 JLINK_CORESIGHT_WriteAPDPReg(AP reg 0x01, 0x80011140)
T58E0 000:631.939 - 0.267ms returns 0
T58E0 000:631.978 JLINK_CORESIGHT_ReadAPDPReg(AP reg 0x03)
T58E0 000:632.366   Value=0x00000002
T58E0 000:632.422 - 0.444ms returns 0
T58E0 000:632.451 JLINK_CORESIGHT_WriteAPDPReg(AP reg 0x00, 0x80000002)
T58E0 000:632.919 - 0.467ms returns 0
T58E0 000:632.967 JLINK_CORESIGHT_WriteAPDPReg(AP reg 0x01, 0x80011120)
T58E0 000:633.276 - 0.309ms returns 0
T58E0 000:633.319 JLINK_CORESIGHT_WriteAPDPReg(AP reg 0x03, 0x00000055)
T58E0 000:633.608 - 0.290ms returns 0
T58E0 000:633.652 JLINK_CORESIGHT_WriteAPDPReg(AP reg 0x00, 0x80000002)
T58E0 000:634.087 - 0.435ms returns 0
T58E0 000:634.124 JLINK_CORESIGHT_WriteAPDPReg(AP reg 0x01, 0x80011140)
T58E0 000:634.415 - 0.290ms returns 0
T58E0 000:634.456 JLINK_CORESIGHT_ReadAPDPReg(AP reg 0x03)
T58E0 000:634.948   Value=0x00000000
T58E0 000:634.994 - 0.538ms returns 0
T58E0 000:635.019 JLINK_CORESIGHT_WriteAPDPReg(AP reg 0x00, 0x80000002)
T58E0 000:635.510 - 0.490ms returns 0
T58E0 000:635.558 JLINK_CORESIGHT_WriteAPDPReg(AP reg 0x01, 0x80011130)
T58E0 000:635.859 - 0.301ms returns 0
T58E0 000:635.916 JLINK_CORESIGHT_ReadAPDPReg(AP reg 0x03)
T58E0 000:636.338   Value=0x000000C6
T58E0 000:636.391 - 0.475ms returns 0
T58E0 000:636.454 JLINK_CORESIGHT_WriteAPDPReg(AP reg 0x00, 0x80000002)
T58E0 000:636.762 - 0.308ms returns 0
T58E0 000:636.805 JLINK_CORESIGHT_WriteAPDPReg(AP reg 0x01, 0x80011140)
T58E0 000:637.140 - 0.334ms returns 0
T58E0 000:637.186 JLINK_CORESIGHT_ReadAPDPReg(AP reg 0x03)
T58E0 000:637.556   Value=0x00000002
T58E0 000:637.600 - 0.413ms returns 0
T58E0 000:637.628 JLINK_CORESIGHT_WriteAPDPReg(AP reg 0x00, 0x80000002)
T58E0 000:638.025 - 0.397ms returns 0
T58E0 000:638.069 JLINK_CORESIGHT_WriteAPDPReg(AP reg 0x01, 0x80011120)
T58E0 000:638.468 - 0.399ms returns 0
T58E0 000:638.511 JLINK_CORESIGHT_WriteAPDPReg(AP reg 0x03, 0x3A010001)
T58E0 000:638.869 - 0.358ms returns 0
T58E0 000:638.931 JLINK_CORESIGHT_WriteAPDPReg(AP reg 0x00, 0x80000002)
T58E0 000:639.263 - 0.332ms returns 0
T58E0 000:639.313 JLINK_CORESIGHT_WriteAPDPReg(AP reg 0x01, 0x80011140)
T58E0 000:639.655 - 0.343ms returns 0
T58E0 000:639.698 JLINK_CORESIGHT_ReadAPDPReg(AP reg 0x03)
T58E0 000:640.077   Value=0x00000002
T58E0 000:640.121 - 0.423ms returns 0
T58E0 000:640.149 JLINK_CORESIGHT_WriteAPDPReg(AP reg 0x00, 0x80000002)
T58E0 000:640.474 - 0.324ms returns 0
T58E0 000:640.516 JLINK_CORESIGHT_WriteAPDPReg(AP reg 0x01, 0x80011120)
T58E0 000:640.863 - 0.347ms returns 0
T58E0 000:640.906 JLINK_CORESIGHT_WriteAPDPReg(AP reg 0x03, 0x000003C5)
T58E0 000:641.260 - 0.353ms returns 0
T58E0 000:641.302 JLINK_CORESIGHT_WriteAPDPReg(AP reg 0x00, 0x80000002)
T58E0 000:641.611 - 0.309ms returns 0
T58E0 000:641.660 JLINK_CORESIGHT_WriteAPDPReg(AP reg 0x01, 0x80011140)
T58E0 000:642.073 - 0.413ms returns 0
T58E0 000:642.115 JLINK_CORESIGHT_ReadAPDPReg(AP reg 0x03)
T58E0 000:642.478   Value=0x00000002
T58E0 000:642.525 - 0.409ms returns 0
T58E0 000:642.552 JLINK_CORESIGHT_ReadAPDPReg(AP reg 0x03)
T58E0 000:642.861   Value=0x00000002
T58E0 000:642.910 - 0.357ms returns 0
T58E0 000:642.938 JLINK_CORESIGHT_ReadAPDPReg(AP reg 0x03)
T58E0 000:643.326   Value=0x00000002
T58E0 000:643.371 - 0.432ms returns 0
T58E0 000:643.399 JLINK_CORESIGHT_ReadAPDPReg(AP reg 0x03)
T58E0 000:643.852   Value=0x00000000
T58E0 000:643.913 - 0.513ms returns 0
T58E0 000:643.945 JLINK_CORESIGHT_WriteAPDPReg(AP reg 0x00, 0x80000002)
T58E0 000:644.265 - 0.319ms returns 0
T58E0 000:644.311 JLINK_CORESIGHT_WriteAPDPReg(AP reg 0x01, 0x80011130)
T58E0 000:644.658 - 0.347ms returns 0
T58E0 000:644.702 JLINK_CORESIGHT_ReadAPDPReg(AP reg 0x03)
T58E0 000:645.101   Value=0x3A2A0081
T58E0 000:645.151 - 0.449ms returns 0
T58E0 000:645.182 JLINK_CORESIGHT_WriteAPDPReg(AP reg 0x00, 0x80000002)
T58E0 000:645.511 - 0.329ms returns 0
T58E0 000:645.552 JLINK_CORESIGHT_WriteAPDPReg(AP reg 0x01, 0x80011140)
T58E0 000:645.838 - 0.286ms returns 0
T58E0 000:645.882 JLINK_CORESIGHT_ReadAPDPReg(AP reg 0x03)
T58E0 000:646.261   Value=0x00000000
T58E0 000:646.308 - 0.426ms returns 0
T58E0 000:646.339 JLINK_CORESIGHT_WriteAPDPReg(AP reg 0x00, 0x80000002)
T58E0 000:646.634 - 0.294ms returns 0
T58E0 000:646.681 JLINK_CORESIGHT_WriteAPDPReg(AP reg 0x01, 0x80011130)
T58E0 000:647.010 - 0.329ms returns 0
T58E0 000:647.051 JLINK_CORESIGHT_ReadAPDPReg(AP reg 0x03)
T58E0 000:647.382   Value=0x808D5B00
T58E0 000:647.430 - 0.379ms returns 0
T58E0 000:647.459 JLINK_CORESIGHT_WriteAPDPReg(AP reg 0x00, 0x80000002)
T58E0 000:647.779 - 0.320ms returns 0
T58E0 000:647.821 JLINK_CORESIGHT_WriteAPDPReg(AP reg 0x01, 0x80011140)
T58E0 000:648.126 - 0.305ms returns 0
T58E0 000:648.169 JLINK_CORESIGHT_ReadAPDPReg(AP reg 0x03)
T58E0 000:648.544   Value=0x00000000
T58E0 000:648.590 - 0.421ms returns 0
T58E0 000:648.623 JLINK_CORESIGHT_WriteAPDPReg(AP reg 0x00, 0x80000002)
T58E0 000:649.009 - 0.385ms returns 0
T58E0 000:649.049 JLINK_CORESIGHT_WriteAPDPReg(AP reg 0x01, 0x80011130)
T58E0 000:649.336 - 0.287ms returns 0
T58E0 000:649.377 JLINK_CORESIGHT_ReadAPDPReg(AP reg 0x03)
T58E0 000:649.813   Value=0x0603030B
T58E0 000:649.860 - 0.483ms returns 0
T58E0 000:649.889 JLINK_CORESIGHT_WriteAPDPReg(AP reg 0x00, 0x80000002)
T58E0 000:650.227 - 0.338ms returns 0
T58E0 000:650.272 JLINK_CORESIGHT_WriteAPDPReg(AP reg 0x01, 0x80011140)
T58E0 000:650.611 - 0.339ms returns 0
T58E0 000:650.664 JLINK_CORESIGHT_ReadAPDPReg(AP reg 0x03)
T58E0 000:651.047   Value=0x00000000
T58E0 000:651.092 - 0.429ms returns 0
T58E0 000:651.125 JLINK_CORESIGHT_WriteAPDPReg(AP reg 0x00, 0x80000002)
T58E0 000:651.495 - 0.370ms returns 0
T58E0 000:651.538 JLINK_CORESIGHT_WriteAPDPReg(AP reg 0x01, 0x80011130)
T58E0 000:651.885 - 0.347ms returns 0
T58E0 000:651.924 JLINK_CORESIGHT_ReadAPDPReg(AP reg 0x03)
T58E0 000:652.386   Value=0x2F4B4E20
T58E0 000:652.449 - 0.523ms returns 0
T58E0 000:652.482 JLINK_CORESIGHT_WriteAPDPReg(AP reg 0x00, 0x80000002)
T58E0 000:652.896 - 0.414ms returns 0
T58E0 000:652.948 JLINK_CORESIGHT_WriteAPDPReg(AP reg 0x01, 0x80011140)
T58E0 000:653.269 - 0.320ms returns 0
T58E0 000:653.322 JLINK_CORESIGHT_ReadAPDPReg(AP reg 0x03)
T58E0 000:653.625   Value=0x00000000
T58E0 000:653.829 - 0.506ms returns 0
T58E0 000:653.874 JLINK_CORESIGHT_WriteAPDPReg(AP reg 0x00, 0x80000002)
T58E0 000:654.199 - 0.324ms returns 0
T58E0 000:654.246 JLINK_CORESIGHT_WriteAPDPReg(AP reg 0x01, 0x80011130)
T58E0 000:654.619 - 0.372ms returns 0
T58E0 000:654.671 JLINK_CORESIGHT_ReadAPDPReg(AP reg 0x03)
T58E0 000:655.059   Value=0x4795230A
T58E0 000:655.104 - 0.433ms returns 0
T58E0 000:655.131 JLINK_CORESIGHT_WriteAPDPReg(AP reg 0x00, 0x80000002)
T58E0 000:655.463 - 0.332ms returns 0
T58E0 000:655.506 JLINK_CORESIGHT_WriteAPDPReg(AP reg 0x01, 0x80011140)
T58E0 000:655.762 - 0.255ms returns 0
T58E0 000:655.802 JLINK_CORESIGHT_ReadAPDPReg(AP reg 0x03)
T58E0 000:656.161   Value=0x00000000
T58E0 000:656.208 - 0.405ms returns 0
T58E0 000:656.236 JLINK_CORESIGHT_WriteAPDPReg(AP reg 0x00, 0x80000002)
T58E0 000:656.571 - 0.335ms returns 0
T58E0 000:656.611 JLINK_CORESIGHT_WriteAPDPReg(AP reg 0x01, 0x80011130)
T58E0 000:656.946 - 0.334ms returns 0
T58E0 000:656.987 JLINK_CORESIGHT_ReadAPDPReg(AP reg 0x03)
T58E0 000:657.338   Value=0x39353553
T58E0 000:657.386 - 0.399ms returns 0
T58E0 000:657.416 JLINK_CORESIGHT_WriteAPDPReg(AP reg 0x00, 0x80000002)
T58E0 000:657.753 - 0.337ms returns 0
T58E0 000:657.796 JLINK_CORESIGHT_WriteAPDPReg(AP reg 0x01, 0x80011140)
T58E0 000:658.122 - 0.326ms returns 0
T58E0 000:658.164 JLINK_CORESIGHT_ReadAPDPReg(AP reg 0x03)
T58E0 000:658.449   Value=0x00000000
T58E0 000:658.496 - 0.331ms returns 0
T58E0 000:658.524 JLINK_CORESIGHT_WriteAPDPReg(AP reg 0x00, 0x80000002)
T58E0 000:658.853 - 0.328ms returns 0
T58E0 000:658.899 JLINK_CORESIGHT_WriteAPDPReg(AP reg 0x01, 0x80011130)
T58E0 000:659.232 - 0.333ms returns 0
T58E0 000:659.275 JLINK_CORESIGHT_ReadAPDPReg(AP reg 0x03)
T58E0 000:659.609   Value=0x78144333
T58E0 000:659.665 - 0.389ms returns 0
T58E0 000:659.696 JLINK_CORESIGHT_WriteAPDPReg(AP reg 0x00, 0x80000002)
T58E0 000:660.195 - 0.499ms returns 0
T58E0 000:660.236 JLINK_CORESIGHT_WriteAPDPReg(AP reg 0x01, 0x80011140)
T58E0 000:660.621 - 0.384ms returns 0
T58E0 000:660.669 JLINK_CORESIGHT_ReadAPDPReg(AP reg 0x03)
T58E0 000:661.020   Value=0x00000000
T58E0 000:661.066 - 0.396ms returns 0
T58E0 000:661.095 JLINK_CORESIGHT_WriteAPDPReg(AP reg 0x00, 0x80000002)
T58E0 000:661.360 - 0.265ms returns 0
T58E0 000:661.401 JLINK_CORESIGHT_WriteAPDPReg(AP reg 0x01, 0x80011130)
T58E0 000:661.716 - 0.316ms returns 0
T58E0 000:661.757 JLINK_CORESIGHT_ReadAPDPReg(AP reg 0x03)
T58E0 000:662.159   Value=0x463752A2
T58E0 000:662.204 - 0.446ms returns 0
T58E0 000:662.233 JLINK_CORESIGHT_WriteAPDPReg(AP reg 0x00, 0x80000002)
T58E0 000:662.651 - 0.417ms returns 0
T58E0 000:662.702 JLINK_CORESIGHT_WriteAPDPReg(AP reg 0x01, 0x80011140)
T58E0 000:662.987 - 0.285ms returns 0
T58E0 000:663.028 JLINK_CORESIGHT_ReadAPDPReg(AP reg 0x03)
T58E0 000:663.386   Value=0x00000000
T58E0 000:663.433 - 0.405ms returns 0
T58E0 000:663.462 JLINK_CORESIGHT_WriteAPDPReg(AP reg 0x00, 0x80000002)
T58E0 000:663.791 - 0.328ms returns 0
T58E0 000:663.831 JLINK_CORESIGHT_WriteAPDPReg(AP reg 0x01, 0x80011130)
T58E0 000:664.151 - 0.319ms returns 0
T58E0 000:664.192 JLINK_CORESIGHT_ReadAPDPReg(AP reg 0x03)
T58E0 000:664.660   Value=0x314D3841
T58E0 000:664.717 - 0.525ms returns 0
T58E0 000:664.749 JLINK_CORESIGHT_WriteAPDPReg(AP reg 0x00, 0x80000002)
T58E0 000:665.095 - 0.346ms returns 0
T58E0 000:665.143 JLINK_CORESIGHT_WriteAPDPReg(AP reg 0x01, 0x80011140)
T58E0 000:665.431 - 0.288ms returns 0
T58E0 000:665.477 JLINK_CORESIGHT_ReadAPDPReg(AP reg 0x03)
T58E0 000:665.803   Value=0x00000000
T58E0 000:665.850 - 0.373ms returns 0
T58E0 000:665.879 JLINK_CORESIGHT_WriteAPDPReg(AP reg 0x00, 0x80000002)
T58E0 000:666.223 - 0.344ms returns 0
T58E0 000:666.264 JLINK_CORESIGHT_WriteAPDPReg(AP reg 0x01, 0x80011130)
T58E0 000:666.611 - 0.346ms returns 0
T58E0 000:666.658 JLINK_CORESIGHT_ReadAPDPReg(AP reg 0x03)
T58E0 000:667.036   Value=0x43454841
T58E0 000:667.082 - 0.425ms returns 0
T58E0 000:667.111 JLINK_CORESIGHT_WriteAPDPReg(AP reg 0x00, 0x80000002)
T58E0 000:667.444 - 0.333ms returns 0
T58E0 000:667.484 JLINK_CORESIGHT_WriteAPDPReg(AP reg 0x01, 0x80011140)
T58E0 000:667.815 - 0.331ms returns 0
T58E0 000:667.856 JLINK_CORESIGHT_ReadAPDPReg(AP reg 0x03)
T58E0 000:668.201   Value=0x00000000
T58E0 000:668.250 - 0.393ms returns 0
T58E0 000:668.280 JLINK_CORESIGHT_WriteAPDPReg(AP reg 0x00, 0x80000002)
T58E0 000:668.630 - 0.350ms returns 0
T58E0 000:668.677 JLINK_CORESIGHT_WriteAPDPReg(AP reg 0x01, 0x80011130)
T58E0 000:668.985 - 0.308ms returns 0
T58E0 000:669.027 JLINK_CORESIGHT_ReadAPDPReg(AP reg 0x03)
T58E0 000:669.308   Value=0x20204442
T58E0 000:669.354 - 0.327ms returns 0
T58E0 000:669.383 JLINK_CORESIGHT_WriteAPDPReg(AP reg 0x00, 0x80000002)
T58E0 000:669.709 - 0.326ms returns 0
T58E0 000:669.799 JLINK_CORESIGHT_WriteAPDPReg(AP reg 0x01, 0x80011140)
T58E0 000:670.158 - 0.359ms returns 0
T58E0 000:670.210 JLINK_CORESIGHT_ReadAPDPReg(AP reg 0x03)
T58E0 000:670.618   Value=0x00000000
T58E0 000:670.675 - 0.465ms returns 0
T58E0 000:670.707 JLINK_CORESIGHT_WriteAPDPReg(AP reg 0x00, 0x80000002)
T58E0 000:671.088 - 0.380ms returns 0
T58E0 000:671.131 JLINK_CORESIGHT_WriteAPDPReg(AP reg 0x01, 0x80011130)
T58E0 000:671.456 - 0.325ms returns 0
T58E0 000:671.494 JLINK_CORESIGHT_ReadAPDPReg(AP reg 0x03)
T58E0 000:671.816   Value=0x0003D520
T58E0 000:671.860 - 0.366ms returns 0
T58E0 000:671.981 JLINK_CORESIGHT_WriteAPDPReg(AP reg 0x00, 0x80000002)
T58E0 000:672.358 - 0.377ms returns 0
T58E0 000:672.394 JLINK_CORESIGHT_WriteAPDPReg(AP reg 0x01, 0x80011140)
T58E0 000:672.779 - 0.385ms returns 0
T58E0 000:672.818 JLINK_CORESIGHT_ReadAPDPReg(AP reg 0x03)
T58E0 000:673.203   Value=0x00000002
T58E0 000:673.247 - 0.429ms returns 0
T58E0 000:673.271 JLINK_CORESIGHT_WriteAPDPReg(AP reg 0x00, 0x80000002)
T58E0 000:673.505 - 0.234ms returns 0
T58E0 000:673.545 JLINK_CORESIGHT_WriteAPDPReg(AP reg 0x01, 0x80011120)
T58E0 000:673.827 - 0.281ms returns 0
T58E0 000:673.864 JLINK_CORESIGHT_WriteAPDPReg(AP reg 0x03, 0x2C010001)
T58E0 000:674.223 - 0.359ms returns 0
T58E0 000:674.259 JLINK_CORESIGHT_WriteAPDPReg(AP reg 0x00, 0x80000002)
T58E0 000:674.615 - 0.354ms returns 0
T58E0 000:674.666 JLINK_CORESIGHT_WriteAPDPReg(AP reg 0x01, 0x80011140)
T58E0 000:675.113 - 0.447ms returns 0
T58E0 000:675.163 JLINK_CORESIGHT_ReadAPDPReg(AP reg 0x03)
T58E0 000:675.557   Value=0x00000002
T58E0 000:675.603 - 0.440ms returns 0
T58E0 000:675.633 JLINK_CORESIGHT_WriteAPDPReg(AP reg 0x00, 0x80000002)
T58E0 000:675.976 - 0.343ms returns 0
T58E0 000:676.016 JLINK_CORESIGHT_WriteAPDPReg(AP reg 0x01, 0x80011120)
T58E0 000:676.399 - 0.383ms returns 0
T58E0 000:676.447 JLINK_CORESIGHT_WriteAPDPReg(AP reg 0x03, 0x000003D3)
T58E0 000:676.761 - 0.313ms returns 0
T58E0 000:676.809 JLINK_CORESIGHT_WriteAPDPReg(AP reg 0x00, 0x80000002)
T58E0 000:677.124 - 0.315ms returns 0
T58E0 000:677.166 JLINK_CORESIGHT_WriteAPDPReg(AP reg 0x01, 0x80011140)
T58E0 000:677.512 - 0.346ms returns 0
T58E0 000:677.553 JLINK_CORESIGHT_ReadAPDPReg(AP reg 0x03)
T58E0 000:677.942   Value=0x00000002
T58E0 000:677.988 - 0.434ms returns 0
T58E0 000:678.013 JLINK_CORESIGHT_ReadAPDPReg(AP reg 0x03)
T58E0 000:678.350   Value=0x00000002
T58E0 000:678.394 - 0.381ms returns 0
T58E0 000:678.419 JLINK_CORESIGHT_ReadAPDPReg(AP reg 0x03)
T58E0 000:678.815   Value=0x00000002
T58E0 000:678.861 - 0.442ms returns 0
T58E0 000:678.887 JLINK_CORESIGHT_ReadAPDPReg(AP reg 0x03)
T58E0 000:679.224   Value=0x00000002
T58E0 000:679.268 - 0.382ms returns 0
T58E0 000:679.294 JLINK_CORESIGHT_ReadAPDPReg(AP reg 0x03)
T58E0 000:679.609   Value=0x00000002
T58E0 000:679.664 - 0.370ms returns 0
T58E0 000:679.691 JLINK_CORESIGHT_ReadAPDPReg(AP reg 0x03)
T58E0 000:680.002   Value=0x00000000
T58E0 000:680.048 - 0.357ms returns 0
T58E0 000:680.075 JLINK_CORESIGHT_WriteAPDPReg(AP reg 0x00, 0x80000002)
T58E0 000:680.376 - 0.300ms returns 0
T58E0 000:680.413 JLINK_CORESIGHT_WriteAPDPReg(AP reg 0x01, 0x80011130)
T58E0 000:680.828 - 0.414ms returns 0
T58E0 000:680.867 JLINK_CORESIGHT_ReadAPDPReg(AP reg 0x03)
T58E0 000:681.214   Value=0x2C020081
T58E0 000:681.260 - 0.393ms returns 0
T58E0 000:681.285 JLINK_CORESIGHT_WriteAPDPReg(AP reg 0x00, 0x80000002)
T58E0 000:681.556 - 0.270ms returns 0
T58E0 000:681.593 JLINK_CORESIGHT_WriteAPDPReg(AP reg 0x01, 0x80011140)
T58E0 000:681.970 - 0.377ms returns 0
T58E0 000:682.007 JLINK_CORESIGHT_ReadAPDPReg(AP reg 0x03)
T58E0 000:682.444   Value=0x00000000
T58E0 000:682.488 - 0.481ms returns 0
T58E0 000:682.515 JLINK_CORESIGHT_WriteAPDPReg(AP reg 0x00, 0x80000002)
T58E0 000:682.869 - 0.354ms returns 0
T58E0 000:682.907 JLINK_CORESIGHT_WriteAPDPReg(AP reg 0x01, 0x80011130)
T58E0 000:683.265 - 0.357ms returns 0
T58E0 000:683.304 JLINK_CORESIGHT_ReadAPDPReg(AP reg 0x03)
T58E0 000:683.855   Value=0x0003CE04
T58E0 000:683.900 - 0.596ms returns 0
T58E0 000:683.930 JLINK_CORESIGHT_WriteAPDPReg(AP reg 0x00, 0x80000002)
T58E0 000:684.289 - 0.358ms returns 0
T58E0 000:684.327 JLINK_CORESIGHT_WriteAPDPReg(AP reg 0x01, 0x80011140)
T58E0 000:684.782 - 0.455ms returns 0
T58E0 000:684.822 JLINK_CORESIGHT_ReadAPDPReg(AP reg 0x03)
T58E0 000:685.231   Value=0x00000002
T58E0 000:685.277 - 0.455ms returns 0
T58E0 000:685.302 JLINK_CORESIGHT_WriteAPDPReg(AP reg 0x00, 0x80000002)
T58E0 000:685.830 - 0.527ms returns 0
T58E0 000:685.880 JLINK_CORESIGHT_WriteAPDPReg(AP reg 0x01, 0x80011120)
T58E0 000:686.167 - 0.287ms returns 0
T58E0 000:686.208 JLINK_CORESIGHT_WriteAPDPReg(AP reg 0x03, 0x73010001)
T58E0 000:686.618 - 0.409ms returns 0
T58E0 000:686.666 JLINK_CORESIGHT_WriteAPDPReg(AP reg 0x00, 0x80000002)
T58E0 000:687.111 - 0.444ms returns 0
T58E0 000:687.168 JLINK_CORESIGHT_WriteAPDPReg(AP reg 0x01, 0x80011140)
T58E0 000:687.485 - 0.316ms returns 0
T58E0 000:687.528 JLINK_CORESIGHT_ReadAPDPReg(AP reg 0x03)
T58E0 000:687.916   Value=0x00000002
T58E0 000:687.962 - 0.434ms returns 0
T58E0 000:687.987 JLINK_CORESIGHT_WriteAPDPReg(AP reg 0x00, 0x80000002)
T58E0 000:688.354 - 0.367ms returns 0
T58E0 000:688.395 JLINK_CORESIGHT_WriteAPDPReg(AP reg 0x01, 0x80011120)
T58E0 000:688.824 - 0.429ms returns 0
T58E0 000:688.863 JLINK_CORESIGHT_WriteAPDPReg(AP reg 0x03, 0x0000038C)
T58E0 000:689.260 - 0.396ms returns 0
T58E0 000:689.299 JLINK_CORESIGHT_WriteAPDPReg(AP reg 0x00, 0x80000002)
T58E0 000:689.666 - 0.367ms returns 0
T58E0 000:689.706 JLINK_CORESIGHT_WriteAPDPReg(AP reg 0x01, 0x80011140)
T58E0 000:690.087 - 0.381ms returns 0
T58E0 000:690.126 JLINK_CORESIGHT_ReadAPDPReg(AP reg 0x03)
T58E0 000:690.598   Value=0x00000002
T58E0 000:690.650 - 0.523ms returns 0
T58E0 000:690.678 JLINK_CORESIGHT_ReadAPDPReg(AP reg 0x03)
T58E0 000:691.198   Value=0x00000002
T58E0 000:691.245 - 0.567ms returns 0
T58E0 000:691.271 JLINK_CORESIGHT_ReadAPDPReg(AP reg 0x03)
T58E0 000:691.725   Value=0x00000000
T58E0 000:691.772 - 0.501ms returns 0
T58E0 000:691.799 JLINK_CORESIGHT_WriteAPDPReg(AP reg 0x00, 0x80000002)
T58E0 000:692.248 - 0.448ms returns 0
T58E0 000:692.286 JLINK_CORESIGHT_WriteAPDPReg(AP reg 0x01, 0x80011130)
T58E0 000:692.666 - 0.379ms returns 0
T58E0 000:692.706 JLINK_CORESIGHT_ReadAPDPReg(AP reg 0x03)
T58E0 000:693.174   Value=0x73020081
T58E0 000:693.224 - 0.518ms returns 0
T58E0 000:693.253 JLINK_CORESIGHT_WriteAPDPReg(AP reg 0x00, 0x80000002)
T58E0 000:693.713 - 0.460ms returns 0
T58E0 000:693.762 JLINK_CORESIGHT_WriteAPDPReg(AP reg 0x01, 0x80011140)
T58E0 000:694.207 - 0.445ms returns 0
T58E0 000:694.247 JLINK_CORESIGHT_ReadAPDPReg(AP reg 0x03)
T58E0 000:694.622   Value=0x00000000
T58E0 000:694.677 - 0.430ms returns 0
T58E0 000:694.703 JLINK_CORESIGHT_WriteAPDPReg(AP reg 0x00, 0x80000002)
T58E0 000:695.137 - 0.433ms returns 0
T58E0 000:695.184 JLINK_CORESIGHT_WriteAPDPReg(AP reg 0x01, 0x80011130)
T58E0 000:695.599 - 0.414ms returns 0
T58E0 000:695.646 JLINK_CORESIGHT_ReadAPDPReg(AP reg 0x03)
T58E0 000:696.112   Value=0x00038902
T58E0 000:696.157 - 0.511ms returns 0
T58E0 000:696.189 JLINK_CORESIGHT_WriteAPDPReg(AP reg 0x00, 0x80000002)
T58E0 000:696.615 - 0.426ms returns 0
T58E0 000:696.660 JLINK_CORESIGHT_WriteAPDPReg(AP reg 0x01, 0x80011140)
T58E0 000:697.126 - 0.466ms returns 0
T58E0 000:697.174 JLINK_CORESIGHT_ReadAPDPReg(AP reg 0x03)
T58E0 000:697.651   Value=0x00000002
T58E0 000:697.709 - 0.534ms returns 0
T58E0 000:697.743 JLINK_CORESIGHT_WriteAPDPReg(AP reg 0x00, 0x80000002)
T58E0 000:698.134 - 0.391ms returns 0
T58E0 000:698.177 JLINK_CORESIGHT_WriteAPDPReg(AP reg 0x01, 0x80011120)
T58E0 000:698.620 - 0.442ms returns 0
T58E0 000:698.674 JLINK_CORESIGHT_WriteAPDPReg(AP reg 0x03, 0x75010001)
T58E0 000:699.037 - 0.363ms returns 0
T58E0 000:699.079 JLINK_CORESIGHT_WriteAPDPReg(AP reg 0x00, 0x80000002)
T58E0 000:699.546 - 0.466ms returns 0
T58E0 000:699.598 JLINK_CORESIGHT_WriteAPDPReg(AP reg 0x01, 0x80011140)
T58E0 000:699.998 - 0.400ms returns 0
T58E0 000:700.042 JLINK_CORESIGHT_ReadAPDPReg(AP reg 0x03)
T58E0 000:700.457   Value=0x00000002
T58E0 000:700.507 - 0.465ms returns 0
T58E0 000:700.539 JLINK_CORESIGHT_WriteAPDPReg(AP reg 0x00, 0x80000002)
T58E0 000:700.914 - 0.374ms returns 0
T58E0 000:700.955 JLINK_CORESIGHT_WriteAPDPReg(AP reg 0x01, 0x80011120)
T58E0 000:701.390 - 0.434ms returns 0
T58E0 000:701.431 JLINK_CORESIGHT_WriteAPDPReg(AP reg 0x03, 0x0000038A)
T58E0 000:701.824 - 0.392ms returns 0
T58E0 000:701.872 JLINK_CORESIGHT_WriteAPDPReg(AP reg 0x00, 0x80000002)
T58E0 000:702.267 - 0.395ms returns 0
T58E0 000:702.309 JLINK_CORESIGHT_WriteAPDPReg(AP reg 0x01, 0x80011140)
T58E0 000:702.753 - 0.443ms returns 0
T58E0 000:702.805 JLINK_CORESIGHT_ReadAPDPReg(AP reg 0x03)
T58E0 000:703.229   Value=0x00000002
T58E0 000:703.290 - 0.485ms returns 0
T58E0 000:703.319 JLINK_CORESIGHT_ReadAPDPReg(AP reg 0x03)
T58E0 000:703.849   Value=0x00000000
T58E0 000:703.911 - 0.592ms returns 0
T58E0 000:703.940 JLINK_CORESIGHT_WriteAPDPReg(AP reg 0x00, 0x80000002)
T58E0 000:704.395 - 0.454ms returns 0
T58E0 000:704.443 JLINK_CORESIGHT_WriteAPDPReg(AP reg 0x01, 0x80011130)
T58E0 000:704.893 - 0.450ms returns 0
T58E0 000:704.938 JLINK_CORESIGHT_ReadAPDPReg(AP reg 0x03)
T58E0 000:705.357   Value=0x75020081
T58E0 000:705.401 - 0.463ms returns 0
T58E0 000:705.433 JLINK_CORESIGHT_WriteAPDPReg(AP reg 0x00, 0x80000002)
T58E0 000:705.779 - 0.345ms returns 0
T58E0 000:705.821 JLINK_CORESIGHT_WriteAPDPReg(AP reg 0x01, 0x80011140)
T58E0 000:706.186 - 0.365ms returns 0
T58E0 000:706.227 JLINK_CORESIGHT_ReadAPDPReg(AP reg 0x03)
T58E0 000:706.725   Value=0x00000000
T58E0 000:706.770 - 0.543ms returns 0
T58E0 000:706.798 JLINK_CORESIGHT_WriteAPDPReg(AP reg 0x00, 0x80000002)
T58E0 000:707.202 - 0.404ms returns 0
T58E0 000:707.244 JLINK_CORESIGHT_WriteAPDPReg(AP reg 0x01, 0x80011130)
T58E0 000:707.684 - 0.440ms returns 0
T58E0 000:707.731 JLINK_CORESIGHT_ReadAPDPReg(AP reg 0x03)
T58E0 000:708.262   Value=0x00038702
T58E0 000:708.310 - 0.579ms returns 0
T58E0 000:708.387 JLINK_CORESIGHT_WriteAPDPReg(AP reg 0x00, 0x80000002)
T58E0 000:708.801 - 0.414ms returns 0
T58E0 000:708.843 JLINK_CORESIGHT_WriteAPDPReg(AP reg 0x01, 0x80011140)
T58E0 000:709.290 - 0.447ms returns 0
T58E0 000:709.329 JLINK_CORESIGHT_ReadAPDPReg(AP reg 0x03)
T58E0 000:709.847   Value=0x00000002
T58E0 000:709.895 - 0.566ms returns 0
T58E0 000:709.921 JLINK_CORESIGHT_WriteAPDPReg(AP reg 0x00, 0x80000002)
T58E0 000:710.278 - 0.357ms returns 0
T58E0 000:710.316 JLINK_CORESIGHT_WriteAPDPReg(AP reg 0x01, 0x80011120)
T58E0 000:710.722 - 0.406ms returns 0
T58E0 000:710.760 JLINK_CORESIGHT_WriteAPDPReg(AP reg 0x03, 0x4F010001)
T58E0 000:711.087 - 0.327ms returns 0
T58E0 000:711.125 JLINK_CORESIGHT_WriteAPDPReg(AP reg 0x00, 0x80000002)
T58E0 000:711.508 - 0.382ms returns 0
T58E0 000:711.545 JLINK_CORESIGHT_WriteAPDPReg(AP reg 0x01, 0x80011140)
T58E0 000:711.978 - 0.433ms returns 0
T58E0 000:712.016 JLINK_CORESIGHT_ReadAPDPReg(AP reg 0x03)
T58E0 000:712.446   Value=0x00000002
T58E0 000:712.492 - 0.475ms returns 0
T58E0 000:712.518 JLINK_CORESIGHT_WriteAPDPReg(AP reg 0x00, 0x80000002)
T58E0 000:712.872 - 0.354ms returns 0
T58E0 000:712.911 JLINK_CORESIGHT_WriteAPDPReg(AP reg 0x01, 0x80011120)
T58E0 000:713.321 - 0.410ms returns 0
T58E0 000:713.358 JLINK_CORESIGHT_WriteAPDPReg(AP reg 0x03, 0x000003B0)
T58E0 000:713.776 - 0.418ms returns 0
T58E0 000:713.814 JLINK_CORESIGHT_WriteAPDPReg(AP reg 0x00, 0x80000002)
T58E0 000:714.165 - 0.351ms returns 0
T58E0 000:714.203 JLINK_CORESIGHT_WriteAPDPReg(AP reg 0x01, 0x80011140)
T58E0 000:714.632 - 0.429ms returns 0
T58E0 000:714.694 JLINK_CORESIGHT_ReadAPDPReg(AP reg 0x03)
T58E0 000:715.183   Value=0x00000002
T58E0 000:715.233 - 0.539ms returns 0
T58E0 000:715.260 JLINK_CORESIGHT_ReadAPDPReg(AP reg 0x03)
T58E0 000:715.725   Value=0x00000000
T58E0 000:715.771 - 0.511ms returns 0
T58E0 000:715.801 JLINK_CORESIGHT_WriteAPDPReg(AP reg 0x00, 0x80000002)
T58E0 000:716.117 - 0.316ms returns 0
T58E0 000:716.159 JLINK_CORESIGHT_WriteAPDPReg(AP reg 0x01, 0x80011130)
T58E0 000:716.484 - 0.325ms returns 0
T58E0 000:716.525 JLINK_CORESIGHT_ReadAPDPReg(AP reg 0x03)
T58E0 000:716.995   Value=0x4F0B0081
T58E0 000:717.041 - 0.516ms returns 0
T58E0 000:717.068 JLINK_CORESIGHT_WriteAPDPReg(AP reg 0x00, 0x80000002)
T58E0 000:717.355 - 0.287ms returns 0
T58E0 000:717.393 JLINK_CORESIGHT_WriteAPDPReg(AP reg 0x01, 0x80011140)
T58E0 000:717.773 - 0.380ms returns 0
T58E0 000:717.857 JLINK_CORESIGHT_ReadAPDPReg(AP reg 0x03)
T58E0 000:718.350   Value=0x00000000
T58E0 000:718.404 - 0.547ms returns 0
T58E0 000:718.430 JLINK_CORESIGHT_WriteAPDPReg(AP reg 0x00, 0x80000002)
T58E0 000:718.971 - 0.541ms returns 0
T58E0 000:719.011 JLINK_CORESIGHT_WriteAPDPReg(AP reg 0x01, 0x80011130)
T58E0 000:719.369 - 0.358ms returns 0
T58E0 000:719.422 JLINK_CORESIGHT_ReadAPDPReg(AP reg 0x03)
T58E0 000:719.851   Value=0x20000000
T58E0 000:719.898 - 0.476ms returns 0
T58E0 000:719.924 JLINK_CORESIGHT_WriteAPDPReg(AP reg 0x00, 0x80000002)
T58E0 000:720.268 - 0.344ms returns 0
T58E0 000:720.307 JLINK_CORESIGHT_WriteAPDPReg(AP reg 0x01, 0x80011140)
T58E0 000:720.752 - 0.445ms returns 0
T58E0 000:720.794 JLINK_CORESIGHT_ReadAPDPReg(AP reg 0x03)
T58E0 000:721.202   Value=0x00000000
T58E0 000:721.248 - 0.454ms returns 0
T58E0 000:721.274 JLINK_CORESIGHT_WriteAPDPReg(AP reg 0x00, 0x80000002)
T58E0 000:721.622 - 0.348ms returns 0
T58E0 000:721.669 JLINK_CORESIGHT_WriteAPDPReg(AP reg 0x01, 0x80011130)
T58E0 000:722.024 - 0.355ms returns 0
T58E0 000:722.063 JLINK_CORESIGHT_ReadAPDPReg(AP reg 0x03)
T58E0 000:722.520   Value=0x00000000
T58E0 000:722.565 - 0.501ms returns 0
T58E0 000:722.591 JLINK_CORESIGHT_WriteAPDPReg(AP reg 0x00, 0x80000002)
T58E0 000:722.971 - 0.379ms returns 0
T58E0 000:723.010 JLINK_CORESIGHT_WriteAPDPReg(AP reg 0x01, 0x80011140)
T58E0 000:723.330 - 0.320ms returns 0
T58E0 000:723.369 JLINK_CORESIGHT_ReadAPDPReg(AP reg 0x03)
T58E0 000:723.836   Value=0x00000000
T58E0 000:723.883 - 0.514ms returns 0
T58E0 000:723.910 JLINK_CORESIGHT_WriteAPDPReg(AP reg 0x00, 0x80000002)
T58E0 000:724.277 - 0.367ms returns 0
T58E0 000:724.315 JLINK_CORESIGHT_WriteAPDPReg(AP reg 0x01, 0x80011130)
T58E0 000:724.723 - 0.408ms returns 0
T58E0 000:724.762 JLINK_CORESIGHT_ReadAPDPReg(AP reg 0x03)
T58E0 000:725.272   Value=0x03860000
T58E0 000:725.319 - 0.557ms returns 0
T58E0 000:725.432 JLINK_CORESIGHT_ReadAPDPReg(DP reg 0x01)
T58E0 000:725.884   Value=0xF0000F40
T58E0 000:725.930 - 0.499ms returns 0
T58E0 000:725.955 JLINK_CORESIGHT_WriteAPDPReg(DP reg 0x01, 0xA0000F40)
T58E0 000:726.370 - 0.414ms returns 0
T58E0 000:726.408 JLINK_CORESIGHT_ReadAPDPReg(DP reg 0x01)
T58E0 000:726.813   Value=0x00000F40
T58E0 000:726.871 - 0.463ms returns 0
T58E0 000:726.897 JLINK_ClrRESET()
T58E0 000:727.370 - 0.472ms 
T58E0 000:834.242 JLINK_Close()
T58E0 000:845.231 - 10.988ms
T58E0 000:845.310   
T58E0 000:845.334   Closed
