T5498 000:001.771   SEGGER J-Link V7.94g Log File
T5498 000:001.974   DLL Compiled: Jan 24 2024 15:48:08
T5498 000:002.016   Logging started @ 2024-05-02 10:34
T5498 000:002.055   Process: C:\Users\a5123763\.eclipse\com.renesas.platform_766387387\DebugComp\RA\e2-server-gdb.exe
T5498 000:002.095 - 2.093ms
T5498 000:002.147 JLINK_GetDLLVersion()
T5498 000:002.191 - 0.043ms returns 79407
T5498 000:003.213 JLINK_OpenEx(...)
T5498 000:018.298   Firmware: J-Link OB-S124 compiled Dec 13 2023 14:39:54
T5498 000:019.582   Firmware: J-Link OB-S124 compiled Dec 13 2023 14:39:54
T5498 000:044.274   Hardware: V1.00
T5498 000:044.424   S/N: 831407494
T5498 000:044.540   OEM: SEGGER
T5498 000:044.655   Feature(s): None
T5498 000:046.058   Bootloader: 2017 Feb 06
T5498 000:046.904   USB speed mode: Full speed (12 MBit/s)
T5498 000:047.724   TELNET listener socket opened on port 19021
T5498 000:048.022   WEBSRV WEBSRV_Init(): Starting webserver thread(s)
T5498 000:048.295   WEBSRV Webserver running on local port 19080
T5498 000:048.611   Looking for J-Link GUI Server exe at: C:\Users\a5123763\.eclipse\com.renesas.platform_766387387\DebugComp\RA\ARM\Segger_v7.94.7\JLinkGUIServer.exe
T5498 000:049.218   Looking for J-Link GUI Server exe at: \JLinkGUIServer.exe
T5498 000:356.550   Failed to connect to J-Link GUI Server.
T5498 000:356.824 - 353.588ms returns "O.K."
T5498 000:357.650 JLINK_ExecCommand("ProjectFile=C:\Workspace\01_repo\ra-solutions-rvc\application_projects\r11an0594\iir_filter_accelerator/iir_filter_accelerator Debug_Flat.jlink", ...). 
T5498 000:403.027 - 45.389ms returns 0x00
T5498 000:403.602 JLINK_ExecCommand("device=R7FA6T2BD", ...). 
T5498 000:405.566   Flash bank @ 0x0100A100: SFL: Parsing sectorization info from ELF file
T5498 000:405.632     FlashDevice.SectorInfo[0]: .SectorSize = 0x00000010, .SectorStartAddr = 0x00000000
T5498 000:405.659   FlashBank @0x0100A100: Sectorization info from SFL ELF file ignored because sectorization override from DLL / XML file is active.
T5498 000:405.931   Device "R7FA6T2BD" selected.
T5498 000:407.155 - 3.517ms returns 0x00
T5498 000:407.215 JLINK_ReadMem(0xE000EDF0, 0x4 Bytes, ...)
T5498 000:407.528   ConfigTargetSettings() start
T5498 000:407.577    J-Link Script File: Executing ConfigTargetSettings()
T5498 000:407.615   Configuring FlashDLNoRMWThreshold=0x200 in order to make sure that option bytes programming is done via read-modify-write
T5498 000:434.049   ConfigTargetSettings() end - Took 26.4ms
T5498 000:434.877   InitTarget() start
T5498 000:434.917    J-Link Script File: Executing InitTarget()
T5498 000:434.940   SWD selected. Executing JTAG -> SWD switching sequence.
T5498 000:441.204   DAP initialized successfully.
T5498 000:441.258   Determining TrustZone configuration...
T5498 000:444.250     Secure Debug: Enabled (SSD)
T5498 000:444.293   Determining currently configured transfer type by reading the AHB-AP CSW register.
T5498 000:446.650     --> Correct transfer type configured. Done.
T5498 000:446.706   InitTarget() end - Took 11.7ms
T5498 000:448.897   Found SW-DP with ID 0x6BA02477
T5498 000:456.777   DPIDR: 0x6BA02477
T5498 000:456.839   CoreSight SoC-400 or earlier
T5498 000:456.879   Scanning AP map to find all available APs
T5498 000:460.579   AP[2]: Stopped AP scan as end of AP map has been reached
T5498 000:460.651   AP[0]: AHB-AP (IDR: 0x84770001)
T5498 000:460.685   AP[1]: APB-AP (IDR: 0x54770002)
T5498 000:460.717   Iterating through AP map to find AHB-AP to use
T5498 000:464.521   AP[0]: Core found
T5498 000:464.587   AP[0]: AHB-AP ROM base: 0xE00FE000
T5498 000:466.474   CPUID register: 0x410FD214. Implementer code: 0x41 (ARM)
T5498 000:466.533   Feature set: Mainline
T5498 000:468.395   Cache: No cache
T5498 000:468.452   Found Cortex-M33 r0p4, Little endian.
T5498 000:469.140   -- Max. mem block: 0x00001960
T5498 000:471.134   CPU_ReadMem(4 bytes @ 0xE000EDF0)
T5498 000:474.703   CPU_WriteMem(4 bytes @ 0xE000EDF0)
T5498 000:476.607   CPU_ReadMem(4 bytes @ 0xE0002000)
T5498 000:478.533   FPUnit: 8 code (BP) slots and 0 literal slots
T5498 000:478.639   CPU_ReadMem(4 bytes @ 0xE000EDFC)
T5498 000:480.526   CPU_WriteMem(4 bytes @ 0xE000EDFC)
T5498 000:482.524   CPU_ReadMem(4 bytes @ 0xE0001000)
T5498 000:484.480   CPU_ReadMem(4 bytes @ 0xE0001000)
T5498 000:486.379   CPU_ReadMem(4 bytes @ 0xE0001028)
T5498 000:488.322   CPU_ReadMem(4 bytes @ 0xE0001038)
T5498 000:490.275   CPU_ReadMem(4 bytes @ 0xE0001048)
T5498 000:492.180   CPU_ReadMem(4 bytes @ 0xE0001058)
T5498 000:494.171   CPU_WriteMem(4 bytes @ 0xE0001000)
T5498 000:496.166   CPU_ReadMem(4 bytes @ 0xE000ED88)
T5498 000:498.095   CPU_WriteMem(4 bytes @ 0xE000ED88)
T5498 000:500.063   CPU_ReadMem(4 bytes @ 0xE000ED88)
T5498 000:502.003   CPU_WriteMem(4 bytes @ 0xE000ED88)
T5498 000:503.928   CPU_ReadMem(4 bytes @ 0xE000EFB8)
T5498 000:505.941   Security extension: implemented
T5498 000:506.004   Secure debug: enabled
T5498 000:506.034   CoreSight components:
T5498 000:506.070   ROMTbl[0] @ E00FE000
T5498 000:506.101   CPU_ReadMem(64 bytes @ 0xE00FE000)
T5498 000:512.192   CPU_ReadMem(32 bytes @ 0xE0044FE0)
T5498 000:516.023   CPU_ReadMem(4 bytes @ 0xE0044FBC)
T5498 000:518.067   CPU_ReadMem(4 bytes @ 0xE0044FCC)
T5498 000:519.982   [0][0]: E0044000 CID B105900D PID 005BB906 DEVARCH 00000000 DEVTYPE 14 CTI (?)
T5498 000:520.036   CPU_ReadMem(32 bytes @ 0xE0047FE0)
T5498 000:523.880   CPU_ReadMem(4 bytes @ 0xE0047FBC)
T5498 000:525.972   CPU_ReadMem(4 bytes @ 0xE0047FCC)
T5498 000:527.950   [0][1]: E0047000 CID B105900D PID 003BB908 DEVARCH 00000000 DEVTYPE 12 CSTF
T5498 000:528.006   CPU_ReadMem(32 bytes @ 0xE0048FE0)
T5498 000:531.866   CPU_ReadMem(4 bytes @ 0xE0048FBC)
T5498 000:533.781   CPU_ReadMem(4 bytes @ 0xE0048FCC)
T5498 000:535.742   [0][2]: E0048000 CID B105900D PID 001BB961 DEVARCH 00000000 DEVTYPE 21 ETB
T5498 000:535.798   CPU_ReadMem(32 bytes @ 0xE0049FE0)
T5498 000:539.672   [0][3]: E0049000 CID B105F00D PID 001BB101 TSG
T5498 000:539.771   CPU_ReadMem(32 bytes @ 0xE0040FE0)
T5498 000:543.616   CPU_ReadMem(4 bytes @ 0xE0040FBC)
T5498 000:545.593   CPU_ReadMem(4 bytes @ 0xE0040FCC)
T5498 000:547.556   [0][4]: E0040000 CID B105900D PID 000BBD21 DEVARCH 00000000 DEVTYPE 11 TPIU
T5498 000:547.614   CPU_ReadMem(32 bytes @ 0xE00FFFE0)
T5498 000:551.488   [0][5]: E00FF000 CID B105100D PID 000BB4C9 ROM Table
T5498 000:551.543   ROMTbl[1] @ E00FF000
T5498 000:551.574   CPU_ReadMem(64 bytes @ 0xE00FF000)
T5498 000:557.581   CPU_ReadMem(32 bytes @ 0xE000EFE0)
T5498 000:561.517   CPU_ReadMem(4 bytes @ 0xE000EFBC)
T5498 000:563.467   CPU_ReadMem(4 bytes @ 0xE000EFCC)
T5498 000:565.443   [1][0]: E000E000 CID B105900D PID 000BBD21 DEVARCH 47702A04 DEVTYPE 00 Cortex-M33
T5498 000:565.519   CPU_ReadMem(32 bytes @ 0xE0001FE0)
T5498 000:569.474   CPU_ReadMem(4 bytes @ 0xE0001FBC)
T5498 000:571.440   CPU_ReadMem(4 bytes @ 0xE0001FCC)
T5498 000:573.418   [1][1]: E0001000 CID B105900D PID 000BBD21 DEVARCH 47701A02 DEVTYPE 00 DWT
T5498 000:573.484   CPU_ReadMem(32 bytes @ 0xE0002FE0)
T5498 000:577.343   CPU_ReadMem(4 bytes @ 0xE0002FBC)
T5498 000:579.440   CPU_ReadMem(4 bytes @ 0xE0002FCC)
T5498 000:581.541   [1][2]: E0002000 CID B105900D PID 000BBD21 DEVARCH 47701A03 DEVTYPE 00 FPB
T5498 000:581.694   CPU_ReadMem(32 bytes @ 0xE0000FE0)
T5498 000:585.665   CPU_ReadMem(4 bytes @ 0xE0000FBC)
T5498 000:587.717   CPU_ReadMem(4 bytes @ 0xE0000FCC)
T5498 000:589.862   [1][3]: E0000000 CID B105900D PID 000BBD21 DEVARCH 47701A01 DEVTYPE 43 ITM
T5498 000:589.937   CPU_ReadMem(32 bytes @ 0xE0041FE0)
T5498 000:593.933   CPU_ReadMem(4 bytes @ 0xE0041FBC)
T5498 000:596.017   CPU_ReadMem(4 bytes @ 0xE0041FCC)
T5498 000:598.105   [1][5]: E0041000 CID B105900D PID 002BBD21 DEVARCH 47724A13 DEVTYPE 13 ETM
T5498 000:598.218   CPU_ReadMem(32 bytes @ 0xE0042FE0)
T5498 000:602.129   CPU_ReadMem(4 bytes @ 0xE0042FBC)
T5498 000:604.433   CPU_ReadMem(4 bytes @ 0xE0042FCC)
T5498 000:606.531   [1][6]: E0042000 CID B105900D PID 000BBD21 DEVARCH 47701A14 DEVTYPE 14 CSS600-CTI
T5498 000:606.690   CPU_ReadMem(4 bytes @ 0xE000EDF0)
T5498 000:608.697   Data:  01 00 18 00
T5498 000:608.876   Debug reg: DHCSR
T5498 000:608.924 - 201.708ms returns 0
T5498 000:608.965 JLINK_ReadMem(0x400E002C, 0x4 Bytes, ...)
T5498 000:609.011   CPU_ReadMem(4 bytes @ 0x400E002C)
T5498 000:611.024   Data:  02 00 00 00
T5498 000:611.128 - 2.162ms returns 0
T5498 000:611.200 JLINK_ReadMem(0xE000EDF0, 0x4 Bytes, ...)
T5498 000:611.249   CPU_ReadMem(4 bytes @ 0xE000EDF0)
T5498 000:613.270   Data:  01 00 18 00
T5498 000:613.335   Debug reg: DHCSR
T5498 000:613.376 - 2.176ms returns 0
T5498 000:613.428 JLINK_ReadMem(0xE000EDF0, 0x4 Bytes, ...)
T5498 000:613.467   CPU_ReadMem(4 bytes @ 0xE000EDF0)
T5498 000:615.446   Data:  01 00 18 00
T5498 000:615.515   Debug reg: DHCSR
T5498 000:615.556 - 2.128ms returns 0
T5498 000:615.592 JLINK_ReadMem(0x400E001C, 0x4 Bytes, ...)
T5498 000:615.632   CPU_ReadMem(4 bytes @ 0x400E001C)
T5498 000:617.673   Data:  00 FC FF 00
T5498 000:617.768 - 2.175ms returns 0
T5498 000:617.821 JLINK_ReadMem(0xE000EDF0, 0x4 Bytes, ...)
T5498 000:617.868   CPU_ReadMem(4 bytes @ 0xE000EDF0)
T5498 000:619.866   Data:  01 00 18 00
T5498 000:619.947   Debug reg: DHCSR
T5498 000:619.987 - 2.166ms returns 0
T5498 000:620.025 JLINK_ReadMem(0x400E0018, 0x4 Bytes, ...)
T5498 000:620.067   CPU_ReadMem(4 bytes @ 0x400E0018)
T5498 000:622.024   Data:  00 80 FF 00
T5498 000:622.104 - 2.079ms returns 0
T5498 000:622.186 JLINK_ReadMem(0xE000EDF0, 0x4 Bytes, ...)
T5498 000:622.237   CPU_ReadMem(4 bytes @ 0xE000EDF0)
T5498 000:624.210   Data:  01 00 18 00
T5498 000:624.257   Debug reg: DHCSR
T5498 000:624.293 - 2.106ms returns 0
T5498 000:624.324 JLINK_ReadMem(0x400E0020, 0x4 Bytes, ...)
T5498 000:624.354   CPU_ReadMem(4 bytes @ 0x400E0020)
T5498 000:626.391   Data:  00 FC 00 00
T5498 000:626.452 - 2.127ms returns 0
T5498 000:626.491 JLINK_ReadMem(0xE000EDF0, 0x4 Bytes, ...)
T5498 000:626.530   CPU_ReadMem(4 bytes @ 0xE000EDF0)
T5498 000:628.544   Data:  01 00 18 00
T5498 000:628.648   Debug reg: DHCSR
T5498 000:628.680 - 2.189ms returns 0
T5498 000:628.719 JLINK_ReadMem(0x400E0028, 0x4 Bytes, ...)
T5498 000:628.761   CPU_ReadMem(4 bytes @ 0x400E0028)
T5498 000:630.869   Data:  00 FC 1F 00
T5498 000:630.970 - 2.252ms returns 0
T5498 000:631.014 JLINK_ReadMem(0xE000EDF0, 0x4 Bytes, ...)
T5498 000:631.053   CPU_ReadMem(4 bytes @ 0xE000EDF0)
T5498 000:633.112   Data:  01 00 18 00
T5498 000:633.183   Debug reg: DHCSR
T5498 000:633.215 - 2.200ms returns 0
T5498 000:633.248 JLINK_ReadMem(0x400E0024, 0x4 Bytes, ...)
T5498 000:633.293   CPU_ReadMem(4 bytes @ 0x400E0024)
T5498 000:635.313   Data:  00 E0 1F 00
T5498 000:635.414 - 2.163ms returns 0
T5498 000:635.460 JLINK_ReadMem(0xE000EDF0, 0x4 Bytes, ...)
T5498 000:635.500   CPU_ReadMem(4 bytes @ 0xE000EDF0)
T5498 000:637.499   Data:  01 00 18 00
T5498 000:637.592   Debug reg: DHCSR
T5498 000:637.639 - 2.178ms returns 0
T5498 000:637.677 JLINK_ReadMem(0x400E002C, 0x4 Bytes, ...)
T5498 000:637.718   CPU_ReadMem(4 bytes @ 0x400E002C)
T5498 000:639.672   Data:  02 00 00 00
T5498 000:639.747 - 2.070ms returns 0
T5498 000:639.786 JLINK_ReadMem(0xE000EDF0, 0x4 Bytes, ...)
T5498 000:639.819   CPU_ReadMem(4 bytes @ 0xE000EDF0)
T5498 000:641.827   Data:  01 00 18 00
T5498 000:641.889   Debug reg: DHCSR
T5498 000:641.921 - 2.135ms returns 0
T5498 000:641.954 JLINK_ReadMem(0x400E002C, 0x4 Bytes, ...)
T5498 000:641.984   CPU_ReadMem(4 bytes @ 0x400E002C)
T5498 000:643.977   Data:  02 00 00 00
T5498 000:644.037 - 2.082ms returns 0
T5498 000:651.561 JLINK_Close()
T5498 000:673.900 - 22.338ms
T5498 000:673.960   
T5498 000:673.983   Closed
