T388C 000:001.023   SEGGER J-Link V8.10f Log File
T388C 000:001.196   DLL Compiled: Nov  6 2024 16:02:06
T388C 000:001.212   Logging started @ 2025-01-06 14:38
T388C 000:001.226   Process: C:\Users\a5142629\.eclipse\com.renesas.platform_15818172\DebugComp\RA\e2-server-gdb.exe
T388C 000:001.243 - 1.240ms 
T388C 000:001.266 JLINK_GetDLLVersion()
T388C 000:001.281 - 0.015ms returns 81006
T388C 000:006.477 JLINK_OpenEx(...)
T388C 000:018.846   Firmware: J-Link OB-RA4M2 compiled Oct  9 2024 11:01:47
T388C 000:019.936   Firmware: J-Link OB-RA4M2 compiled Oct  9 2024 11:01:47
T388C 000:034.449   Hardware: V1.00
T388C 000:034.503   S/N: 1084938940
T388C 000:034.525   OEM: SEGGER
T388C 000:034.545   Feature(s): None
T388C 000:035.523   Bootloader: 2021 May 14
T388C 000:036.185   USB speed mode: Full speed (12 MBit/s)
T388C 000:036.736   TELNET listener socket opened on port 19021
T388C 000:037.009   WEBSRV WEBSRV_Init(): Starting webserver thread(s)
T388C 000:037.213   WEBSRV Webserver running on local port 19080
T388C 000:037.450   Looking for J-Link GUI Server exe at: C:\Users\a5142629\.eclipse\com.renesas.platform_15818172\DebugComp\RA\ARM\Segger_v8.10.6\JLinkGUIServer.exe
T388C 000:037.744   Looking for J-Link GUI Server exe at: C:\Program Files (x86)\SEGGER\JLink_V810g\\JLinkGUIServer.exe
T388C 000:037.801   Forking J-Link GUI Server: C:\Program Files (x86)\SEGGER\JLink_V810g\\JLinkGUIServer.exe
T388C 000:089.114   J-Link GUI Server info: "J-Link GUI server V8.10g "
T388C 000:094.433 - 87.952ms returns "O.K."
T388C 000:094.700 JLINK_TIF_Select(JLINKARM_TIF_SWD)
T388C 000:095.424 - 0.723ms returns 0x00
T388C 000:095.451 JLINK_ClrRESET()
T388C 000:095.791 - 0.339ms 
T388C 000:146.898 JLINK_SetSpeed(1500)
T388C 000:147.162 - 0.271ms 
T388C 000:147.199 JLINK_CORESIGHT_Configure(PerformTIFInit=0)
T388C 000:147.742 - 0.546ms returns 0
T388C 000:147.804 JLINK_CORESIGHT_ReadAPDPReg(DP reg 0x00)
T388C 000:148.424   Value=0x6BA02477
T388C 000:148.459 - 0.656ms returns 0
T388C 000:148.474 JLINK_CORESIGHT_WriteAPDPReg(DP reg 0x00, 0x0000001F)
T388C 000:148.974 - 0.499ms returns 0
T388C 000:149.004 JLINK_CORESIGHT_ReadAPDPReg(DP reg 0x00)
T388C 000:149.456   Value=0x6BA02477
T388C 000:149.493 - 0.489ms returns 0
T388C 000:149.509 JLINK_CORESIGHT_WriteAPDPReg(DP reg 0x02, 0x00000000)
T388C 000:149.885 - 0.376ms returns 0
T388C 000:149.921 JLINK_CORESIGHT_WriteAPDPReg(DP reg 0x01, 0x50000000)
T388C 000:150.345 - 0.424ms returns 0
T388C 000:150.408 JLINK_CORESIGHT_ReadAPDPReg(DP reg 0x01)
T388C 000:150.853   Value=0xF0000040
T388C 000:150.894 - 0.485ms returns 0
T388C 000:150.911 JLINK_CORESIGHT_WriteAPDPReg(DP reg 0x00, 0x0000001F)
T388C 000:151.237 - 0.325ms returns 0
T388C 000:151.272 JLINK_CORESIGHT_ReadAPDPReg(DP reg 0x00)
T388C 000:151.578   Value=0x6BA02477
T388C 000:151.621 - 0.349ms returns 0
T388C 000:151.638 JLINK_CORESIGHT_WriteAPDPReg(DP reg 0x01, 0x54000000)
T388C 000:152.077 - 0.439ms returns 0
T388C 000:152.112 JLINK_CORESIGHT_WriteAPDPReg(DP reg 0x01, 0x50000F00)
T388C 000:152.500 - 0.387ms returns 0
T388C 000:152.537 JLINK_CORESIGHT_WriteAPDPReg(DP reg 0x02, 0x01000000)
T388C 000:153.034 - 0.491ms returns 0
T388C 000:153.079 JLINK_CORESIGHT_WriteAPDPReg(AP reg 0x00, 0x80000002)
T388C 000:153.568 - 0.489ms returns 0
T388C 000:153.604 JLINK_CORESIGHT_WriteAPDPReg(AP reg 0x01, 0x80011100)
T388C 000:153.911 - 0.306ms returns 0
T388C 000:153.942 JLINK_CORESIGHT_WriteAPDPReg(AP reg 0x03, 0x000000A5)
T388C 000:154.337 - 0.395ms returns 0
T388C 000:154.368 JLINK_CORESIGHT_WriteAPDPReg(AP reg 0x00, 0x80000002)
T388C 000:154.770 - 0.401ms returns 0
T388C 000:154.804 JLINK_CORESIGHT_WriteAPDPReg(AP reg 0x01, 0x80011100)
T388C 000:155.125 - 0.321ms returns 0
T388C 000:155.159 JLINK_CORESIGHT_ReadAPDPReg(AP reg 0x03)
T388C 000:155.571   Value=0x000000A5
T388C 000:155.609 - 0.450ms returns 0
T388C 000:155.632 JLINK_ClrTMS()
T388C 000:155.812 - 0.185ms 
T388C 000:161.750 JLINK_SetTCK()
T388C 000:162.094 - 0.343ms returns 0
T388C 000:167.642 JLINK_SetRESET()
T388C 000:167.857 - 0.215ms 
T388C 000:367.966 JLINK_CORESIGHT_WriteAPDPReg(AP reg 0x00, 0x80000002)
T388C 000:368.899 - 0.933ms returns 0
T388C 000:368.921 JLINK_CORESIGHT_WriteAPDPReg(AP reg 0x01, 0x80011100)
T388C 000:369.355 - 0.431ms returns 0
T388C 000:369.373 JLINK_CORESIGHT_ReadAPDPReg(AP reg 0x03)
T388C 000:369.706   Value=0x00000000
T388C 000:369.730 - 0.358ms returns 0
T388C 000:369.746 JLINK_CORESIGHT_WriteAPDPReg(AP reg 0x00, 0x80000002)
T388C 000:370.080 - 0.334ms returns 0
T388C 000:370.114 JLINK_CORESIGHT_WriteAPDPReg(AP reg 0x01, 0x80011140)
T388C 000:370.566 - 0.452ms returns 0
T388C 000:370.612 JLINK_CORESIGHT_ReadAPDPReg(AP reg 0x03)
T388C 000:370.969   Value=0x00000002
T388C 000:371.007 - 0.395ms returns 0
T388C 000:371.024 JLINK_CORESIGHT_WriteAPDPReg(AP reg 0x00, 0x80000002)
T388C 000:371.376 - 0.352ms returns 0
T388C 000:371.410 JLINK_CORESIGHT_WriteAPDPReg(AP reg 0x01, 0x80011120)
T388C 000:371.750 - 0.339ms returns 0
T388C 000:371.785 JLINK_CORESIGHT_WriteAPDPReg(AP reg 0x03, 0x00000055)
T388C 000:371.987 - 0.202ms returns 0
T388C 000:372.008 JLINK_CORESIGHT_WriteAPDPReg(AP reg 0x00, 0x80000002)
T388C 000:372.285 - 0.276ms returns 0
T388C 000:372.302 JLINK_CORESIGHT_WriteAPDPReg(AP reg 0x01, 0x80011140)
T388C 000:372.663 - 0.360ms returns 0
T388C 000:372.681 JLINK_CORESIGHT_ReadAPDPReg(AP reg 0x03)
T388C 000:372.957   Value=0x00000000
T388C 000:372.980 - 0.299ms returns 0
T388C 000:372.995 JLINK_CORESIGHT_WriteAPDPReg(AP reg 0x00, 0x80000002)
T388C 000:373.263 - 0.267ms returns 0
T388C 000:373.280 JLINK_CORESIGHT_WriteAPDPReg(AP reg 0x01, 0x80011130)
T388C 000:373.539 - 0.258ms returns 0
T388C 000:373.556 JLINK_CORESIGHT_ReadAPDPReg(AP reg 0x03)
T388C 000:373.812   Value=0x000000C6
T388C 000:373.836 - 0.280ms returns 0
T388C 000:373.855 JLINK_CORESIGHT_WriteAPDPReg(AP reg 0x00, 0x80000002)
T388C 000:374.065 - 0.209ms returns 0
T388C 000:374.082 JLINK_CORESIGHT_WriteAPDPReg(AP reg 0x01, 0x80011140)
T388C 000:374.320 - 0.237ms returns 0
T388C 000:374.337 JLINK_CORESIGHT_ReadAPDPReg(AP reg 0x03)
T388C 000:374.620   Value=0x00000002
T388C 000:374.643 - 0.305ms returns 0
T388C 000:374.658 JLINK_CORESIGHT_WriteAPDPReg(AP reg 0x00, 0x80000002)
T388C 000:374.941 - 0.283ms returns 0
T388C 000:374.960 JLINK_CORESIGHT_WriteAPDPReg(AP reg 0x01, 0x80011120)
T388C 000:375.214 - 0.254ms returns 0
T388C 000:375.232 JLINK_CORESIGHT_WriteAPDPReg(AP reg 0x03, 0x3A010001)
T388C 000:375.465 - 0.233ms returns 0
T388C 000:375.484 JLINK_CORESIGHT_WriteAPDPReg(AP reg 0x00, 0x80000002)
T388C 000:375.746 - 0.262ms returns 0
T388C 000:375.765 JLINK_CORESIGHT_WriteAPDPReg(AP reg 0x01, 0x80011140)
T388C 000:376.061 - 0.295ms returns 0
T388C 000:376.080 JLINK_CORESIGHT_ReadAPDPReg(AP reg 0x03)
T388C 000:376.377   Value=0x00000002
T388C 000:376.433 - 0.353ms returns 0
T388C 000:376.450 JLINK_CORESIGHT_WriteAPDPReg(AP reg 0x00, 0x80000002)
T388C 000:376.719 - 0.268ms returns 0
T388C 000:376.737 JLINK_CORESIGHT_WriteAPDPReg(AP reg 0x01, 0x80011120)
T388C 000:376.983 - 0.246ms returns 0
T388C 000:377.003 JLINK_CORESIGHT_WriteAPDPReg(AP reg 0x03, 0x000003C5)
T388C 000:377.241 - 0.238ms returns 0
T388C 000:377.260 JLINK_CORESIGHT_WriteAPDPReg(AP reg 0x00, 0x80000002)
T388C 000:377.506 - 0.246ms returns 0
T388C 000:377.525 JLINK_CORESIGHT_WriteAPDPReg(AP reg 0x01, 0x80011140)
T388C 000:377.779 - 0.254ms returns 0
T388C 000:377.797 JLINK_CORESIGHT_ReadAPDPReg(AP reg 0x03)
T388C 000:378.103   Value=0x00000002
T388C 000:378.135 - 0.338ms returns 0
T388C 000:378.151 JLINK_CORESIGHT_ReadAPDPReg(AP reg 0x03)
T388C 000:378.546   Value=0x00000002
T388C 000:378.569 - 0.418ms returns 0
T388C 000:378.588 JLINK_CORESIGHT_ReadAPDPReg(AP reg 0x03)
T388C 000:378.976   Value=0x00000002
T388C 000:378.999 - 0.411ms returns 0
T388C 000:379.016 JLINK_CORESIGHT_ReadAPDPReg(AP reg 0x03)
T388C 000:379.388   Value=0x00000002
T388C 000:379.411 - 0.395ms returns 0
T388C 000:379.428 JLINK_CORESIGHT_ReadAPDPReg(AP reg 0x03)
T388C 000:379.806   Value=0x00000002
T388C 000:379.828 - 0.400ms returns 0
T388C 000:379.854 JLINK_CORESIGHT_ReadAPDPReg(AP reg 0x03)
T388C 000:380.269   Value=0x00000000
T388C 000:380.292 - 0.438ms returns 0
T388C 000:380.309 JLINK_CORESIGHT_WriteAPDPReg(AP reg 0x00, 0x80000002)
T388C 000:380.528 - 0.218ms returns 0
T388C 000:380.546 JLINK_CORESIGHT_WriteAPDPReg(AP reg 0x01, 0x80011130)
T388C 000:380.876 - 0.330ms returns 0
T388C 000:380.895 JLINK_CORESIGHT_ReadAPDPReg(AP reg 0x03)
T388C 000:381.200   Value=0x3A2A0081
T388C 000:381.227 - 0.331ms returns 0
T388C 000:381.244 JLINK_CORESIGHT_WriteAPDPReg(AP reg 0x00, 0x80000002)
T388C 000:381.531 - 0.287ms returns 0
T388C 000:381.550 JLINK_CORESIGHT_WriteAPDPReg(AP reg 0x01, 0x80011140)
T388C 000:381.890 - 0.339ms returns 0
T388C 000:381.909 JLINK_CORESIGHT_ReadAPDPReg(AP reg 0x03)
T388C 000:382.307   Value=0x00000000
T388C 000:382.330 - 0.421ms returns 0
T388C 000:382.347 JLINK_CORESIGHT_WriteAPDPReg(AP reg 0x00, 0x80000002)
T388C 000:382.603 - 0.255ms returns 0
T388C 000:382.621 JLINK_CORESIGHT_WriteAPDPReg(AP reg 0x01, 0x80011130)
T388C 000:382.872 - 0.250ms returns 0
T388C 000:382.890 JLINK_CORESIGHT_ReadAPDPReg(AP reg 0x03)
T388C 000:383.241   Value=0x80841E00
T388C 000:383.263 - 0.373ms returns 0
T388C 000:383.280 JLINK_CORESIGHT_WriteAPDPReg(AP reg 0x00, 0x80000002)
T388C 000:383.480 - 0.199ms returns 0
T388C 000:383.498 JLINK_CORESIGHT_WriteAPDPReg(AP reg 0x01, 0x80011140)
T388C 000:383.691 - 0.192ms returns 0
T388C 000:383.709 JLINK_CORESIGHT_ReadAPDPReg(AP reg 0x03)
T388C 000:384.003   Value=0x00000000
T388C 000:384.046 - 0.337ms returns 0
T388C 000:384.062 JLINK_CORESIGHT_WriteAPDPReg(AP reg 0x00, 0x80000002)
T388C 000:384.321 - 0.259ms returns 0
T388C 000:384.340 JLINK_CORESIGHT_WriteAPDPReg(AP reg 0x01, 0x80011130)
T388C 000:384.530 - 0.190ms returns 0
T388C 000:384.550 JLINK_CORESIGHT_ReadAPDPReg(AP reg 0x03)
T388C 000:384.876   Value=0x01090803
T388C 000:384.899 - 0.349ms returns 0
T388C 000:384.916 JLINK_CORESIGHT_WriteAPDPReg(AP reg 0x00, 0x80000002)
T388C 000:385.198 - 0.282ms returns 0
T388C 000:385.217 JLINK_CORESIGHT_WriteAPDPReg(AP reg 0x01, 0x80011140)
T388C 000:385.471 - 0.254ms returns 0
T388C 000:385.492 JLINK_CORESIGHT_ReadAPDPReg(AP reg 0x03)
T388C 000:385.805   Value=0x00000000
T388C 000:385.832 - 0.339ms returns 0
T388C 000:385.849 JLINK_CORESIGHT_WriteAPDPReg(AP reg 0x00, 0x80000002)
T388C 000:386.037 - 0.188ms returns 0
T388C 000:386.056 JLINK_CORESIGHT_WriteAPDPReg(AP reg 0x01, 0x80011130)
T388C 000:386.332 - 0.276ms returns 0
T388C 000:386.352 JLINK_CORESIGHT_ReadAPDPReg(AP reg 0x03)
T388C 000:386.720   Value=0x31574B08
T388C 000:386.743 - 0.391ms returns 0
T388C 000:386.760 JLINK_CORESIGHT_WriteAPDPReg(AP reg 0x00, 0x80000002)
T388C 000:387.087 - 0.327ms returns 0
T388C 000:387.107 JLINK_CORESIGHT_WriteAPDPReg(AP reg 0x01, 0x80011140)
T388C 000:387.323 - 0.216ms returns 0
T388C 000:387.342 JLINK_CORESIGHT_ReadAPDPReg(AP reg 0x03)
T388C 000:387.716   Value=0x00000000
T388C 000:387.742 - 0.400ms returns 0
T388C 000:387.760 JLINK_CORESIGHT_WriteAPDPReg(AP reg 0x00, 0x80000002)
T388C 000:388.132 - 0.371ms returns 0
T388C 000:388.151 JLINK_CORESIGHT_WriteAPDPReg(AP reg 0x01, 0x80011130)
T388C 000:388.355 - 0.203ms returns 0
T388C 000:388.373 JLINK_CORESIGHT_ReadAPDPReg(AP reg 0x03)
T388C 000:388.657   Value=0x480B6D44
T388C 000:388.680 - 0.306ms returns 0
T388C 000:388.697 JLINK_CORESIGHT_WriteAPDPReg(AP reg 0x00, 0x80000002)
T388C 000:389.010 - 0.313ms returns 0
T388C 000:389.029 JLINK_CORESIGHT_WriteAPDPReg(AP reg 0x01, 0x80011140)
T388C 000:389.303 - 0.274ms returns 0
T388C 000:389.323 JLINK_CORESIGHT_ReadAPDPReg(AP reg 0x03)
T388C 000:389.598   Value=0x00000000
T388C 000:389.620 - 0.297ms returns 0
T388C 000:389.641 JLINK_CORESIGHT_WriteAPDPReg(AP reg 0x00, 0x80000002)
T388C 000:389.848 - 0.207ms returns 0
T388C 000:389.866 JLINK_CORESIGHT_WriteAPDPReg(AP reg 0x01, 0x80011130)
T388C 000:390.190 - 0.324ms returns 0
T388C 000:390.210 JLINK_CORESIGHT_ReadAPDPReg(AP reg 0x03)
T388C 000:390.547   Value=0x31583433
T388C 000:390.570 - 0.360ms returns 0
T388C 000:390.590 JLINK_CORESIGHT_WriteAPDPReg(AP reg 0x00, 0x80000002)
T388C 000:390.831 - 0.240ms returns 0
T388C 000:390.849 JLINK_CORESIGHT_WriteAPDPReg(AP reg 0x01, 0x80011140)
T388C 000:391.230 - 0.381ms returns 0
T388C 000:391.249 JLINK_CORESIGHT_ReadAPDPReg(AP reg 0x03)
T388C 000:391.528   Value=0x00000000
T388C 000:391.551 - 0.302ms returns 0
T388C 000:391.567 JLINK_CORESIGHT_WriteAPDPReg(AP reg 0x00, 0x80000002)
T388C 000:391.903 - 0.336ms returns 0
T388C 000:391.923 JLINK_CORESIGHT_WriteAPDPReg(AP reg 0x01, 0x80011130)
T388C 000:392.261 - 0.338ms returns 0
T388C 000:392.281 JLINK_CORESIGHT_ReadAPDPReg(AP reg 0x03)
T388C 000:392.597   Value=0x6E013332
T388C 000:392.620 - 0.339ms returns 0
T388C 000:392.637 JLINK_CORESIGHT_WriteAPDPReg(AP reg 0x00, 0x80000002)
T388C 000:392.837 - 0.200ms returns 0
T388C 000:392.855 JLINK_CORESIGHT_WriteAPDPReg(AP reg 0x01, 0x80011140)
T388C 000:393.058 - 0.203ms returns 0
T388C 000:393.077 JLINK_CORESIGHT_ReadAPDPReg(AP reg 0x03)
T388C 000:393.429   Value=0x00000000
T388C 000:393.452 - 0.375ms returns 0
T388C 000:393.469 JLINK_CORESIGHT_WriteAPDPReg(AP reg 0x00, 0x80000002)
T388C 000:393.724 - 0.255ms returns 0
T388C 000:393.743 JLINK_CORESIGHT_WriteAPDPReg(AP reg 0x01, 0x80011130)
T388C 000:393.941 - 0.198ms returns 0
T388C 000:393.959 JLINK_CORESIGHT_ReadAPDPReg(AP reg 0x03)
T388C 000:394.241   Value=0x4637526F
T388C 000:394.263 - 0.304ms returns 0
T388C 000:394.280 JLINK_CORESIGHT_WriteAPDPReg(AP reg 0x00, 0x80000002)
T388C 000:394.497 - 0.217ms returns 0
T388C 000:394.515 JLINK_CORESIGHT_WriteAPDPReg(AP reg 0x01, 0x80011140)
T388C 000:394.861 - 0.346ms returns 0
T388C 000:394.881 JLINK_CORESIGHT_ReadAPDPReg(AP reg 0x03)
T388C 000:395.226   Value=0x00000000
T388C 000:395.249 - 0.368ms returns 0
T388C 000:395.266 JLINK_CORESIGHT_WriteAPDPReg(AP reg 0x00, 0x80000002)
T388C 000:395.605 - 0.338ms returns 0
T388C 000:395.627 JLINK_CORESIGHT_WriteAPDPReg(AP reg 0x01, 0x80011130)
T388C 000:395.916 - 0.288ms returns 0
T388C 000:395.936 JLINK_CORESIGHT_ReadAPDPReg(AP reg 0x03)
T388C 000:396.236   Value=0x314C3441
T388C 000:396.281 - 0.345ms returns 0
T388C 000:396.298 JLINK_CORESIGHT_WriteAPDPReg(AP reg 0x00, 0x80000002)
T388C 000:396.519 - 0.220ms returns 0
T388C 000:396.537 JLINK_CORESIGHT_WriteAPDPReg(AP reg 0x01, 0x80011140)
T388C 000:396.768 - 0.231ms returns 0
T388C 000:396.787 JLINK_CORESIGHT_ReadAPDPReg(AP reg 0x03)
T388C 000:397.033   Value=0x00000000
T388C 000:397.085 - 0.298ms returns 0
T388C 000:397.104 JLINK_CORESIGHT_WriteAPDPReg(AP reg 0x00, 0x80000002)
T388C 000:397.311 - 0.207ms returns 0
T388C 000:397.351 JLINK_CORESIGHT_WriteAPDPReg(AP reg 0x01, 0x80011130)
T388C 000:397.593 - 0.243ms returns 0
T388C 000:397.624 JLINK_CORESIGHT_ReadAPDPReg(AP reg 0x03)
T388C 000:397.907   Value=0x43344441
T388C 000:397.931 - 0.306ms returns 0
T388C 000:397.949 JLINK_CORESIGHT_WriteAPDPReg(AP reg 0x00, 0x80000002)
T388C 000:398.236 - 0.287ms returns 0
T388C 000:398.260 JLINK_CORESIGHT_WriteAPDPReg(AP reg 0x01, 0x80011140)
T388C 000:398.475 - 0.215ms returns 0
T388C 000:398.494 JLINK_CORESIGHT_ReadAPDPReg(AP reg 0x03)
T388C 000:398.756   Value=0x00000000
T388C 000:398.780 - 0.285ms returns 0
T388C 000:398.796 JLINK_CORESIGHT_WriteAPDPReg(AP reg 0x00, 0x80000002)
T388C 000:399.039 - 0.242ms returns 0
T388C 000:399.059 JLINK_CORESIGHT_WriteAPDPReg(AP reg 0x01, 0x80011130)
T388C 000:399.324 - 0.265ms returns 0
T388C 000:399.348 JLINK_CORESIGHT_ReadAPDPReg(AP reg 0x03)
T388C 000:399.656   Value=0x20205046
T388C 000:399.681 - 0.333ms returns 0
T388C 000:399.698 JLINK_CORESIGHT_WriteAPDPReg(AP reg 0x00, 0x80000002)
T388C 000:399.946 - 0.248ms returns 0
T388C 000:399.977 JLINK_CORESIGHT_WriteAPDPReg(AP reg 0x01, 0x80011140)
T388C 000:400.236 - 0.258ms returns 0
T388C 000:400.277 JLINK_CORESIGHT_ReadAPDPReg(AP reg 0x03)
T388C 000:400.563   Value=0x00000000
T388C 000:400.585 - 0.308ms returns 0
T388C 000:400.603 JLINK_CORESIGHT_WriteAPDPReg(AP reg 0x00, 0x80000002)
T388C 000:400.779 - 0.176ms returns 0
T388C 000:400.846 JLINK_CORESIGHT_WriteAPDPReg(AP reg 0x01, 0x80011130)
T388C 000:401.037 - 0.191ms returns 0
T388C 000:401.055 JLINK_CORESIGHT_ReadAPDPReg(AP reg 0x03)
T388C 000:401.399   Value=0x0003A020
T388C 000:401.421 - 0.366ms returns 0
T388C 000:402.208 JLINK_CORESIGHT_WriteAPDPReg(AP reg 0x00, 0x80000002)
T388C 000:402.482 - 0.274ms returns 0
T388C 000:402.500 JLINK_CORESIGHT_WriteAPDPReg(AP reg 0x01, 0x80011140)
T388C 000:402.779 - 0.279ms returns 0
T388C 000:402.797 JLINK_CORESIGHT_ReadAPDPReg(AP reg 0x03)
T388C 000:403.094   Value=0x00000002
T388C 000:403.139 - 0.341ms returns 0
T388C 000:403.154 JLINK_CORESIGHT_WriteAPDPReg(AP reg 0x00, 0x80000002)
T388C 000:403.352 - 0.198ms returns 0
T388C 000:403.369 JLINK_CORESIGHT_WriteAPDPReg(AP reg 0x01, 0x80011120)
T388C 000:403.621 - 0.251ms returns 0
T388C 000:403.642 JLINK_CORESIGHT_WriteAPDPReg(AP reg 0x03, 0x2C010001)
T388C 000:403.879 - 0.237ms returns 0
T388C 000:403.897 JLINK_CORESIGHT_WriteAPDPReg(AP reg 0x00, 0x80000002)
T388C 000:404.713 - 0.816ms returns 0
T388C 000:404.731 JLINK_CORESIGHT_WriteAPDPReg(AP reg 0x01, 0x80011140)
T388C 000:405.063 - 0.332ms returns 0
T388C 000:405.081 JLINK_CORESIGHT_ReadAPDPReg(AP reg 0x03)
T388C 000:405.416   Value=0x00000002
T388C 000:405.443 - 0.362ms returns 0
T388C 000:405.459 JLINK_CORESIGHT_WriteAPDPReg(AP reg 0x00, 0x80000002)
T388C 000:405.705 - 0.246ms returns 0
T388C 000:405.723 JLINK_CORESIGHT_WriteAPDPReg(AP reg 0x01, 0x80011120)
T388C 000:405.964 - 0.241ms returns 0
T388C 000:405.982 JLINK_CORESIGHT_WriteAPDPReg(AP reg 0x03, 0x000003D3)
T388C 000:406.186 - 0.204ms returns 0
T388C 000:406.204 JLINK_CORESIGHT_WriteAPDPReg(AP reg 0x00, 0x80000002)
T388C 000:406.433 - 0.228ms returns 0
T388C 000:406.450 JLINK_CORESIGHT_WriteAPDPReg(AP reg 0x01, 0x80011140)
T388C 000:406.778 - 0.328ms returns 0
T388C 000:406.796 JLINK_CORESIGHT_ReadAPDPReg(AP reg 0x03)
T388C 000:407.214   Value=0x00000002
T388C 000:407.237 - 0.441ms returns 0
T388C 000:407.252 JLINK_CORESIGHT_ReadAPDPReg(AP reg 0x03)
T388C 000:407.474   Value=0x00000002
T388C 000:407.497 - 0.244ms returns 0
T388C 000:407.511 JLINK_CORESIGHT_ReadAPDPReg(AP reg 0x03)
T388C 000:407.908   Value=0x00000002
T388C 000:407.930 - 0.418ms returns 0
T388C 000:407.946 JLINK_CORESIGHT_ReadAPDPReg(AP reg 0x03)
T388C 000:408.235   Value=0x00000002
T388C 000:408.259 - 0.312ms returns 0
T388C 000:408.274 JLINK_CORESIGHT_ReadAPDPReg(AP reg 0x03)
T388C 000:408.631   Value=0x00000002
T388C 000:408.654 - 0.380ms returns 0
T388C 000:408.669 JLINK_CORESIGHT_ReadAPDPReg(AP reg 0x03)
T388C 000:408.957   Value=0x00000002
T388C 000:408.980 - 0.311ms returns 0
T388C 000:408.995 JLINK_CORESIGHT_ReadAPDPReg(AP reg 0x03)
T388C 000:409.275   Value=0x00000002
T388C 000:409.298 - 0.303ms returns 0
T388C 000:409.313 JLINK_CORESIGHT_ReadAPDPReg(AP reg 0x03)
T388C 000:409.582   Value=0x00000000
T388C 000:409.605 - 0.291ms returns 0
T388C 000:409.620 JLINK_CORESIGHT_WriteAPDPReg(AP reg 0x00, 0x80000002)
T388C 000:409.868 - 0.248ms returns 0
T388C 000:409.886 JLINK_CORESIGHT_WriteAPDPReg(AP reg 0x01, 0x80011130)
T388C 000:410.101 - 0.215ms returns 0
T388C 000:410.119 JLINK_CORESIGHT_ReadAPDPReg(AP reg 0x03)
T388C 000:410.368   Value=0x2C020081
T388C 000:410.390 - 0.271ms returns 0
T388C 000:410.405 JLINK_CORESIGHT_WriteAPDPReg(AP reg 0x00, 0x80000002)
T388C 000:410.650 - 0.245ms returns 0
T388C 000:410.668 JLINK_CORESIGHT_WriteAPDPReg(AP reg 0x01, 0x80011140)
T388C 000:410.910 - 0.242ms returns 0
T388C 000:410.929 JLINK_CORESIGHT_ReadAPDPReg(AP reg 0x03)
T388C 000:411.216   Value=0x00000000
T388C 000:411.239 - 0.310ms returns 0
T388C 000:411.255 JLINK_CORESIGHT_WriteAPDPReg(AP reg 0x00, 0x80000002)
T388C 000:411.528 - 0.274ms returns 0
T388C 000:411.546 JLINK_CORESIGHT_WriteAPDPReg(AP reg 0x01, 0x80011130)
T388C 000:411.785 - 0.239ms returns 0
T388C 000:411.803 JLINK_CORESIGHT_ReadAPDPReg(AP reg 0x03)
T388C 000:412.686   Value=0x0003D002
T388C 000:412.720 - 0.917ms returns 0
T388C 000:412.741 JLINK_CORESIGHT_WriteAPDPReg(AP reg 0x00, 0x80000002)
T388C 000:413.135 - 0.394ms returns 0
T388C 000:413.160 JLINK_CORESIGHT_WriteAPDPReg(AP reg 0x01, 0x80011140)
T388C 000:413.360 - 0.200ms returns 0
T388C 000:413.378 JLINK_CORESIGHT_ReadAPDPReg(AP reg 0x03)
T388C 000:413.666   Value=0x00000002
T388C 000:413.689 - 0.311ms returns 0
T388C 000:413.704 JLINK_CORESIGHT_WriteAPDPReg(AP reg 0x00, 0x80000002)
T388C 000:414.009 - 0.305ms returns 0
T388C 000:414.054 JLINK_CORESIGHT_WriteAPDPReg(AP reg 0x01, 0x80011120)
T388C 000:414.317 - 0.263ms returns 0
T388C 000:414.336 JLINK_CORESIGHT_WriteAPDPReg(AP reg 0x03, 0x4F010001)
T388C 000:414.536 - 0.200ms returns 0
T388C 000:414.554 JLINK_CORESIGHT_WriteAPDPReg(AP reg 0x00, 0x80000002)
T388C 000:414.813 - 0.258ms returns 0
T388C 000:414.831 JLINK_CORESIGHT_WriteAPDPReg(AP reg 0x01, 0x80011140)
T388C 000:415.093 - 0.263ms returns 0
T388C 000:415.111 JLINK_CORESIGHT_ReadAPDPReg(AP reg 0x03)
T388C 000:415.377   Value=0x00000002
T388C 000:415.400 - 0.289ms returns 0
T388C 000:415.416 JLINK_CORESIGHT_WriteAPDPReg(AP reg 0x00, 0x80000002)
T388C 000:415.658 - 0.241ms returns 0
T388C 000:415.676 JLINK_CORESIGHT_WriteAPDPReg(AP reg 0x01, 0x80011120)
T388C 000:415.939 - 0.263ms returns 0
T388C 000:415.957 JLINK_CORESIGHT_WriteAPDPReg(AP reg 0x03, 0x000003B0)
T388C 000:416.172 - 0.215ms returns 0
T388C 000:416.191 JLINK_CORESIGHT_WriteAPDPReg(AP reg 0x00, 0x80000002)
T388C 000:416.438 - 0.247ms returns 0
T388C 000:416.456 JLINK_CORESIGHT_WriteAPDPReg(AP reg 0x01, 0x80011140)
T388C 000:416.747 - 0.291ms returns 0
T388C 000:416.784 JLINK_CORESIGHT_ReadAPDPReg(AP reg 0x03)
T388C 000:417.199   Value=0x00000002
T388C 000:417.224 - 0.439ms returns 0
T388C 000:417.239 JLINK_CORESIGHT_ReadAPDPReg(AP reg 0x03)
T388C 000:417.530   Value=0x00000002
T388C 000:417.552 - 0.313ms returns 0
T388C 000:417.568 JLINK_CORESIGHT_ReadAPDPReg(AP reg 0x03)
T388C 000:417.937   Value=0x00000002
T388C 000:417.962 - 0.394ms returns 0
T388C 000:417.977 JLINK_CORESIGHT_ReadAPDPReg(AP reg 0x03)
T388C 000:418.232   Value=0x00000002
T388C 000:418.255 - 0.277ms returns 0
T388C 000:418.271 JLINK_CORESIGHT_ReadAPDPReg(AP reg 0x03)
T388C 000:418.564   Value=0x00000002
T388C 000:418.586 - 0.315ms returns 0
T388C 000:418.601 JLINK_CORESIGHT_ReadAPDPReg(AP reg 0x03)
T388C 000:418.836   Value=0x00000002
T388C 000:418.858 - 0.257ms returns 0
T388C 000:418.873 JLINK_CORESIGHT_ReadAPDPReg(AP reg 0x03)
T388C 000:419.116   Value=0x00000002
T388C 000:419.140 - 0.267ms returns 0
T388C 000:419.156 JLINK_CORESIGHT_ReadAPDPReg(AP reg 0x03)
T388C 000:419.458   Value=0x00000000
T388C 000:419.497 - 0.341ms returns 0
T388C 000:419.512 JLINK_CORESIGHT_WriteAPDPReg(AP reg 0x00, 0x80000002)
T388C 000:419.744 - 0.231ms returns 0
T388C 000:419.761 JLINK_CORESIGHT_WriteAPDPReg(AP reg 0x01, 0x80011130)
T388C 000:420.036 - 0.275ms returns 0
T388C 000:420.054 JLINK_CORESIGHT_ReadAPDPReg(AP reg 0x03)
T388C 000:420.430   Value=0x4F0B0081
T388C 000:420.453 - 0.399ms returns 0
T388C 000:420.468 JLINK_CORESIGHT_WriteAPDPReg(AP reg 0x00, 0x80000002)
T388C 000:420.746 - 0.277ms returns 0
T388C 000:420.764 JLINK_CORESIGHT_WriteAPDPReg(AP reg 0x01, 0x80011140)
T388C 000:421.073 - 0.309ms returns 0
T388C 000:421.090 JLINK_CORESIGHT_ReadAPDPReg(AP reg 0x03)
T388C 000:421.465   Value=0x00000000
T388C 000:421.490 - 0.400ms returns 0
T388C 000:421.506 JLINK_CORESIGHT_WriteAPDPReg(AP reg 0x00, 0x80000002)
T388C 000:421.815 - 0.309ms returns 0
T388C 000:421.856 JLINK_CORESIGHT_WriteAPDPReg(AP reg 0x01, 0x80011130)
T388C 000:422.219 - 0.360ms returns 0
T388C 000:422.250 JLINK_CORESIGHT_ReadAPDPReg(AP reg 0x03)
T388C 000:422.597   Value=0x40003400
T388C 000:422.620 - 0.370ms returns 0
T388C 000:422.635 JLINK_CORESIGHT_WriteAPDPReg(AP reg 0x00, 0x80000002)
T388C 000:422.966 - 0.330ms returns 0
T388C 000:422.983 JLINK_CORESIGHT_WriteAPDPReg(AP reg 0x01, 0x80011140)
T388C 000:423.268 - 0.284ms returns 0
T388C 000:423.286 JLINK_CORESIGHT_ReadAPDPReg(AP reg 0x03)
T388C 000:423.612   Value=0x00000000
T388C 000:423.638 - 0.351ms returns 0
T388C 000:423.655 JLINK_CORESIGHT_WriteAPDPReg(AP reg 0x00, 0x80000002)
T388C 000:423.893 - 0.238ms returns 0
T388C 000:423.912 JLINK_CORESIGHT_WriteAPDPReg(AP reg 0x01, 0x80011130)
T388C 000:424.727 - 0.815ms returns 0
T388C 000:424.745 JLINK_CORESIGHT_ReadAPDPReg(AP reg 0x03)
T388C 000:425.012   Value=0x37000000
T388C 000:425.035 - 0.290ms returns 0
T388C 000:425.050 JLINK_CORESIGHT_WriteAPDPReg(AP reg 0x00, 0x80000002)
T388C 000:425.299 - 0.248ms returns 0
T388C 000:425.316 JLINK_CORESIGHT_WriteAPDPReg(AP reg 0x01, 0x80011140)
T388C 000:425.539 - 0.222ms returns 0
T388C 000:425.557 JLINK_CORESIGHT_ReadAPDPReg(AP reg 0x03)
T388C 000:425.846   Value=0x00000000
T388C 000:425.888 - 0.331ms returns 0
T388C 000:425.906 JLINK_CORESIGHT_WriteAPDPReg(AP reg 0x00, 0x80000002)
T388C 000:426.292 - 0.385ms returns 0
T388C 000:426.311 JLINK_CORESIGHT_WriteAPDPReg(AP reg 0x01, 0x80011130)
T388C 000:426.570 - 0.259ms returns 0
T388C 000:426.587 JLINK_CORESIGHT_ReadAPDPReg(AP reg 0x03)
T388C 000:426.966   Value=0x03C33800
T388C 000:426.988 - 0.401ms returns 0
T388C 000:427.077 JLINK_CORESIGHT_ReadAPDPReg(DP reg 0x01)
T388C 000:427.324   Value=0xF0000F40
T388C 000:427.362 - 0.285ms returns 0
T388C 000:427.381 JLINK_CORESIGHT_WriteAPDPReg(DP reg 0x01, 0xA0000F40)
T388C 000:427.646 - 0.265ms returns 0
T388C 000:427.673 JLINK_CORESIGHT_ReadAPDPReg(DP reg 0x01)
T388C 000:427.877   Value=0x00000F40
T388C 000:427.904 - 0.231ms returns 0
T388C 000:427.921 JLINK_ClrRESET()
T388C 000:428.281 - 0.360ms 
T388C 000:534.873 JLINK_Close()
T388C 000:546.175 - 11.301ms
T388C 000:546.257   
T388C 000:546.276   Closed
