T2D88 000:002.165   SEGGER J-Link V7.96a Log File
T2D88 000:002.369   DLL Compiled: Mar 14 2024 17:11:32
T2D88 000:002.395   Logging started @ 2024-04-24 04:47
T2D88 000:002.418   Process: C:\Users\Khanh.nguyen-dinh\.eclipse\com.renesas.platform_85778977\DebugComp\RA\e2-server-gdb.exe
T2D88 000:002.444 - 2.441ms
T2D88 000:002.479 JLINK_GetDLLVersion()
T2D88 000:002.511 - 0.026ms returns 79601
T2D88 000:007.532 JLINK_OpenEx(...)
T2D88 000:016.017   Firmware: J-Link OB-RA4M2 compiled Mar 14 2024 13:23:21
T2D88 000:017.438   Firmware: J-Link OB-RA4M2 compiled Mar 14 2024 13:23:21
T2D88 000:033.414   Hardware: V1.00
T2D88 000:033.499   S/N: 1088880741
T2D88 000:033.528   OEM: SEGGER
T2D88 000:033.561   Feature(s): None
T2D88 000:034.599   Bootloader: 2021 May 14
T2D88 000:035.335   USB speed mode: Full speed (12 MBit/s)
T2D88 000:036.017   TELNET listener socket opened on port 19021
T2D88 000:036.257   WEBSRV WEBSRV_Init(): Starting webserver thread(s)
T2D88 000:036.508   WEBSRV Webserver running on local port 19080
T2D88 000:036.660   Looking for J-Link GUI Server exe at: C:\Users\Khanh.nguyen-dinh\.eclipse\com.renesas.platform_85778977\DebugComp\RA\ARM\Segger_v7.96.1\JLinkGUIServer.exe
T2D88 000:036.833   Looking for J-Link GUI Server exe at: C:\Users\Khanh.nguyen-dinh\SEGGER\JLink_V796a\JLinkGUIServer.exe
T2D88 000:036.897   Forking J-Link GUI Server: C:\Users\Khanh.nguyen-dinh\SEGGER\JLink_V796a\JLinkGUIServer.exe
T2D88 000:086.993   J-Link GUI Server info: "J-Link GUI server V7.96a "
T2D88 000:090.313 - 82.777ms returns "O.K."
T2D88 000:090.429 JLINK_TIF_Select(JLINKARM_TIF_SWD)
T2D88 000:090.895 - 0.465ms returns 0x00
T2D88 000:090.930 JLINK_ClrRESET()
T2D88 000:091.216 - 0.285ms
T2D88 000:141.390 JLINK_SetSpeed(1500)
T2D88 000:141.554 - 0.178ms
T2D88 000:141.582 JLINK_CORESIGHT_Configure(PerformTIFInit=0)
T2D88 000:141.936 - 0.353ms returns 0
T2D88 000:141.966 JLINK_CORESIGHT_ReadAPDPReg(DP reg 0x00)
T2D88 000:142.359   Value=0x6BA02477
T2D88 000:142.387 - 0.422ms returns 0
T2D88 000:142.914 JLINK_CORESIGHT_WriteAPDPReg(DP reg 0x00, 0x0000001F)
T2D88 000:143.136 - 0.222ms returns 0
T2D88 000:143.165 JLINK_CORESIGHT_ReadAPDPReg(DP reg 0x00)
T2D88 000:143.387   Value=0x6BA02477
T2D88 000:143.413 - 0.248ms returns 0
T2D88 000:143.431 JLINK_CORESIGHT_WriteAPDPReg(DP reg 0x02, 0x00000000)
T2D88 000:143.653 - 0.221ms returns 0
T2D88 000:143.675 JLINK_CORESIGHT_WriteAPDPReg(DP reg 0x01, 0x50000000)
T2D88 000:143.887 - 0.212ms returns 0
T2D88 000:143.909 JLINK_CORESIGHT_ReadAPDPReg(DP reg 0x01)
T2D88 000:144.117   Value=0xF0000000
T2D88 000:144.142 - 0.233ms returns 0
T2D88 000:144.158 JLINK_CORESIGHT_WriteAPDPReg(DP reg 0x00, 0x0000001F)
T2D88 000:144.387 - 0.228ms returns 0
T2D88 000:144.408 JLINK_CORESIGHT_ReadAPDPReg(DP reg 0x00)
T2D88 000:144.617   Value=0x6BA02477
T2D88 000:144.644 - 0.236ms returns 0
T2D88 000:144.660 JLINK_CORESIGHT_WriteAPDPReg(DP reg 0x01, 0x54000000)
T2D88 000:144.867 - 0.207ms returns 0
T2D88 000:144.888 JLINK_CORESIGHT_WriteAPDPReg(DP reg 0x01, 0x50000F00)
T2D88 000:145.095 - 0.207ms returns 0
T2D88 000:145.115 JLINK_CORESIGHT_WriteAPDPReg(DP reg 0x02, 0x01000000)
T2D88 000:145.369 - 0.253ms returns 0
T2D88 000:145.397 JLINK_CORESIGHT_WriteAPDPReg(AP reg 0x00, 0x80000002)
T2D88 000:145.608 - 0.210ms returns 0
T2D88 000:145.629 JLINK_CORESIGHT_WriteAPDPReg(AP reg 0x01, 0x80011100)
T2D88 000:145.838 - 0.208ms returns 0
T2D88 000:145.860 JLINK_CORESIGHT_WriteAPDPReg(AP reg 0x03, 0x000000A5)
T2D88 000:146.071 - 0.211ms returns 0
T2D88 000:146.093 JLINK_CORESIGHT_WriteAPDPReg(AP reg 0x00, 0x80000002)
T2D88 000:146.384 - 0.291ms returns 0
T2D88 000:146.404 JLINK_CORESIGHT_WriteAPDPReg(AP reg 0x01, 0x80011100)
T2D88 000:146.610 - 0.205ms returns 0
T2D88 000:146.631 JLINK_CORESIGHT_ReadAPDPReg(AP reg 0x03)
T2D88 000:146.879   Value=0x000000A5
T2D88 000:146.906 - 0.275ms returns 0
T2D88 000:146.922 JLINK_ClrTMS()
T2D88 000:147.086 - 0.163ms
T2D88 000:152.337 JLINK_SetTCK()
T2D88 000:152.454 - 0.116ms returns 0
T2D88 000:158.342 JLINK_SetRESET()
T2D88 000:158.624 - 0.282ms
T2D88 000:358.758 JLINK_CORESIGHT_WriteAPDPReg(AP reg 0x00, 0x80000002)
T2D88 000:359.202 - 0.442ms returns 0
T2D88 000:359.243 JLINK_CORESIGHT_WriteAPDPReg(AP reg 0x01, 0x80011100)
T2D88 000:359.563 - 0.320ms returns 0
T2D88 000:359.603 JLINK_CORESIGHT_ReadAPDPReg(AP reg 0x03)
T2D88 000:359.973   Value=0x00000000
T2D88 000:360.019 - 0.416ms returns 0
T2D88 000:360.046 JLINK_CORESIGHT_WriteAPDPReg(AP reg 0x00, 0x80000002)
T2D88 000:360.454 - 0.408ms returns 0
T2D88 000:360.517 JLINK_CORESIGHT_WriteAPDPReg(AP reg 0x01, 0x80011140)
T2D88 000:360.906 - 0.388ms returns 0
T2D88 000:360.975 JLINK_CORESIGHT_ReadAPDPReg(AP reg 0x03)
T2D88 000:361.314   Value=0x00000002
T2D88 000:361.368 - 0.392ms returns 0
T2D88 000:361.396 JLINK_CORESIGHT_WriteAPDPReg(AP reg 0x00, 0x80000002)
T2D88 000:361.795 - 0.398ms returns 0
T2D88 000:361.845 JLINK_CORESIGHT_WriteAPDPReg(AP reg 0x01, 0x80011120)
T2D88 000:362.200 - 0.354ms returns 0
T2D88 000:362.253 JLINK_CORESIGHT_WriteAPDPReg(AP reg 0x03, 0x00000055)
T2D88 000:362.648 - 0.395ms returns 0
T2D88 000:362.688 JLINK_CORESIGHT_WriteAPDPReg(AP reg 0x00, 0x80000002)
T2D88 000:362.951 - 0.263ms returns 0
T2D88 000:362.991 JLINK_CORESIGHT_WriteAPDPReg(AP reg 0x01, 0x80011140)
T2D88 000:363.330 - 0.338ms returns 0
T2D88 000:363.370 JLINK_CORESIGHT_ReadAPDPReg(AP reg 0x03)
T2D88 000:363.751   Value=0x00000000
T2D88 000:363.797 - 0.427ms returns 0
T2D88 000:363.823 JLINK_CORESIGHT_WriteAPDPReg(AP reg 0x00, 0x80000002)
T2D88 000:364.112 - 0.289ms returns 0
T2D88 000:364.145 JLINK_CORESIGHT_WriteAPDPReg(AP reg 0x01, 0x80011130)
T2D88 000:364.408 - 0.263ms returns 0
T2D88 000:364.435 JLINK_CORESIGHT_ReadAPDPReg(AP reg 0x03)
T2D88 000:364.697   Value=0x000000C6
T2D88 000:364.737 - 0.301ms returns 0
T2D88 000:364.763 JLINK_CORESIGHT_WriteAPDPReg(AP reg 0x00, 0x80000002)
T2D88 000:365.035 - 0.271ms returns 0
T2D88 000:365.064 JLINK_CORESIGHT_WriteAPDPReg(AP reg 0x01, 0x80011140)
T2D88 000:365.306 - 0.241ms returns 0
T2D88 000:365.332 JLINK_CORESIGHT_ReadAPDPReg(AP reg 0x03)
T2D88 000:365.632   Value=0x00000002
T2D88 000:365.663 - 0.331ms returns 0
T2D88 000:365.683 JLINK_CORESIGHT_WriteAPDPReg(AP reg 0x00, 0x80000002)
T2D88 000:365.907 - 0.224ms returns 0
T2D88 000:365.933 JLINK_CORESIGHT_WriteAPDPReg(AP reg 0x01, 0x80011120)
T2D88 000:366.243 - 0.309ms returns 0
T2D88 000:366.268 JLINK_CORESIGHT_WriteAPDPReg(AP reg 0x03, 0x3A010001)
T2D88 000:366.487 - 0.218ms returns 0
T2D88 000:366.513 JLINK_CORESIGHT_WriteAPDPReg(AP reg 0x00, 0x80000002)
T2D88 000:366.736 - 0.223ms returns 0
T2D88 000:366.762 JLINK_CORESIGHT_WriteAPDPReg(AP reg 0x01, 0x80011140)
T2D88 000:366.981 - 0.219ms returns 0
T2D88 000:367.010 JLINK_CORESIGHT_ReadAPDPReg(AP reg 0x03)
T2D88 000:367.271   Value=0x00000002
T2D88 000:367.303 - 0.292ms returns 0
T2D88 000:367.324 JLINK_CORESIGHT_WriteAPDPReg(AP reg 0x00, 0x80000002)
T2D88 000:367.619 - 0.295ms returns 0
T2D88 000:367.644 JLINK_CORESIGHT_WriteAPDPReg(AP reg 0x01, 0x80011120)
T2D88 000:367.881 - 0.237ms returns 0
T2D88 000:367.907 JLINK_CORESIGHT_WriteAPDPReg(AP reg 0x03, 0x000003C5)
T2D88 000:368.140 - 0.233ms returns 0
T2D88 000:368.168 JLINK_CORESIGHT_WriteAPDPReg(AP reg 0x00, 0x80000002)
T2D88 000:368.389 - 0.221ms returns 0
T2D88 000:368.415 JLINK_CORESIGHT_WriteAPDPReg(AP reg 0x01, 0x80011140)
T2D88 000:368.639 - 0.224ms returns 0
T2D88 000:368.665 JLINK_CORESIGHT_ReadAPDPReg(AP reg 0x03)
T2D88 000:368.905   Value=0x00000002
T2D88 000:368.935 - 0.271ms returns 0
T2D88 000:368.955 JLINK_CORESIGHT_ReadAPDPReg(AP reg 0x03)
T2D88 000:369.216   Value=0x00000002
T2D88 000:369.247 - 0.292ms returns 0
T2D88 000:369.267 JLINK_CORESIGHT_ReadAPDPReg(AP reg 0x03)
T2D88 000:369.531   Value=0x00000002
T2D88 000:369.564 - 0.296ms returns 0
T2D88 000:369.584 JLINK_CORESIGHT_ReadAPDPReg(AP reg 0x03)
T2D88 000:369.912   Value=0x00000002
T2D88 000:369.943 - 0.358ms returns 0
T2D88 000:369.962 JLINK_CORESIGHT_ReadAPDPReg(AP reg 0x03)
T2D88 000:370.221   Value=0x00000002
T2D88 000:370.251 - 0.289ms returns 0
T2D88 000:370.276 JLINK_CORESIGHT_ReadAPDPReg(AP reg 0x03)
T2D88 000:370.516   Value=0x00000002
T2D88 000:370.547 - 0.270ms returns 0
T2D88 000:370.566 JLINK_CORESIGHT_ReadAPDPReg(AP reg 0x03)
T2D88 000:370.825   Value=0x00000002
T2D88 000:370.857 - 0.290ms returns 0
T2D88 000:370.878 JLINK_CORESIGHT_ReadAPDPReg(AP reg 0x03)
T2D88 000:371.141   Value=0x00000002
T2D88 000:371.172 - 0.294ms returns 0
T2D88 000:371.192 JLINK_CORESIGHT_ReadAPDPReg(AP reg 0x03)
T2D88 000:371.448   Value=0x00000002
T2D88 000:371.478 - 0.285ms returns 0
T2D88 000:371.497 JLINK_CORESIGHT_ReadAPDPReg(AP reg 0x03)
T2D88 000:371.757   Value=0x00000002
T2D88 000:371.787 - 0.289ms returns 0
T2D88 000:371.807 JLINK_CORESIGHT_ReadAPDPReg(AP reg 0x03)
T2D88 000:372.075   Value=0x00000002
T2D88 000:372.107 - 0.300ms returns 0
T2D88 000:372.127 JLINK_CORESIGHT_ReadAPDPReg(AP reg 0x03)
T2D88 000:372.378   Value=0x00000002
T2D88 000:372.410 - 0.283ms returns 0
T2D88 000:372.430 JLINK_CORESIGHT_ReadAPDPReg(AP reg 0x03)
T2D88 000:372.698   Value=0x00000000
T2D88 000:372.730 - 0.299ms returns 0
T2D88 000:372.750 JLINK_CORESIGHT_WriteAPDPReg(AP reg 0x00, 0x80000002)
T2D88 000:372.973 - 0.222ms returns 0
T2D88 000:372.999 JLINK_CORESIGHT_WriteAPDPReg(AP reg 0x01, 0x80011130)
T2D88 000:373.217 - 0.218ms returns 0
T2D88 000:373.245 JLINK_CORESIGHT_ReadAPDPReg(AP reg 0x03)
T2D88 000:373.530   Value=0x3A2A0081
T2D88 000:373.560 - 0.315ms returns 0
T2D88 000:373.582 JLINK_CORESIGHT_WriteAPDPReg(AP reg 0x00, 0x80000002)
T2D88 000:373.868 - 0.285ms returns 0
T2D88 000:373.894 JLINK_CORESIGHT_WriteAPDPReg(AP reg 0x01, 0x80011140)
T2D88 000:374.116 - 0.221ms returns 0
T2D88 000:374.146 JLINK_CORESIGHT_ReadAPDPReg(AP reg 0x03)
T2D88 000:374.436   Value=0x00000000
T2D88 000:374.467 - 0.321ms returns 0
T2D88 000:374.489 JLINK_CORESIGHT_WriteAPDPReg(AP reg 0x00, 0x80000002)
T2D88 000:374.749 - 0.259ms returns 0
T2D88 000:374.784 JLINK_CORESIGHT_WriteAPDPReg(AP reg 0x01, 0x80011130)
T2D88 000:375.027 - 0.244ms returns 0
T2D88 000:375.062 JLINK_CORESIGHT_ReadAPDPReg(AP reg 0x03)
T2D88 000:375.418   Value=0x808D5B00
T2D88 000:375.455 - 0.393ms returns 0
T2D88 000:375.479 JLINK_CORESIGHT_WriteAPDPReg(AP reg 0x00, 0x80000002)
T2D88 000:375.681 - 0.202ms returns 0
T2D88 000:375.709 JLINK_CORESIGHT_WriteAPDPReg(AP reg 0x01, 0x80011140)
T2D88 000:375.925 - 0.216ms returns 0
T2D88 000:375.952 JLINK_CORESIGHT_ReadAPDPReg(AP reg 0x03)
T2D88 000:376.215   Value=0x00000000
T2D88 000:376.245 - 0.293ms returns 0
T2D88 000:376.267 JLINK_CORESIGHT_WriteAPDPReg(AP reg 0x00, 0x80000002)
T2D88 000:376.485 - 0.218ms returns 0
T2D88 000:376.512 JLINK_CORESIGHT_WriteAPDPReg(AP reg 0x01, 0x80011130)
T2D88 000:376.726 - 0.214ms returns 0
T2D88 000:376.755 JLINK_CORESIGHT_ReadAPDPReg(AP reg 0x03)
T2D88 000:376.998   Value=0x0503030B
T2D88 000:377.029 - 0.273ms returns 0
T2D88 000:377.051 JLINK_CORESIGHT_WriteAPDPReg(AP reg 0x00, 0x80000002)
T2D88 000:377.278 - 0.227ms returns 0
T2D88 000:377.305 JLINK_CORESIGHT_WriteAPDPReg(AP reg 0x01, 0x80011140)
T2D88 000:377.543 - 0.238ms returns 0
T2D88 000:377.570 JLINK_CORESIGHT_ReadAPDPReg(AP reg 0x03)
T2D88 000:377.822   Value=0x00000000
T2D88 000:377.855 - 0.285ms returns 0
T2D88 000:377.878 JLINK_CORESIGHT_WriteAPDPReg(AP reg 0x00, 0x80000002)
T2D88 000:378.101 - 0.223ms returns 0
T2D88 000:378.139 JLINK_CORESIGHT_WriteAPDPReg(AP reg 0x01, 0x80011130)
T2D88 000:378.445 - 0.305ms returns 0
T2D88 000:378.479 JLINK_CORESIGHT_ReadAPDPReg(AP reg 0x03)
T2D88 000:378.753   Value=0x2E4B4E1C
T2D88 000:378.790 - 0.310ms returns 0
T2D88 000:378.813 JLINK_CORESIGHT_WriteAPDPReg(AP reg 0x00, 0x80000002)
T2D88 000:379.027 - 0.213ms returns 0
T2D88 000:379.055 JLINK_CORESIGHT_WriteAPDPReg(AP reg 0x01, 0x80011140)
T2D88 000:379.314 - 0.258ms returns 0
T2D88 000:379.349 JLINK_CORESIGHT_ReadAPDPReg(AP reg 0x03)
T2D88 000:379.660   Value=0x00000000
T2D88 000:379.696 - 0.347ms returns 0
T2D88 000:379.720 JLINK_CORESIGHT_WriteAPDPReg(AP reg 0x00, 0x80000002)
T2D88 000:379.953 - 0.232ms returns 0
T2D88 000:379.992 JLINK_CORESIGHT_WriteAPDPReg(AP reg 0x01, 0x80011130)
T2D88 000:380.227 - 0.235ms returns 0
T2D88 000:380.262 JLINK_CORESIGHT_ReadAPDPReg(AP reg 0x03)
T2D88 000:380.566   Value=0x4E13C23F
T2D88 000:380.601 - 0.339ms returns 0
T2D88 000:380.624 JLINK_CORESIGHT_WriteAPDPReg(AP reg 0x00, 0x80000002)
T2D88 000:380.873 - 0.248ms returns 0
T2D88 000:380.907 JLINK_CORESIGHT_WriteAPDPReg(AP reg 0x01, 0x80011140)
T2D88 000:381.151 - 0.243ms returns 0
T2D88 000:381.186 JLINK_CORESIGHT_ReadAPDPReg(AP reg 0x03)
T2D88 000:381.489   Value=0x00000000
T2D88 000:381.526 - 0.340ms returns 0
T2D88 000:381.550 JLINK_CORESIGHT_WriteAPDPReg(AP reg 0x00, 0x80000002)
T2D88 000:381.788 - 0.237ms returns 0
T2D88 000:381.823 JLINK_CORESIGHT_WriteAPDPReg(AP reg 0x01, 0x80011130)
T2D88 000:382.071 - 0.247ms returns 0
T2D88 000:382.106 JLINK_CORESIGHT_ReadAPDPReg(AP reg 0x03)
T2D88 000:382.411   Value=0x34503036
T2D88 000:382.448 - 0.341ms returns 0
T2D88 000:382.471 JLINK_CORESIGHT_WriteAPDPReg(AP reg 0x00, 0x80000002)
T2D88 000:382.737 - 0.266ms returns 0
T2D88 000:382.771 JLINK_CORESIGHT_WriteAPDPReg(AP reg 0x01, 0x80011140)
T2D88 000:383.004 - 0.233ms returns 0
T2D88 000:383.038 JLINK_CORESIGHT_ReadAPDPReg(AP reg 0x03)
T2D88 000:383.316   Value=0x00000000
T2D88 000:383.352 - 0.313ms returns 0
T2D88 000:383.389 JLINK_CORESIGHT_WriteAPDPReg(AP reg 0x00, 0x80000002)
T2D88 000:383.620 - 0.230ms returns 0
T2D88 000:383.653 JLINK_CORESIGHT_WriteAPDPReg(AP reg 0x01, 0x80011130)
T2D88 000:383.897 - 0.243ms returns 0
T2D88 000:383.930 JLINK_CORESIGHT_ReadAPDPReg(AP reg 0x03)
T2D88 000:384.234   Value=0x7A052D35
T2D88 000:384.263 - 0.333ms returns 0
T2D88 000:384.284 JLINK_CORESIGHT_WriteAPDPReg(AP reg 0x00, 0x80000002)
T2D88 000:384.532 - 0.248ms returns 0
T2D88 000:384.558 JLINK_CORESIGHT_WriteAPDPReg(AP reg 0x01, 0x80011140)
T2D88 000:384.816 - 0.258ms returns 0
T2D88 000:384.842 JLINK_CORESIGHT_ReadAPDPReg(AP reg 0x03)
T2D88 000:385.190   Value=0x00000000
T2D88 000:385.219 - 0.376ms returns 0
T2D88 000:385.240 JLINK_CORESIGHT_WriteAPDPReg(AP reg 0x00, 0x80000002)
T2D88 000:385.484 - 0.243ms returns 0
T2D88 000:385.512 JLINK_CORESIGHT_WriteAPDPReg(AP reg 0x01, 0x80011130)
T2D88 000:385.724 - 0.212ms returns 0
T2D88 000:385.749 JLINK_CORESIGHT_ReadAPDPReg(AP reg 0x03)
T2D88 000:386.005   Value=0x46375271
T2D88 000:386.032 - 0.283ms returns 0
T2D88 000:386.053 JLINK_CORESIGHT_WriteAPDPReg(AP reg 0x00, 0x80000002)
T2D88 000:386.262 - 0.209ms returns 0
T2D88 000:386.287 JLINK_CORESIGHT_WriteAPDPReg(AP reg 0x01, 0x80011140)
T2D88 000:386.511 - 0.224ms returns 0
T2D88 000:386.536 JLINK_CORESIGHT_ReadAPDPReg(AP reg 0x03)
T2D88 000:386.777   Value=0x00000000
T2D88 000:386.807 - 0.271ms returns 0
T2D88 000:386.828 JLINK_CORESIGHT_WriteAPDPReg(AP reg 0x00, 0x80000002)
T2D88 000:387.027 - 0.199ms returns 0
T2D88 000:387.053 JLINK_CORESIGHT_WriteAPDPReg(AP reg 0x01, 0x80011130)
T2D88 000:387.294 - 0.241ms returns 0
T2D88 000:387.319 JLINK_CORESIGHT_ReadAPDPReg(AP reg 0x03)
T2D88 000:387.658   Value=0x314D3841
T2D88 000:387.685 - 0.366ms returns 0
T2D88 000:387.705 JLINK_CORESIGHT_WriteAPDPReg(AP reg 0x00, 0x80000002)
T2D88 000:387.915 - 0.210ms returns 0
T2D88 000:387.942 JLINK_CORESIGHT_WriteAPDPReg(AP reg 0x01, 0x80011140)
T2D88 000:388.152 - 0.210ms returns 0
T2D88 000:388.177 JLINK_CORESIGHT_ReadAPDPReg(AP reg 0x03)
T2D88 000:388.447   Value=0x00000000
T2D88 000:388.474 - 0.296ms returns 0
T2D88 000:388.493 JLINK_CORESIGHT_WriteAPDPReg(AP reg 0x00, 0x80000002)
T2D88 000:388.700 - 0.207ms returns 0
T2D88 000:388.724 JLINK_CORESIGHT_WriteAPDPReg(AP reg 0x01, 0x80011130)
T2D88 000:388.931 - 0.207ms returns 0
T2D88 000:388.956 JLINK_CORESIGHT_ReadAPDPReg(AP reg 0x03)
T2D88 000:389.213   Value=0x43454841
T2D88 000:389.241 - 0.284ms returns 0
T2D88 000:389.260 JLINK_CORESIGHT_WriteAPDPReg(AP reg 0x00, 0x80000002)
T2D88 000:389.483 - 0.222ms returns 0
T2D88 000:389.506 JLINK_CORESIGHT_WriteAPDPReg(AP reg 0x01, 0x80011140)
T2D88 000:389.719 - 0.212ms returns 0
T2D88 000:389.777 JLINK_CORESIGHT_ReadAPDPReg(AP reg 0x03)
T2D88 000:390.035   Value=0x00000000
T2D88 000:390.061 - 0.283ms returns 0
T2D88 000:390.079 JLINK_CORESIGHT_WriteAPDPReg(AP reg 0x00, 0x80000002)
T2D88 000:390.286 - 0.207ms returns 0
T2D88 000:390.311 JLINK_CORESIGHT_WriteAPDPReg(AP reg 0x01, 0x80011130)
T2D88 000:390.518 - 0.207ms returns 0
T2D88 000:390.541 JLINK_CORESIGHT_ReadAPDPReg(AP reg 0x03)
T2D88 000:390.776   Value=0x20204442
T2D88 000:390.804 - 0.262ms returns 0
T2D88 000:390.822 JLINK_CORESIGHT_WriteAPDPReg(AP reg 0x00, 0x80000002)
T2D88 000:391.027 - 0.204ms returns 0
T2D88 000:391.050 JLINK_CORESIGHT_WriteAPDPReg(AP reg 0x01, 0x80011140)
T2D88 000:391.259 - 0.209ms returns 0
T2D88 000:391.282 JLINK_CORESIGHT_ReadAPDPReg(AP reg 0x03)
T2D88 000:391.557   Value=0x00000000
T2D88 000:391.585 - 0.302ms returns 0
T2D88 000:391.603 JLINK_CORESIGHT_WriteAPDPReg(AP reg 0x00, 0x80000002)
T2D88 000:391.810 - 0.206ms returns 0
T2D88 000:391.835 JLINK_CORESIGHT_WriteAPDPReg(AP reg 0x01, 0x80011130)
T2D88 000:392.046 - 0.211ms returns 0
T2D88 000:392.069 JLINK_CORESIGHT_ReadAPDPReg(AP reg 0x03)
T2D88 000:392.361   Value=0x0003E020
T2D88 000:392.386 - 0.317ms returns 0
T2D88 000:392.898 JLINK_CORESIGHT_WriteAPDPReg(AP reg 0x00, 0x80000002)
T2D88 000:393.107 - 0.208ms returns 0
T2D88 000:393.127 JLINK_CORESIGHT_WriteAPDPReg(AP reg 0x01, 0x80011140)
T2D88 000:393.360 - 0.233ms returns 0
T2D88 000:393.380 JLINK_CORESIGHT_ReadAPDPReg(AP reg 0x03)
T2D88 000:393.673   Value=0x00000002
T2D88 000:393.709 - 0.328ms returns 0
T2D88 000:393.726 JLINK_CORESIGHT_WriteAPDPReg(AP reg 0x00, 0x80000002)
T2D88 000:393.990 - 0.264ms returns 0
T2D88 000:394.012 JLINK_CORESIGHT_WriteAPDPReg(AP reg 0x01, 0x80011120)
T2D88 000:394.285 - 0.272ms returns 0
T2D88 000:394.311 JLINK_CORESIGHT_WriteAPDPReg(AP reg 0x03, 0x2C010001)
T2D88 000:394.578 - 0.267ms returns 0
T2D88 000:394.605 JLINK_CORESIGHT_WriteAPDPReg(AP reg 0x00, 0x80000002)
T2D88 000:394.819 - 0.214ms returns 0
T2D88 000:394.845 JLINK_CORESIGHT_WriteAPDPReg(AP reg 0x01, 0x80011140)
T2D88 000:395.050 - 0.205ms returns 0
T2D88 000:395.074 JLINK_CORESIGHT_ReadAPDPReg(AP reg 0x03)
T2D88 000:395.362   Value=0x00000002
T2D88 000:395.388 - 0.314ms returns 0
T2D88 000:395.404 JLINK_CORESIGHT_WriteAPDPReg(AP reg 0x00, 0x80000002)
T2D88 000:395.613 - 0.209ms returns 0
T2D88 000:395.633 JLINK_CORESIGHT_WriteAPDPReg(AP reg 0x01, 0x80011120)
T2D88 000:395.886 - 0.252ms returns 0
T2D88 000:395.911 JLINK_CORESIGHT_WriteAPDPReg(AP reg 0x03, 0x000003D3)
T2D88 000:396.137 - 0.226ms returns 0
T2D88 000:396.162 JLINK_CORESIGHT_WriteAPDPReg(AP reg 0x00, 0x80000002)
T2D88 000:396.396 - 0.233ms returns 0
T2D88 000:396.418 JLINK_CORESIGHT_WriteAPDPReg(AP reg 0x01, 0x80011140)
T2D88 000:396.652 - 0.235ms returns 0
T2D88 000:396.673 JLINK_CORESIGHT_ReadAPDPReg(AP reg 0x03)
T2D88 000:396.899   Value=0x00000002
T2D88 000:396.923 - 0.250ms returns 0
T2D88 000:396.939 JLINK_CORESIGHT_ReadAPDPReg(AP reg 0x03)
T2D88 000:397.280   Value=0x00000002
T2D88 000:397.305 - 0.366ms returns 0
T2D88 000:397.320 JLINK_CORESIGHT_ReadAPDPReg(AP reg 0x03)
T2D88 000:397.570   Value=0x00000002
T2D88 000:397.599 - 0.279ms returns 0
T2D88 000:397.617 JLINK_CORESIGHT_ReadAPDPReg(AP reg 0x03)
T2D88 000:397.864   Value=0x00000002
T2D88 000:397.891 - 0.274ms returns 0
T2D88 000:397.907 JLINK_CORESIGHT_ReadAPDPReg(AP reg 0x03)
T2D88 000:398.157   Value=0x00000000
T2D88 000:398.181 - 0.274ms returns 0
T2D88 000:398.197 JLINK_CORESIGHT_WriteAPDPReg(AP reg 0x00, 0x80000002)
T2D88 000:398.400 - 0.203ms returns 0
T2D88 000:398.420 JLINK_CORESIGHT_WriteAPDPReg(AP reg 0x01, 0x80011130)
T2D88 000:398.739 - 0.319ms returns 0
T2D88 000:398.763 JLINK_CORESIGHT_ReadAPDPReg(AP reg 0x03)
T2D88 000:399.010   Value=0x2C020081
T2D88 000:399.034 - 0.271ms returns 0
T2D88 000:399.050 JLINK_CORESIGHT_WriteAPDPReg(AP reg 0x00, 0x80000002)
T2D88 000:399.238 - 0.185ms returns 0
T2D88 000:399.259 JLINK_CORESIGHT_WriteAPDPReg(AP reg 0x01, 0x80011140)
T2D88 000:399.491 - 0.232ms returns 0
T2D88 000:399.516 JLINK_CORESIGHT_ReadAPDPReg(AP reg 0x03)
T2D88 000:399.761   Value=0x00000000
T2D88 000:399.785 - 0.269ms returns 0
T2D88 000:399.804 JLINK_CORESIGHT_WriteAPDPReg(AP reg 0x00, 0x80000002)
T2D88 000:400.011 - 0.206ms returns 0
T2D88 000:400.032 JLINK_CORESIGHT_WriteAPDPReg(AP reg 0x01, 0x80011130)
T2D88 000:400.238 - 0.206ms returns 0
T2D88 000:400.259 JLINK_CORESIGHT_ReadAPDPReg(AP reg 0x03)
T2D88 000:400.558   Value=0x0003CE04
T2D88 000:400.588 - 0.329ms returns 0
T2D88 000:400.614 JLINK_CORESIGHT_WriteAPDPReg(AP reg 0x00, 0x80000002)
T2D88 000:400.799 - 0.185ms returns 0
T2D88 000:400.819 JLINK_CORESIGHT_WriteAPDPReg(AP reg 0x01, 0x80011140)
T2D88 000:401.052 - 0.233ms returns 0
T2D88 000:401.075 JLINK_CORESIGHT_ReadAPDPReg(AP reg 0x03)
T2D88 000:401.446   Value=0x00000002
T2D88 000:401.476 - 0.400ms returns 0
T2D88 000:401.493 JLINK_CORESIGHT_WriteAPDPReg(AP reg 0x00, 0x80000002)
T2D88 000:401.715 - 0.221ms returns 0
T2D88 000:401.742 JLINK_CORESIGHT_WriteAPDPReg(AP reg 0x01, 0x80011120)
T2D88 000:401.965 - 0.223ms returns 0
T2D88 000:401.991 JLINK_CORESIGHT_WriteAPDPReg(AP reg 0x03, 0x73010001)
T2D88 000:402.237 - 0.245ms returns 0
T2D88 000:402.264 JLINK_CORESIGHT_WriteAPDPReg(AP reg 0x00, 0x80000002)
T2D88 000:402.490 - 0.227ms returns 0
T2D88 000:402.512 JLINK_CORESIGHT_WriteAPDPReg(AP reg 0x01, 0x80011140)
T2D88 000:402.719 - 0.206ms returns 0
T2D88 000:402.743 JLINK_CORESIGHT_ReadAPDPReg(AP reg 0x03)
T2D88 000:402.988   Value=0x00000002
T2D88 000:403.012 - 0.269ms returns 0
T2D88 000:403.028 JLINK_CORESIGHT_WriteAPDPReg(AP reg 0x00, 0x80000002)
T2D88 000:403.251 - 0.223ms returns 0
T2D88 000:403.271 JLINK_CORESIGHT_WriteAPDPReg(AP reg 0x01, 0x80011120)
T2D88 000:403.480 - 0.209ms returns 0
T2D88 000:403.500 JLINK_CORESIGHT_WriteAPDPReg(AP reg 0x03, 0x0000038C)
T2D88 000:403.701 - 0.201ms returns 0
T2D88 000:403.722 JLINK_CORESIGHT_WriteAPDPReg(AP reg 0x00, 0x80000002)
T2D88 000:403.924 - 0.202ms returns 0
T2D88 000:403.946 JLINK_CORESIGHT_WriteAPDPReg(AP reg 0x01, 0x80011140)
T2D88 000:404.148 - 0.202ms returns 0
T2D88 000:404.169 JLINK_CORESIGHT_ReadAPDPReg(AP reg 0x03)
T2D88 000:404.531   Value=0x00000000
T2D88 000:404.555 - 0.385ms returns 0
T2D88 000:404.570 JLINK_CORESIGHT_WriteAPDPReg(AP reg 0x00, 0x80000002)
T2D88 000:404.778 - 0.207ms returns 0
T2D88 000:404.798 JLINK_CORESIGHT_WriteAPDPReg(AP reg 0x01, 0x80011130)
T2D88 000:405.010 - 0.212ms returns 0
T2D88 000:405.031 JLINK_CORESIGHT_ReadAPDPReg(AP reg 0x03)
T2D88 000:405.281   Value=0x73020081
T2D88 000:405.305 - 0.274ms returns 0
T2D88 000:405.322 JLINK_CORESIGHT_WriteAPDPReg(AP reg 0x00, 0x80000002)
T2D88 000:405.525 - 0.203ms returns 0
T2D88 000:405.545 JLINK_CORESIGHT_WriteAPDPReg(AP reg 0x01, 0x80011140)
T2D88 000:405.758 - 0.213ms returns 0
T2D88 000:405.778 JLINK_CORESIGHT_ReadAPDPReg(AP reg 0x03)
T2D88 000:406.023   Value=0x00000000
T2D88 000:406.048 - 0.269ms returns 0
T2D88 000:406.063 JLINK_CORESIGHT_WriteAPDPReg(AP reg 0x00, 0x80000002)
T2D88 000:406.275 - 0.211ms returns 0
T2D88 000:406.297 JLINK_CORESIGHT_WriteAPDPReg(AP reg 0x01, 0x80011130)
T2D88 000:406.508 - 0.211ms returns 0
T2D88 000:406.528 JLINK_CORESIGHT_ReadAPDPReg(AP reg 0x03)
T2D88 000:406.773   Value=0x00038902
T2D88 000:406.797 - 0.268ms returns 0
T2D88 000:406.815 JLINK_CORESIGHT_WriteAPDPReg(AP reg 0x00, 0x80000002)
T2D88 000:407.023 - 0.208ms returns 0
T2D88 000:407.044 JLINK_CORESIGHT_WriteAPDPReg(AP reg 0x01, 0x80011140)
T2D88 000:407.258 - 0.214ms returns 0
T2D88 000:407.278 JLINK_CORESIGHT_ReadAPDPReg(AP reg 0x03)
T2D88 000:407.564   Value=0x00000002
T2D88 000:407.594 - 0.315ms returns 0
T2D88 000:407.611 JLINK_CORESIGHT_WriteAPDPReg(AP reg 0x00, 0x80000002)
T2D88 000:407.857 - 0.246ms returns 0
T2D88 000:407.883 JLINK_CORESIGHT_WriteAPDPReg(AP reg 0x01, 0x80011120)
T2D88 000:408.116 - 0.232ms returns 0
T2D88 000:408.142 JLINK_CORESIGHT_WriteAPDPReg(AP reg 0x03, 0x75010001)
T2D88 000:408.360 - 0.218ms returns 0
T2D88 000:408.386 JLINK_CORESIGHT_WriteAPDPReg(AP reg 0x00, 0x80000002)
T2D88 000:408.569 - 0.182ms returns 0
T2D88 000:408.593 JLINK_CORESIGHT_WriteAPDPReg(AP reg 0x01, 0x80011140)
T2D88 000:408.794 - 0.201ms returns 0
T2D88 000:408.815 JLINK_CORESIGHT_ReadAPDPReg(AP reg 0x03)
T2D88 000:409.068   Value=0x00000002
T2D88 000:409.092 - 0.277ms returns 0
T2D88 000:409.107 JLINK_CORESIGHT_WriteAPDPReg(AP reg 0x00, 0x80000002)
T2D88 000:409.362 - 0.255ms returns 0
T2D88 000:409.382 JLINK_CORESIGHT_WriteAPDPReg(AP reg 0x01, 0x80011120)
T2D88 000:409.614 - 0.231ms returns 0
T2D88 000:409.640 JLINK_CORESIGHT_WriteAPDPReg(AP reg 0x03, 0x0000038A)
T2D88 000:409.843 - 0.203ms returns 0
T2D88 000:409.864 JLINK_CORESIGHT_WriteAPDPReg(AP reg 0x00, 0x80000002)
T2D88 000:410.067 - 0.203ms returns 0
T2D88 000:410.087 JLINK_CORESIGHT_WriteAPDPReg(AP reg 0x01, 0x80011140)
T2D88 000:410.359 - 0.271ms returns 0
T2D88 000:410.379 JLINK_CORESIGHT_ReadAPDPReg(AP reg 0x03)
T2D88 000:410.627   Value=0x00000002
T2D88 000:410.652 - 0.272ms returns 0
T2D88 000:410.667 JLINK_CORESIGHT_ReadAPDPReg(AP reg 0x03)
T2D88 000:410.903   Value=0x00000002
T2D88 000:410.928 - 0.261ms returns 0
T2D88 000:410.944 JLINK_CORESIGHT_ReadAPDPReg(AP reg 0x03)
T2D88 000:411.191   Value=0x00000002
T2D88 000:411.215 - 0.271ms returns 0
T2D88 000:411.231 JLINK_CORESIGHT_ReadAPDPReg(AP reg 0x03)
T2D88 000:411.524   Value=0x00000002
T2D88 000:411.549 - 0.317ms returns 0
T2D88 000:411.564 JLINK_CORESIGHT_ReadAPDPReg(AP reg 0x03)
T2D88 000:411.831   Value=0x00000002
T2D88 000:411.855 - 0.291ms returns 0
T2D88 000:411.871 JLINK_CORESIGHT_ReadAPDPReg(AP reg 0x03)
T2D88 000:412.116   Value=0x00000002
T2D88 000:412.142 - 0.271ms returns 0
T2D88 000:412.158 JLINK_CORESIGHT_ReadAPDPReg(AP reg 0x03)
T2D88 000:412.386   Value=0x00000002
T2D88 000:412.411 - 0.252ms returns 0
T2D88 000:412.426 JLINK_CORESIGHT_ReadAPDPReg(AP reg 0x03)
T2D88 000:412.649   Value=0x00000002
T2D88 000:412.673 - 0.246ms returns 0
T2D88 000:412.689 JLINK_CORESIGHT_ReadAPDPReg(AP reg 0x03)
T2D88 000:412.942   Value=0x00000002
T2D88 000:412.966 - 0.277ms returns 0
T2D88 000:412.982 JLINK_CORESIGHT_ReadAPDPReg(AP reg 0x03)
T2D88 000:413.232   Value=0x00000000
T2D88 000:413.257 - 0.275ms returns 0
T2D88 000:413.273 JLINK_CORESIGHT_WriteAPDPReg(AP reg 0x00, 0x80000002)
T2D88 000:413.482 - 0.208ms returns 0
T2D88 000:413.502 JLINK_CORESIGHT_WriteAPDPReg(AP reg 0x01, 0x80011130)
T2D88 000:413.709 - 0.206ms returns 0
T2D88 000:413.728 JLINK_CORESIGHT_ReadAPDPReg(AP reg 0x03)
T2D88 000:413.981   Value=0x75020081
T2D88 000:414.005 - 0.276ms returns 0
T2D88 000:414.021 JLINK_CORESIGHT_WriteAPDPReg(AP reg 0x00, 0x80000002)
T2D88 000:414.223 - 0.202ms returns 0
T2D88 000:414.242 JLINK_CORESIGHT_WriteAPDPReg(AP reg 0x01, 0x80011140)
T2D88 000:414.469 - 0.226ms returns 0
T2D88 000:414.490 JLINK_CORESIGHT_ReadAPDPReg(AP reg 0x03)
T2D88 000:414.735   Value=0x00000000
T2D88 000:414.760 - 0.269ms returns 0
T2D88 000:414.776 JLINK_CORESIGHT_WriteAPDPReg(AP reg 0x00, 0x80000002)
T2D88 000:414.980 - 0.204ms returns 0
T2D88 000:415.000 JLINK_CORESIGHT_WriteAPDPReg(AP reg 0x01, 0x80011130)
T2D88 000:415.200 - 0.199ms returns 0
T2D88 000:415.219 JLINK_CORESIGHT_ReadAPDPReg(AP reg 0x03)
T2D88 000:415.556   Value=0x00038702
T2D88 000:415.582 - 0.362ms returns 0
T2D88 000:415.605 JLINK_CORESIGHT_WriteAPDPReg(AP reg 0x00, 0x80000002)
T2D88 000:415.806 - 0.201ms returns 0
T2D88 000:415.827 JLINK_CORESIGHT_WriteAPDPReg(AP reg 0x01, 0x80011140)
T2D88 000:416.028 - 0.201ms returns 0
T2D88 000:416.048 JLINK_CORESIGHT_ReadAPDPReg(AP reg 0x03)
T2D88 000:416.362   Value=0x00000002
T2D88 000:416.388 - 0.339ms returns 0
T2D88 000:416.404 JLINK_CORESIGHT_WriteAPDPReg(AP reg 0x00, 0x80000002)
T2D88 000:416.675 - 0.270ms returns 0
T2D88 000:416.702 JLINK_CORESIGHT_WriteAPDPReg(AP reg 0x01, 0x80011120)
T2D88 000:416.942 - 0.239ms returns 0
T2D88 000:416.968 JLINK_CORESIGHT_WriteAPDPReg(AP reg 0x03, 0x4F010001)
T2D88 000:417.256 - 0.288ms returns 0
T2D88 000:417.283 JLINK_CORESIGHT_WriteAPDPReg(AP reg 0x00, 0x80000002)
T2D88 000:417.502 - 0.219ms returns 0
T2D88 000:417.527 JLINK_CORESIGHT_WriteAPDPReg(AP reg 0x01, 0x80011140)
T2D88 000:417.731 - 0.203ms returns 0
T2D88 000:417.751 JLINK_CORESIGHT_ReadAPDPReg(AP reg 0x03)
T2D88 000:418.002   Value=0x00000002
T2D88 000:418.028 - 0.277ms returns 0
T2D88 000:418.044 JLINK_CORESIGHT_WriteAPDPReg(AP reg 0x00, 0x80000002)
T2D88 000:418.260 - 0.216ms returns 0
T2D88 000:418.283 JLINK_CORESIGHT_WriteAPDPReg(AP reg 0x01, 0x80011120)
T2D88 000:418.543 - 0.259ms returns 0
T2D88 000:418.572 JLINK_CORESIGHT_WriteAPDPReg(AP reg 0x03, 0x000003B0)
T2D88 000:418.818 - 0.246ms returns 0
T2D88 000:418.846 JLINK_CORESIGHT_WriteAPDPReg(AP reg 0x00, 0x80000002)
T2D88 000:419.135 - 0.288ms returns 0
T2D88 000:419.169 JLINK_CORESIGHT_WriteAPDPReg(AP reg 0x01, 0x80011140)
T2D88 000:419.401 - 0.231ms returns 0
T2D88 000:419.432 JLINK_CORESIGHT_ReadAPDPReg(AP reg 0x03)
T2D88 000:419.733   Value=0x00000002
T2D88 000:419.769 - 0.337ms returns 0
T2D88 000:419.792 JLINK_CORESIGHT_ReadAPDPReg(AP reg 0x03)
T2D88 000:420.069   Value=0x00000002
T2D88 000:420.105 - 0.312ms returns 0
T2D88 000:420.127 JLINK_CORESIGHT_ReadAPDPReg(AP reg 0x03)
T2D88 000:420.429   Value=0x00000002
T2D88 000:420.463 - 0.336ms returns 0
T2D88 000:420.488 JLINK_CORESIGHT_ReadAPDPReg(AP reg 0x03)
T2D88 000:420.742   Value=0x00000002
T2D88 000:420.774 - 0.285ms returns 0
T2D88 000:420.793 JLINK_CORESIGHT_ReadAPDPReg(AP reg 0x03)
T2D88 000:421.083   Value=0x00000000
T2D88 000:421.115 - 0.321ms returns 0
T2D88 000:421.133 JLINK_CORESIGHT_WriteAPDPReg(AP reg 0x00, 0x80000002)
T2D88 000:421.407 - 0.273ms returns 0
T2D88 000:421.435 JLINK_CORESIGHT_WriteAPDPReg(AP reg 0x01, 0x80011130)
T2D88 000:421.652 - 0.217ms returns 0
T2D88 000:421.689 JLINK_CORESIGHT_ReadAPDPReg(AP reg 0x03)
T2D88 000:421.971   Value=0x4F0B0081
T2D88 000:422.001 - 0.312ms returns 0
T2D88 000:422.020 JLINK_CORESIGHT_WriteAPDPReg(AP reg 0x00, 0x80000002)
T2D88 000:422.221 - 0.201ms returns 0
T2D88 000:422.251 JLINK_CORESIGHT_WriteAPDPReg(AP reg 0x01, 0x80011140)
T2D88 000:422.526 - 0.274ms returns 0
T2D88 000:422.554 JLINK_CORESIGHT_ReadAPDPReg(AP reg 0x03)
T2D88 000:422.861   Value=0x00000000
T2D88 000:422.891 - 0.337ms returns 0
T2D88 000:422.912 JLINK_CORESIGHT_WriteAPDPReg(AP reg 0x00, 0x80000002)
T2D88 000:423.113 - 0.200ms returns 0
T2D88 000:423.141 JLINK_CORESIGHT_WriteAPDPReg(AP reg 0x01, 0x80011130)
T2D88 000:423.430 - 0.288ms returns 0
T2D88 000:423.459 JLINK_CORESIGHT_ReadAPDPReg(AP reg 0x03)
T2D88 000:423.734   Value=0xE03F0000
T2D88 000:423.763 - 0.304ms returns 0
T2D88 000:423.783 JLINK_CORESIGHT_WriteAPDPReg(AP reg 0x00, 0x80000002)
T2D88 000:424.025 - 0.242ms returns 0
T2D88 000:424.057 JLINK_CORESIGHT_WriteAPDPReg(AP reg 0x01, 0x80011140)
T2D88 000:424.278 - 0.221ms returns 0
T2D88 000:424.303 JLINK_CORESIGHT_ReadAPDPReg(AP reg 0x03)
T2D88 000:424.536   Value=0x00000000
T2D88 000:424.563 - 0.260ms returns 0
T2D88 000:424.582 JLINK_CORESIGHT_WriteAPDPReg(AP reg 0x00, 0x80000002)
T2D88 000:424.829 - 0.247ms returns 0
T2D88 000:424.859 JLINK_CORESIGHT_WriteAPDPReg(AP reg 0x01, 0x80011130)
T2D88 000:425.113 - 0.255ms returns 0
T2D88 000:425.143 JLINK_CORESIGHT_ReadAPDPReg(AP reg 0x03)
T2D88 000:425.403   Value=0x00003F00
T2D88 000:425.429 - 0.286ms returns 0
T2D88 000:425.448 JLINK_CORESIGHT_WriteAPDPReg(AP reg 0x00, 0x80000002)
T2D88 000:425.762 - 0.314ms returns 0
T2D88 000:425.785 JLINK_CORESIGHT_WriteAPDPReg(AP reg 0x01, 0x80011140)
T2D88 000:425.992 - 0.207ms returns 0
T2D88 000:426.017 JLINK_CORESIGHT_ReadAPDPReg(AP reg 0x03)
T2D88 000:426.269   Value=0x00000000
T2D88 000:426.293 - 0.276ms returns 0
T2D88 000:426.311 JLINK_CORESIGHT_WriteAPDPReg(AP reg 0x00, 0x80000002)
T2D88 000:426.524 - 0.213ms returns 0
T2D88 000:426.547 JLINK_CORESIGHT_WriteAPDPReg(AP reg 0x01, 0x80011130)
T2D88 000:426.765 - 0.218ms returns 0
T2D88 000:426.787 JLINK_CORESIGHT_ReadAPDPReg(AP reg 0x03)
T2D88 000:427.167   Value=0x03480000
T2D88 000:427.193 - 0.405ms returns 0
T2D88 000:427.676 JLINK_CORESIGHT_ReadAPDPReg(DP reg 0x01)
T2D88 000:427.978   Value=0xF0000F40
T2D88 000:428.007 - 0.331ms returns 0
T2D88 000:428.023 JLINK_CORESIGHT_WriteAPDPReg(DP reg 0x01, 0xA0000F40)
T2D88 000:428.238 - 0.215ms returns 0
T2D88 000:428.259 JLINK_CORESIGHT_ReadAPDPReg(DP reg 0x01)
T2D88 000:428.471   Value=0x00000F40
T2D88 000:428.496 - 0.237ms returns 0
T2D88 000:428.512 JLINK_ClrRESET()
T2D88 000:428.718 - 0.206ms
T2D88 000:538.868 JLINK_Close()
T2D88 000:562.337 - 23.467ms
T2D88 000:562.480   
T2D88 000:562.536   Closed
