T1E38 000:001.186   SEGGER J-Link V8.44a Log File
T1E38 000:001.429   DLL Compiled: Jun 18 2025 16:28:32
T1E38 000:001.452   Logging started @ 2025-07-10 21:29
T1E38 000:001.472   Process: C:\Users\a5099044\.eclipse\com.renesas.platform_170476184\DebugComp\RA\e2-server-gdb.exe
T1E38 000:001.498 - 1.493ms 
T1E38 000:001.531 JLINK_GetDLLVersion()
T1E38 000:001.553 - 0.022ms returns 84401
T1E38 000:006.632 JLINK_OpenEx(...)
T1E38 000:017.875   Firmware: J-Link OB-RA4M2 compiled Apr  1 2025 10:13:55
T1E38 000:019.239   Firmware: J-Link OB-RA4M2 compiled Apr  1 2025 10:13:55
T1E38 000:033.146   Hardware: V1.00
T1E38 000:033.216   S/N: 1085313446
T1E38 000:033.238   OEM: SEGGER
T1E38 000:033.263   Feature(s): None
T1E38 000:034.313   Bootloader: 2021 May 14
T1E38 000:034.902   USB speed mode: Full speed (12 MBit/s)
T1E38 000:035.536   TELNET listener socket opened on port 19021
T1E38 000:035.848   WEBSRV WEBSRV_Init(): Starting webserver thread(s)
T1E38 000:036.119   WEBSRV Webserver running on local port 19080
T1E38 000:036.356   Looking for J-Link GUI Server exe at: C:\Users\a5099044\.eclipse\com.renesas.platform_170476184\DebugComp\RA\ARM\Segger_v8.44.1\JLinkGUIServer.exe
T1E38 000:036.750   Looking for J-Link GUI Server exe at: \JLinkGUIServer.exe
T1E38 000:343.799   Failed to connect to J-Link GUI Server.
T1E38 000:343.872 - 337.233ms returns "O.K."
T1E38 000:344.109 JLINK_TIF_Select(JLINKARM_TIF_SWD)
T1E38 000:344.755 - 0.646ms returns 0x00
T1E38 000:344.787 JLINK_ClrRESET()
T1E38 000:345.123 - 0.335ms 
T1E38 000:395.723 JLINK_SetSpeed(1500)
T1E38 000:396.327 - 0.615ms 
T1E38 000:396.362 JLINK_CORESIGHT_Configure(PerformTIFInit=0)
T1E38 000:396.759 - 0.397ms returns 0
T1E38 000:397.461 JLINK_CORESIGHT_ReadAPDPReg(DP reg 0x00)
T1E38 000:397.950   Value=0x6BA02477
T1E38 000:397.996 - 0.538ms returns 0
T1E38 000:398.017 JLINK_CORESIGHT_WriteAPDPReg(DP reg 0x00, 0x0000001F)
T1E38 000:398.245 - 0.227ms returns 0
T1E38 000:398.322 JLINK_CORESIGHT_ReadAPDPReg(DP reg 0x00)
T1E38 000:398.541   Value=0x6BA02477
T1E38 000:398.568 - 0.246ms returns 0
T1E38 000:398.585 JLINK_CORESIGHT_WriteAPDPReg(DP reg 0x02, 0x00000000)
T1E38 000:398.792 - 0.207ms returns 0
T1E38 000:398.811 JLINK_CORESIGHT_WriteAPDPReg(DP reg 0x01, 0x50000000)
T1E38 000:399.034 - 0.223ms returns 0
T1E38 000:399.057 JLINK_CORESIGHT_ReadAPDPReg(DP reg 0x01)
T1E38 000:399.257   Value=0xF0000040
T1E38 000:399.284 - 0.226ms returns 0
T1E38 000:399.300 JLINK_CORESIGHT_WriteAPDPReg(DP reg 0x00, 0x0000001F)
T1E38 000:399.510 - 0.209ms returns 0
T1E38 000:399.529 JLINK_CORESIGHT_ReadAPDPReg(DP reg 0x00)
T1E38 000:399.738   Value=0x6BA02477
T1E38 000:399.763 - 0.234ms returns 0
T1E38 000:399.779 JLINK_CORESIGHT_WriteAPDPReg(DP reg 0x01, 0x54000000)
T1E38 000:400.041 - 0.261ms returns 0
T1E38 000:400.076 JLINK_CORESIGHT_WriteAPDPReg(DP reg 0x01, 0x50000F00)
T1E38 000:400.303 - 0.227ms returns 0
T1E38 000:400.323 JLINK_CORESIGHT_WriteAPDPReg(DP reg 0x02, 0x01000000)
T1E38 000:400.530 - 0.207ms returns 0
T1E38 000:400.550 JLINK_CORESIGHT_WriteAPDPReg(AP reg 0x00, 0x80000002)
T1E38 000:400.767 - 0.217ms returns 0
T1E38 000:400.800 JLINK_CORESIGHT_WriteAPDPReg(AP reg 0x01, 0x80011100)
T1E38 000:401.038 - 0.237ms returns 0
T1E38 000:401.076 JLINK_CORESIGHT_WriteAPDPReg(AP reg 0x03, 0x000000A5)
T1E38 000:401.299 - 0.223ms returns 0
T1E38 000:401.325 JLINK_CORESIGHT_WriteAPDPReg(AP reg 0x00, 0x80000002)
T1E38 000:401.538 - 0.213ms returns 0
T1E38 000:401.561 JLINK_CORESIGHT_WriteAPDPReg(AP reg 0x01, 0x80011100)
T1E38 000:401.773 - 0.212ms returns 0
T1E38 000:401.817 JLINK_CORESIGHT_ReadAPDPReg(AP reg 0x03)
T1E38 000:402.117   Value=0x000000A5
T1E38 000:402.153 - 0.336ms returns 0
T1E38 000:402.172 JLINK_ClrTMS()
T1E38 000:402.283 - 0.110ms 
T1E38 000:407.688 JLINK_SetTCK()
T1E38 000:407.880 - 0.192ms returns 0
T1E38 000:413.744 JLINK_SetRESET()
T1E38 000:413.938 - 0.194ms 
T1E38 000:614.604 JLINK_CORESIGHT_WriteAPDPReg(AP reg 0x00, 0x80000002)
T1E38 000:615.016 - 0.412ms returns 0
T1E38 000:615.052 JLINK_CORESIGHT_WriteAPDPReg(AP reg 0x01, 0x80011100)
T1E38 000:615.468 - 0.414ms returns 0
T1E38 000:615.504 JLINK_CORESIGHT_ReadAPDPReg(AP reg 0x03)
T1E38 000:615.987   Value=0x00000000
T1E38 000:616.023 - 0.519ms returns 0
T1E38 000:616.039 JLINK_CORESIGHT_WriteAPDPReg(AP reg 0x00, 0x80000002)
T1E38 000:616.456 - 0.416ms returns 0
T1E38 000:616.488 JLINK_CORESIGHT_WriteAPDPReg(AP reg 0x01, 0x80011140)
T1E38 000:616.781 - 0.292ms returns 0
T1E38 000:616.813 JLINK_CORESIGHT_ReadAPDPReg(AP reg 0x03)
T1E38 000:617.239   Value=0x00000002
T1E38 000:617.274 - 0.461ms returns 0
T1E38 000:617.292 JLINK_CORESIGHT_WriteAPDPReg(AP reg 0x00, 0x80000002)
T1E38 000:617.573 - 0.281ms returns 0
T1E38 000:617.605 JLINK_CORESIGHT_WriteAPDPReg(AP reg 0x01, 0x80011120)
T1E38 000:617.957 - 0.351ms returns 0
T1E38 000:617.989 JLINK_CORESIGHT_WriteAPDPReg(AP reg 0x03, 0x00000055)
T1E38 000:618.278 - 0.288ms returns 0
T1E38 000:618.310 JLINK_CORESIGHT_WriteAPDPReg(AP reg 0x00, 0x80000002)
T1E38 000:618.570 - 0.259ms returns 0
T1E38 000:618.618 JLINK_CORESIGHT_WriteAPDPReg(AP reg 0x01, 0x80011140)
T1E38 000:618.940 - 0.322ms returns 0
T1E38 000:618.992 JLINK_CORESIGHT_ReadAPDPReg(AP reg 0x03)
T1E38 000:619.305   Value=0x00000002
T1E38 000:619.359 - 0.366ms returns 0
T1E38 000:619.378 JLINK_CORESIGHT_ReadAPDPReg(AP reg 0x03)
T1E38 000:619.658   Value=0x00000002
T1E38 000:619.701 - 0.322ms returns 0
T1E38 000:619.719 JLINK_CORESIGHT_ReadAPDPReg(AP reg 0x03)
T1E38 000:620.116   Value=0x00000002
T1E38 000:620.157 - 0.438ms returns 0
T1E38 000:620.174 JLINK_CORESIGHT_ReadAPDPReg(AP reg 0x03)
T1E38 000:620.791   Value=0x00000002
T1E38 000:620.836 - 0.662ms returns 0
T1E38 000:620.853 JLINK_CORESIGHT_ReadAPDPReg(AP reg 0x03)
T1E38 000:621.247   Value=0x00000002
T1E38 000:621.290 - 0.436ms returns 0
T1E38 000:621.308 JLINK_CORESIGHT_ReadAPDPReg(AP reg 0x03)
T1E38 000:621.710   Value=0x00000002
T1E38 000:621.752 - 0.444ms returns 0
T1E38 000:621.769 JLINK_CORESIGHT_ReadAPDPReg(AP reg 0x03)
T1E38 000:622.172   Value=0x00000002
T1E38 000:622.213 - 0.443ms returns 0
T1E38 000:622.228 JLINK_CORESIGHT_ReadAPDPReg(AP reg 0x03)
T1E38 000:622.642   Value=0x00000002
T1E38 000:622.664 - 0.436ms returns 0
T1E38 000:622.679 JLINK_CORESIGHT_ReadAPDPReg(AP reg 0x03)
T1E38 000:623.023   Value=0x00000002
T1E38 000:623.046 - 0.366ms returns 0
T1E38 000:623.060 JLINK_CORESIGHT_ReadAPDPReg(AP reg 0x03)
T1E38 000:623.439   Value=0x00000002
T1E38 000:623.490 - 0.429ms returns 0
T1E38 000:623.510 JLINK_CORESIGHT_ReadAPDPReg(AP reg 0x03)
T1E38 000:623.858   Value=0x00000002
T1E38 000:623.930 - 0.420ms returns 0
T1E38 000:623.948 JLINK_CORESIGHT_ReadAPDPReg(AP reg 0x03)
T1E38 000:624.227   Value=0x00000002
T1E38 000:624.261 - 0.313ms returns 0
T1E38 000:624.279 JLINK_CORESIGHT_ReadAPDPReg(AP reg 0x03)
T1E38 000:624.551   Value=0x00000002
T1E38 000:624.619 - 0.340ms returns 0
T1E38 000:624.637 JLINK_CORESIGHT_ReadAPDPReg(AP reg 0x03)
T1E38 000:624.922   Value=0x00000002
T1E38 000:624.951 - 0.314ms returns 0
T1E38 000:624.967 JLINK_CORESIGHT_ReadAPDPReg(AP reg 0x03)
T1E38 000:625.206   Value=0x00000002
T1E38 000:625.231 - 0.263ms returns 0
T1E38 000:625.246 JLINK_CORESIGHT_ReadAPDPReg(AP reg 0x03)
T1E38 000:625.517   Value=0x00000002
T1E38 000:625.539 - 0.293ms returns 0
T1E38 000:625.555 JLINK_CORESIGHT_ReadAPDPReg(AP reg 0x03)
T1E38 000:625.833   Value=0x00000002
T1E38 000:625.856 - 0.301ms returns 0
T1E38 000:625.871 JLINK_CORESIGHT_ReadAPDPReg(AP reg 0x03)
T1E38 000:626.140   Value=0x00000002
T1E38 000:626.166 - 0.295ms returns 0
T1E38 000:626.181 JLINK_CORESIGHT_ReadAPDPReg(AP reg 0x03)
T1E38 000:626.439   Value=0x00000002
T1E38 000:626.461 - 0.280ms returns 0
T1E38 000:626.477 JLINK_CORESIGHT_ReadAPDPReg(AP reg 0x03)
T1E38 000:626.744   Value=0x00000002
T1E38 000:626.767 - 0.290ms returns 0
T1E38 000:626.783 JLINK_CORESIGHT_ReadAPDPReg(AP reg 0x03)
T1E38 000:627.153   Value=0x00000002
T1E38 000:627.179 - 0.396ms returns 0
T1E38 000:627.195 JLINK_CORESIGHT_ReadAPDPReg(AP reg 0x03)
T1E38 000:627.462   Value=0x00000002
T1E38 000:627.493 - 0.298ms returns 0
T1E38 000:627.509 JLINK_CORESIGHT_ReadAPDPReg(AP reg 0x03)
T1E38 000:627.743   Value=0x00000002
T1E38 000:627.766 - 0.257ms returns 0
T1E38 000:627.781 JLINK_CORESIGHT_ReadAPDPReg(AP reg 0x03)
T1E38 000:628.140   Value=0x00000002
T1E38 000:628.162 - 0.381ms returns 0
T1E38 000:628.177 JLINK_CORESIGHT_ReadAPDPReg(AP reg 0x03)
T1E38 000:628.456   Value=0x00000002
T1E38 000:628.479 - 0.301ms returns 0
T1E38 000:628.494 JLINK_CORESIGHT_ReadAPDPReg(AP reg 0x03)
T1E38 000:628.759   Value=0x00000002
T1E38 000:628.783 - 0.288ms returns 0
T1E38 000:628.798 JLINK_CORESIGHT_ReadAPDPReg(AP reg 0x03)
T1E38 000:629.092   Value=0x00000002
T1E38 000:629.141 - 0.343ms returns 0
T1E38 000:629.156 JLINK_CORESIGHT_ReadAPDPReg(AP reg 0x03)
T1E38 000:629.421   Value=0x00000002
T1E38 000:629.443 - 0.287ms returns 0
T1E38 000:629.458 JLINK_CORESIGHT_ReadAPDPReg(AP reg 0x03)
T1E38 000:629.722   Value=0x00000000
T1E38 000:629.745 - 0.286ms returns 0
T1E38 000:629.761 JLINK_CORESIGHT_WriteAPDPReg(AP reg 0x00, 0x80000002)
T1E38 000:629.958 - 0.196ms returns 0
T1E38 000:629.976 JLINK_CORESIGHT_WriteAPDPReg(AP reg 0x01, 0x80011130)
T1E38 000:630.178 - 0.202ms returns 0
T1E38 000:630.195 JLINK_CORESIGHT_ReadAPDPReg(AP reg 0x03)
T1E38 000:630.476   Value=0x000000C6
T1E38 000:630.520 - 0.324ms returns 0
T1E38 000:631.205 JLINK_CORESIGHT_WriteAPDPReg(AP reg 0x00, 0x80000002)
T1E38 000:631.427 - 0.222ms returns 0
T1E38 000:631.446 JLINK_CORESIGHT_WriteAPDPReg(AP reg 0x01, 0x80011140)
T1E38 000:631.663 - 0.217ms returns 0
T1E38 000:631.681 JLINK_CORESIGHT_ReadAPDPReg(AP reg 0x03)
T1E38 000:631.921   Value=0x00000002
T1E38 000:631.943 - 0.262ms returns 0
T1E38 000:631.959 JLINK_CORESIGHT_WriteAPDPReg(AP reg 0x00, 0x80000002)
T1E38 000:632.162 - 0.203ms returns 0
T1E38 000:632.179 JLINK_CORESIGHT_WriteAPDPReg(AP reg 0x01, 0x80011120)
T1E38 000:632.386 - 0.206ms returns 0
T1E38 000:632.405 JLINK_CORESIGHT_WriteAPDPReg(AP reg 0x03, 0x3A010001)
T1E38 000:632.609 - 0.203ms returns 0
T1E38 000:632.626 JLINK_CORESIGHT_WriteAPDPReg(AP reg 0x00, 0x80000002)
T1E38 000:632.835 - 0.208ms returns 0
T1E38 000:632.852 JLINK_CORESIGHT_WriteAPDPReg(AP reg 0x01, 0x80011140)
T1E38 000:633.061 - 0.209ms returns 0
T1E38 000:633.079 JLINK_CORESIGHT_ReadAPDPReg(AP reg 0x03)
T1E38 000:633.349   Value=0x00000002
T1E38 000:633.371 - 0.292ms returns 0
T1E38 000:633.388 JLINK_CORESIGHT_WriteAPDPReg(AP reg 0x00, 0x80000002)
T1E38 000:633.600 - 0.211ms returns 0
T1E38 000:633.619 JLINK_CORESIGHT_WriteAPDPReg(AP reg 0x01, 0x80011120)
T1E38 000:633.826 - 0.207ms returns 0
T1E38 000:633.843 JLINK_CORESIGHT_WriteAPDPReg(AP reg 0x03, 0x000003C5)
T1E38 000:634.056 - 0.213ms returns 0
T1E38 000:634.084 JLINK_CORESIGHT_WriteAPDPReg(AP reg 0x00, 0x80000002)
T1E38 000:634.358 - 0.274ms returns 0
T1E38 000:634.378 JLINK_CORESIGHT_WriteAPDPReg(AP reg 0x01, 0x80011140)
T1E38 000:634.598 - 0.220ms returns 0
T1E38 000:634.659 JLINK_CORESIGHT_ReadAPDPReg(AP reg 0x03)
T1E38 000:634.961   Value=0x00000002
T1E38 000:634.997 - 0.338ms returns 0
T1E38 000:635.014 JLINK_CORESIGHT_ReadAPDPReg(AP reg 0x03)
T1E38 000:635.390   Value=0x00000002
T1E38 000:635.416 - 0.402ms returns 0
T1E38 000:635.432 JLINK_CORESIGHT_ReadAPDPReg(AP reg 0x03)
T1E38 000:635.765   Value=0x00000002
T1E38 000:635.791 - 0.358ms returns 0
T1E38 000:635.807 JLINK_CORESIGHT_ReadAPDPReg(AP reg 0x03)
T1E38 000:636.139   Value=0x00000002
T1E38 000:636.162 - 0.355ms returns 0
T1E38 000:636.177 JLINK_CORESIGHT_ReadAPDPReg(AP reg 0x03)
T1E38 000:636.508   Value=0x00000002
T1E38 000:636.531 - 0.353ms returns 0
T1E38 000:636.546 JLINK_CORESIGHT_ReadAPDPReg(AP reg 0x03)
T1E38 000:637.058   Value=0x00000002
T1E38 000:637.083 - 0.536ms returns 0
T1E38 000:637.098 JLINK_CORESIGHT_ReadAPDPReg(AP reg 0x03)
T1E38 000:637.452   Value=0x00000002
T1E38 000:637.477 - 0.378ms returns 0
T1E38 000:637.492 JLINK_CORESIGHT_ReadAPDPReg(AP reg 0x03)
T1E38 000:637.826   Value=0x00000002
T1E38 000:637.853 - 0.360ms returns 0
T1E38 000:637.869 JLINK_CORESIGHT_ReadAPDPReg(AP reg 0x03)
T1E38 000:638.140   Value=0x00000002
T1E38 000:638.164 - 0.295ms returns 0
T1E38 000:638.180 JLINK_CORESIGHT_ReadAPDPReg(AP reg 0x03)
T1E38 000:638.422   Value=0x00000002
T1E38 000:638.445 - 0.265ms returns 0
T1E38 000:638.460 JLINK_CORESIGHT_ReadAPDPReg(AP reg 0x03)
T1E38 000:638.724   Value=0x00000000
T1E38 000:638.747 - 0.286ms returns 0
T1E38 000:638.762 JLINK_CORESIGHT_WriteAPDPReg(AP reg 0x00, 0x80000002)
T1E38 000:639.029 - 0.266ms returns 0
T1E38 000:639.048 JLINK_CORESIGHT_WriteAPDPReg(AP reg 0x01, 0x80011130)
T1E38 000:639.240 - 0.192ms returns 0
T1E38 000:639.257 JLINK_CORESIGHT_ReadAPDPReg(AP reg 0x03)
T1E38 000:639.671   Value=0x3A2A0081
T1E38 000:639.697 - 0.439ms returns 0
T1E38 000:639.712 JLINK_CORESIGHT_WriteAPDPReg(AP reg 0x00, 0x80000002)
T1E38 000:639.921 - 0.208ms returns 0
T1E38 000:639.939 JLINK_CORESIGHT_WriteAPDPReg(AP reg 0x01, 0x80011140)
T1E38 000:640.148 - 0.208ms returns 0
T1E38 000:640.165 JLINK_CORESIGHT_ReadAPDPReg(AP reg 0x03)
T1E38 000:640.437   Value=0x00000000
T1E38 000:640.460 - 0.294ms returns 0
T1E38 000:640.475 JLINK_CORESIGHT_WriteAPDPReg(AP reg 0x00, 0x80000002)
T1E38 000:640.680 - 0.205ms returns 0
T1E38 000:640.697 JLINK_CORESIGHT_WriteAPDPReg(AP reg 0x01, 0x80011130)
T1E38 000:640.921 - 0.223ms returns 0
T1E38 000:640.938 JLINK_CORESIGHT_ReadAPDPReg(AP reg 0x03)
T1E38 000:641.197   Value=0x808D5B00
T1E38 000:641.220 - 0.281ms returns 0
T1E38 000:641.236 JLINK_CORESIGHT_WriteAPDPReg(AP reg 0x00, 0x80000002)
T1E38 000:641.446 - 0.210ms returns 0
T1E38 000:641.463 JLINK_CORESIGHT_WriteAPDPReg(AP reg 0x01, 0x80011140)
T1E38 000:641.665 - 0.202ms returns 0
T1E38 000:641.682 JLINK_CORESIGHT_ReadAPDPReg(AP reg 0x03)
T1E38 000:641.952   Value=0x00000000
T1E38 000:641.975 - 0.292ms returns 0
T1E38 000:641.990 JLINK_CORESIGHT_WriteAPDPReg(AP reg 0x00, 0x80000002)
T1E38 000:642.191 - 0.201ms returns 0
T1E38 000:642.208 JLINK_CORESIGHT_WriteAPDPReg(AP reg 0x01, 0x80011130)
T1E38 000:642.417 - 0.209ms returns 0
T1E38 000:642.435 JLINK_CORESIGHT_ReadAPDPReg(AP reg 0x03)
T1E38 000:642.699   Value=0x0306070A
T1E38 000:642.722 - 0.287ms returns 0
T1E38 000:642.737 JLINK_CORESIGHT_WriteAPDPReg(AP reg 0x00, 0x80000002)
T1E38 000:642.952 - 0.215ms returns 0
T1E38 000:642.970 JLINK_CORESIGHT_WriteAPDPReg(AP reg 0x01, 0x80011140)
T1E38 000:643.172 - 0.202ms returns 0
T1E38 000:643.189 JLINK_CORESIGHT_ReadAPDPReg(AP reg 0x03)
T1E38 000:643.454   Value=0x00000000
T1E38 000:643.477 - 0.287ms returns 0
T1E38 000:643.493 JLINK_CORESIGHT_WriteAPDPReg(AP reg 0x00, 0x80000002)
T1E38 000:643.901 - 0.408ms returns 0
T1E38 000:643.919 JLINK_CORESIGHT_WriteAPDPReg(AP reg 0x01, 0x80011130)
T1E38 000:644.141 - 0.222ms returns 0
T1E38 000:644.158 JLINK_CORESIGHT_ReadAPDPReg(AP reg 0x03)
T1E38 000:644.434   Value=0x30545408
T1E38 000:644.457 - 0.298ms returns 0
T1E38 000:644.472 JLINK_CORESIGHT_WriteAPDPReg(AP reg 0x00, 0x80000002)
T1E38 000:644.690 - 0.217ms returns 0
T1E38 000:644.707 JLINK_CORESIGHT_WriteAPDPReg(AP reg 0x01, 0x80011140)
T1E38 000:644.922 - 0.214ms returns 0
T1E38 000:644.940 JLINK_CORESIGHT_ReadAPDPReg(AP reg 0x03)
T1E38 000:645.210   Value=0x00000000
T1E38 000:645.233 - 0.293ms returns 0
T1E38 000:645.249 JLINK_CORESIGHT_WriteAPDPReg(AP reg 0x00, 0x80000002)
T1E38 000:645.453 - 0.203ms returns 0
T1E38 000:645.470 JLINK_CORESIGHT_WriteAPDPReg(AP reg 0x01, 0x80011130)
T1E38 000:645.675 - 0.205ms returns 0
T1E38 000:645.692 JLINK_CORESIGHT_ReadAPDPReg(AP reg 0x03)
T1E38 000:645.940   Value=0x541223C8
T1E38 000:645.963 - 0.270ms returns 0
T1E38 000:645.978 JLINK_CORESIGHT_WriteAPDPReg(AP reg 0x00, 0x80000002)
T1E38 000:646.185 - 0.206ms returns 0
T1E38 000:646.202 JLINK_CORESIGHT_WriteAPDPReg(AP reg 0x01, 0x80011140)
T1E38 000:646.404 - 0.202ms returns 0
T1E38 000:646.433 JLINK_CORESIGHT_ReadAPDPReg(AP reg 0x03)
T1E38 000:646.704   Value=0x00000000
T1E38 000:646.727 - 0.294ms returns 0
T1E38 000:646.743 JLINK_CORESIGHT_WriteAPDPReg(AP reg 0x00, 0x80000002)
T1E38 000:646.953 - 0.210ms returns 0
T1E38 000:647.043 JLINK_CORESIGHT_WriteAPDPReg(AP reg 0x01, 0x80011130)
T1E38 000:647.248 - 0.204ms returns 0
T1E38 000:647.268 JLINK_CORESIGHT_ReadAPDPReg(AP reg 0x03)
T1E38 000:647.535   Value=0x32355536
T1E38 000:647.558 - 0.290ms returns 0
T1E38 000:647.573 JLINK_CORESIGHT_WriteAPDPReg(AP reg 0x00, 0x80000002)
T1E38 000:647.801 - 0.227ms returns 0
T1E38 000:647.818 JLINK_CORESIGHT_WriteAPDPReg(AP reg 0x01, 0x80011140)
T1E38 000:648.048 - 0.229ms returns 0
T1E38 000:648.065 JLINK_CORESIGHT_ReadAPDPReg(AP reg 0x03)
T1E38 000:648.331   Value=0x00000000
T1E38 000:648.354 - 0.288ms returns 0
T1E38 000:648.369 JLINK_CORESIGHT_WriteAPDPReg(AP reg 0x00, 0x80000002)
T1E38 000:648.581 - 0.212ms returns 0
T1E38 000:648.600 JLINK_CORESIGHT_WriteAPDPReg(AP reg 0x01, 0x80011130)
T1E38 000:648.807 - 0.207ms returns 0
T1E38 000:648.824 JLINK_CORESIGHT_ReadAPDPReg(AP reg 0x03)
T1E38 000:649.096   Value=0x61022D38
T1E38 000:649.118 - 0.294ms returns 0
T1E38 000:649.133 JLINK_CORESIGHT_WriteAPDPReg(AP reg 0x00, 0x80000002)
T1E38 000:649.336 - 0.202ms returns 0
T1E38 000:649.353 JLINK_CORESIGHT_WriteAPDPReg(AP reg 0x01, 0x80011140)
T1E38 000:649.562 - 0.208ms returns 0
T1E38 000:649.580 JLINK_CORESIGHT_ReadAPDPReg(AP reg 0x03)
T1E38 000:649.948   Value=0x00000000
T1E38 000:649.971 - 0.391ms returns 0
T1E38 000:649.986 JLINK_CORESIGHT_WriteAPDPReg(AP reg 0x00, 0x80000002)
T1E38 000:650.207 - 0.220ms returns 0
T1E38 000:650.224 JLINK_CORESIGHT_WriteAPDPReg(AP reg 0x01, 0x80011130)
T1E38 000:650.433 - 0.209ms returns 0
T1E38 000:650.463 JLINK_CORESIGHT_ReadAPDPReg(AP reg 0x03)
T1E38 000:652.398   Value=0x4B375279
T1E38 000:652.482 - 2.018ms returns 0
T1E38 000:652.505 JLINK_CORESIGHT_WriteAPDPReg(AP reg 0x00, 0x80000002)
T1E38 000:652.951 - 0.445ms returns 0
T1E38 000:653.005 JLINK_CORESIGHT_WriteAPDPReg(AP reg 0x01, 0x80011140)
T1E38 000:653.346 - 0.340ms returns 0
T1E38 000:653.384 JLINK_CORESIGHT_ReadAPDPReg(AP reg 0x03)
T1E38 000:653.710   Value=0x00000000
T1E38 000:653.734 - 0.350ms returns 0
T1E38 000:653.752 JLINK_CORESIGHT_WriteAPDPReg(AP reg 0x00, 0x80000002)
T1E38 000:654.110 - 0.358ms returns 0
T1E38 000:654.151 JLINK_CORESIGHT_WriteAPDPReg(AP reg 0x01, 0x80011130)
T1E38 000:654.374 - 0.221ms returns 0
T1E38 000:654.405 JLINK_CORESIGHT_ReadAPDPReg(AP reg 0x03)
T1E38 000:654.697   Value=0x31503841
T1E38 000:654.721 - 0.316ms returns 0
T1E38 000:654.737 JLINK_CORESIGHT_WriteAPDPReg(AP reg 0x00, 0x80000002)
T1E38 000:654.953 - 0.215ms returns 0
T1E38 000:654.971 JLINK_CORESIGHT_WriteAPDPReg(AP reg 0x01, 0x80011140)
T1E38 000:655.177 - 0.206ms returns 0
T1E38 000:655.195 JLINK_CORESIGHT_ReadAPDPReg(AP reg 0x03)
T1E38 000:655.467   Value=0x00000000
T1E38 000:655.490 - 0.295ms returns 0
T1E38 000:655.506 JLINK_CORESIGHT_WriteAPDPReg(AP reg 0x00, 0x80000002)
T1E38 000:655.709 - 0.203ms returns 0
T1E38 000:655.727 JLINK_CORESIGHT_WriteAPDPReg(AP reg 0x01, 0x80011130)
T1E38 000:655.921 - 0.194ms returns 0
T1E38 000:655.938 JLINK_CORESIGHT_ReadAPDPReg(AP reg 0x03)
T1E38 000:656.202   Value=0x434C464B
T1E38 000:656.225 - 0.286ms returns 0
T1E38 000:656.240 JLINK_CORESIGHT_WriteAPDPReg(AP reg 0x00, 0x80000002)
T1E38 000:656.448 - 0.207ms returns 0
T1E38 000:657.031 JLINK_CORESIGHT_WriteAPDPReg(AP reg 0x01, 0x80011140)
T1E38 000:657.303 - 0.276ms returns 0
T1E38 000:657.320 JLINK_CORESIGHT_ReadAPDPReg(AP reg 0x03)
T1E38 000:657.956   Value=0x00000000
T1E38 000:657.980 - 0.660ms returns 0
T1E38 000:657.996 JLINK_CORESIGHT_WriteAPDPReg(AP reg 0x00, 0x80000002)
T1E38 000:658.204 - 0.208ms returns 0
T1E38 000:658.222 JLINK_CORESIGHT_WriteAPDPReg(AP reg 0x01, 0x80011130)
T1E38 000:658.425 - 0.203ms returns 0
T1E38 000:658.442 JLINK_CORESIGHT_ReadAPDPReg(AP reg 0x03)
T1E38 000:658.706   Value=0x20204341
T1E38 000:658.728 - 0.286ms returns 0
T1E38 000:658.744 JLINK_CORESIGHT_WriteAPDPReg(AP reg 0x00, 0x80000002)
T1E38 000:658.954 - 0.210ms returns 0
T1E38 000:658.971 JLINK_CORESIGHT_WriteAPDPReg(AP reg 0x01, 0x80011140)
T1E38 000:659.180 - 0.208ms returns 0
T1E38 000:659.202 JLINK_CORESIGHT_ReadAPDPReg(AP reg 0x03)
T1E38 000:659.473   Value=0x00000000
T1E38 000:659.496 - 0.294ms returns 0
T1E38 000:659.512 JLINK_CORESIGHT_WriteAPDPReg(AP reg 0x00, 0x80000002)
T1E38 000:659.711 - 0.198ms returns 0
T1E38 000:659.741 JLINK_CORESIGHT_WriteAPDPReg(AP reg 0x01, 0x80011130)
T1E38 000:660.052 - 0.311ms returns 0
T1E38 000:660.073 JLINK_CORESIGHT_ReadAPDPReg(AP reg 0x03)
T1E38 000:660.341   Value=0x0003E420
T1E38 000:660.364 - 0.291ms returns 0
T1E38 000:660.426 JLINK_CORESIGHT_WriteAPDPReg(AP reg 0x00, 0x80000002)
T1E38 000:660.633 - 0.206ms returns 0
T1E38 000:660.650 JLINK_CORESIGHT_WriteAPDPReg(AP reg 0x01, 0x80011140)
T1E38 000:660.923 - 0.272ms returns 0
T1E38 000:660.940 JLINK_CORESIGHT_ReadAPDPReg(AP reg 0x03)
T1E38 000:661.208   Value=0x00000002
T1E38 000:661.232 - 0.292ms returns 0
T1E38 000:661.253 JLINK_CORESIGHT_WriteAPDPReg(AP reg 0x00, 0x80000002)
T1E38 000:661.467 - 0.214ms returns 0
T1E38 000:661.492 JLINK_CORESIGHT_WriteAPDPReg(AP reg 0x01, 0x80011120)
T1E38 000:661.798 - 0.306ms returns 0
T1E38 000:661.820 JLINK_CORESIGHT_WriteAPDPReg(AP reg 0x03, 0x39020001)
T1E38 000:662.054 - 0.233ms returns 0
T1E38 000:662.075 JLINK_CORESIGHT_WriteAPDPReg(AP reg 0x00, 0x80000002)
T1E38 000:662.325 - 0.250ms returns 0
T1E38 000:662.349 JLINK_CORESIGHT_WriteAPDPReg(AP reg 0x01, 0x80011140)
T1E38 000:662.599 - 0.249ms returns 0
T1E38 000:662.625 JLINK_CORESIGHT_ReadAPDPReg(AP reg 0x03)
T1E38 000:662.940   Value=0x00000002
T1E38 000:662.975 - 0.350ms returns 0
T1E38 000:662.992 JLINK_CORESIGHT_WriteAPDPReg(AP reg 0x00, 0x80000002)
T1E38 000:663.206 - 0.214ms returns 0
T1E38 000:663.224 JLINK_CORESIGHT_WriteAPDPReg(AP reg 0x01, 0x80011120)
T1E38 000:663.429 - 0.204ms returns 0
T1E38 000:663.447 JLINK_CORESIGHT_WriteAPDPReg(AP reg 0x03, 0x0003B312)
T1E38 000:663.649 - 0.201ms returns 0
T1E38 000:663.666 JLINK_CORESIGHT_WriteAPDPReg(AP reg 0x00, 0x80000002)
T1E38 000:663.921 - 0.254ms returns 0
T1E38 000:663.938 JLINK_CORESIGHT_WriteAPDPReg(AP reg 0x01, 0x80011140)
T1E38 000:664.139 - 0.201ms returns 0
T1E38 000:664.156 JLINK_CORESIGHT_ReadAPDPReg(AP reg 0x03)
T1E38 000:664.549   Value=0x00000000
T1E38 000:664.572 - 0.416ms returns 0
T1E38 000:664.588 JLINK_CORESIGHT_WriteAPDPReg(AP reg 0x00, 0x80000002)
T1E38 000:664.809 - 0.221ms returns 0
T1E38 000:664.826 JLINK_CORESIGHT_WriteAPDPReg(AP reg 0x01, 0x80011130)
T1E38 000:665.027 - 0.200ms returns 0
T1E38 000:665.044 JLINK_CORESIGHT_ReadAPDPReg(AP reg 0x03)
T1E38 000:665.309   Value=0xB90A0081
T1E38 000:665.331 - 0.286ms returns 0
T1E38 000:665.346 JLINK_CORESIGHT_WriteAPDPReg(AP reg 0x00, 0x80000002)
T1E38 000:665.548 - 0.202ms returns 0
T1E38 000:665.565 JLINK_CORESIGHT_WriteAPDPReg(AP reg 0x01, 0x80011140)
T1E38 000:665.768 - 0.202ms returns 0
T1E38 000:665.785 JLINK_CORESIGHT_ReadAPDPReg(AP reg 0x03)
T1E38 000:666.092   Value=0x00000000
T1E38 000:666.136 - 0.350ms returns 0
T1E38 000:666.151 JLINK_CORESIGHT_WriteAPDPReg(AP reg 0x00, 0x80000002)
T1E38 000:666.374 - 0.222ms returns 0
T1E38 000:666.416 JLINK_CORESIGHT_WriteAPDPReg(AP reg 0x01, 0x80011130)
T1E38 000:666.642 - 0.226ms returns 0
T1E38 000:666.699 JLINK_CORESIGHT_ReadAPDPReg(AP reg 0x03)
T1E38 000:667.017   Value=0xFFFFFFC0
T1E38 000:667.051 - 0.352ms returns 0
T1E38 000:667.068 JLINK_CORESIGHT_WriteAPDPReg(AP reg 0x00, 0x80000002)
T1E38 000:667.340 - 0.272ms returns 0
T1E38 000:667.360 JLINK_CORESIGHT_WriteAPDPReg(AP reg 0x01, 0x80011140)
T1E38 000:667.566 - 0.205ms returns 0
T1E38 000:667.589 JLINK_CORESIGHT_ReadAPDPReg(AP reg 0x03)
T1E38 000:667.948   Value=0x00000000
T1E38 000:667.971 - 0.382ms returns 0
T1E38 000:667.987 JLINK_CORESIGHT_WriteAPDPReg(AP reg 0x00, 0x80000002)
T1E38 000:668.375 - 0.388ms returns 0
T1E38 000:668.392 JLINK_CORESIGHT_WriteAPDPReg(AP reg 0x01, 0x80011130)
T1E38 000:668.644 - 0.252ms returns 0
T1E38 000:668.683 JLINK_CORESIGHT_ReadAPDPReg(AP reg 0x03)
T1E38 000:668.972   Value=0xFFFFFFFF
T1E38 000:669.002 - 0.319ms returns 0
T1E38 000:669.018 JLINK_CORESIGHT_WriteAPDPReg(AP reg 0x00, 0x80000002)
T1E38 000:669.275 - 0.257ms returns 0
T1E38 000:669.295 JLINK_CORESIGHT_WriteAPDPReg(AP reg 0x01, 0x80011140)
T1E38 000:669.501 - 0.205ms returns 0
T1E38 000:669.524 JLINK_CORESIGHT_ReadAPDPReg(AP reg 0x03)
T1E38 000:669.792   Value=0x00000000
T1E38 000:669.817 - 0.293ms returns 0
T1E38 000:669.833 JLINK_CORESIGHT_WriteAPDPReg(AP reg 0x00, 0x80000002)
T1E38 000:670.036 - 0.203ms returns 0
T1E38 000:670.053 JLINK_CORESIGHT_WriteAPDPReg(AP reg 0x01, 0x80011130)
T1E38 000:670.272 - 0.218ms returns 0
T1E38 000:670.289 JLINK_CORESIGHT_ReadAPDPReg(AP reg 0x03)
T1E38 000:670.552   Value=0x000385FF
T1E38 000:670.575 - 0.285ms returns 0
T1E38 000:670.647 JLINK_CORESIGHT_WriteAPDPReg(AP reg 0x00, 0x80000002)
T1E38 000:670.921 - 0.274ms returns 0
T1E38 000:670.939 JLINK_CORESIGHT_WriteAPDPReg(AP reg 0x01, 0x80011140)
T1E38 000:671.416 - 0.477ms returns 0
T1E38 000:671.435 JLINK_CORESIGHT_ReadAPDPReg(AP reg 0x03)
T1E38 000:671.716   Value=0x00000002
T1E38 000:671.739 - 0.303ms returns 0
T1E38 000:671.754 JLINK_CORESIGHT_WriteAPDPReg(AP reg 0x00, 0x80000002)
T1E38 000:672.029 - 0.275ms returns 0
T1E38 000:672.047 JLINK_CORESIGHT_WriteAPDPReg(AP reg 0x01, 0x80011120)
T1E38 000:672.255 - 0.208ms returns 0
T1E38 000:672.273 JLINK_CORESIGHT_WriteAPDPReg(AP reg 0x03, 0x2C010001)
T1E38 000:672.473 - 0.200ms returns 0
T1E38 000:672.490 JLINK_CORESIGHT_WriteAPDPReg(AP reg 0x00, 0x80000002)
T1E38 000:672.692 - 0.202ms returns 0
T1E38 000:672.710 JLINK_CORESIGHT_WriteAPDPReg(AP reg 0x01, 0x80011140)
T1E38 000:672.915 - 0.205ms returns 0
T1E38 000:672.933 JLINK_CORESIGHT_ReadAPDPReg(AP reg 0x03)
T1E38 000:673.197   Value=0x00000002
T1E38 000:673.237 - 0.304ms returns 0
T1E38 000:673.253 JLINK_CORESIGHT_WriteAPDPReg(AP reg 0x00, 0x80000002)
T1E38 000:673.464 - 0.211ms returns 0
T1E38 000:673.482 JLINK_CORESIGHT_WriteAPDPReg(AP reg 0x01, 0x80011120)
T1E38 000:673.647 - 0.163ms returns 0
T1E38 000:673.690 JLINK_CORESIGHT_WriteAPDPReg(AP reg 0x03, 0x000003D3)
T1E38 000:673.977 - 0.287ms returns 0
T1E38 000:673.998 JLINK_CORESIGHT_WriteAPDPReg(AP reg 0x00, 0x80000002)
T1E38 000:674.206 - 0.208ms returns 0
T1E38 000:674.223 JLINK_CORESIGHT_WriteAPDPReg(AP reg 0x01, 0x80011140)
T1E38 000:674.429 - 0.206ms returns 0
T1E38 000:674.446 JLINK_CORESIGHT_ReadAPDPReg(AP reg 0x03)
T1E38 000:674.710   Value=0x00000002
T1E38 000:674.733 - 0.286ms returns 0
T1E38 000:674.748 JLINK_CORESIGHT_ReadAPDPReg(AP reg 0x03)
T1E38 000:674.988   Value=0x00000002
T1E38 000:675.010 - 0.262ms returns 0
T1E38 000:675.026 JLINK_CORESIGHT_ReadAPDPReg(AP reg 0x03)
T1E38 000:675.289   Value=0x00000002
T1E38 000:675.312 - 0.285ms returns 0
T1E38 000:675.327 JLINK_CORESIGHT_ReadAPDPReg(AP reg 0x03)
T1E38 000:675.565   Value=0x00000002
T1E38 000:675.588 - 0.261ms returns 0
T1E38 000:675.604 JLINK_CORESIGHT_ReadAPDPReg(AP reg 0x03)
T1E38 000:675.920   Value=0x00000002
T1E38 000:675.967 - 0.362ms returns 0
T1E38 000:675.982 JLINK_CORESIGHT_ReadAPDPReg(AP reg 0x03)
T1E38 000:676.228   Value=0x00000002
T1E38 000:676.251 - 0.268ms returns 0
T1E38 000:676.266 JLINK_CORESIGHT_ReadAPDPReg(AP reg 0x03)
T1E38 000:676.530   Value=0x00000002
T1E38 000:676.552 - 0.286ms returns 0
T1E38 000:676.567 JLINK_CORESIGHT_ReadAPDPReg(AP reg 0x03)
T1E38 000:676.805   Value=0x00000002
T1E38 000:676.828 - 0.260ms returns 0
T1E38 000:676.843 JLINK_CORESIGHT_ReadAPDPReg(AP reg 0x03)
T1E38 000:677.081   Value=0x00000002
T1E38 000:677.104 - 0.260ms returns 0
T1E38 000:677.119 JLINK_CORESIGHT_ReadAPDPReg(AP reg 0x03)
T1E38 000:677.353   Value=0x00000002
T1E38 000:677.376 - 0.256ms returns 0
T1E38 000:677.391 JLINK_CORESIGHT_ReadAPDPReg(AP reg 0x03)
T1E38 000:677.654   Value=0x00000002
T1E38 000:677.676 - 0.284ms returns 0
T1E38 000:677.691 JLINK_CORESIGHT_ReadAPDPReg(AP reg 0x03)
T1E38 000:677.952   Value=0x00000000
T1E38 000:677.975 - 0.283ms returns 0
T1E38 000:677.990 JLINK_CORESIGHT_WriteAPDPReg(AP reg 0x00, 0x80000002)
T1E38 000:678.468 - 0.477ms returns 0
T1E38 000:678.485 JLINK_CORESIGHT_WriteAPDPReg(AP reg 0x01, 0x80011130)
T1E38 000:678.696 - 0.211ms returns 0
T1E38 000:678.714 JLINK_CORESIGHT_ReadAPDPReg(AP reg 0x03)
T1E38 000:678.988   Value=0x2C020081
T1E38 000:679.010 - 0.296ms returns 0
T1E38 000:679.025 JLINK_CORESIGHT_WriteAPDPReg(AP reg 0x00, 0x80000002)
T1E38 000:679.227 - 0.201ms returns 0
T1E38 000:679.244 JLINK_CORESIGHT_WriteAPDPReg(AP reg 0x01, 0x80011140)
T1E38 000:679.447 - 0.202ms returns 0
T1E38 000:679.464 JLINK_CORESIGHT_ReadAPDPReg(AP reg 0x03)
T1E38 000:679.727   Value=0x00000000
T1E38 000:679.750 - 0.285ms returns 0
T1E38 000:679.765 JLINK_CORESIGHT_WriteAPDPReg(AP reg 0x00, 0x80000002)
T1E38 000:680.028 - 0.263ms returns 0
T1E38 000:680.045 JLINK_CORESIGHT_WriteAPDPReg(AP reg 0x01, 0x80011130)
T1E38 000:680.235 - 0.189ms returns 0
T1E38 000:680.252 JLINK_CORESIGHT_ReadAPDPReg(AP reg 0x03)
T1E38 000:680.498   Value=0x0003CE04
T1E38 000:680.520 - 0.268ms returns 0
T1E38 000:680.539 JLINK_CORESIGHT_WriteAPDPReg(AP reg 0x00, 0x80000002)
T1E38 000:680.742 - 0.202ms returns 0
T1E38 000:680.759 JLINK_CORESIGHT_WriteAPDPReg(AP reg 0x01, 0x80011140)
T1E38 000:681.028 - 0.269ms returns 0
T1E38 000:681.045 JLINK_CORESIGHT_ReadAPDPReg(AP reg 0x03)
T1E38 000:681.309   Value=0x00000002
T1E38 000:681.332 - 0.286ms returns 0
T1E38 000:681.347 JLINK_CORESIGHT_WriteAPDPReg(AP reg 0x00, 0x80000002)
T1E38 000:681.554 - 0.206ms returns 0
T1E38 000:681.571 JLINK_CORESIGHT_WriteAPDPReg(AP reg 0x01, 0x80011120)
T1E38 000:681.772 - 0.200ms returns 0
T1E38 000:681.789 JLINK_CORESIGHT_WriteAPDPReg(AP reg 0x03, 0x73010001)
T1E38 000:682.031 - 0.242ms returns 0
T1E38 000:682.048 JLINK_CORESIGHT_WriteAPDPReg(AP reg 0x00, 0x80000002)
T1E38 000:682.274 - 0.225ms returns 0
T1E38 000:682.327 JLINK_CORESIGHT_WriteAPDPReg(AP reg 0x01, 0x80011140)
T1E38 000:682.549 - 0.222ms returns 0
T1E38 000:682.579 JLINK_CORESIGHT_ReadAPDPReg(AP reg 0x03)
T1E38 000:682.953   Value=0x00000002
T1E38 000:682.978 - 0.399ms returns 0
T1E38 000:682.997 JLINK_CORESIGHT_WriteAPDPReg(AP reg 0x00, 0x80000002)
T1E38 000:683.207 - 0.210ms returns 0
T1E38 000:683.228 JLINK_CORESIGHT_WriteAPDPReg(AP reg 0x01, 0x80011120)
T1E38 000:683.439 - 0.210ms returns 0
T1E38 000:683.462 JLINK_CORESIGHT_WriteAPDPReg(AP reg 0x03, 0x0000038C)
T1E38 000:683.669 - 0.206ms returns 0
T1E38 000:683.691 JLINK_CORESIGHT_WriteAPDPReg(AP reg 0x00, 0x80000002)
T1E38 000:683.923 - 0.232ms returns 0
T1E38 000:683.951 JLINK_CORESIGHT_WriteAPDPReg(AP reg 0x01, 0x80011140)
T1E38 000:684.248 - 0.297ms returns 0
T1E38 000:684.296 JLINK_CORESIGHT_ReadAPDPReg(AP reg 0x03)
T1E38 000:684.588   Value=0x00000002
T1E38 000:684.614 - 0.318ms returns 0
T1E38 000:684.633 JLINK_CORESIGHT_ReadAPDPReg(AP reg 0x03)
T1E38 000:685.121   Value=0x00000002
T1E38 000:685.146 - 0.513ms returns 0
T1E38 000:685.164 JLINK_CORESIGHT_ReadAPDPReg(AP reg 0x03)
T1E38 000:685.458   Value=0x00000002
T1E38 000:685.482 - 0.317ms returns 0
T1E38 000:685.499 JLINK_CORESIGHT_ReadAPDPReg(AP reg 0x03)
T1E38 000:685.788   Value=0x00000000
T1E38 000:685.811 - 0.312ms returns 0
T1E38 000:685.828 JLINK_CORESIGHT_WriteAPDPReg(AP reg 0x00, 0x80000002)
T1E38 000:686.041 - 0.212ms returns 0
T1E38 000:686.060 JLINK_CORESIGHT_WriteAPDPReg(AP reg 0x01, 0x80011130)
T1E38 000:686.271 - 0.211ms returns 0
T1E38 000:686.290 JLINK_CORESIGHT_ReadAPDPReg(AP reg 0x03)
T1E38 000:686.559   Value=0x73020081
T1E38 000:686.583 - 0.293ms returns 0
T1E38 000:686.600 JLINK_CORESIGHT_WriteAPDPReg(AP reg 0x00, 0x80000002)
T1E38 000:686.813 - 0.212ms returns 0
T1E38 000:686.832 JLINK_CORESIGHT_WriteAPDPReg(AP reg 0x01, 0x80011140)
T1E38 000:687.043 - 0.210ms returns 0
T1E38 000:687.062 JLINK_CORESIGHT_ReadAPDPReg(AP reg 0x03)
T1E38 000:687.447   Value=0x00000000
T1E38 000:687.470 - 0.408ms returns 0
T1E38 000:687.489 JLINK_CORESIGHT_WriteAPDPReg(AP reg 0x00, 0x80000002)
T1E38 000:687.704 - 0.215ms returns 0
T1E38 000:687.723 JLINK_CORESIGHT_WriteAPDPReg(AP reg 0x01, 0x80011130)
T1E38 000:687.927 - 0.204ms returns 0
T1E38 000:687.947 JLINK_CORESIGHT_ReadAPDPReg(AP reg 0x03)
T1E38 000:688.284   Value=0x00038902
T1E38 000:688.310 - 0.362ms returns 0
T1E38 000:688.329 JLINK_CORESIGHT_WriteAPDPReg(AP reg 0x00, 0x80000002)
T1E38 000:688.542 - 0.213ms returns 0
T1E38 000:688.562 JLINK_CORESIGHT_WriteAPDPReg(AP reg 0x01, 0x80011140)
T1E38 000:688.783 - 0.220ms returns 0
T1E38 000:688.802 JLINK_CORESIGHT_ReadAPDPReg(AP reg 0x03)
T1E38 000:689.092   Value=0x00000002
T1E38 000:689.115 - 0.312ms returns 0
T1E38 000:689.132 JLINK_CORESIGHT_WriteAPDPReg(AP reg 0x00, 0x80000002)
T1E38 000:689.339 - 0.207ms returns 0
T1E38 000:689.358 JLINK_CORESIGHT_WriteAPDPReg(AP reg 0x01, 0x80011120)
T1E38 000:689.565 - 0.206ms returns 0
T1E38 000:689.584 JLINK_CORESIGHT_WriteAPDPReg(AP reg 0x03, 0x75010001)
T1E38 000:689.797 - 0.213ms returns 0
T1E38 000:689.816 JLINK_CORESIGHT_WriteAPDPReg(AP reg 0x00, 0x80000002)
T1E38 000:690.024 - 0.207ms returns 0
T1E38 000:690.042 JLINK_CORESIGHT_WriteAPDPReg(AP reg 0x01, 0x80011140)
T1E38 000:690.250 - 0.207ms returns 0
T1E38 000:690.269 JLINK_CORESIGHT_ReadAPDPReg(AP reg 0x03)
T1E38 000:690.538   Value=0x00000002
T1E38 000:690.560 - 0.291ms returns 0
T1E38 000:690.577 JLINK_CORESIGHT_WriteAPDPReg(AP reg 0x00, 0x80000002)
T1E38 000:690.789 - 0.211ms returns 0
T1E38 000:690.808 JLINK_CORESIGHT_WriteAPDPReg(AP reg 0x01, 0x80011120)
T1E38 000:691.030 - 0.222ms returns 0
T1E38 000:691.051 JLINK_CORESIGHT_WriteAPDPReg(AP reg 0x03, 0x0000038A)
T1E38 000:691.260 - 0.209ms returns 0
T1E38 000:691.279 JLINK_CORESIGHT_WriteAPDPReg(AP reg 0x00, 0x80000002)
T1E38 000:691.489 - 0.210ms returns 0
T1E38 000:691.508 JLINK_CORESIGHT_WriteAPDPReg(AP reg 0x01, 0x80011140)
T1E38 000:691.720 - 0.212ms returns 0
T1E38 000:691.739 JLINK_CORESIGHT_ReadAPDPReg(AP reg 0x03)
T1E38 000:692.244   Value=0x00000002
T1E38 000:692.267 - 0.528ms returns 0
T1E38 000:692.285 JLINK_CORESIGHT_ReadAPDPReg(AP reg 0x03)
T1E38 000:692.540   Value=0x00000002
T1E38 000:692.562 - 0.277ms returns 0
T1E38 000:692.580 JLINK_CORESIGHT_ReadAPDPReg(AP reg 0x03)
T1E38 000:692.821   Value=0x00000002
T1E38 000:692.844 - 0.264ms returns 0
T1E38 000:692.862 JLINK_CORESIGHT_ReadAPDPReg(AP reg 0x03)
T1E38 000:693.098   Value=0x00000002
T1E38 000:693.122 - 0.260ms returns 0
T1E38 000:693.139 JLINK_CORESIGHT_ReadAPDPReg(AP reg 0x03)
T1E38 000:693.416   Value=0x00000000
T1E38 000:693.439 - 0.300ms returns 0
T1E38 000:693.456 JLINK_CORESIGHT_WriteAPDPReg(AP reg 0x00, 0x80000002)
T1E38 000:693.670 - 0.214ms returns 0
T1E38 000:693.689 JLINK_CORESIGHT_WriteAPDPReg(AP reg 0x01, 0x80011130)
T1E38 000:693.921 - 0.232ms returns 0
T1E38 000:693.942 JLINK_CORESIGHT_ReadAPDPReg(AP reg 0x03)
T1E38 000:694.188   Value=0x75020081
T1E38 000:694.212 - 0.269ms returns 0
T1E38 000:694.231 JLINK_CORESIGHT_WriteAPDPReg(AP reg 0x00, 0x80000002)
T1E38 000:694.433 - 0.202ms returns 0
T1E38 000:694.452 JLINK_CORESIGHT_WriteAPDPReg(AP reg 0x01, 0x80011140)
T1E38 000:694.660 - 0.207ms returns 0
T1E38 000:694.679 JLINK_CORESIGHT_ReadAPDPReg(AP reg 0x03)
T1E38 000:694.956   Value=0x00000000
T1E38 000:694.981 - 0.302ms returns 0
T1E38 000:695.000 JLINK_CORESIGHT_WriteAPDPReg(AP reg 0x00, 0x80000002)
T1E38 000:695.204 - 0.204ms returns 0
T1E38 000:695.224 JLINK_CORESIGHT_WriteAPDPReg(AP reg 0x01, 0x80011130)
T1E38 000:695.430 - 0.206ms returns 0
T1E38 000:695.449 JLINK_CORESIGHT_ReadAPDPReg(AP reg 0x03)
T1E38 000:695.717   Value=0x00038702
T1E38 000:695.740 - 0.290ms returns 0
T1E38 000:695.766 JLINK_CORESIGHT_WriteAPDPReg(AP reg 0x00, 0x80000002)
T1E38 000:696.023 - 0.257ms returns 0
T1E38 000:696.043 JLINK_CORESIGHT_WriteAPDPReg(AP reg 0x01, 0x80011140)
T1E38 000:696.243 - 0.200ms returns 0
T1E38 000:696.262 JLINK_CORESIGHT_ReadAPDPReg(AP reg 0x03)
T1E38 000:696.531   Value=0x00000002
T1E38 000:696.553 - 0.291ms returns 0
T1E38 000:696.572 JLINK_CORESIGHT_WriteAPDPReg(AP reg 0x00, 0x80000002)
T1E38 000:696.774 - 0.202ms returns 0
T1E38 000:696.794 JLINK_CORESIGHT_WriteAPDPReg(AP reg 0x01, 0x80011120)
T1E38 000:697.032 - 0.237ms returns 0
T1E38 000:697.051 JLINK_CORESIGHT_WriteAPDPReg(AP reg 0x03, 0x4F010001)
T1E38 000:697.285 - 0.234ms returns 0
T1E38 000:697.305 JLINK_CORESIGHT_WriteAPDPReg(AP reg 0x00, 0x80000002)
T1E38 000:697.512 - 0.206ms returns 0
T1E38 000:697.531 JLINK_CORESIGHT_WriteAPDPReg(AP reg 0x01, 0x80011140)
T1E38 000:697.737 - 0.206ms returns 0
T1E38 000:697.756 JLINK_CORESIGHT_ReadAPDPReg(AP reg 0x03)
T1E38 000:698.022   Value=0x00000002
T1E38 000:698.056 - 0.299ms returns 0
T1E38 000:698.082 JLINK_CORESIGHT_WriteAPDPReg(AP reg 0x00, 0x80000002)
T1E38 000:698.300 - 0.217ms returns 0
T1E38 000:698.325 JLINK_CORESIGHT_WriteAPDPReg(AP reg 0x01, 0x80011120)
T1E38 000:698.535 - 0.210ms returns 0
T1E38 000:698.557 JLINK_CORESIGHT_WriteAPDPReg(AP reg 0x03, 0x000003B0)
T1E38 000:698.833 - 0.276ms returns 0
T1E38 000:698.855 JLINK_CORESIGHT_WriteAPDPReg(AP reg 0x00, 0x80000002)
T1E38 000:699.142 - 0.286ms returns 0
T1E38 000:699.163 JLINK_CORESIGHT_WriteAPDPReg(AP reg 0x01, 0x80011140)
T1E38 000:699.366 - 0.203ms returns 0
T1E38 000:699.387 JLINK_CORESIGHT_ReadAPDPReg(AP reg 0x03)
T1E38 000:699.674   Value=0x00000002
T1E38 000:699.698 - 0.311ms returns 0
T1E38 000:699.717 JLINK_CORESIGHT_ReadAPDPReg(AP reg 0x03)
T1E38 000:699.983   Value=0x00000002
T1E38 000:700.007 - 0.289ms returns 0
T1E38 000:700.025 JLINK_CORESIGHT_ReadAPDPReg(AP reg 0x03)
T1E38 000:700.289   Value=0x00000002
T1E38 000:700.317 - 0.292ms returns 0
T1E38 000:700.334 JLINK_CORESIGHT_ReadAPDPReg(AP reg 0x03)
T1E38 000:700.570   Value=0x00000002
T1E38 000:700.593 - 0.259ms returns 0
T1E38 000:700.612 JLINK_CORESIGHT_ReadAPDPReg(AP reg 0x03)
T1E38 000:701.038   Value=0x00000002
T1E38 000:701.062 - 0.450ms returns 0
T1E38 000:701.081 JLINK_CORESIGHT_ReadAPDPReg(AP reg 0x03)
T1E38 000:701.345   Value=0x00000000
T1E38 000:701.368 - 0.287ms returns 0
T1E38 000:701.387 JLINK_CORESIGHT_WriteAPDPReg(AP reg 0x00, 0x80000002)
T1E38 000:701.588 - 0.201ms returns 0
T1E38 000:701.607 JLINK_CORESIGHT_WriteAPDPReg(AP reg 0x01, 0x80011130)
T1E38 000:701.815 - 0.207ms returns 0
T1E38 000:701.834 JLINK_CORESIGHT_ReadAPDPReg(AP reg 0x03)
T1E38 000:702.102   Value=0x4F0B0081
T1E38 000:702.125 - 0.290ms returns 0
T1E38 000:702.144 JLINK_CORESIGHT_WriteAPDPReg(AP reg 0x00, 0x80000002)
T1E38 000:702.353 - 0.209ms returns 0
T1E38 000:702.372 JLINK_CORESIGHT_WriteAPDPReg(AP reg 0x01, 0x80011140)
T1E38 000:702.576 - 0.204ms returns 0
T1E38 000:702.595 JLINK_CORESIGHT_ReadAPDPReg(AP reg 0x03)
T1E38 000:702.948   Value=0x00000000
T1E38 000:702.970 - 0.374ms returns 0
T1E38 000:702.989 JLINK_CORESIGHT_WriteAPDPReg(AP reg 0x00, 0x80000002)
T1E38 000:703.199 - 0.210ms returns 0
T1E38 000:703.218 JLINK_CORESIGHT_WriteAPDPReg(AP reg 0x01, 0x80011130)
T1E38 000:703.425 - 0.207ms returns 0
T1E38 000:703.444 JLINK_CORESIGHT_ReadAPDPReg(AP reg 0x03)
T1E38 000:703.713   Value=0xE0020000
T1E38 000:703.736 - 0.291ms returns 0
T1E38 000:703.755 JLINK_CORESIGHT_WriteAPDPReg(AP reg 0x00, 0x80000002)
T1E38 000:704.028 - 0.273ms returns 0
T1E38 000:704.047 JLINK_CORESIGHT_WriteAPDPReg(AP reg 0x01, 0x80011140)
T1E38 000:704.252 - 0.205ms returns 0
T1E38 000:704.272 JLINK_CORESIGHT_ReadAPDPReg(AP reg 0x03)
T1E38 000:704.541   Value=0x00000000
T1E38 000:704.564 - 0.291ms returns 0
T1E38 000:704.582 JLINK_CORESIGHT_WriteAPDPReg(AP reg 0x00, 0x80000002)
T1E38 000:704.782 - 0.199ms returns 0
T1E38 000:704.801 JLINK_CORESIGHT_WriteAPDPReg(AP reg 0x01, 0x80011130)
T1E38 000:705.030 - 0.228ms returns 0
T1E38 000:705.049 JLINK_CORESIGHT_ReadAPDPReg(AP reg 0x03)
T1E38 000:705.318   Value=0x00000000
T1E38 000:705.340 - 0.291ms returns 0
T1E38 000:705.359 JLINK_CORESIGHT_WriteAPDPReg(AP reg 0x00, 0x80000002)
T1E38 000:705.692 - 0.332ms returns 0
T1E38 000:705.734 JLINK_CORESIGHT_WriteAPDPReg(AP reg 0x01, 0x80011140)
T1E38 000:705.982 - 0.247ms returns 0
T1E38 000:706.015 JLINK_CORESIGHT_ReadAPDPReg(AP reg 0x03)
T1E38 000:706.282   Value=0x00000000
T1E38 000:706.304 - 0.289ms returns 0
T1E38 000:706.323 JLINK_CORESIGHT_WriteAPDPReg(AP reg 0x00, 0x80000002)
T1E38 000:706.526 - 0.203ms returns 0
T1E38 000:706.588 JLINK_CORESIGHT_WriteAPDPReg(AP reg 0x01, 0x80011130)
T1E38 000:706.792 - 0.204ms returns 0
T1E38 000:706.812 JLINK_CORESIGHT_ReadAPDPReg(AP reg 0x03)
T1E38 000:707.101   Value=0x03C40000
T1E38 000:707.155 - 0.343ms returns 0
T1E38 000:707.783 JLINK_CORESIGHT_ReadAPDPReg(DP reg 0x01)
T1E38 000:708.031   Value=0xF0000F40
T1E38 000:708.056 - 0.272ms returns 0
T1E38 000:708.071 JLINK_CORESIGHT_WriteAPDPReg(DP reg 0x01, 0xA0000F40)
T1E38 000:708.273 - 0.202ms returns 0
T1E38 000:708.291 JLINK_CORESIGHT_ReadAPDPReg(DP reg 0x01)
T1E38 000:708.492   Value=0x00000F40
T1E38 000:708.514 - 0.223ms returns 0
T1E38 000:708.530 JLINK_ClrRESET()
T1E38 000:708.737 - 0.207ms 
T1E38 000:808.960 JLINK_Close()
T1E38 000:821.666 - 12.706ms
T1E38 000:821.718   
T1E38 000:821.732   Closed
