T82B4 000:001.073   SEGGER J-Link V7.84d Log File
T82B4 000:001.213   DLL Compiled: Jan 25 2023 15:51:00
T82B4 000:001.227   Logging started @ 2023-04-25 03:13
T82B4 000:001.240 - 1.247ms
T82B4 000:001.261 JLINK_GetDLLVersion()
T82B4 000:001.276 - 0.021ms returns 78404
T82B4 000:002.634 JLINK_OpenEx(...)
T82B4 000:018.206   Firmware: J-Link OB-S124 compiled Dec  7 2022 12:53:45
T82B4 000:018.709   Firmware: J-Link OB-S124 compiled Dec  7 2022 12:53:45
T82B4 000:041.790   Hardware: V1.00
T82B4 000:041.839   S/N: 831406179
T82B4 000:041.859   OEM: SEGGER
T82B4 000:041.880   Feature(s): None
T82B4 000:043.591   TELNET listener socket opened on port 19021
T82B4 000:043.798   WEBSRV WEBSRV_Init(): Starting webserver thread(s)
T82B4 000:044.053   WEBSRV Webserver running on local port 19080
T82B4 000:055.883 - 53.283ms returns "O.K."
T82B4 000:056.150 JLINK_ExecCommand("ProjectFile=C:\a_s_cache\fsp4.3.0\using_s_cache_ra6m5/using_s_cache_ra6m5.elf.jlink", ...). 
T82B4 000:069.209 - 13.080ms returns 0x00
T82B4 000:069.712 JLINK_ExecCommand("device=R7FA6M5BH", ...). 
T82B4 000:072.762   Flash bank @ 0x60000000: SFL: Parsing sectorization info from ELF file
T82B4 000:072.796     FlashDevice.SectorInfo[0]: .SectorSize = 0x00010000, .SectorStartAddr = 0x00000000
T82B4 000:072.817   OFL: Init() N/A
T82B4 000:072.836   OFL: UnInit() N/A
T82B4 000:072.854   OFL: EraseSector() N/A
T82B4 000:072.873   OFL: ProgramPage() N/A
T82B4 000:072.892   OFL: EraseChip() N/A
T82B4 000:072.910   OFL: BlankCheck() N/A
T82B4 000:072.928   OFL: Verify() N/A
T82B4 000:072.947   OFL: SEGGER_FL_Erase() present @ offset 0x000004DD
T82B4 000:072.966   OFL: SEGGER_FL_Program() present @ offset 0x000004C1
T82B4 000:072.984   OFL: SEGGER_FL_Read() N/A
T82B4 000:073.002   OFL: SEGGER_OPEN_Read() N/A
T82B4 000:073.020   OFL: SEGGER_FL_CalcCRC() present @ offset 0x00000505
T82B4 000:073.038   OFL: SEGGER_FL_Start() present @ offset 0x0000051D
T82B4 000:073.056   OFL: SEGGER_FL_GetFlashInfo() present @ offset 0x000001B9
T82B4 000:073.074   OFL: SEGGER_FL_Verify() N/A
T82B4 000:073.092   OFL: SEGGER_FL_CheckBlank() present @ offset 0x000004F1
T82B4 000:073.110   OFL: SEGGER_FL_Prepare() present @ offset 0x000001DD
T82B4 000:073.128   OFL: SEGGER_FL_Restore() present @ offset 0x0000038D
T82B4 000:073.146   OFL: SEGGER_FL_EraseChip() N/A
T82B4 000:078.331   Device "R7FA6M5BH" selected.
T82B4 000:080.191 - 10.471ms returns 0x00
T82B4 000:080.233 JLINK_ReadMem(0xE000EDF0, 0x4 Bytes, ...)
T82B4 000:080.743   ConfigTargetSettings() start
T82B4 000:080.768    J-Link Script File: Executing ConfigTargetSettings()
T82B4 000:080.787   Configuring FlashDLNoRMWThreshold=0x200 in order to make sure that option bytes programming is done via read-modify-write
T82B4 000:093.044   ConfigTargetSettings() end
T82B4 000:094.008   InitTarget() start
T82B4 000:094.045    J-Link Script File: Executing InitTarget()
T82B4 000:094.060   SWD selected. Executing JTAG -> SWD switching sequence.
T82B4 000:100.268   DAP initialized successfully.
T82B4 000:100.289   Determining TrustZone configuration...
T82B4 000:103.562     Secure Debug: Enabled (SSD)
T82B4 000:103.601   Determining currently configured transfer type by reading the AHB-AP CSW register.
T82B4 000:106.066     --> Correct transfer type configured. Done.
T82B4 000:106.104   InitTarget() end
T82B4 000:108.324   Found SW-DP with ID 0x6BA02477
T82B4 000:115.902   DPIDR: 0x6BA02477
T82B4 000:115.935   CoreSight SoC-400 or earlier
T82B4 000:115.953   Scanning AP map to find all available APs
T82B4 000:119.829   AP[2]: Stopped AP scan as end of AP map has been reached
T82B4 000:119.859   AP[0]: AHB-AP (IDR: 0x84770001)
T82B4 000:119.877   AP[1]: APB-AP (IDR: 0x54770002)
T82B4 000:119.895   Iterating through AP map to find AHB-AP to use
T82B4 000:123.595   AP[0]: Core found
T82B4 000:123.615   AP[0]: AHB-AP ROM base: 0xE00FE000
T82B4 000:125.472   CPUID register: 0x410FD214. Implementer code: 0x41 (ARM)
T82B4 000:125.503   Feature set: Mainline
T82B4 000:125.520   Found Cortex-M33 r0p4, Little endian.
T82B4 000:126.263   -- Max. mem block: 0x00001B68
T82B4 000:127.747   CPU_ReadMem(4 bytes @ 0xE000EDF0)
T82B4 000:129.742   CPU_WriteMem(4 bytes @ 0xE000EDF0)
T82B4 000:131.741   CPU_ReadMem(4 bytes @ 0xE0002000)
T82B4 000:133.801   FPUnit: 8 code (BP) slots and 0 literal slots
T82B4 000:133.821   CPU_ReadMem(4 bytes @ 0xE000EDFC)
T82B4 000:135.779   CPU_WriteMem(4 bytes @ 0xE000EDFC)
T82B4 000:137.813   CPU_ReadMem(4 bytes @ 0xE0001000)
T82B4 000:139.850   CPU_ReadMem(4 bytes @ 0xE0001000)
T82B4 000:141.901   CPU_ReadMem(4 bytes @ 0xE0001028)
T82B4 000:143.949   CPU_ReadMem(4 bytes @ 0xE0001038)
T82B4 000:146.002   CPU_ReadMem(4 bytes @ 0xE0001048)
T82B4 000:148.127   CPU_ReadMem(4 bytes @ 0xE0001058)
T82B4 000:150.406   CPU_WriteMem(4 bytes @ 0xE0001000)
T82B4 000:152.394   CPU_ReadMem(4 bytes @ 0xE000ED88)
T82B4 000:154.502   CPU_WriteMem(4 bytes @ 0xE000ED88)
T82B4 000:156.556   CPU_ReadMem(4 bytes @ 0xE000ED88)
T82B4 000:158.590   CPU_WriteMem(4 bytes @ 0xE000ED88)
T82B4 000:160.732   CPU_ReadMem(4 bytes @ 0xE000EFB8)
T82B4 000:162.825   Security extension: implemented
T82B4 000:162.948   Secure debug: enabled
T82B4 000:162.997   CoreSight components:
T82B4 000:163.054   ROMTbl[0] @ E00FE000
T82B4 000:163.106   CPU_ReadMem(64 bytes @ 0xE00FE000)
T82B4 000:169.407   CPU_ReadMem(32 bytes @ 0xE0044FE0)
T82B4 000:173.459   CPU_ReadMem(4 bytes @ 0xE0044FBC)
T82B4 000:175.770   CPU_ReadMem(4 bytes @ 0xE0044FCC)
T82B4 000:178.877   [0][0]: E0044000 CID B105900D PID 005BB906 DEVARCH 00000000 DEVTYPE 14 CTI (?)
T82B4 000:178.979   CPU_ReadMem(32 bytes @ 0xE0047FE0)
T82B4 000:182.955   CPU_ReadMem(4 bytes @ 0xE0047FBC)
T82B4 000:185.139   CPU_ReadMem(4 bytes @ 0xE0047FCC)
T82B4 000:187.406   [0][1]: E0047000 CID B105900D PID 003BB908 DEVARCH 00000000 DEVTYPE 12 CSTF
T82B4 000:187.521   CPU_ReadMem(32 bytes @ 0xE0048FE0)
T82B4 000:191.764   CPU_ReadMem(4 bytes @ 0xE0048FBC)
T82B4 000:193.764   CPU_ReadMem(4 bytes @ 0xE0048FCC)
T82B4 000:195.816   [0][2]: E0048000 CID B105900D PID 001BB961 DEVARCH 00000000 DEVTYPE 21 ETB
T82B4 000:195.858   CPU_ReadMem(32 bytes @ 0xE0049FE0)
T82B4 000:199.650   [0][3]: E0049000 CID B105F00D PID 001BB101 TSG
T82B4 000:199.676   CPU_ReadMem(32 bytes @ 0xE0040FE0)
T82B4 000:203.544   CPU_ReadMem(4 bytes @ 0xE0040FBC)
T82B4 000:205.697   CPU_ReadMem(4 bytes @ 0xE0040FCC)
T82B4 000:207.682   [0][4]: E0040000 CID B105900D PID 000BBD21 DEVARCH 00000000 DEVTYPE 11 TPIU
T82B4 000:207.703   CPU_ReadMem(32 bytes @ 0xE00FFFE0)
T82B4 000:211.632   [0][5]: E00FF000 CID B105100D PID 000BB4C9 ROM Table
T82B4 000:211.677   ROMTbl[1] @ E00FF000
T82B4 000:211.699   CPU_ReadMem(64 bytes @ 0xE00FF000)
T82B4 000:217.747   CPU_ReadMem(32 bytes @ 0xE000EFE0)
T82B4 000:221.751   CPU_ReadMem(4 bytes @ 0xE000EFBC)
T82B4 000:223.945   CPU_ReadMem(4 bytes @ 0xE000EFCC)
T82B4 000:226.169   [1][0]: E000E000 CID B105900D PID 000BBD21 DEVARCH 47702A04 DEVTYPE 00 Cortex-M33
T82B4 000:226.221   CPU_ReadMem(32 bytes @ 0xE0001FE0)
T82B4 000:230.232   CPU_ReadMem(4 bytes @ 0xE0001FBC)
T82B4 000:232.399   CPU_ReadMem(4 bytes @ 0xE0001FCC)
T82B4 000:234.654   [1][1]: E0001000 CID B105900D PID 000BBD21 DEVARCH 47701A02 DEVTYPE 00 DWT
T82B4 000:234.750   CPU_ReadMem(32 bytes @ 0xE0002FE0)
T82B4 000:238.892   CPU_ReadMem(4 bytes @ 0xE0002FBC)
T82B4 000:241.191   CPU_ReadMem(4 bytes @ 0xE0002FCC)
T82B4 000:243.535   [1][2]: E0002000 CID B105900D PID 000BBD21 DEVARCH 47701A03 DEVTYPE 00 FPB
T82B4 000:243.628   CPU_ReadMem(32 bytes @ 0xE0000FE0)
T82B4 000:247.687   CPU_ReadMem(4 bytes @ 0xE0000FBC)
T82B4 000:249.831   CPU_ReadMem(4 bytes @ 0xE0000FCC)
T82B4 000:252.032   [1][3]: E0000000 CID B105900D PID 000BBD21 DEVARCH 47701A01 DEVTYPE 43 ITM
T82B4 000:252.081   CPU_ReadMem(32 bytes @ 0xE0041FE0)
T82B4 000:256.035   CPU_ReadMem(4 bytes @ 0xE0041FBC)
T82B4 000:258.197   CPU_ReadMem(4 bytes @ 0xE0041FCC)
T82B4 000:260.342   [1][5]: E0041000 CID B105900D PID 002BBD21 DEVARCH 47724A13 DEVTYPE 13 ETM
T82B4 000:260.370   CPU_ReadMem(32 bytes @ 0xE0042FE0)
T82B4 000:264.588   CPU_ReadMem(4 bytes @ 0xE0042FBC)
T82B4 000:266.640   CPU_ReadMem(4 bytes @ 0xE0042FCC)
T82B4 000:268.725   [1][6]: E0042000 CID B105900D PID 000BBD21 DEVARCH 47701A14 DEVTYPE 14 CSS600-CTI
T82B4 000:268.806   CPU_ReadMem(4 bytes @ 0xE000EDF0)
T82B4 000:270.798   Data:  01 00 18 00
T82B4 000:270.836   Debug reg: DHCSR
T82B4 000:270.855 - 190.627ms returns 0
T82B4 000:270.985 JLINK_ReadMem(0x400E002C, 0x4 Bytes, ...)
T82B4 000:271.022   CPU_ReadMem(4 bytes @ 0x400E002C)
T82B4 000:272.963   Data:  02 00 00 00
T82B4 000:272.997 - 2.017ms returns 0
T82B4 000:273.052 JLINK_ReadMem(0xE000EDF0, 0x4 Bytes, ...)
T82B4 000:273.069   CPU_ReadMem(4 bytes @ 0xE000EDF0)
T82B4 000:275.250   Data:  01 00 18 00
T82B4 000:275.315   Debug reg: DHCSR
T82B4 000:275.333 - 2.290ms returns 0
T82B4 000:275.384 JLINK_ReadMem(0xE000EDF0, 0x4 Bytes, ...)
T82B4 000:275.419   CPU_ReadMem(4 bytes @ 0xE000EDF0)
T82B4 000:277.623   Data:  01 00 18 00
T82B4 000:277.700   Debug reg: DHCSR
T82B4 000:277.738 - 2.366ms returns 0
T82B4 000:277.771 JLINK_ReadMem(0x400E001C, 0x4 Bytes, ...)
T82B4 000:277.804   CPU_ReadMem(4 bytes @ 0x400E001C)
T82B4 000:279.895   Data:  00 00 20 00
T82B4 000:279.957 - 2.198ms returns 0
T82B4 000:279.994 JLINK_ReadMem(0xE000EDF0, 0x4 Bytes, ...)
T82B4 000:280.028   CPU_ReadMem(4 bytes @ 0xE000EDF0)
T82B4 000:282.209   Data:  01 00 18 00
T82B4 000:282.344   Debug reg: DHCSR
T82B4 000:282.382 - 2.403ms returns 0
T82B4 000:282.429 JLINK_ReadMem(0x400E0018, 0x4 Bytes, ...)
T82B4 000:282.471   CPU_ReadMem(4 bytes @ 0x400E0018)
T82B4 000:284.754   Data:  00 00 20 00
T82B4 000:284.845 - 2.429ms returns 0
T82B4 000:284.901 JLINK_ReadMem(0xE000EDF0, 0x4 Bytes, ...)
T82B4 000:284.943   CPU_ReadMem(4 bytes @ 0xE000EDF0)
T82B4 000:287.046   Data:  01 00 18 00
T82B4 000:287.155   Debug reg: DHCSR
T82B4 000:287.195 - 2.301ms returns 0
T82B4 000:287.221 JLINK_ReadMem(0x400E0020, 0x4 Bytes, ...)
T82B4 000:287.245   CPU_ReadMem(4 bytes @ 0x400E0020)
T82B4 000:289.341   Data:  00 20 00 00
T82B4 000:289.378 - 2.163ms returns 0
T82B4 000:289.406 JLINK_ReadMem(0xE000EDF0, 0x4 Bytes, ...)
T82B4 000:289.423   CPU_ReadMem(4 bytes @ 0xE000EDF0)
T82B4 000:291.435   Data:  01 00 18 00
T82B4 000:291.479   Debug reg: DHCSR
T82B4 000:291.496 - 2.096ms returns 0
T82B4 000:291.513 JLINK_ReadMem(0x400E0028, 0x4 Bytes, ...)
T82B4 000:291.531   CPU_ReadMem(4 bytes @ 0x400E0028)
T82B4 000:293.544   Data:  00 80 07 00
T82B4 000:293.606 - 2.099ms returns 0
T82B4 000:293.635 JLINK_ReadMem(0xE000EDF0, 0x4 Bytes, ...)
T82B4 000:293.657   CPU_ReadMem(4 bytes @ 0xE000EDF0)
T82B4 000:295.617   Data:  01 00 18 00
T82B4 000:295.655   Debug reg: DHCSR
T82B4 000:295.675 - 2.045ms returns 0
T82B4 000:295.691 JLINK_ReadMem(0x400E0024, 0x4 Bytes, ...)
T82B4 000:295.710   CPU_ReadMem(4 bytes @ 0x400E0024)
T82B4 000:297.702   Data:  00 80 07 00
T82B4 000:297.740 - 2.058ms returns 0
T82B4 000:297.882 JLINK_ReadMem(0xE000EDF0, 0x4 Bytes, ...)
T82B4 000:297.925   CPU_ReadMem(4 bytes @ 0xE000EDF0)
T82B4 000:299.931   Data:  01 00 18 00
T82B4 000:299.972   Debug reg: DHCSR
T82B4 000:299.990 - 2.114ms returns 0
T82B4 000:300.006 JLINK_ReadMem(0x400E002C, 0x4 Bytes, ...)
T82B4 000:300.024   CPU_ReadMem(4 bytes @ 0x400E002C)
T82B4 000:302.169   Data:  02 00 00 00
T82B4 000:302.202 - 2.200ms returns 0
T82B4 000:302.219 JLINK_ReadMem(0xE000EDF0, 0x4 Bytes, ...)
T82B4 000:302.235   CPU_ReadMem(4 bytes @ 0xE000EDF0)
T82B4 000:304.332   Data:  01 00 18 00
T82B4 000:304.416   Debug reg: DHCSR
T82B4 000:304.432 - 2.220ms returns 0
T82B4 000:304.459 JLINK_ReadMem(0x400E002C, 0x4 Bytes, ...)
T82B4 000:304.491   CPU_ReadMem(4 bytes @ 0x400E002C)
T82B4 000:306.619   Data:  02 00 00 00
T82B4 000:306.654 - 2.199ms returns 0
T82B4 000:314.776 JLINK_Close()
T82B4 000:341.508 - 26.777ms
T82B4 000:341.565   
T82B4 000:341.584   Closed
