T12C74 000:003.742   SEGGER J-Link V8.36 Log File
T12C74 000:004.115   DLL Compiled: May 21 2025 12:17:51
T12C74 000:004.146   Logging started @ 2025-06-17 06:25
T12C74 000:004.174   Process: C:\Users\a5141124\.eclipse\com.renesas.platform_650938790\DebugComp\RA\e2-server-gdb.exe
T12C74 000:004.212 - 4.204ms 
T12C74 000:004.302 JLINK_GetDLLVersion()
T12C74 000:004.337 - 0.034ms returns 83600
T12C74 000:012.854 JLINK_OpenEx(...)
T12C74 000:029.083   Firmware: J-Link OB-S124 compiled Apr  1 2025 10:13:40
T12C74 000:030.239   Firmware: J-Link OB-S124 compiled Apr  1 2025 10:13:40
T12C74 000:055.259   Hardware: V1.00
T12C74 000:055.352   S/N: 831806629
T12C74 000:055.380   OEM: SEGGER
T12C74 000:055.417   Feature(s): None
T12C74 000:056.821   Bootloader: 2017 Feb 06
T12C74 000:057.980   USB speed mode: Full speed (12 MBit/s)
T12C74 000:058.917   TELNET listener socket opened on port 19021
T12C74 000:059.223   WEBSRV WEBSRV_Init(): Starting webserver thread(s)
T12C74 000:059.553   WEBSRV Webserver running on local port 19080
T12C74 000:059.925   Looking for J-Link GUI Server exe at: C:\Users\a5141124\.eclipse\com.renesas.platform_650938790\DebugComp\RA\ARM\Segger_v8.36.0\JLinkGUIServer.exe
T12C74 000:060.258   Looking for J-Link GUI Server exe at: C:\Users\a5141124\SEGGER\JLink_V836\JLinkGUIServer.exe
T12C74 000:060.364   Forking J-Link GUI Server: C:\Users\a5141124\SEGGER\JLink_V836\JLinkGUIServer.exe
T12C74 000:146.635   J-Link GUI Server info: "J-Link GUI server V8.36 "
T12C74 000:152.424 - 139.558ms returns "O.K."
T12C74 000:153.767 JLINK_ExecCommand("ProjectFile=C:\ra-solutions-rvc\application_projects\r11an0594\Digital_Filtering_using_the_IIR_Filter_Accelerator\iir_filter_accelerator/iir_filter_accelerator Debug_Flat.jlink", ...). 
T12C74 000:198.782 - 45.033ms returns 0x00
T12C74 000:199.501 JLINK_ExecCommand("device=R7FA6T2BD", ...). 
T12C74 000:201.548   Flash bank @ 0x0100A100: SFL: Parsing sectorization info from ELF file
T12C74 000:201.687     FlashDevice.SectorInfo[0]: .SectorSize = 0x00000010, .SectorStartAddr = 0x00000000
T12C74 000:201.743   FlashBank @0x0100A100: Sectorization info from SFL ELF file ignored because sectorization override from DLL / XML file is active.
T12C74 000:202.138   Device "R7FA6T2BD" selected.
T12C74 000:206.483 - 6.941ms returns 0x00
T12C74 000:206.531 JLINK_TIF_GetAvailable(...)
T12C74 000:206.814 - 0.282ms 
T12C74 000:206.859 JLINK_TIF_Select(JLINKARM_TIF_SWD)
T12C74 000:207.822 - 0.964ms returns 0x00
T12C74 000:207.859 JLINK_SetSpeed(4000)
T12C74 000:208.024 - 0.169ms 
T12C74 000:208.069 JLINK_ReadMem(0xE000EDF0, 0x4 Bytes, ...)
T12C74 000:208.416   ConfigTargetSettings() start
T12C74 000:208.488    J-Link Script File: Executing ConfigTargetSettings()
T12C74 000:208.524   Configuring FlashDLNoRMWThreshold=0x200 in order to make sure that option bytes programming is done via read-modify-write
T12C74 000:253.286   ConfigTargetSettings() end - Took 44.7ms
T12C74 000:253.340   InitTarget() start
T12C74 000:253.372    J-Link Script File: Executing InitTarget()
T12C74 000:253.412   SWD selected. Executing JTAG -> SWD switching sequence.
T12C74 000:256.766   DAP initialized successfully.
T12C74 000:256.828   Determining TrustZone configuration...
T12C74 000:258.824     Secure Debug: Enabled (SSD)
T12C74 000:258.890   Determining currently configured transfer type by reading the AHB-AP CSW register.
T12C74 000:260.417     --> Correct transfer type configured. Done.
T12C74 000:260.459   InitTarget() end - Took 7.08ms
T12C74 000:261.503   Found SW-DP with ID 0x6BA02477
T12C74 000:265.424   DPIDR: 0x6BA02477
T12C74 000:265.470   CoreSight SoC-400 or earlier
T12C74 000:265.501   Scanning AP map to find all available APs
T12C74 000:267.484   AP[2]: Stopped AP scan as end of AP map has been reached
T12C74 000:267.556   AP[0]: AHB-AP (IDR: 0x84770001, ADDR: 0x00000000)
T12C74 000:267.586   AP[1]: APB-AP (IDR: 0x54770002, ADDR: 0x01000000)
T12C74 000:267.616   Iterating through AP map to find AHB-AP to use
T12C74 000:269.284   AP[0]: Core found
T12C74 000:269.323   AP[0]: AHB-AP ROM base: 0xE00FE000
T12C74 000:270.235   CPUID register: 0x410FD214. Implementer code: 0x41 (ARM)
T12C74 000:270.270   Feature set: Mainline
T12C74 000:271.024   Cache: No cache
T12C74 000:271.101   Found Cortex-M33 r0p4, Little endian.
T12C74 000:271.826   -- Max. mem block: 0x000019C0
T12C74 000:273.450   CPU_ReadMem(4 bytes @ 0xE000EDF0)
T12C74 000:274.640   CPU_ReadMem(4 bytes @ 0xE0002000)
T12C74 000:275.492   FPUnit: 8 code (BP) slots and 0 literal slots
T12C74 000:275.634   CPU_ReadMem(4 bytes @ 0xE000EDFC)
T12C74 000:276.351   CPU_ReadMem(4 bytes @ 0xE0001000)
T12C74 000:277.061   CPU_ReadMem(4 bytes @ 0xE0001000)
T12C74 000:277.727   CPU_ReadMem(4 bytes @ 0xE0001028)
T12C74 000:278.355   CPU_ReadMem(4 bytes @ 0xE0001038)
T12C74 000:278.971   CPU_ReadMem(4 bytes @ 0xE0001048)
T12C74 000:279.563   CPU_ReadMem(4 bytes @ 0xE0001058)
T12C74 000:280.225   CPU_WriteMem(4 bytes @ 0xE0001000)
T12C74 000:280.857   CPU_ReadMem(4 bytes @ 0xE000ED88)
T12C74 000:281.440   CPU_WriteMem(4 bytes @ 0xE000ED88)
T12C74 000:282.104   CPU_ReadMem(4 bytes @ 0xE000ED88)
T12C74 000:282.678   CPU_WriteMem(4 bytes @ 0xE000ED88)
T12C74 000:283.353   CPU_ReadMem(4 bytes @ 0xE000EFB8)
T12C74 000:284.122   Security extension: implemented
T12C74 000:284.185   Secure debug: enabled
T12C74 000:284.215   CoreSight components:
T12C74 000:284.244   ROMTbl[0] @ E00FE000
T12C74 000:284.275   CPU_ReadMem(64 bytes @ 0xE00FE000)
T12C74 000:285.626   CPU_ReadMem(32 bytes @ 0xE0044FE0)
T12C74 000:286.657   CPU_ReadMem(4 bytes @ 0xE0044FBC)
T12C74 000:287.285   CPU_ReadMem(4 bytes @ 0xE0044FCC)
T12C74 000:287.902   [0][0]: E0044000 CID B105900D PID 005BB906 DEVARCH 00000000 DEVTYPE 14 CTI (?)
T12C74 000:287.976   CPU_ReadMem(32 bytes @ 0xE0047FE0)
T12C74 000:288.903   CPU_ReadMem(4 bytes @ 0xE0047FBC)
T12C74 000:289.628   CPU_ReadMem(4 bytes @ 0xE0047FCC)
T12C74 000:290.249   [0][1]: E0047000 CID B105900D PID 003BB908 DEVARCH 00000000 DEVTYPE 12 CSTF
T12C74 000:290.287   CPU_ReadMem(32 bytes @ 0xE0048FE0)
T12C74 000:291.230   CPU_ReadMem(4 bytes @ 0xE0048FBC)
T12C74 000:291.820   CPU_ReadMem(4 bytes @ 0xE0048FCC)
T12C74 000:292.460   [0][2]: E0048000 CID B105900D PID 001BB961 DEVARCH 00000000 DEVTYPE 21 TMC
T12C74 000:292.496   CPU_ReadMem(32 bytes @ 0xE0049FE0)
T12C74 000:293.464   [0][3]: E0049000 CID B105F00D PID 001BB101 TSG
T12C74 000:293.499   CPU_ReadMem(32 bytes @ 0xE0040FE0)
T12C74 000:294.475   CPU_ReadMem(4 bytes @ 0xE0040FBC)
T12C74 000:295.208   CPU_ReadMem(4 bytes @ 0xE0040FCC)
T12C74 000:295.809   [0][4]: E0040000 CID B105900D PID 000BBD21 DEVARCH 00000000 DEVTYPE 11 TPIU
T12C74 000:295.852   CPU_ReadMem(32 bytes @ 0xE00FFFE0)
T12C74 000:296.851   [0][5]: E00FF000 CID B105100D PID 000BB4C9 ROM Table
T12C74 000:296.888   ROMTbl[1] @ E00FF000
T12C74 000:296.922   CPU_ReadMem(64 bytes @ 0xE00FF000)
T12C74 000:298.315   CPU_ReadMem(32 bytes @ 0xE000EFE0)
T12C74 000:299.281   CPU_ReadMem(4 bytes @ 0xE000EFBC)
T12C74 000:299.948   CPU_ReadMem(4 bytes @ 0xE000EFCC)
T12C74 000:300.800   [1][0]: E000E000 CID B105900D PID 000BBD21 DEVARCH 47702A04 DEVTYPE 00 Cortex-M33
T12C74 000:300.852   CPU_ReadMem(32 bytes @ 0xE0001FE0)
T12C74 000:301.885   CPU_ReadMem(4 bytes @ 0xE0001FBC)
T12C74 000:302.552   CPU_ReadMem(4 bytes @ 0xE0001FCC)
T12C74 000:303.195   [1][1]: E0001000 CID B105900D PID 000BBD21 DEVARCH 47701A02 DEVTYPE 00 DWT
T12C74 000:303.244   CPU_ReadMem(32 bytes @ 0xE0002FE0)
T12C74 000:304.202   CPU_ReadMem(4 bytes @ 0xE0002FBC)
T12C74 000:304.821   CPU_ReadMem(4 bytes @ 0xE0002FCC)
T12C74 000:305.349   [1][2]: E0002000 CID B105900D PID 000BBD21 DEVARCH 47701A03 DEVTYPE 00 FPB
T12C74 000:305.396   CPU_ReadMem(32 bytes @ 0xE0000FE0)
T12C74 000:306.350   CPU_ReadMem(4 bytes @ 0xE0000FBC)
T12C74 000:306.935   CPU_ReadMem(4 bytes @ 0xE0000FCC)
T12C74 000:307.567   [1][3]: E0000000 CID B105900D PID 000BBD21 DEVARCH 47701A01 DEVTYPE 43 ITM
T12C74 000:307.604   CPU_ReadMem(32 bytes @ 0xE0041FE0)
T12C74 000:308.532   CPU_ReadMem(4 bytes @ 0xE0041FBC)
T12C74 000:309.099   CPU_ReadMem(4 bytes @ 0xE0041FCC)
T12C74 000:309.786   [1][5]: E0041000 CID B105900D PID 002BBD21 DEVARCH 47724A13 DEVTYPE 13 ETM
T12C74 000:309.825   CPU_ReadMem(32 bytes @ 0xE0042FE0)
T12C74 000:310.768   CPU_ReadMem(4 bytes @ 0xE0042FBC)
T12C74 000:311.416   CPU_ReadMem(4 bytes @ 0xE0042FCC)
T12C74 000:312.010   [1][6]: E0042000 CID B105900D PID 000BBD21 DEVARCH 47701A14 DEVTYPE 14 CSS600-CTI
T12C74 000:312.096   CPU_ReadMem(4 bytes @ 0xE000EDF0)
T12C74 000:312.682   Data:  03 00 13 00
T12C74 000:312.717   Debug reg: DHCSR
T12C74 000:312.748 - 104.678ms returns 0
T12C74 000:312.818 JLINK_ReadMem(0x400E002C, 0x4 Bytes, ...)
T12C74 000:312.843   CPU_ReadMem(4 bytes @ 0x400E002C)
T12C74 000:313.414   Data:  02 00 00 00
T12C74 000:313.451 - 0.634ms returns 0
T12C74 000:313.499 JLINK_ReadMem(0xE000EDF0, 0x4 Bytes, ...)
T12C74 000:313.526   CPU_ReadMem(4 bytes @ 0xE000EDF0)
T12C74 000:314.112   Data:  03 00 13 00
T12C74 000:314.145   Debug reg: DHCSR
T12C74 000:314.175 - 0.676ms returns 0
T12C74 000:314.223 JLINK_ReadMem(0xE000EDF0, 0x4 Bytes, ...)
T12C74 000:314.248   CPU_ReadMem(4 bytes @ 0xE000EDF0)
T12C74 000:314.840   Data:  03 00 13 00
T12C74 000:314.877   Debug reg: DHCSR
T12C74 000:314.907 - 0.684ms returns 0
T12C74 000:314.930 JLINK_ReadMem(0x400E001C, 0x4 Bytes, ...)
T12C74 000:314.953   CPU_ReadMem(4 bytes @ 0x400E001C)
T12C74 000:315.538   Data:  00 FC FF 00
T12C74 000:315.572 - 0.642ms returns 0
T12C74 000:315.596 JLINK_ReadMem(0xE000EDF0, 0x4 Bytes, ...)
T12C74 000:315.619   CPU_ReadMem(4 bytes @ 0xE000EDF0)
T12C74 000:316.213   Data:  03 00 13 00
T12C74 000:316.247   Debug reg: DHCSR
T12C74 000:316.281 - 0.684ms returns 0
T12C74 000:316.304 JLINK_ReadMem(0x400E0018, 0x4 Bytes, ...)
T12C74 000:316.326   CPU_ReadMem(4 bytes @ 0x400E0018)
T12C74 000:316.889   Data:  00 80 FF 00
T12C74 000:316.974 - 0.668ms returns 0
T12C74 000:317.025 JLINK_ReadMem(0xE000EDF0, 0x4 Bytes, ...)
T12C74 000:317.069   CPU_ReadMem(4 bytes @ 0xE000EDF0)
T12C74 000:317.710   Data:  03 00 13 00
T12C74 000:317.791   Debug reg: DHCSR
T12C74 000:317.911 - 0.886ms returns 0
T12C74 000:317.985 JLINK_ReadMem(0x400E0020, 0x4 Bytes, ...)
T12C74 000:318.038   CPU_ReadMem(4 bytes @ 0x400E0020)
T12C74 000:318.655   Data:  00 FC 00 00
T12C74 000:318.750 - 0.765ms returns 0
T12C74 000:318.809 JLINK_ReadMem(0xE000EDF0, 0x4 Bytes, ...)
T12C74 000:318.874   CPU_ReadMem(4 bytes @ 0xE000EDF0)
T12C74 000:319.662   Data:  03 00 13 00
T12C74 000:319.755   Debug reg: DHCSR
T12C74 000:319.793 - 0.983ms returns 0
T12C74 000:319.847 JLINK_ReadMem(0x400E0028, 0x4 Bytes, ...)
T12C74 000:319.892   CPU_ReadMem(4 bytes @ 0x400E0028)
T12C74 000:320.593   Data:  00 FC 1F 00
T12C74 000:320.689 - 0.842ms returns 0
T12C74 000:320.753 JLINK_ReadMem(0xE000EDF0, 0x4 Bytes, ...)
T12C74 000:320.795   CPU_ReadMem(4 bytes @ 0xE000EDF0)
T12C74 000:321.481   Data:  03 00 13 00
T12C74 000:321.539   Debug reg: DHCSR
T12C74 000:321.590 - 0.836ms returns 0
T12C74 000:321.625 JLINK_ReadMem(0x400E0024, 0x4 Bytes, ...)
T12C74 000:321.660   CPU_ReadMem(4 bytes @ 0x400E0024)
T12C74 000:322.270   Data:  00 E0 1F 00
T12C74 000:322.325 - 0.700ms returns 0
T12C74 000:322.368 JLINK_ReadMem(0xE000EDF0, 0x4 Bytes, ...)
T12C74 000:322.402   CPU_ReadMem(4 bytes @ 0xE000EDF0)
T12C74 000:322.997   Data:  03 00 13 00
T12C74 000:323.062   Debug reg: DHCSR
T12C74 000:323.099 - 0.731ms returns 0
T12C74 000:323.134 JLINK_ReadMem(0x400E002C, 0x4 Bytes, ...)
T12C74 000:323.171   CPU_ReadMem(4 bytes @ 0x400E002C)
T12C74 000:323.761   Data:  02 00 00 00
T12C74 000:323.818 - 0.684ms returns 0
T12C74 000:323.854 JLINK_ReadMem(0xE000EDF0, 0x4 Bytes, ...)
T12C74 000:323.888   CPU_ReadMem(4 bytes @ 0xE000EDF0)
T12C74 000:324.550   Data:  03 00 13 00
T12C74 000:324.598   Debug reg: DHCSR
T12C74 000:324.633 - 0.779ms returns 0
T12C74 000:324.657 JLINK_ReadMem(0x400E002C, 0x4 Bytes, ...)
T12C74 000:324.695   CPU_ReadMem(4 bytes @ 0x400E002C)
T12C74 000:325.414   Data:  02 00 00 00
T12C74 000:325.451 - 0.794ms returns 0
T12C74 000:331.371 JLINK_Close()
T12C74 000:351.894 - 20.522ms
T12C74 000:351.973   
T12C74 000:352.007   Closed
