T5B1C 000:002.448   SEGGER J-Link V7.94g Log File
T5B1C 000:002.769   DLL Compiled: Jan 24 2024 15:48:08
T5B1C 000:002.817   Logging started @ 2024-02-28 02:35
T5B1C 000:002.856   Process: C:\Users\trung.tran-quoc\.eclipse\com.renesas.platform_750320768\DebugComp\RA\e2-server-gdb.exe
T5B1C 000:002.902 - 2.897ms
T5B1C 000:002.961 JLINK_GetDLLVersion()
T5B1C 000:003.008 - 0.044ms returns 79407
T5B1C 000:005.963 JLINK_OpenEx(...)
T5B1C 000:021.379   Firmware: J-Link OB-S124 compiled Dec 13 2023 14:39:54
T5B1C 000:022.503   Firmware: J-Link OB-S124 compiled Dec 13 2023 14:39:54
T5B1C 000:051.045   Hardware: V1.00
T5B1C 000:051.111   S/N: 831358877
T5B1C 000:051.151   OEM: SEGGER
T5B1C 000:051.191   Feature(s): None
T5B1C 000:052.277   Bootloader: 2019 Oct 15
T5B1C 000:053.186   USB speed mode: Full speed (12 MBit/s)
T5B1C 000:053.886   TELNET listener socket opened on port 19021
T5B1C 000:054.208   WEBSRV WEBSRV_Init(): Starting webserver thread(s)
T5B1C 000:054.500   WEBSRV Webserver running on local port 19080
T5B1C 000:054.732   Looking for J-Link GUI Server exe at: C:\Users\trung.tran-quoc\.eclipse\com.renesas.platform_750320768\DebugComp\RA\ARM\Segger_v7.94.7\JLinkGUIServer.exe
T5B1C 000:055.757   Looking for J-Link GUI Server exe at: \JLinkGUIServer.exe
T5B1C 000:364.325   Failed to connect to J-Link GUI Server.
T5B1C 000:364.405 - 358.426ms returns "O.K."
T5B1C 000:364.661 JLINK_ExecCommand("ProjectFile=C:\FSP_GIT\ra-solutions-rvc\application_projects\r11an0497_RA4M3\example_projects_with_bootloader\ra4m3_overwrite_with_bootloader_tz\app_ra4m3_s_primary/app_ra4m3_s_primary Debug.jlink", ...). 
T5B1C 000:420.475 - 55.821ms returns 0x00
T5B1C 000:423.616 JLINK_ExecCommand("device=R7FA4M3AF", ...). 
T5B1C 000:425.220   Flash bank @ 0x0100A100: SFL: Parsing sectorization info from ELF file
T5B1C 000:425.321     FlashDevice.SectorInfo[0]: .SectorSize = 0x00000010, .SectorStartAddr = 0x00000000
T5B1C 000:425.370   FlashBank @0x0100A100: Sectorization info from SFL ELF file ignored because sectorization override from DLL / XML file is active.
T5B1C 000:426.290   Flash bank @ 0x60000000: SFL: Parsing sectorization info from ELF file
T5B1C 000:426.446     FlashDevice.SectorInfo[0]: .SectorSize = 0x00010000, .SectorStartAddr = 0x00000000
T5B1C 000:432.033   Device "R7FA4M3AF" selected.
T5B1C 000:436.706 - 13.022ms returns 0x00
T5B1C 000:436.835 JLINK_ReadMem(0xE000EDF0, 0x4 Bytes, ...)
T5B1C 000:437.204   ConfigTargetSettings() start
T5B1C 000:437.277    J-Link Script File: Executing ConfigTargetSettings()
T5B1C 000:437.343   Configuring FlashDLNoRMWThreshold=0x200 in order to make sure that option bytes programming is done via read-modify-write
T5B1C 000:744.415   ConfigTargetSettings() end - Took 307ms
T5B1C 000:745.651   InitTarget() start
T5B1C 000:745.759    J-Link Script File: Executing InitTarget()
T5B1C 000:745.808   SWD selected. Executing JTAG -> SWD switching sequence.
T5B1C 000:752.274   DAP initialized successfully.
T5B1C 000:752.359   Determining TrustZone configuration...
T5B1C 000:755.394     Secure Debug: Enabled (SSD)
T5B1C 000:755.470   Determining currently configured transfer type by reading the AHB-AP CSW register.
T5B1C 000:757.875     --> Correct transfer type configured. Done.
T5B1C 000:757.938   InitTarget() end - Took 12.1ms
T5B1C 000:760.314   Found SW-DP with ID 0x6BA02477
T5B1C 000:768.075   DPIDR: 0x6BA02477
T5B1C 000:768.191   CoreSight SoC-400 or earlier
T5B1C 000:768.268   Scanning AP map to find all available APs
T5B1C 000:772.048   AP[2]: Stopped AP scan as end of AP map has been reached
T5B1C 000:772.131   AP[0]: AHB-AP (IDR: 0x84770001)
T5B1C 000:772.172   AP[1]: APB-AP (IDR: 0x54770002)
T5B1C 000:772.208   Iterating through AP map to find AHB-AP to use
T5B1C 000:775.973   AP[0]: Core found
T5B1C 000:776.035   AP[0]: AHB-AP ROM base: 0xE00FE000
T5B1C 000:777.989   CPUID register: 0x410FD214. Implementer code: 0x41 (ARM)
T5B1C 000:778.055   Feature set: Mainline
T5B1C 000:779.962   Cache: No cache
T5B1C 000:780.022   Found Cortex-M33 r0p4, Little endian.
T5B1C 000:780.714   -- Max. mem block: 0x00001AE8
T5B1C 000:782.813   CPU_ReadMem(4 bytes @ 0xE000EDF0)
T5B1C 000:786.372   CPU_WriteMem(4 bytes @ 0xE000EDF0)
T5B1C 000:788.347   CPU_ReadMem(4 bytes @ 0xE0002000)
T5B1C 000:790.272   FPUnit: 8 code (BP) slots and 0 literal slots
T5B1C 000:790.318   CPU_ReadMem(4 bytes @ 0xE000EDFC)
T5B1C 000:792.302   CPU_WriteMem(4 bytes @ 0xE000EDFC)
T5B1C 000:794.325   CPU_ReadMem(4 bytes @ 0xE0001000)
T5B1C 000:796.278   CPU_ReadMem(4 bytes @ 0xE0001000)
T5B1C 000:798.246   CPU_ReadMem(4 bytes @ 0xE0001028)
T5B1C 000:800.153   CPU_ReadMem(4 bytes @ 0xE0001038)
T5B1C 000:802.184   CPU_ReadMem(4 bytes @ 0xE0001048)
T5B1C 000:804.149   CPU_ReadMem(4 bytes @ 0xE0001058)
T5B1C 000:806.076   CPU_WriteMem(4 bytes @ 0xE0001000)
T5B1C 000:808.040   CPU_ReadMem(4 bytes @ 0xE000ED88)
T5B1C 000:810.028   CPU_WriteMem(4 bytes @ 0xE000ED88)
T5B1C 000:811.939   CPU_ReadMem(4 bytes @ 0xE000ED88)
T5B1C 000:813.843   CPU_WriteMem(4 bytes @ 0xE000ED88)
T5B1C 000:815.740   CPU_ReadMem(4 bytes @ 0xE000EFB8)
T5B1C 000:817.680   Security extension: implemented
T5B1C 000:817.808   Secure debug: enabled
T5B1C 000:817.849   CoreSight components:
T5B1C 000:817.920   ROMTbl[0] @ E00FE000
T5B1C 000:817.979   CPU_ReadMem(64 bytes @ 0xE00FE000)
T5B1C 000:823.990   CPU_ReadMem(32 bytes @ 0xE0044FE0)
T5B1C 000:827.821   CPU_ReadMem(4 bytes @ 0xE0044FBC)
T5B1C 000:829.795   CPU_ReadMem(4 bytes @ 0xE0044FCC)
T5B1C 000:831.723   [0][0]: E0044000 CID B105900D PID 005BB906 DEVARCH 00000000 DEVTYPE 14 CTI (?)
T5B1C 000:831.768   CPU_ReadMem(32 bytes @ 0xE0047FE0)
T5B1C 000:835.604   CPU_ReadMem(4 bytes @ 0xE0047FBC)
T5B1C 000:837.571   CPU_ReadMem(4 bytes @ 0xE0047FCC)
T5B1C 000:839.557   [0][1]: E0047000 CID B105900D PID 003BB908 DEVARCH 00000000 DEVTYPE 12 CSTF
T5B1C 000:839.652   CPU_ReadMem(32 bytes @ 0xE0048FE0)
T5B1C 000:843.530   CPU_ReadMem(4 bytes @ 0xE0048FBC)
T5B1C 000:845.577   CPU_ReadMem(4 bytes @ 0xE0048FCC)
T5B1C 000:847.620   [0][2]: E0048000 CID B105900D PID 001BB961 DEVARCH 00000000 DEVTYPE 21 ETB
T5B1C 000:847.732   CPU_ReadMem(32 bytes @ 0xE0049FE0)
T5B1C 000:851.717   [0][3]: E0049000 CID B105F00D PID 001BB101 TSG
T5B1C 000:851.783   CPU_ReadMem(32 bytes @ 0xE0040FE0)
T5B1C 000:855.692   CPU_ReadMem(4 bytes @ 0xE0040FBC)
T5B1C 000:857.734   CPU_ReadMem(4 bytes @ 0xE0040FCC)
T5B1C 000:859.714   [0][4]: E0040000 CID B105900D PID 000BBD21 DEVARCH 00000000 DEVTYPE 11 TPIU
T5B1C 000:859.795   CPU_ReadMem(32 bytes @ 0xE00FFFE0)
T5B1C 000:863.667   [0][5]: E00FF000 CID B105100D PID 000BB4C9 ROM Table
T5B1C 000:863.763   ROMTbl[1] @ E00FF000
T5B1C 000:863.813   CPU_ReadMem(64 bytes @ 0xE00FF000)
T5B1C 000:869.913   CPU_ReadMem(32 bytes @ 0xE000EFE0)
T5B1C 000:873.802   CPU_ReadMem(4 bytes @ 0xE000EFBC)
T5B1C 000:875.795   CPU_ReadMem(4 bytes @ 0xE000EFCC)
T5B1C 000:877.726   [1][0]: E000E000 CID B105900D PID 000BBD21 DEVARCH 47702A04 DEVTYPE 00 Cortex-M33
T5B1C 000:877.776   CPU_ReadMem(32 bytes @ 0xE0001FE0)
T5B1C 000:881.589   CPU_ReadMem(4 bytes @ 0xE0001FBC)
T5B1C 000:883.581   CPU_ReadMem(4 bytes @ 0xE0001FCC)
T5B1C 000:885.596   [1][1]: E0001000 CID B105900D PID 000BBD21 DEVARCH 47701A02 DEVTYPE 00 DWT
T5B1C 000:885.683   CPU_ReadMem(32 bytes @ 0xE0002FE0)
T5B1C 000:889.692   CPU_ReadMem(4 bytes @ 0xE0002FBC)
T5B1C 000:891.697   CPU_ReadMem(4 bytes @ 0xE0002FCC)
T5B1C 000:893.679   [1][2]: E0002000 CID B105900D PID 000BBD21 DEVARCH 47701A03 DEVTYPE 00 FPB
T5B1C 000:893.752   CPU_ReadMem(32 bytes @ 0xE0000FE0)
T5B1C 000:897.599   CPU_ReadMem(4 bytes @ 0xE0000FBC)
T5B1C 000:899.545   CPU_ReadMem(4 bytes @ 0xE0000FCC)
T5B1C 000:901.570   [1][3]: E0000000 CID B105900D PID 000BBD21 DEVARCH 47701A01 DEVTYPE 43 ITM
T5B1C 000:901.678   CPU_ReadMem(32 bytes @ 0xE0041FE0)
T5B1C 000:905.533   CPU_ReadMem(4 bytes @ 0xE0041FBC)
T5B1C 000:907.507   CPU_ReadMem(4 bytes @ 0xE0041FCC)
T5B1C 000:909.454   [1][5]: E0041000 CID B105900D PID 002BBD21 DEVARCH 47724A13 DEVTYPE 13 ETM
T5B1C 000:909.509   CPU_ReadMem(32 bytes @ 0xE0042FE0)
T5B1C 000:913.319   CPU_ReadMem(4 bytes @ 0xE0042FBC)
T5B1C 000:915.267   CPU_ReadMem(4 bytes @ 0xE0042FCC)
T5B1C 000:917.278   [1][6]: E0042000 CID B105900D PID 000BBD21 DEVARCH 47701A14 DEVTYPE 14 CSS600-CTI
T5B1C 000:917.484   CPU_ReadMem(4 bytes @ 0xE000EDF0)
T5B1C 000:919.704   Data:  01 00 10 01
T5B1C 000:919.808   Debug reg: DHCSR
T5B1C 000:919.862 - 483.026ms returns 0
T5B1C 000:919.926 JLINK_ReadMem(0x400E002C, 0x4 Bytes, ...)
T5B1C 000:919.974   CPU_ReadMem(4 bytes @ 0x400E002C)
T5B1C 000:921.925   Data:  02 00 00 00
T5B1C 000:921.979 - 2.053ms returns 0
T5B1C 000:922.790 JLINK_ReadMem(0xE000EDF0, 0x4 Bytes, ...)
T5B1C 000:922.834   CPU_ReadMem(4 bytes @ 0xE000EDF0)
T5B1C 000:924.772   Data:  01 00 10 01
T5B1C 000:924.826   Debug reg: DHCSR
T5B1C 000:924.865 - 2.074ms returns 0
T5B1C 000:924.911 JLINK_ReadMem(0xE000EDF0, 0x4 Bytes, ...)
T5B1C 000:924.944   CPU_ReadMem(4 bytes @ 0xE000EDF0)
T5B1C 000:926.858   Data:  01 00 10 01
T5B1C 000:926.925   Debug reg: DHCSR
T5B1C 000:926.979 - 2.067ms returns 0
T5B1C 000:927.025 JLINK_ReadMem(0x400E001C, 0x4 Bytes, ...)
T5B1C 000:927.070   CPU_ReadMem(4 bytes @ 0x400E001C)
T5B1C 000:929.021   Data:  00 3C 00 00
T5B1C 000:929.071 - 2.046ms returns 0
T5B1C 000:929.112 JLINK_ReadMem(0xE000EDF0, 0x4 Bytes, ...)
T5B1C 000:929.146   CPU_ReadMem(4 bytes @ 0xE000EDF0)
T5B1C 000:931.069   Data:  01 00 10 01
T5B1C 000:931.120   Debug reg: DHCSR
T5B1C 000:931.158 - 2.045ms returns 0
T5B1C 000:931.192 JLINK_ReadMem(0x400E0018, 0x4 Bytes, ...)
T5B1C 000:931.225   CPU_ReadMem(4 bytes @ 0x400E0018)
T5B1C 000:933.143   Data:  00 80 00 00
T5B1C 000:933.192 - 2.000ms returns 0
T5B1C 000:933.230 JLINK_ReadMem(0xE000EDF0, 0x4 Bytes, ...)
T5B1C 000:933.262   CPU_ReadMem(4 bytes @ 0xE000EDF0)
T5B1C 000:935.283   Data:  01 00 10 01
T5B1C 000:935.393   Debug reg: DHCSR
T5B1C 000:935.459 - 2.228ms returns 0
T5B1C 000:935.517 JLINK_ReadMem(0x400E0020, 0x4 Bytes, ...)
T5B1C 000:935.579   CPU_ReadMem(4 bytes @ 0x400E0020)
T5B1C 000:937.576   Data:  00 00 00 00
T5B1C 000:937.642 - 2.124ms returns 0
T5B1C 000:937.686 JLINK_ReadMem(0xE000EDF0, 0x4 Bytes, ...)
T5B1C 000:937.724   CPU_ReadMem(4 bytes @ 0xE000EDF0)
T5B1C 000:939.669   Data:  01 00 10 01
T5B1C 000:939.751   Debug reg: DHCSR
T5B1C 000:939.812 - 2.125ms returns 0
T5B1C 000:939.865 JLINK_ReadMem(0x400E0028, 0x4 Bytes, ...)
T5B1C 000:939.920   CPU_ReadMem(4 bytes @ 0x400E0028)
T5B1C 000:941.853   Data:  00 38 00 00
T5B1C 000:941.909 - 2.044ms returns 0
T5B1C 000:941.951 JLINK_ReadMem(0xE000EDF0, 0x4 Bytes, ...)
T5B1C 000:941.987   CPU_ReadMem(4 bytes @ 0xE000EDF0)
T5B1C 000:943.888   Data:  01 00 10 01
T5B1C 000:943.934   Debug reg: DHCSR
T5B1C 000:943.971 - 2.019ms returns 0
T5B1C 000:944.003 JLINK_ReadMem(0x400E0024, 0x4 Bytes, ...)
T5B1C 000:944.034   CPU_ReadMem(4 bytes @ 0x400E0024)
T5B1C 000:945.937   Data:  00 40 00 00
T5B1C 000:945.983 - 1.980ms returns 0
T5B1C 000:946.019 JLINK_ReadMem(0xE000EDF0, 0x4 Bytes, ...)
T5B1C 000:946.049   CPU_ReadMem(4 bytes @ 0xE000EDF0)
T5B1C 000:947.951   Data:  01 00 10 01
T5B1C 000:948.004   Debug reg: DHCSR
T5B1C 000:948.041 - 2.021ms returns 0
T5B1C 000:948.074 JLINK_ReadMem(0x400E002C, 0x4 Bytes, ...)
T5B1C 000:948.107   CPU_ReadMem(4 bytes @ 0x400E002C)
T5B1C 000:950.014   Data:  02 00 00 00
T5B1C 000:950.060 - 1.986ms returns 0
T5B1C 000:950.935 JLINK_ReadMem(0xE000EDF0, 0x4 Bytes, ...)
T5B1C 000:951.011   CPU_ReadMem(4 bytes @ 0xE000EDF0)
T5B1C 000:953.080   Data:  01 00 10 01
T5B1C 000:953.186   Debug reg: DHCSR
T5B1C 000:953.241 - 2.305ms returns 0
T5B1C 000:953.314 JLINK_ReadMem(0x400E002C, 0x4 Bytes, ...)
T5B1C 000:953.370   CPU_ReadMem(4 bytes @ 0x400E002C)
T5B1C 000:955.407   Data:  02 00 00 00
T5B1C 000:955.488 - 2.173ms returns 0
T5B1C 000:962.612 JLINK_Close()
T5B1C 000:988.000 - 25.384ms
T5B1C 000:988.066   
T5B1C 000:988.105   Closed
