T3854 000:001.295   SEGGER J-Link V7.92o Log File
T3854 000:001.450   DLL Compiled: Nov  8 2023 15:40:38
T3854 000:001.478   Logging started @ 2024-01-26 06:31
T3854 000:001.496   Process: C:\Users\a5099044\.eclipse\com.renesas.platform_865760450\DebugComp\RA\e2-server-gdb.exe
T3854 000:001.518 - 1.517ms
T3854 000:001.544 JLINK_GetDLLVersion()
T3854 000:001.561 - 0.016ms returns 79215
T3854 000:002.364 JLINK_OpenEx(...)
T3854 000:013.695   Firmware: J-Link OB-RA4M2 compiled Oct 30 2023 12:13:20
T3854 000:014.389   Firmware: J-Link OB-RA4M2 compiled Oct 30 2023 12:13:20
T3854 000:029.172   Hardware: V1.00
T3854 000:029.240   S/N: 1082859018
T3854 000:029.265   OEM: SEGGER
T3854 000:029.287   Feature(s): None
T3854 000:030.009   Bootloader: 2021 May 14
T3854 000:030.428   USB speed mode: Full speed (12 MBit/s)
T3854 000:030.854   TELNET listener socket opened on port 19021
T3854 000:031.117   WEBSRV WEBSRV_Init(): Starting webserver thread(s)
T3854 000:031.423   WEBSRV Webserver running on local port 19080
T3854 000:031.614   Looking for J-Link GUI Server exe at: C:\Users\a5099044\.eclipse\com.renesas.platform_865760450\DebugComp\RA\ARM\Segger_v7.92.15\JLinkGUIServer.exe
T3854 000:031.783   Looking for J-Link GUI Server exe at: \JLinkGUIServer.exe
T3854 000:331.916   Failed to connect to J-Link GUI Server.
T3854 000:331.992 - 329.620ms returns "O.K."
T3854 000:332.203 JLINK_TIF_Select(JLINKARM_TIF_SWD)
T3854 000:333.013 - 0.809ms returns 0x00
T3854 000:333.055 JLINK_ClrRESET()
T3854 000:333.371 - 0.315ms
T3854 000:385.389 JLINK_SetSpeed(1500)
T3854 000:385.747 - 0.367ms
T3854 000:385.827 JLINK_CORESIGHT_Configure(PerformTIFInit=0)
T3854 000:386.370 - 0.549ms returns 0
T3854 000:386.470 JLINK_CORESIGHT_ReadAPDPReg(DP reg 0x00)
T3854 000:386.945   Value=0x6BA02477
T3854 000:387.018 - 0.547ms returns 0
T3854 000:387.052 JLINK_CORESIGHT_WriteAPDPReg(DP reg 0x00, 0x0000001F)
T3854 000:387.411 - 0.358ms returns 0
T3854 000:387.430 JLINK_CORESIGHT_ReadAPDPReg(DP reg 0x00)
T3854 000:387.731   Value=0x6BA02477
T3854 000:387.773 - 0.342ms returns 0
T3854 000:387.788 JLINK_CORESIGHT_WriteAPDPReg(DP reg 0x02, 0x00000000)
T3854 000:388.040 - 0.252ms returns 0
T3854 000:388.058 JLINK_CORESIGHT_WriteAPDPReg(DP reg 0x01, 0x50000000)
T3854 000:390.279 - 2.221ms returns 0
T3854 000:390.324 JLINK_CORESIGHT_ReadAPDPReg(DP reg 0x01)
T3854 000:390.621   Value=0xF0000000
T3854 000:390.653 - 0.328ms returns 0
T3854 000:390.683 JLINK_CORESIGHT_WriteAPDPReg(DP reg 0x00, 0x0000001F)
T3854 000:390.925 - 0.241ms returns 0
T3854 000:390.943 JLINK_CORESIGHT_ReadAPDPReg(DP reg 0x00)
T3854 000:391.212   Value=0x6BA02477
T3854 000:391.241 - 0.297ms returns 0
T3854 000:391.269 JLINK_CORESIGHT_WriteAPDPReg(DP reg 0x01, 0x54000000)
T3854 000:391.522 - 0.253ms returns 0
T3854 000:391.540 JLINK_CORESIGHT_WriteAPDPReg(DP reg 0x01, 0x50000F00)
T3854 000:391.809 - 0.268ms returns 0
T3854 000:391.827 JLINK_CORESIGHT_WriteAPDPReg(DP reg 0x02, 0x01000000)
T3854 000:392.073 - 0.246ms returns 0
T3854 000:392.091 JLINK_CORESIGHT_WriteAPDPReg(AP reg 0x00, 0x80000002)
T3854 000:392.438 - 0.346ms returns 0
T3854 000:392.458 JLINK_CORESIGHT_WriteAPDPReg(AP reg 0x01, 0x80011100)
T3854 000:392.657 - 0.199ms returns 0
T3854 000:392.675 JLINK_CORESIGHT_WriteAPDPReg(AP reg 0x03, 0x000000A5)
T3854 000:392.882 - 0.206ms returns 0
T3854 000:392.899 JLINK_CORESIGHT_WriteAPDPReg(AP reg 0x00, 0x80000002)
T3854 000:393.121 - 0.222ms returns 0
T3854 000:393.138 JLINK_CORESIGHT_WriteAPDPReg(AP reg 0x01, 0x80011100)
T3854 000:393.373 - 0.234ms returns 0
T3854 000:393.403 JLINK_CORESIGHT_ReadAPDPReg(AP reg 0x03)
T3854 000:393.730   Value=0x000000A5
T3854 000:393.768 - 0.364ms returns 0
T3854 000:393.790 JLINK_ClrTMS()
T3854 000:393.881 - 0.091ms
T3854 000:399.581 JLINK_SetTCK()
T3854 000:399.704 - 0.123ms returns 0
T3854 000:404.839 JLINK_SetRESET()
T3854 000:404.967 - 0.127ms
T3854 000:606.127 JLINK_CORESIGHT_WriteAPDPReg(AP reg 0x00, 0x80000002)
T3854 000:606.531 - 0.405ms returns 0
T3854 000:606.570 JLINK_CORESIGHT_WriteAPDPReg(AP reg 0x01, 0x80011100)
T3854 000:607.004 - 0.434ms returns 0
T3854 000:607.027 JLINK_CORESIGHT_ReadAPDPReg(AP reg 0x03)
T3854 000:607.471   Value=0x00000000
T3854 000:607.494 - 0.467ms returns 0
T3854 000:607.510 JLINK_CORESIGHT_WriteAPDPReg(AP reg 0x00, 0x80000002)
T3854 000:607.786 - 0.276ms returns 0
T3854 000:607.802 JLINK_CORESIGHT_WriteAPDPReg(AP reg 0x01, 0x80011140)
T3854 000:608.052 - 0.249ms returns 0
T3854 000:608.070 JLINK_CORESIGHT_ReadAPDPReg(AP reg 0x03)
T3854 000:608.400   Value=0x00000002
T3854 000:608.422 - 0.352ms returns 0
T3854 000:608.437 JLINK_CORESIGHT_WriteAPDPReg(AP reg 0x00, 0x80000002)
T3854 000:608.738 - 0.301ms returns 0
T3854 000:608.755 JLINK_CORESIGHT_WriteAPDPReg(AP reg 0x01, 0x80011120)
T3854 000:609.029 - 0.273ms returns 0
T3854 000:609.051 JLINK_CORESIGHT_WriteAPDPReg(AP reg 0x03, 0x00000055)
T3854 000:609.368 - 0.317ms returns 0
T3854 000:609.386 JLINK_CORESIGHT_WriteAPDPReg(AP reg 0x00, 0x80000002)
T3854 000:609.680 - 0.294ms returns 0
T3854 000:609.697 JLINK_CORESIGHT_WriteAPDPReg(AP reg 0x01, 0x80011140)
T3854 000:609.946 - 0.249ms returns 0
T3854 000:609.963 JLINK_CORESIGHT_ReadAPDPReg(AP reg 0x03)
T3854 000:610.283   Value=0x00000000
T3854 000:610.304 - 0.341ms returns 0
T3854 000:610.319 JLINK_CORESIGHT_WriteAPDPReg(AP reg 0x00, 0x80000002)
T3854 000:610.672 - 0.352ms returns 0
T3854 000:610.727 JLINK_CORESIGHT_WriteAPDPReg(AP reg 0x01, 0x80011130)
T3854 000:610.959 - 0.232ms returns 0
T3854 000:610.984 JLINK_CORESIGHT_ReadAPDPReg(AP reg 0x03)
T3854 000:611.362   Value=0x000000C6
T3854 000:611.385 - 0.401ms returns 0
T3854 000:611.405 JLINK_CORESIGHT_WriteAPDPReg(AP reg 0x00, 0x80000002)
T3854 000:611.613 - 0.207ms returns 0
T3854 000:611.630 JLINK_CORESIGHT_WriteAPDPReg(AP reg 0x01, 0x80011140)
T3854 000:611.833 - 0.202ms returns 0
T3854 000:611.850 JLINK_CORESIGHT_ReadAPDPReg(AP reg 0x03)
T3854 000:612.112   Value=0x00000002
T3854 000:612.134 - 0.283ms returns 0
T3854 000:612.149 JLINK_CORESIGHT_WriteAPDPReg(AP reg 0x00, 0x80000002)
T3854 000:612.362 - 0.213ms returns 0
T3854 000:612.379 JLINK_CORESIGHT_WriteAPDPReg(AP reg 0x01, 0x80011120)
T3854 000:612.579 - 0.200ms returns 0
T3854 000:612.598 JLINK_CORESIGHT_WriteAPDPReg(AP reg 0x03, 0x3A010001)
T3854 000:612.790 - 0.192ms returns 0
T3854 000:612.807 JLINK_CORESIGHT_WriteAPDPReg(AP reg 0x00, 0x80000002)
T3854 000:613.016 - 0.208ms returns 0
T3854 000:613.033 JLINK_CORESIGHT_WriteAPDPReg(AP reg 0x01, 0x80011140)
T3854 000:613.264 - 0.231ms returns 0
T3854 000:613.281 JLINK_CORESIGHT_ReadAPDPReg(AP reg 0x03)
T3854 000:613.545   Value=0x00000002
T3854 000:613.567 - 0.285ms returns 0
T3854 000:613.582 JLINK_CORESIGHT_WriteAPDPReg(AP reg 0x00, 0x80000002)
T3854 000:613.784 - 0.202ms returns 0
T3854 000:613.801 JLINK_CORESIGHT_WriteAPDPReg(AP reg 0x01, 0x80011120)
T3854 000:614.084 - 0.280ms returns 0
T3854 000:614.191 JLINK_CORESIGHT_WriteAPDPReg(AP reg 0x03, 0x000003C5)
T3854 000:614.539 - 0.347ms returns 0
T3854 000:614.646 JLINK_CORESIGHT_WriteAPDPReg(AP reg 0x00, 0x80000002)
T3854 000:614.919 - 0.273ms returns 0
T3854 000:614.958 JLINK_CORESIGHT_WriteAPDPReg(AP reg 0x01, 0x80011140)
T3854 000:615.184 - 0.225ms returns 0
T3854 000:615.210 JLINK_CORESIGHT_ReadAPDPReg(AP reg 0x03)
T3854 000:615.469   Value=0x00000002
T3854 000:615.499 - 0.289ms returns 0
T3854 000:615.517 JLINK_CORESIGHT_ReadAPDPReg(AP reg 0x03)
T3854 000:615.755   Value=0x00000002
T3854 000:615.796 - 0.278ms returns 0
T3854 000:615.815 JLINK_CORESIGHT_ReadAPDPReg(AP reg 0x03)
T3854 000:616.088   Value=0x00000002
T3854 000:616.130 - 0.315ms returns 0
T3854 000:616.149 JLINK_CORESIGHT_ReadAPDPReg(AP reg 0x03)
T3854 000:616.401   Value=0x00000002
T3854 000:616.435 - 0.285ms returns 0
T3854 000:616.458 JLINK_CORESIGHT_ReadAPDPReg(AP reg 0x03)
T3854 000:616.728   Value=0x00000002
T3854 000:616.768 - 0.309ms returns 0
T3854 000:616.786 JLINK_CORESIGHT_ReadAPDPReg(AP reg 0x03)
T3854 000:617.029   Value=0x00000000
T3854 000:617.063 - 0.277ms returns 0
T3854 000:617.083 JLINK_CORESIGHT_WriteAPDPReg(AP reg 0x00, 0x80000002)
T3854 000:617.366 - 0.282ms returns 0
T3854 000:617.408 JLINK_CORESIGHT_WriteAPDPReg(AP reg 0x01, 0x80011130)
T3854 000:617.618 - 0.210ms returns 0
T3854 000:617.655 JLINK_CORESIGHT_ReadAPDPReg(AP reg 0x03)
T3854 000:617.938   Value=0x3A2A0081
T3854 000:617.963 - 0.308ms returns 0
T3854 000:617.981 JLINK_CORESIGHT_WriteAPDPReg(AP reg 0x00, 0x80000002)
T3854 000:618.189 - 0.208ms returns 0
T3854 000:618.208 JLINK_CORESIGHT_WriteAPDPReg(AP reg 0x01, 0x80011140)
T3854 000:618.481 - 0.272ms returns 0
T3854 000:618.516 JLINK_CORESIGHT_ReadAPDPReg(AP reg 0x03)
T3854 000:618.785   Value=0x00000000
T3854 000:618.807 - 0.291ms returns 0
T3854 000:618.825 JLINK_CORESIGHT_WriteAPDPReg(AP reg 0x00, 0x80000002)
T3854 000:619.033 - 0.207ms returns 0
T3854 000:619.066 JLINK_CORESIGHT_WriteAPDPReg(AP reg 0x01, 0x80011130)
T3854 000:619.280 - 0.213ms returns 0
T3854 000:619.299 JLINK_CORESIGHT_ReadAPDPReg(AP reg 0x03)
T3854 000:619.563   Value=0x808D5B00
T3854 000:619.586 - 0.286ms returns 0
T3854 000:619.603 JLINK_CORESIGHT_WriteAPDPReg(AP reg 0x00, 0x80000002)
T3854 000:619.788 - 0.185ms returns 0
T3854 000:619.807 JLINK_CORESIGHT_WriteAPDPReg(AP reg 0x01, 0x80011140)
T3854 000:620.007 - 0.200ms returns 0
T3854 000:620.026 JLINK_CORESIGHT_ReadAPDPReg(AP reg 0x03)
T3854 000:620.390   Value=0x00000000
T3854 000:620.412 - 0.386ms returns 0
T3854 000:620.430 JLINK_CORESIGHT_WriteAPDPReg(AP reg 0x00, 0x80000002)
T3854 000:620.711 - 0.280ms returns 0
T3854 000:620.729 JLINK_CORESIGHT_WriteAPDPReg(AP reg 0x01, 0x80011130)
T3854 000:620.932 - 0.202ms returns 0
T3854 000:620.956 JLINK_CORESIGHT_ReadAPDPReg(AP reg 0x03)
T3854 000:621.221   Value=0x0603030B
T3854 000:621.243 - 0.287ms returns 0
T3854 000:621.261 JLINK_CORESIGHT_WriteAPDPReg(AP reg 0x00, 0x80000002)
T3854 000:621.483 - 0.221ms returns 0
T3854 000:621.506 JLINK_CORESIGHT_WriteAPDPReg(AP reg 0x01, 0x80011140)
T3854 000:621.714 - 0.208ms returns 0
T3854 000:621.733 JLINK_CORESIGHT_ReadAPDPReg(AP reg 0x03)
T3854 000:622.000   Value=0x00000000
T3854 000:622.024 - 0.290ms returns 0
T3854 000:622.042 JLINK_CORESIGHT_WriteAPDPReg(AP reg 0x00, 0x80000002)
T3854 000:622.251 - 0.208ms returns 0
T3854 000:622.271 JLINK_CORESIGHT_WriteAPDPReg(AP reg 0x01, 0x80011130)
T3854 000:622.483 - 0.212ms returns 0
T3854 000:622.502 JLINK_CORESIGHT_ReadAPDPReg(AP reg 0x03)
T3854 000:622.765   Value=0x2E4B4E20
T3854 000:622.786 - 0.284ms returns 0
T3854 000:622.805 JLINK_CORESIGHT_WriteAPDPReg(AP reg 0x00, 0x80000002)
T3854 000:623.005 - 0.200ms returns 0
T3854 000:623.023 JLINK_CORESIGHT_WriteAPDPReg(AP reg 0x01, 0x80011140)
T3854 000:623.225 - 0.201ms returns 0
T3854 000:623.244 JLINK_CORESIGHT_ReadAPDPReg(AP reg 0x03)
T3854 000:623.544   Value=0x00000000
T3854 000:623.566 - 0.322ms returns 0
T3854 000:623.586 JLINK_CORESIGHT_WriteAPDPReg(AP reg 0x00, 0x80000002)
T3854 000:623.792 - 0.206ms returns 0
T3854 000:623.811 JLINK_CORESIGHT_WriteAPDPReg(AP reg 0x01, 0x80011130)
T3854 000:624.016 - 0.204ms returns 0
T3854 000:624.034 JLINK_CORESIGHT_ReadAPDPReg(AP reg 0x03)
T3854 000:624.403   Value=0x4EEB4692
T3854 000:624.424 - 0.390ms returns 0
T3854 000:624.443 JLINK_CORESIGHT_WriteAPDPReg(AP reg 0x00, 0x80000002)
T3854 000:624.642 - 0.199ms returns 0
T3854 000:624.660 JLINK_CORESIGHT_WriteAPDPReg(AP reg 0x01, 0x80011140)
T3854 000:624.861 - 0.201ms returns 0
T3854 000:624.879 JLINK_CORESIGHT_ReadAPDPReg(AP reg 0x03)
T3854 000:625.143   Value=0x00000000
T3854 000:625.164 - 0.285ms returns 0
T3854 000:625.182 JLINK_CORESIGHT_WriteAPDPReg(AP reg 0x00, 0x80000002)
T3854 000:625.400 - 0.217ms returns 0
T3854 000:625.418 JLINK_CORESIGHT_WriteAPDPReg(AP reg 0x01, 0x80011130)
T3854 000:625.620 - 0.201ms returns 0
T3854 000:625.639 JLINK_CORESIGHT_ReadAPDPReg(AP reg 0x03)
T3854 000:625.908   Value=0x34503036
T3854 000:625.934 - 0.295ms returns 0
T3854 000:625.953 JLINK_CORESIGHT_WriteAPDPReg(AP reg 0x00, 0x80000002)
T3854 000:626.158 - 0.205ms returns 0
T3854 000:626.177 JLINK_CORESIGHT_WriteAPDPReg(AP reg 0x01, 0x80011140)
T3854 000:626.479 - 0.301ms returns 0
T3854 000:626.504 JLINK_CORESIGHT_ReadAPDPReg(AP reg 0x03)
T3854 000:626.769   Value=0x00000000
T3854 000:626.792 - 0.288ms returns 0
T3854 000:626.809 JLINK_CORESIGHT_WriteAPDPReg(AP reg 0x00, 0x80000002)
T3854 000:627.011 - 0.201ms returns 0
T3854 000:627.029 JLINK_CORESIGHT_WriteAPDPReg(AP reg 0x01, 0x80011130)
T3854 000:627.262 - 0.232ms returns 0
T3854 000:627.280 JLINK_CORESIGHT_ReadAPDPReg(AP reg 0x03)
T3854 000:627.545   Value=0x71142D36
T3854 000:627.566 - 0.285ms returns 0
T3854 000:627.585 JLINK_CORESIGHT_WriteAPDPReg(AP reg 0x00, 0x80000002)
T3854 000:627.787 - 0.201ms returns 0
T3854 000:627.806 JLINK_CORESIGHT_WriteAPDPReg(AP reg 0x01, 0x80011140)
T3854 000:628.012 - 0.205ms returns 0
T3854 000:628.031 JLINK_CORESIGHT_ReadAPDPReg(AP reg 0x03)
T3854 000:628.400   Value=0x00000000
T3854 000:628.422 - 0.390ms returns 0
T3854 000:628.440 JLINK_CORESIGHT_WriteAPDPReg(AP reg 0x00, 0x80000002)
T3854 000:628.641 - 0.200ms returns 0
T3854 000:628.661 JLINK_CORESIGHT_WriteAPDPReg(AP reg 0x01, 0x80011130)
T3854 000:628.861 - 0.200ms returns 0
T3854 000:628.885 JLINK_CORESIGHT_ReadAPDPReg(AP reg 0x03)
T3854 000:629.156   Value=0x4637528A
T3854 000:629.178 - 0.292ms returns 0
T3854 000:629.196 JLINK_CORESIGHT_WriteAPDPReg(AP reg 0x00, 0x80000002)
T3854 000:629.400 - 0.203ms returns 0
T3854 000:629.418 JLINK_CORESIGHT_WriteAPDPReg(AP reg 0x01, 0x80011140)
T3854 000:629.620 - 0.201ms returns 0
T3854 000:629.638 JLINK_CORESIGHT_ReadAPDPReg(AP reg 0x03)
T3854 000:629.902   Value=0x00000000
T3854 000:629.924 - 0.285ms returns 0
T3854 000:629.941 JLINK_CORESIGHT_WriteAPDPReg(AP reg 0x00, 0x80000002)
T3854 000:630.143 - 0.202ms returns 0
T3854 000:630.162 JLINK_CORESIGHT_WriteAPDPReg(AP reg 0x01, 0x80011130)
T3854 000:630.368 - 0.206ms returns 0
T3854 000:630.387 JLINK_CORESIGHT_ReadAPDPReg(AP reg 0x03)
T3854 000:630.679   Value=0x314D3841
T3854 000:630.733 - 0.345ms returns 0
T3854 000:630.750 JLINK_CORESIGHT_WriteAPDPReg(AP reg 0x00, 0x80000002)
T3854 000:630.956 - 0.205ms returns 0
T3854 000:630.996 JLINK_CORESIGHT_WriteAPDPReg(AP reg 0x01, 0x80011140)
T3854 000:631.233 - 0.237ms returns 0
T3854 000:631.267 JLINK_CORESIGHT_ReadAPDPReg(AP reg 0x03)
T3854 000:631.545   Value=0x00000000
T3854 000:631.568 - 0.300ms returns 0
T3854 000:631.587 JLINK_CORESIGHT_WriteAPDPReg(AP reg 0x00, 0x80000002)
T3854 000:631.797 - 0.209ms returns 0
T3854 000:631.828 JLINK_CORESIGHT_WriteAPDPReg(AP reg 0x01, 0x80011130)
T3854 000:632.035 - 0.207ms returns 0
T3854 000:632.055 JLINK_CORESIGHT_ReadAPDPReg(AP reg 0x03)
T3854 000:632.401   Value=0x43454841
T3854 000:632.424 - 0.369ms returns 0
T3854 000:632.442 JLINK_CORESIGHT_WriteAPDPReg(AP reg 0x00, 0x80000002)
T3854 000:632.642 - 0.200ms returns 0
T3854 000:632.661 JLINK_CORESIGHT_WriteAPDPReg(AP reg 0x01, 0x80011140)
T3854 000:632.861 - 0.199ms returns 0
T3854 000:632.879 JLINK_CORESIGHT_ReadAPDPReg(AP reg 0x03)
T3854 000:633.142   Value=0x00000000
T3854 000:633.168 - 0.288ms returns 0
T3854 000:633.185 JLINK_CORESIGHT_WriteAPDPReg(AP reg 0x00, 0x80000002)
T3854 000:633.401 - 0.215ms returns 0
T3854 000:633.425 JLINK_CORESIGHT_WriteAPDPReg(AP reg 0x01, 0x80011130)
T3854 000:633.635 - 0.209ms returns 0
T3854 000:633.653 JLINK_CORESIGHT_ReadAPDPReg(AP reg 0x03)
T3854 000:633.924   Value=0x20204442
T3854 000:633.957 - 0.303ms returns 0
T3854 000:633.974 JLINK_CORESIGHT_WriteAPDPReg(AP reg 0x00, 0x80000002)
T3854 000:634.188 - 0.213ms returns 0
T3854 000:634.208 JLINK_CORESIGHT_WriteAPDPReg(AP reg 0x01, 0x80011140)
T3854 000:634.549 - 0.341ms returns 0
T3854 000:634.587 JLINK_CORESIGHT_ReadAPDPReg(AP reg 0x03)
T3854 000:634.870   Value=0x00000000
T3854 000:634.904 - 0.316ms returns 0
T3854 000:634.923 JLINK_CORESIGHT_WriteAPDPReg(AP reg 0x00, 0x80000002)
T3854 000:635.136 - 0.212ms returns 0
T3854 000:635.155 JLINK_CORESIGHT_WriteAPDPReg(AP reg 0x01, 0x80011130)
T3854 000:635.369 - 0.213ms returns 0
T3854 000:635.387 JLINK_CORESIGHT_ReadAPDPReg(AP reg 0x03)
T3854 000:635.643   Value=0x00030C20
T3854 000:635.672 - 0.285ms returns 0
T3854 000:636.263 JLINK_CORESIGHT_WriteAPDPReg(AP reg 0x00, 0x80000002)
T3854 000:636.496 - 0.233ms returns 0
T3854 000:636.514 JLINK_CORESIGHT_WriteAPDPReg(AP reg 0x01, 0x80011140)
T3854 000:636.708 - 0.193ms returns 0
T3854 000:636.725 JLINK_CORESIGHT_ReadAPDPReg(AP reg 0x03)
T3854 000:637.010   Value=0x00000002
T3854 000:637.032 - 0.306ms returns 0
T3854 000:637.047 JLINK_CORESIGHT_WriteAPDPReg(AP reg 0x00, 0x80000002)
T3854 000:637.253 - 0.205ms returns 0
T3854 000:637.270 JLINK_CORESIGHT_WriteAPDPReg(AP reg 0x01, 0x80011120)
T3854 000:637.483 - 0.213ms returns 0
T3854 000:637.500 JLINK_CORESIGHT_WriteAPDPReg(AP reg 0x03, 0x3A010001)
T3854 000:637.700 - 0.200ms returns 0
T3854 000:637.716 JLINK_CORESIGHT_WriteAPDPReg(AP reg 0x00, 0x80000002)
T3854 000:637.918 - 0.201ms returns 0
T3854 000:637.934 JLINK_CORESIGHT_WriteAPDPReg(AP reg 0x01, 0x80011140)
T3854 000:638.135 - 0.200ms returns 0
T3854 000:638.152 JLINK_CORESIGHT_ReadAPDPReg(AP reg 0x03)
T3854 000:638.405   Value=0x00000002
T3854 000:638.426 - 0.274ms returns 0
T3854 000:638.441 JLINK_CORESIGHT_WriteAPDPReg(AP reg 0x00, 0x80000002)
T3854 000:638.642 - 0.201ms returns 0
T3854 000:638.663 JLINK_CORESIGHT_WriteAPDPReg(AP reg 0x01, 0x80011120)
T3854 000:638.867 - 0.203ms returns 0
T3854 000:638.884 JLINK_CORESIGHT_WriteAPDPReg(AP reg 0x03, 0x000003C5)
T3854 000:639.086 - 0.202ms returns 0
T3854 000:639.103 JLINK_CORESIGHT_WriteAPDPReg(AP reg 0x00, 0x80000002)
T3854 000:639.368 - 0.265ms returns 0
T3854 000:639.385 JLINK_CORESIGHT_WriteAPDPReg(AP reg 0x01, 0x80011140)
T3854 000:639.587 - 0.202ms returns 0
T3854 000:639.606 JLINK_CORESIGHT_ReadAPDPReg(AP reg 0x03)
T3854 000:639.873   Value=0x00000002
T3854 000:639.895 - 0.288ms returns 0
T3854 000:639.910 JLINK_CORESIGHT_ReadAPDPReg(AP reg 0x03)
T3854 000:640.176   Value=0x00000002
T3854 000:640.198 - 0.288ms returns 0
T3854 000:640.213 JLINK_CORESIGHT_ReadAPDPReg(AP reg 0x03)
T3854 000:640.566   Value=0x00000002
T3854 000:640.589 - 0.375ms returns 0
T3854 000:640.604 JLINK_CORESIGHT_ReadAPDPReg(AP reg 0x03)
T3854 000:640.844   Value=0x00000000
T3854 000:640.866 - 0.262ms returns 0
T3854 000:640.881 JLINK_CORESIGHT_WriteAPDPReg(AP reg 0x00, 0x80000002)
T3854 000:641.084 - 0.203ms returns 0
T3854 000:641.101 JLINK_CORESIGHT_WriteAPDPReg(AP reg 0x01, 0x80011130)
T3854 000:641.368 - 0.267ms returns 0
T3854 000:641.385 JLINK_CORESIGHT_ReadAPDPReg(AP reg 0x03)
T3854 000:641.647   Value=0x3A2A0081
T3854 000:641.668 - 0.283ms returns 0
T3854 000:641.683 JLINK_CORESIGHT_WriteAPDPReg(AP reg 0x00, 0x80000002)
T3854 000:641.884 - 0.201ms returns 0
T3854 000:641.900 JLINK_CORESIGHT_WriteAPDPReg(AP reg 0x01, 0x80011140)
T3854 000:642.106 - 0.205ms returns 0
T3854 000:642.123 JLINK_CORESIGHT_ReadAPDPReg(AP reg 0x03)
T3854 000:642.362   Value=0x00000000
T3854 000:642.384 - 0.261ms returns 0
T3854 000:642.399 JLINK_CORESIGHT_WriteAPDPReg(AP reg 0x00, 0x80000002)
T3854 000:642.604 - 0.204ms returns 0
T3854 000:642.620 JLINK_CORESIGHT_WriteAPDPReg(AP reg 0x01, 0x80011130)
T3854 000:642.820 - 0.199ms returns 0
T3854 000:642.836 JLINK_CORESIGHT_ReadAPDPReg(AP reg 0x03)
T3854 000:643.100   Value=0x808D5B00
T3854 000:643.127 - 0.290ms returns 0
T3854 000:643.142 JLINK_CORESIGHT_WriteAPDPReg(AP reg 0x00, 0x80000002)
T3854 000:643.369 - 0.226ms returns 0
T3854 000:643.385 JLINK_CORESIGHT_WriteAPDPReg(AP reg 0x01, 0x80011140)
T3854 000:643.586 - 0.201ms returns 0
T3854 000:643.604 JLINK_CORESIGHT_ReadAPDPReg(AP reg 0x03)
T3854 000:643.850   Value=0x00000000
T3854 000:643.872 - 0.267ms returns 0
T3854 000:643.887 JLINK_CORESIGHT_WriteAPDPReg(AP reg 0x00, 0x80000002)
T3854 000:644.094 - 0.207ms returns 0
T3854 000:644.129 JLINK_CORESIGHT_WriteAPDPReg(AP reg 0x01, 0x80011130)
T3854 000:644.370 - 0.240ms returns 0
T3854 000:644.389 JLINK_CORESIGHT_ReadAPDPReg(AP reg 0x03)
T3854 000:644.645   Value=0x0603030B
T3854 000:644.671 - 0.282ms returns 0
T3854 000:644.687 JLINK_CORESIGHT_WriteAPDPReg(AP reg 0x00, 0x80000002)
T3854 000:644.902 - 0.215ms returns 0
T3854 000:644.941 JLINK_CORESIGHT_WriteAPDPReg(AP reg 0x01, 0x80011140)
T3854 000:645.164 - 0.222ms returns 0
T3854 000:645.203 JLINK_CORESIGHT_ReadAPDPReg(AP reg 0x03)
T3854 000:645.543   Value=0x00000000
T3854 000:645.580 - 0.377ms returns 0
T3854 000:645.599 JLINK_CORESIGHT_WriteAPDPReg(AP reg 0x00, 0x80000002)
T3854 000:645.848 - 0.248ms returns 0
T3854 000:645.916 JLINK_CORESIGHT_WriteAPDPReg(AP reg 0x01, 0x80011130)
T3854 000:646.160 - 0.243ms returns 0
T3854 000:646.189 JLINK_CORESIGHT_ReadAPDPReg(AP reg 0x03)
T3854 000:646.542   Value=0x2E4B4E20
T3854 000:646.570 - 0.381ms returns 0
T3854 000:646.587 JLINK_CORESIGHT_WriteAPDPReg(AP reg 0x00, 0x80000002)
T3854 000:646.790 - 0.202ms returns 0
T3854 000:646.808 JLINK_CORESIGHT_WriteAPDPReg(AP reg 0x01, 0x80011140)
T3854 000:647.015 - 0.206ms returns 0
T3854 000:647.033 JLINK_CORESIGHT_ReadAPDPReg(AP reg 0x03)
T3854 000:647.374   Value=0x00000000
T3854 000:647.405 - 0.371ms returns 0
T3854 000:647.421 JLINK_CORESIGHT_WriteAPDPReg(AP reg 0x00, 0x80000002)
T3854 000:647.631 - 0.209ms returns 0
T3854 000:647.648 JLINK_CORESIGHT_WriteAPDPReg(AP reg 0x01, 0x80011130)
T3854 000:647.856 - 0.207ms returns 0
T3854 000:647.874 JLINK_CORESIGHT_ReadAPDPReg(AP reg 0x03)
T3854 000:648.149   Value=0x4EEB4692
T3854 000:648.185 - 0.311ms returns 0
T3854 000:648.202 JLINK_CORESIGHT_WriteAPDPReg(AP reg 0x00, 0x80000002)
T3854 000:648.502 - 0.299ms returns 0
T3854 000:648.527 JLINK_CORESIGHT_WriteAPDPReg(AP reg 0x01, 0x80011140)
T3854 000:648.736 - 0.208ms returns 0
T3854 000:648.754 JLINK_CORESIGHT_ReadAPDPReg(AP reg 0x03)
T3854 000:649.026   Value=0x00000000
T3854 000:649.050 - 0.296ms returns 0
T3854 000:649.067 JLINK_CORESIGHT_WriteAPDPReg(AP reg 0x00, 0x80000002)
T3854 000:649.277 - 0.210ms returns 0
T3854 000:649.295 JLINK_CORESIGHT_WriteAPDPReg(AP reg 0x01, 0x80011130)
T3854 000:649.498 - 0.203ms returns 0
T3854 000:649.515 JLINK_CORESIGHT_ReadAPDPReg(AP reg 0x03)
T3854 000:649.775   Value=0x34503036
T3854 000:649.799 - 0.283ms returns 0
T3854 000:649.814 JLINK_CORESIGHT_WriteAPDPReg(AP reg 0x00, 0x80000002)
T3854 000:650.026 - 0.211ms returns 0
T3854 000:650.044 JLINK_CORESIGHT_WriteAPDPReg(AP reg 0x01, 0x80011140)
T3854 000:650.256 - 0.212ms returns 0
T3854 000:650.275 JLINK_CORESIGHT_ReadAPDPReg(AP reg 0x03)
T3854 000:650.561   Value=0x00000000
T3854 000:650.598 - 0.323ms returns 0
T3854 000:650.615 JLINK_CORESIGHT_WriteAPDPReg(AP reg 0x00, 0x80000002)
T3854 000:650.815 - 0.199ms returns 0
T3854 000:650.847 JLINK_CORESIGHT_WriteAPDPReg(AP reg 0x01, 0x80011130)
T3854 000:651.064 - 0.217ms returns 0
T3854 000:651.093 JLINK_CORESIGHT_ReadAPDPReg(AP reg 0x03)
T3854 000:651.377   Value=0x71142D36
T3854 000:651.411 - 0.318ms returns 0
T3854 000:651.428 JLINK_CORESIGHT_WriteAPDPReg(AP reg 0x00, 0x80000002)
T3854 000:651.641 - 0.212ms returns 0
T3854 000:651.661 JLINK_CORESIGHT_WriteAPDPReg(AP reg 0x01, 0x80011140)
T3854 000:651.870 - 0.209ms returns 0
T3854 000:651.890 JLINK_CORESIGHT_ReadAPDPReg(AP reg 0x03)
T3854 000:652.158   Value=0x00000000
T3854 000:652.182 - 0.291ms returns 0
T3854 000:652.199 JLINK_CORESIGHT_WriteAPDPReg(AP reg 0x00, 0x80000002)
T3854 000:652.413 - 0.214ms returns 0
T3854 000:652.447 JLINK_CORESIGHT_WriteAPDPReg(AP reg 0x01, 0x80011130)
T3854 000:652.645 - 0.197ms returns 0
T3854 000:652.664 JLINK_CORESIGHT_ReadAPDPReg(AP reg 0x03)
T3854 000:652.934   Value=0x4637528A
T3854 000:652.957 - 0.292ms returns 0
T3854 000:652.972 JLINK_CORESIGHT_WriteAPDPReg(AP reg 0x00, 0x80000002)
T3854 000:653.193 - 0.220ms returns 0
T3854 000:653.211 JLINK_CORESIGHT_WriteAPDPReg(AP reg 0x01, 0x80011140)
T3854 000:653.484 - 0.273ms returns 0
T3854 000:653.502 JLINK_CORESIGHT_ReadAPDPReg(AP reg 0x03)
T3854 000:653.773   Value=0x00000000
T3854 000:653.797 - 0.295ms returns 0
T3854 000:653.813 JLINK_CORESIGHT_WriteAPDPReg(AP reg 0x00, 0x80000002)
T3854 000:654.016 - 0.203ms returns 0
T3854 000:654.033 JLINK_CORESIGHT_WriteAPDPReg(AP reg 0x01, 0x80011130)
T3854 000:654.245 - 0.211ms returns 0
T3854 000:654.270 JLINK_CORESIGHT_ReadAPDPReg(AP reg 0x03)
T3854 000:654.548   Value=0x314D3841
T3854 000:654.572 - 0.301ms returns 0
T3854 000:654.587 JLINK_CORESIGHT_WriteAPDPReg(AP reg 0x00, 0x80000002)
T3854 000:654.796 - 0.209ms returns 0
T3854 000:654.815 JLINK_CORESIGHT_WriteAPDPReg(AP reg 0x01, 0x80011140)
T3854 000:655.022 - 0.206ms returns 0
T3854 000:655.040 JLINK_CORESIGHT_ReadAPDPReg(AP reg 0x03)
T3854 000:655.420   Value=0x00000000
T3854 000:655.449 - 0.408ms returns 0
T3854 000:655.464 JLINK_CORESIGHT_WriteAPDPReg(AP reg 0x00, 0x80000002)
T3854 000:655.680 - 0.215ms returns 0
T3854 000:655.697 JLINK_CORESIGHT_WriteAPDPReg(AP reg 0x01, 0x80011130)
T3854 000:655.906 - 0.208ms returns 0
T3854 000:655.924 JLINK_CORESIGHT_ReadAPDPReg(AP reg 0x03)
T3854 000:656.192   Value=0x43454841
T3854 000:656.224 - 0.299ms returns 0
T3854 000:656.239 JLINK_CORESIGHT_WriteAPDPReg(AP reg 0x00, 0x80000002)
T3854 000:656.480 - 0.240ms returns 0
T3854 000:656.498 JLINK_CORESIGHT_WriteAPDPReg(AP reg 0x01, 0x80011140)
T3854 000:656.706 - 0.208ms returns 0
T3854 000:656.724 JLINK_CORESIGHT_ReadAPDPReg(AP reg 0x03)
T3854 000:656.996   Value=0x00000000
T3854 000:657.019 - 0.295ms returns 0
T3854 000:657.035 JLINK_CORESIGHT_WriteAPDPReg(AP reg 0x00, 0x80000002)
T3854 000:657.238 - 0.203ms returns 0
T3854 000:657.260 JLINK_CORESIGHT_WriteAPDPReg(AP reg 0x01, 0x80011130)
T3854 000:657.480 - 0.219ms returns 0
T3854 000:657.498 JLINK_CORESIGHT_ReadAPDPReg(AP reg 0x03)
T3854 000:657.768   Value=0x20204442
T3854 000:657.791 - 0.293ms returns 0
T3854 000:657.807 JLINK_CORESIGHT_WriteAPDPReg(AP reg 0x00, 0x80000002)
T3854 000:658.011 - 0.204ms returns 0
T3854 000:658.029 JLINK_CORESIGHT_WriteAPDPReg(AP reg 0x01, 0x80011140)
T3854 000:658.268 - 0.238ms returns 0
T3854 000:658.287 JLINK_CORESIGHT_ReadAPDPReg(AP reg 0x03)
T3854 000:658.559   Value=0x00000000
T3854 000:658.583 - 0.296ms returns 0
T3854 000:658.599 JLINK_CORESIGHT_WriteAPDPReg(AP reg 0x00, 0x80000002)
T3854 000:658.808 - 0.209ms returns 0
T3854 000:658.826 JLINK_CORESIGHT_WriteAPDPReg(AP reg 0x01, 0x80011130)
T3854 000:659.033 - 0.207ms returns 0
T3854 000:659.050 JLINK_CORESIGHT_ReadAPDPReg(AP reg 0x03)
T3854 000:659.382   Value=0x00030C20
T3854 000:659.413 - 0.362ms returns 0
T3854 000:659.441 JLINK_CORESIGHT_WriteAPDPReg(AP reg 0x00, 0x80000002)
T3854 000:659.645 - 0.203ms returns 0
T3854 000:659.662 JLINK_CORESIGHT_WriteAPDPReg(AP reg 0x01, 0x80011140)
T3854 000:659.866 - 0.204ms returns 0
T3854 000:659.884 JLINK_CORESIGHT_ReadAPDPReg(AP reg 0x03)
T3854 000:660.157   Value=0x00000002
T3854 000:660.181 - 0.296ms returns 0
T3854 000:660.196 JLINK_CORESIGHT_WriteAPDPReg(AP reg 0x00, 0x80000002)
T3854 000:660.406 - 0.210ms returns 0
T3854 000:660.424 JLINK_CORESIGHT_WriteAPDPReg(AP reg 0x01, 0x80011120)
T3854 000:660.704 - 0.280ms returns 0
T3854 000:660.722 JLINK_CORESIGHT_WriteAPDPReg(AP reg 0x03, 0x2C010001)
T3854 000:660.931 - 0.208ms returns 0
T3854 000:660.961 JLINK_CORESIGHT_WriteAPDPReg(AP reg 0x00, 0x80000002)
T3854 000:661.199 - 0.238ms returns 0
T3854 000:661.227 JLINK_CORESIGHT_WriteAPDPReg(AP reg 0x01, 0x80011140)
T3854 000:661.483 - 0.255ms returns 0
T3854 000:661.521 JLINK_CORESIGHT_ReadAPDPReg(AP reg 0x03)
T3854 000:661.803   Value=0x00000002
T3854 000:661.838 - 0.316ms returns 0
T3854 000:661.863 JLINK_CORESIGHT_WriteAPDPReg(AP reg 0x00, 0x80000002)
T3854 000:662.087 - 0.223ms returns 0
T3854 000:662.124 JLINK_CORESIGHT_WriteAPDPReg(AP reg 0x01, 0x80011120)
T3854 000:662.375 - 0.251ms returns 0
T3854 000:662.412 JLINK_CORESIGHT_WriteAPDPReg(AP reg 0x03, 0x000003D3)
T3854 000:662.628 - 0.216ms returns 0
T3854 000:662.656 JLINK_CORESIGHT_WriteAPDPReg(AP reg 0x00, 0x80000002)
T3854 000:662.867 - 0.210ms returns 0
T3854 000:662.887 JLINK_CORESIGHT_WriteAPDPReg(AP reg 0x01, 0x80011140)
T3854 000:663.094 - 0.207ms returns 0
T3854 000:663.114 JLINK_CORESIGHT_ReadAPDPReg(AP reg 0x03)
T3854 000:663.371   Value=0x00000002
T3854 000:663.395 - 0.280ms returns 0
T3854 000:663.421 JLINK_CORESIGHT_ReadAPDPReg(AP reg 0x03)
T3854 000:663.688   Value=0x00000002
T3854 000:663.712 - 0.291ms returns 0
T3854 000:663.731 JLINK_CORESIGHT_ReadAPDPReg(AP reg 0x03)
T3854 000:663.970   Value=0x00000002
T3854 000:663.995 - 0.263ms returns 0
T3854 000:664.013 JLINK_CORESIGHT_ReadAPDPReg(AP reg 0x03)
T3854 000:664.252   Value=0x00000002
T3854 000:664.275 - 0.262ms returns 0
T3854 000:664.292 JLINK_CORESIGHT_ReadAPDPReg(AP reg 0x03)
T3854 000:664.532   Value=0x00000002
T3854 000:664.556 - 0.263ms returns 0
T3854 000:664.575 JLINK_CORESIGHT_ReadAPDPReg(AP reg 0x03)
T3854 000:664.813   Value=0x00000002
T3854 000:664.837 - 0.261ms returns 0
T3854 000:664.856 JLINK_CORESIGHT_ReadAPDPReg(AP reg 0x03)
T3854 000:665.093   Value=0x00000002
T3854 000:665.116 - 0.260ms returns 0
T3854 000:665.133 JLINK_CORESIGHT_ReadAPDPReg(AP reg 0x03)
T3854 000:665.369   Value=0x00000002
T3854 000:665.392 - 0.258ms returns 0
T3854 000:665.411 JLINK_CORESIGHT_ReadAPDPReg(AP reg 0x03)
T3854 000:665.643   Value=0x00000002
T3854 000:665.667 - 0.256ms returns 0
T3854 000:665.684 JLINK_CORESIGHT_ReadAPDPReg(AP reg 0x03)
T3854 000:665.949   Value=0x00000002
T3854 000:665.974 - 0.289ms returns 0
T3854 000:665.993 JLINK_CORESIGHT_ReadAPDPReg(AP reg 0x03)
T3854 000:666.230   Value=0x00000002
T3854 000:666.254 - 0.261ms returns 0
T3854 000:666.271 JLINK_CORESIGHT_ReadAPDPReg(AP reg 0x03)
T3854 000:666.517   Value=0x00000002
T3854 000:666.542 - 0.270ms returns 0
T3854 000:666.562 JLINK_CORESIGHT_ReadAPDPReg(AP reg 0x03)
T3854 000:666.797   Value=0x00000000
T3854 000:666.821 - 0.259ms returns 0
T3854 000:666.839 JLINK_CORESIGHT_WriteAPDPReg(AP reg 0x00, 0x80000002)
T3854 000:667.060 - 0.221ms returns 0
T3854 000:667.086 JLINK_CORESIGHT_WriteAPDPReg(AP reg 0x01, 0x80011130)
T3854 000:667.371 - 0.284ms returns 0
T3854 000:667.409 JLINK_CORESIGHT_ReadAPDPReg(AP reg 0x03)
T3854 000:667.696   Value=0x2C020081
T3854 000:667.727 - 0.318ms returns 0
T3854 000:667.749 JLINK_CORESIGHT_WriteAPDPReg(AP reg 0x00, 0x80000002)
T3854 000:667.961 - 0.212ms returns 0
T3854 000:667.998 JLINK_CORESIGHT_WriteAPDPReg(AP reg 0x01, 0x80011140)
T3854 000:668.212 - 0.213ms returns 0
T3854 000:668.235 JLINK_CORESIGHT_ReadAPDPReg(AP reg 0x03)
T3854 000:668.553   Value=0x00000000
T3854 000:668.582 - 0.346ms returns 0
T3854 000:668.601 JLINK_CORESIGHT_WriteAPDPReg(AP reg 0x00, 0x80000002)
T3854 000:668.806 - 0.204ms returns 0
T3854 000:668.826 JLINK_CORESIGHT_WriteAPDPReg(AP reg 0x01, 0x80011130)
T3854 000:669.033 - 0.206ms returns 0
T3854 000:669.057 JLINK_CORESIGHT_ReadAPDPReg(AP reg 0x03)
T3854 000:669.375   Value=0x0003CE04
T3854 000:669.419 - 0.361ms returns 0
T3854 000:670.007 JLINK_CORESIGHT_WriteAPDPReg(AP reg 0x00, 0x80000002)
T3854 000:670.311 - 0.304ms returns 0
T3854 000:670.335 JLINK_CORESIGHT_WriteAPDPReg(AP reg 0x01, 0x80011140)
T3854 000:670.678 - 0.342ms returns 0
T3854 000:670.707 JLINK_CORESIGHT_ReadAPDPReg(AP reg 0x03)
T3854 000:671.052   Value=0x00000002
T3854 000:671.088 - 0.381ms returns 0
T3854 000:671.104 JLINK_CORESIGHT_WriteAPDPReg(AP reg 0x00, 0x80000002)
T3854 000:671.411 - 0.306ms returns 0
T3854 000:671.438 JLINK_CORESIGHT_WriteAPDPReg(AP reg 0x01, 0x80011120)
T3854 000:671.682 - 0.243ms returns 0
T3854 000:671.699 JLINK_CORESIGHT_WriteAPDPReg(AP reg 0x03, 0x73010001)
T3854 000:671.968 - 0.268ms returns 0
T3854 000:671.984 JLINK_CORESIGHT_WriteAPDPReg(AP reg 0x00, 0x80000002)
T3854 000:672.235 - 0.250ms returns 0
T3854 000:672.252 JLINK_CORESIGHT_WriteAPDPReg(AP reg 0x01, 0x80011140)
T3854 000:672.475 - 0.223ms returns 0
T3854 000:672.492 JLINK_CORESIGHT_ReadAPDPReg(AP reg 0x03)
T3854 000:672.761   Value=0x00000002
T3854 000:672.783 - 0.291ms returns 0
T3854 000:672.798 JLINK_CORESIGHT_WriteAPDPReg(AP reg 0x00, 0x80000002)
T3854 000:672.999 - 0.201ms returns 0
T3854 000:673.016 JLINK_CORESIGHT_WriteAPDPReg(AP reg 0x01, 0x80011120)
T3854 000:673.217 - 0.200ms returns 0
T3854 000:673.234 JLINK_CORESIGHT_WriteAPDPReg(AP reg 0x03, 0x0000038C)
T3854 000:673.479 - 0.244ms returns 0
T3854 000:673.497 JLINK_CORESIGHT_WriteAPDPReg(AP reg 0x00, 0x80000002)
T3854 000:673.704 - 0.206ms returns 0
T3854 000:673.721 JLINK_CORESIGHT_WriteAPDPReg(AP reg 0x01, 0x80011140)
T3854 000:673.930 - 0.209ms returns 0
T3854 000:673.948 JLINK_CORESIGHT_ReadAPDPReg(AP reg 0x03)
T3854 000:674.211   Value=0x00000002
T3854 000:674.233 - 0.285ms returns 0
T3854 000:674.248 JLINK_CORESIGHT_ReadAPDPReg(AP reg 0x03)
T3854 000:674.541   Value=0x00000002
T3854 000:674.568 - 0.320ms returns 0
T3854 000:674.583 JLINK_CORESIGHT_ReadAPDPReg(AP reg 0x03)
T3854 000:674.821   Value=0x00000002
T3854 000:674.843 - 0.260ms returns 0
T3854 000:674.858 JLINK_CORESIGHT_ReadAPDPReg(AP reg 0x03)
T3854 000:675.122   Value=0x00000002
T3854 000:675.144 - 0.286ms returns 0
T3854 000:675.159 JLINK_CORESIGHT_ReadAPDPReg(AP reg 0x03)
T3854 000:675.405   Value=0x00000002
T3854 000:675.427 - 0.268ms returns 0
T3854 000:675.442 JLINK_CORESIGHT_ReadAPDPReg(AP reg 0x03)
T3854 000:675.705   Value=0x00000002
T3854 000:675.726 - 0.284ms returns 0
T3854 000:675.741 JLINK_CORESIGHT_ReadAPDPReg(AP reg 0x03)
T3854 000:676.005   Value=0x00000002
T3854 000:676.027 - 0.286ms returns 0
T3854 000:676.042 JLINK_CORESIGHT_ReadAPDPReg(AP reg 0x03)
T3854 000:676.275   Value=0x00000002
T3854 000:676.298 - 0.256ms returns 0
T3854 000:676.317 JLINK_CORESIGHT_ReadAPDPReg(AP reg 0x03)
T3854 000:676.590   Value=0x00000002
T3854 000:676.624 - 0.307ms returns 0
T3854 000:676.643 JLINK_CORESIGHT_ReadAPDPReg(AP reg 0x03)
T3854 000:676.887   Value=0x00000002
T3854 000:676.920 - 0.277ms returns 0
T3854 000:676.936 JLINK_CORESIGHT_ReadAPDPReg(AP reg 0x03)
T3854 000:677.211   Value=0x00000002
T3854 000:677.240 - 0.303ms returns 0
T3854 000:677.255 JLINK_CORESIGHT_ReadAPDPReg(AP reg 0x03)
T3854 000:677.518   Value=0x00000000
T3854 000:677.544 - 0.289ms returns 0
T3854 000:677.559 JLINK_CORESIGHT_WriteAPDPReg(AP reg 0x00, 0x80000002)
T3854 000:677.767 - 0.207ms returns 0
T3854 000:677.784 JLINK_CORESIGHT_WriteAPDPReg(AP reg 0x01, 0x80011130)
T3854 000:677.986 - 0.201ms returns 0
T3854 000:678.002 JLINK_CORESIGHT_ReadAPDPReg(AP reg 0x03)
T3854 000:678.268   Value=0x73020081
T3854 000:678.291 - 0.288ms returns 0
T3854 000:678.306 JLINK_CORESIGHT_WriteAPDPReg(AP reg 0x00, 0x80000002)
T3854 000:678.515 - 0.209ms returns 0
T3854 000:678.533 JLINK_CORESIGHT_WriteAPDPReg(AP reg 0x01, 0x80011140)
T3854 000:678.735 - 0.201ms returns 0
T3854 000:678.751 JLINK_CORESIGHT_ReadAPDPReg(AP reg 0x03)
T3854 000:679.014   Value=0x00000000
T3854 000:679.036 - 0.284ms returns 0
T3854 000:679.051 JLINK_CORESIGHT_WriteAPDPReg(AP reg 0x00, 0x80000002)
T3854 000:679.253 - 0.201ms returns 0
T3854 000:679.269 JLINK_CORESIGHT_WriteAPDPReg(AP reg 0x01, 0x80011130)
T3854 000:679.471 - 0.201ms returns 0
T3854 000:679.488 JLINK_CORESIGHT_ReadAPDPReg(AP reg 0x03)
T3854 000:679.751   Value=0x00038902
T3854 000:679.773 - 0.284ms returns 0
T3854 000:679.790 JLINK_CORESIGHT_WriteAPDPReg(AP reg 0x00, 0x80000002)
T3854 000:679.991 - 0.200ms returns 0
T3854 000:680.007 JLINK_CORESIGHT_WriteAPDPReg(AP reg 0x01, 0x80011140)
T3854 000:680.210 - 0.202ms returns 0
T3854 000:680.227 JLINK_CORESIGHT_ReadAPDPReg(AP reg 0x03)
T3854 000:680.544   Value=0x00000002
T3854 000:680.586 - 0.358ms returns 0
T3854 000:680.602 JLINK_CORESIGHT_WriteAPDPReg(AP reg 0x00, 0x80000002)
T3854 000:680.793 - 0.190ms returns 0
T3854 000:680.814 JLINK_CORESIGHT_WriteAPDPReg(AP reg 0x01, 0x80011120)
T3854 000:681.018 - 0.203ms returns 0
T3854 000:681.035 JLINK_CORESIGHT_WriteAPDPReg(AP reg 0x03, 0x75010001)
T3854 000:681.237 - 0.201ms returns 0
T3854 000:681.253 JLINK_CORESIGHT_WriteAPDPReg(AP reg 0x00, 0x80000002)
T3854 000:681.478 - 0.224ms returns 0
T3854 000:681.494 JLINK_CORESIGHT_WriteAPDPReg(AP reg 0x01, 0x80011140)
T3854 000:681.695 - 0.200ms returns 0
T3854 000:681.712 JLINK_CORESIGHT_ReadAPDPReg(AP reg 0x03)
T3854 000:681.975   Value=0x00000002
T3854 000:681.996 - 0.284ms returns 0
T3854 000:682.012 JLINK_CORESIGHT_WriteAPDPReg(AP reg 0x00, 0x80000002)
T3854 000:682.216 - 0.204ms returns 0
T3854 000:682.234 JLINK_CORESIGHT_WriteAPDPReg(AP reg 0x01, 0x80011120)
T3854 000:682.480 - 0.246ms returns 0
T3854 000:682.498 JLINK_CORESIGHT_WriteAPDPReg(AP reg 0x03, 0x0000038A)
T3854 000:682.705 - 0.207ms returns 0
T3854 000:682.722 JLINK_CORESIGHT_WriteAPDPReg(AP reg 0x00, 0x80000002)
T3854 000:682.925 - 0.202ms returns 0
T3854 000:682.941 JLINK_CORESIGHT_WriteAPDPReg(AP reg 0x01, 0x80011140)
T3854 000:683.143 - 0.201ms returns 0
T3854 000:683.160 JLINK_CORESIGHT_ReadAPDPReg(AP reg 0x03)
T3854 000:683.405   Value=0x00000002
T3854 000:683.427 - 0.266ms returns 0
T3854 000:683.441 JLINK_CORESIGHT_ReadAPDPReg(AP reg 0x03)
T3854 000:683.687   Value=0x00000002
T3854 000:683.718 - 0.276ms returns 0
T3854 000:683.734 JLINK_CORESIGHT_ReadAPDPReg(AP reg 0x03)
T3854 000:683.976   Value=0x00000002
T3854 000:684.009 - 0.275ms returns 0
T3854 000:684.025 JLINK_CORESIGHT_ReadAPDPReg(AP reg 0x03)
T3854 000:684.376   Value=0x00000002
T3854 000:684.410 - 0.384ms returns 0
T3854 000:684.425 JLINK_CORESIGHT_ReadAPDPReg(AP reg 0x03)
T3854 000:684.719   Value=0x00000000
T3854 000:684.762 - 0.336ms returns 0
T3854 000:684.779 JLINK_CORESIGHT_WriteAPDPReg(AP reg 0x00, 0x80000002)
T3854 000:684.990 - 0.211ms returns 0
T3854 000:685.008 JLINK_CORESIGHT_WriteAPDPReg(AP reg 0x01, 0x80011130)
T3854 000:685.213 - 0.205ms returns 0
T3854 000:685.230 JLINK_CORESIGHT_ReadAPDPReg(AP reg 0x03)
T3854 000:685.568   Value=0x75020081
T3854 000:685.590 - 0.359ms returns 0
T3854 000:685.604 JLINK_CORESIGHT_WriteAPDPReg(AP reg 0x00, 0x80000002)
T3854 000:685.805 - 0.201ms returns 0
T3854 000:685.822 JLINK_CORESIGHT_WriteAPDPReg(AP reg 0x01, 0x80011140)
T3854 000:686.023 - 0.200ms returns 0
T3854 000:686.039 JLINK_CORESIGHT_ReadAPDPReg(AP reg 0x03)
T3854 000:686.378   Value=0x00000000
T3854 000:686.406 - 0.366ms returns 0
T3854 000:686.422 JLINK_CORESIGHT_WriteAPDPReg(AP reg 0x00, 0x80000002)
T3854 000:686.632 - 0.210ms returns 0
T3854 000:686.655 JLINK_CORESIGHT_WriteAPDPReg(AP reg 0x01, 0x80011130)
T3854 000:686.867 - 0.212ms returns 0
T3854 000:686.884 JLINK_CORESIGHT_ReadAPDPReg(AP reg 0x03)
T3854 000:687.155   Value=0x00038702
T3854 000:687.177 - 0.292ms returns 0
T3854 000:687.201 JLINK_CORESIGHT_WriteAPDPReg(AP reg 0x00, 0x80000002)
T3854 000:687.476 - 0.275ms returns 0
T3854 000:687.493 JLINK_CORESIGHT_WriteAPDPReg(AP reg 0x01, 0x80011140)
T3854 000:687.695 - 0.201ms returns 0
T3854 000:687.712 JLINK_CORESIGHT_ReadAPDPReg(AP reg 0x03)
T3854 000:687.975   Value=0x00000002
T3854 000:687.996 - 0.284ms returns 0
T3854 000:688.011 JLINK_CORESIGHT_WriteAPDPReg(AP reg 0x00, 0x80000002)
T3854 000:688.213 - 0.201ms returns 0
T3854 000:688.229 JLINK_CORESIGHT_WriteAPDPReg(AP reg 0x01, 0x80011120)
T3854 000:688.477 - 0.248ms returns 0
T3854 000:688.494 JLINK_CORESIGHT_WriteAPDPReg(AP reg 0x03, 0x4F010001)
T3854 000:688.694 - 0.199ms returns 0
T3854 000:688.710 JLINK_CORESIGHT_WriteAPDPReg(AP reg 0x00, 0x80000002)
T3854 000:688.912 - 0.201ms returns 0
T3854 000:688.933 JLINK_CORESIGHT_WriteAPDPReg(AP reg 0x01, 0x80011140)
T3854 000:689.136 - 0.203ms returns 0
T3854 000:689.153 JLINK_CORESIGHT_ReadAPDPReg(AP reg 0x03)
T3854 000:689.405   Value=0x00000002
T3854 000:689.427 - 0.273ms returns 0
T3854 000:689.442 JLINK_CORESIGHT_WriteAPDPReg(AP reg 0x00, 0x80000002)
T3854 000:689.642 - 0.199ms returns 0
T3854 000:689.658 JLINK_CORESIGHT_WriteAPDPReg(AP reg 0x01, 0x80011120)
T3854 000:689.860 - 0.201ms returns 0
T3854 000:689.876 JLINK_CORESIGHT_WriteAPDPReg(AP reg 0x03, 0x000003B0)
T3854 000:690.077 - 0.200ms returns 0
T3854 000:690.094 JLINK_CORESIGHT_WriteAPDPReg(AP reg 0x00, 0x80000002)
T3854 000:690.363 - 0.268ms returns 0
T3854 000:690.379 JLINK_CORESIGHT_WriteAPDPReg(AP reg 0x01, 0x80011140)
T3854 000:690.587 - 0.207ms returns 0
T3854 000:690.603 JLINK_CORESIGHT_ReadAPDPReg(AP reg 0x03)
T3854 000:690.839   Value=0x00000002
T3854 000:690.861 - 0.257ms returns 0
T3854 000:690.876 JLINK_CORESIGHT_ReadAPDPReg(AP reg 0x03)
T3854 000:691.143   Value=0x00000002
T3854 000:691.168 - 0.292ms returns 0
T3854 000:691.184 JLINK_CORESIGHT_ReadAPDPReg(AP reg 0x03)
T3854 000:691.430   Value=0x00000002
T3854 000:691.452 - 0.268ms returns 0
T3854 000:691.467 JLINK_CORESIGHT_ReadAPDPReg(AP reg 0x03)
T3854 000:691.730   Value=0x00000000
T3854 000:691.752 - 0.285ms returns 0
T3854 000:691.769 JLINK_CORESIGHT_WriteAPDPReg(AP reg 0x00, 0x80000002)
T3854 000:691.985 - 0.215ms returns 0
T3854 000:692.012 JLINK_CORESIGHT_WriteAPDPReg(AP reg 0x01, 0x80011130)
T3854 000:692.223 - 0.211ms returns 0
T3854 000:692.257 JLINK_CORESIGHT_ReadAPDPReg(AP reg 0x03)
T3854 000:692.540   Value=0x4F0B0081
T3854 000:692.563 - 0.306ms returns 0
T3854 000:692.578 JLINK_CORESIGHT_WriteAPDPReg(AP reg 0x00, 0x80000002)
T3854 000:692.783 - 0.204ms returns 0
T3854 000:692.810 JLINK_CORESIGHT_WriteAPDPReg(AP reg 0x01, 0x80011140)
T3854 000:693.021 - 0.210ms returns 0
T3854 000:693.051 JLINK_CORESIGHT_ReadAPDPReg(AP reg 0x03)
T3854 000:693.386   Value=0x00000000
T3854 000:693.409 - 0.358ms returns 0
T3854 000:693.424 JLINK_CORESIGHT_WriteAPDPReg(AP reg 0x00, 0x80000002)
T3854 000:693.631 - 0.206ms returns 0
T3854 000:693.647 JLINK_CORESIGHT_WriteAPDPReg(AP reg 0x01, 0x80011130)
T3854 000:693.849 - 0.201ms returns 0
T3854 000:693.866 JLINK_CORESIGHT_ReadAPDPReg(AP reg 0x03)
T3854 000:694.129   Value=0xE03F0000
T3854 000:694.151 - 0.285ms returns 0
T3854 000:694.166 JLINK_CORESIGHT_WriteAPDPReg(AP reg 0x00, 0x80000002)
T3854 000:694.369 - 0.202ms returns 0
T3854 000:694.385 JLINK_CORESIGHT_WriteAPDPReg(AP reg 0x01, 0x80011140)
T3854 000:694.588 - 0.202ms returns 0
T3854 000:694.604 JLINK_CORESIGHT_ReadAPDPReg(AP reg 0x03)
T3854 000:694.868   Value=0x00000000
T3854 000:694.890 - 0.285ms returns 0
T3854 000:694.909 JLINK_CORESIGHT_WriteAPDPReg(AP reg 0x00, 0x80000002)
T3854 000:695.110 - 0.200ms returns 0
T3854 000:695.128 JLINK_CORESIGHT_WriteAPDPReg(AP reg 0x01, 0x80011130)
T3854 000:695.368 - 0.239ms returns 0
T3854 000:695.387 JLINK_CORESIGHT_ReadAPDPReg(AP reg 0x03)
T3854 000:695.647   Value=0x00003F00
T3854 000:695.669 - 0.282ms returns 0
T3854 000:695.687 JLINK_CORESIGHT_WriteAPDPReg(AP reg 0x00, 0x80000002)
T3854 000:695.894 - 0.206ms returns 0
T3854 000:695.916 JLINK_CORESIGHT_WriteAPDPReg(AP reg 0x01, 0x80011140)
T3854 000:696.120 - 0.203ms returns 0
T3854 000:696.139 JLINK_CORESIGHT_ReadAPDPReg(AP reg 0x03)
T3854 000:696.400   Value=0x00000000
T3854 000:696.422 - 0.282ms returns 0
T3854 000:696.441 JLINK_CORESIGHT_WriteAPDPReg(AP reg 0x00, 0x80000002)
T3854 000:696.641 - 0.200ms returns 0
T3854 000:696.659 JLINK_CORESIGHT_WriteAPDPReg(AP reg 0x01, 0x80011130)
T3854 000:696.859 - 0.199ms returns 0
T3854 000:696.877 JLINK_CORESIGHT_ReadAPDPReg(AP reg 0x03)
T3854 000:697.146   Value=0x03480000
T3854 000:697.167 - 0.290ms returns 0
T3854 000:697.787 JLINK_CORESIGHT_WriteAPDPReg(AP reg 0x00, 0x80000002)
T3854 000:698.010 - 0.222ms returns 0
T3854 000:698.032 JLINK_CORESIGHT_WriteAPDPReg(AP reg 0x01, 0x80011140)
T3854 000:698.237 - 0.204ms returns 0
T3854 000:698.254 JLINK_CORESIGHT_ReadAPDPReg(AP reg 0x03)
T3854 000:698.540   Value=0x00000002
T3854 000:698.562 - 0.307ms returns 0
T3854 000:698.577 JLINK_CORESIGHT_WriteAPDPReg(AP reg 0x00, 0x80000002)
T3854 000:698.783 - 0.205ms returns 0
T3854 000:698.800 JLINK_CORESIGHT_WriteAPDPReg(AP reg 0x01, 0x80011120)
T3854 000:699.002 - 0.202ms returns 0
T3854 000:699.019 JLINK_CORESIGHT_WriteAPDPReg(AP reg 0x03, 0x2C010001)
T3854 000:699.219 - 0.200ms returns 0
T3854 000:699.236 JLINK_CORESIGHT_WriteAPDPReg(AP reg 0x00, 0x80000002)
T3854 000:699.479 - 0.242ms returns 0
T3854 000:699.496 JLINK_CORESIGHT_WriteAPDPReg(AP reg 0x01, 0x80011140)
T3854 000:699.695 - 0.199ms returns 0
T3854 000:699.712 JLINK_CORESIGHT_ReadAPDPReg(AP reg 0x03)
T3854 000:699.975   Value=0x00000002
T3854 000:699.997 - 0.285ms returns 0
T3854 000:700.012 JLINK_CORESIGHT_WriteAPDPReg(AP reg 0x00, 0x80000002)
T3854 000:700.214 - 0.201ms returns 0
T3854 000:700.230 JLINK_CORESIGHT_WriteAPDPReg(AP reg 0x01, 0x80011120)
T3854 000:700.483 - 0.252ms returns 0
T3854 000:700.524 JLINK_CORESIGHT_WriteAPDPReg(AP reg 0x03, 0x000003D3)
T3854 000:701.838 - 1.313ms returns 0
T3854 000:701.870 JLINK_CORESIGHT_WriteAPDPReg(AP reg 0x00, 0x80000002)
T3854 000:702.092 - 0.221ms returns 0
T3854 000:702.125 JLINK_CORESIGHT_WriteAPDPReg(AP reg 0x01, 0x80011140)
T3854 000:702.369 - 0.244ms returns 0
T3854 000:702.389 JLINK_CORESIGHT_ReadAPDPReg(AP reg 0x03)
T3854 000:702.659   Value=0x00000002
T3854 000:702.681 - 0.291ms returns 0
T3854 000:702.696 JLINK_CORESIGHT_ReadAPDPReg(AP reg 0x03)
T3854 000:702.963   Value=0x00000002
T3854 000:702.985 - 0.289ms returns 0
T3854 000:703.000 JLINK_CORESIGHT_ReadAPDPReg(AP reg 0x03)
T3854 000:703.238   Value=0x00000000
T3854 000:703.259 - 0.259ms returns 0
T3854 000:703.274 JLINK_CORESIGHT_WriteAPDPReg(AP reg 0x00, 0x80000002)
T3854 000:703.483 - 0.208ms returns 0
T3854 000:703.502 JLINK_CORESIGHT_WriteAPDPReg(AP reg 0x01, 0x80011130)
T3854 000:703.708 - 0.205ms returns 0
T3854 000:703.725 JLINK_CORESIGHT_ReadAPDPReg(AP reg 0x03)
T3854 000:703.993   Value=0x2C020081
T3854 000:704.019 - 0.293ms returns 0
T3854 000:704.034 JLINK_CORESIGHT_WriteAPDPReg(AP reg 0x00, 0x80000002)
T3854 000:704.243 - 0.208ms returns 0
T3854 000:704.260 JLINK_CORESIGHT_WriteAPDPReg(AP reg 0x01, 0x80011140)
T3854 000:704.479 - 0.219ms returns 0
T3854 000:704.496 JLINK_CORESIGHT_ReadAPDPReg(AP reg 0x03)
T3854 000:704.761   Value=0x00000000
T3854 000:704.782 - 0.286ms returns 0
T3854 000:704.797 JLINK_CORESIGHT_WriteAPDPReg(AP reg 0x00, 0x80000002)
T3854 000:705.006 - 0.208ms returns 0
T3854 000:705.023 JLINK_CORESIGHT_WriteAPDPReg(AP reg 0x01, 0x80011130)
T3854 000:705.219 - 0.196ms returns 0
T3854 000:705.236 JLINK_CORESIGHT_ReadAPDPReg(AP reg 0x03)
T3854 000:705.566   Value=0x0003CE04
T3854 000:705.588 - 0.351ms returns 0
T3854 000:705.609 JLINK_CORESIGHT_WriteAPDPReg(AP reg 0x00, 0x80000002)
T3854 000:705.822 - 0.213ms returns 0
T3854 000:705.839 JLINK_CORESIGHT_WriteAPDPReg(AP reg 0x01, 0x80011140)
T3854 000:706.042 - 0.202ms returns 0
T3854 000:706.059 JLINK_CORESIGHT_ReadAPDPReg(AP reg 0x03)
T3854 000:706.371   Value=0x00000002
T3854 000:706.406 - 0.347ms returns 0
T3854 000:706.421 JLINK_CORESIGHT_WriteAPDPReg(AP reg 0x00, 0x80000002)
T3854 000:706.623 - 0.202ms returns 0
T3854 000:706.640 JLINK_CORESIGHT_WriteAPDPReg(AP reg 0x01, 0x80011120)
T3854 000:706.840 - 0.199ms returns 0
T3854 000:706.857 JLINK_CORESIGHT_WriteAPDPReg(AP reg 0x03, 0x73010001)
T3854 000:707.058 - 0.201ms returns 0
T3854 000:707.075 JLINK_CORESIGHT_WriteAPDPReg(AP reg 0x00, 0x80000002)
T3854 000:707.277 - 0.201ms returns 0
T3854 000:707.294 JLINK_CORESIGHT_WriteAPDPReg(AP reg 0x01, 0x80011140)
T3854 000:707.505 - 0.210ms returns 0
T3854 000:707.533 JLINK_CORESIGHT_ReadAPDPReg(AP reg 0x03)
T3854 000:707.841   Value=0x00000002
T3854 000:707.887 - 0.353ms returns 0
T3854 000:707.910 JLINK_CORESIGHT_WriteAPDPReg(AP reg 0x00, 0x80000002)
T3854 000:708.133 - 0.222ms returns 0
T3854 000:708.162 JLINK_CORESIGHT_WriteAPDPReg(AP reg 0x01, 0x80011120)
T3854 000:708.403 - 0.241ms returns 0
T3854 000:708.429 JLINK_CORESIGHT_WriteAPDPReg(AP reg 0x03, 0x0000038C)
T3854 000:708.661 - 0.231ms returns 0
T3854 000:708.687 JLINK_CORESIGHT_WriteAPDPReg(AP reg 0x00, 0x80000002)
T3854 000:708.909 - 0.222ms returns 0
T3854 000:708.948 JLINK_CORESIGHT_WriteAPDPReg(AP reg 0x01, 0x80011140)
T3854 000:709.173 - 0.225ms returns 0
T3854 000:709.205 JLINK_CORESIGHT_ReadAPDPReg(AP reg 0x03)
T3854 000:709.542   Value=0x00000002
T3854 000:709.572 - 0.366ms returns 0
T3854 000:709.587 JLINK_CORESIGHT_ReadAPDPReg(AP reg 0x03)
T3854 000:709.821   Value=0x00000002
T3854 000:709.848 - 0.260ms returns 0
T3854 000:709.863 JLINK_CORESIGHT_ReadAPDPReg(AP reg 0x03)
T3854 000:710.105   Value=0x00000002
T3854 000:710.145 - 0.282ms returns 0
T3854 000:710.164 JLINK_CORESIGHT_ReadAPDPReg(AP reg 0x03)
T3854 000:710.411   Value=0x00000002
T3854 000:710.445 - 0.281ms returns 0
T3854 000:710.461 JLINK_CORESIGHT_ReadAPDPReg(AP reg 0x03)
T3854 000:710.711   Value=0x00000002
T3854 000:710.742 - 0.280ms returns 0
T3854 000:710.758 JLINK_CORESIGHT_ReadAPDPReg(AP reg 0x03)
T3854 000:710.999   Value=0x00000000
T3854 000:711.022 - 0.264ms returns 0
T3854 000:711.037 JLINK_CORESIGHT_WriteAPDPReg(AP reg 0x00, 0x80000002)
T3854 000:711.243 - 0.205ms returns 0
T3854 000:711.276 JLINK_CORESIGHT_WriteAPDPReg(AP reg 0x01, 0x80011130)
T3854 000:711.489 - 0.212ms returns 0
T3854 000:711.519 JLINK_CORESIGHT_ReadAPDPReg(AP reg 0x03)
T3854 000:711.792   Value=0x73020081
T3854 000:711.821 - 0.302ms returns 0
T3854 000:711.837 JLINK_CORESIGHT_WriteAPDPReg(AP reg 0x00, 0x80000002)
T3854 000:712.046 - 0.209ms returns 0
T3854 000:712.063 JLINK_CORESIGHT_WriteAPDPReg(AP reg 0x01, 0x80011140)
T3854 000:712.266 - 0.202ms returns 0
T3854 000:712.283 JLINK_CORESIGHT_ReadAPDPReg(AP reg 0x03)
T3854 000:712.547   Value=0x00000000
T3854 000:712.568 - 0.285ms returns 0
T3854 000:712.583 JLINK_CORESIGHT_WriteAPDPReg(AP reg 0x00, 0x80000002)
T3854 000:712.790 - 0.206ms returns 0
T3854 000:712.806 JLINK_CORESIGHT_WriteAPDPReg(AP reg 0x01, 0x80011130)
T3854 000:713.016 - 0.209ms returns 0
T3854 000:713.033 JLINK_CORESIGHT_ReadAPDPReg(AP reg 0x03)
T3854 000:713.395   Value=0x00038902
T3854 000:713.418 - 0.384ms returns 0
T3854 000:713.435 JLINK_CORESIGHT_WriteAPDPReg(AP reg 0x00, 0x80000002)
T3854 000:713.642 - 0.206ms returns 0
T3854 000:713.658 JLINK_CORESIGHT_WriteAPDPReg(AP reg 0x01, 0x80011140)
T3854 000:713.861 - 0.203ms returns 0
T3854 000:713.878 JLINK_CORESIGHT_ReadAPDPReg(AP reg 0x03)
T3854 000:714.141   Value=0x00000002
T3854 000:714.162 - 0.283ms returns 0
T3854 000:714.177 JLINK_CORESIGHT_WriteAPDPReg(AP reg 0x00, 0x80000002)
T3854 000:714.400 - 0.222ms returns 0
T3854 000:714.416 JLINK_CORESIGHT_WriteAPDPReg(AP reg 0x01, 0x80011120)
T3854 000:714.626 - 0.210ms returns 0
T3854 000:714.643 JLINK_CORESIGHT_WriteAPDPReg(AP reg 0x03, 0x75010001)
T3854 000:714.844 - 0.201ms returns 0
T3854 000:714.860 JLINK_CORESIGHT_WriteAPDPReg(AP reg 0x00, 0x80000002)
T3854 000:715.061 - 0.200ms returns 0
T3854 000:715.077 JLINK_CORESIGHT_WriteAPDPReg(AP reg 0x01, 0x80011140)
T3854 000:715.278 - 0.200ms returns 0
T3854 000:715.294 JLINK_CORESIGHT_ReadAPDPReg(AP reg 0x03)
T3854 000:715.558   Value=0x00000002
T3854 000:715.579 - 0.285ms returns 0
T3854 000:715.594 JLINK_CORESIGHT_WriteAPDPReg(AP reg 0x00, 0x80000002)
T3854 000:715.795 - 0.200ms returns 0
T3854 000:715.811 JLINK_CORESIGHT_WriteAPDPReg(AP reg 0x01, 0x80011120)
T3854 000:716.012 - 0.200ms returns 0
T3854 000:716.028 JLINK_CORESIGHT_WriteAPDPReg(AP reg 0x03, 0x0000038A)
T3854 000:716.261 - 0.232ms returns 0
T3854 000:716.277 JLINK_CORESIGHT_WriteAPDPReg(AP reg 0x00, 0x80000002)
T3854 000:716.482 - 0.204ms returns 0
T3854 000:716.498 JLINK_CORESIGHT_WriteAPDPReg(AP reg 0x01, 0x80011140)
T3854 000:716.698 - 0.200ms returns 0
T3854 000:716.716 JLINK_CORESIGHT_ReadAPDPReg(AP reg 0x03)
T3854 000:716.986   Value=0x00000002
T3854 000:717.008 - 0.292ms returns 0
T3854 000:717.023 JLINK_CORESIGHT_ReadAPDPReg(AP reg 0x03)
T3854 000:717.374   Value=0x00000002
T3854 000:717.405 - 0.382ms returns 0
T3854 000:717.420 JLINK_CORESIGHT_ReadAPDPReg(AP reg 0x03)
T3854 000:717.655   Value=0x00000002
T3854 000:717.680 - 0.259ms returns 0
T3854 000:717.696 JLINK_CORESIGHT_ReadAPDPReg(AP reg 0x03)
T3854 000:717.940   Value=0x00000002
T3854 000:717.965 - 0.268ms returns 0
T3854 000:717.979 JLINK_CORESIGHT_ReadAPDPReg(AP reg 0x03)
T3854 000:718.219   Value=0x00000002
T3854 000:718.241 - 0.261ms returns 0
T3854 000:718.256 JLINK_CORESIGHT_ReadAPDPReg(AP reg 0x03)
T3854 000:718.540   Value=0x00000002
T3854 000:718.561 - 0.305ms returns 0
T3854 000:718.576 JLINK_CORESIGHT_ReadAPDPReg(AP reg 0x03)
T3854 000:718.840   Value=0x00000002
T3854 000:718.867 - 0.290ms returns 0
T3854 000:718.882 JLINK_CORESIGHT_ReadAPDPReg(AP reg 0x03)
T3854 000:719.121   Value=0x00000002
T3854 000:719.143 - 0.261ms returns 0
T3854 000:719.158 JLINK_CORESIGHT_ReadAPDPReg(AP reg 0x03)
T3854 000:719.406   Value=0x00000002
T3854 000:719.430 - 0.271ms returns 0
T3854 000:719.445 JLINK_CORESIGHT_ReadAPDPReg(AP reg 0x03)
T3854 000:719.710   Value=0x00000002
T3854 000:719.732 - 0.287ms returns 0
T3854 000:719.748 JLINK_CORESIGHT_ReadAPDPReg(AP reg 0x03)
T3854 000:720.010   Value=0x00000000
T3854 000:720.032 - 0.283ms returns 0
T3854 000:720.047 JLINK_CORESIGHT_WriteAPDPReg(AP reg 0x00, 0x80000002)
T3854 000:720.247 - 0.200ms returns 0
T3854 000:720.263 JLINK_CORESIGHT_WriteAPDPReg(AP reg 0x01, 0x80011130)
T3854 000:720.478 - 0.214ms returns 0
T3854 000:720.495 JLINK_CORESIGHT_ReadAPDPReg(AP reg 0x03)
T3854 000:720.762   Value=0x75020081
T3854 000:720.804 - 0.309ms returns 0
T3854 000:720.821 JLINK_CORESIGHT_WriteAPDPReg(AP reg 0x00, 0x80000002)
T3854 000:721.035 - 0.214ms returns 0
T3854 000:721.059 JLINK_CORESIGHT_WriteAPDPReg(AP reg 0x01, 0x80011140)
T3854 000:721.264 - 0.205ms returns 0
T3854 000:721.281 JLINK_CORESIGHT_ReadAPDPReg(AP reg 0x03)
T3854 000:721.547   Value=0x00000000
T3854 000:721.568 - 0.287ms returns 0
T3854 000:721.583 JLINK_CORESIGHT_WriteAPDPReg(AP reg 0x00, 0x80000002)
T3854 000:721.789 - 0.206ms returns 0
T3854 000:721.808 JLINK_CORESIGHT_WriteAPDPReg(AP reg 0x01, 0x80011130)
T3854 000:722.008 - 0.199ms returns 0
T3854 000:722.024 JLINK_CORESIGHT_ReadAPDPReg(AP reg 0x03)
T3854 000:722.287   Value=0x00038702
T3854 000:722.309 - 0.284ms returns 0
T3854 000:722.330 JLINK_CORESIGHT_WriteAPDPReg(AP reg 0x00, 0x80000002)
T3854 000:722.532 - 0.202ms returns 0
T3854 000:722.549 JLINK_CORESIGHT_WriteAPDPReg(AP reg 0x01, 0x80011140)
T3854 000:722.770 - 0.220ms returns 0
T3854 000:722.808 JLINK_CORESIGHT_ReadAPDPReg(AP reg 0x03)
T3854 000:723.083   Value=0x00000002
T3854 000:723.113 - 0.304ms returns 0
T3854 000:723.131 JLINK_CORESIGHT_WriteAPDPReg(AP reg 0x00, 0x80000002)
T3854 000:723.375 - 0.244ms returns 0
T3854 000:723.395 JLINK_CORESIGHT_WriteAPDPReg(AP reg 0x01, 0x80011120)
T3854 000:723.601 - 0.205ms returns 0
T3854 000:723.633 JLINK_CORESIGHT_WriteAPDPReg(AP reg 0x03, 0x4E0B0001)
T3854 000:723.845 - 0.211ms returns 0
T3854 000:723.864 JLINK_CORESIGHT_WriteAPDPReg(AP reg 0x00, 0x80000002)
T3854 000:724.073 - 0.208ms returns 0
T3854 000:724.093 JLINK_CORESIGHT_WriteAPDPReg(AP reg 0x01, 0x80011140)
T3854 000:724.384 - 0.291ms returns 0
T3854 000:724.403 JLINK_CORESIGHT_ReadAPDPReg(AP reg 0x03)
T3854 000:724.674   Value=0x00000002
T3854 000:724.697 - 0.294ms returns 0
T3854 000:724.714 JLINK_CORESIGHT_WriteAPDPReg(AP reg 0x00, 0x80000002)
T3854 000:724.917 - 0.203ms returns 0
T3854 000:724.936 JLINK_CORESIGHT_WriteAPDPReg(AP reg 0x01, 0x80011120)
T3854 000:725.143 - 0.207ms returns 0
T3854 000:725.162 JLINK_CORESIGHT_WriteAPDPReg(AP reg 0x03, 0x20000000)
T3854 000:725.370 - 0.207ms returns 0
T3854 000:725.388 JLINK_CORESIGHT_WriteAPDPReg(AP reg 0x00, 0x80000002)
T3854 000:725.595 - 0.207ms returns 0
T3854 000:725.614 JLINK_CORESIGHT_WriteAPDPReg(AP reg 0x01, 0x80011140)
T3854 000:725.814 - 0.200ms returns 0
T3854 000:725.834 JLINK_CORESIGHT_ReadAPDPReg(AP reg 0x03)
T3854 000:726.103   Value=0x00000002
T3854 000:726.125 - 0.291ms returns 0
T3854 000:726.141 JLINK_CORESIGHT_WriteAPDPReg(AP reg 0x00, 0x80000002)
T3854 000:726.370 - 0.228ms returns 0
T3854 000:726.395 JLINK_CORESIGHT_WriteAPDPReg(AP reg 0x01, 0x80011120)
T3854 000:726.601 - 0.205ms returns 0
T3854 000:726.625 JLINK_CORESIGHT_WriteAPDPReg(AP reg 0x03, 0x00000000)
T3854 000:726.834 - 0.208ms returns 0
T3854 000:726.853 JLINK_CORESIGHT_WriteAPDPReg(AP reg 0x00, 0x80000002)
T3854 000:727.054 - 0.201ms returns 0
T3854 000:727.074 JLINK_CORESIGHT_WriteAPDPReg(AP reg 0x01, 0x80011140)
T3854 000:727.280 - 0.206ms returns 0
T3854 000:727.299 JLINK_CORESIGHT_ReadAPDPReg(AP reg 0x03)
T3854 000:727.563   Value=0x00000002
T3854 000:727.585 - 0.286ms returns 0
T3854 000:727.602 JLINK_CORESIGHT_WriteAPDPReg(AP reg 0x00, 0x80000002)
T3854 000:727.788 - 0.186ms returns 0
T3854 000:727.807 JLINK_CORESIGHT_WriteAPDPReg(AP reg 0x01, 0x80011120)
T3854 000:728.008 - 0.200ms returns 0
T3854 000:728.030 JLINK_CORESIGHT_WriteAPDPReg(AP reg 0x03, 0x03870000)
T3854 000:728.241 - 0.211ms returns 0
T3854 000:728.261 JLINK_CORESIGHT_WriteAPDPReg(AP reg 0x00, 0x80000002)
T3854 000:728.479 - 0.217ms returns 0
T3854 000:728.501 JLINK_CORESIGHT_WriteAPDPReg(AP reg 0x01, 0x80011140)
T3854 000:728.705 - 0.203ms returns 0
T3854 000:728.725 JLINK_CORESIGHT_ReadAPDPReg(AP reg 0x03)
T3854 000:728.994   Value=0x00000002
T3854 000:729.015 - 0.290ms returns 0
T3854 000:729.032 JLINK_CORESIGHT_ReadAPDPReg(AP reg 0x03)
T3854 000:729.418   Value=0x00000002
T3854 000:729.439 - 0.407ms returns 0
T3854 000:729.457 JLINK_CORESIGHT_ReadAPDPReg(AP reg 0x03)
T3854 000:729.746   Value=0x00000002
T3854 000:729.768 - 0.311ms returns 0
T3854 000:729.785 JLINK_CORESIGHT_ReadAPDPReg(AP reg 0x03)
T3854 000:730.048   Value=0x00000002
T3854 000:730.070 - 0.285ms returns 0
T3854 000:730.086 JLINK_CORESIGHT_ReadAPDPReg(AP reg 0x03)
T3854 000:730.364   Value=0x00000002
T3854 000:730.386 - 0.299ms returns 0
T3854 000:730.403 JLINK_CORESIGHT_ReadAPDPReg(AP reg 0x03)
T3854 000:730.684   Value=0x00000002
T3854 000:730.706 - 0.302ms returns 0
T3854 000:730.723 JLINK_CORESIGHT_ReadAPDPReg(AP reg 0x03)
T3854 000:730.960   Value=0x00000002
T3854 000:730.984 - 0.260ms returns 0
T3854 000:731.000 JLINK_CORESIGHT_ReadAPDPReg(AP reg 0x03)
T3854 000:731.243   Value=0x00000002
T3854 000:731.265 - 0.264ms returns 0
T3854 000:731.281 JLINK_CORESIGHT_ReadAPDPReg(AP reg 0x03)
T3854 000:731.518   Value=0x00000002
T3854 000:731.543 - 0.262ms returns 0
T3854 000:731.561 JLINK_CORESIGHT_ReadAPDPReg(AP reg 0x03)
T3854 000:731.798   Value=0x00000002
T3854 000:731.820 - 0.258ms returns 0
T3854 000:731.836 JLINK_CORESIGHT_ReadAPDPReg(AP reg 0x03)
T3854 000:732.084   Value=0x00000002
T3854 000:732.106 - 0.269ms returns 0
T3854 000:732.123 JLINK_CORESIGHT_ReadAPDPReg(AP reg 0x03)
T3854 000:732.414   Value=0x00000002
T3854 000:732.455 - 0.331ms returns 0
T3854 000:732.476 JLINK_CORESIGHT_ReadAPDPReg(AP reg 0x03)
T3854 000:732.732   Value=0x00000002
T3854 000:732.755 - 0.279ms returns 0
T3854 000:732.772 JLINK_CORESIGHT_ReadAPDPReg(AP reg 0x03)
T3854 000:733.033   Value=0x00000002
T3854 000:733.055 - 0.282ms returns 0
T3854 000:733.071 JLINK_CORESIGHT_ReadAPDPReg(AP reg 0x03)
T3854 000:733.371   Value=0x00000002
T3854 000:733.402 - 0.330ms returns 0
T3854 000:733.420 JLINK_CORESIGHT_ReadAPDPReg(AP reg 0x03)
T3854 000:733.722   Value=0x00000002
T3854 000:733.769 - 0.349ms returns 0
T3854 000:733.793 JLINK_CORESIGHT_ReadAPDPReg(AP reg 0x03)
T3854 000:734.048   Value=0x00000002
T3854 000:734.072 - 0.278ms returns 0
T3854 000:734.089 JLINK_CORESIGHT_ReadAPDPReg(AP reg 0x03)
T3854 000:734.375   Value=0x00000002
T3854 000:734.413 - 0.323ms returns 0
T3854 000:734.433 JLINK_CORESIGHT_ReadAPDPReg(AP reg 0x03)
T3854 000:734.922   Value=0x00000002
T3854 000:734.969 - 0.536ms returns 0
T3854 000:734.992 JLINK_CORESIGHT_ReadAPDPReg(AP reg 0x03)
T3854 000:735.283   Value=0x00000002
T3854 000:735.307 - 0.315ms returns 0
T3854 000:735.324 JLINK_CORESIGHT_ReadAPDPReg(AP reg 0x03)
T3854 000:735.633   Value=0x00000002
T3854 000:735.661 - 0.337ms returns 0
T3854 000:735.678 JLINK_CORESIGHT_ReadAPDPReg(AP reg 0x03)
T3854 000:735.958   Value=0x00000002
T3854 000:735.982 - 0.303ms returns 0
T3854 000:735.999 JLINK_CORESIGHT_ReadAPDPReg(AP reg 0x03)
T3854 000:736.264   Value=0x00000002
T3854 000:736.288 - 0.289ms returns 0
T3854 000:736.307 JLINK_CORESIGHT_ReadAPDPReg(AP reg 0x03)
T3854 000:736.542   Value=0x00000002
T3854 000:736.566 - 0.259ms returns 0
T3854 000:736.583 JLINK_CORESIGHT_ReadAPDPReg(AP reg 0x03)
T3854 000:736.846   Value=0x00000002
T3854 000:736.871 - 0.287ms returns 0
T3854 000:736.889 JLINK_CORESIGHT_ReadAPDPReg(AP reg 0x03)
T3854 000:737.128   Value=0x00000002
T3854 000:737.150 - 0.261ms returns 0
T3854 000:737.169 JLINK_CORESIGHT_ReadAPDPReg(AP reg 0x03)
T3854 000:737.436   Value=0x00000002
T3854 000:737.463 - 0.294ms returns 0
T3854 000:737.482 JLINK_CORESIGHT_ReadAPDPReg(AP reg 0x03)
T3854 000:737.727   Value=0x00000002
T3854 000:737.752 - 0.270ms returns 0
T3854 000:737.769 JLINK_CORESIGHT_ReadAPDPReg(AP reg 0x03)
T3854 000:738.034   Value=0x00000002
T3854 000:738.056 - 0.286ms returns 0
T3854 000:738.074 JLINK_CORESIGHT_ReadAPDPReg(AP reg 0x03)
T3854 000:738.398   Value=0x00000002
T3854 000:738.444 - 0.369ms returns 0
T3854 000:738.465 JLINK_CORESIGHT_ReadAPDPReg(AP reg 0x03)
T3854 000:738.712   Value=0x00000002
T3854 000:738.735 - 0.270ms returns 0
T3854 000:738.753 JLINK_CORESIGHT_ReadAPDPReg(AP reg 0x03)
T3854 000:739.018   Value=0x00000002
T3854 000:739.040 - 0.287ms returns 0
T3854 000:739.057 JLINK_CORESIGHT_ReadAPDPReg(AP reg 0x03)
T3854 000:739.380   Value=0x00000002
T3854 000:739.418 - 0.360ms returns 0
T3854 000:739.436 JLINK_CORESIGHT_ReadAPDPReg(AP reg 0x03)
T3854 000:739.715   Value=0x00000002
T3854 000:739.737 - 0.300ms returns 0
T3854 000:739.755 JLINK_CORESIGHT_ReadAPDPReg(AP reg 0x03)
T3854 000:740.019   Value=0x00000002
T3854 000:740.040 - 0.285ms returns 0
T3854 000:740.057 JLINK_CORESIGHT_ReadAPDPReg(AP reg 0x03)
T3854 000:740.392   Value=0x00000002
T3854 000:740.413 - 0.356ms returns 0
T3854 000:740.431 JLINK_CORESIGHT_ReadAPDPReg(AP reg 0x03)
T3854 000:740.705   Value=0x00000002
T3854 000:740.727 - 0.295ms returns 0
T3854 000:740.745 JLINK_CORESIGHT_ReadAPDPReg(AP reg 0x03)
T3854 000:740.985   Value=0x00000002
T3854 000:741.008 - 0.263ms returns 0
T3854 000:741.025 JLINK_CORESIGHT_ReadAPDPReg(AP reg 0x03)
T3854 000:741.289   Value=0x00000002
T3854 000:741.310 - 0.285ms returns 0
T3854 000:741.328 JLINK_CORESIGHT_ReadAPDPReg(AP reg 0x03)
T3854 000:741.564   Value=0x00000002
T3854 000:741.585 - 0.257ms returns 0
T3854 000:741.603 JLINK_CORESIGHT_ReadAPDPReg(AP reg 0x03)
T3854 000:741.865   Value=0x00000002
T3854 000:741.887 - 0.284ms returns 0
T3854 000:741.905 JLINK_CORESIGHT_ReadAPDPReg(AP reg 0x03)
T3854 000:742.170   Value=0x00000002
T3854 000:742.191 - 0.286ms returns 0
T3854 000:742.209 JLINK_CORESIGHT_ReadAPDPReg(AP reg 0x03)
T3854 000:742.567   Value=0x00000000
T3854 000:742.588 - 0.378ms returns 0
T3854 000:742.607 JLINK_CORESIGHT_WriteAPDPReg(AP reg 0x00, 0x80000002)
T3854 000:742.814 - 0.207ms returns 0
T3854 000:742.834 JLINK_CORESIGHT_WriteAPDPReg(AP reg 0x01, 0x80011130)
T3854 000:743.038 - 0.203ms returns 0
T3854 000:743.063 JLINK_CORESIGHT_ReadAPDPReg(AP reg 0x03)
T3854 000:743.388   Value=0x4E0A0081
T3854 000:743.411 - 0.347ms returns 0
T3854 000:743.429 JLINK_CORESIGHT_WriteAPDPReg(AP reg 0x00, 0x80000002)
T3854 000:743.630 - 0.200ms returns 0
T3854 000:743.649 JLINK_CORESIGHT_WriteAPDPReg(AP reg 0x01, 0x80011140)
T3854 000:743.848 - 0.199ms returns 0
T3854 000:743.867 JLINK_CORESIGHT_ReadAPDPReg(AP reg 0x03)
T3854 000:744.129   Value=0x00000000
T3854 000:744.151 - 0.284ms returns 0
T3854 000:744.169 JLINK_CORESIGHT_WriteAPDPReg(AP reg 0x00, 0x80000002)
T3854 000:744.368 - 0.199ms returns 0
T3854 000:744.388 JLINK_CORESIGHT_WriteAPDPReg(AP reg 0x01, 0x80011130)
T3854 000:744.595 - 0.206ms returns 0
T3854 000:744.613 JLINK_CORESIGHT_ReadAPDPReg(AP reg 0x03)
T3854 000:744.877   Value=0xFFFFFF00
T3854 000:744.898 - 0.285ms returns 0
T3854 000:744.917 JLINK_CORESIGHT_WriteAPDPReg(AP reg 0x00, 0x80000002)
T3854 000:745.119 - 0.201ms returns 0
T3854 000:745.143 JLINK_CORESIGHT_WriteAPDPReg(AP reg 0x01, 0x80011140)
T3854 000:745.369 - 0.225ms returns 0
T3854 000:745.388 JLINK_CORESIGHT_ReadAPDPReg(AP reg 0x03)
T3854 000:745.642   Value=0x00000000
T3854 000:745.664 - 0.275ms returns 0
T3854 000:745.682 JLINK_CORESIGHT_WriteAPDPReg(AP reg 0x00, 0x80000002)
T3854 000:745.883 - 0.201ms returns 0
T3854 000:745.902 JLINK_CORESIGHT_WriteAPDPReg(AP reg 0x01, 0x80011130)
T3854 000:746.106 - 0.203ms returns 0
T3854 000:746.140 JLINK_CORESIGHT_ReadAPDPReg(AP reg 0x03)
T3854 000:746.401   Value=0xFFFFFFFF
T3854 000:746.424 - 0.283ms returns 0
T3854 000:746.441 JLINK_CORESIGHT_WriteAPDPReg(AP reg 0x00, 0x80000002)
T3854 000:746.645 - 0.203ms returns 0
T3854 000:746.677 JLINK_CORESIGHT_WriteAPDPReg(AP reg 0x01, 0x80011140)
T3854 000:746.944 - 0.267ms returns 0
T3854 000:746.974 JLINK_CORESIGHT_ReadAPDPReg(AP reg 0x03)
T3854 000:747.247   Value=0x00000000
T3854 000:747.284 - 0.309ms returns 0
T3854 000:747.303 JLINK_CORESIGHT_WriteAPDPReg(AP reg 0x00, 0x80000002)
T3854 000:747.510 - 0.207ms returns 0
T3854 000:747.530 JLINK_CORESIGHT_WriteAPDPReg(AP reg 0x01, 0x80011130)
T3854 000:747.735 - 0.205ms returns 0
T3854 000:747.754 JLINK_CORESIGHT_ReadAPDPReg(AP reg 0x03)
T3854 000:748.024   Value=0x0003B0FF
T3854 000:748.047 - 0.292ms returns 0
T3854 000:748.067 JLINK_CORESIGHT_WriteAPDPReg(AP reg 0x00, 0x80000002)
T3854 000:748.269 - 0.201ms returns 0
T3854 000:748.288 JLINK_CORESIGHT_WriteAPDPReg(AP reg 0x01, 0x80011140)
T3854 000:748.495 - 0.207ms returns 0
T3854 000:748.514 JLINK_CORESIGHT_ReadAPDPReg(AP reg 0x03)
T3854 000:748.770   Value=0x00000002
T3854 000:748.797 - 0.283ms returns 0
T3854 000:748.815 JLINK_CORESIGHT_WriteAPDPReg(AP reg 0x00, 0x80000002)
T3854 000:749.021 - 0.206ms returns 0
T3854 000:749.046 JLINK_CORESIGHT_WriteAPDPReg(AP reg 0x01, 0x80011120)
T3854 000:749.259 - 0.212ms returns 0
T3854 000:749.294 JLINK_CORESIGHT_WriteAPDPReg(AP reg 0x03, 0x4F010001)
T3854 000:749.504 - 0.209ms returns 0
T3854 000:749.529 JLINK_CORESIGHT_WriteAPDPReg(AP reg 0x00, 0x80000002)
T3854 000:749.734 - 0.205ms returns 0
T3854 000:749.753 JLINK_CORESIGHT_WriteAPDPReg(AP reg 0x01, 0x80011140)
T3854 000:749.961 - 0.206ms returns 0
T3854 000:749.982 JLINK_CORESIGHT_ReadAPDPReg(AP reg 0x03)
T3854 000:750.247   Value=0x00000002
T3854 000:750.269 - 0.287ms returns 0
T3854 000:750.287 JLINK_CORESIGHT_WriteAPDPReg(AP reg 0x00, 0x80000002)
T3854 000:750.499 - 0.211ms returns 0
T3854 000:750.529 JLINK_CORESIGHT_WriteAPDPReg(AP reg 0x01, 0x80011120)
T3854 000:750.733 - 0.203ms returns 0
T3854 000:750.767 JLINK_CORESIGHT_WriteAPDPReg(AP reg 0x03, 0x000003B0)
T3854 000:750.993 - 0.226ms returns 0
T3854 000:751.020 JLINK_CORESIGHT_WriteAPDPReg(AP reg 0x00, 0x80000002)
T3854 000:751.284 - 0.263ms returns 0
T3854 000:751.327 JLINK_CORESIGHT_WriteAPDPReg(AP reg 0x01, 0x80011140)
T3854 000:751.553 - 0.225ms returns 0
T3854 000:751.600 JLINK_CORESIGHT_ReadAPDPReg(AP reg 0x03)
T3854 000:751.849   Value=0x00000002
T3854 000:751.871 - 0.271ms returns 0
T3854 000:751.890 JLINK_CORESIGHT_ReadAPDPReg(AP reg 0x03)
T3854 000:752.154   Value=0x00000002
T3854 000:752.180 - 0.290ms returns 0
T3854 000:752.197 JLINK_CORESIGHT_ReadAPDPReg(AP reg 0x03)
T3854 000:752.436   Value=0x00000002
T3854 000:752.459 - 0.261ms returns 0
T3854 000:752.477 JLINK_CORESIGHT_ReadAPDPReg(AP reg 0x03)
T3854 000:752.740   Value=0x00000000
T3854 000:752.762 - 0.284ms returns 0
T3854 000:752.780 JLINK_CORESIGHT_WriteAPDPReg(AP reg 0x00, 0x80000002)
T3854 000:752.985 - 0.205ms returns 0
T3854 000:753.005 JLINK_CORESIGHT_WriteAPDPReg(AP reg 0x01, 0x80011130)
T3854 000:753.216 - 0.211ms returns 0
T3854 000:753.235 JLINK_CORESIGHT_ReadAPDPReg(AP reg 0x03)
T3854 000:753.567   Value=0x4F0B0081
T3854 000:753.589 - 0.354ms returns 0
T3854 000:753.607 JLINK_CORESIGHT_WriteAPDPReg(AP reg 0x00, 0x80000002)
T3854 000:753.800 - 0.192ms returns 0
T3854 000:753.818 JLINK_CORESIGHT_WriteAPDPReg(AP reg 0x01, 0x80011140)
T3854 000:754.036 - 0.217ms returns 0
T3854 000:754.068 JLINK_CORESIGHT_ReadAPDPReg(AP reg 0x03)
T3854 000:754.359   Value=0x00000000
T3854 000:754.394 - 0.326ms returns 0
T3854 000:754.412 JLINK_CORESIGHT_WriteAPDPReg(AP reg 0x00, 0x80000002)
T3854 000:754.615 - 0.202ms returns 0
T3854 000:754.646 JLINK_CORESIGHT_WriteAPDPReg(AP reg 0x01, 0x80011130)
T3854 000:754.818 - 0.171ms returns 0
T3854 000:754.855 JLINK_CORESIGHT_ReadAPDPReg(AP reg 0x03)
T3854 000:755.129   Value=0x20000000
T3854 000:755.159 - 0.303ms returns 0
T3854 000:755.178 JLINK_CORESIGHT_WriteAPDPReg(AP reg 0x00, 0x80000002)
T3854 000:755.378 - 0.200ms returns 0
T3854 000:755.407 JLINK_CORESIGHT_WriteAPDPReg(AP reg 0x01, 0x80011140)
T3854 000:755.608 - 0.200ms returns 0
T3854 000:755.639 JLINK_CORESIGHT_ReadAPDPReg(AP reg 0x03)
T3854 000:755.974   Value=0x00000000
T3854 000:756.011 - 0.371ms returns 0
T3854 000:756.031 JLINK_CORESIGHT_WriteAPDPReg(AP reg 0x00, 0x80000002)
T3854 000:756.237 - 0.205ms returns 0
T3854 000:756.258 JLINK_CORESIGHT_WriteAPDPReg(AP reg 0x01, 0x80011130)
T3854 000:756.479 - 0.221ms returns 0
T3854 000:756.502 JLINK_CORESIGHT_ReadAPDPReg(AP reg 0x03)
T3854 000:756.769   Value=0x00000000
T3854 000:756.791 - 0.289ms returns 0
T3854 000:756.810 JLINK_CORESIGHT_WriteAPDPReg(AP reg 0x00, 0x80000002)
T3854 000:757.011 - 0.200ms returns 0
T3854 000:757.030 JLINK_CORESIGHT_WriteAPDPReg(AP reg 0x01, 0x80011140)
T3854 000:757.232 - 0.202ms returns 0
T3854 000:757.250 JLINK_CORESIGHT_ReadAPDPReg(AP reg 0x03)
T3854 000:757.541   Value=0x00000000
T3854 000:757.562 - 0.311ms returns 0
T3854 000:757.580 JLINK_CORESIGHT_WriteAPDPReg(AP reg 0x00, 0x80000002)
T3854 000:757.782 - 0.202ms returns 0
T3854 000:757.801 JLINK_CORESIGHT_WriteAPDPReg(AP reg 0x01, 0x80011130)
T3854 000:758.007 - 0.206ms returns 0
T3854 000:758.027 JLINK_CORESIGHT_ReadAPDPReg(AP reg 0x03)
T3854 000:758.371   Value=0x03860000
T3854 000:758.398 - 0.370ms returns 0
T3854 000:758.959 JLINK_CORESIGHT_WriteAPDPReg(AP reg 0x00, 0x80000002)
T3854 000:759.178 - 0.218ms returns 0
T3854 000:759.195 JLINK_CORESIGHT_WriteAPDPReg(AP reg 0x01, 0x80011140)
T3854 000:759.405 - 0.210ms returns 0
T3854 000:759.425 JLINK_CORESIGHT_ReadAPDPReg(AP reg 0x03)
T3854 000:759.693   Value=0x00000002
T3854 000:759.715 - 0.289ms returns 0
T3854 000:759.730 JLINK_CORESIGHT_WriteAPDPReg(AP reg 0x00, 0x80000002)
T3854 000:759.937 - 0.207ms returns 0
T3854 000:759.954 JLINK_CORESIGHT_WriteAPDPReg(AP reg 0x01, 0x80011120)
T3854 000:760.156 - 0.201ms returns 0
T3854 000:760.173 JLINK_CORESIGHT_WriteAPDPReg(AP reg 0x03, 0x4F010001)
T3854 000:760.369 - 0.196ms returns 0
T3854 000:760.386 JLINK_CORESIGHT_WriteAPDPReg(AP reg 0x00, 0x80000002)
T3854 000:760.592 - 0.205ms returns 0
T3854 000:760.608 JLINK_CORESIGHT_WriteAPDPReg(AP reg 0x01, 0x80011140)
T3854 000:760.786 - 0.177ms returns 0
T3854 000:760.803 JLINK_CORESIGHT_ReadAPDPReg(AP reg 0x03)
T3854 000:761.066   Value=0x00000002
T3854 000:761.088 - 0.285ms returns 0
T3854 000:761.102 JLINK_CORESIGHT_WriteAPDPReg(AP reg 0x00, 0x80000002)
T3854 000:761.369 - 0.266ms returns 0
T3854 000:761.391 JLINK_CORESIGHT_WriteAPDPReg(AP reg 0x01, 0x80011120)
T3854 000:761.596 - 0.205ms returns 0
T3854 000:761.613 JLINK_CORESIGHT_WriteAPDPReg(AP reg 0x03, 0x000003B0)
T3854 000:761.814 - 0.200ms returns 0
T3854 000:761.831 JLINK_CORESIGHT_WriteAPDPReg(AP reg 0x00, 0x80000002)
T3854 000:762.032 - 0.201ms returns 0
T3854 000:762.049 JLINK_CORESIGHT_WriteAPDPReg(AP reg 0x01, 0x80011140)
T3854 000:762.250 - 0.200ms returns 0
T3854 000:762.267 JLINK_CORESIGHT_ReadAPDPReg(AP reg 0x03)
T3854 000:762.532   Value=0x00000002
T3854 000:762.555 - 0.288ms returns 0
T3854 000:762.570 JLINK_CORESIGHT_ReadAPDPReg(AP reg 0x03)
T3854 000:762.788   Value=0x00000002
T3854 000:762.810 - 0.239ms returns 0
T3854 000:762.824 JLINK_CORESIGHT_ReadAPDPReg(AP reg 0x03)
T3854 000:763.058   Value=0x00000002
T3854 000:763.081 - 0.256ms returns 0
T3854 000:763.096 JLINK_CORESIGHT_ReadAPDPReg(AP reg 0x03)
T3854 000:763.369   Value=0x00000002
T3854 000:763.395 - 0.298ms returns 0
T3854 000:763.410 JLINK_CORESIGHT_ReadAPDPReg(AP reg 0x03)
T3854 000:763.641   Value=0x00000002
T3854 000:763.663 - 0.252ms returns 0
T3854 000:763.678 JLINK_CORESIGHT_ReadAPDPReg(AP reg 0x03)
T3854 000:763.943   Value=0x00000002
T3854 000:763.965 - 0.287ms returns 0
T3854 000:763.980 JLINK_CORESIGHT_ReadAPDPReg(AP reg 0x03)
T3854 000:764.218   Value=0x00000002
T3854 000:764.241 - 0.260ms returns 0
T3854 000:764.255 JLINK_CORESIGHT_ReadAPDPReg(AP reg 0x03)
T3854 000:764.540   Value=0x00000002
T3854 000:764.565 - 0.309ms returns 0
T3854 000:764.579 JLINK_CORESIGHT_ReadAPDPReg(AP reg 0x03)
T3854 000:764.843   Value=0x00000002
T3854 000:764.865 - 0.285ms returns 0
T3854 000:764.879 JLINK_CORESIGHT_ReadAPDPReg(AP reg 0x03)
T3854 000:765.118   Value=0x00000002
T3854 000:765.183 - 0.303ms returns 0
T3854 000:765.198 JLINK_CORESIGHT_ReadAPDPReg(AP reg 0x03)
T3854 000:765.436   Value=0x00000002
T3854 000:765.458 - 0.260ms returns 0
T3854 000:765.474 JLINK_CORESIGHT_ReadAPDPReg(AP reg 0x03)
T3854 000:765.736   Value=0x00000002
T3854 000:765.758 - 0.283ms returns 0
T3854 000:765.773 JLINK_CORESIGHT_ReadAPDPReg(AP reg 0x03)
T3854 000:766.034   Value=0x00000000
T3854 000:766.056 - 0.283ms returns 0
T3854 000:766.071 JLINK_CORESIGHT_WriteAPDPReg(AP reg 0x00, 0x80000002)
T3854 000:766.270 - 0.199ms returns 0
T3854 000:766.287 JLINK_CORESIGHT_WriteAPDPReg(AP reg 0x01, 0x80011130)
T3854 000:766.488 - 0.201ms returns 0
T3854 000:766.505 JLINK_CORESIGHT_ReadAPDPReg(AP reg 0x03)
T3854 000:766.760   Value=0x4F0B0081
T3854 000:766.781 - 0.276ms returns 0
T3854 000:766.796 JLINK_CORESIGHT_WriteAPDPReg(AP reg 0x00, 0x80000002)
T3854 000:766.997 - 0.200ms returns 0
T3854 000:767.013 JLINK_CORESIGHT_WriteAPDPReg(AP reg 0x01, 0x80011140)
T3854 000:767.232 - 0.218ms returns 0
T3854 000:767.273 JLINK_CORESIGHT_ReadAPDPReg(AP reg 0x03)
T3854 000:767.556   Value=0x00000000
T3854 000:767.588 - 0.315ms returns 0
T3854 000:767.604 JLINK_CORESIGHT_WriteAPDPReg(AP reg 0x00, 0x80000002)
T3854 000:767.991 - 0.386ms returns 0
T3854 000:768.017 JLINK_CORESIGHT_WriteAPDPReg(AP reg 0x01, 0x80011130)
T3854 000:768.238 - 0.220ms returns 0
T3854 000:768.256 JLINK_CORESIGHT_ReadAPDPReg(AP reg 0x03)
T3854 000:768.541   Value=0x20000000
T3854 000:768.563 - 0.306ms returns 0
T3854 000:768.579 JLINK_CORESIGHT_WriteAPDPReg(AP reg 0x00, 0x80000002)
T3854 000:768.782 - 0.202ms returns 0
T3854 000:768.798 JLINK_CORESIGHT_WriteAPDPReg(AP reg 0x01, 0x80011140)
T3854 000:769.000 - 0.201ms returns 0
T3854 000:769.016 JLINK_CORESIGHT_ReadAPDPReg(AP reg 0x03)
T3854 000:769.281   Value=0x00000000
T3854 000:769.305 - 0.288ms returns 0
T3854 000:769.320 JLINK_CORESIGHT_WriteAPDPReg(AP reg 0x00, 0x80000002)
T3854 000:769.557 - 0.236ms returns 0
T3854 000:769.594 JLINK_CORESIGHT_WriteAPDPReg(AP reg 0x01, 0x80011130)
T3854 000:769.817 - 0.223ms returns 0
T3854 000:769.849 JLINK_CORESIGHT_ReadAPDPReg(AP reg 0x03)
T3854 000:770.129   Value=0x00000000
T3854 000:770.155 - 0.305ms returns 0
T3854 000:770.171 JLINK_CORESIGHT_WriteAPDPReg(AP reg 0x00, 0x80000002)
T3854 000:770.374 - 0.202ms returns 0
T3854 000:770.404 JLINK_CORESIGHT_WriteAPDPReg(AP reg 0x01, 0x80011140)
T3854 000:770.643 - 0.239ms returns 0
T3854 000:770.660 JLINK_CORESIGHT_ReadAPDPReg(AP reg 0x03)
T3854 000:770.949   Value=0x00000000
T3854 000:770.980 - 0.319ms returns 0
T3854 000:770.995 JLINK_CORESIGHT_WriteAPDPReg(AP reg 0x00, 0x80000002)
T3854 000:771.202 - 0.206ms returns 0
T3854 000:771.219 JLINK_CORESIGHT_WriteAPDPReg(AP reg 0x01, 0x80011130)
T3854 000:771.483 - 0.263ms returns 0
T3854 000:771.500 JLINK_CORESIGHT_ReadAPDPReg(AP reg 0x03)
T3854 000:771.771   Value=0x03860000
T3854 000:771.793 - 0.292ms returns 0
T3854 000:771.815 JLINK_CORESIGHT_ReadAPDPReg(DP reg 0x01)
T3854 000:772.020   Value=0xF0000F40
T3854 000:772.042 - 0.227ms returns 0
T3854 000:772.057 JLINK_CORESIGHT_WriteAPDPReg(DP reg 0x01, 0xA0000F40)
T3854 000:772.264 - 0.207ms returns 0
T3854 000:772.281 JLINK_CORESIGHT_ReadAPDPReg(DP reg 0x01)
T3854 000:772.484   Value=0x00000F40
T3854 000:772.505 - 0.224ms returns 0
T3854 000:772.520 JLINK_ClrRESET()
T3854 000:772.725 - 0.205ms
T3854 000:879.997 JLINK_Close()
T3854 000:891.666 - 11.667ms
T3854 000:891.714   
T3854 000:891.728   Closed
