T2D38 000:001.000   SEGGER J-Link V7.98b Log File
T2D38 000:001.195   DLL Compiled: Jul 31 2024 16:10:46
T2D38 000:001.281   Logging started @ 2024-09-19 03:14
T2D38 000:001.298   Process: C:\Users\trung.tran-quoc\.eclipse\com.renesas.platform_32995968\DebugComp\RA\e2-server-gdb.exe
T2D38 000:001.312 - 1.310ms
T2D38 000:001.336 JLINK_GetDLLVersion()
T2D38 000:001.351 - 0.014ms returns 79802
T2D38 000:007.879 JLINK_OpenEx(...)
T2D38 000:018.125   Firmware: J-Link OB-RA4M2 compiled Jul  3 2024 17:03:13
T2D38 000:021.429   Firmware: J-Link OB-RA4M2 compiled Jul  3 2024 17:03:13
T2D38 000:036.961   Hardware: V1.00
T2D38 000:037.010   S/N: 1084050377
T2D38 000:037.030   OEM: SEGGER
T2D38 000:037.048   Feature(s): None
T2D38 000:039.906   Bootloader: 2021 May 14
T2D38 000:050.544   USB speed mode: Full speed (12 MBit/s)
T2D38 000:052.002   TELNET listener socket opened on port 19021
T2D38 000:052.247   WEBSRV WEBSRV_Init(): Starting webserver thread(s)
T2D38 000:052.320   WEBSRV Failed to put socket into listener state (port 19080)
T2D38 000:052.436   WEBSRV Webserver running on local port 19081
T2D38 000:052.564   Looking for J-Link GUI Server exe at: C:\Users\trung.tran-quoc\.eclipse\com.renesas.platform_32995968\DebugComp\RA\ARM\Segger_v7.98.2\JLinkGUIServer.exe
T2D38 000:052.682   Looking for J-Link GUI Server exe at: C:\Users\trung.tran-quoc\SEGGER\JLink\JLinkGUIServer.exe
T2D38 000:053.489   J-Link GUI Server info: "J-Link GUI server V7.98b "
T2D38 000:053.754 - 45.870ms returns "O.K."
T2D38 000:053.874 JLINK_TIF_Select(JLINKARM_TIF_SWD)
T2D38 000:058.116 - 4.242ms returns 0x00
T2D38 000:058.174 JLINK_ClrRESET()
T2D38 000:074.473 - 16.297ms
T2D38 000:125.180 JLINK_SetSpeed(1500)
T2D38 000:127.428 - 2.255ms
T2D38 000:127.496 JLINK_CORESIGHT_Configure(PerformTIFInit=0)
T2D38 000:131.024 - 3.528ms returns 0
T2D38 000:131.086 JLINK_CORESIGHT_ReadAPDPReg(DP reg 0x00)
T2D38 000:131.695   Value=0x6BA02477
T2D38 000:131.723 - 0.637ms returns 0
T2D38 000:131.770 JLINK_CORESIGHT_WriteAPDPReg(DP reg 0x00, 0x0000001F)
T2D38 000:132.363 - 0.594ms returns 0
T2D38 000:132.416 JLINK_CORESIGHT_ReadAPDPReg(DP reg 0x00)
T2D38 000:132.957   Value=0x6BA02477
T2D38 000:132.985 - 0.569ms returns 0
T2D38 000:133.037 JLINK_CORESIGHT_WriteAPDPReg(DP reg 0x02, 0x00000000)
T2D38 000:133.639 - 0.602ms returns 0
T2D38 000:133.691 JLINK_CORESIGHT_WriteAPDPReg(DP reg 0x01, 0x50000000)
T2D38 000:134.198 - 0.506ms returns 0
T2D38 000:134.276 JLINK_CORESIGHT_ReadAPDPReg(DP reg 0x01)
T2D38 000:134.593   Value=0xF0000000
T2D38 000:134.649 - 0.373ms returns 0
T2D38 000:134.698 JLINK_CORESIGHT_WriteAPDPReg(DP reg 0x00, 0x0000001F)
T2D38 000:135.011 - 0.312ms returns 0
T2D38 000:135.098 JLINK_CORESIGHT_ReadAPDPReg(DP reg 0x00)
T2D38 000:135.419   Value=0x6BA02477
T2D38 000:135.475 - 0.376ms returns 0
T2D38 000:135.523 JLINK_CORESIGHT_WriteAPDPReg(DP reg 0x01, 0x54000000)
T2D38 000:135.836 - 0.312ms returns 0
T2D38 000:135.918 JLINK_CORESIGHT_WriteAPDPReg(DP reg 0x01, 0x50000F00)
T2D38 000:136.277 - 0.353ms returns 0
T2D38 000:136.365 JLINK_CORESIGHT_WriteAPDPReg(DP reg 0x02, 0x01000000)
T2D38 000:136.823 - 0.457ms returns 0
T2D38 000:136.885 JLINK_CORESIGHT_WriteAPDPReg(AP reg 0x00, 0x80000002)
T2D38 000:137.243 - 0.357ms returns 0
T2D38 000:137.305 JLINK_CORESIGHT_WriteAPDPReg(AP reg 0x01, 0x80011100)
T2D38 000:137.631 - 0.326ms returns 0
T2D38 000:137.718 JLINK_CORESIGHT_WriteAPDPReg(AP reg 0x03, 0x000000A5)
T2D38 000:138.042 - 0.324ms returns 0
T2D38 000:138.124 JLINK_CORESIGHT_WriteAPDPReg(AP reg 0x00, 0x80000002)
T2D38 000:138.416 - 0.292ms returns 0
T2D38 000:138.478 JLINK_CORESIGHT_WriteAPDPReg(AP reg 0x01, 0x80011100)
T2D38 000:138.795 - 0.316ms returns 0
T2D38 000:138.857 JLINK_CORESIGHT_ReadAPDPReg(AP reg 0x03)
T2D38 000:139.210   Value=0x000000A5
T2D38 000:139.243 - 0.386ms returns 0
T2D38 000:139.291 JLINK_ClrTMS()
T2D38 000:139.444 - 0.152ms
T2D38 000:145.077 JLINK_SetTCK()
T2D38 000:145.358 - 0.280ms returns 0
T2D38 000:151.079 JLINK_SetRESET()
T2D38 000:151.608 - 0.528ms
T2D38 000:352.384 JLINK_CORESIGHT_WriteAPDPReg(AP reg 0x00, 0x80000002)
T2D38 000:355.155 - 2.771ms returns 0
T2D38 000:355.347 JLINK_CORESIGHT_WriteAPDPReg(AP reg 0x01, 0x80011100)
T2D38 000:357.184 - 1.836ms returns 0
T2D38 000:357.386 JLINK_CORESIGHT_ReadAPDPReg(AP reg 0x03)
T2D38 000:359.167   failed
T2D38 000:359.259 - 1.873ms returns -1
T2D38 000:359.503 JLINK_ClrRESET()
T2D38 000:360.511 - 1.007ms
T2D38 000:411.366 JLINK_SetSpeed(1500)
T2D38 000:411.794 - 0.431ms
T2D38 000:411.879 JLINK_CORESIGHT_Configure(PerformTIFInit=0)
T2D38 000:412.838 - 0.961ms returns 0
T2D38 000:412.903 JLINK_CORESIGHT_ReadAPDPReg(DP reg 0x00)
T2D38 000:413.332   Value=0x6BA02477
T2D38 000:413.362 - 0.459ms returns 0
T2D38 000:413.416 JLINK_CORESIGHT_WriteAPDPReg(DP reg 0x00, 0x0000001F)
T2D38 000:413.826 - 0.409ms returns 0
T2D38 000:413.880 JLINK_CORESIGHT_ReadAPDPReg(DP reg 0x00)
T2D38 000:414.232   Value=0x6BA02477
T2D38 000:414.263 - 0.382ms returns 0
T2D38 000:414.314 JLINK_CORESIGHT_WriteAPDPReg(DP reg 0x02, 0x00000000)
T2D38 000:414.647 - 0.333ms returns 0
T2D38 000:414.699 JLINK_CORESIGHT_WriteAPDPReg(DP reg 0x01, 0x50000000)
T2D38 000:415.020 - 0.321ms returns 0
T2D38 000:415.071 JLINK_CORESIGHT_ReadAPDPReg(DP reg 0x01)
T2D38 000:415.397   Value=0xF0000000
T2D38 000:415.428 - 0.357ms returns 0
T2D38 000:415.474 JLINK_CORESIGHT_WriteAPDPReg(DP reg 0x00, 0x0000001F)
T2D38 000:415.770 - 0.295ms returns 0
T2D38 000:415.820 JLINK_CORESIGHT_ReadAPDPReg(DP reg 0x00)
T2D38 000:416.145   Value=0x6BA02477
T2D38 000:416.175 - 0.355ms returns 0
T2D38 000:416.221 JLINK_CORESIGHT_WriteAPDPReg(DP reg 0x01, 0x54000000)
T2D38 000:416.648 - 0.425ms returns 0
T2D38 000:416.765 JLINK_CORESIGHT_WriteAPDPReg(DP reg 0x01, 0x50000F00)
T2D38 000:417.180 - 0.415ms returns 0
T2D38 000:417.271 JLINK_CORESIGHT_WriteAPDPReg(DP reg 0x02, 0x01000000)
T2D38 000:418.134 - 0.862ms returns 0
T2D38 000:418.225 JLINK_CORESIGHT_WriteAPDPReg(AP reg 0x00, 0x80000002)
T2D38 000:419.672 - 1.447ms returns 0
T2D38 000:419.738 JLINK_CORESIGHT_WriteAPDPReg(AP reg 0x01, 0x80011100)
T2D38 000:420.110 - 0.371ms returns 0
T2D38 000:420.162 JLINK_CORESIGHT_WriteAPDPReg(AP reg 0x03, 0x000000A5)
T2D38 000:420.485 - 0.323ms returns 0
T2D38 000:420.537 JLINK_CORESIGHT_WriteAPDPReg(AP reg 0x00, 0x80000002)
T2D38 000:420.859 - 0.322ms returns 0
T2D38 000:420.909 JLINK_CORESIGHT_WriteAPDPReg(AP reg 0x01, 0x80011100)
T2D38 000:421.234 - 0.325ms returns -1
T2D38 000:421.486 JLINK_CORESIGHT_ReadAPDPReg(DP reg 0x01)
T2D38 000:421.840   Value=0xF0000F00
T2D38 000:421.878 - 0.391ms returns 0
T2D38 000:421.927 JLINK_CORESIGHT_WriteAPDPReg(DP reg 0x01, 0xA0000F00)
T2D38 000:422.274 - 0.346ms returns 0
T2D38 000:422.360 JLINK_CORESIGHT_ReadAPDPReg(DP reg 0x01)
T2D38 000:422.781   Value=0x00000F00
T2D38 000:422.830 - 0.470ms returns 0
T2D38 000:422.859 JLINK_ClrRESET()
T2D38 000:423.213 - 0.353ms
T2D38 000:529.878 JLINK_Close()
T2D38 000:531.614 - 1.736ms
T2D38 000:531.646   
T2D38 000:531.656   Closed
