T5438 000:001.819   SEGGER J-Link V8.12f Log File
T5438 000:002.038   DLL Compiled: Feb 12 2025 13:34:40
T5438 000:002.057   Logging started @ 2025-04-17 12:14
T5438 000:002.075   Process: C:\Users\a5124973\.eclipse\com.renesas.platform_1977601266\DebugComp\RA\e2-server-gdb.exe
T5438 000:002.096 - 2.091ms 
T5438 000:002.125 JLINK_GetDLLVersion()
T5438 000:002.179 - 0.055ms returns 81206
T5438 000:010.527 JLINK_OpenEx(...)
T5438 000:026.428   Firmware: J-Link OB-RA4M2 compiled Feb 11 2025 17:15:41
T5438 000:027.744   Firmware: J-Link OB-RA4M2 compiled Feb 11 2025 17:15:41
T5438 000:040.464   Hardware: V1.00
T5438 000:040.642   S/N: 1081365372
T5438 000:040.743   OEM: SEGGER
T5438 000:040.848   Feature(s): None
T5438 000:043.264   Bootloader: 2021 May 14
T5438 000:044.691   USB speed mode: Full speed (12 MBit/s)
T5438 000:045.901   TELNET listener socket opened on port 19021
T5438 000:046.314   WEBSRV WEBSRV_Init(): Starting webserver thread(s)
T5438 000:046.641   WEBSRV Webserver running on local port 19080
T5438 000:047.109   Looking for J-Link GUI Server exe at: C:\Users\a5124973\.eclipse\com.renesas.platform_1977601266\DebugComp\RA\ARM\Segger_v8.12.6\JLinkGUIServer.exe
T5438 000:047.547   Looking for J-Link GUI Server exe at: C:\Users\a5124973\SEGGER\JLink_V794g\JLinkGUIServer.exe
T5438 000:351.204   Failed to connect to J-Link GUI Server.
T5438 000:351.288 - 340.750ms returns "O.K."
T5438 000:352.126 JLINK_ExecCommand("ProjectFile=C:\Workspace\5.9.0\sau_lin\sau_lin_master_fpb_ra0e2_ep\e2studio/sau_lin_master_fpb_ra0e2_ep Debug_Flat.jlink", ...). 
T5438 000:387.025 - 35.411ms returns 0x00
T5438 000:387.698 JLINK_ExecCommand("device=R7FA0E209", ...). 
T5438 000:390.642   Flash bank @ 0x00000000: SFL: Parsing sectorization info from ELF file
T5438 000:390.760     FlashDevice.SectorInfo[0]: .SectorSize = 0x00000800, .SectorStartAddr = 0x00000000
T5438 000:390.794   FlashBank @0x00000000: Sectorization info from SFL ELF file ignored because sectorization override from DLL / XML file is active.
T5438 000:390.875   Flash bank @ 0x40100000: SFL: Parsing sectorization info from ELF file
T5438 000:390.918     FlashDevice.SectorInfo[0]: .SectorSize = 0x00000100, .SectorStartAddr = 0x00000000
T5438 000:390.952   FlashBank @0x40100000: Sectorization info from SFL ELF file ignored because sectorization override from DLL / XML file is active.
T5438 000:391.002   Device "R7FA0E209" selected.
T5438 000:393.798 - 6.061ms returns 0x00
T5438 000:393.876 JLINK_ExecCommand("SetCPUConnectIDCODE = FFFFFFFFFFFFFFFFFFFFFFFFFFFFFFFF", ...). 
T5438 000:394.502 - 0.595ms returns 0x00
T5438 000:394.607 JLINK_TIF_GetAvailable(...)
T5438 000:394.993 - 0.385ms 
T5438 000:395.076 JLINK_TIF_Select(JLINKARM_TIF_SWD)
T5438 000:396.404 - 1.327ms returns 0x00
T5438 000:396.463 JLINK_SetSpeed(4000)
T5438 000:396.740 - 0.278ms 
T5438 000:396.785 JLINK_SetEndian(ARM_ENDIAN_LITTLE)
T5438 000:396.807 - 0.021ms returns 0
T5438 000:396.836 JLINK_SetInitRegsOnReset(OFF)
T5438 000:396.860 - 0.029ms returns 1
T5438 000:396.884 JLINK_SetResetType(JLINKARM_RESET_TYPE_NO_RESET)
T5438 000:396.908 - 0.024ms returns JLINKARM_RESET_TYPE_NORMAL
T5438 000:396.933 JLINK_ExecCommand("EnableFlashBPs", ...). 
T5438 000:396.965 - 0.005ms returns 0x00
T5438 000:396.990 JLINK_ExecCommand("SetAllowFlashCache = 1", ...). 
T5438 000:397.018 - 0.001ms returns 0x01
T5438 000:397.043 JLINK_ExecCommand("SetRestartOnClose = 0", ...). 
T5438 000:397.071 - 0.002ms returns 0x01
T5438 000:397.094 JLINK_ExecCommand("SetAllowSimulation = 0", ...). 
T5438 000:397.123 - 0.002ms returns 0x01
T5438 000:397.148 JLINK_EnableSoftBPs(ON)
T5438 000:397.171 - 0.023ms 
T5438 000:397.195 JLINK_Connect()
T5438 000:398.021   InitTarget() start
T5438 000:398.079    J-Link Script File: Executing InitTarget()
T5438 000:398.112   Identifying target device...
T5438 000:398.146   SWD selected. Executing JTAG -> SWD switching sequence...
T5438 000:398.944   Initializing DAP...
T5438 000:400.640   DAP initialized successfully.
T5438 000:402.331   Low power mode detected. Waking device from low power mode.
T5438 000:405.336   InitTarget() end - Took 7.25ms
T5438 000:406.032   Found SW-DP with ID 0x5BA02477
T5438 000:408.231   DPIDR: 0x5BA02477
T5438 000:408.277   CoreSight SoC-400 or earlier
T5438 000:408.316   Scanning AP map to find all available APs
T5438 000:409.242   AP[2]: Stopped AP scan as end of AP map has been reached
T5438 000:409.287   AP[0]: AHB-AP (IDR: 0x74770001, ADDR: 0x00000000)
T5438 000:409.327   AP[1]: APB-AP (IDR: 0x44770002, ADDR: 0x01000000)
T5438 000:409.359   Iterating through AP map to find AHB-AP to use
T5438 000:410.350   AP[0]: Core found
T5438 000:410.404   AP[0]: AHB-AP ROM base: 0x4001A000
T5438 000:410.872   CPUID register: 0x411CD200. Implementer code: 0x41 (ARM)
T5438 000:410.920   Feature set: Baseline
T5438 000:411.386   Cache: No cache
T5438 000:411.438   Found Cortex-M23 r1p0, Little endian.
T5438 000:411.797   -- Max. mem block: 0x0001D890
T5438 000:412.369   CPU_ReadMem(4 bytes @ 0xE000EDF0)
T5438 000:412.975   CPU_WriteMem(4 bytes @ 0xE000EDF0)
T5438 000:413.370   CPU_ReadMem(4 bytes @ 0xE0002000)
T5438 000:413.715   FPUnit: 4 code (BP) slots and 0 literal slots
T5438 000:413.766   CPU_ReadMem(4 bytes @ 0xE000EDFC)
T5438 000:414.073   CPU_WriteMem(4 bytes @ 0xE000EDFC)
T5438 000:414.467   CPU_ReadMem(4 bytes @ 0xE0001000)
T5438 000:414.803   CPU_ReadMem(4 bytes @ 0xE0001000)
T5438 000:415.148   CPU_ReadMem(4 bytes @ 0xE0001028)
T5438 000:415.477   CPU_ReadMem(4 bytes @ 0xE0001038)
T5438 000:415.809   CPU_WriteMem(4 bytes @ 0xE0001000)
T5438 000:416.145   CPU_ReadMem(4 bytes @ 0xE000ED88)
T5438 000:416.482   CPU_WriteMem(4 bytes @ 0xE000ED88)
T5438 000:416.824   CPU_ReadMem(4 bytes @ 0xE000ED88)
T5438 000:417.145   CPU_WriteMem(4 bytes @ 0xE000ED88)
T5438 000:417.531   CPU_ReadMem(4 bytes @ 0xE000EFB8)
T5438 000:417.869   Security extension: not implemented
T5438 000:417.917   CoreSight components:
T5438 000:417.948   ROMTbl[0] @ 4001A000
T5438 000:417.980   CPU_ReadMem(64 bytes @ 0x4001A000)
T5438 000:418.756   CPU_ReadMem(32 bytes @ 0xE000EFE0)
T5438 000:419.264   CPU_ReadMem(4 bytes @ 0xE000EFBC)
T5438 000:419.650   CPU_ReadMem(4 bytes @ 0xE000EFCC)
T5438 000:419.947   [0][0]: E000E000 CID B105900D PID 000BBD20 DEVARCH 47702A04 DEVTYPE 00 Cortex-M23
T5438 000:419.990   CPU_ReadMem(32 bytes @ 0xE0001FE0)
T5438 000:420.478   CPU_ReadMem(4 bytes @ 0xE0001FBC)
T5438 000:420.847   CPU_ReadMem(4 bytes @ 0xE0001FCC)
T5438 000:421.287   [0][1]: E0001000 CID B105900D PID 000BBD20 DEVARCH 47701A02 DEVTYPE 00 DWT
T5438 000:421.338   CPU_ReadMem(32 bytes @ 0xE0002FE0)
T5438 000:421.951   CPU_ReadMem(4 bytes @ 0xE0002FBC)
T5438 000:422.386   CPU_ReadMem(4 bytes @ 0xE0002FCC)
T5438 000:422.731   [0][2]: E0002000 CID B105900D PID 000BBD20 DEVARCH 47701A03 DEVTYPE 00 FPB
T5438 000:422.782   CPU_ReadMem(32 bytes @ 0x40019FE0)
T5438 000:423.280   CPU_ReadMem(4 bytes @ 0x40019FBC)
T5438 000:423.633   CPU_ReadMem(4 bytes @ 0x40019FCC)
T5438 000:423.971   [0][3]: 40019000 CID B105900D PID 000BBD20 DEVARCH 47710A31 DEVTYPE 31 MTB
T5438 000:424.053 - 26.857ms returns 0x00
T5438 000:424.090 JLINK_Halt()
T5438 000:426.980 - 2.889ms returns 0x00
T5438 000:427.031 JLINK_IsHalted()
T5438 000:427.064 - 0.032ms returns TRUE
T5438 000:427.092 JLINK_ResetPullsRESET(ON)
T5438 000:427.121 - 0.028ms 
T5438 000:427.148 JLINK_Reset()
T5438 000:427.191   JLINK_GetResetTypeDesc
T5438 000:427.220   - 0.028ms 
T5438 000:427.244   Reset type: CONNECT UNDER RESET (https://wiki.segger.com/J-Link_Reset_Strategies)
T5438 000:427.560   CPU_WriteMem(4 bytes @ 0xE000EDF0)
T5438 000:427.961   CPU_ReadMem(4 bytes @ 0xE000ED44)
T5438 000:428.353   CPU_WriteMem(4 bytes @ 0xE000EDFC)
T5438 000:428.721   Reset: Halt core after reset via DEMCR.VC_CORERESET.
T5438 000:429.137   Reset: Reset device via AIRCR.SYSRESETREQ.
T5438 000:429.186   CPU_WriteMem(4 bytes @ 0xE000ED0C)
T5438 000:482.746   CPU_ReadMem(4 bytes @ 0xE000EDF0)
T5438 000:483.488   CPU_ReadMem(4 bytes @ 0xE000EDF0)
T5438 000:484.206   CPU_WriteMem(4 bytes @ 0xE000EDFC)
T5438 000:490.862   CPU_ReadMem(4 bytes @ 0xE000EDF0)
T5438 000:494.745   CPU_WriteMem(4 bytes @ 0xE0002000)
T5438 000:495.341   CPU_ReadMem(4 bytes @ 0xE000EDFC)
T5438 000:495.955   CPU_ReadMem(4 bytes @ 0xE0001000)
T5438 000:496.440   CPU_WriteMem(4 bytes @ 0xE0001000)
T5438 000:496.902   CPU_ReadMem(4 bytes @ 0xE000EE08)
T5438 000:497.326 - 70.176ms 
T5438 000:497.413 JLINK_ReadMem(0x01011080, 0x10 Bytes, ...)
T5438 000:497.454   CPU_ReadMem(16 bytes @ 0x01011080)
T5438 000:497.965   Data:  4D 46 43 34 39 30 32 45 30 41 46 37 52 20 20 20
T5438 000:498.012 - 0.599ms returns 0
T5438 000:498.050 JLINK_IsHalted()
T5438 000:498.080 - 0.029ms returns TRUE
T5438 000:498.478 JLINK_MeasureCPUSpeed(RAMAddr = 0xFFFFFFFF)
T5438 000:498.517   CPU_ReadMem(16 bytes @ 0x20004000)
T5438 000:499.086   CPU_ReadMem(64 bytes @ 0x20004000)
T5438 000:499.932    -- Updating C cache (64 bytes @ 0x20004000)
T5438 000:499.982    -- Read from C cache (6 bytes @ 0x20004000)
T5438 000:500.018   CPU_ReadMem(4 bytes @ 0x40019004)
T5438 000:500.357   CPU_ReadMem(4 bytes @ 0xE000ED90)
T5438 000:500.751   CPU_WriteMem(16 bytes @ 0x20004000)
T5438 000:501.189   CPU_WriteMem(6 bytes @ 0x20004000)
T5438 000:501.585   CPU_ReadMem(64 bytes @ 0x20004000)
T5438 000:502.412    -- Updating C cache (64 bytes @ 0x20004000)
T5438 000:502.467    -- Read from C cache (6 bytes @ 0x20004000)
T5438 000:502.510   CPU_ReadMem(4 bytes @ 0xE000EE08)
T5438 000:502.851   CPU_WriteMem(4 bytes @ 0xE0002008)
T5438 000:502.901   CPU_WriteMem(4 bytes @ 0xE000200C)
T5438 000:502.940   CPU_WriteMem(4 bytes @ 0xE0002010)
T5438 000:502.974   CPU_WriteMem(4 bytes @ 0xE0002014)
T5438 000:509.422   CPU_WriteMem(4 bytes @ 0xE0002008)
T5438 000:509.841   CPU_WriteMem(4 bytes @ 0xE000200C)
T5438 000:510.252   CPU_WriteMem(4 bytes @ 0xE0002010)
T5438 000:510.602   CPU_WriteMem(4 bytes @ 0xE0002014)
T5438 000:510.949   CPU_ReadMem(4 bytes @ 0xE000EE08)
T5438 000:511.290   CPU_ReadMem(4 bytes @ 0xE000EE08)
T5438 000:511.632   CPU_ReadMem(4 bytes @ 0xE000EE08)
T5438 000:538.625   CPU_WriteMem(6 bytes @ 0x20004000)
T5438 000:539.417   ClockFreq: 5329600 Hz
T5438 000:539.506 - 41.026ms returns 5329600
T5438 000:539.545 JLINK_ReadReg(XPSR)
T5438 000:539.585   CPU_ReadMem(4 bytes @ 0xE000EE08)
T5438 000:540.557 - 1.010ms returns 0x61000000
T5780 002:626.764 JLINK_ReadReg(XPSR)
T5780 002:627.425   CPU_ReadMem(4 bytes @ 0xE000EE08)
T5780 002:627.884 - 1.119ms returns 0x61000000
T5780 002:640.002 JLINK_ReadReg(XPSR)
T5780 002:640.143 - 0.140ms returns 0x61000000
T5780 002:683.885 JLINK_ReadReg(XPSR)
T5780 002:683.982 - 0.097ms returns 0x61000000
T5780 002:911.252 JLINK_ResetPullsRESET(ON)
T5780 002:911.400 - 0.146ms 
T5780 002:911.445 JLINK_Halt()
T5780 002:911.485 - 0.039ms returns 0x00
T5780 002:911.535 JLINK_IsHalted()
T5780 002:911.576 - 0.040ms returns TRUE
T5780 002:911.614 JLINK_Reset()
T5780 002:911.664   CPU_ReadMem(4 bytes @ 0x20004000)
T5780 002:912.097   CPU_WriteMem(4 bytes @ 0x20004000)
T5780 002:912.631   JLINK_GetResetTypeDesc
T5780 002:912.711   - 0.079ms 
T5780 002:912.743   Reset type: CONNECT UNDER RESET (https://wiki.segger.com/J-Link_Reset_Strategies)
T5780 002:912.781   CPU_WriteMem(4 bytes @ 0xE000EDF0)
T5780 002:913.296   CPU_ReadMem(4 bytes @ 0xE000ED44)
T5780 002:913.781   CPU_WriteMem(4 bytes @ 0xE000EDFC)
T5780 002:914.210   Reset: Halt core after reset via DEMCR.VC_CORERESET.
T5780 002:914.812   Reset: Reset device via AIRCR.SYSRESETREQ.
T5780 002:914.936   CPU_WriteMem(4 bytes @ 0xE000ED0C)
T5780 002:968.184   CPU_ReadMem(4 bytes @ 0xE000EDF0)
T5780 002:968.672   CPU_ReadMem(4 bytes @ 0xE000EDF0)
T5780 002:969.134   CPU_WriteMem(4 bytes @ 0xE000EDFC)
T5780 002:975.172   CPU_ReadMem(4 bytes @ 0xE000EDF0)
T5780 002:978.633   CPU_WriteMem(4 bytes @ 0xE0002000)
T5780 002:979.266   CPU_ReadMem(4 bytes @ 0xE000EDFC)
T5780 002:979.767   CPU_ReadMem(4 bytes @ 0xE0001000)
T5780 002:980.295   CPU_WriteMem(4 bytes @ 0xE0001000)
T5780 002:980.766   CPU_ReadMem(4 bytes @ 0xE000EE08)
T5780 002:981.295 - 69.679ms 
T5780 002:981.424 JLINK_SetEndian(ARM_ENDIAN_LITTLE)
T5780 002:981.468 - 0.043ms returns 0
T5780 002:981.833 JLINK_BeginDownload(Flags = 0x00000000)
T5780 002:981.907 - 0.073ms 
T5780 002:998.443 JLINK_WriteMem(0x00000000, 0xBC0 Bytes, ...)
T5780 002:998.564   Data:  30 50 00 20 A5 02 00 00 BD 01 00 00 A1 02 00 00 ...
T5780 002:999.050   completely In flash
T5780 002:999.241 - 0.790ms returns 0xBC0
T5780 003:000.404 JLINK_WriteMem(0x00000BC0, 0xBB0 Bytes, ...)
T5780 003:000.507   Data:  B4 49 00 20 11 30 00 00 FC 49 00 20 2C 30 00 00 ...
T5780 003:000.588   completely In flash
T5780 003:000.642 - 0.239ms returns 0xBB0
T5780 003:001.441 JLINK_WriteMem(0x00001770, 0xB90 Bytes, ...)
T5780 003:001.608   Data:  A3 7A 67 78 FF 3B 5E 42 73 41 44 F2 04 46 5B 42 ...
T5780 003:001.701   completely In flash
T5780 003:001.767 - 0.326ms returns 0xB90
T5780 003:002.566 JLINK_WriteMem(0x00002300, 0xBA0 Bytes, ...)
T5780 003:002.669   Data:  70 B5 26 4A 26 4C 00 25 E2 52 26 4B 26 4A DD 60 ...
T5780 003:002.739   completely In flash
T5780 003:002.812 - 0.243ms returns 0xBA0
T5780 003:003.535 JLINK_WriteMem(0x00002EA0, 0xB60 Bytes, ...)
T5780 003:003.610   Data:  74 20 77 69 74 68 20 52 65 6E 65 73 61 73 20 41 ...
T5780 003:003.684   completely In flash
T5780 003:003.740 - 0.205ms returns 0xB60
T5780 003:004.284 JLINK_WriteMem(0x00003A00, 0x52C Bytes, ...)
T5780 003:004.376   Data:  79 20 75 70 64 61 74 65 64 2E 0D 0A 00 46 61 69 ...
T5780 003:004.462   completely In flash
T5780 003:004.515 - 0.232ms returns 0x52C
T5780 003:005.021 JLINK_WriteMem(0x00003F2C, 0xD0 Bytes, ...)
T5780 003:005.118   Data:  10 00 00 00 8D 49 00 20 02 01 00 00 11 00 00 00 ...
T5780 003:005.181   completely In flash
T5780 003:005.246 - 0.226ms returns 0xD0
T5780 003:006.087 JLINK_WriteMem(0x01010018, 0x1C Bytes, ...)
T5780 003:006.434   Data:  FF FF FF FF FF FF FF FF FF FF FF FF FF FF FF FF ...
T5780 003:007.252   CPU_ReadMem(4 bytes @ 0x40019004)
T5780 003:007.739   CPU_ReadMem(4 bytes @ 0xE000ED90)
T5780 003:008.195    -- --------------------------------------
T5780 003:008.281    -- Start of determining flash info (Bank @ 0x00000000)
T5780 003:008.325    -- End of determining flash info
T5780 003:008.384    -- Start of determining dirty areas in flash cache
T5780 003:008.430    -- Filling invalid ranges in sector buffer (flash cache) for sector @ 0x00000000 if necessary
T5780 003:008.466    -- Filling invalid ranges in sector buffer (flash cache) for sector @ 0x00000800 if necessary
T5780 003:008.503    -- Filling invalid ranges in sector buffer (flash cache) for sector @ 0x00001000 if necessary
T5780 003:008.540    -- Filling invalid ranges in sector buffer (flash cache) for sector @ 0x00001800 if necessary
T5780 003:008.575    -- Filling invalid ranges in sector buffer (flash cache) for sector @ 0x00002000 if necessary
T5780 003:008.620    -- Filling invalid ranges in sector buffer (flash cache) for sector @ 0x00002800 if necessary
T5780 003:008.657    -- Filling invalid ranges in sector buffer (flash cache) for sector @ 0x00003000 if necessary
T5780 003:008.695    -- Filling invalid ranges in sector buffer (flash cache) for sector @ 0x00003800 if necessary
T5780 003:008.758    -- End of determining dirty areas
T5780 003:008.797    -- Start of preparing flash programming
T5780 003:008.847    -- Preparing RAMCode
T5780 003:008.884    -- Calculating RAM usage
T5780 003:008.925    -- RAM usage = 6808 Bytes
T5780 003:008.963    -- Preserving CPU registers
T5780 003:009.455    -- Preparing memory
T5780 003:009.529    -- Determining CPU clock frequency
T5780 003:046.476    -- CPU frequency = 5330 kHz
T5780 003:046.647    -- Preparing target
T5780 003:046.704    -- Preserving target RAM temporarily used for programming
T5780 003:081.595    -- Downloading RAMCode
T5780 003:103.279    -- Initializing RAMCode (InitType: 3 = Verify)
T5780 003:103.407    -- Executing Init(3)
T5780 003:119.844    -- End of preparing flash programming
T5780 003:119.986   
  ***** Warning: 
T5780 003:120.038   CPU is running at low speed (5330 kHz).
T5780 003:120.100    -- CPU is running at 5330 kHz.
T5780 003:120.144    -- Start of comparing flash
T5780 003:120.188    -- CRC check was estimated as fastest method
T5780 003:120.253    -- Comparing range 0x0000 - 0x3FFF (8 Sectors, 16 KB), using single-block CRC calculation
T5780 003:212.054    -- CRC does not match, checking individual sectors
T5780 003:303.926    -- CRC does not match for sectors 0-7
T5780 003:304.031    -- End of comparing flash
T5780 003:304.064    -- Start of erasing sectors
T5780 003:304.100    -- Erasing range 0x00000000 - 0x00003FFF (  8 Sectors, 16 KB)
T5780 003:304.134    -- Initializing RAMCode (InitType: 1 = Erase)
T5780 003:304.165    -- Executing UnInit()
T5780 003:314.464    -- Executing Init(1)
T5780 003:361.071    -- End of erasing sectors
T5780 003:361.126    -- Start of flash programming
T5780 003:361.157    -- Programming range 0x00000000 - 0x00003FFF (  8 Sectors, 16 KB)
T5780 003:361.192    -- Initializing RAMCode (InitType: 2 = Program)
T5780 003:361.220    -- Executing UnInit()
T5780 003:371.234    -- Executing Init(2)
T5780 003:381.589    -- Program page timeout too high. Use default timeout: 10000 [s]
T5780 003:381.648    -- Program page timeout too high. Use default timeout: 10000 [s]
T5780 003:381.688    -- Program page timeout too high. Use default timeout: 10000 [s]
T5780 003:430.408    -- Program page timeout too high. Use default timeout: 10000 [s]
T5780 003:469.461    -- Program page timeout too high. Use default timeout: 10000 [s]
T5780 003:508.605    -- Program page timeout too high. Use default timeout: 10000 [s]
T5780 003:547.860    -- Program page timeout too high. Use default timeout: 10000 [s]
T5780 003:586.912    -- Program page timeout too high. Use default timeout: 10000 [s]
T5780 003:626.332    -- End of flash programming
T5780 003:626.408    -- 0x0000 - 0x3FFF (  8 Sectors, 16 KB)
T5780 003:626.439    -- Start of verifying flash
T5780 003:626.467    -- Checksum calculation was estimated as fastest method
T5780 003:626.498    -- Checksum is not supported by this flash bank. Switched to read back method.
T5780 003:626.532    -- Initializing RAMCode (InitType: 3 = Verify)
T5780 003:626.560    -- Executing UnInit()
T5780 003:713.777    -- Executing Init(3)
T5780 003:816.105    -- End of verifying flash
T5780 003:816.180    -- Start of restoring
T5780 003:816.208    -- Executing UnInit()
T5780 003:826.774    -- Restoring target memory
T5780 003:855.195    -- Restoring CPU registers
T5780 003:856.082    -- End of restoring
T5780 003:856.208    -- Bank 0 @ 0x00000000: 1 range affected (16384 bytes)
T5780 003:856.260    -- Total: 0.847s (Prepare: 0.111s, Compare: 0.183s, Erase: 0.057s, Program: 0.343s, Verify: 0.111s, Restore: 0.040s)
T5780 003:856.306    -- Program speed: 46 KB/s
T5780 003:856.824   CPU_WriteMem(28 bytes @ 0x01010018)
T5780 003:857.956 - 851.871ms returns 0x1C
T5780 003:870.912 JLINK_EndDownload()
T5780 003:870.968 - 0.055ms returns 0 (0x0)
T5780 003:871.156 JLINK_WriteReg(R15 (PC), 0x000002A4)
T5780 003:871.193 - 0.036ms returns 0
T5780 003:871.222 JLINK_WriteReg(XPSR, 0x01000000)
T5780 003:871.256 - 0.033ms returns 0
T5780 003:872.050 JLINK_ResetPullsRESET(ON)
T5780 003:872.122 - 0.072ms 
T5780 003:872.156 JLINK_Halt()
T5780 003:872.190 - 0.033ms returns 0x00
T5780 003:872.229 JLINK_IsHalted()
T5780 003:872.264 - 0.035ms returns TRUE
T5780 003:872.300 JLINK_Reset()
T5780 003:872.344   CPU_ReadMem(4 bytes @ 0x01010018)
T5780 003:872.823   CPU_WriteMem(4 bytes @ 0x01010018)
T5780 003:873.270   JLINK_GetResetTypeDesc
T5780 003:873.351   - 0.076ms 
T5780 003:873.385   Reset type: CONNECT UNDER RESET (https://wiki.segger.com/J-Link_Reset_Strategies)
T5780 003:873.423   CPU_WriteMem(4 bytes @ 0xE000EDF0)
T5780 003:873.932   CPU_ReadMem(4 bytes @ 0xE000ED44)
T5780 003:874.352   CPU_WriteMem(4 bytes @ 0xE000EDFC)
T5780 003:874.770   Reset: Halt core after reset via DEMCR.VC_CORERESET.
T5780 003:875.275   Reset: Reset device via AIRCR.SYSRESETREQ.
T5780 003:875.324   CPU_WriteMem(4 bytes @ 0xE000ED0C)
T5780 003:929.262   CPU_ReadMem(4 bytes @ 0xE000EDF0)
T5780 003:929.979   CPU_ReadMem(4 bytes @ 0xE000EDF0)
T5780 003:930.616   CPU_WriteMem(4 bytes @ 0xE000EDFC)
T5780 003:937.504   CPU_ReadMem(4 bytes @ 0xE000EDF0)
T5780 003:941.934   CPU_WriteMem(4 bytes @ 0xE0002000)
T5780 003:942.471   CPU_ReadMem(4 bytes @ 0xE000EDFC)
T5780 003:942.970   CPU_ReadMem(4 bytes @ 0xE0001000)
T5780 003:943.431   CPU_WriteMem(4 bytes @ 0xE0001000)
T5780 003:943.842   CPU_ReadMem(4 bytes @ 0xE000EE08)
T5780 003:944.285 - 71.984ms 
T5780 003:944.332 JLINK_SetEndian(ARM_ENDIAN_LITTLE)
T5780 003:944.362 - 0.029ms returns 0
T5780 003:961.113 JLINK_ReadReg(XPSR)
T5780 003:961.200   CPU_ReadMem(4 bytes @ 0xE000EE08)
T5780 003:961.658 - 0.544ms returns 0x21000000
T5780 003:962.546 JLINK_ReadMem(0x00000280, 0x40 Bytes, ...)
T5780 003:962.626    -- Read from flash cache (64 bytes @ 0x00000280)
T5780 003:962.676   Data:  4F 8F BF F3 6F 8F 70 47 00 E1 00 E0 10 B5 04 00 ...
T5780 003:962.706 - 0.160ms returns 0
T5780 003:976.892 JLINK_ReadReg(XPSR)
T5780 003:976.983 - 0.091ms returns 0x21000000
T5780 003:977.618 JLINK_ReadMem(0x00000280, 0x40 Bytes, ...)
T5780 003:977.688    -- Read from flash cache (64 bytes @ 0x00000280)
T5780 003:977.725   Data:  4F 8F BF F3 6F 8F 70 47 00 E1 00 E0 10 B5 04 00 ...
T5780 003:977.754 - 0.135ms returns 0
T5780 004:109.121 JLINK_GetNumBPUnits(Type = 0xFFFFFF00)
T5780 004:109.187 - 0.066ms returns 0x04
T5780 004:109.208 JLINK_GetNumWPUnits()
T5780 004:109.231 - 0.022ms returns 2
T5780 004:109.251 JLINK_GetNumWPUnits()
T5780 004:109.269 - 0.018ms returns 2
T5780 004:109.296 JLINK_GetNumBPUnits(Type = 0xFFFFFF00)
T5780 004:109.317 - 0.021ms returns 0x04
T5780 004:109.336 JLINK_GetNumWPUnits()
T5780 004:109.357 - 0.020ms returns 2
T5780 004:109.376 JLINK_GetNumWPUnits()
T5780 004:109.397 - 0.020ms returns 2
T5780 004:109.422 JLINK_GetNumBPUnits(Type = 0xFFFFFF00)
T5780 004:109.442 - 0.020ms returns 0x04
T5780 004:109.464 JLINK_GetNumWPUnits()
T5780 004:109.483 - 0.019ms returns 2
T5780 004:109.504 JLINK_GetNumWPUnits()
T5780 004:109.525 - 0.020ms returns 2
T5780 004:109.608 JLINK_SetBPEx(Addr = 0x000010C8, Type = 0xFFFFFF00)
T5780 004:109.650 - 0.041ms returns 0x00000001
T5780 004:109.686 JLINK_ClrBPEx(BPHandle = 0x00000001)
T5780 004:109.707 - 0.021ms returns 0x00
T5780 004:122.796 JLINK_ReadMem(0x000010C0, 0x40 Bytes, ...)
T5780 004:122.929    -- Read from flash cache (64 bytes @ 0x000010C0)
T5780 004:122.963   Data:  70 47 C0 46 98 49 00 20 10 B5 FF F7 D3 FC 00 20 ...
T5780 004:122.994 - 0.199ms returns 0
T5780 004:124.287 JLINK_SetBPEx(Addr = 0x000010C8, Type = 0xFFFFFF00)
T5780 004:124.351 - 0.065ms returns 0x00000002
T5780 004:181.508 JLINK_ReadRegs(NumRegs = 22)
T5780 004:181.622   
  R0 (0)        = 0x2000449D           R1 (1)        = 0x20005A60           R2 (2)        = 0x00                 R3 (3)        = 0xF7              
  R4 (4)        = 0x20005A50           R5 (5)        = 0x00                 R6 (6)        = 0x20005A60           R7 (7)        = 0xFFFFFFFF        
  R8 (8)        = 0x60EEC757           R9 (9)        = 0x40008658           R10 (10)      = 0x925CCC8F           R11 (11)      = 0xADB64CA1        
  R12 (12)      = 0x3E8                R13 (SP) (13) = 0x20005030           R14 (14)      = 0x20004281           R15 (PC) (15) = 0x2A4             
  XPSR (16)     = 0x21000000           MSP (17)      = 0x20005030           PSP (18)      = 0xF1DBA86C           MSPLIM (86)   = 0x00              
  PSPLIM (87)   = 0x00                 CFBP (20)     = 0x00              
T5780 004:181.654 - 0.146ms returns 0x00
T5780 004:182.068 JLINK_ReadReg(XPSR)
T5780 004:182.133 - 0.065ms returns 0x21000000
T5780 004:182.978 JLINK_ReadMem(0x00000280, 0x40 Bytes, ...)
T5780 004:183.044    -- Read from flash cache (64 bytes @ 0x00000280)
T5780 004:183.085   Data:  4F 8F BF F3 6F 8F 70 47 00 E1 00 E0 10 B5 04 00 ...
T5780 004:183.116 - 0.139ms returns 0
T1D88 004:282.545 JLINK_GetNumBPUnits(Type = 0xFFFFFF00)
T1D88 004:282.609 - 0.064ms returns 0x04
T1D88 004:282.651 JLINK_GetNumWPUnits()
T1D88 004:282.673 - 0.022ms returns 2
T1D88 004:282.696 JLINK_GetNumWPUnits()
T1D88 004:282.718 - 0.022ms returns 2
T1D88 004:283.057 JLINK_GetNumBPUnits(Type = 0xFFFFFF00)
T1D88 004:283.102 - 0.045ms returns 0x04
T1D88 004:283.125 JLINK_GetNumWPUnits()
T1D88 004:283.146 - 0.020ms returns 2
T1D88 004:283.169 JLINK_GetNumWPUnits()
T1D88 004:283.189 - 0.020ms returns 2
T1D88 004:283.492 JLINK_GetNumBPUnits(Type = 0xFFFFFF00)
T1D88 004:283.572 - 0.081ms returns 0x04
T1D88 004:283.609 JLINK_GetNumWPUnits()
T1D88 004:283.637 - 0.027ms returns 2
T1D88 004:283.676 JLINK_GetNumWPUnits()
T1D88 004:283.711 - 0.034ms returns 2
T1D88 004:284.217 JLINK_GetNumBPUnits(Type = 0xFFFFFF00)
T1D88 004:284.331 - 0.116ms returns 0x04
T1D88 004:284.368 JLINK_GetNumWPUnits()
T1D88 004:284.404 - 0.035ms returns 2
T1D88 004:284.439 JLINK_GetNumWPUnits()
T1D88 004:284.475 - 0.035ms returns 2
T1D88 004:285.210 JLINK_GetNumBPUnits(Type = 0xFFFFFF00)
T1D88 004:285.263 - 0.053ms returns 0x04
T1D88 004:285.285 JLINK_GetNumWPUnits()
T1D88 004:285.305 - 0.019ms returns 2
T1D88 004:285.325 JLINK_GetNumWPUnits()
T1D88 004:285.345 - 0.019ms returns 2
T1D88 004:286.226 JLINK_GetNumBPUnits(Type = 0xFFFFFF00)
T1D88 004:286.304 - 0.076ms returns 0x04
T1D88 004:286.338 JLINK_GetNumWPUnits()
T1D88 004:286.362 - 0.023ms returns 2
T1D88 004:286.386 JLINK_GetNumWPUnits()
T1D88 004:286.416 - 0.029ms returns 2
T1D88 004:286.781 JLINK_GetNumBPUnits(Type = 0xFFFFFF00)
T1D88 004:286.847 - 0.065ms returns 0x04
T1D88 004:286.876 JLINK_GetNumWPUnits()
T1D88 004:286.905 - 0.029ms returns 2
T1D88 004:286.934 JLINK_GetNumWPUnits()
T1D88 004:286.963 - 0.028ms returns 2
T1D88 004:287.215 JLINK_GetNumBPUnits(Type = 0xFFFFFF00)
T1D88 004:287.273 - 0.056ms returns 0x04
T1D88 004:287.301 JLINK_GetNumWPUnits()
T1D88 004:287.320 - 0.019ms returns 2
T1D88 004:287.339 JLINK_GetNumWPUnits()
T1D88 004:287.360 - 0.020ms returns 2
T5780 004:293.791 JLINK_ReadReg(XPSR)
T5780 004:293.875 - 0.084ms returns 0x21000000
T5780 004:294.834 JLINK_ReadReg(XPSR)
T5780 004:294.922 - 0.087ms returns 0x21000000
T5780 004:295.628 JLINK_ReadMem(0x00000280, 0x40 Bytes, ...)
T5780 004:295.699    -- Read from flash cache (64 bytes @ 0x00000280)
T5780 004:295.734   Data:  4F 8F BF F3 6F 8F 70 47 00 E1 00 E0 10 B5 04 00 ...
T5780 004:295.763 - 0.134ms returns 0
T5780 007:711.016 JLINK_STRACE_Read(..., NumItems = 0x10000)
T5780 007:711.121   Initializing trace type buffer with configured Coresight trace components (* indicates set/detected address):
T5780 007:711.146     TF:   0x00000000
T5780 007:711.169     TMC:  0x00000000
T5780 007:711.204     ETB:  0x00000000
T5780 007:711.240    *MTB:  0x40019000
T5780 007:711.263     TPIU: 0x00000000
T5780 007:711.286     ETM:  0x00000000
T5780 007:711.312     STM:  0x00000000
T5780 007:711.335     PTM:  0x00000000
T5780 007:711.608 - 0.591ms NumItemsRead = 0x00
T5780 007:711.673 JLINK_IsHalted()
T5780 007:712.073 - 0.399ms returns TRUE
T5780 007:712.153 JLINK_STRACE_Read(..., NumItems = 0x10000)
T5780 007:712.206 - 0.053ms NumItemsRead = 0x00
T5780 007:712.259 JLINK_GoEx(MaxEmulInsts = 0, Flags = 0x01)
T5780 007:712.304   CPU_WriteMem(4 bytes @ 0xE0002000)
T5780 007:712.707   CPU_ReadMem(4 bytes @ 0xE0001000)
T5780 007:713.168   CPU_WriteMem(4 bytes @ 0xE0001000)
T5780 007:713.725   CPU_WriteMem(4 bytes @ 0xE0002008)
T5780 007:713.819   CPU_WriteMem(4 bytes @ 0xE000200C)
T5780 007:713.897   CPU_WriteMem(4 bytes @ 0xE0002010)
T5780 007:713.939   CPU_WriteMem(4 bytes @ 0xE0002014)
T5780 007:714.828   CPU_WriteMem(4 bytes @ 0xE0001004)
T5780 007:715.821   Memory map 'after startup completion point' is active
T5780 007:715.891 - 3.631ms 
T5780 007:818.934 JLINK_IsHalted()
T5780 007:822.075 - 3.140ms returns TRUE
T5780 007:822.150 JLINK_ReadReg(XPSR)
T5780 007:822.185   CPU_ReadMem(4 bytes @ 0xE000EE08)
T5780 007:822.783 - 0.632ms returns 0x41000000
T5780 007:822.857 JLINK_ReadReg(R15 (PC))
T5780 007:822.893 - 0.036ms returns 0x000010C8
T5780 007:822.939 JLINK_ReadReg(XPSR)
T5780 007:822.965 - 0.024ms returns 0x41000000
T5780 007:822.989 JLINK_ReadReg(XPSR)
T5780 007:823.014 - 0.025ms returns 0x41000000
T5780 007:823.039 JLINK_ReadReg(R15 (PC))
T5780 007:823.065 - 0.024ms returns 0x000010C8
T5780 007:823.089 JLINK_ReadReg(XPSR)
T5780 007:823.112 - 0.023ms returns 0x41000000
T5780 007:823.138 JLINK_ReadReg(XPSR)
T5780 007:823.162 - 0.023ms returns 0x41000000
T5780 007:823.186 JLINK_ReadMem(0x000010C8, 0x1 Bytes, ...)
T5780 007:823.214    -- Read from flash cache (1 bytes @ 0x000010C8)
T5780 007:823.246   Data:  10
T5780 007:823.283 - 0.096ms returns 0
T5780 007:823.309 JLINK_IsHalted()
T5780 007:823.330 - 0.021ms returns TRUE
T5780 007:823.357 JLINK_ReadReg(XPSR)
T5780 007:823.381 - 0.024ms returns 0x41000000
T5780 007:823.405 JLINK_ReadReg(XPSR)
T5780 007:823.433 - 0.027ms returns 0x41000000
T5780 007:823.457 JLINK_ReadReg(R15 (PC))
T5780 007:823.489 - 0.030ms returns 0x000010C8
T5780 007:823.514 JLINK_ReadReg(XPSR)
T5780 007:823.539 - 0.024ms returns 0x41000000
T5780 007:823.566 JLINK_ReadReg(XPSR)
T5780 007:823.589 - 0.023ms returns 0x41000000
T5780 007:823.614 JLINK_ReadMem(0x000010C8, 0x1 Bytes, ...)
T5780 007:823.639    -- Read from flash cache (1 bytes @ 0x000010C8)
T5780 007:823.670   Data:  10
T5780 007:823.705 - 0.090ms returns 0
T5780 007:823.790 JLINK_IsHalted()
T5780 007:823.821 - 0.031ms returns TRUE
T5780 007:823.847 JLINK_ReadReg(XPSR)
T5780 007:823.870 - 0.023ms returns 0x41000000
T5780 007:823.896 JLINK_ReadReg(R15 (PC))
T5780 007:823.921 - 0.025ms returns 0x000010C8
T5780 007:823.946 JLINK_ReadReg(XPSR)
T5780 007:823.973 - 0.026ms returns 0x41000000
T5780 007:823.996 JLINK_ReadReg(XPSR)
T5780 007:824.022 - 0.025ms returns 0x41000000
T5780 007:824.048 JLINK_ReadReg(R15 (PC))
T5780 007:824.073 - 0.024ms returns 0x000010C8
T5780 007:824.098 JLINK_ReadReg(XPSR)
T5780 007:824.124 - 0.025ms returns 0x41000000
T5780 007:824.147 JLINK_ReadReg(XPSR)
T5780 007:824.173 - 0.025ms returns 0x41000000
T5780 007:824.197 JLINK_ReadMem(0x000010C8, 0x1 Bytes, ...)
T5780 007:824.221    -- Read from flash cache (1 bytes @ 0x000010C8)
T5780 007:824.254   Data:  10
T5780 007:824.285 - 0.088ms returns 0
T5780 007:824.309 JLINK_IsHalted()
T5780 007:824.334 - 0.024ms returns TRUE
T5780 007:824.358 JLINK_ReadReg(XPSR)
T5780 007:824.384 - 0.025ms returns 0x41000000
T5780 007:824.407 JLINK_ReadReg(XPSR)
T5780 007:824.432 - 0.024ms returns 0x41000000
T5780 007:824.457 JLINK_ReadReg(R15 (PC))
T5780 007:824.485 - 0.026ms returns 0x000010C8
T5780 007:824.513 JLINK_ReadReg(XPSR)
T5780 007:824.537 - 0.024ms returns 0x41000000
T5780 007:824.565 JLINK_ReadReg(XPSR)
T5780 007:824.591 - 0.025ms returns 0x41000000
T5780 007:824.616 JLINK_ReadMem(0x000010C8, 0x1 Bytes, ...)
T5780 007:824.641    -- Read from flash cache (1 bytes @ 0x000010C8)
T5780 007:824.686   Data:  10
T5780 007:824.720 - 0.103ms returns 0
T5780 007:825.541 JLINK_ReadRegs(NumRegs = 22)
T5780 007:825.633   
  R0 (0)        = 0x00                 R1 (1)        = 0x00                 R2 (2)        = 0x80                 R3 (3)        = 0x400A0340        
  R4 (4)        = 0x20005A50           R5 (5)        = 0x00                 R6 (6)        = 0x20005A60           R7 (7)        = 0xFFFFFFFF        
  R8 (8)        = 0x60EEC757           R9 (9)        = 0x40008658           R10 (10)      = 0x925CCC8F           R11 (11)      = 0xADB64CA1        
  R12 (12)      = 0x00                 R13 (SP) (13) = 0x20005028           R14 (14)      = 0x2AF                R15 (PC) (15) = 0x10C8            
  XPSR (16)     = 0x41000000           MSP (17)      = 0x20005028           PSP (18)      = 0xF1DBA86C           MSPLIM (86)   = 0x00              
  PSPLIM (87)   = 0x00                 CFBP (20)     = 0x00              
T5780 007:825.670 - 0.129ms returns 0x00
T5780 007:826.455 JLINK_ReadReg(XPSR)
T5780 007:826.613 - 0.158ms returns 0x41000000
T5780 007:827.488 JLINK_ReadMem(0x000010C0, 0x40 Bytes, ...)
T5780 007:827.556    -- Read from flash cache (64 bytes @ 0x000010C0)
T5780 007:827.677   Data:  70 47 C0 46 98 49 00 20 10 B5 FF F7 D3 FC 00 20 ...
T5780 007:827.712 - 0.225ms returns 0
T5780 007:829.125 JLINK_ClrBPEx(BPHandle = 0x00000002)
T5780 007:829.191 - 0.066ms returns 0x00
T5780 007:850.057 JLINK_ReadMem(0x000010C0, 0x40 Bytes, ...)
T5780 007:850.137    -- Read from flash cache (64 bytes @ 0x000010C0)
T5780 007:850.173   Data:  70 47 C0 46 98 49 00 20 10 B5 FF F7 D3 FC 00 20 ...
T5780 007:850.205 - 0.149ms returns 0
T5780 008:093.195 JLINK_ReadReg(XPSR)
T5780 008:093.319 - 0.123ms returns 0x41000000
T5780 008:094.661 JLINK_ReadReg(XPSR)
T5780 008:094.897 - 0.236ms returns 0x41000000
T5780 008:595.452 JLINK_STRACE_Read(..., NumItems = 0x10000)
T5780 008:595.528 - 0.076ms NumItemsRead = 0x00
T5780 008:595.569 JLINK_IsHalted()
T5780 008:596.081 - 0.510ms returns TRUE
T5780 008:596.154 JLINK_STRACE_Read(..., NumItems = 0x10000)
T5780 008:596.184 - 0.030ms NumItemsRead = 0x00
T5780 008:596.212 JLINK_GoEx(MaxEmulInsts = 0, Flags = 0x01)
T5780 008:596.253   CPU_ReadMem(4 bytes @ 0xE0001000)
T5780 008:596.646   CPU_WriteMem(4 bytes @ 0xE0002008)
T5780 008:597.974 - 1.761ms 
T5780 008:693.211 JLINK_IsHalted()
T5780 008:694.009 - 0.798ms returns FALSE
T5780 008:694.137 JLINK_IsHalted()
T5780 008:694.621 - 0.483ms returns FALSE
T5780 008:802.921 JLINK_IsHalted()
T5780 008:803.459 - 0.538ms returns FALSE
T5780 008:803.514 JLINK_IsHalted()
T5780 008:803.996 - 0.481ms returns FALSE
T5780 008:912.234 JLINK_IsHalted()
T5780 008:912.809 - 0.575ms returns FALSE
T5780 008:912.936 JLINK_IsHalted()
T5780 008:913.406 - 0.468ms returns FALSE
T5780 009:021.495 JLINK_IsHalted()
T5780 009:022.207 - 0.707ms returns FALSE
T5780 009:022.357 JLINK_IsHalted()
T5780 009:022.906 - 0.547ms returns FALSE
T5780 009:131.367 JLINK_IsHalted()
T5780 009:132.666 - 1.296ms returns FALSE
T5780 009:132.914 JLINK_IsHalted()
T5780 009:133.818 - 0.900ms returns FALSE
T5780 009:240.518 JLINK_IsHalted()
T5780 009:241.106 - 0.587ms returns FALSE
T5780 009:241.188 JLINK_IsHalted()
T5780 009:241.725 - 0.535ms returns FALSE
T5780 009:349.282 JLINK_IsHalted()
T5780 009:349.749 - 0.466ms returns FALSE
T5780 009:349.804 JLINK_IsHalted()
T5780 009:350.225 - 0.420ms returns FALSE
T5780 009:458.787 JLINK_IsHalted()
T5780 009:459.370 - 0.581ms returns FALSE
T5780 009:459.480 JLINK_IsHalted()
T5780 009:460.388 - 0.906ms returns FALSE
T5780 009:568.773 JLINK_IsHalted()
T5780 009:569.642 - 0.867ms returns FALSE
T5780 009:569.778 JLINK_IsHalted()
T5780 009:570.393 - 0.612ms returns FALSE
T5780 009:677.934 JLINK_IsHalted()
T5780 009:678.467 - 0.532ms returns FALSE
T5780 009:678.578 JLINK_IsHalted()
T5780 009:679.074 - 0.495ms returns FALSE
T5780 009:786.730 JLINK_IsHalted()
T5780 009:787.525 - 0.794ms returns FALSE
T5780 009:787.638 JLINK_IsHalted()
T5780 009:788.216 - 0.577ms returns FALSE
T1D88 009:831.737 JLINK_IsHalted()
T1D88 009:832.246 - 0.508ms returns FALSE
T1D88 009:832.354 JLINK_IsHalted()
T1D88 009:832.782 - 0.427ms returns FALSE
T1D88 009:833.132 JLINK_IsHalted()
T1D88 009:833.550 - 0.416ms returns FALSE
T1D88 009:833.679 JLINK_IsHalted()
T1D88 009:834.058 - 0.378ms returns FALSE
T5438 010:329.635 JLINK_Halt()
T5438 010:333.592 - 3.956ms returns 0x00
T5438 010:333.792 JLINK_ReadReg(XPSR)
T5438 010:333.878   CPU_ReadMem(4 bytes @ 0xE000EE08)
T5438 010:334.611 - 0.817ms returns 0x61000000
T5438 010:343.804 JLINK_Close()
T5438 010:344.574   OnDisconnectTarget() start
T5438 010:344.683    J-Link Script File: Executing OnDisconnectTarget()
T5438 010:344.729   Restoring low power mode settings.
T5438 010:347.448   OnDisconnectTarget() end - Took 2.76ms
T5438 010:353.916 - 10.111ms
T5438 010:354.138   
T5438 010:354.202   Closed
