T4D2C 000:001.479   SEGGER J-Link V8.44a Log File
T4D2C 000:001.701   DLL Compiled: Jun 18 2025 16:28:32
T4D2C 000:001.722   Logging started @ 2025-07-31 06:51
T4D2C 000:001.741   Process: C:\Users\a5124973\.eclipse\com.renesas.platform_170476184\DebugComp\RA\e2-server-gdb.exe
T4D2C 000:001.768 - 1.762ms 
T4D2C 000:001.797 JLINK_GetDLLVersion()
T4D2C 000:001.823 - 0.025ms returns 84401
T4D2C 000:009.007 JLINK_OpenEx(...)
T4D2C 000:023.884   Firmware: J-Link OB-RA4M2 compiled Jun 25 2025 17:00:40
T4D2C 000:025.212   Firmware: J-Link OB-RA4M2 compiled Jun 25 2025 17:00:40
T4D2C 000:038.204   Hardware: V1.00
T4D2C 000:038.277   S/N: 1081330375
T4D2C 000:038.311   OEM: SEGGER
T4D2C 000:038.354   Feature(s): None
T4D2C 000:039.848   Bootloader: 2021 May 14
T4D2C 000:040.663   USB speed mode: Full speed (12 MBit/s)
T4D2C 000:041.276   TELNET listener socket opened on port 19021
T4D2C 000:041.630   WEBSRV WEBSRV_Init(): Starting webserver thread(s)
T4D2C 000:042.031   WEBSRV Webserver running on local port 19080
T4D2C 000:042.434   Looking for J-Link GUI Server exe at: C:\Users\a5124973\.eclipse\com.renesas.platform_170476184\DebugComp\RA\ARM\Segger_v8.44.1\JLinkGUIServer.exe
T4D2C 000:042.809   Looking for J-Link GUI Server exe at: C:\Users\a5124973\SEGGER\JLink_V794g\JLinkGUIServer.exe
T4D2C 000:350.127   Failed to connect to J-Link GUI Server.
T4D2C 000:350.425 - 341.383ms returns "O.K."
T4D2C 000:351.494 JLINK_TIF_Select(JLINKARM_TIF_SWD)
T4D2C 000:355.240 - 3.745ms returns 0x00
T4D2C 000:355.476 JLINK_ClrRESET()
T4D2C 000:357.106 - 1.628ms 
T4D2C 000:407.677 JLINK_SetSpeed(1500)
T4D2C 000:408.590 - 0.935ms 
T4D2C 000:408.855 JLINK_CORESIGHT_Configure(PerformTIFInit=0)
T4D2C 000:410.052 - 1.196ms returns 0
T4D2C 000:410.307 JLINK_CORESIGHT_ReadAPDPReg(DP reg 0x00)
T4D2C 000:411.517   Value=0x6BA02477
T4D2C 000:411.768 - 1.469ms returns 0
T4D2C 000:411.917 JLINK_CORESIGHT_WriteAPDPReg(DP reg 0x00, 0x0000001F)
T4D2C 000:412.878 - 0.961ms returns 0
T4D2C 000:413.095 JLINK_CORESIGHT_ReadAPDPReg(DP reg 0x00)
T4D2C 000:414.154   Value=0x6BA02477
T4D2C 000:414.408 - 1.313ms returns 0
T4D2C 000:414.525 JLINK_CORESIGHT_WriteAPDPReg(DP reg 0x02, 0x00000000)
T4D2C 000:415.426 - 0.901ms returns 0
T4D2C 000:415.622 JLINK_CORESIGHT_WriteAPDPReg(DP reg 0x01, 0x50000000)
T4D2C 000:416.483 - 0.860ms returns 0
T4D2C 000:416.697 JLINK_CORESIGHT_ReadAPDPReg(DP reg 0x01)
T4D2C 000:417.593   Value=0xF0000040
T4D2C 000:417.794 - 1.097ms returns 0
T4D2C 000:417.903 JLINK_CORESIGHT_WriteAPDPReg(DP reg 0x00, 0x0000001F)
T4D2C 000:418.703 - 0.799ms returns 0
T4D2C 000:418.897 JLINK_CORESIGHT_ReadAPDPReg(DP reg 0x00)
T4D2C 000:419.643   Value=0x6BA02477
T4D2C 000:419.850 - 0.953ms returns 0
T4D2C 000:419.958 JLINK_CORESIGHT_WriteAPDPReg(DP reg 0x01, 0x54000000)
T4D2C 000:420.883 - 0.924ms returns 0
T4D2C 000:421.076 JLINK_CORESIGHT_WriteAPDPReg(DP reg 0x01, 0x50000F00)
T4D2C 000:422.086 - 1.010ms returns 0
T4D2C 000:422.304 JLINK_CORESIGHT_WriteAPDPReg(DP reg 0x02, 0x01000000)
T4D2C 000:423.126 - 0.822ms returns 0
T4D2C 000:423.334 JLINK_CORESIGHT_WriteAPDPReg(AP reg 0x00, 0x80000002)
T4D2C 000:424.222 - 0.887ms returns 0
T4D2C 000:424.420 JLINK_CORESIGHT_WriteAPDPReg(AP reg 0x01, 0x80011100)
T4D2C 000:425.219 - 0.798ms returns 0
T4D2C 000:425.415 JLINK_CORESIGHT_WriteAPDPReg(AP reg 0x03, 0x000000A5)
T4D2C 000:426.288 - 0.872ms returns 0
T4D2C 000:426.483 JLINK_CORESIGHT_WriteAPDPReg(AP reg 0x00, 0x80000002)
T4D2C 000:427.286 - 0.803ms returns 0
T4D2C 000:427.364 JLINK_CORESIGHT_WriteAPDPReg(AP reg 0x01, 0x80011100)
T4D2C 000:427.750 - 0.385ms returns 0
T4D2C 000:427.806 JLINK_CORESIGHT_ReadAPDPReg(AP reg 0x03)
T4D2C 000:428.279   Value=0x000000A5
T4D2C 000:428.327 - 0.521ms returns 0
T4D2C 000:428.361 JLINK_ClrTMS()
T4D2C 000:428.678 - 0.316ms 
T4D2C 000:434.508 JLINK_SetTCK()
T4D2C 000:434.833 - 0.324ms returns 0
T4D2C 000:440.368 JLINK_SetRESET()
T4D2C 000:440.783 - 0.414ms 
T4D2C 000:641.776 JLINK_CORESIGHT_WriteAPDPReg(AP reg 0x00, 0x80000002)
T4D2C 000:642.924 - 1.148ms returns 0
T4D2C 000:643.309 JLINK_CORESIGHT_WriteAPDPReg(AP reg 0x01, 0x80011100)
T4D2C 000:644.344 - 1.034ms returns 0
T4D2C 000:644.616 JLINK_CORESIGHT_ReadAPDPReg(AP reg 0x03)
T4D2C 000:645.526   Value=0x00000000
T4D2C 000:645.766 - 1.150ms returns 0
T4D2C 000:645.876 JLINK_CORESIGHT_WriteAPDPReg(AP reg 0x00, 0x80000002)
T4D2C 000:646.872 - 0.995ms returns 0
T4D2C 000:647.070 JLINK_CORESIGHT_WriteAPDPReg(AP reg 0x01, 0x80011140)
T4D2C 000:647.908 - 0.837ms returns 0
T4D2C 000:648.110 JLINK_CORESIGHT_ReadAPDPReg(AP reg 0x03)
T4D2C 000:649.020   Value=0x00000002
T4D2C 000:649.245 - 1.135ms returns 0
T4D2C 000:649.353 JLINK_CORESIGHT_WriteAPDPReg(AP reg 0x00, 0x80000002)
T4D2C 000:650.337 - 0.983ms returns 0
T4D2C 000:650.580 JLINK_CORESIGHT_WriteAPDPReg(AP reg 0x01, 0x80011120)
T4D2C 000:651.470 - 0.889ms returns 0
T4D2C 000:651.678 JLINK_CORESIGHT_WriteAPDPReg(AP reg 0x03, 0x00000055)
T4D2C 000:652.715 - 1.037ms returns 0
T4D2C 000:652.960 JLINK_CORESIGHT_WriteAPDPReg(AP reg 0x00, 0x80000002)
T4D2C 000:653.916 - 0.955ms returns 0
T4D2C 000:654.132 JLINK_CORESIGHT_WriteAPDPReg(AP reg 0x01, 0x80011140)
T4D2C 000:654.988 - 0.856ms returns 0
T4D2C 000:655.201 JLINK_CORESIGHT_ReadAPDPReg(AP reg 0x03)
T4D2C 000:656.169   Value=0x00000002
T4D2C 000:656.413 - 1.211ms returns 0
T4D2C 000:656.521 JLINK_CORESIGHT_ReadAPDPReg(AP reg 0x03)
T4D2C 000:657.636   Value=0x00000002
T4D2C 000:657.876 - 1.354ms returns 0
T4D2C 000:657.991 JLINK_CORESIGHT_ReadAPDPReg(AP reg 0x03)
T4D2C 000:659.036   Value=0x00000002
T4D2C 000:659.290 - 1.299ms returns 0
T4D2C 000:659.401 JLINK_CORESIGHT_ReadAPDPReg(AP reg 0x03)
T4D2C 000:660.446   Value=0x00000002
T4D2C 000:660.667 - 1.265ms returns 0
T4D2C 000:660.832 JLINK_CORESIGHT_ReadAPDPReg(AP reg 0x03)
T4D2C 000:661.800   Value=0x00000002
T4D2C 000:662.022 - 1.190ms returns 0
T4D2C 000:662.144 JLINK_CORESIGHT_ReadAPDPReg(AP reg 0x03)
T4D2C 000:663.124   Value=0x00000002
T4D2C 000:663.350 - 1.205ms returns 0
T4D2C 000:663.460 JLINK_CORESIGHT_ReadAPDPReg(AP reg 0x03)
T4D2C 000:664.349   Value=0x00000002
T4D2C 000:664.550 - 1.089ms returns 0
T4D2C 000:664.660 JLINK_CORESIGHT_ReadAPDPReg(AP reg 0x03)
T4D2C 000:665.618   Value=0x00000000
T4D2C 000:665.846 - 1.185ms returns 0
T4D2C 000:665.967 JLINK_CORESIGHT_WriteAPDPReg(AP reg 0x00, 0x80000002)
T4D2C 000:667.045 - 1.077ms returns 0
T4D2C 000:667.308 JLINK_CORESIGHT_WriteAPDPReg(AP reg 0x01, 0x80011130)
T4D2C 000:668.288 - 0.980ms returns 0
T4D2C 000:668.514 JLINK_CORESIGHT_ReadAPDPReg(AP reg 0x03)
T4D2C 000:669.389   Value=0x000000C6
T4D2C 000:669.590 - 1.076ms returns 0
T4D2C 000:669.720 JLINK_CORESIGHT_WriteAPDPReg(AP reg 0x00, 0x80000002)
T4D2C 000:670.599 - 0.878ms returns 0
T4D2C 000:670.804 JLINK_CORESIGHT_WriteAPDPReg(AP reg 0x01, 0x80011140)
T4D2C 000:671.620 - 0.814ms returns 0
T4D2C 000:671.868 JLINK_CORESIGHT_ReadAPDPReg(AP reg 0x03)
T4D2C 000:672.644   Value=0x00000002
T4D2C 000:672.900 - 1.032ms returns 0
T4D2C 000:673.014 JLINK_CORESIGHT_WriteAPDPReg(AP reg 0x00, 0x80000002)
T4D2C 000:673.897 - 0.882ms returns 0
T4D2C 000:674.097 JLINK_CORESIGHT_WriteAPDPReg(AP reg 0x01, 0x80011120)
T4D2C 000:674.860 - 0.762ms returns 0
T4D2C 000:675.060 JLINK_CORESIGHT_WriteAPDPReg(AP reg 0x03, 0x3A010001)
T4D2C 000:675.910 - 0.849ms returns 0
T4D2C 000:676.109 JLINK_CORESIGHT_WriteAPDPReg(AP reg 0x00, 0x80000002)
T4D2C 000:676.933 - 0.823ms returns 0
T4D2C 000:677.123 JLINK_CORESIGHT_WriteAPDPReg(AP reg 0x01, 0x80011140)
T4D2C 000:678.040 - 0.917ms returns 0
T4D2C 000:678.241 JLINK_CORESIGHT_ReadAPDPReg(AP reg 0x03)
T4D2C 000:678.898   Value=0x00000002
T4D2C 000:679.043 - 0.802ms returns 0
T4D2C 000:679.126 JLINK_CORESIGHT_WriteAPDPReg(AP reg 0x00, 0x80000002)
T4D2C 000:679.869 - 0.742ms returns 0
T4D2C 000:680.004 JLINK_CORESIGHT_WriteAPDPReg(AP reg 0x01, 0x80011120)
T4D2C 000:680.746 - 0.742ms returns 0
T4D2C 000:680.880 JLINK_CORESIGHT_WriteAPDPReg(AP reg 0x03, 0x000003C5)
T4D2C 000:681.432 - 0.553ms returns 0
T4D2C 000:681.486 JLINK_CORESIGHT_WriteAPDPReg(AP reg 0x00, 0x80000002)
T4D2C 000:681.863 - 0.377ms returns 0
T4D2C 000:681.919 JLINK_CORESIGHT_WriteAPDPReg(AP reg 0x01, 0x80011140)
T4D2C 000:682.270 - 0.350ms returns 0
T4D2C 000:682.323 JLINK_CORESIGHT_ReadAPDPReg(AP reg 0x03)
T4D2C 000:682.758   Value=0x00000002
T4D2C 000:682.806 - 0.483ms returns 0
T4D2C 000:682.836 JLINK_CORESIGHT_ReadAPDPReg(AP reg 0x03)
T4D2C 000:683.230   Value=0x00000002
T4D2C 000:683.287 - 0.451ms returns 0
T4D2C 000:683.321 JLINK_CORESIGHT_ReadAPDPReg(AP reg 0x03)
T4D2C 000:683.619   Value=0x00000002
T4D2C 000:683.666 - 0.345ms returns 0
T4D2C 000:683.696 JLINK_CORESIGHT_ReadAPDPReg(AP reg 0x03)
T4D2C 000:684.082   Value=0x00000002
T4D2C 000:684.137 - 0.441ms returns 0
T4D2C 000:684.168 JLINK_CORESIGHT_ReadAPDPReg(AP reg 0x03)
T4D2C 000:684.615   Value=0x00000002
T4D2C 000:684.674 - 0.506ms returns 0
T4D2C 000:684.707 JLINK_CORESIGHT_ReadAPDPReg(AP reg 0x03)
T4D2C 000:685.134   Value=0x00000000
T4D2C 000:685.191 - 0.483ms returns 0
T4D2C 000:685.235 JLINK_CORESIGHT_WriteAPDPReg(AP reg 0x00, 0x80000002)
T4D2C 000:685.575 - 0.339ms returns 0
T4D2C 000:685.630 JLINK_CORESIGHT_WriteAPDPReg(AP reg 0x01, 0x80011130)
T4D2C 000:685.950 - 0.320ms returns 0
T4D2C 000:685.994 JLINK_CORESIGHT_ReadAPDPReg(AP reg 0x03)
T4D2C 000:686.310   Value=0x3A2A0081
T4D2C 000:686.356 - 0.361ms returns 0
T4D2C 000:686.385 JLINK_CORESIGHT_WriteAPDPReg(AP reg 0x00, 0x80000002)
T4D2C 000:686.739 - 0.354ms returns 0
T4D2C 000:686.790 JLINK_CORESIGHT_WriteAPDPReg(AP reg 0x01, 0x80011140)
T4D2C 000:687.127 - 0.336ms returns 0
T4D2C 000:687.198 JLINK_CORESIGHT_ReadAPDPReg(AP reg 0x03)
T4D2C 000:687.668   Value=0x00000000
T4D2C 000:687.731 - 0.533ms returns 0
T4D2C 000:687.764 JLINK_CORESIGHT_WriteAPDPReg(AP reg 0x00, 0x80000002)
T4D2C 000:688.086 - 0.321ms returns 0
T4D2C 000:688.135 JLINK_CORESIGHT_WriteAPDPReg(AP reg 0x01, 0x80011130)
T4D2C 000:688.497 - 0.362ms returns 0
T4D2C 000:688.549 JLINK_CORESIGHT_ReadAPDPReg(AP reg 0x03)
T4D2C 000:688.996   Value=0x808D5B00
T4D2C 000:689.050 - 0.500ms returns 0
T4D2C 000:689.082 JLINK_CORESIGHT_WriteAPDPReg(AP reg 0x00, 0x80000002)
T4D2C 000:689.458 - 0.376ms returns 0
T4D2C 000:689.506 JLINK_CORESIGHT_WriteAPDPReg(AP reg 0x01, 0x80011140)
T4D2C 000:689.921 - 0.414ms returns 0
T4D2C 000:689.971 JLINK_CORESIGHT_ReadAPDPReg(AP reg 0x03)
T4D2C 000:690.369   Value=0x00000000
T4D2C 000:690.420 - 0.449ms returns 0
T4D2C 000:690.450 JLINK_CORESIGHT_WriteAPDPReg(AP reg 0x00, 0x80000002)
T4D2C 000:690.704 - 0.254ms returns 0
T4D2C 000:690.743 JLINK_CORESIGHT_WriteAPDPReg(AP reg 0x01, 0x80011130)
T4D2C 000:691.050 - 0.307ms returns 0
T4D2C 000:691.093 JLINK_CORESIGHT_ReadAPDPReg(AP reg 0x03)
T4D2C 000:691.500   Value=0x0306070A
T4D2C 000:691.552 - 0.458ms returns 0
T4D2C 000:691.580 JLINK_CORESIGHT_WriteAPDPReg(AP reg 0x00, 0x80000002)
T4D2C 000:691.902 - 0.322ms returns 0
T4D2C 000:691.944 JLINK_CORESIGHT_WriteAPDPReg(AP reg 0x01, 0x80011140)
T4D2C 000:692.310 - 0.366ms returns 0
T4D2C 000:692.349 JLINK_CORESIGHT_ReadAPDPReg(AP reg 0x03)
T4D2C 000:692.755   Value=0x00000000
T4D2C 000:692.797 - 0.448ms returns 0
T4D2C 000:692.826 JLINK_CORESIGHT_WriteAPDPReg(AP reg 0x00, 0x80000002)
T4D2C 000:693.098 - 0.271ms returns 0
T4D2C 000:693.145 JLINK_CORESIGHT_WriteAPDPReg(AP reg 0x01, 0x80011130)
T4D2C 000:693.448 - 0.303ms returns 0
T4D2C 000:693.490 JLINK_CORESIGHT_ReadAPDPReg(AP reg 0x03)
T4D2C 000:693.846   Value=0x30545408
T4D2C 000:693.892 - 0.401ms returns 0
T4D2C 000:693.920 JLINK_CORESIGHT_WriteAPDPReg(AP reg 0x00, 0x80000002)
T4D2C 000:694.235 - 0.315ms returns 0
T4D2C 000:694.276 JLINK_CORESIGHT_WriteAPDPReg(AP reg 0x01, 0x80011140)
T4D2C 000:694.573 - 0.296ms returns 0
T4D2C 000:694.612 JLINK_CORESIGHT_ReadAPDPReg(AP reg 0x03)
T4D2C 000:694.937   Value=0x00000000
T4D2C 000:694.983 - 0.370ms returns 0
T4D2C 000:695.010 JLINK_CORESIGHT_WriteAPDPReg(AP reg 0x00, 0x80000002)
T4D2C 000:695.323 - 0.312ms returns 0
T4D2C 000:695.370 JLINK_CORESIGHT_WriteAPDPReg(AP reg 0x01, 0x80011130)
T4D2C 000:695.711 - 0.341ms returns 0
T4D2C 000:695.755 JLINK_CORESIGHT_ReadAPDPReg(AP reg 0x03)
T4D2C 000:696.128   Value=0x547F84C8
T4D2C 000:696.173 - 0.418ms returns 0
T4D2C 000:696.214 JLINK_CORESIGHT_WriteAPDPReg(AP reg 0x00, 0x80000002)
T4D2C 000:696.573 - 0.358ms returns 0
T4D2C 000:696.620 JLINK_CORESIGHT_WriteAPDPReg(AP reg 0x01, 0x80011140)
T4D2C 000:696.927 - 0.306ms returns 0
T4D2C 000:696.971 JLINK_CORESIGHT_ReadAPDPReg(AP reg 0x03)
T4D2C 000:697.347   Value=0x00000000
T4D2C 000:697.394 - 0.423ms returns 0
T4D2C 000:697.428 JLINK_CORESIGHT_WriteAPDPReg(AP reg 0x00, 0x80000002)
T4D2C 000:697.733 - 0.305ms returns 0
T4D2C 000:697.779 JLINK_CORESIGHT_WriteAPDPReg(AP reg 0x01, 0x80011130)
T4D2C 000:698.126 - 0.346ms returns 0
T4D2C 000:698.172 JLINK_CORESIGHT_ReadAPDPReg(AP reg 0x03)
T4D2C 000:698.575   Value=0x32355536
T4D2C 000:698.624 - 0.452ms returns 0
T4D2C 000:698.653 JLINK_CORESIGHT_WriteAPDPReg(AP reg 0x00, 0x80000002)
T4D2C 000:699.024 - 0.370ms returns 0
T4D2C 000:699.069 JLINK_CORESIGHT_WriteAPDPReg(AP reg 0x01, 0x80011140)
T4D2C 000:699.348 - 0.279ms returns 0
T4D2C 000:699.391 JLINK_CORESIGHT_ReadAPDPReg(AP reg 0x03)
T4D2C 000:699.815   Value=0x00000000
T4D2C 000:699.862 - 0.471ms returns 0
T4D2C 000:699.896 JLINK_CORESIGHT_WriteAPDPReg(AP reg 0x00, 0x80000002)
T4D2C 000:700.177 - 0.281ms returns 0
T4D2C 000:700.221 JLINK_CORESIGHT_WriteAPDPReg(AP reg 0x01, 0x80011130)
T4D2C 000:700.578 - 0.357ms returns 0
T4D2C 000:700.622 JLINK_CORESIGHT_ReadAPDPReg(AP reg 0x03)
T4D2C 000:700.967   Value=0x86022D38
T4D2C 000:701.025 - 0.402ms returns 0
T4D2C 000:701.058 JLINK_CORESIGHT_WriteAPDPReg(AP reg 0x00, 0x80000002)
T4D2C 000:701.419 - 0.360ms returns 0
T4D2C 000:701.499 JLINK_CORESIGHT_WriteAPDPReg(AP reg 0x01, 0x80011140)
T4D2C 000:701.883 - 0.383ms returns 0
T4D2C 000:701.947 JLINK_CORESIGHT_ReadAPDPReg(AP reg 0x03)
T4D2C 000:702.336   Value=0x00000000
T4D2C 000:702.392 - 0.445ms returns 0
T4D2C 000:702.424 JLINK_CORESIGHT_WriteAPDPReg(AP reg 0x00, 0x80000002)
T4D2C 000:702.917 - 0.493ms returns 0
T4D2C 000:702.972 JLINK_CORESIGHT_WriteAPDPReg(AP reg 0x01, 0x80011130)
T4D2C 000:703.320 - 0.348ms returns 0
T4D2C 000:703.372 JLINK_CORESIGHT_ReadAPDPReg(AP reg 0x03)
T4D2C 000:703.796   Value=0x4B375270
T4D2C 000:703.848 - 0.476ms returns 0
T4D2C 000:703.877 JLINK_CORESIGHT_WriteAPDPReg(AP reg 0x00, 0x80000002)
T4D2C 000:704.225 - 0.347ms returns 0
T4D2C 000:704.272 JLINK_CORESIGHT_WriteAPDPReg(AP reg 0x01, 0x80011140)
T4D2C 000:704.575 - 0.303ms returns 0
T4D2C 000:704.617 JLINK_CORESIGHT_ReadAPDPReg(AP reg 0x03)
T4D2C 000:704.936   Value=0x00000000
T4D2C 000:704.990 - 0.373ms returns 0
T4D2C 000:705.023 JLINK_CORESIGHT_WriteAPDPReg(AP reg 0x00, 0x80000002)
T4D2C 000:705.336 - 0.312ms returns 0
T4D2C 000:705.381 JLINK_CORESIGHT_WriteAPDPReg(AP reg 0x01, 0x80011130)
T4D2C 000:705.710 - 0.328ms returns 0
T4D2C 000:705.751 JLINK_CORESIGHT_ReadAPDPReg(AP reg 0x03)
T4D2C 000:706.061   Value=0x31503841
T4D2C 000:706.111 - 0.360ms returns 0
T4D2C 000:706.139 JLINK_CORESIGHT_WriteAPDPReg(AP reg 0x00, 0x80000002)
T4D2C 000:706.427 - 0.288ms returns 0
T4D2C 000:706.470 JLINK_CORESIGHT_WriteAPDPReg(AP reg 0x01, 0x80011140)
T4D2C 000:706.752 - 0.282ms returns 0
T4D2C 000:706.796 JLINK_CORESIGHT_ReadAPDPReg(AP reg 0x03)
T4D2C 000:707.240   Value=0x00000000
T4D2C 000:707.293 - 0.497ms returns 0
T4D2C 000:707.327 JLINK_CORESIGHT_WriteAPDPReg(AP reg 0x00, 0x80000002)
T4D2C 000:707.687 - 0.360ms returns 0
T4D2C 000:707.732 JLINK_CORESIGHT_WriteAPDPReg(AP reg 0x01, 0x80011130)
T4D2C 000:708.357 - 0.625ms returns 0
T4D2C 000:708.399 JLINK_CORESIGHT_ReadAPDPReg(AP reg 0x03)
T4D2C 000:708.791   Value=0x434C464B
T4D2C 000:708.848 - 0.448ms returns 0
T4D2C 000:708.879 JLINK_CORESIGHT_WriteAPDPReg(AP reg 0x00, 0x80000002)
T4D2C 000:709.202 - 0.323ms returns 0
T4D2C 000:709.260 JLINK_CORESIGHT_WriteAPDPReg(AP reg 0x01, 0x80011140)
T4D2C 000:709.584 - 0.323ms returns 0
T4D2C 000:709.627 JLINK_CORESIGHT_ReadAPDPReg(AP reg 0x03)
T4D2C 000:709.955   Value=0x00000000
T4D2C 000:710.004 - 0.377ms returns 0
T4D2C 000:710.085 JLINK_CORESIGHT_WriteAPDPReg(AP reg 0x00, 0x80000002)
T4D2C 000:710.403 - 0.318ms returns 0
T4D2C 000:710.446 JLINK_CORESIGHT_WriteAPDPReg(AP reg 0x01, 0x80011130)
T4D2C 000:710.703 - 0.257ms returns 0
T4D2C 000:710.746 JLINK_CORESIGHT_ReadAPDPReg(AP reg 0x03)
T4D2C 000:711.063   Value=0x20204341
T4D2C 000:711.112 - 0.366ms returns 0
T4D2C 000:711.143 JLINK_CORESIGHT_WriteAPDPReg(AP reg 0x00, 0x80000002)
T4D2C 000:711.575 - 0.432ms returns 0
T4D2C 000:711.618 JLINK_CORESIGHT_WriteAPDPReg(AP reg 0x01, 0x80011140)
T4D2C 000:712.016 - 0.398ms returns 0
T4D2C 000:712.060 JLINK_CORESIGHT_ReadAPDPReg(AP reg 0x03)
T4D2C 000:712.401   Value=0x00000000
T4D2C 000:712.450 - 0.390ms returns 0
T4D2C 000:712.480 JLINK_CORESIGHT_WriteAPDPReg(AP reg 0x00, 0x80000002)
T4D2C 000:712.827 - 0.346ms returns 0
T4D2C 000:712.873 JLINK_CORESIGHT_WriteAPDPReg(AP reg 0x01, 0x80011130)
T4D2C 000:713.297 - 0.424ms returns 0
T4D2C 000:713.349 JLINK_CORESIGHT_ReadAPDPReg(AP reg 0x03)
T4D2C 000:713.718   Value=0x0003FA20
T4D2C 000:713.773 - 0.424ms returns 0
T4D2C 000:713.887 JLINK_CORESIGHT_WriteAPDPReg(AP reg 0x00, 0x80000002)
T4D2C 000:714.303 - 0.416ms returns 0
T4D2C 000:714.351 JLINK_CORESIGHT_WriteAPDPReg(AP reg 0x01, 0x80011140)
T4D2C 000:714.761 - 0.410ms returns 0
T4D2C 000:714.801 JLINK_CORESIGHT_ReadAPDPReg(AP reg 0x03)
T4D2C 000:715.257   Value=0x00000002
T4D2C 000:715.306 - 0.504ms returns 0
T4D2C 000:715.334 JLINK_CORESIGHT_WriteAPDPReg(AP reg 0x00, 0x80000002)
T4D2C 000:715.726 - 0.392ms returns 0
T4D2C 000:715.775 JLINK_CORESIGHT_WriteAPDPReg(AP reg 0x01, 0x80011120)
T4D2C 000:716.052 - 0.277ms returns 0
T4D2C 000:716.093 JLINK_CORESIGHT_WriteAPDPReg(AP reg 0x03, 0x39020001)
T4D2C 000:716.585 - 0.492ms returns 0
T4D2C 000:716.624 JLINK_CORESIGHT_WriteAPDPReg(AP reg 0x00, 0x80000002)
T4D2C 000:716.904 - 0.279ms returns 0
T4D2C 000:716.952 JLINK_CORESIGHT_WriteAPDPReg(AP reg 0x01, 0x80011140)
T4D2C 000:717.325 - 0.373ms returns 0
T4D2C 000:717.366 JLINK_CORESIGHT_ReadAPDPReg(AP reg 0x03)
T4D2C 000:717.833   Value=0x00000002
T4D2C 000:717.886 - 0.520ms returns 0
T4D2C 000:717.916 JLINK_CORESIGHT_WriteAPDPReg(AP reg 0x00, 0x80000002)
T4D2C 000:718.192 - 0.275ms returns 0
T4D2C 000:718.239 JLINK_CORESIGHT_WriteAPDPReg(AP reg 0x01, 0x80011120)
T4D2C 000:718.574 - 0.335ms returns 0
T4D2C 000:718.615 JLINK_CORESIGHT_WriteAPDPReg(AP reg 0x03, 0x0003B312)
T4D2C 000:718.953 - 0.338ms returns 0
T4D2C 000:718.999 JLINK_CORESIGHT_WriteAPDPReg(AP reg 0x00, 0x80000002)
T4D2C 000:719.312 - 0.313ms returns 0
T4D2C 000:719.351 JLINK_CORESIGHT_WriteAPDPReg(AP reg 0x01, 0x80011140)
T4D2C 000:719.628 - 0.277ms returns 0
T4D2C 000:719.668 JLINK_CORESIGHT_ReadAPDPReg(AP reg 0x03)
T4D2C 000:720.004   Value=0x00000000
T4D2C 000:720.056 - 0.387ms returns 0
T4D2C 000:720.084 JLINK_CORESIGHT_WriteAPDPReg(AP reg 0x00, 0x80000002)
T4D2C 000:720.416 - 0.332ms returns 0
T4D2C 000:720.458 JLINK_CORESIGHT_WriteAPDPReg(AP reg 0x01, 0x80011130)
T4D2C 000:720.752 - 0.294ms returns 0
T4D2C 000:720.792 JLINK_CORESIGHT_ReadAPDPReg(AP reg 0x03)
T4D2C 000:721.133   Value=0xB90A0081
T4D2C 000:721.186 - 0.393ms returns 0
T4D2C 000:721.212 JLINK_CORESIGHT_WriteAPDPReg(AP reg 0x00, 0x80000002)
T4D2C 000:721.481 - 0.268ms returns 0
T4D2C 000:721.522 JLINK_CORESIGHT_WriteAPDPReg(AP reg 0x01, 0x80011140)
T4D2C 000:721.804 - 0.281ms returns 0
T4D2C 000:721.843 JLINK_CORESIGHT_ReadAPDPReg(AP reg 0x03)
T4D2C 000:722.187   Value=0x00000000
T4D2C 000:722.234 - 0.390ms returns 0
T4D2C 000:722.275 JLINK_CORESIGHT_WriteAPDPReg(AP reg 0x00, 0x80000002)
T4D2C 000:722.575 - 0.299ms returns 0
T4D2C 000:722.613 JLINK_CORESIGHT_WriteAPDPReg(AP reg 0x01, 0x80011130)
T4D2C 000:722.858 - 0.244ms returns 0
T4D2C 000:722.898 JLINK_CORESIGHT_ReadAPDPReg(AP reg 0x03)
T4D2C 000:723.237   Value=0xFFFFFFC0
T4D2C 000:723.283 - 0.385ms returns 0
T4D2C 000:723.310 JLINK_CORESIGHT_WriteAPDPReg(AP reg 0x00, 0x80000002)
T4D2C 000:723.704 - 0.394ms returns 0
T4D2C 000:723.742 JLINK_CORESIGHT_WriteAPDPReg(AP reg 0x01, 0x80011140)
T4D2C 000:723.995 - 0.253ms returns 0
T4D2C 000:724.036 JLINK_CORESIGHT_ReadAPDPReg(AP reg 0x03)
T4D2C 000:724.416   Value=0x00000000
T4D2C 000:724.464 - 0.427ms returns 0
T4D2C 000:724.491 JLINK_CORESIGHT_WriteAPDPReg(AP reg 0x00, 0x80000002)
T4D2C 000:724.729 - 0.237ms returns 0
T4D2C 000:724.766 JLINK_CORESIGHT_WriteAPDPReg(AP reg 0x01, 0x80011130)
T4D2C 000:725.005 - 0.239ms returns 0
T4D2C 000:725.042 JLINK_CORESIGHT_ReadAPDPReg(AP reg 0x03)
T4D2C 000:725.332   Value=0xFFFFFFFF
T4D2C 000:725.379 - 0.336ms returns 0
T4D2C 000:725.404 JLINK_CORESIGHT_WriteAPDPReg(AP reg 0x00, 0x80000002)
T4D2C 000:725.702 - 0.298ms returns 0
T4D2C 000:725.742 JLINK_CORESIGHT_WriteAPDPReg(AP reg 0x01, 0x80011140)
T4D2C 000:726.076 - 0.333ms returns 0
T4D2C 000:726.115 JLINK_CORESIGHT_ReadAPDPReg(AP reg 0x03)
T4D2C 000:726.437   Value=0x00000000
T4D2C 000:726.485 - 0.371ms returns 0
T4D2C 000:726.513 JLINK_CORESIGHT_WriteAPDPReg(AP reg 0x00, 0x80000002)
T4D2C 000:726.823 - 0.310ms returns 0
T4D2C 000:726.863 JLINK_CORESIGHT_WriteAPDPReg(AP reg 0x01, 0x80011130)
T4D2C 000:727.142 - 0.278ms returns 0
T4D2C 000:727.178 JLINK_CORESIGHT_ReadAPDPReg(AP reg 0x03)
T4D2C 000:727.575   Value=0x000385FF
T4D2C 000:727.619 - 0.440ms returns 0
T4D2C 000:727.714 JLINK_CORESIGHT_WriteAPDPReg(AP reg 0x00, 0x80000002)
T4D2C 000:728.023 - 0.309ms returns 0
T4D2C 000:728.062 JLINK_CORESIGHT_WriteAPDPReg(AP reg 0x01, 0x80011140)
T4D2C 000:728.322 - 0.260ms returns 0
T4D2C 000:728.359 JLINK_CORESIGHT_ReadAPDPReg(AP reg 0x03)
T4D2C 000:728.769   Value=0x00000002
T4D2C 000:728.810 - 0.450ms returns 0
T4D2C 000:728.834 JLINK_CORESIGHT_WriteAPDPReg(AP reg 0x00, 0x80000002)
T4D2C 000:729.143 - 0.309ms returns 0
T4D2C 000:729.181 JLINK_CORESIGHT_WriteAPDPReg(AP reg 0x01, 0x80011120)
T4D2C 000:729.454 - 0.273ms returns 0
T4D2C 000:729.496 JLINK_CORESIGHT_WriteAPDPReg(AP reg 0x03, 0x2C010001)
T4D2C 000:729.849 - 0.353ms returns 0
T4D2C 000:729.891 JLINK_CORESIGHT_WriteAPDPReg(AP reg 0x00, 0x80000002)
T4D2C 000:730.219 - 0.327ms returns 0
T4D2C 000:730.269 JLINK_CORESIGHT_WriteAPDPReg(AP reg 0x01, 0x80011140)
T4D2C 000:730.585 - 0.316ms returns 0
T4D2C 000:730.622 JLINK_CORESIGHT_ReadAPDPReg(AP reg 0x03)
T4D2C 000:730.943   Value=0x00000002
T4D2C 000:730.988 - 0.366ms returns 0
T4D2C 000:731.013 JLINK_CORESIGHT_WriteAPDPReg(AP reg 0x00, 0x80000002)
T4D2C 000:731.288 - 0.275ms returns 0
T4D2C 000:731.324 JLINK_CORESIGHT_WriteAPDPReg(AP reg 0x01, 0x80011120)
T4D2C 000:731.572 - 0.248ms returns 0
T4D2C 000:731.607 JLINK_CORESIGHT_WriteAPDPReg(AP reg 0x03, 0x000003D3)
T4D2C 000:731.890 - 0.282ms returns 0
T4D2C 000:731.926 JLINK_CORESIGHT_WriteAPDPReg(AP reg 0x00, 0x80000002)
T4D2C 000:732.228 - 0.302ms returns 0
T4D2C 000:732.276 JLINK_CORESIGHT_WriteAPDPReg(AP reg 0x01, 0x80011140)
T4D2C 000:732.572 - 0.295ms returns 0
T4D2C 000:732.605 JLINK_CORESIGHT_ReadAPDPReg(AP reg 0x03)
T4D2C 000:732.959   Value=0x00000002
T4D2C 000:733.000 - 0.395ms returns 0
T4D2C 000:733.024 JLINK_CORESIGHT_ReadAPDPReg(AP reg 0x03)
T4D2C 000:733.374   Value=0x00000002
T4D2C 000:733.439 - 0.414ms returns 0
T4D2C 000:733.472 JLINK_CORESIGHT_ReadAPDPReg(AP reg 0x03)
T4D2C 000:733.874   Value=0x00000002
T4D2C 000:733.919 - 0.448ms returns 0
T4D2C 000:733.943 JLINK_CORESIGHT_ReadAPDPReg(AP reg 0x03)
T4D2C 000:734.283   Value=0x00000002
T4D2C 000:734.343 - 0.400ms returns 0
T4D2C 000:734.378 JLINK_CORESIGHT_ReadAPDPReg(AP reg 0x03)
T4D2C 000:734.762   Value=0x00000000
T4D2C 000:734.806 - 0.428ms returns 0
T4D2C 000:734.838 JLINK_CORESIGHT_WriteAPDPReg(AP reg 0x00, 0x80000002)
T4D2C 000:735.122 - 0.284ms returns 0
T4D2C 000:735.157 JLINK_CORESIGHT_WriteAPDPReg(AP reg 0x01, 0x80011130)
T4D2C 000:735.436 - 0.278ms returns 0
T4D2C 000:735.493 JLINK_CORESIGHT_ReadAPDPReg(AP reg 0x03)
T4D2C 000:735.847   Value=0x2C020081
T4D2C 000:735.890 - 0.398ms returns 0
T4D2C 000:735.914 JLINK_CORESIGHT_WriteAPDPReg(AP reg 0x00, 0x80000002)
T4D2C 000:736.185 - 0.271ms returns 0
T4D2C 000:736.218 JLINK_CORESIGHT_WriteAPDPReg(AP reg 0x01, 0x80011140)
T4D2C 000:736.569 - 0.350ms returns 0
T4D2C 000:736.610 JLINK_CORESIGHT_ReadAPDPReg(AP reg 0x03)
T4D2C 000:736.946   Value=0x00000000
T4D2C 000:736.989 - 0.379ms returns 0
T4D2C 000:737.013 JLINK_CORESIGHT_WriteAPDPReg(AP reg 0x00, 0x80000002)
T4D2C 000:737.320 - 0.307ms returns 0
T4D2C 000:737.355 JLINK_CORESIGHT_WriteAPDPReg(AP reg 0x01, 0x80011130)
T4D2C 000:737.618 - 0.262ms returns 0
T4D2C 000:737.653 JLINK_CORESIGHT_ReadAPDPReg(AP reg 0x03)
T4D2C 000:737.991   Value=0x0003CE04
T4D2C 000:738.032 - 0.379ms returns 0
T4D2C 000:738.060 JLINK_CORESIGHT_WriteAPDPReg(AP reg 0x00, 0x80000002)
T4D2C 000:738.330 - 0.269ms returns 0
T4D2C 000:738.364 JLINK_CORESIGHT_WriteAPDPReg(AP reg 0x01, 0x80011140)
T4D2C 000:738.697 - 0.333ms returns 0
T4D2C 000:738.731 JLINK_CORESIGHT_ReadAPDPReg(AP reg 0x03)
T4D2C 000:739.068   Value=0x00000002
T4D2C 000:739.116 - 0.385ms returns 0
T4D2C 000:739.144 JLINK_CORESIGHT_WriteAPDPReg(AP reg 0x00, 0x80000002)
T4D2C 000:739.435 - 0.290ms returns 0
T4D2C 000:739.474 JLINK_CORESIGHT_WriteAPDPReg(AP reg 0x01, 0x80011120)
T4D2C 000:739.721 - 0.247ms returns 0
T4D2C 000:739.759 JLINK_CORESIGHT_WriteAPDPReg(AP reg 0x03, 0x73010001)
T4D2C 000:740.093 - 0.334ms returns 0
T4D2C 000:740.133 JLINK_CORESIGHT_WriteAPDPReg(AP reg 0x00, 0x80000002)
T4D2C 000:740.425 - 0.291ms returns 0
T4D2C 000:740.463 JLINK_CORESIGHT_WriteAPDPReg(AP reg 0x01, 0x80011140)
T4D2C 000:740.754 - 0.291ms returns 0
T4D2C 000:740.792 JLINK_CORESIGHT_ReadAPDPReg(AP reg 0x03)
T4D2C 000:741.130   Value=0x00000002
T4D2C 000:741.172 - 0.380ms returns 0
T4D2C 000:741.200 JLINK_CORESIGHT_WriteAPDPReg(AP reg 0x00, 0x80000002)
T4D2C 000:741.501 - 0.301ms returns 0
T4D2C 000:741.542 JLINK_CORESIGHT_WriteAPDPReg(AP reg 0x01, 0x80011120)
T4D2C 000:741.869 - 0.327ms returns 0
T4D2C 000:741.907 JLINK_CORESIGHT_WriteAPDPReg(AP reg 0x03, 0x0000038C)
T4D2C 000:742.172 - 0.265ms returns 0
T4D2C 000:742.214 JLINK_CORESIGHT_WriteAPDPReg(AP reg 0x00, 0x80000002)
T4D2C 000:742.584 - 0.370ms returns 0
T4D2C 000:742.622 JLINK_CORESIGHT_WriteAPDPReg(AP reg 0x01, 0x80011140)
T4D2C 000:742.890 - 0.267ms returns 0
T4D2C 000:742.930 JLINK_CORESIGHT_ReadAPDPReg(AP reg 0x03)
T4D2C 000:743.334   Value=0x00000000
T4D2C 000:743.377 - 0.447ms returns 0
T4D2C 000:743.407 JLINK_CORESIGHT_WriteAPDPReg(AP reg 0x00, 0x80000002)
T4D2C 000:743.706 - 0.299ms returns 0
T4D2C 000:743.750 JLINK_CORESIGHT_WriteAPDPReg(AP reg 0x01, 0x80011130)
T4D2C 000:744.037 - 0.287ms returns 0
T4D2C 000:744.078 JLINK_CORESIGHT_ReadAPDPReg(AP reg 0x03)
T4D2C 000:744.369   Value=0x73020081
T4D2C 000:744.413 - 0.335ms returns 0
T4D2C 000:744.442 JLINK_CORESIGHT_WriteAPDPReg(AP reg 0x00, 0x80000002)
T4D2C 000:744.771 - 0.328ms returns 0
T4D2C 000:744.811 JLINK_CORESIGHT_WriteAPDPReg(AP reg 0x01, 0x80011140)
T4D2C 000:745.114 - 0.302ms returns 0
T4D2C 000:745.161 JLINK_CORESIGHT_ReadAPDPReg(AP reg 0x03)
T4D2C 000:745.494   Value=0x00000000
T4D2C 000:745.542 - 0.380ms returns 0
T4D2C 000:745.569 JLINK_CORESIGHT_WriteAPDPReg(AP reg 0x00, 0x80000002)
T4D2C 000:745.889 - 0.320ms returns 0
T4D2C 000:745.927 JLINK_CORESIGHT_WriteAPDPReg(AP reg 0x01, 0x80011130)
T4D2C 000:746.294 - 0.366ms returns 0
T4D2C 000:746.340 JLINK_CORESIGHT_ReadAPDPReg(AP reg 0x03)
T4D2C 000:746.769   Value=0x00038902
T4D2C 000:746.818 - 0.477ms returns 0
T4D2C 000:746.850 JLINK_CORESIGHT_WriteAPDPReg(AP reg 0x00, 0x80000002)
T4D2C 000:747.231 - 0.381ms returns 0
T4D2C 000:747.278 JLINK_CORESIGHT_WriteAPDPReg(AP reg 0x01, 0x80011140)
T4D2C 000:747.603 - 0.324ms returns 0
T4D2C 000:747.651 JLINK_CORESIGHT_ReadAPDPReg(AP reg 0x03)
T4D2C 000:748.034   Value=0x00000002
T4D2C 000:748.084 - 0.433ms returns 0
T4D2C 000:748.112 JLINK_CORESIGHT_WriteAPDPReg(AP reg 0x00, 0x80000002)
T4D2C 000:748.433 - 0.320ms returns 0
T4D2C 000:748.481 JLINK_CORESIGHT_WriteAPDPReg(AP reg 0x01, 0x80011120)
T4D2C 000:748.804 - 0.322ms returns 0
T4D2C 000:748.852 JLINK_CORESIGHT_WriteAPDPReg(AP reg 0x03, 0x75010001)
T4D2C 000:749.172 - 0.320ms returns 0
T4D2C 000:749.223 JLINK_CORESIGHT_WriteAPDPReg(AP reg 0x00, 0x80000002)
T4D2C 000:749.607 - 0.383ms returns 0
T4D2C 000:749.656 JLINK_CORESIGHT_WriteAPDPReg(AP reg 0x01, 0x80011140)
T4D2C 000:749.965 - 0.308ms returns 0
T4D2C 000:750.006 JLINK_CORESIGHT_ReadAPDPReg(AP reg 0x03)
T4D2C 000:750.369   Value=0x00000002
T4D2C 000:750.412 - 0.405ms returns 0
T4D2C 000:750.449 JLINK_CORESIGHT_WriteAPDPReg(AP reg 0x00, 0x80000002)
T4D2C 000:750.729 - 0.280ms returns 0
T4D2C 000:750.768 JLINK_CORESIGHT_WriteAPDPReg(AP reg 0x01, 0x80011120)
T4D2C 000:751.078 - 0.310ms returns 0
T4D2C 000:751.117 JLINK_CORESIGHT_WriteAPDPReg(AP reg 0x03, 0x0000038A)
T4D2C 000:751.425 - 0.308ms returns 0
T4D2C 000:751.463 JLINK_CORESIGHT_WriteAPDPReg(AP reg 0x00, 0x80000002)
T4D2C 000:751.745 - 0.281ms returns 0
T4D2C 000:751.782 JLINK_CORESIGHT_WriteAPDPReg(AP reg 0x01, 0x80011140)
T4D2C 000:752.097 - 0.315ms returns 0
T4D2C 000:752.141 JLINK_CORESIGHT_ReadAPDPReg(AP reg 0x03)
T4D2C 000:752.583   Value=0x00000002
T4D2C 000:752.627 - 0.486ms returns 0
T4D2C 000:752.658 JLINK_CORESIGHT_ReadAPDPReg(AP reg 0x03)
T4D2C 000:753.013   Value=0x00000002
T4D2C 000:753.061 - 0.403ms returns 0
T4D2C 000:753.089 JLINK_CORESIGHT_ReadAPDPReg(AP reg 0x03)
T4D2C 000:753.428   Value=0x00000002
T4D2C 000:753.477 - 0.388ms returns 0
T4D2C 000:753.507 JLINK_CORESIGHT_ReadAPDPReg(AP reg 0x03)
T4D2C 000:753.825   Value=0x00000002
T4D2C 000:753.873 - 0.365ms returns 0
T4D2C 000:753.901 JLINK_CORESIGHT_ReadAPDPReg(AP reg 0x03)
T4D2C 000:754.244   Value=0x00000002
T4D2C 000:754.287 - 0.385ms returns 0
T4D2C 000:754.317 JLINK_CORESIGHT_ReadAPDPReg(AP reg 0x03)
T4D2C 000:754.621   Value=0x00000002
T4D2C 000:754.667 - 0.350ms returns 0
T4D2C 000:754.694 JLINK_CORESIGHT_ReadAPDPReg(AP reg 0x03)
T4D2C 000:755.053   Value=0x00000002
T4D2C 000:755.098 - 0.404ms returns 0
T4D2C 000:755.130 JLINK_CORESIGHT_ReadAPDPReg(AP reg 0x03)
T4D2C 000:755.451   Value=0x00000000
T4D2C 000:755.495 - 0.365ms returns 0
T4D2C 000:755.525 JLINK_CORESIGHT_WriteAPDPReg(AP reg 0x00, 0x80000002)
T4D2C 000:755.816 - 0.291ms returns 0
T4D2C 000:755.857 JLINK_CORESIGHT_WriteAPDPReg(AP reg 0x01, 0x80011130)
T4D2C 000:756.105 - 0.248ms returns 0
T4D2C 000:756.146 JLINK_CORESIGHT_ReadAPDPReg(AP reg 0x03)
T4D2C 000:756.481   Value=0x75020081
T4D2C 000:756.524 - 0.378ms returns 0
T4D2C 000:756.550 JLINK_CORESIGHT_WriteAPDPReg(AP reg 0x00, 0x80000002)
T4D2C 000:756.800 - 0.249ms returns 0
T4D2C 000:756.838 JLINK_CORESIGHT_WriteAPDPReg(AP reg 0x01, 0x80011140)
T4D2C 000:757.119 - 0.280ms returns 0
T4D2C 000:757.159 JLINK_CORESIGHT_ReadAPDPReg(AP reg 0x03)
T4D2C 000:757.572   Value=0x00000000
T4D2C 000:757.612 - 0.453ms returns 0
T4D2C 000:757.638 JLINK_CORESIGHT_WriteAPDPReg(AP reg 0x00, 0x80000002)
T4D2C 000:757.946 - 0.308ms returns 0
T4D2C 000:757.985 JLINK_CORESIGHT_WriteAPDPReg(AP reg 0x01, 0x80011130)
T4D2C 000:758.323 - 0.337ms returns 0
T4D2C 000:758.362 JLINK_CORESIGHT_ReadAPDPReg(AP reg 0x03)
T4D2C 000:758.771   Value=0x00038702
T4D2C 000:758.818 - 0.455ms returns 0
T4D2C 000:758.881 JLINK_CORESIGHT_WriteAPDPReg(AP reg 0x00, 0x80000002)
T4D2C 000:759.186 - 0.305ms returns 0
T4D2C 000:759.238 JLINK_CORESIGHT_WriteAPDPReg(AP reg 0x01, 0x80011140)
T4D2C 000:759.482 - 0.243ms returns 0
T4D2C 000:759.520 JLINK_CORESIGHT_ReadAPDPReg(AP reg 0x03)
T4D2C 000:759.848   Value=0x00000002
T4D2C 000:759.891 - 0.371ms returns 0
T4D2C 000:759.916 JLINK_CORESIGHT_WriteAPDPReg(AP reg 0x00, 0x80000002)
T4D2C 000:760.169 - 0.253ms returns 0
T4D2C 000:760.218 JLINK_CORESIGHT_WriteAPDPReg(AP reg 0x01, 0x80011120)
T4D2C 000:760.499 - 0.280ms returns 0
T4D2C 000:760.537 JLINK_CORESIGHT_WriteAPDPReg(AP reg 0x03, 0x4F010001)
T4D2C 000:760.871 - 0.334ms returns 0
T4D2C 000:760.909 JLINK_CORESIGHT_WriteAPDPReg(AP reg 0x00, 0x80000002)
T4D2C 000:761.186 - 0.276ms returns 0
T4D2C 000:761.222 JLINK_CORESIGHT_WriteAPDPReg(AP reg 0x01, 0x80011140)
T4D2C 000:761.574 - 0.351ms returns 0
T4D2C 000:761.616 JLINK_CORESIGHT_ReadAPDPReg(AP reg 0x03)
T4D2C 000:761.949   Value=0x00000002
T4D2C 000:762.056 - 0.440ms returns 0
T4D2C 000:762.082 JLINK_CORESIGHT_WriteAPDPReg(AP reg 0x00, 0x80000002)
T4D2C 000:762.357 - 0.275ms returns 0
T4D2C 000:762.396 JLINK_CORESIGHT_WriteAPDPReg(AP reg 0x01, 0x80011120)
T4D2C 000:762.724 - 0.328ms returns 0
T4D2C 000:762.761 JLINK_CORESIGHT_WriteAPDPReg(AP reg 0x03, 0x000003B0)
T4D2C 000:763.073 - 0.312ms returns 0
T4D2C 000:763.109 JLINK_CORESIGHT_WriteAPDPReg(AP reg 0x00, 0x80000002)
T4D2C 000:763.437 - 0.327ms returns 0
T4D2C 000:763.471 JLINK_CORESIGHT_WriteAPDPReg(AP reg 0x01, 0x80011140)
T4D2C 000:763.754 - 0.283ms returns 0
T4D2C 000:763.788 JLINK_CORESIGHT_ReadAPDPReg(AP reg 0x03)
T4D2C 000:764.106   Value=0x00000002
T4D2C 000:764.149 - 0.360ms returns 0
T4D2C 000:764.190 JLINK_CORESIGHT_ReadAPDPReg(AP reg 0x03)
T4D2C 000:764.474   Value=0x00000002
T4D2C 000:764.518 - 0.328ms returns 0
T4D2C 000:764.543 JLINK_CORESIGHT_ReadAPDPReg(AP reg 0x03)
T4D2C 000:764.955   Value=0x00000002
T4D2C 000:764.998 - 0.455ms returns 0
T4D2C 000:765.021 JLINK_CORESIGHT_ReadAPDPReg(AP reg 0x03)
T4D2C 000:765.369   Value=0x00000002
T4D2C 000:765.422 - 0.401ms returns 0
T4D2C 000:765.446 JLINK_CORESIGHT_ReadAPDPReg(AP reg 0x03)
T4D2C 000:765.822   Value=0x00000002
T4D2C 000:765.867 - 0.421ms returns 0
T4D2C 000:765.893 JLINK_CORESIGHT_ReadAPDPReg(AP reg 0x03)
T4D2C 000:766.277   Value=0x00000002
T4D2C 000:766.321 - 0.428ms returns 0
T4D2C 000:766.344 JLINK_CORESIGHT_ReadAPDPReg(AP reg 0x03)
T4D2C 000:766.759   Value=0x00000000
T4D2C 000:766.803 - 0.459ms returns 0
T4D2C 000:766.826 JLINK_CORESIGHT_WriteAPDPReg(AP reg 0x00, 0x80000002)
T4D2C 000:767.131 - 0.305ms returns 0
T4D2C 000:767.165 JLINK_CORESIGHT_WriteAPDPReg(AP reg 0x01, 0x80011130)
T4D2C 000:767.438 - 0.272ms returns 0
T4D2C 000:767.476 JLINK_CORESIGHT_ReadAPDPReg(AP reg 0x03)
T4D2C 000:767.846   Value=0x4F0B0081
T4D2C 000:767.888 - 0.412ms returns 0
T4D2C 000:767.912 JLINK_CORESIGHT_WriteAPDPReg(AP reg 0x00, 0x80000002)
T4D2C 000:768.219 - 0.307ms returns 0
T4D2C 000:768.253 JLINK_CORESIGHT_WriteAPDPReg(AP reg 0x01, 0x80011140)
T4D2C 000:768.586 - 0.333ms returns 0
T4D2C 000:768.622 JLINK_CORESIGHT_ReadAPDPReg(AP reg 0x03)
T4D2C 000:769.047   Value=0x00000000
T4D2C 000:769.089 - 0.467ms returns 0
T4D2C 000:769.111 JLINK_CORESIGHT_WriteAPDPReg(AP reg 0x00, 0x80000002)
T4D2C 000:769.426 - 0.314ms returns 0
T4D2C 000:769.459 JLINK_CORESIGHT_WriteAPDPReg(AP reg 0x01, 0x80011130)
T4D2C 000:769.726 - 0.266ms returns 0
T4D2C 000:769.759 JLINK_CORESIGHT_ReadAPDPReg(AP reg 0x03)
T4D2C 000:770.094   Value=0x00030000
T4D2C 000:770.134 - 0.375ms returns 0
T4D2C 000:770.159 JLINK_CORESIGHT_WriteAPDPReg(AP reg 0x00, 0x80000002)
T4D2C 000:770.448 - 0.289ms returns 0
T4D2C 000:770.483 JLINK_CORESIGHT_WriteAPDPReg(AP reg 0x01, 0x80011140)
T4D2C 000:770.725 - 0.242ms returns 0
T4D2C 000:770.764 JLINK_CORESIGHT_ReadAPDPReg(AP reg 0x03)
T4D2C 000:771.122   Value=0x00000000
T4D2C 000:771.163 - 0.399ms returns 0
T4D2C 000:771.185 JLINK_CORESIGHT_WriteAPDPReg(AP reg 0x00, 0x80000002)
T4D2C 000:771.473 - 0.287ms returns 0
T4D2C 000:771.507 JLINK_CORESIGHT_WriteAPDPReg(AP reg 0x01, 0x80011130)
T4D2C 000:771.810 - 0.303ms returns 0
T4D2C 000:771.843 JLINK_CORESIGHT_ReadAPDPReg(AP reg 0x03)
T4D2C 000:772.159   Value=0x00000000
T4D2C 000:772.199 - 0.356ms returns 0
T4D2C 000:772.221 JLINK_CORESIGHT_WriteAPDPReg(AP reg 0x00, 0x80000002)
T4D2C 000:772.560 - 0.338ms returns 0
T4D2C 000:772.595 JLINK_CORESIGHT_WriteAPDPReg(AP reg 0x01, 0x80011140)
T4D2C 000:772.865 - 0.270ms returns 0
T4D2C 000:772.899 JLINK_CORESIGHT_ReadAPDPReg(AP reg 0x03)
T4D2C 000:773.220   Value=0x00000000
T4D2C 000:773.262 - 0.363ms returns 0
T4D2C 000:773.284 JLINK_CORESIGHT_WriteAPDPReg(AP reg 0x00, 0x80000002)
T4D2C 000:773.673 - 0.388ms returns 0
T4D2C 000:773.708 JLINK_CORESIGHT_WriteAPDPReg(AP reg 0x01, 0x80011130)
T4D2C 000:774.014 - 0.306ms returns 0
T4D2C 000:774.053 JLINK_CORESIGHT_ReadAPDPReg(AP reg 0x03)
T4D2C 000:774.400   Value=0x03A30000
T4D2C 000:774.441 - 0.387ms returns 0
T4D2C 000:774.567 JLINK_CORESIGHT_WriteAPDPReg(AP reg 0x00, 0x80000002)
T4D2C 000:774.866 - 0.298ms returns 0
T4D2C 000:774.900 JLINK_CORESIGHT_WriteAPDPReg(AP reg 0x01, 0x80011140)
T4D2C 000:775.134 - 0.234ms returns 0
T4D2C 000:775.170 JLINK_CORESIGHT_ReadAPDPReg(AP reg 0x03)
T4D2C 000:775.572   Value=0x00000002
T4D2C 000:775.616 - 0.446ms returns 0
T4D2C 000:775.640 JLINK_CORESIGHT_WriteAPDPReg(AP reg 0x00, 0x80000002)
T4D2C 000:775.947 - 0.306ms returns 0
T4D2C 000:775.984 JLINK_CORESIGHT_WriteAPDPReg(AP reg 0x01, 0x80011120)
T4D2C 000:776.263 - 0.279ms returns 0
T4D2C 000:776.299 JLINK_CORESIGHT_WriteAPDPReg(AP reg 0x03, 0x2C010001)
T4D2C 000:776.573 - 0.274ms returns 0
T4D2C 000:776.607 JLINK_CORESIGHT_WriteAPDPReg(AP reg 0x00, 0x80000002)
T4D2C 000:776.848 - 0.240ms returns 0
T4D2C 000:776.890 JLINK_CORESIGHT_WriteAPDPReg(AP reg 0x01, 0x80011140)
T4D2C 000:777.198 - 0.308ms returns 0
T4D2C 000:777.233 JLINK_CORESIGHT_ReadAPDPReg(AP reg 0x03)
T4D2C 000:777.571   Value=0x00000002
T4D2C 000:777.615 - 0.381ms returns 0
T4D2C 000:777.639 JLINK_CORESIGHT_WriteAPDPReg(AP reg 0x00, 0x80000002)
T4D2C 000:777.913 - 0.273ms returns 0
T4D2C 000:777.949 JLINK_CORESIGHT_WriteAPDPReg(AP reg 0x01, 0x80011120)
T4D2C 000:778.251 - 0.302ms returns 0
T4D2C 000:778.285 JLINK_CORESIGHT_WriteAPDPReg(AP reg 0x03, 0x000003D3)
T4D2C 000:778.707 - 0.421ms returns 0
T4D2C 000:778.741 JLINK_CORESIGHT_WriteAPDPReg(AP reg 0x00, 0x80000002)
T4D2C 000:779.071 - 0.329ms returns 0
T4D2C 000:779.105 JLINK_CORESIGHT_WriteAPDPReg(AP reg 0x01, 0x80011140)
T4D2C 000:779.367 - 0.262ms returns 0
T4D2C 000:779.402 JLINK_CORESIGHT_ReadAPDPReg(AP reg 0x03)
T4D2C 000:779.752   Value=0x00000002
T4D2C 000:779.798 - 0.395ms returns 0
T4D2C 000:779.821 JLINK_CORESIGHT_ReadAPDPReg(AP reg 0x03)
T4D2C 000:780.096   Value=0x00000002
T4D2C 000:780.140 - 0.319ms returns 0
T4D2C 000:780.168 JLINK_CORESIGHT_ReadAPDPReg(AP reg 0x03)
T4D2C 000:780.574   Value=0x00000002
T4D2C 000:780.620 - 0.452ms returns 0
T4D2C 000:780.644 JLINK_CORESIGHT_ReadAPDPReg(AP reg 0x03)
T4D2C 000:780.937   Value=0x00000002
T4D2C 000:780.982 - 0.337ms returns 0
T4D2C 000:781.019 JLINK_CORESIGHT_ReadAPDPReg(AP reg 0x03)
T4D2C 000:781.357   Value=0x00000002
T4D2C 000:781.405 - 0.386ms returns 0
T4D2C 000:781.430 JLINK_CORESIGHT_ReadAPDPReg(AP reg 0x03)
T4D2C 000:781.727   Value=0x00000002
T4D2C 000:781.774 - 0.343ms returns 0
T4D2C 000:781.798 JLINK_CORESIGHT_ReadAPDPReg(AP reg 0x03)
T4D2C 000:782.162   Value=0x00000002
T4D2C 000:782.205 - 0.407ms returns 0
T4D2C 000:782.240 JLINK_CORESIGHT_ReadAPDPReg(AP reg 0x03)
T4D2C 000:782.582   Value=0x00000002
T4D2C 000:782.622 - 0.382ms returns 0
T4D2C 000:782.647 JLINK_CORESIGHT_ReadAPDPReg(AP reg 0x03)
T4D2C 000:782.960   Value=0x00000000
T4D2C 000:783.004 - 0.357ms returns 0
T4D2C 000:783.029 JLINK_CORESIGHT_WriteAPDPReg(AP reg 0x00, 0x80000002)
T4D2C 000:783.332 - 0.303ms returns 0
T4D2C 000:783.367 JLINK_CORESIGHT_WriteAPDPReg(AP reg 0x01, 0x80011130)
T4D2C 000:783.618 - 0.251ms returns 0
T4D2C 000:783.654 JLINK_CORESIGHT_ReadAPDPReg(AP reg 0x03)
T4D2C 000:784.009   Value=0x2C020081
T4D2C 000:784.049 - 0.394ms returns 0
T4D2C 000:784.152 JLINK_CORESIGHT_WriteAPDPReg(AP reg 0x00, 0x80000002)
T4D2C 000:784.460 - 0.308ms returns 0
T4D2C 000:784.497 JLINK_CORESIGHT_WriteAPDPReg(AP reg 0x01, 0x80011140)
T4D2C 000:784.766 - 0.268ms returns 0
T4D2C 000:784.804 JLINK_CORESIGHT_ReadAPDPReg(AP reg 0x03)
T4D2C 000:785.116   Value=0x00000000
T4D2C 000:785.158 - 0.354ms returns 0
T4D2C 000:785.181 JLINK_CORESIGHT_WriteAPDPReg(AP reg 0x00, 0x80000002)
T4D2C 000:785.582 - 0.401ms returns 0
T4D2C 000:785.616 JLINK_CORESIGHT_WriteAPDPReg(AP reg 0x01, 0x80011130)
T4D2C 000:785.876 - 0.259ms returns 0
T4D2C 000:785.910 JLINK_CORESIGHT_ReadAPDPReg(AP reg 0x03)
T4D2C 000:786.229   Value=0x0003CE04
T4D2C 000:786.269 - 0.358ms returns 0
T4D2C 000:786.311 JLINK_CORESIGHT_WriteAPDPReg(AP reg 0x00, 0x80000002)
T4D2C 000:786.615 - 0.304ms returns 0
T4D2C 000:786.649 JLINK_CORESIGHT_WriteAPDPReg(AP reg 0x01, 0x80011140)
T4D2C 000:787.043 - 0.394ms returns 0
T4D2C 000:787.089 JLINK_CORESIGHT_ReadAPDPReg(AP reg 0x03)
T4D2C 000:787.388   Value=0x00000002
T4D2C 000:787.431 - 0.342ms returns 0
T4D2C 000:787.455 JLINK_CORESIGHT_WriteAPDPReg(AP reg 0x00, 0x80000002)
T4D2C 000:787.726 - 0.271ms returns 0
T4D2C 000:787.762 JLINK_CORESIGHT_WriteAPDPReg(AP reg 0x01, 0x80011120)
T4D2C 000:788.071 - 0.308ms returns 0
T4D2C 000:788.105 JLINK_CORESIGHT_WriteAPDPReg(AP reg 0x03, 0x73010001)
T4D2C 000:788.435 - 0.329ms returns 0
T4D2C 000:788.468 JLINK_CORESIGHT_WriteAPDPReg(AP reg 0x00, 0x80000002)
T4D2C 000:788.730 - 0.261ms returns 0
T4D2C 000:788.763 JLINK_CORESIGHT_WriteAPDPReg(AP reg 0x01, 0x80011140)
T4D2C 000:789.037 - 0.273ms returns 0
T4D2C 000:789.071 JLINK_CORESIGHT_ReadAPDPReg(AP reg 0x03)
T4D2C 000:789.436   Value=0x00000002
T4D2C 000:789.477 - 0.406ms returns 0
T4D2C 000:789.502 JLINK_CORESIGHT_WriteAPDPReg(AP reg 0x00, 0x80000002)
T4D2C 000:789.778 - 0.276ms returns 0
T4D2C 000:789.815 JLINK_CORESIGHT_WriteAPDPReg(AP reg 0x01, 0x80011120)
T4D2C 000:790.106 - 0.291ms returns 0
T4D2C 000:790.143 JLINK_CORESIGHT_WriteAPDPReg(AP reg 0x03, 0x0000038C)
T4D2C 000:790.376 - 0.232ms returns 0
T4D2C 000:790.410 JLINK_CORESIGHT_WriteAPDPReg(AP reg 0x00, 0x80000002)
T4D2C 000:790.744 - 0.334ms returns 0
T4D2C 000:790.779 JLINK_CORESIGHT_WriteAPDPReg(AP reg 0x01, 0x80011140)
T4D2C 000:791.082 - 0.302ms returns 0
T4D2C 000:791.116 JLINK_CORESIGHT_ReadAPDPReg(AP reg 0x03)
T4D2C 000:791.446   Value=0x00000002
T4D2C 000:791.487 - 0.370ms returns 0
T4D2C 000:791.509 JLINK_CORESIGHT_ReadAPDPReg(AP reg 0x03)
T4D2C 000:791.822   Value=0x00000002
T4D2C 000:791.863 - 0.354ms returns 0
T4D2C 000:791.888 JLINK_CORESIGHT_ReadAPDPReg(AP reg 0x03)
T4D2C 000:792.253   Value=0x00000002
T4D2C 000:792.298 - 0.410ms returns 0
T4D2C 000:792.322 JLINK_CORESIGHT_ReadAPDPReg(AP reg 0x03)
T4D2C 000:792.618   Value=0x00000000
T4D2C 000:792.660 - 0.337ms returns 0
T4D2C 000:792.685 JLINK_CORESIGHT_WriteAPDPReg(AP reg 0x00, 0x80000002)
T4D2C 000:792.989 - 0.304ms returns 0
T4D2C 000:793.025 JLINK_CORESIGHT_WriteAPDPReg(AP reg 0x01, 0x80011130)
T4D2C 000:793.286 - 0.261ms returns 0
T4D2C 000:793.320 JLINK_CORESIGHT_ReadAPDPReg(AP reg 0x03)
T4D2C 000:793.809   Value=0x73020081
T4D2C 000:793.856 - 0.536ms returns 0
T4D2C 000:793.882 JLINK_CORESIGHT_WriteAPDPReg(AP reg 0x00, 0x80000002)
T4D2C 000:794.221 - 0.338ms returns 0
T4D2C 000:794.263 JLINK_CORESIGHT_WriteAPDPReg(AP reg 0x01, 0x80011140)
T4D2C 000:794.663 - 0.400ms returns 0
T4D2C 000:794.707 JLINK_CORESIGHT_ReadAPDPReg(AP reg 0x03)
T4D2C 000:795.123   Value=0x00000000
T4D2C 000:795.170 - 0.462ms returns 0
T4D2C 000:795.194 JLINK_CORESIGHT_WriteAPDPReg(AP reg 0x00, 0x80000002)
T4D2C 000:795.484 - 0.289ms returns 0
T4D2C 000:795.525 JLINK_CORESIGHT_WriteAPDPReg(AP reg 0x01, 0x80011130)
T4D2C 000:795.811 - 0.286ms returns 0
T4D2C 000:795.852 JLINK_CORESIGHT_ReadAPDPReg(AP reg 0x03)
T4D2C 000:796.250   Value=0x00038902
T4D2C 000:796.305 - 0.452ms returns 0
T4D2C 000:796.330 JLINK_CORESIGHT_WriteAPDPReg(AP reg 0x00, 0x80000002)
T4D2C 000:796.671 - 0.340ms returns 0
T4D2C 000:796.717 JLINK_CORESIGHT_WriteAPDPReg(AP reg 0x01, 0x80011140)
T4D2C 000:797.107 - 0.390ms returns 0
T4D2C 000:797.155 JLINK_CORESIGHT_ReadAPDPReg(AP reg 0x03)
T4D2C 000:797.472   Value=0x00000002
T4D2C 000:797.519 - 0.364ms returns 0
T4D2C 000:797.545 JLINK_CORESIGHT_WriteAPDPReg(AP reg 0x00, 0x80000002)
T4D2C 000:797.832 - 0.286ms returns 0
T4D2C 000:797.873 JLINK_CORESIGHT_WriteAPDPReg(AP reg 0x01, 0x80011120)
T4D2C 000:798.200 - 0.327ms returns 0
T4D2C 000:798.234 JLINK_CORESIGHT_WriteAPDPReg(AP reg 0x03, 0x75010001)
T4D2C 000:798.571 - 0.337ms returns 0
T4D2C 000:798.613 JLINK_CORESIGHT_WriteAPDPReg(AP reg 0x00, 0x80000002)
T4D2C 000:798.959 - 0.346ms returns 0
T4D2C 000:798.998 JLINK_CORESIGHT_WriteAPDPReg(AP reg 0x01, 0x80011140)
T4D2C 000:799.392 - 0.393ms returns 0
T4D2C 000:799.434 JLINK_CORESIGHT_ReadAPDPReg(AP reg 0x03)
T4D2C 000:799.788   Value=0x00000002
T4D2C 000:799.832 - 0.398ms returns 0
T4D2C 000:799.855 JLINK_CORESIGHT_WriteAPDPReg(AP reg 0x00, 0x80000002)
T4D2C 000:800.136 - 0.281ms returns 0
T4D2C 000:800.170 JLINK_CORESIGHT_WriteAPDPReg(AP reg 0x01, 0x80011120)
T4D2C 000:800.620 - 0.450ms returns 0
T4D2C 000:800.662 JLINK_CORESIGHT_WriteAPDPReg(AP reg 0x03, 0x0000038A)
T4D2C 000:801.315 - 0.652ms returns 0
T4D2C 000:801.357 JLINK_CORESIGHT_WriteAPDPReg(AP reg 0x00, 0x80000002)
T4D2C 000:801.698 - 0.341ms returns 0
T4D2C 000:801.738 JLINK_CORESIGHT_WriteAPDPReg(AP reg 0x01, 0x80011140)
T4D2C 000:802.188 - 0.449ms returns 0
T4D2C 000:802.225 JLINK_CORESIGHT_ReadAPDPReg(AP reg 0x03)
T4D2C 000:802.572   Value=0x00000002
T4D2C 000:802.613 - 0.388ms returns 0
T4D2C 000:802.637 JLINK_CORESIGHT_ReadAPDPReg(AP reg 0x03)
T4D2C 000:802.936   Value=0x00000002
T4D2C 000:802.977 - 0.340ms returns 0
T4D2C 000:802.999 JLINK_CORESIGHT_ReadAPDPReg(AP reg 0x03)
T4D2C 000:803.357   Value=0x00000002
T4D2C 000:803.398 - 0.399ms returns 0
T4D2C 000:803.421 JLINK_CORESIGHT_ReadAPDPReg(AP reg 0x03)
T4D2C 000:803.754   Value=0x00000000
T4D2C 000:803.794 - 0.373ms returns 0
T4D2C 000:803.817 JLINK_CORESIGHT_WriteAPDPReg(AP reg 0x00, 0x80000002)
T4D2C 000:804.070 - 0.253ms returns 0
T4D2C 000:804.104 JLINK_CORESIGHT_WriteAPDPReg(AP reg 0x01, 0x80011130)
T4D2C 000:804.416 - 0.312ms returns 0
T4D2C 000:804.450 JLINK_CORESIGHT_ReadAPDPReg(AP reg 0x03)
T4D2C 000:804.745   Value=0x75020081
T4D2C 000:804.786 - 0.335ms returns 0
T4D2C 000:804.809 JLINK_CORESIGHT_WriteAPDPReg(AP reg 0x00, 0x80000002)
T4D2C 000:805.097 - 0.288ms returns 0
T4D2C 000:805.131 JLINK_CORESIGHT_WriteAPDPReg(AP reg 0x01, 0x80011140)
T4D2C 000:805.393 - 0.262ms returns 0
T4D2C 000:805.431 JLINK_CORESIGHT_ReadAPDPReg(AP reg 0x03)
T4D2C 000:805.801   Value=0x00000000
T4D2C 000:805.845 - 0.414ms returns 0
T4D2C 000:805.870 JLINK_CORESIGHT_WriteAPDPReg(AP reg 0x00, 0x80000002)
T4D2C 000:806.140 - 0.271ms returns 0
T4D2C 000:806.175 JLINK_CORESIGHT_WriteAPDPReg(AP reg 0x01, 0x80011130)
T4D2C 000:806.494 - 0.318ms returns 0
T4D2C 000:806.529 JLINK_CORESIGHT_ReadAPDPReg(AP reg 0x03)
T4D2C 000:806.846   Value=0x00038702
T4D2C 000:806.888 - 0.358ms returns 0
T4D2C 000:806.918 JLINK_CORESIGHT_WriteAPDPReg(AP reg 0x00, 0x80000002)
T4D2C 000:807.240 - 0.322ms returns 0
T4D2C 000:807.282 JLINK_CORESIGHT_WriteAPDPReg(AP reg 0x01, 0x80011140)
T4D2C 000:807.686 - 0.403ms returns 0
T4D2C 000:807.725 JLINK_CORESIGHT_ReadAPDPReg(AP reg 0x03)
T4D2C 000:808.058   Value=0x00000002
T4D2C 000:808.099 - 0.374ms returns 0
T4D2C 000:808.121 JLINK_CORESIGHT_WriteAPDPReg(AP reg 0x00, 0x80000002)
T4D2C 000:808.393 - 0.271ms returns 0
T4D2C 000:808.426 JLINK_CORESIGHT_WriteAPDPReg(AP reg 0x01, 0x80011120)
T4D2C 000:808.710 - 0.283ms returns 0
T4D2C 000:808.744 JLINK_CORESIGHT_WriteAPDPReg(AP reg 0x03, 0x4E0B0001)
T4D2C 000:809.015 - 0.270ms returns 0
T4D2C 000:809.059 JLINK_CORESIGHT_WriteAPDPReg(AP reg 0x00, 0x80000002)
T4D2C 000:809.357 - 0.298ms returns 0
T4D2C 000:809.391 JLINK_CORESIGHT_WriteAPDPReg(AP reg 0x01, 0x80011140)
T4D2C 000:809.701 - 0.309ms returns 0
T4D2C 000:809.736 JLINK_CORESIGHT_ReadAPDPReg(AP reg 0x03)
T4D2C 000:810.051   Value=0x00000002
T4D2C 000:810.094 - 0.357ms returns 0
T4D2C 000:810.120 JLINK_CORESIGHT_WriteAPDPReg(AP reg 0x00, 0x80000002)
T4D2C 000:810.442 - 0.321ms returns 0
T4D2C 000:810.486 JLINK_CORESIGHT_WriteAPDPReg(AP reg 0x01, 0x80011120)
T4D2C 000:810.746 - 0.260ms returns 0
T4D2C 000:810.784 JLINK_CORESIGHT_WriteAPDPReg(AP reg 0x03, 0x80020000)
T4D2C 000:811.130 - 0.345ms returns 0
T4D2C 000:811.172 JLINK_CORESIGHT_WriteAPDPReg(AP reg 0x00, 0x80000002)
T4D2C 000:811.472 - 0.300ms returns 0
T4D2C 000:811.515 JLINK_CORESIGHT_WriteAPDPReg(AP reg 0x01, 0x80011140)
T4D2C 000:811.891 - 0.376ms returns 0
T4D2C 000:811.936 JLINK_CORESIGHT_ReadAPDPReg(AP reg 0x03)
T4D2C 000:812.274   Value=0x00000002
T4D2C 000:812.318 - 0.382ms returns 0
T4D2C 000:812.345 JLINK_CORESIGHT_WriteAPDPReg(AP reg 0x00, 0x80000002)
T4D2C 000:812.683 - 0.338ms returns 0
T4D2C 000:812.728 JLINK_CORESIGHT_WriteAPDPReg(AP reg 0x01, 0x80011120)
T4D2C 000:813.000 - 0.271ms returns 0
T4D2C 000:813.037 JLINK_CORESIGHT_WriteAPDPReg(AP reg 0x03, 0x00000000)
T4D2C 000:813.367 - 0.330ms returns 0
T4D2C 000:813.406 JLINK_CORESIGHT_WriteAPDPReg(AP reg 0x00, 0x80000002)
T4D2C 000:813.708 - 0.302ms returns 0
T4D2C 000:813.756 JLINK_CORESIGHT_WriteAPDPReg(AP reg 0x01, 0x80011140)
T4D2C 000:814.005 - 0.249ms returns 0
T4D2C 000:814.045 JLINK_CORESIGHT_ReadAPDPReg(AP reg 0x03)
T4D2C 000:814.392   Value=0x00000002
T4D2C 000:814.434 - 0.389ms returns 0
T4D2C 000:814.460 JLINK_CORESIGHT_WriteAPDPReg(AP reg 0x00, 0x80000002)
T4D2C 000:814.756 - 0.295ms returns 0
T4D2C 000:814.803 JLINK_CORESIGHT_WriteAPDPReg(AP reg 0x01, 0x80011120)
T4D2C 000:815.049 - 0.245ms returns 0
T4D2C 000:815.089 JLINK_CORESIGHT_WriteAPDPReg(AP reg 0x03, 0x03250000)
T4D2C 000:815.319 - 0.230ms returns 0
T4D2C 000:815.356 JLINK_CORESIGHT_WriteAPDPReg(AP reg 0x00, 0x80000002)
T4D2C 000:815.699 - 0.343ms returns 0
T4D2C 000:815.736 JLINK_CORESIGHT_WriteAPDPReg(AP reg 0x01, 0x80011140)
T4D2C 000:816.004 - 0.267ms returns 0
T4D2C 000:816.041 JLINK_CORESIGHT_ReadAPDPReg(AP reg 0x03)
T4D2C 000:816.426   Value=0x00000002
T4D2C 000:816.472 - 0.430ms returns 0
T4D2C 000:816.497 JLINK_CORESIGHT_ReadAPDPReg(AP reg 0x03)
T4D2C 000:816.823   Value=0x00000002
T4D2C 000:816.866 - 0.368ms returns 0
T4D2C 000:816.890 JLINK_CORESIGHT_ReadAPDPReg(AP reg 0x03)
T4D2C 000:817.266   Value=0x00000002
T4D2C 000:817.311 - 0.420ms returns 0
T4D2C 000:817.337 JLINK_CORESIGHT_ReadAPDPReg(AP reg 0x03)
T4D2C 000:817.680   Value=0x00000002
T4D2C 000:817.723 - 0.386ms returns 0
T4D2C 000:817.749 JLINK_CORESIGHT_ReadAPDPReg(AP reg 0x03)
T4D2C 000:818.107   Value=0x00000002
T4D2C 000:818.149 - 0.399ms returns 0
T4D2C 000:818.178 JLINK_CORESIGHT_ReadAPDPReg(AP reg 0x03)
T4D2C 000:818.573   Value=0x00000002
T4D2C 000:818.613 - 0.434ms returns 0
T4D2C 000:818.638 JLINK_CORESIGHT_ReadAPDPReg(AP reg 0x03)
T4D2C 000:818.923   Value=0x00000002
T4D2C 000:818.963 - 0.325ms returns 0
T4D2C 000:818.988 JLINK_CORESIGHT_ReadAPDPReg(AP reg 0x03)
T4D2C 000:819.389   Value=0x00000002
T4D2C 000:819.429 - 0.441ms returns 0
T4D2C 000:819.456 JLINK_CORESIGHT_ReadAPDPReg(AP reg 0x03)
T4D2C 000:819.769   Value=0x00000002
T4D2C 000:819.811 - 0.355ms returns 0
T4D2C 000:819.838 JLINK_CORESIGHT_ReadAPDPReg(AP reg 0x03)
T4D2C 000:820.183   Value=0x00000002
T4D2C 000:820.223 - 0.385ms returns 0
T4D2C 000:820.248 JLINK_CORESIGHT_ReadAPDPReg(AP reg 0x03)
T4D2C 000:820.582   Value=0x00000002
T4D2C 000:820.623 - 0.374ms returns 0
T4D2C 000:820.648 JLINK_CORESIGHT_ReadAPDPReg(AP reg 0x03)
T4D2C 000:820.957   Value=0x00000002
T4D2C 000:820.999 - 0.351ms returns 0
T4D2C 000:821.028 JLINK_CORESIGHT_ReadAPDPReg(AP reg 0x03)
T4D2C 000:821.321   Value=0x00000002
T4D2C 000:821.362 - 0.334ms returns 0
T4D2C 000:821.389 JLINK_CORESIGHT_ReadAPDPReg(AP reg 0x03)
T4D2C 000:821.807   Value=0x00000002
T4D2C 000:821.848 - 0.459ms returns 0
T4D2C 000:821.874 JLINK_CORESIGHT_ReadAPDPReg(AP reg 0x03)
T4D2C 000:822.198   Value=0x00000002
T4D2C 000:822.237 - 0.363ms returns 0
T4D2C 000:822.264 JLINK_CORESIGHT_ReadAPDPReg(AP reg 0x03)
T4D2C 000:822.619   Value=0x00000002
T4D2C 000:822.660 - 0.395ms returns 0
T4D2C 000:822.685 JLINK_CORESIGHT_ReadAPDPReg(AP reg 0x03)
T4D2C 000:823.058   Value=0x00000002
T4D2C 000:823.100 - 0.415ms returns 0
T4D2C 000:823.124 JLINK_CORESIGHT_ReadAPDPReg(AP reg 0x03)
T4D2C 000:823.435   Value=0x00000002
T4D2C 000:823.475 - 0.350ms returns 0
T4D2C 000:823.500 JLINK_CORESIGHT_ReadAPDPReg(AP reg 0x03)
T4D2C 000:823.823   Value=0x00000002
T4D2C 000:823.863 - 0.362ms returns 0
T4D2C 000:823.887 JLINK_CORESIGHT_ReadAPDPReg(AP reg 0x03)
T4D2C 000:824.238   Value=0x00000002
T4D2C 000:824.280 - 0.392ms returns 0
T4D2C 000:824.306 JLINK_CORESIGHT_ReadAPDPReg(AP reg 0x03)
T4D2C 000:824.618   Value=0x00000002
T4D2C 000:824.660 - 0.354ms returns 0
T4D2C 000:824.686 JLINK_CORESIGHT_ReadAPDPReg(AP reg 0x03)
T4D2C 000:825.079   Value=0x00000002
T4D2C 000:825.122 - 0.435ms returns 0
T4D2C 000:825.148 JLINK_CORESIGHT_ReadAPDPReg(AP reg 0x03)
T4D2C 000:825.582   Value=0x00000000
T4D2C 000:825.624 - 0.475ms returns 0
T4D2C 000:825.650 JLINK_CORESIGHT_WriteAPDPReg(AP reg 0x00, 0x80000002)
T4D2C 000:825.969 - 0.319ms returns 0
T4D2C 000:826.031 JLINK_CORESIGHT_WriteAPDPReg(AP reg 0x01, 0x80011130)
T4D2C 000:826.430 - 0.398ms returns 0
T4D2C 000:826.471 JLINK_CORESIGHT_ReadAPDPReg(AP reg 0x03)
T4D2C 000:826.844   Value=0x4E0A0081
T4D2C 000:826.914 - 0.443ms returns 0
T4D2C 000:826.949 JLINK_CORESIGHT_WriteAPDPReg(AP reg 0x00, 0x80000002)
T4D2C 000:827.304 - 0.355ms returns 0
T4D2C 000:827.346 JLINK_CORESIGHT_WriteAPDPReg(AP reg 0x01, 0x80011140)
T4D2C 000:827.627 - 0.281ms returns 0
T4D2C 000:827.665 JLINK_CORESIGHT_ReadAPDPReg(AP reg 0x03)
T4D2C 000:828.047   Value=0x00000000
T4D2C 000:828.091 - 0.426ms returns 0
T4D2C 000:828.124 JLINK_CORESIGHT_WriteAPDPReg(AP reg 0x00, 0x80000002)
T4D2C 000:828.476 - 0.351ms returns 0
T4D2C 000:828.520 JLINK_CORESIGHT_WriteAPDPReg(AP reg 0x01, 0x80011130)
T4D2C 000:828.792 - 0.271ms returns 0
T4D2C 000:828.830 JLINK_CORESIGHT_ReadAPDPReg(AP reg 0x03)
T4D2C 000:829.127   Value=0xFFFFFF00
T4D2C 000:829.167 - 0.337ms returns 0
T4D2C 000:829.193 JLINK_CORESIGHT_WriteAPDPReg(AP reg 0x00, 0x80000002)
T4D2C 000:829.572 - 0.379ms returns 0
T4D2C 000:829.609 JLINK_CORESIGHT_WriteAPDPReg(AP reg 0x01, 0x80011140)
T4D2C 000:829.947 - 0.337ms returns 0
T4D2C 000:829.987 JLINK_CORESIGHT_ReadAPDPReg(AP reg 0x03)
T4D2C 000:830.275   Value=0x00000000
T4D2C 000:830.317 - 0.329ms returns 0
T4D2C 000:830.342 JLINK_CORESIGHT_WriteAPDPReg(AP reg 0x00, 0x80000002)
T4D2C 000:830.617 - 0.274ms returns 0
T4D2C 000:830.663 JLINK_CORESIGHT_WriteAPDPReg(AP reg 0x01, 0x80011130)
T4D2C 000:830.935 - 0.272ms returns 0
T4D2C 000:830.973 JLINK_CORESIGHT_ReadAPDPReg(AP reg 0x03)
T4D2C 000:831.357   Value=0xFFFFFFFF
T4D2C 000:831.398 - 0.424ms returns 0
T4D2C 000:831.423 JLINK_CORESIGHT_WriteAPDPReg(AP reg 0x00, 0x80000002)
T4D2C 000:831.708 - 0.285ms returns 0
T4D2C 000:831.752 JLINK_CORESIGHT_WriteAPDPReg(AP reg 0x01, 0x80011140)
T4D2C 000:832.013 - 0.261ms returns 0
T4D2C 000:832.052 JLINK_CORESIGHT_ReadAPDPReg(AP reg 0x03)
T4D2C 000:832.368   Value=0x00000000
T4D2C 000:832.410 - 0.358ms returns 0
T4D2C 000:832.439 JLINK_CORESIGHT_WriteAPDPReg(AP reg 0x00, 0x80000002)
T4D2C 000:832.707 - 0.268ms returns 0
T4D2C 000:832.743 JLINK_CORESIGHT_WriteAPDPReg(AP reg 0x01, 0x80011130)
T4D2C 000:832.992 - 0.248ms returns 0
T4D2C 000:833.032 JLINK_CORESIGHT_ReadAPDPReg(AP reg 0x03)
T4D2C 000:833.354   Value=0x0003B0FF
T4D2C 000:833.395 - 0.363ms returns 0
T4D2C 000:833.424 JLINK_CORESIGHT_WriteAPDPReg(AP reg 0x00, 0x80000002)
T4D2C 000:833.707 - 0.282ms returns 0
T4D2C 000:833.746 JLINK_CORESIGHT_WriteAPDPReg(AP reg 0x01, 0x80011140)
T4D2C 000:834.077 - 0.330ms returns 0
T4D2C 000:834.114 JLINK_CORESIGHT_ReadAPDPReg(AP reg 0x03)
T4D2C 000:834.582   Value=0x00000002
T4D2C 000:834.626 - 0.511ms returns 0
T4D2C 000:834.652 JLINK_CORESIGHT_WriteAPDPReg(AP reg 0x00, 0x80000002)
T4D2C 000:834.967 - 0.314ms returns 0
T4D2C 000:835.005 JLINK_CORESIGHT_WriteAPDPReg(AP reg 0x01, 0x80011120)
T4D2C 000:835.275 - 0.269ms returns 0
T4D2C 000:835.315 JLINK_CORESIGHT_WriteAPDPReg(AP reg 0x03, 0x4F010001)
T4D2C 000:835.575 - 0.259ms returns 0
T4D2C 000:835.615 JLINK_CORESIGHT_WriteAPDPReg(AP reg 0x00, 0x80000002)
T4D2C 000:835.924 - 0.309ms returns 0
T4D2C 000:835.961 JLINK_CORESIGHT_WriteAPDPReg(AP reg 0x01, 0x80011140)
T4D2C 000:836.291 - 0.330ms returns 0
T4D2C 000:836.331 JLINK_CORESIGHT_ReadAPDPReg(AP reg 0x03)
T4D2C 000:836.734   Value=0x00000002
T4D2C 000:836.776 - 0.445ms returns 0
T4D2C 000:836.802 JLINK_CORESIGHT_WriteAPDPReg(AP reg 0x00, 0x80000002)
T4D2C 000:837.141 - 0.338ms returns 0
T4D2C 000:837.179 JLINK_CORESIGHT_WriteAPDPReg(AP reg 0x01, 0x80011120)
T4D2C 000:837.447 - 0.268ms returns 0
T4D2C 000:837.485 JLINK_CORESIGHT_WriteAPDPReg(AP reg 0x03, 0x000003B0)
T4D2C 000:837.745 - 0.259ms returns 0
T4D2C 000:837.786 JLINK_CORESIGHT_WriteAPDPReg(AP reg 0x00, 0x80000002)
T4D2C 000:838.119 - 0.332ms returns 0
T4D2C 000:838.161 JLINK_CORESIGHT_WriteAPDPReg(AP reg 0x01, 0x80011140)
T4D2C 000:838.482 - 0.320ms returns 0
T4D2C 000:838.525 JLINK_CORESIGHT_ReadAPDPReg(AP reg 0x03)
T4D2C 000:838.846   Value=0x00000002
T4D2C 000:838.888 - 0.363ms returns 0
T4D2C 000:838.916 JLINK_CORESIGHT_ReadAPDPReg(AP reg 0x03)
T4D2C 000:839.264   Value=0x00000002
T4D2C 000:839.308 - 0.392ms returns 0
T4D2C 000:839.335 JLINK_CORESIGHT_ReadAPDPReg(AP reg 0x03)
T4D2C 000:839.755   Value=0x00000002
T4D2C 000:839.796 - 0.461ms returns 0
T4D2C 000:839.822 JLINK_CORESIGHT_ReadAPDPReg(AP reg 0x03)
T4D2C 000:840.114   Value=0x00000002
T4D2C 000:840.154 - 0.331ms returns 0
T4D2C 000:840.179 JLINK_CORESIGHT_ReadAPDPReg(AP reg 0x03)
T4D2C 000:840.492   Value=0x00000002
T4D2C 000:840.534 - 0.354ms returns 0
T4D2C 000:840.562 JLINK_CORESIGHT_ReadAPDPReg(AP reg 0x03)
T4D2C 000:840.924   Value=0x00000002
T4D2C 000:840.965 - 0.403ms returns 0
T4D2C 000:840.991 JLINK_CORESIGHT_ReadAPDPReg(AP reg 0x03)
T4D2C 000:841.345   Value=0x00000000
T4D2C 000:841.385 - 0.394ms returns 0
T4D2C 000:841.410 JLINK_CORESIGHT_WriteAPDPReg(AP reg 0x00, 0x80000002)
T4D2C 000:841.724 - 0.314ms returns 0
T4D2C 000:841.763 JLINK_CORESIGHT_WriteAPDPReg(AP reg 0x01, 0x80011130)
T4D2C 000:842.093 - 0.330ms returns 0
T4D2C 000:842.138 JLINK_CORESIGHT_ReadAPDPReg(AP reg 0x03)
T4D2C 000:842.460   Value=0x4F0B0081
T4D2C 000:842.505 - 0.367ms returns 0
T4D2C 000:842.532 JLINK_CORESIGHT_WriteAPDPReg(AP reg 0x00, 0x80000002)
T4D2C 000:842.874 - 0.342ms returns 0
T4D2C 000:842.918 JLINK_CORESIGHT_WriteAPDPReg(AP reg 0x01, 0x80011140)
T4D2C 000:843.172 - 0.253ms returns 0
T4D2C 000:843.220 JLINK_CORESIGHT_ReadAPDPReg(AP reg 0x03)
T4D2C 000:843.582   Value=0x00000000
T4D2C 000:843.625 - 0.405ms returns 0
T4D2C 000:843.651 JLINK_CORESIGHT_WriteAPDPReg(AP reg 0x00, 0x80000002)
T4D2C 000:843.967 - 0.316ms returns 0
T4D2C 000:844.003 JLINK_CORESIGHT_WriteAPDPReg(AP reg 0x01, 0x80011130)
T4D2C 000:844.269 - 0.266ms returns 0
T4D2C 000:844.314 JLINK_CORESIGHT_ReadAPDPReg(AP reg 0x03)
T4D2C 000:844.676   Value=0x80020000
T4D2C 000:844.717 - 0.403ms returns 0
T4D2C 000:844.745 JLINK_CORESIGHT_WriteAPDPReg(AP reg 0x00, 0x80000002)
T4D2C 000:845.074 - 0.328ms returns 0
T4D2C 000:845.111 JLINK_CORESIGHT_WriteAPDPReg(AP reg 0x01, 0x80011140)
T4D2C 000:845.478 - 0.366ms returns 0
T4D2C 000:845.526 JLINK_CORESIGHT_ReadAPDPReg(AP reg 0x03)
T4D2C 000:845.913   Value=0x00000000
T4D2C 000:845.960 - 0.434ms returns 0
T4D2C 000:845.987 JLINK_CORESIGHT_WriteAPDPReg(AP reg 0x00, 0x80000002)
T4D2C 000:846.310 - 0.323ms returns 0
T4D2C 000:846.350 JLINK_CORESIGHT_WriteAPDPReg(AP reg 0x01, 0x80011130)
T4D2C 000:846.768 - 0.417ms returns 0
T4D2C 000:846.818 JLINK_CORESIGHT_ReadAPDPReg(AP reg 0x03)
T4D2C 000:847.202   Value=0x00000000
T4D2C 000:847.266 - 0.447ms returns 0
T4D2C 000:847.294 JLINK_CORESIGHT_WriteAPDPReg(AP reg 0x00, 0x80000002)
T4D2C 000:847.763 - 0.468ms returns 0
T4D2C 000:847.810 JLINK_CORESIGHT_WriteAPDPReg(AP reg 0x01, 0x80011140)
T4D2C 000:848.126 - 0.316ms returns 0
T4D2C 000:848.168 JLINK_CORESIGHT_ReadAPDPReg(AP reg 0x03)
T4D2C 000:848.581   Value=0x00000000
T4D2C 000:848.626 - 0.458ms returns 0
T4D2C 000:848.655 JLINK_CORESIGHT_WriteAPDPReg(AP reg 0x00, 0x80000002)
T4D2C 000:848.930 - 0.275ms returns 0
T4D2C 000:848.975 JLINK_CORESIGHT_WriteAPDPReg(AP reg 0x01, 0x80011130)
T4D2C 000:849.269 - 0.294ms returns 0
T4D2C 000:849.310 JLINK_CORESIGHT_ReadAPDPReg(AP reg 0x03)
T4D2C 000:849.617   Value=0x03240000
T4D2C 000:849.660 - 0.350ms returns 0
T4D2C 000:849.848 JLINK_CORESIGHT_WriteAPDPReg(AP reg 0x00, 0x80000002)
T4D2C 000:850.129 - 0.280ms returns 0
T4D2C 000:850.167 JLINK_CORESIGHT_WriteAPDPReg(AP reg 0x01, 0x80011140)
T4D2C 000:850.452 - 0.285ms returns 0
T4D2C 000:850.491 JLINK_CORESIGHT_ReadAPDPReg(AP reg 0x03)
T4D2C 000:850.870   Value=0x00000002
T4D2C 000:850.916 - 0.424ms returns 0
T4D2C 000:850.949 JLINK_CORESIGHT_WriteAPDPReg(AP reg 0x00, 0x80000002)
T4D2C 000:851.236 - 0.287ms returns 0
T4D2C 000:851.310 JLINK_CORESIGHT_WriteAPDPReg(AP reg 0x01, 0x80011120)
T4D2C 000:851.626 - 0.315ms returns 0
T4D2C 000:851.666 JLINK_CORESIGHT_WriteAPDPReg(AP reg 0x03, 0x4F010001)
T4D2C 000:852.015 - 0.349ms returns 0
T4D2C 000:852.053 JLINK_CORESIGHT_WriteAPDPReg(AP reg 0x00, 0x80000002)
T4D2C 000:852.401 - 0.348ms returns 0
T4D2C 000:852.439 JLINK_CORESIGHT_WriteAPDPReg(AP reg 0x01, 0x80011140)
T4D2C 000:852.767 - 0.328ms returns 0
T4D2C 000:852.804 JLINK_CORESIGHT_ReadAPDPReg(AP reg 0x03)
T4D2C 000:853.130   Value=0x00000002
T4D2C 000:853.173 - 0.369ms returns 0
T4D2C 000:853.215 JLINK_CORESIGHT_WriteAPDPReg(AP reg 0x00, 0x80000002)
T4D2C 000:853.587 - 0.371ms returns 0
T4D2C 000:853.628 JLINK_CORESIGHT_WriteAPDPReg(AP reg 0x01, 0x80011120)
T4D2C 000:853.946 - 0.318ms returns 0
T4D2C 000:853.986 JLINK_CORESIGHT_WriteAPDPReg(AP reg 0x03, 0x000003B0)
T4D2C 000:854.290 - 0.304ms returns 0
T4D2C 000:854.327 JLINK_CORESIGHT_WriteAPDPReg(AP reg 0x00, 0x80000002)
T4D2C 000:854.685 - 0.357ms returns 0
T4D2C 000:854.722 JLINK_CORESIGHT_WriteAPDPReg(AP reg 0x01, 0x80011140)
T4D2C 000:854.993 - 0.271ms returns 0
T4D2C 000:855.031 JLINK_CORESIGHT_ReadAPDPReg(AP reg 0x03)
T4D2C 000:855.347   Value=0x00000002
T4D2C 000:855.392 - 0.361ms returns 0
T4D2C 000:855.418 JLINK_CORESIGHT_ReadAPDPReg(AP reg 0x03)
T4D2C 000:855.783   Value=0x00000002
T4D2C 000:855.826 - 0.408ms returns 0
T4D2C 000:855.850 JLINK_CORESIGHT_ReadAPDPReg(AP reg 0x03)
T4D2C 000:856.257   Value=0x00000002
T4D2C 000:856.301 - 0.450ms returns 0
T4D2C 000:856.326 JLINK_CORESIGHT_ReadAPDPReg(AP reg 0x03)
T4D2C 000:856.747   Value=0x00000002
T4D2C 000:856.788 - 0.462ms returns 0
T4D2C 000:856.815 JLINK_CORESIGHT_ReadAPDPReg(AP reg 0x03)
T4D2C 000:857.161   Value=0x00000002
T4D2C 000:857.217 - 0.402ms returns 0
T4D2C 000:857.243 JLINK_CORESIGHT_ReadAPDPReg(AP reg 0x03)
T4D2C 000:857.593   Value=0x00000002
T4D2C 000:857.650 - 0.406ms returns 0
T4D2C 000:857.674 JLINK_CORESIGHT_ReadAPDPReg(AP reg 0x03)
T4D2C 000:858.060   Value=0x00000002
T4D2C 000:858.113 - 0.438ms returns 0
T4D2C 000:858.139 JLINK_CORESIGHT_ReadAPDPReg(AP reg 0x03)
T4D2C 000:858.471   Value=0x00000002
T4D2C 000:858.525 - 0.385ms returns 0
T4D2C 000:858.550 JLINK_CORESIGHT_ReadAPDPReg(AP reg 0x03)
T4D2C 000:858.884   Value=0x00000000
T4D2C 000:858.932 - 0.382ms returns 0
T4D2C 000:858.957 JLINK_CORESIGHT_WriteAPDPReg(AP reg 0x00, 0x80000002)
T4D2C 000:859.298 - 0.341ms returns 0
T4D2C 000:859.332 JLINK_CORESIGHT_WriteAPDPReg(AP reg 0x01, 0x80011130)
T4D2C 000:859.575 - 0.242ms returns 0
T4D2C 000:859.609 JLINK_CORESIGHT_ReadAPDPReg(AP reg 0x03)
T4D2C 000:859.990   Value=0x4F0B0081
T4D2C 000:860.032 - 0.422ms returns 0
T4D2C 000:860.054 JLINK_CORESIGHT_WriteAPDPReg(AP reg 0x00, 0x80000002)
T4D2C 000:860.349 - 0.295ms returns 0
T4D2C 000:860.384 JLINK_CORESIGHT_WriteAPDPReg(AP reg 0x01, 0x80011140)
T4D2C 000:860.703 - 0.318ms returns 0
T4D2C 000:860.742 JLINK_CORESIGHT_ReadAPDPReg(AP reg 0x03)
T4D2C 000:861.082   Value=0x00000000
T4D2C 000:861.124 - 0.382ms returns 0
T4D2C 000:861.148 JLINK_CORESIGHT_WriteAPDPReg(AP reg 0x00, 0x80000002)
T4D2C 000:861.389 - 0.241ms returns 0
T4D2C 000:861.422 JLINK_CORESIGHT_WriteAPDPReg(AP reg 0x01, 0x80011130)
T4D2C 000:861.707 - 0.285ms returns 0
T4D2C 000:861.742 JLINK_CORESIGHT_ReadAPDPReg(AP reg 0x03)
T4D2C 000:862.160   Value=0x80020000
T4D2C 000:862.200 - 0.458ms returns 0
T4D2C 000:862.223 JLINK_CORESIGHT_WriteAPDPReg(AP reg 0x00, 0x80000002)
T4D2C 000:862.492 - 0.269ms returns 0
T4D2C 000:862.527 JLINK_CORESIGHT_WriteAPDPReg(AP reg 0x01, 0x80011140)
T4D2C 000:862.797 - 0.269ms returns 0
T4D2C 000:862.831 JLINK_CORESIGHT_ReadAPDPReg(AP reg 0x03)
T4D2C 000:863.227   Value=0x00000000
T4D2C 000:863.268 - 0.436ms returns 0
T4D2C 000:863.290 JLINK_CORESIGHT_WriteAPDPReg(AP reg 0x00, 0x80000002)
T4D2C 000:863.661 - 0.370ms returns 0
T4D2C 000:863.704 JLINK_CORESIGHT_WriteAPDPReg(AP reg 0x01, 0x80011130)
T4D2C 000:864.060 - 0.356ms returns 0
T4D2C 000:864.100 JLINK_CORESIGHT_ReadAPDPReg(AP reg 0x03)
T4D2C 000:864.415   Value=0x00000000
T4D2C 000:864.458 - 0.358ms returns 0
T4D2C 000:864.484 JLINK_CORESIGHT_WriteAPDPReg(AP reg 0x00, 0x80000002)
T4D2C 000:864.798 - 0.314ms returns 0
T4D2C 000:864.833 JLINK_CORESIGHT_WriteAPDPReg(AP reg 0x01, 0x80011140)
T4D2C 000:865.184 - 0.351ms returns 0
T4D2C 000:865.220 JLINK_CORESIGHT_ReadAPDPReg(AP reg 0x03)
T4D2C 000:865.581   Value=0x00000000
T4D2C 000:865.623 - 0.403ms returns 0
T4D2C 000:865.647 JLINK_CORESIGHT_WriteAPDPReg(AP reg 0x00, 0x80000002)
T4D2C 000:866.003 - 0.356ms returns 0
T4D2C 000:866.062 JLINK_CORESIGHT_WriteAPDPReg(AP reg 0x01, 0x80011130)
T4D2C 000:866.376 - 0.314ms returns 0
T4D2C 000:866.412 JLINK_CORESIGHT_ReadAPDPReg(AP reg 0x03)
T4D2C 000:866.751   Value=0x03240000
T4D2C 000:866.795 - 0.382ms returns 0
T4D2C 000:866.824 JLINK_CORESIGHT_ReadAPDPReg(DP reg 0x01)
T4D2C 000:867.095   Value=0xF0000F40
T4D2C 000:867.137 - 0.312ms returns 0
T4D2C 000:867.160 JLINK_CORESIGHT_WriteAPDPReg(DP reg 0x01, 0xA0000F40)
T4D2C 000:867.427 - 0.266ms returns 0
T4D2C 000:867.466 JLINK_CORESIGHT_ReadAPDPReg(DP reg 0x01)
T4D2C 000:867.765   Value=0x00000F40
T4D2C 000:867.808 - 0.341ms returns 0
T4D2C 000:867.831 JLINK_ClrRESET()
T4D2C 000:868.133 - 0.301ms 
T4D2C 000:977.573 JLINK_Close()
T4D2C 000:994.376 - 16.800ms
T4D2C 000:994.639   
T4D2C 000:994.730   Closed
