T7A38 000:001.223   SEGGER J-Link V7.98a Log File
T7A38 000:001.394   DLL Compiled: Jul 19 2024 14:57:58
T7A38 000:001.412   Logging started @ 2024-08-05 09:24
T7A38 000:001.430   Process: C:\Users\trung.tran-quoc\.eclipse\com.renesas.platform_32995968\DebugComp\RA\e2-server-gdb.exe
T7A38 000:001.451 - 1.449ms
T7A38 000:001.478 JLINK_GetDLLVersion()
T7A38 000:001.500 - 0.021ms returns 79801
T7A38 000:010.015 JLINK_OpenEx(...)
T7A38 000:014.253   Looking for J-Link GUI Server exe at: C:\Users\trung.tran-quoc\.eclipse\com.renesas.platform_32995968\DebugComp\RA\ARM\Segger_v7.98.1\JLinkGUIServer.exe
T7A38 000:014.417   Looking for J-Link GUI Server exe at: C:\Users\trung.tran-quoc\SEGGER\JLink_V798a\JLinkGUIServer.exe
T7A38 000:014.472   Forking J-Link GUI Server: C:\Users\trung.tran-quoc\SEGGER\JLink_V798a\JLinkGUIServer.exe
T7A38 000:022.475   J-Link GUI Server info: "J-Link GUI server V7.98a "
T7A38 001:875.943   Firmware: J-Link OB-S124 compiled Jul  3 2024 17:03:07
T7A38 001:877.096   Firmware: J-Link OB-S124 compiled Jul  3 2024 17:03:07
T7A38 001:902.952   Hardware: V1.00
T7A38 001:903.014   S/N: 831317594
T7A38 001:903.049   OEM: SEGGER
T7A38 001:903.084   Feature(s): None
T7A38 001:904.087   Bootloader: 2019 Oct 15
T7A38 001:905.301   USB speed mode: Full speed (12 MBit/s)
T7A38 001:906.333   TELNET listener socket opened on port 19021
T7A38 001:906.528   WEBSRV WEBSRV_Init(): Starting webserver thread(s)
T7A38 001:906.725   WEBSRV Webserver running on local port 19080
T7A38 001:907.381 - 1897.362ms returns "O.K."
T7A38 001:907.512 JLINK_ExecCommand("ProjectFile=C:\Users\trung.tran-quoc\fsp_git\ra-solutions-rvc\application_projects\r30an0384\LowPower_DataLogger_Sub_Module_EK_RA2E1/LowPower_DataLogger_Sub_Module_EK_RA2E1 Debug_Flat.jlink", ...). 
T7A38 001:943.496 - 35.980ms returns 0x00
T7A38 001:945.054 JLINK_ExecCommand("device=R7FA2E1A9", ...). 
T7A38 001:946.248   Flash bank @ 0x01010010: SFL: Parsing sectorization info from ELF file
T7A38 001:946.282     FlashDevice.SectorInfo[0]: .SectorSize = 0x00000024, .SectorStartAddr = 0x00000000
T7A38 001:946.306   FlashBank @0x01010010: Sectorization info from SFL ELF file ignored because sectorization override from DLL / XML file is active.
T7A38 001:946.584   Device "R7FA2E1A9" selected.
T7A38 001:949.731 - 4.651ms returns 0x00
T7A38 001:949.790 JLINK_ExecCommand("ScriptFile=C:\Users\trung.tran-quoc\fsp_git\ra-solutions-rvc\application_projects\r30an0384\LowPower_DataLogger_Sub_Module_EK_RA2E1/CM_low_power_debug.JLinkScript", ...). 
T7A38 001:952.497 - 2.706ms returns 0x00
T7A38 001:952.561 JLINK_ExecCommand("SetCPUConnectIDCODE = FFFFFFFFFFFFFFFFFFFFFFFFFFFFFFFF", ...). 
T7A38 001:952.602 - 0.010ms returns 0x00
T7A38 001:952.619 JLINK_TIF_GetAvailable(...)
T7A38 001:952.917 - 0.298ms
T7A38 001:952.936 JLINK_TIF_Select(JLINKARM_TIF_SWD)
T7A38 001:953.824 - 0.887ms returns 0x00
T7A38 001:953.863 JLINK_SetSpeed(4000)
T7A38 001:954.034 - 0.176ms
T7A38 001:954.053 JLINK_SetEndian(ARM_ENDIAN_LITTLE)
T7A38 001:954.066 - 0.013ms returns 0
T7A38 001:954.081 JLINK_SetInitRegsOnReset(OFF)
T7A38 001:954.095 - 0.014ms returns 1
T7A38 001:954.110 JLINK_SetResetType(JLINKARM_RESET_TYPE_NO_RESET)
T7A38 001:954.132 - 0.021ms returns JLINKARM_RESET_TYPE_NORMAL
T7A38 001:954.149 JLINK_ExecCommand("EnableFlashBPs", ...). 
T7A38 001:954.166 - 0.002ms returns 0x00
T7A38 001:954.182 JLINK_ExecCommand("SetAllowFlashCache = 0", ...). 
T7A38 001:954.198 - 0.000ms returns 0x01
T7A38 001:954.213 JLINK_ExecCommand("SetRestartOnClose = 0", ...). 
T7A38 001:954.228 - 0.001ms returns 0x01
T7A38 001:954.244 JLINK_EnableSoftBPs(ON)
T7A38 001:954.258 - 0.015ms
T7A38 001:954.276 JLINK_Connect()
T7A38 001:961.114   InitTarget() start
T7A38 001:961.161    J-Link Script File: Executing InitTarget()
T7A38 002:063.901   CPU is running
T7A38 002:068.777   Could not measure total IR len. TDO is constant high.
T7A38 002:071.711   Could not measure total IR len. TDO is constant high.
T7A38 002:074.614   Could not measure total IR len. TDO is constant high.
T7A38 002:077.213   Could not measure total IR len. TDO is constant high.
T7A38 002:080.145   Could not measure total IR len. TDO is constant high.
T7A38 002:082.642   Could not measure total IR len. TDO is constant high.
T7A38 002:085.206   Could not measure total IR len. TDO is constant high.
T7A38 002:087.682   Could not measure total IR len. TDO is constant high.
T7A38 002:090.368   Could not measure total IR len. TDO is constant high.
T7A38 002:093.042   Could not measure total IR len. TDO is constant high.
T7A38 002:095.662   Could not measure total IR len. TDO is constant high.
T7A38 002:098.243   Could not measure total IR len. TDO is constant high.
T7A38 002:100.892   Could not measure total IR len. TDO is constant high.
T7A38 002:102.031   CPU is running
T7A38 002:103.983   Could not measure total IR len. TDO is constant high.
T7A38 002:106.850   Could not measure total IR len. TDO is constant high.
T7A38 002:109.642   Could not measure total IR len. TDO is constant high.
T7A38 002:112.331   Could not measure total IR len. TDO is constant high.
T7A38 002:114.946   Could not measure total IR len. TDO is constant high.
T7A38 002:117.410   Could not measure total IR len. TDO is constant high.
T7A38 002:119.941   Could not measure total IR len. TDO is constant high.
T7A38 002:122.499   Could not measure total IR len. TDO is constant high.
T7A38 002:125.114   Could not measure total IR len. TDO is constant high.
T7A38 002:127.616   Could not measure total IR len. TDO is constant high.
T7A38 002:130.501   Could not measure total IR len. TDO is constant high.
T7A38 002:133.098   Could not measure total IR len. TDO is constant high.
T7A38 002:135.620   Could not measure total IR len. TDO is constant high.
T7A38 002:136.677   CPU is running
T7A38 002:138.628   Could not measure total IR len. TDO is constant high.
T7A38 002:141.238   Could not measure total IR len. TDO is constant high.
T7A38 002:143.729   Could not measure total IR len. TDO is constant high.
T7A38 002:146.248   Could not measure total IR len. TDO is constant high.
T7A38 002:148.910   Could not measure total IR len. TDO is constant high.
T7A38 002:151.439   Could not measure total IR len. TDO is constant high.
T7A38 002:154.208   Could not measure total IR len. TDO is constant high.
T7A38 002:157.118   Could not measure total IR len. TDO is constant high.
T7A38 002:159.697   Could not measure total IR len. TDO is constant high.
T7A38 002:162.216   Could not measure total IR len. TDO is constant high.
T7A38 002:164.893   Could not measure total IR len. TDO is constant high.
T7A38 002:167.555   Could not measure total IR len. TDO is constant high.
T7A38 002:170.070   Could not measure total IR len. TDO is constant high.
T7A38 002:171.137   InitTarget() end - Took 209ms
T7A38 002:172.271   Found SW-DP with ID 0x5BA02477
T7A38 002:774.710   Failed to power up DAP
T7A38 002:833.196   InitTarget() start
T7A38 002:833.242    J-Link Script File: Executing InitTarget()
T7A38 002:835.274   CPU is running
T7A38 002:836.303   CPU is running
T7A38 002:837.336   CPU is running
T7A38 002:838.359   InitTarget() end - Took 5.11ms
T7A38 002:839.400   Found SW-DP with ID 0x5BA02477
T7A38 002:843.468   DPIDR: 0x5BA02477
T7A38 002:843.490   CoreSight SoC-400 or earlier
T7A38 002:843.508   Scanning AP map to find all available APs
T7A38 002:845.394   AP[2]: Stopped AP scan as end of AP map has been reached
T7A38 002:845.426   AP[0]: AHB-AP (IDR: 0x74770001)
T7A38 002:845.447   AP[1]: APB-AP (IDR: 0x44770002)
T7A38 002:845.465   Iterating through AP map to find AHB-AP to use
T7A38 002:847.188   AP[0]: Core found
T7A38 002:847.215   AP[0]: AHB-AP ROM base: 0x4001A000
T7A38 002:848.129   CPUID register: 0x411CD200. Implementer code: 0x41 (ARM)
T7A38 002:848.191   Feature set: Baseline
T7A38 002:849.073   Cache: No cache
T7A38 002:849.101   Found Cortex-M23 r1p0, Little endian.
T7A38 002:849.799   -- Max. mem block: 0x00001AE8
T7A38 002:851.386   CPU_ReadMem(4 bytes @ 0xE000EDF0)
T7A38 002:852.268   CPU_ReadMem(4 bytes @ 0xE0002000)
T7A38 002:852.828   FPUnit: 4 code (BP) slots and 0 literal slots
T7A38 002:852.852   CPU_ReadMem(4 bytes @ 0xE000EDFC)
T7A38 002:853.467   CPU_ReadMem(4 bytes @ 0xE0001000)
T7A38 002:854.017   CPU_ReadMem(4 bytes @ 0xE0001000)
T7A38 002:854.742   CPU_ReadMem(4 bytes @ 0xE0001028)
T7A38 002:855.389   CPU_ReadMem(4 bytes @ 0xE0001038)
T7A38 002:856.104   CPU_WriteMem(4 bytes @ 0xE0001000)
T7A38 002:856.793   CPU_ReadMem(4 bytes @ 0xE000ED88)
T7A38 002:857.465   CPU_WriteMem(4 bytes @ 0xE000ED88)
T7A38 002:858.121   CPU_ReadMem(4 bytes @ 0xE000ED88)
T7A38 002:858.740   CPU_WriteMem(4 bytes @ 0xE000ED88)
T7A38 002:859.384   CPU_ReadMem(4 bytes @ 0xE000EFB8)
T7A38 002:859.998   Security extension: not implemented
T7A38 002:860.022   CoreSight components:
T7A38 002:860.039   ROMTbl[0] @ 4001A000
T7A38 002:860.058   CPU_ReadMem(64 bytes @ 0x4001A000)
T7A38 002:861.454   CPU_ReadMem(32 bytes @ 0xE000EFE0)
T7A38 002:862.412   CPU_ReadMem(4 bytes @ 0xE000EFBC)
T7A38 002:863.089   CPU_ReadMem(4 bytes @ 0xE000EFCC)
T7A38 002:863.644   [0][0]: E000E000 CID B105900D PID 000BBD20 DEVARCH 47702A04 DEVTYPE 00 Cortex-M23
T7A38 002:863.671   CPU_ReadMem(32 bytes @ 0xE0001FE0)
T7A38 002:864.712   CPU_ReadMem(4 bytes @ 0xE0001FBC)
T7A38 002:865.385   CPU_ReadMem(4 bytes @ 0xE0001FCC)
T7A38 002:866.034   [0][1]: E0001000 CID B105900D PID 000BBD20 DEVARCH 47701A02 DEVTYPE 00 DWT
T7A38 002:866.068   CPU_ReadMem(32 bytes @ 0xE0002FE0)
T7A38 002:867.065   CPU_ReadMem(4 bytes @ 0xE0002FBC)
T7A38 002:867.630   CPU_ReadMem(4 bytes @ 0xE0002FCC)
T7A38 002:868.284   [0][2]: E0002000 CID B105900D PID 000BBD20 DEVARCH 47701A03 DEVTYPE 00 FPB
T7A38 002:868.305   CPU_ReadMem(32 bytes @ 0x40019FE0)
T7A38 002:869.287   CPU_ReadMem(4 bytes @ 0x40019FBC)
T7A38 002:869.900   CPU_ReadMem(4 bytes @ 0x40019FCC)
T7A38 002:870.517   [0][3]: 40019000 CID B105900D PID 000BBD20 DEVARCH 47710A31 DEVTYPE 31 MTB
T7A38 002:870.540   SetupTarget() start
T7A38 002:870.558    J-Link Script File: Executing SetupTarget()
T7A38 002:872.573   CPU is running
T7A38 002:872.602   CPU_WriteMem(2 bytes @ 0x4001E3FE)
T7A38 002:873.266   CPU is running
T7A38 002:873.287   CPU_WriteMem(1 bytes @ 0x4001E40E)
T7A38 002:873.952   CPU is running
T7A38 002:873.976   CPU_WriteMem(2 bytes @ 0x4001E3FE)
T7A38 002:874.606   SetupTarget() end - Took 4.04ms
T7A38 002:874.731 - 920.454ms returns 0x00
T7A38 002:874.757 JLINK_Halt()
T7A38 002:879.872 - 5.115ms returns 0x00
T7A38 002:879.895 JLINK_IsHalted()
T7A38 002:880.589 - 0.694ms returns TRUE
T7A38 002:880.604 JLINK_ResetPullsRESET(ON)
T7A38 002:880.618 - 0.014ms
T7A38 002:880.635 JLINK_Reset()
T7A38 002:880.655   CPU_WriteMem(4 bytes @ 0xE000EDF0)
T7A38 002:881.413   CPU_ReadMem(4 bytes @ 0xE000ED44)
T7A38 002:882.068   CPU_WriteMem(4 bytes @ 0xE000EDFC)
T7A38 002:882.713   Reset: Halt core after reset via DEMCR.VC_CORERESET.
T7A38 002:883.555   Reset: Reset device via AIRCR.SYSRESETREQ.
T7A38 002:883.580   CPU_WriteMem(4 bytes @ 0xE000ED0C)
T7A38 002:938.139   CPU_ReadMem(4 bytes @ 0xE000EDF0)
T7A38 002:938.826   CPU_ReadMem(4 bytes @ 0xE000EDF0)
T7A38 002:939.450   CPU_WriteMem(4 bytes @ 0xE000EDFC)
T7A38 002:945.473   CPU_ReadMem(4 bytes @ 0xE000EDF0)
T7A38 002:951.226   CPU_WriteMem(4 bytes @ 0xE0002000)
T7A38 002:951.889   CPU_ReadMem(4 bytes @ 0xE000EDFC)
T7A38 002:952.504   CPU_ReadMem(4 bytes @ 0xE0001000)
T7A38 002:953.126   CPU_WriteMem(4 bytes @ 0xE0001000)
T7A38 002:953.786   CPU_ReadMem(4 bytes @ 0xE000EE08)
T7A38 002:954.430 - 73.794ms
T7A38 002:954.783 JLINK_IsHalted()
T7A38 002:954.802 - 0.018ms returns TRUE
T7A38 002:955.413 JLINK_MeasureCPUSpeed(RAMAddr = 0xFFFFFFFF)
T7A38 002:955.434   CPU_ReadMem(16 bytes @ 0x20004000)
T7A38 002:956.388   CPU_ReadMem(64 bytes @ 0x20004000)
T7A38 002:957.806    -- Updating C cache (64 bytes @ 0x20004000)
T7A38 002:957.828    -- Read from C cache (6 bytes @ 0x20004000)
T7A38 002:957.850   CPU_ReadMem(4 bytes @ 0x40019004)
T7A38 002:958.607   CPU_ReadMem(4 bytes @ 0xE000ED90)
T7A38 002:959.241   CPU_ReadMem(4 bytes @ 0xE000ED94)
T7A38 002:959.804   CPU_WriteMem(16 bytes @ 0x20004000)
T7A38 002:960.641   CPU_WriteMem(6 bytes @ 0x20004000)
T7A38 002:961.366   CPU_ReadMem(64 bytes @ 0x20004000)
T7A38 002:962.768    -- Updating C cache (64 bytes @ 0x20004000)
T7A38 002:962.794    -- Read from C cache (6 bytes @ 0x20004000)
T7A38 002:962.816   CPU_ReadMem(4 bytes @ 0xE000EE08)
T7A38 002:963.430   CPU_WriteMem(4 bytes @ 0xE0002008)
T7A38 002:963.453   CPU_WriteMem(4 bytes @ 0xE000200C)
T7A38 002:963.472   CPU_WriteMem(4 bytes @ 0xE0002010)
T7A38 002:963.491   CPU_WriteMem(4 bytes @ 0xE0002014)
T7A38 002:973.979   CPU_WriteMem(4 bytes @ 0xE0002008)
T7A38 002:974.698   CPU_WriteMem(4 bytes @ 0xE000200C)
T7A38 002:975.362   CPU_WriteMem(4 bytes @ 0xE0002010)
T7A38 002:976.036   CPU_WriteMem(4 bytes @ 0xE0002014)
T7A38 002:976.734   CPU_ReadMem(4 bytes @ 0xE000EE08)
T7A38 002:977.357   CPU_ReadMem(4 bytes @ 0xE000EE08)
T7A38 002:978.040   CPU_ReadMem(4 bytes @ 0xE000EE08)
T7A38 003:007.298   CPU_WriteMem(6 bytes @ 0x20004000)
T7A38 003:008.124   ClockFreq: 499200 Hz
T7A38 003:008.156 - 52.743ms returns 499200
T7A38 003:008.187 JLINK_ReadReg(XPSR)
T7A38 003:008.209   CPU_ReadMem(4 bytes @ 0xE000EE08)
T7A38 003:008.989 - 0.801ms returns 0x81000000
T60E8 005:145.174 JLINK_ReadReg(XPSR)
T60E8 005:145.767   CPU_ReadMem(4 bytes @ 0xE000EE08)
T60E8 005:146.527 - 1.351ms returns 0x81000000
T60E8 005:192.201 JLINK_ReadReg(XPSR)
T60E8 005:192.266 - 0.063ms returns 0x81000000
T60E8 005:396.700 JLINK_BeginDownload(Flags = 0x00000000)
T60E8 005:396.758 - 0.058ms
T60E8 005:420.199 JLINK_WriteMem(0x00000000, 0xBD0 Bytes, ...)
T60E8 005:420.253   Data:  C0 57 00 20 B1 29 00 00 F5 26 00 00 AD 29 00 00 ...
T60E8 005:420.560   completely In flash
T60E8 005:420.598 - 0.398ms returns 0xBD0
T60E8 005:421.417 JLINK_WriteMem(0x00000BD0, 0xBB0 Bytes, ...)
T60E8 005:421.475   Data:  02 00 45 F2 F0 00 10 B5 08 21 C2 F2 00 00 01 F0 ...
T60E8 005:421.533   completely In flash
T60E8 005:421.579 - 0.162ms returns 0xBB0
T60E8 005:422.141 JLINK_WriteMem(0x00001780, 0xBB0 Bytes, ...)
T60E8 005:422.184   Data:  E0 D0 01 22 00 21 20 00 FF F7 2C FE DA E7 C0 46 ...
T60E8 005:422.217   completely In flash
T60E8 005:422.243 - 0.102ms returns 0xBB0
T60E8 005:422.716 JLINK_WriteMem(0x00002330, 0xBC0 Bytes, ...)
T60E8 005:422.759   Data:  73 E0 80 21 0B 43 43 F6 00 77 12 02 17 40 3F 22 ...
T60E8 005:422.801   completely In flash
T60E8 005:422.837 - 0.122ms returns 0xBC0
T60E8 005:423.311 JLINK_WriteMem(0x00002EF0, 0xBB0 Bytes, ...)
T60E8 005:423.351   Data:  00 09 40 F2 00 0A ED 00 DB 04 1D 43 7F 3F 73 00 ...
T60E8 005:423.391   completely In flash
T60E8 005:423.431 - 0.120ms returns 0xBB0
T60E8 005:423.920 JLINK_WriteMem(0x00003AA0, 0xBB0 Bytes, ...)
T60E8 005:423.985   Data:  20 28 05 D0 40 22 12 1A 93 40 5A 1E 93 41 1D 43 ...
T60E8 005:424.021   completely In flash
T60E8 005:424.048 - 0.129ms returns 0xBB0
T60E8 005:424.578 JLINK_WriteMem(0x00004650, 0xBB0 Bytes, ...)
T60E8 005:424.642   Data:  12 0C 90 46 51 44 41 44 8E 42 03 D9 80 22 52 02 ...
T60E8 005:424.693   completely In flash
T60E8 005:424.739 - 0.161ms returns 0xBB0
T60E8 005:425.304 JLINK_WriteMem(0x00005200, 0xB90 Bytes, ...)
T60E8 005:425.353   Data:  00 22 04 E5 00 2D 00 D1 C5 E5 BB 1B 9A 46 99 46 ...
T60E8 005:425.396   completely In flash
T60E8 005:425.436 - 0.132ms returns 0xB90
T60E8 005:425.873 JLINK_WriteMem(0x00005D90, 0xBA4 Bytes, ...)
T60E8 005:425.917   Data:  49 00 8E 44 03 BC 70 47 F8 B5 04 00 0D 00 00 F0 ...
T60E8 005:425.949   completely In flash
T60E8 005:425.975 - 0.102ms returns 0xBA4
T60E8 005:426.287 JLINK_WriteMem(0x00006934, 0x9C Bytes, ...)
T60E8 005:426.341   Data:  00 00 88 50 20 C0 05 40 D0 4F 00 20 00 00 78 00 ...
T60E8 005:426.385   completely In flash
T60E8 005:426.423 - 0.136ms returns 0x9C
T60E8 005:426.886 JLINK_WriteMem(0x01010018, 0x1C Bytes, ...)
T60E8 005:426.954   Data:  FF FF FF FF FF FF FF FF FF FF FF FF FF FF FF FF ...
T60E8 005:427.403   completely In flash
T60E8 005:427.455 - 0.570ms returns 0x1C
T60E8 005:443.868 JLINK_EndDownload()
T60E8 005:444.313   CPU_ReadMem(4 bytes @ 0x40019004)
T60E8 005:445.060   CPU_ReadMem(4 bytes @ 0xE000ED90)
T60E8 005:445.708   CPU_ReadMem(4 bytes @ 0xE000ED94)
T60E8 005:446.367    -- --------------------------------------
T60E8 005:446.421    -- Start of determining flash info (Bank @ 0x01010010)
T60E8 005:446.466    -- End of determining flash info
T60E8 005:446.506    -- Start of determining dirty areas in flash cache
T60E8 005:446.566    -- Filling invalid ranges in sector buffer (flash cache) for sector @ 0x01010010 if necessary
T60E8 005:446.611    -- End of determining dirty areas
T60E8 005:446.655    -- Start of preparing flash programming
T60E8 005:446.699    -- Preparing RAMCode
T60E8 005:446.743    -- Calculating RAM usage
T60E8 005:446.782    -- RAM usage = 4560 Bytes
T60E8 005:446.824    -- Preserving CPU registers
T60E8 005:446.896    -- Preparing memory
T60E8 005:446.938    -- Determining CPU clock frequency
T60E8 005:492.586    -- CPU frequency = 499 kHz
T60E8 005:492.679    -- Preparing target
T60E8 005:492.719    -- Preserving target RAM temporarily used for programming
T60E8 005:546.450    -- Downloading RAMCode
T60E8 005:614.061    -- Initializing RAMCode (InitType: 3 = Verify)
T60E8 005:614.155    -- Executing Init(3)
T60E8 005:633.201    -- End of preparing flash programming
T60E8 005:636.861   
  ***** Warning: 
T60E8 005:636.952   CPU is running at very low speed (499 kHz). Readback will be performed instead of CRC calculation.
T60E8 005:636.998    -- CPU is running at 499 kHz.
T60E8 005:637.045    -- Start of comparing flash
T60E8 005:637.087    -- Flash algorithm supports a native verify function which is used to compare the flash content.
T60E8 005:685.828    -- Comparing range 0x1010010 - 0x1010033 (1 Sector, 36 Bytes), using verify function of the RAMCode
T60E8 005:688.653    -- Data matches for sector 0
T60E8 005:688.745    -- End of comparing flash
T60E8 005:688.795    -- Start of erasing sectors
T60E8 005:688.841    -- End of erasing sectors
T60E8 005:688.884    -- Start of flash programming
T60E8 005:688.928    -- End of flash programming
T60E8 005:688.971    -- Start of verifying flash
T60E8 005:689.017    -- End of verifying flash
T60E8 005:689.061    -- Start of restoring
T60E8 005:689.108    -- Executing UnInit()
T60E8 005:698.305    -- Restoring target memory
T60E8 005:745.514    -- Restoring CPU registers
T60E8 005:746.262    -- End of restoring
T60E8 005:746.341    -- Bank 0 @ 0x01010010: Skipped. Contents already match
T60E8 005:746.389    -- Bank 0 @ 0x01010010: Skipped. Contents already match
T60E8 005:762.086    -- --------------------------------------
T60E8 005:762.316    -- Flash bank @ 0x00000000: Default: L2 verify disabled because algorithm performs L1 verify
T60E8 005:762.376    -- Start of determining dirty areas in flash cache
T60E8 005:762.438    -- Filling invalid ranges in sector buffer (flash cache) for sector @ 0x00000000 if necessary
T60E8 005:762.488    -- Filling invalid ranges in sector buffer (flash cache) for sector @ 0x00000800 if necessary
T60E8 005:762.536    -- Filling invalid ranges in sector buffer (flash cache) for sector @ 0x00001000 if necessary
T60E8 005:762.587    -- Filling invalid ranges in sector buffer (flash cache) for sector @ 0x00001800 if necessary
T60E8 005:762.635    -- Filling invalid ranges in sector buffer (flash cache) for sector @ 0x00002000 if necessary
T60E8 005:762.682    -- Filling invalid ranges in sector buffer (flash cache) for sector @ 0x00002800 if necessary
T60E8 005:762.731    -- Filling invalid ranges in sector buffer (flash cache) for sector @ 0x00003000 if necessary
T60E8 005:762.779    -- Filling invalid ranges in sector buffer (flash cache) for sector @ 0x00003800 if necessary
T60E8 005:762.828    -- Filling invalid ranges in sector buffer (flash cache) for sector @ 0x00004000 if necessary
T60E8 005:762.894    -- Filling invalid ranges in sector buffer (flash cache) for sector @ 0x00004800 if necessary
T60E8 005:762.948    -- Filling invalid ranges in sector buffer (flash cache) for sector @ 0x00005000 if necessary
T60E8 005:763.024    -- Filling invalid ranges in sector buffer (flash cache) for sector @ 0x00005800 if necessary
T60E8 005:763.077    -- Filling invalid ranges in sector buffer (flash cache) for sector @ 0x00006000 if necessary
T60E8 005:763.132    -- Filling invalid ranges in sector buffer (flash cache) for sector @ 0x00006800 if necessary
T60E8 005:763.227    -- End of determining dirty areas
T60E8 005:763.283    -- Start of preparing flash programming
T60E8 005:763.339    -- Calculating RAM usage
T60E8 005:763.549    -- RAM usage = 4308 Bytes
T60E8 005:763.613    -- Preserving CPU registers
T60E8 005:763.757    -- Determining CPU clock frequency
T60E8 005:810.315    -- Preparing target
T60E8 005:817.741    -- Preserving target RAM temporarily used for programming
T60E8 005:868.322    -- Downloading RAMCode
T60E8 005:910.443    -- Preparing RAMCode
T60E8 005:929.699    -- CPU frequency = 8000 kHz
T60E8 005:929.889    -- End of preparing flash programming
T60E8 005:935.443   
  ***** Warning: 
T60E8 005:935.534   CPU is running at low speed (8000 kHz).
T60E8 005:935.621    -- CPU is running at 8000 kHz.
T60E8 005:935.660    -- Start of comparing flash
T60E8 005:935.697    -- CRC check was estimated as fastest method
T60E8 005:971.636    -- Comparing range 0x0000 - 0x6FFF (14 Sectors, 28 KB), using multi-block CRC calculation
T60E8 006:046.317    -- All CRCs match
T60E8 006:047.422    -- Comparing range 0x0000 - 0x6FFF (14 Sectors, 28 KB), using alternative multi-block CRC calculation
T60E8 006:117.748    -- All CRCs match
T60E8 006:117.828    -- End of comparing flash
T60E8 006:117.859    -- Start of erasing sectors
T60E8 006:117.888    -- End of erasing sectors
T60E8 006:117.918    -- Start of flash programming
T60E8 006:117.947    -- End of flash programming
T60E8 006:117.975    -- Start of restoring
T60E8 006:118.002    -- Restoring RAMCode
T60E8 006:125.239    -- Restoring target memory
T60E8 006:170.004    -- Restore target
T60E8 006:172.971    -- Restoring CPU registers
T60E8 006:173.753    -- End of restoring
T60E8 006:173.792    -- Bank 1 @ 0x00000000: Skipped. Contents already match
T60E8 006:173.821    -- Bank 1 @ 0x00000000: Skipped. Contents already match
T60E8 006:186.736 - 742.867ms returns 0 (0x0)
T60E8 006:188.800 JLINK_WriteReg(R15 (PC), 0x000029B0)
T60E8 006:188.894 - 0.096ms returns 0
T60E8 006:188.937 JLINK_WriteReg(XPSR, 0x01000000)
T60E8 006:188.973 - 0.036ms returns 0
T60E8 006:189.013 JLINK_SetEndian(ARM_ENDIAN_LITTLE)
T60E8 006:189.042 - 0.028ms returns 0
T60E8 006:189.923 JLINK_ResetPullsRESET(ON)
T60E8 006:189.973 - 0.050ms
T60E8 006:189.996 JLINK_Halt()
T60E8 006:190.021 - 0.024ms returns 0x00
T60E8 006:190.043 JLINK_IsHalted()
T60E8 006:190.066 - 0.022ms returns TRUE
T60E8 006:190.086 JLINK_Reset()
T60E8 006:190.117   CPU_ReadMem(4 bytes @ 0x20004000)
T60E8 006:190.757   CPU_WriteMem(4 bytes @ 0x20004000)
T60E8 006:191.459   CPU_WriteMem(4 bytes @ 0xE000EDF0)
T60E8 006:192.203   CPU_ReadMem(4 bytes @ 0xE000ED44)
T60E8 006:192.900   CPU_WriteMem(4 bytes @ 0xE000EDFC)
T60E8 006:193.668   Reset: Halt core after reset via DEMCR.VC_CORERESET.
T60E8 006:194.622   Reset: Reset device via AIRCR.SYSRESETREQ.
T60E8 006:194.747   CPU_WriteMem(4 bytes @ 0xE000ED0C)
T60E8 006:249.581   CPU_ReadMem(4 bytes @ 0xE000EDF0)
T60E8 006:250.202   CPU_ReadMem(4 bytes @ 0xE000EDF0)
T60E8 006:250.885   CPU_WriteMem(4 bytes @ 0xE000EDFC)
T60E8 006:257.154   CPU_ReadMem(4 bytes @ 0xE000EDF0)
T60E8 006:263.405   CPU_WriteMem(4 bytes @ 0xE0002000)
T60E8 006:264.337   CPU_ReadMem(4 bytes @ 0xE000EDFC)
T60E8 006:265.112   CPU_ReadMem(4 bytes @ 0xE0001000)
T60E8 006:265.745   CPU_WriteMem(4 bytes @ 0xE0001000)
T60E8 006:266.431   CPU_ReadMem(4 bytes @ 0xE000EE08)
T60E8 006:267.079 - 76.992ms
T60E8 006:267.131 JLINK_SetEndian(ARM_ENDIAN_LITTLE)
T60E8 006:267.151 - 0.020ms returns 0
T60E8 006:291.345 JLINK_ReadReg(XPSR)
T60E8 006:291.534   CPU_ReadMem(4 bytes @ 0xE000EE08)
T60E8 006:292.462 - 1.112ms returns 0x61000000
T60E8 006:294.579 JLINK_ReadMem(0x000029B0, 0x4 Bytes, ...)
T60E8 006:294.711   CPU_ReadMem(64 bytes @ 0x00002980)
T60E8 006:296.253    -- Updating C cache (64 bytes @ 0x00002980)
T60E8 006:296.428    -- Read from C cache (4 bytes @ 0x000029B0)
T60E8 006:296.466   Data:  10 B5 00 F0
T60E8 006:296.499 - 1.921ms returns 0
T60E8 006:306.734 JLINK_ReadReg(XPSR)
T60E8 006:306.810 - 0.075ms returns 0x61000000
T60E8 006:307.865 JLINK_ReadMem(0x000029B0, 0x4 Bytes, ...)
T60E8 006:307.979    -- Read from C cache (4 bytes @ 0x000029B0)
T60E8 006:308.010   Data:  10 B5 00 F0
T60E8 006:308.039 - 0.174ms returns 0
T60E8 006:487.258 JLINK_GetNumBPUnits(Type = 0xFFFFFF00)
T60E8 006:487.329 - 0.070ms returns 0x04
T60E8 006:487.355 JLINK_GetNumWPUnits()
T60E8 006:487.375 - 0.020ms returns 2
T60E8 006:487.399 JLINK_GetNumWPUnits()
T60E8 006:487.420 - 0.020ms returns 2
T60E8 006:487.448 JLINK_GetNumBPUnits(Type = 0xFFFFFF00)
T60E8 006:487.470 - 0.022ms returns 0x04
T60E8 006:487.491 JLINK_GetNumWPUnits()
T60E8 006:487.516 - 0.024ms returns 2
T60E8 006:487.538 JLINK_GetNumWPUnits()
T60E8 006:487.559 - 0.020ms returns 2
T60E8 006:487.587 JLINK_GetNumBPUnits(Type = 0xFFFFFF00)
T60E8 006:487.610 - 0.023ms returns 0x04
T60E8 006:487.633 JLINK_GetNumWPUnits()
T60E8 006:487.653 - 0.020ms returns 2
T60E8 006:487.675 JLINK_GetNumWPUnits()
T60E8 006:487.698 - 0.022ms returns 2
T60E8 006:487.767 JLINK_SetBPEx(Addr = 0x00001390, Type = 0xFFFFFF00)
T60E8 006:487.793 - 0.026ms returns 0x00000001
T60E8 006:487.823 JLINK_ClrBPEx(BPHandle = 0x00000001)
T60E8 006:487.848 - 0.025ms returns 0x00
T60E8 006:506.383 JLINK_ReadMem(0x00001380, 0x40 Bytes, ...)
T60E8 006:506.513   CPU_ReadMem(64 bytes @ 0x00001380)
T60E8 006:508.181    -- Updating C cache (64 bytes @ 0x00001380)
T60E8 006:508.333    -- Read from C cache (64 bytes @ 0x00001380)
T60E8 006:508.389   Data:  C0 F2 00 01 C2 F2 00 00 00 F0 C2 FB F1 E7 C0 46 ...
T60E8 006:508.438 - 2.053ms returns 0
T60E8 006:514.438 JLINK_ReadMem(0x00001390, 0x2 Bytes, ...)
T60E8 006:514.621    -- Read from C cache (2 bytes @ 0x00001390)
T60E8 006:514.657   Data:  10 B5
T60E8 006:514.697 - 0.259ms returns 0
T60E8 006:516.003 JLINK_SetBPEx(Addr = 0x00001390, Type = 0xFFFFFF00)
T60E8 006:516.111 - 0.109ms returns 0x00000002
T60E8 006:629.901 JLINK_ReadRegs(NumRegs = 22, Indexes: 0, 1, 2, 3, 4, 5, 6, 7, 8, 9, 10, 11, 12, 13, 14, 15, 16, 17, 18, 86, 87, 20)
T60E8 006:630.017    -- R0=0x3FFF, R1=0x40044200, R2=0x00, R3=0x00, R4=0x200047D4, R5=0x200047F4, R6=0x200047F4, R7=0x200050C3, R8=0xAA92128F, R9=0x987AAF88, R10=0x3A2B8BA0, R11=0xEFADF797, R12=0x20004758, R13 (SP)=0x200057C0, R14=0x2000432F, R15 (PC)=0x29B0, XPSR=0x61000000, MSP=0x200057C0, PSP=0xE4457BC, MSPLIM=0x00, PSPLIM=0x00, CFBP=0x00
T60E8 006:630.068 - 0.168ms returns 0x00
T60E8 006:630.726 JLINK_ReadReg(XPSR)
T60E8 006:630.810 - 0.083ms returns 0x61000000
T60E8 006:631.918 JLINK_ReadMem(0x000029B0, 0x4 Bytes, ...)
T60E8 006:631.998    -- Read from C cache (4 bytes @ 0x000029B0)
T60E8 006:632.045   Data:  10 B5 00 F0
T60E8 006:632.089 - 0.172ms returns 0
T6924 006:662.071 JLINK_GetNumBPUnits(Type = 0xFFFFFF00)
T6924 006:662.167 - 0.096ms returns 0x04
T6924 006:662.198 JLINK_GetNumWPUnits()
T6924 006:662.219 - 0.020ms returns 2
T6924 006:662.240 JLINK_GetNumWPUnits()
T6924 006:662.259 - 0.018ms returns 2
T6924 006:662.654 JLINK_GetNumBPUnits(Type = 0xFFFFFF00)
T6924 006:662.712 - 0.058ms returns 0x04
T6924 006:662.742 JLINK_GetNumWPUnits()
T6924 006:662.772 - 0.029ms returns 2
T6924 006:662.798 JLINK_GetNumWPUnits()
T6924 006:662.825 - 0.027ms returns 2
T6924 006:663.211 JLINK_GetNumBPUnits(Type = 0xFFFFFF00)
T6924 006:663.267 - 0.056ms returns 0x04
T6924 006:663.301 JLINK_GetNumWPUnits()
T6924 006:663.329 - 0.027ms returns 2
T6924 006:663.357 JLINK_GetNumWPUnits()
T6924 006:663.384 - 0.027ms returns 2
T6924 006:664.498 JLINK_GetNumBPUnits(Type = 0xFFFFFF00)
T6924 006:664.551 - 0.052ms returns 0x04
T6924 006:664.575 JLINK_GetNumWPUnits()
T6924 006:664.601 - 0.025ms returns 2
T6924 006:664.630 JLINK_GetNumWPUnits()
T6924 006:664.652 - 0.022ms returns 2
T6924 006:665.396 JLINK_GetNumBPUnits(Type = 0xFFFFFF00)
T6924 006:665.450 - 0.054ms returns 0x04
T6924 006:665.473 JLINK_GetNumWPUnits()
T6924 006:665.494 - 0.021ms returns 2
T6924 006:665.518 JLINK_GetNumWPUnits()
T6924 006:665.537 - 0.019ms returns 2
T6924 006:665.934 JLINK_GetNumBPUnits(Type = 0xFFFFFF00)
T6924 006:666.005 - 0.070ms returns 0x04
T6924 006:666.036 JLINK_GetNumWPUnits()
T6924 006:666.067 - 0.031ms returns 2
T6924 006:666.098 JLINK_GetNumWPUnits()
T6924 006:666.129 - 0.031ms returns 2
T6924 006:666.593 JLINK_GetNumBPUnits(Type = 0xFFFFFF00)
T6924 006:666.650 - 0.056ms returns 0x04
T6924 006:666.682 JLINK_GetNumWPUnits()
T6924 006:666.712 - 0.029ms returns 2
T6924 006:666.743 JLINK_GetNumWPUnits()
T6924 006:666.772 - 0.028ms returns 2
T6924 006:667.161 JLINK_GetNumBPUnits(Type = 0xFFFFFF00)
T6924 006:667.212 - 0.051ms returns 0x04
T6924 006:667.246 JLINK_GetNumWPUnits()
T6924 006:667.277 - 0.030ms returns 2
T6924 006:667.306 JLINK_GetNumWPUnits()
T6924 006:667.334 - 0.028ms returns 2
T60E8 009:607.904 JLINK_ReadReg(XPSR)
T60E8 009:608.521 - 0.615ms returns 0x61000000
T60E8 009:609.258 JLINK_ReadMem(0x000029B0, 0x4 Bytes, ...)
T60E8 009:609.327    -- Read from C cache (4 bytes @ 0x000029B0)
T60E8 009:609.354   Data:  10 B5 00 F0
T60E8 009:609.381 - 0.124ms returns 0
T60E8 011:428.420 JLINK_ReadReg(XPSR)
T60E8 011:429.060 - 0.639ms returns 0x61000000
T60E8 011:430.419 JLINK_ReadReg(XPSR)
T60E8 011:430.483 - 0.063ms returns 0x61000000
T60E8 016:440.405 JLINK_STRACE_Read(..., NumItems = 0x10000)
T60E8 016:440.944 - 0.537ms NumItemsRead = 0x00
T60E8 016:440.995 JLINK_IsHalted()
T60E8 016:441.629 - 0.632ms returns TRUE
T60E8 016:441.674 JLINK_STRACE_Read(..., NumItems = 0x10000)
T60E8 016:441.694 - 0.021ms NumItemsRead = 0x00
T60E8 016:441.720 JLINK_GoEx(MaxEmulInsts = 0, Flags = 0x01)
T60E8 016:441.766   CPU_WriteMem(4 bytes @ 0xE0002000)
T60E8 016:442.606   CPU_ReadMem(4 bytes @ 0xE0001000)
T60E8 016:443.334   CPU_WriteMem(4 bytes @ 0xE0001000)
T60E8 016:444.048   CPU_WriteMem(4 bytes @ 0xE0002008)
T60E8 016:444.106   CPU_WriteMem(4 bytes @ 0xE000200C)
T60E8 016:444.136   CPU_WriteMem(4 bytes @ 0xE0002010)
T60E8 016:444.166   CPU_WriteMem(4 bytes @ 0xE0002014)
T60E8 016:446.170   CPU_WriteMem(4 bytes @ 0xE0001004)
T60E8 016:447.797   Memory map 'after startup completion point' is active
T60E8 016:447.851 - 6.131ms
T60E8 016:556.085 JLINK_IsHalted()
T60E8 016:561.506 - 5.419ms returns TRUE
T60E8 016:561.526 JLINK_ReadReg(XPSR)
T60E8 016:561.542   CPU_ReadMem(4 bytes @ 0xE000EE08)
T60E8 016:562.384 - 0.858ms returns 0x61000000
T60E8 016:562.410 JLINK_ReadReg(R15 (PC))
T60E8 016:562.426 - 0.016ms returns 0x00001390
T60E8 016:562.448 JLINK_ReadReg(XPSR)
T60E8 016:562.459 - 0.011ms returns 0x61000000
T60E8 016:562.472 JLINK_ReadReg(XPSR)
T60E8 016:562.482 - 0.010ms returns 0x61000000
T60E8 016:562.493 JLINK_ReadReg(R15 (PC))
T60E8 016:562.506 - 0.011ms returns 0x00001390
T60E8 016:562.515 JLINK_ReadReg(XPSR)
T60E8 016:562.526 - 0.011ms returns 0x61000000
T60E8 016:562.538 JLINK_ReadReg(XPSR)
T60E8 016:562.550 - 0.011ms returns 0x61000000
T60E8 016:562.562 JLINK_ReadMem(0x00001390, 0x1 Bytes, ...)
T60E8 016:562.578   CPU_ReadMem(64 bytes @ 0x00001380)
T60E8 016:564.238    -- Updating C cache (64 bytes @ 0x00001380)
T60E8 016:564.266    -- Read from C cache (1 bytes @ 0x00001390)
T60E8 016:564.282   Data:  10
T60E8 016:564.298 - 1.736ms returns 0
T60E8 016:564.312 JLINK_IsHalted()
T60E8 016:564.323 - 0.011ms returns TRUE
T60E8 016:564.336 JLINK_ReadReg(XPSR)
T60E8 016:564.349 - 0.012ms returns 0x61000000
T60E8 016:564.362 JLINK_ReadReg(XPSR)
T60E8 016:564.373 - 0.011ms returns 0x61000000
T60E8 016:564.384 JLINK_ReadReg(R15 (PC))
T60E8 016:564.395 - 0.010ms returns 0x00001390
T60E8 016:564.406 JLINK_ReadReg(XPSR)
T60E8 016:564.418 - 0.011ms returns 0x61000000
T60E8 016:564.430 JLINK_ReadReg(XPSR)
T60E8 016:564.440 - 0.010ms returns 0x61000000
T60E8 016:564.504 JLINK_ReadMem(0x00001390, 0x1 Bytes, ...)
T60E8 016:564.517    -- Read from C cache (1 bytes @ 0x00001390)
T60E8 016:564.530   Data:  10
T60E8 016:564.544 - 0.039ms returns 0
T60E8 016:565.514 JLINK_ReadRegs(NumRegs = 22, Indexes: 0, 1, 2, 3, 4, 5, 6, 7, 8, 9, 10, 11, 12, 13, 14, 15, 16, 17, 18, 86, 87, 20)
T60E8 016:565.574    -- R0=0x00, R1=0x32C, R2=0x00, R3=0x20, R4=0x200047D4, R5=0x200047F4, R6=0x200047F4, R7=0x200050C3, R8=0xAA92128F, R9=0x987AAF88, R10=0x3A2B8BA0, R11=0xEFADF797, R12=0xFFFEFFFF, R13 (SP)=0x200057B8, R14=0x29BB, R15 (PC)=0x1390, XPSR=0x61000000, MSP=0x200057B8, PSP=0xE4457BC, MSPLIM=0x00, PSPLIM=0x00, CFBP=0x00
T60E8 016:565.595 - 0.081ms returns 0x00
T60E8 016:566.146 JLINK_ReadReg(XPSR)
T60E8 016:566.178 - 0.032ms returns 0x61000000
T60E8 016:566.806 JLINK_ReadMem(0x00001390, 0x4 Bytes, ...)
T60E8 016:566.853    -- Read from C cache (4 bytes @ 0x00001390)
T60E8 016:566.875   Data:  10 B5 FF F7
T60E8 016:566.894 - 0.087ms returns 0
T60E8 016:569.590 JLINK_ClrBPEx(BPHandle = 0x00000002)
T60E8 016:569.642 - 0.052ms returns 0x00
T60E8 016:599.493 JLINK_ReadMem(0x00001390, 0x4 Bytes, ...)
T60E8 016:599.554    -- Read from C cache (4 bytes @ 0x00001390)
T60E8 016:599.576   Data:  10 B5 FF F7
T60E8 016:599.600 - 0.107ms returns 0
T60E8 016:694.451 JLINK_ReadReg(XPSR)
T60E8 016:694.501 - 0.048ms returns 0x61000000
T60E8 016:695.429 JLINK_ReadReg(XPSR)
T60E8 016:695.467 - 0.039ms returns 0x61000000
T60E8 017:168.720 JLINK_STRACE_Read(..., NumItems = 0x10000)
T60E8 017:168.764 - 0.044ms NumItemsRead = 0x00
T60E8 017:168.784 JLINK_IsHalted()
T60E8 017:169.370 - 0.583ms returns TRUE
T60E8 017:169.428 JLINK_STRACE_Read(..., NumItems = 0x10000)
T60E8 017:169.456 - 0.027ms NumItemsRead = 0x00
T60E8 017:169.484 JLINK_GoEx(MaxEmulInsts = 0, Flags = 0x01)
T60E8 017:169.532   CPU_ReadMem(4 bytes @ 0xE0001000)
T60E8 017:170.310   CPU_WriteMem(4 bytes @ 0xE0002008)
T60E8 017:172.082 - 2.596ms
T60E8 017:274.670 JLINK_IsHalted()
T60E8 017:275.400 - 0.725ms returns FALSE
T60E8 017:275.424 JLINK_IsHalted()
T60E8 017:276.068 - 0.640ms returns FALSE
T60E8 017:384.822 JLINK_IsHalted()
T60E8 017:985.884 - 601.062ms returns FALSE
T60E8 017:985.954 JLINK_IsHalted()
T60E8 018:281.980   CPU_ReadMem(4 bytes @ 0xE000EDF0)
T60E8 018:383.322   CPU_WriteMem(4 bytes @ 0xE000EDF0)
T60E8 018:383.942 - 397.988ms returns FALSE
T6924 018:385.578 JLINK_IsHalted()
T6924 018:389.708   CPU_ReadMem(4 bytes @ 0xE000EDF0)
T6924 018:391.228   CPU_WriteMem(4 bytes @ 0xE000EDF0)
T6924 018:391.806 - 6.231ms returns FALSE
T6924 018:391.832 JLINK_IsHalted()
T6924 018:395.920   CPU_ReadMem(4 bytes @ 0xE000EDF0)
T6924 018:397.424   CPU_WriteMem(4 bytes @ 0xE000EDF0)
T6924 018:398.082 - 6.247ms returns FALSE
T6924 018:398.464 JLINK_IsHalted()
T6924 018:402.288   CPU_ReadMem(4 bytes @ 0xE000EDF0)
T6924 018:403.796   CPU_WriteMem(4 bytes @ 0xE000EDF0)
T6924 018:404.384 - 5.918ms returns FALSE
T6924 018:404.420 JLINK_IsHalted()
T6924 018:408.192   CPU_ReadMem(4 bytes @ 0xE000EDF0)
T6924 018:409.800   CPU_WriteMem(4 bytes @ 0xE000EDF0)
T6924 018:410.400 - 5.975ms returns FALSE
T7A38 018:967.264 JLINK_Halt()
T7A38 018:967.996   
  ***** Warning: 
T7A38 018:968.060   CPU could not be halted
T7A38 018:968.080 - 0.816ms returns 0x01
T7A38 018:968.106 JLINK_ReadReg(XPSR)
T7A38 018:968.118 - 0.013ms returns 0x00000000
T7A38 018:977.208 JLINK_Close()
T7A38 018:978.230   CPU is running
T7A38 018:978.302   CPU_WriteMem(4 bytes @ 0xE0002008)
T7A38 018:978.908   CPU is running
T7A38 018:978.972   CPU_WriteMem(4 bytes @ 0xE000200C)
T7A38 018:979.564   CPU is running
T7A38 018:979.614   CPU_WriteMem(4 bytes @ 0xE0002010)
T7A38 018:980.228   CPU is running
T7A38 018:980.282   CPU_WriteMem(4 bytes @ 0xE0002014)
T7A38 018:981.550   
  ***** Warning: 
T7A38 018:981.616   CPU could not be halted
T7A38 018:981.660   OnDisconnectTarget() start
T7A38 018:981.698    J-Link Script File: Executing OnDisconnectTarget()
T7A38 018:981.726   OnDisconnectTarget() end - Took 27us
T7A38 019:011.636 - 34.428ms
T7A38 019:011.692   
T7A38 019:011.708   Closed
