T43F0 000:001.127   SEGGER J-Link V7.98g Log File
T43F0 000:001.273   DLL Compiled: Sep  5 2024 11:46:36
T43F0 000:001.287   Logging started @ 2024-11-19 06:38
T43F0 000:001.301   Process: C:\Users\a5099044\.eclipse\com.renesas.platform_15818172\DebugComp\RA\e2-server-gdb.exe
T43F0 000:001.316 - 1.314ms
T43F0 000:001.338 JLINK_GetDLLVersion()
T43F0 000:001.353 - 0.016ms returns 79807
T43F0 000:006.673 JLINK_OpenEx(...)
T43F0 000:015.487   Firmware: J-Link OB-RA4M2 compiled Jul  3 2024 17:03:13
T43F0 000:016.431   Firmware: J-Link OB-RA4M2 compiled Jul  3 2024 17:03:13
T43F0 000:031.357   Hardware: V1.00
T43F0 000:031.444   S/N: 1082859018
T43F0 000:031.467   OEM: SEGGER
T43F0 000:031.487   Feature(s): None
T43F0 000:032.640   Bootloader: 2021 May 14
T43F0 000:033.332   USB speed mode: Full speed (12 MBit/s)
T43F0 000:033.916   TELNET listener socket opened on port 19021
T43F0 000:034.214   WEBSRV WEBSRV_Init(): Starting webserver thread(s)
T43F0 000:034.507   WEBSRV Webserver running on local port 19080
T43F0 000:034.783   Looking for J-Link GUI Server exe at: C:\Users\a5099044\.eclipse\com.renesas.platform_15818172\DebugComp\RA\ARM\Segger_v7.98.7\JLinkGUIServer.exe
T43F0 000:035.243   Looking for J-Link GUI Server exe at: \JLinkGUIServer.exe
T43F0 000:345.122   Failed to connect to J-Link GUI Server.
T43F0 000:345.280 - 338.594ms returns "O.K."
T43F0 000:345.855 JLINK_ExecCommand("ProjectFile=C:\RA8_DOTF\K2\New folder\dotf_rsip_compatibility_mode_ek_ra8m1/dotf_rsip_compatibility_mode_ek_ra8m1 Debug_Flat.jlink", ...). 
T43F0 000:371.301 - 25.450ms returns 0x00
T43F0 000:371.781 JLINK_ExecCommand("device=R7FA8M1AH", ...). 
T43F0 000:372.548   Flash bank @ 0x00000000: SFL: Parsing sectorization info from ELF file
T43F0 000:372.590     FlashDevice.SectorInfo[0]: .SectorSize = 0x00000010, .SectorStartAddr = 0x00000000
T43F0 000:372.610   FlashBank @0x0300A100: Sectorization info from SFL ELF file ignored because sectorization override from DLL / XML file is active.
T43F0 000:372.648   Flash bank @ 0x00000000: SFL: Parsing sectorization info from ELF file
T43F0 000:372.670     FlashDevice.SectorInfo[0]: .SectorSize = 0x00000010, .SectorStartAddr = 0x00000000
T43F0 000:372.689   FlashBank @0x1300A180: Sectorization info from SFL ELF file ignored because sectorization override from DLL / XML file is active.
T43F0 000:372.718   Flash bank @ 0x00000000: SFL: Parsing sectorization info from ELF file
T43F0 000:372.737     FlashDevice.SectorInfo[0]: .SectorSize = 0x00000010, .SectorStartAddr = 0x00000000
T43F0 000:372.756   FlashBank @0x27030080: Sectorization info from SFL ELF file ignored because sectorization override from DLL / XML file is active.
T43F0 000:372.789   Flash bank @ 0x02000000: SFL: Parsing sectorization info from ELF file
T43F0 000:372.808     FlashDevice.SectorInfo[0]: .SectorSize = 0x00002000, .SectorStartAddr = 0x00000000
T43F0 000:372.827     FlashDevice.SectorInfo[1]: .SectorSize = 0x00008000, .SectorStartAddr = 0x00010000
T43F0 000:372.846   FlashBank @0x02000000: Sectorization info from SFL ELF file ignored because sectorization override from DLL / XML file is active.
T43F0 000:373.329   Flash bank @ 0x02000000: SFL: Parsing sectorization info from ELF file
T43F0 000:373.363     FlashDevice.SectorInfo[0]: .SectorSize = 0x00002000, .SectorStartAddr = 0x00000000
T43F0 000:373.383     FlashDevice.SectorInfo[1]: .SectorSize = 0x00008000, .SectorStartAddr = 0x00010000
T43F0 000:373.403   FlashBank @0x12000000: Sectorization info from SFL ELF file ignored because sectorization override from DLL / XML file is active.
T43F0 000:373.793   Flash bank @ 0x27000000: SFL: Parsing sectorization info from ELF file
T43F0 000:373.824     FlashDevice.SectorInfo[0]: .SectorSize = 0x00000040, .SectorStartAddr = 0x00000000
T43F0 000:373.844   FlashBank @0x27000000: Sectorization info from SFL ELF file ignored because sectorization override from DLL / XML file is active.
T43F0 000:373.876   Flash bank @ 0x27000000: SFL: Parsing sectorization info from ELF file
T43F0 000:373.896     FlashDevice.SectorInfo[0]: .SectorSize = 0x00000040, .SectorStartAddr = 0x00000000
T43F0 000:373.962   FlashBank @0x37000000: Sectorization info from SFL ELF file ignored because sectorization override from DLL / XML file is active.
T43F0 000:374.033   Flash bank @ 0x80000000: SFL: Parsing sectorization info from ELF file
T43F0 000:374.052     FlashDevice.SectorInfo[0]: .SectorSize = 0x00010000, .SectorStartAddr = 0x00000000
T43F0 000:382.994   Flash bank @ 0x90000000: SFL: Parsing sectorization info from ELF file
T43F0 000:383.072     FlashDevice.SectorInfo[0]: .SectorSize = 0x00010000, .SectorStartAddr = 0x00000000
T43F0 000:391.791   Device "R7FA8M1AH" selected.
T43F0 000:394.182 - 22.377ms returns 0x00
T43F0 000:394.218 JLINK_TIF_GetAvailable(...)
T43F0 000:394.561 - 0.342ms
T43F0 000:394.595 JLINK_TIF_Select(JLINKARM_TIF_SWD)
T43F0 000:395.614 - 1.018ms returns 0x00
T43F0 000:395.652 JLINK_SetSpeed(4000)
T43F0 000:395.908 - 0.259ms
T43F0 000:395.956 JLINK_ReadMem(0xE000EDF0, 0x4 Bytes, ...)
T43F0 000:396.294   ConfigTargetSettings() start
T43F0 000:396.333    J-Link Script File: Executing ConfigTargetSettings()
T43F0 000:396.352   Configuring FlashDLNoRMWThreshold=0x200 in order to make sure that option bytes programming is done via read-modify-write
T43F0 000:421.686   ConfigTargetSettings() end - Took 25.3ms
T43F0 000:421.724   InitTarget() start
T43F0 000:421.743    J-Link Script File: Executing InitTarget()
T43F0 000:421.758   Identifying target device...
T43F0 000:421.777   SWD selected. Executing JTAG -> SWD switching sequence...
T43F0 000:422.748   Initializing DAP...
T43F0 000:424.215   Error: Failed to initialize DAP.
T43F0 000:424.261   Attach to CPU failed. Trying connect under reset.
T43F0 000:525.823   Identifying target device...
T43F0 000:526.095   SWD selected. Executing JTAG -> SWD switching sequence...
T43F0 000:527.390   Initializing DAP...
T43F0 000:529.336   DAP initialized successfully.
T43F0 000:640.716   Determining TrustZone configuration...
T43F0 000:642.383     Secure Debug: Enabled (SSD)
T43F0 000:642.492   Determining currently configured transfer type by reading the AHB-AP CSW register.
T43F0 000:646.313     --> Correct transfer type configured. Done.
T43F0 000:646.465   InitTarget() end - Took 224ms
T43F0 000:647.499   Found SW-DP with ID 0x6BA02477
T43F0 000:650.583   DPIDR: 0x6BA02477
T43F0 000:650.719   CoreSight SoC-400 or earlier
T43F0 000:650.763   Scanning AP map to find all available APs
T43F0 000:651.917   AP[2]: Stopped AP scan as end of AP map has been reached
T43F0 000:651.954   AP[0]: AHB-AP (IDR: 0x84770001, ADDR: 0x00000000)
T43F0 000:651.975   AP[1]: APB-AP (IDR: 0x54770002, ADDR: 0x01000000)
T43F0 000:651.997   Iterating through AP map to find AHB-AP to use
T43F0 000:652.986   AP[0]: Core found
T43F0 000:653.012   AP[0]: AHB-AP ROM base: 0xE00FE000
T43F0 000:653.421   CPUID register: 0x410FD232. Implementer code: 0x41 (ARM)
T43F0 000:653.447   Feature set: Mainline
T43F0 000:653.848   Cache: L1 I/D-cache present
T43F0 000:653.873   Found Cortex-M85 r0p2, Little endian.
T43F0 000:654.182   -- Max. mem block: 0x0001D8C8
T43F0 000:654.757   CPU_ReadMem(4 bytes @ 0xE000EDF0)
T43F0 000:655.218   CPU_WriteMem(4 bytes @ 0xE000EDF0)
T43F0 000:655.538   CPU_ReadMem(4 bytes @ 0xE0002000)
T43F0 000:655.806   FPUnit: 8 code (BP) slots and 0 literal slots
T43F0 000:655.830   CPU_ReadMem(4 bytes @ 0xE000EDFC)
T43F0 000:656.104   CPU_WriteMem(4 bytes @ 0xE000EDFC)
T43F0 000:656.387   CPU_ReadMem(4 bytes @ 0xE0001000)
T43F0 000:656.749   CPU_ReadMem(4 bytes @ 0xE0001000)
T43F0 000:657.053   CPU_ReadMem(4 bytes @ 0xE0001028)
T43F0 000:657.383   CPU_ReadMem(4 bytes @ 0xE0001038)
T43F0 000:657.706   CPU_ReadMem(4 bytes @ 0xE0001048)
T43F0 000:658.058   CPU_ReadMem(4 bytes @ 0xE0001058)
T43F0 000:658.365   CPU_ReadMem(4 bytes @ 0xE0001068)
T43F0 000:658.651   CPU_ReadMem(4 bytes @ 0xE0001078)
T43F0 000:658.940   CPU_ReadMem(4 bytes @ 0xE0001088)
T43F0 000:659.238   CPU_ReadMem(4 bytes @ 0xE0001098)
T43F0 000:659.527   CPU_WriteMem(4 bytes @ 0xE0001000)
T43F0 000:659.829   CPU_ReadMem(4 bytes @ 0xE000ED88)
T43F0 000:660.104   CPU_WriteMem(4 bytes @ 0xE000ED88)
T43F0 000:660.387   CPU_ReadMem(4 bytes @ 0xE000ED88)
T43F0 000:660.749   CPU_WriteMem(4 bytes @ 0xE000ED88)
T43F0 000:661.050   CPU_ReadMem(4 bytes @ 0xE000EFB8)
T43F0 000:661.338   Security extension: implemented
T43F0 000:661.364   Secure debug: enabled
T43F0 000:661.386   CPU_ReadMem(4 bytes @ 0xE000ED74)
T43F0 000:661.652   PACBTI extension: implemented
T43F0 000:661.675   CoreSight components:
T43F0 000:661.696   ROMTbl[0] @ E00FE000
T43F0 000:661.718   CPU_ReadMem(64 bytes @ 0xE00FE000)
T43F0 000:662.371   CPU_ReadMem(32 bytes @ 0xE00FFFE0)
T43F0 000:662.884   [0][0]: E00FF000 CID B105100D PID 000BB4D4 ROM Table
T43F0 000:662.907   ROMTbl[1] @ E00FF000
T43F0 000:662.928   CPU_ReadMem(64 bytes @ 0xE00FF000)
T43F0 000:663.667   CPU_ReadMem(32 bytes @ 0xE000EFE0)
T43F0 000:664.146   CPU_ReadMem(4 bytes @ 0xE000EFBC)
T43F0 000:664.437   CPU_ReadMem(4 bytes @ 0xE000EFCC)
T43F0 000:664.722   [1][0]: E000E000 CID B105900D PID 000BBD23 DEVARCH 47702A04 DEVTYPE 00 ???
T43F0 000:664.746   CPU_ReadMem(32 bytes @ 0xE0001FE0)
T43F0 000:665.233   CPU_ReadMem(4 bytes @ 0xE0001FBC)
T43F0 000:665.524   CPU_ReadMem(4 bytes @ 0xE0001FCC)
T43F0 000:665.804   [1][1]: E0001000 CID B105900D PID 000BBD23 DEVARCH 47711A02 DEVTYPE 00 DWT
T43F0 000:665.829   CPU_ReadMem(32 bytes @ 0xE0002FE0)
T43F0 000:666.331   CPU_ReadMem(4 bytes @ 0xE0002FBC)
T43F0 000:666.624   CPU_ReadMem(4 bytes @ 0xE0002FCC)
T43F0 000:666.901   [1][2]: E0002000 CID B105900D PID 000BBD23 DEVARCH 47701A03 DEVTYPE 00 FPB
T43F0 000:666.925   CPU_ReadMem(32 bytes @ 0xE0000FE0)
T43F0 000:667.479   CPU_ReadMem(4 bytes @ 0xE0000FBC)
T43F0 000:667.773   CPU_ReadMem(4 bytes @ 0xE0000FCC)
T43F0 000:668.052   [1][3]: E0000000 CID B105900D PID 000BBD23 DEVARCH 47701A01 DEVTYPE 43 ITM
T43F0 000:668.075   CPU_ReadMem(32 bytes @ 0xE0041FE0)
T43F0 000:668.586   CPU_ReadMem(4 bytes @ 0xE0041FBC)
T43F0 000:668.874   CPU_ReadMem(4 bytes @ 0xE0041FCC)
T43F0 000:669.152   [1][5]: E0041000 CID B105900D PID 002BBD23 DEVARCH 47754A13 DEVTYPE 13 ETM
T43F0 000:669.176   CPU_ReadMem(32 bytes @ 0xE0003FE0)
T43F0 000:669.673   CPU_ReadMem(4 bytes @ 0xE0003FBC)
T43F0 000:669.965   CPU_ReadMem(4 bytes @ 0xE0003FCC)
T43F0 000:670.249   [1][6]: E0003000 CID B105900D PID 000BBD23 DEVARCH 47700A06 DEVTYPE 16 ???
T43F0 000:670.273   CPU_ReadMem(32 bytes @ 0xE0042FE0)
T43F0 000:670.754   CPU_ReadMem(4 bytes @ 0xE0042FBC)
T43F0 000:671.051   CPU_ReadMem(4 bytes @ 0xE0042FCC)
T43F0 000:671.334   [1][7]: E0042000 CID B105900D PID 000BBD23 DEVARCH 47701A14 DEVTYPE 14 CSS600-CTI
T43F0 000:671.358   CPU_ReadMem(32 bytes @ 0xE0040FE0)
T43F0 000:671.882   CPU_ReadMem(4 bytes @ 0xE0040FBC)
T43F0 000:672.266   CPU_ReadMem(4 bytes @ 0xE0040FCC)
T43F0 000:672.550   [0][1]: E0040000 CID B105900D PID 000BBD23 DEVARCH 00000000 DEVTYPE 11 TPIU
T43F0 000:672.573   CPU_WriteMem(4 bytes @ 0xE000ED84)
T43F0 000:672.874   CPU_ReadMem(4 bytes @ 0xE000ED80)
T43F0 000:673.266   I-Cache L1: 16 KB, 256 Sets, 32 Bytes/Line, 2-Way
T43F0 000:673.295   CPU_WriteMem(4 bytes @ 0xE000ED84)
T43F0 000:673.584   CPU_ReadMem(4 bytes @ 0xE000ED80)
T43F0 000:673.876   D-Cache L1: 16 KB, 128 Sets, 32 Bytes/Line, 4-Way
T43F0 000:673.936   CPU_ReadMem(4 bytes @ 0xE000EDF0)
T43F0 000:674.236   Data:  01 00 19 00
T43F0 000:674.260   Debug reg: DHCSR
T43F0 000:674.282 - 278.325ms returns 0
T43F0 000:674.306 JLINK_ReadMem(0x40204038, 0x4 Bytes, ...)
T43F0 000:674.333   CPU_ReadMem(4 bytes @ 0x40204038)
T43F0 000:674.909   Data:  04 00 00 00
T43F0 000:674.933 - 0.627ms returns 0
T43F0 000:674.958 JLINK_ReadMem(0xE000EDF0, 0x4 Bytes, ...)
T43F0 000:674.975   CPU_ReadMem(4 bytes @ 0xE000EDF0)
T43F0 000:675.260   Data:  01 00 19 00
T43F0 000:675.283   Debug reg: DHCSR
T43F0 000:675.304 - 0.346ms returns 0
T43F0 000:675.351 JLINK_ReadMem(0xE000EDF0, 0x4 Bytes, ...)
T43F0 000:675.368   CPU_ReadMem(4 bytes @ 0xE000EDF0)
T43F0 000:675.776   Data:  01 00 19 00
T43F0 000:675.802   Debug reg: DHCSR
T43F0 000:675.833 - 0.481ms returns 0
T43F0 000:676.611 JLINK_ReadMem(0xE000EDF0, 0x4 Bytes, ...)
T43F0 000:676.670   CPU_ReadMem(4 bytes @ 0xE000EDF0)
T43F0 000:676.979   Data:  01 00 19 00
T43F0 000:677.014   Debug reg: DHCSR
T43F0 000:677.035 - 0.424ms returns 0
T43F0 000:677.052 JLINK_ReadMem(0x40204038, 0x4 Bytes, ...)
T43F0 000:677.071   CPU_ReadMem(4 bytes @ 0x40204038)
T43F0 000:677.725   Data:  04 00 00 00
T43F0 000:677.758 - 0.705ms returns 0
T43F0 000:677.774 JLINK_ReadMem(0xE000EDF0, 0x4 Bytes, ...)
T43F0 000:677.791   CPU_ReadMem(4 bytes @ 0xE000EDF0)
T43F0 000:678.102   Data:  01 00 19 00
T43F0 000:678.125   Debug reg: DHCSR
T43F0 000:678.147 - 0.372ms returns 0
T43F0 000:678.166 JLINK_ReadMem(0xE000EDF0, 0x4 Bytes, ...)
T43F0 000:678.182   CPU_ReadMem(4 bytes @ 0xE000EDF0)
T43F0 000:678.473   Data:  01 00 19 00
T43F0 000:678.497   Debug reg: DHCSR
T43F0 000:678.518 - 0.352ms returns 0
T43F0 000:678.534 JLINK_ReadMem(0x40204030, 0x4 Bytes, ...)
T43F0 000:678.551   CPU_ReadMem(4 bytes @ 0x40204030)
T43F0 000:679.137   Data:  00 80 FF 00
T43F0 000:679.162 - 0.627ms returns 0
T43F0 000:679.180 JLINK_ReadMem(0xE000EDF0, 0x4 Bytes, ...)
T43F0 000:679.196   CPU_ReadMem(4 bytes @ 0xE000EDF0)
T43F0 000:679.489   Data:  01 00 19 00
T43F0 000:679.513   Debug reg: DHCSR
T43F0 000:679.533 - 0.353ms returns 0
T43F0 000:679.550 JLINK_ReadMem(0x40204034, 0x4 Bytes, ...)
T43F0 000:679.566   CPU_ReadMem(4 bytes @ 0x40204034)
T43F0 000:680.202   Data:  00 FC 00 00
T43F0 000:680.226 - 0.676ms returns 0
T43F0 000:680.427 JLINK_TIF_GetAvailable(...)
T43F0 000:680.606 - 0.179ms
T43F0 000:680.628 JLINK_TIF_Select(JLINKARM_TIF_SWD)
T43F0 000:680.643 - 0.015ms returns 0x00
T43F0 000:680.659 JLINK_SetSpeed(4000)
T43F0 000:680.758 - 0.099ms
T43F0 000:680.776 JLINK_SetEndian(ARM_ENDIAN_LITTLE)
T43F0 000:680.790 - 0.014ms returns 0
T43F0 000:680.809 JLINK_SetInitRegsOnReset(OFF)
T43F0 000:680.823 - 0.017ms returns 1
T43F0 000:680.839 JLINK_SetResetType(JLINKARM_CM3_RESET_TYPE_CONNECT_UNDER_RESET)
T43F0 000:680.854 - 0.014ms returns JLINKARM_CM3_RESET_TYPE_NORMAL
T43F0 000:680.870 JLINK_ExecCommand("EnableFlashBPs", ...). 
T43F0 000:680.887 - 0.000ms returns 0x00
T43F0 000:680.903 JLINK_ExecCommand("SetAllowFlashCache = 0", ...). 
T43F0 000:680.920 - 0.002ms returns 0x00
T43F0 000:680.936 JLINK_ExecCommand("SetRestartOnClose = 0", ...). 
T43F0 000:680.953 - 0.001ms returns 0x01
T43F0 000:680.968 JLINK_EnableSoftBPs(ON)
T43F0 000:680.982 - 0.014ms
T43F0 000:680.998 JLINK_Connect()
T43F0 000:681.715   ConfigTargetSettings() start
T43F0 000:681.752    J-Link Script File: Executing ConfigTargetSettings()
T43F0 000:681.768   Configuring FlashDLNoRMWThreshold=0x200 in order to make sure that option bytes programming is done via read-modify-write
T43F0 000:702.891   ConfigTargetSettings() end - Took 21.1ms
T43F0 000:702.929   InitTarget() start
T43F0 000:702.951    J-Link Script File: Executing InitTarget()
T43F0 000:702.967   Identifying target device...
T43F0 000:702.989   SWD selected. Executing JTAG -> SWD switching sequence...
T43F0 000:703.745   Initializing DAP...
T43F0 000:704.655   DAP initialized successfully.
T43F0 000:704.696   Determining TrustZone configuration...
T43F0 000:705.743     Secure Debug: Enabled (SSD)
T43F0 000:705.783   Determining currently configured transfer type by reading the AHB-AP CSW register.
T43F0 000:706.387     --> Correct transfer type configured. Done.
T43F0 000:706.415   InitTarget() end - Took 3.46ms
T43F0 000:706.974   Found SW-DP with ID 0x6BA02477
T43F0 000:708.765   DPIDR: 0x6BA02477
T43F0 000:708.797   CoreSight SoC-400 or earlier
T43F0 000:708.822   AP map detection skipped. Manually configured AP map found.
T43F0 000:708.844   AP[0]: AHB-AP (IDR: Not set, ADDR: 0x00000000)
T43F0 000:709.644   AP[0]: Core found
T43F0 000:709.668   AP[0]: AHB-AP ROM base: 0xE00FE000
T43F0 000:710.095   CPUID register: 0x410FD232. Implementer code: 0x41 (ARM)
T43F0 000:710.122   Feature set: Mainline
T43F0 000:710.500   Cache: L1 I/D-cache present
T43F0 000:710.568   Found Cortex-M85 r0p2, Little endian.
T43F0 000:710.747   -- Max. mem block: 0x0001D5A0
T43F0 000:710.776   CPU_ReadMem(4 bytes @ 0xE000EDF0)
T43F0 000:711.051   CPU_ReadMem(4 bytes @ 0xE0002000)
T43F0 000:711.334   FPUnit: 8 code (BP) slots and 0 literal slots
T43F0 000:711.358   CPU_ReadMem(4 bytes @ 0xE000EDFC)
T43F0 000:711.646   CPU_ReadMem(4 bytes @ 0xE0001000)
T43F0 000:711.911   CPU_ReadMem(4 bytes @ 0xE0001000)
T43F0 000:712.260   CPU_ReadMem(4 bytes @ 0xE0001028)
T43F0 000:712.545   CPU_ReadMem(4 bytes @ 0xE0001038)
T43F0 000:712.833   CPU_ReadMem(4 bytes @ 0xE0001048)
T43F0 000:713.099   CPU_ReadMem(4 bytes @ 0xE0001058)
T43F0 000:713.388   CPU_ReadMem(4 bytes @ 0xE0001068)
T43F0 000:713.677   CPU_ReadMem(4 bytes @ 0xE0001078)
T43F0 000:713.962   CPU_ReadMem(4 bytes @ 0xE0001088)
T43F0 000:714.247   CPU_ReadMem(4 bytes @ 0xE0001098)
T43F0 000:714.521   CPU_WriteMem(4 bytes @ 0xE0001000)
T43F0 000:714.806   CPU_ReadMem(4 bytes @ 0xE000ED88)
T43F0 000:715.074   CPU_WriteMem(4 bytes @ 0xE000ED88)
T43F0 000:715.362   CPU_ReadMem(4 bytes @ 0xE000ED88)
T43F0 000:715.645   CPU_WriteMem(4 bytes @ 0xE000ED88)
T43F0 000:715.933   CPU_ReadMem(4 bytes @ 0xE000EFB8)
T43F0 000:716.233   Security extension: implemented
T43F0 000:716.275   Secure debug: enabled
T43F0 000:716.298   CPU_ReadMem(4 bytes @ 0xE000ED74)
T43F0 000:716.576   PACBTI extension: implemented
T43F0 000:716.607   CoreSight components:
T43F0 000:716.643   ROMTbl[0] @ E00FE000
T43F0 000:716.665   CPU_ReadMem(64 bytes @ 0xE00FE000)
T43F0 000:717.448   CPU_ReadMem(32 bytes @ 0xE00FFFE0)
T43F0 000:718.130   [0][0]: E00FF000 CID B105100D PID 000BB4D4 ROM Table
T43F0 000:718.154   ROMTbl[1] @ E00FF000
T43F0 000:718.176   CPU_ReadMem(64 bytes @ 0xE00FF000)
T43F0 000:718.883   CPU_ReadMem(32 bytes @ 0xE000EFE0)
T43F0 000:719.430   CPU_ReadMem(4 bytes @ 0xE000EFBC)
T43F0 000:719.723   CPU_ReadMem(4 bytes @ 0xE000EFCC)
T43F0 000:720.077   [1][0]: E000E000 CID B105900D PID 000BBD23 DEVARCH 47702A04 DEVTYPE 00 ???
T43F0 000:720.101   CPU_ReadMem(32 bytes @ 0xE0001FE0)
T43F0 000:720.605   CPU_ReadMem(4 bytes @ 0xE0001FBC)
T43F0 000:720.870   CPU_ReadMem(4 bytes @ 0xE0001FCC)
T43F0 000:721.149   [1][1]: E0001000 CID B105900D PID 000BBD23 DEVARCH 47711A02 DEVTYPE 00 DWT
T43F0 000:721.173   CPU_ReadMem(32 bytes @ 0xE0002FE0)
T43F0 000:721.660   CPU_ReadMem(4 bytes @ 0xE0002FBC)
T43F0 000:721.946   CPU_ReadMem(4 bytes @ 0xE0002FCC)
T43F0 000:722.234   [1][2]: E0002000 CID B105900D PID 000BBD23 DEVARCH 47701A03 DEVTYPE 00 FPB
T43F0 000:722.258   CPU_ReadMem(32 bytes @ 0xE0000FE0)
T43F0 000:722.754   CPU_ReadMem(4 bytes @ 0xE0000FBC)
T43F0 000:723.048   CPU_ReadMem(4 bytes @ 0xE0000FCC)
T43F0 000:723.333   [1][3]: E0000000 CID B105900D PID 000BBD23 DEVARCH 47701A01 DEVTYPE 43 ITM
T43F0 000:723.356   CPU_ReadMem(32 bytes @ 0xE0041FE0)
T43F0 000:723.852   CPU_ReadMem(4 bytes @ 0xE0041FBC)
T43F0 000:724.124   CPU_ReadMem(4 bytes @ 0xE0041FCC)
T43F0 000:724.406   [1][5]: E0041000 CID B105900D PID 002BBD23 DEVARCH 47754A13 DEVTYPE 13 ETM
T43F0 000:724.430   CPU_ReadMem(32 bytes @ 0xE0003FE0)
T43F0 000:724.918   CPU_ReadMem(4 bytes @ 0xE0003FBC)
T43F0 000:725.264   CPU_ReadMem(4 bytes @ 0xE0003FCC)
T43F0 000:725.548   [1][6]: E0003000 CID B105900D PID 000BBD23 DEVARCH 47700A06 DEVTYPE 16 ???
T43F0 000:725.575   CPU_ReadMem(32 bytes @ 0xE0042FE0)
T43F0 000:726.113   CPU_ReadMem(4 bytes @ 0xE0042FBC)
T43F0 000:726.502   CPU_ReadMem(4 bytes @ 0xE0042FCC)
T43F0 000:726.892   [1][7]: E0042000 CID B105900D PID 000BBD23 DEVARCH 47701A14 DEVTYPE 14 CSS600-CTI
T43F0 000:726.920   CPU_ReadMem(32 bytes @ 0xE0040FE0)
T43F0 000:727.405   CPU_ReadMem(4 bytes @ 0xE0040FBC)
T43F0 000:727.694   CPU_ReadMem(4 bytes @ 0xE0040FCC)
T43F0 000:728.048   [0][1]: E0040000 CID B105900D PID 000BBD23 DEVARCH 00000000 DEVTYPE 11 TPIU
T43F0 000:728.071   CPU_WriteMem(4 bytes @ 0xE000ED84)
T43F0 000:728.362   CPU_ReadMem(4 bytes @ 0xE000ED80)
T43F0 000:728.645   I-Cache L1: 16 KB, 256 Sets, 32 Bytes/Line, 2-Way
T43F0 000:728.675   CPU_WriteMem(4 bytes @ 0xE000ED84)
T43F0 000:728.957   CPU_ReadMem(4 bytes @ 0xE000ED80)
T43F0 000:729.240   D-Cache L1: 16 KB, 128 Sets, 32 Bytes/Line, 4-Way
T43F0 000:729.273 - 48.274ms returns 0x00
T43F0 000:729.296 JLINK_Halt()
T43F0 000:733.817 - 4.521ms returns 0x00
T43F0 000:733.847 JLINK_IsHalted()
T43F0 000:734.118 - 0.270ms returns TRUE
T43F0 000:734.140 JLINK_ResetPullsRESET(ON)
T43F0 000:734.155 - 0.014ms
T43F0 000:734.174 JLINK_Reset()
T43F0 000:734.195   ResetTarget() start
T43F0 000:734.216    J-Link Script File: Executing ResetTarget()
T43F0 000:734.238   CPU_ReadMem(4 bytes @ 0xE000ED44)
T43F0 000:734.566   CPU_ReadMem(4 bytes @ 0xE000EE08)
T43F0 000:734.868   CPU_WriteMem(4 bytes @ 0xE000EE08)
T43F0 000:735.133   CPU_ReadMem(4 bytes @ 0xE000EE08)
T43F0 000:735.376   Reset: ARMv8M core with Security Extension enabled detected. Switch to secure domain.
T43F0 000:735.399   Reset: Halt core after reset via DEMCR.VC_CORERESET.
T43F0 000:735.422   CPU_WriteMem(4 bytes @ 0xE000EDF0)
T43F0 000:735.679   CPU_WriteMem(4 bytes @ 0xE000EDFC)
T43F0 000:736.140   Reset: Reset device via AIRCR.SYSRESETREQ.
T43F0 000:736.165   CPU_WriteMem(4 bytes @ 0xE000ED0C)
T43F0 000:788.467   CPU_ReadMem(4 bytes @ 0xE000EDF0)
T43F0 000:789.180   CPU_ReadMem(4 bytes @ 0xE000EDF0)
T43F0 000:789.838   CPU_WriteMem(4 bytes @ 0xE000EDFC)
T43F0 000:790.582   ResetTarget() end - Took 56.3ms
T43F0 000:795.206   CPU_WriteMem(4 bytes @ 0xE0002000)
T43F0 000:796.003   CPU_ReadMem(4 bytes @ 0xE000EDFC)
T43F0 000:796.654   CPU_ReadMem(4 bytes @ 0xE0001000)
T43F0 000:797.234   CPU_ReadMem(4 bytes @ 0xE000EE08)
T43F0 000:797.872 - 63.697ms
T43F0 000:798.045 JLINK_ReadMem(0xE000EDF0, 0x4 Bytes, ...)
T43F0 000:798.113   CPU_ReadMem(4 bytes @ 0xE000EDF0)
T43F0 000:798.605   Data:  03 00 13 00
T43F0 000:798.729   Debug reg: DHCSR
T43F0 000:798.795 - 0.750ms returns 0
T43F0 000:798.881 JLINK_ReadMem(0x030080F0, 0x10 Bytes, ...)
T43F0 000:798.941   CPU_ReadMem(16 bytes @ 0x030080F0)
T43F0 000:799.815   Data:  52 37 46 41 38 4D 31 41 48 45 43 42 44 20 20 20
T43F0 000:799.954 - 1.074ms returns 0
T43F0 000:800.957 JLINK_ReadMem(0xE000EDF0, 0x4 Bytes, ...)
T43F0 000:801.007   CPU_ReadMem(4 bytes @ 0xE000EDF0)
T43F0 000:801.322   Data:  03 00 13 00
T43F0 000:801.363   Debug reg: DHCSR
T43F0 000:801.384 - 0.428ms returns 0
T43F0 000:801.402 JLINK_IsHalted()
T43F0 000:801.418 - 0.015ms returns TRUE
T43F0 000:801.682 JLINK_ReadMem(0xE000EDF0, 0x4 Bytes, ...)
T43F0 000:801.707   CPU_ReadMem(4 bytes @ 0xE000EDF0)
T43F0 000:802.094   Data:  03 00 13 00
T43F0 000:802.135   Debug reg: DHCSR
T43F0 000:802.156 - 0.474ms returns 0
T43F0 000:802.174 JLINK_ReadMem(0x40204038, 0x4 Bytes, ...)
T43F0 000:802.193   CPU_ReadMem(4 bytes @ 0x40204038)
T43F0 000:802.817   Data:  04 00 00 00
T43F0 000:802.858 - 0.683ms returns 0
T43F0 000:802.876 JLINK_ReadMem(0xE000EDF0, 0x4 Bytes, ...)
T43F0 000:802.895   CPU_ReadMem(4 bytes @ 0xE000EDF0)
T43F0 000:803.321   Data:  03 00 13 00
T43F0 000:803.361   Debug reg: DHCSR
T43F0 000:803.382 - 0.506ms returns 0
T43F0 000:803.405 JLINK_MeasureCPUSpeed(RAMAddr = 0x22000000)
T43F0 000:803.424   CPU_ReadMem(16 bytes @ 0x22000000)
T43F0 000:804.181   CPU_ReadMem(4 bytes @ 0xE000EDFC)
T43F0 000:804.566   CPU_ReadMem(4 bytes @ 0xE0001000)
T43F0 000:805.192   CPU_ReadMem(6 bytes @ 0x22000000)
T43F0 000:805.907   CPU_ReadMem(4 bytes @ 0xE000ED90)
T43F0 000:806.287   CPU_ReadMem(4 bytes @ 0xE000ED94)
T43F0 000:806.631   CPU_WriteMem(16 bytes @ 0x22000000)
T43F0 000:807.432   CPU_WriteMem(6 bytes @ 0x22000000)
T43F0 000:808.206   CPU_ReadMem(6 bytes @ 0x22000000)
T43F0 000:808.896   CPU_ReadMem(4 bytes @ 0xE000EE08)
T43F0 000:809.276   CPU_WriteMem(4 bytes @ 0xE0002008)
T43F0 000:809.318   CPU_WriteMem(4 bytes @ 0xE000200C)
T43F0 000:809.340   CPU_WriteMem(4 bytes @ 0xE0002010)
T43F0 000:809.361   CPU_WriteMem(4 bytes @ 0xE0002014)
T43F0 000:809.381   CPU_WriteMem(4 bytes @ 0xE0002018)
T43F0 000:809.403   CPU_WriteMem(4 bytes @ 0xE000201C)
T43F0 000:809.431   CPU_WriteMem(4 bytes @ 0xE0002020)
T43F0 000:809.452   CPU_WriteMem(4 bytes @ 0xE0002024)
T43F0 000:810.929   CPU_WriteMem(4 bytes @ 0xE0001004)
T43F0 000:817.243   CPU_ReadMem(4 bytes @ 0xE0001004)
T43F0 000:817.634   CPU_ReadMem(4 bytes @ 0xE000EE08)
T43F0 000:818.116   CPU_WriteMem(4 bytes @ 0xE0002008)
T43F0 000:818.612   CPU_WriteMem(4 bytes @ 0xE000200C)
T43F0 000:819.121   CPU_WriteMem(4 bytes @ 0xE0002010)
T43F0 000:819.606   CPU_WriteMem(4 bytes @ 0xE0002014)
T43F0 000:819.997   CPU_WriteMem(4 bytes @ 0xE0002018)
T43F0 000:820.372   CPU_WriteMem(4 bytes @ 0xE000201C)
T43F0 000:820.755   CPU_WriteMem(4 bytes @ 0xE0002020)
T43F0 000:821.133   CPU_WriteMem(4 bytes @ 0xE0002024)
T43F0 000:821.494   CPU_ReadMem(4 bytes @ 0xE000EE08)
T43F0 000:821.876   CPU_ReadMem(4 bytes @ 0xE000EE08)
T43F0 000:822.315   CPU_WriteMem(4 bytes @ 0xE0001004)
T43F0 000:849.779   CPU_ReadMem(4 bytes @ 0xE0001004)
T43F0 000:850.477   CPU_WriteMem(6 bytes @ 0x22000000)
T43F0 000:851.987   ClockFreq: 8359800 Hz
T43F0 000:852.038 - 48.632ms returns 8359800
T43F0 000:852.064 JLINK_ReadReg(XPSR)
T43F0 000:852.083   CPU_ReadMem(4 bytes @ 0xE000EE08)
T43F0 000:852.478 - 0.414ms returns 0x01000000
T91FC 003:015.878 JLINK_ReadReg(XPSR)
T91FC 003:016.383   CPU_ReadMem(4 bytes @ 0xE000EE08)
T91FC 003:016.846 - 0.967ms returns 0x01000000
T91FC 003:107.983 JLINK_ReadReg(XPSR)
T91FC 003:108.132 - 0.149ms returns 0x01000000
T91FC 003:888.578 JLINK_SetEndian(ARM_ENDIAN_LITTLE)
T91FC 003:888.683 - 0.104ms returns 0
T91FC 003:888.902 JLINK_BeginDownload(Flags = 0x00000000)
T91FC 003:888.931 - 0.029ms
T91FC 003:906.860 JLINK_ReadMem(0xE000EDF0, 0x4 Bytes, ...)
T91FC 003:906.945   CPU_ReadMem(4 bytes @ 0xE000EDF0)
T91FC 003:907.329   Data:  03 00 13 00
T91FC 003:907.378   Debug reg: DHCSR
T91FC 003:907.400 - 0.540ms returns 0
T91FC 003:908.719 JLINK_WriteMem(0x02000000, 0xBD0 Bytes, ...)
T91FC 003:908.759   Data:  C0 62 00 22 8D E0 00 02 25 DF 00 02 89 E0 00 02 ...
T91FC 003:909.230   completely In flash
T91FC 003:909.272 - 0.553ms returns 0xBD0
T91FC 003:909.641 JLINK_WriteMem(0x02000BD0, 0xBB0 Bytes, ...)
T91FC 003:909.666   Data:  CB D0 BD E8 F8 8F 6F F0 20 00 D5 E7 2D E9 F0 4F ...
T91FC 003:909.694   completely In flash
T91FC 003:909.716 - 0.075ms returns 0xBB0
T91FC 003:909.967 JLINK_WriteMem(0x02001780, 0xBB0 Bytes, ...)
T91FC 003:910.006   Data:  02 0E BE F1 01 0F 0B D9 01 23 00 24 9C 46 01 3A ...
T91FC 003:910.033   completely In flash
T91FC 003:910.056 - 0.089ms returns 0xBB0
T91FC 003:910.410 JLINK_WriteMem(0x02002330, 0xBC0 Bytes, ...)
T91FC 003:910.432   Data:  44 F8 04 2B DA B2 F3 D1 4F F0 FF 0E 28 4B 63 22 ...
T91FC 003:910.456   completely In flash
T91FC 003:910.478 - 0.068ms returns 0xBC0
T91FC 003:910.815 JLINK_WriteMem(0x02002EF0, 0xBC0 Bytes, ...)
T91FC 003:910.834   Data:  10 06 29 46 04 22 06 A8 0F F0 2A FF 21 46 04 22 ...
T91FC 003:910.857   completely In flash
T91FC 003:910.879 - 0.063ms returns 0xBC0
T91FC 003:911.104 JLINK_WriteMem(0x02003AB0, 0xBA0 Bytes, ...)
T91FC 003:911.147   Data:  06 F1 80 61 01 39 40 22 48 46 07 EB 81 11 0F F0 ...
T91FC 003:911.170   completely In flash
T91FC 003:911.192 - 0.088ms returns 0xBA0
T91FC 003:911.417 JLINK_WriteMem(0x02004650, 0xBA0 Bytes, ...)
T91FC 003:911.440   Data:  6F F0 7F 4E 49 F2 40 1C 4F F0 00 77 4F F0 80 46 ...
T91FC 003:911.464   completely In flash
T91FC 003:911.486 - 0.069ms returns 0xBA0
T91FC 003:911.699 JLINK_WriteMem(0x020051F0, 0xBA0 Bytes, ...)
T91FC 003:911.718   Data:  87 4B 88 4A 88 49 89 48 01 F0 A0 FE 4F F4 88 79 ...
T91FC 003:911.740   completely In flash
T91FC 003:911.762 - 0.062ms returns 0xBA0
T91FC 003:911.967 JLINK_WriteMem(0x02005D90, 0xBB0 Bytes, ...)
T91FC 003:911.985   Data:  F8 B5 35 4A 35 4B 36 49 36 48 01 F0 A1 F8 48 F6 ...
T91FC 003:912.008   completely In flash
T91FC 003:912.030 - 0.062ms returns 0xBB0
T91FC 003:912.249 JLINK_WriteMem(0x02006940, 0xBA0 Bytes, ...)
T91FC 003:912.278   Data:  56 48 C2 F8 20 34 D5 F8 04 31 C2 F8 20 34 D5 F8 ...
T91FC 003:912.300   completely In flash
T91FC 003:912.333 - 0.084ms returns 0xBA0
T91FC 003:912.564 JLINK_WriteMem(0x020074E0, 0xBC0 Bytes, ...)
T91FC 003:912.592   Data:  99 49 9A 48 C4 F8 20 64 C4 F8 58 74 FF F7 26 FD ...
T91FC 003:912.615   completely In flash
T91FC 003:912.636 - 0.073ms returns 0xBC0
T91FC 003:912.845 JLINK_WriteMem(0x020080A0, 0xBC0 Bytes, ...)
T91FC 003:912.871   Data:  17 7B E3 FA A3 9D BB 4C 5D E9 C7 D2 A6 A0 98 7F ...
T91FC 003:912.893   completely In flash
T91FC 003:912.915 - 0.070ms returns 0xBC0
T91FC 003:913.139 JLINK_WriteMem(0x02008C60, 0xBC0 Bytes, ...)
T91FC 003:913.160   Data:  20 45 4F F4 E8 71 40 4A 40 4B 0F 4E C4 F8 20 04 ...
T91FC 003:913.182   completely In flash
T91FC 003:913.204 - 0.065ms returns 0xBC0
T91FC 003:913.395 JLINK_WriteMem(0x02009820, 0xBB0 Bytes, ...)
T91FC 003:913.413   Data:  4B C0 46 2A 9B 72 96 0A 12 4E D3 27 F7 6D 02 BD ...
T91FC 003:913.435   completely In flash
T91FC 003:913.456 - 0.061ms returns 0xBB0
T91FC 003:913.668 JLINK_WriteMem(0x0200A3D0, 0xBB0 Bytes, ...)
T91FC 003:913.686   Data:  88 7F C5 C0 AB 7F 72 DC 21 0C 00 38 18 D2 C7 76 ...
T91FC 003:913.708   completely In flash
T91FC 003:913.729 - 0.061ms returns 0xBB0
T91FC 003:913.984 JLINK_WriteMem(0x0200AF80, 0xB90 Bytes, ...)
T91FC 003:914.019   Data:  58 9B DD B3 B9 E9 EA FB 3D 47 E8 43 E5 B3 7E 44 ...
T91FC 003:914.043   completely In flash
T91FC 003:914.066 - 0.082ms returns 0xB90
T91FC 003:914.284 JLINK_WriteMem(0x0200BB10, 0xBA0 Bytes, ...)
T91FC 003:914.309   Data:  BC 34 2D 48 BD E8 F8 83 4F F6 FF 72 4F F4 08 73 ...
T91FC 003:914.332   completely In flash
T91FC 003:914.353 - 0.069ms returns 0xBA0
T91FC 003:914.587 JLINK_WriteMem(0x0200C6B0, 0xBA0 Bytes, ...)
T91FC 003:914.605   Data:  C2 F8 00 34 D7 F8 04 34 5B 00 FB D4 4F F4 C0 5C ...
T91FC 003:914.627   completely In flash
T91FC 003:914.650 - 0.063ms returns 0xBA0
T91FC 003:914.858 JLINK_WriteMem(0x0200D250, 0xBB0 Bytes, ...)
T91FC 003:914.877   Data:  02 14 A3 61 00 20 F0 BC 70 47 36 02 2D 02 B6 B2 ...
T91FC 003:914.900   completely In flash
T91FC 003:914.921 - 0.063ms returns 0xBB0
T91FC 003:915.147 JLINK_WriteMem(0x0200DE00, 0xBC0 Bytes, ...)
T91FC 003:915.178   Data:  FB D1 94 F8 24 30 21 49 43 F0 02 03 84 F8 24 30 ...
T91FC 003:915.201   completely In flash
T91FC 003:915.222 - 0.075ms returns 0xBC0
T91FC 003:915.418 JLINK_WriteMem(0x0200E9C0, 0xBD0 Bytes, ...)
T91FC 003:915.440   Data:  04 F0 C6 F9 09 9B 04 F1 20 01 04 22 09 A8 11 93 ...
T91FC 003:915.462   completely In flash
T91FC 003:915.484 - 0.066ms returns 0xBD0
T91FC 003:915.698 JLINK_WriteMem(0x0200F590, 0xB90 Bytes, ...)
T91FC 003:915.716   Data:  03 F1 7E 43 03 3B 10 2B D8 D8 1A 48 18 4A 11 F4 ...
T91FC 003:915.738   completely In flash
T91FC 003:915.760 - 0.061ms returns 0xB90
T91FC 003:915.960 JLINK_WriteMem(0x02010120, 0xBC0 Bytes, ...)
T91FC 003:915.978   Data:  07 4A 13 46 62 60 DB E7 06 4A A2 60 DA E7 00 BF ...
T91FC 003:916.001   completely In flash
T91FC 003:916.022 - 0.062ms returns 0xBC0
T91FC 003:916.211 JLINK_WriteMem(0x02010CE0, 0xBE0 Bytes, ...)
T91FC 003:916.230   Data:  B8 04 04 EA 0C 04 30 44 84 EA B8 04 00 EB FC 60 ...
T91FC 003:916.252   completely In flash
T91FC 003:916.275 - 0.064ms returns 0xBE0
T91FC 003:916.480 JLINK_WriteMem(0x020118C0, 0xBD0 Bytes, ...)
T91FC 003:916.498   Data:  2D E9 F8 43 05 68 14 46 AA 18 06 46 0F 46 05 F0 ...
T91FC 003:916.520   completely In flash
T91FC 003:916.541 - 0.061ms returns 0xBD0
T91FC 003:916.790 JLINK_WriteMem(0x02012490, 0xBA0 Bytes, ...)
T91FC 003:916.823   Data:  06 04 41 EB 04 01 BC 0B 4C EA 82 3C 44 EA 82 44 ...
T91FC 003:916.847   completely In flash
T91FC 003:916.869 - 0.079ms returns 0xBA0
T91FC 003:917.117 JLINK_WriteMem(0x02013030, 0xBC0 Bytes, ...)
T91FC 003:917.146   Data:  03 9B 07 33 23 F0 07 03 08 33 03 93 09 9B 33 44 ...
T91FC 003:917.168   completely In flash
T91FC 003:917.191 - 0.074ms returns 0xBC0
T91FC 003:917.395 JLINK_WriteMem(0x02013BF0, 0xBE0 Bytes, ...)
T91FC 003:917.421   Data:  DC DC 00 00 00 00 04 00 60 60 00 00 FF FF FF FF ...
T91FC 003:917.502   completely In flash
T91FC 003:917.524 - 0.129ms returns 0xBE0
T91FC 003:917.663 JLINK_WriteMem(0x020147D0, 0x2E8 Bytes, ...)
T91FC 003:917.688   Data:  00 00 00 00 FF FF FF FF 22 AE 28 D7 98 2F 8A 42 ...
T91FC 003:917.710   completely In flash
T91FC 003:917.732 - 0.069ms returns 0x2E8
T91FC 003:917.891 JLINK_WriteMem(0x02014AB8, 0x318 Bytes, ...)
T91FC 003:917.910   Data:  00 00 00 00 00 00 00 00 00 00 00 00 06 00 00 01 ...
T91FC 003:917.932   completely In flash
T91FC 003:917.953 - 0.062ms returns 0x318
T91FC 003:918.245 JLINK_WriteMem(0x0300A100, 0x14 Bytes, ...)
T91FC 003:918.268   Data:  FF FF FF FF FF FF FF FF FF FF FF FF FF FF FF FF ...
T91FC 003:918.527   completely In flash
T91FC 003:918.555 - 0.310ms returns 0x14
T91FC 003:918.896 JLINK_WriteMem(0x0300A134, 0x4 Bytes, ...)
T91FC 003:918.923   Data:  FF FF FF FF
T91FC 003:918.947   completely In flash
T91FC 003:918.969 - 0.073ms returns 0x4
T91FC 003:919.298 JLINK_WriteMem(0x0300A200, 0xD0 Bytes, ...)
T91FC 003:919.324   Data:  FF FF FF FD FF FF FF FF FF FF FF FF FF FF FF FF ...
T91FC 003:919.349   completely In flash
T91FC 003:919.371 - 0.072ms returns 0xD0
T91FC 003:919.576 JLINK_WriteMem(0x27030080, 0x2E0 Bytes, ...)
T91FC 003:919.607   Data:  FF FF FF FF FF FF FF FF FF FF FF FF FF FF FF FF ...
T91FC 003:919.921   completely In flash
T91FC 003:919.950 - 0.374ms returns 0x2E0
T91FC 003:920.328 JLINK_WriteMem(0x90000000, 0xBE0 Bytes, ...)
T91FC 003:920.358   Data:  00 00 00 00 00 00 00 00 00 00 00 00 00 00 00 00 ...
T91FC 003:920.652   completely In flash
T91FC 003:920.679 - 0.351ms returns 0xBE0
T91FC 003:920.911 JLINK_WriteMem(0x90000BE0, 0x620 Bytes, ...)
T91FC 003:920.938   Data:  00 00 00 00 00 00 00 00 00 00 00 00 00 00 00 00 ...
T91FC 003:920.963   completely In flash
T91FC 003:920.985 - 0.074ms returns 0x620
T91FC 003:935.846 JLINK_EndDownload()
T91FC 003:936.398   CPU_ReadMem(4 bytes @ 0xE000ED90)
T91FC 003:936.656   CPU_ReadMem(4 bytes @ 0xE000ED94)
T91FC 003:936.942    -- --------------------------------------
T91FC 003:936.974    -- Start of determining flash info (Bank @ 0x0300A100)
T91FC 003:937.320    -- End of determining flash info
T91FC 003:937.350    -- Start of determining dirty areas in flash cache
T91FC 003:937.374    -- Filling invalid ranges in sector buffer (flash cache) for sector @ 0x0300A100 if necessary
T91FC 003:937.398    -- Filling invalid ranges in sector buffer (flash cache) for sector @ 0x0300A110 if necessary
T91FC 003:937.424    -- Filling invalid ranges in sector buffer (flash cache) for sector @ 0x0300A130 if necessary
T91FC 003:937.448    -- Filling invalid ranges in sector buffer (flash cache) for sector @ 0x0300A200 if necessary
T91FC 003:937.472    -- Filling invalid ranges in sector buffer (flash cache) for sector @ 0x0300A210 if necessary
T91FC 003:937.496    -- Filling invalid ranges in sector buffer (flash cache) for sector @ 0x0300A220 if necessary
T91FC 003:937.519    -- Filling invalid ranges in sector buffer (flash cache) for sector @ 0x0300A230 if necessary
T91FC 003:937.542    -- Filling invalid ranges in sector buffer (flash cache) for sector @ 0x0300A240 if necessary
T91FC 003:937.565    -- Filling invalid ranges in sector buffer (flash cache) for sector @ 0x0300A250 if necessary
T91FC 003:937.589    -- Filling invalid ranges in sector buffer (flash cache) for sector @ 0x0300A260 if necessary
T91FC 003:937.612    -- Filling invalid ranges in sector buffer (flash cache) for sector @ 0x0300A270 if necessary
T91FC 003:937.636    -- Filling invalid ranges in sector buffer (flash cache) for sector @ 0x0300A280 if necessary
T91FC 003:937.659    -- Filling invalid ranges in sector buffer (flash cache) for sector @ 0x0300A290 if necessary
T91FC 003:937.684    -- Filling invalid ranges in sector buffer (flash cache) for sector @ 0x0300A2A0 if necessary
T91FC 003:937.707    -- Filling invalid ranges in sector buffer (flash cache) for sector @ 0x0300A2B0 if necessary
T91FC 003:937.730    -- Filling invalid ranges in sector buffer (flash cache) for sector @ 0x0300A2C0 if necessary
T91FC 003:937.816    -- End of determining dirty areas
T91FC 003:937.839    -- Start of preparing flash programming
T91FC 003:938.080    -- Preparing RAMCode
T91FC 003:938.135    -- Calculating RAM usage
T91FC 003:938.159    -- RAM usage = 4160 Bytes
T91FC 003:938.182    -- Preserving CPU registers
T91FC 003:938.768    -- Preparing memory
T91FC 003:938.803    -- Determining CPU clock frequency
T91FC 003:976.836    -- CPU frequency = 8357 kHz
T91FC 003:976.927    -- Preparing target
T91FC 003:976.950    -- Preserving target RAM temporarily used for programming
T91FC 004:000.716    -- Downloading RAMCode
T91FC 004:031.706    -- Initializing RAMCode (InitType: 3 = Verify)
T91FC 004:031.796    -- Executing Init(3)
T91FC 004:041.918    -- End of preparing flash programming
T91FC 004:041.974   
  ***** Warning: 
T91FC 004:041.995   CPU is running at low speed (8357 kHz).
T91FC 004:042.017    -- CPU is running at 8357 kHz.
T91FC 004:042.040    -- Start of comparing flash
T91FC 004:042.062    -- CRC check was estimated as fastest method
T91FC 004:042.086    -- Comparing range 0x300A100 - 0x300A11F (2 Sectors, 32 Bytes), using single-block CRC calculation
T91FC 004:043.440    -- CRC matches
T91FC 004:043.493    -- Comparing range 0x300A130 - 0x300A13F (1 Sector, 16 Bytes), using single-block CRC calculation
T91FC 004:044.993    -- CRC matches
T91FC 004:045.044    -- Comparing range 0x300A200 - 0x300A2CF (13 Sectors, 208 Bytes), using single-block CRC calculation
T91FC 004:046.389    -- CRC does not match, checking individual sectors
T91FC 004:047.845    -- CRC does not match for sectors 8-20
T91FC 004:047.875    -- Comparing range 0x300A100 - 0x300A11F (2 Sectors, 32 Bytes), using alternative single-block CRC calculation
T91FC 004:049.267    -- CRC matches
T91FC 004:049.298    -- Comparing range 0x300A130 - 0x300A13F (1 Sector, 16 Bytes), using alternative single-block CRC calculation
T91FC 004:050.729    -- CRC matches
T91FC 004:050.755    -- End of comparing flash
T91FC 004:050.778    -- Start of erasing sectors
T91FC 004:050.801    -- Erasing range 0x0300A200 - 0x0300A2CF ( 13 Sectors, 208 Bytes)
T91FC 004:050.824    -- Initializing RAMCode (InitType: 1 = Erase)
T91FC 004:050.846    -- Executing UnInit()
T91FC 004:055.920    -- Executing Init(1)
T91FC 004:194.588    -- End of erasing sectors
T91FC 004:194.677    -- Start of flash programming
T91FC 004:194.701    -- Programming range 0x0300A200 - 0x0300A2CF ( 13 Sectors, 208 Bytes)
T91FC 004:194.727    -- Initializing RAMCode (InitType: 2 = Program)
T91FC 004:194.749    -- Executing UnInit()
T91FC 004:200.032    -- Executing Init(2)
T91FC 004:205.369    -- End of flash programming
T91FC 004:205.412    -- 0x300A200 - 0x300A2CF ( 13 Sectors, 208 Bytes)
T91FC 004:205.435    -- Start of verifying flash
T91FC 004:205.457    -- Checksum calculation was estimated as fastest method
T91FC 004:205.479    -- Checksum is not supported by this flash bank. Switched to read back method.
T91FC 004:205.502    -- Initializing RAMCode (InitType: 3 = Verify)
T91FC 004:205.524    -- Executing UnInit()
T91FC 004:232.649    -- Executing Init(3)
T91FC 004:239.383    -- End of verifying flash
T91FC 004:239.430    -- Start of restoring
T91FC 004:239.453    -- Executing UnInit()
T91FC 004:245.550    -- Restoring target memory
T91FC 004:269.087    -- Restoring CPU registers
T91FC 004:269.893    -- End of restoring
T91FC 004:270.015    -- Bank 0 @ 0x0300A100: 1 range affected (208 bytes)
T91FC 004:270.079    -- Total: 0.332s (Prepare: 0.104s, Compare: 0.008s, Erase: 0.143s, Program: 0.033s, Verify: 0.011s, Restore: 0.030s)
T91FC 004:270.141    -- Program speed: 6 KB/s
T91FC 004:270.205    -- --------------------------------------
T91FC 004:270.263    -- Start of determining flash info (Bank @ 0x27030080)
T91FC 004:270.323    -- End of determining flash info
T91FC 004:270.382    -- Start of determining dirty areas in flash cache
T91FC 004:270.442    -- Filling invalid ranges in sector buffer (flash cache) for sector @ 0x27030080 if necessary
T91FC 004:270.519    -- Filling invalid ranges in sector buffer (flash cache) for sector @ 0x27030090 if necessary
T91FC 004:270.580    -- Filling invalid ranges in sector buffer (flash cache) for sector @ 0x270300A0 if necessary
T91FC 004:270.640    -- Filling invalid ranges in sector buffer (flash cache) for sector @ 0x270300B0 if necessary
T91FC 004:270.706    -- Filling invalid ranges in sector buffer (flash cache) for sector @ 0x270300C0 if necessary
T91FC 004:270.766    -- Filling invalid ranges in sector buffer (flash cache) for sector @ 0x270300D0 if necessary
T91FC 004:270.826    -- Filling invalid ranges in sector buffer (flash cache) for sector @ 0x270300E0 if necessary
T91FC 004:270.885    -- Filling invalid ranges in sector buffer (flash cache) for sector @ 0x270300F0 if necessary
T91FC 004:270.943    -- Filling invalid ranges in sector buffer (flash cache) for sector @ 0x27030100 if necessary
T91FC 004:270.993    -- Filling invalid ranges in sector buffer (flash cache) for sector @ 0x27030110 if necessary
T91FC 004:271.043    -- Filling invalid ranges in sector buffer (flash cache) for sector @ 0x27030120 if necessary
T91FC 004:271.093    -- Filling invalid ranges in sector buffer (flash cache) for sector @ 0x27030130 if necessary
T91FC 004:271.143    -- Filling invalid ranges in sector buffer (flash cache) for sector @ 0x27030140 if necessary
T91FC 004:271.193    -- Filling invalid ranges in sector buffer (flash cache) for sector @ 0x27030150 if necessary
T91FC 004:271.244    -- Filling invalid ranges in sector buffer (flash cache) for sector @ 0x27030160 if necessary
T91FC 004:271.294    -- Filling invalid ranges in sector buffer (flash cache) for sector @ 0x27030170 if necessary
T91FC 004:271.344    -- Filling invalid ranges in sector buffer (flash cache) for sector @ 0x27030180 if necessary
T91FC 004:271.394    -- Filling invalid ranges in sector buffer (flash cache) for sector @ 0x27030190 if necessary
T91FC 004:271.445    -- Filling invalid ranges in sector buffer (flash cache) for sector @ 0x270301A0 if necessary
T91FC 004:271.495    -- Filling invalid ranges in sector buffer (flash cache) for sector @ 0x270301B0 if necessary
T91FC 004:271.555    -- Filling invalid ranges in sector buffer (flash cache) for sector @ 0x270301C0 if necessary
T91FC 004:271.606    -- Filling invalid ranges in sector buffer (flash cache) for sector @ 0x270301D0 if necessary
T91FC 004:271.658    -- Filling invalid ranges in sector buffer (flash cache) for sector @ 0x270301E0 if necessary
T91FC 004:271.753    -- Filling invalid ranges in sector buffer (flash cache) for sector @ 0x270301F0 if necessary
T91FC 004:271.804    -- Filling invalid ranges in sector buffer (flash cache) for sector @ 0x27030200 if necessary
T91FC 004:271.853    -- Filling invalid ranges in sector buffer (flash cache) for sector @ 0x27030210 if necessary
T91FC 004:271.905    -- Filling invalid ranges in sector buffer (flash cache) for sector @ 0x27030220 if necessary
T91FC 004:271.955    -- Filling invalid ranges in sector buffer (flash cache) for sector @ 0x27030230 if necessary
T91FC 004:272.005    -- Filling invalid ranges in sector buffer (flash cache) for sector @ 0x27030240 if necessary
T91FC 004:272.055    -- Filling invalid ranges in sector buffer (flash cache) for sector @ 0x27030250 if necessary
T91FC 004:272.105    -- Filling invalid ranges in sector buffer (flash cache) for sector @ 0x27030260 if necessary
T91FC 004:272.155    -- Filling invalid ranges in sector buffer (flash cache) for sector @ 0x27030270 if necessary
T91FC 004:272.205    -- Filling invalid ranges in sector buffer (flash cache) for sector @ 0x27030280 if necessary
T91FC 004:272.255    -- Filling invalid ranges in sector buffer (flash cache) for sector @ 0x27030290 if necessary
T91FC 004:272.305    -- Filling invalid ranges in sector buffer (flash cache) for sector @ 0x270302A0 if necessary
T91FC 004:272.355    -- Filling invalid ranges in sector buffer (flash cache) for sector @ 0x270302B0 if necessary
T91FC 004:272.409    -- Filling invalid ranges in sector buffer (flash cache) for sector @ 0x270302C0 if necessary
T91FC 004:272.460    -- Filling invalid ranges in sector buffer (flash cache) for sector @ 0x270302D0 if necessary
T91FC 004:272.509    -- Filling invalid ranges in sector buffer (flash cache) for sector @ 0x270302E0 if necessary
T91FC 004:272.561    -- Filling invalid ranges in sector buffer (flash cache) for sector @ 0x270302F0 if necessary
T91FC 004:272.611    -- Filling invalid ranges in sector buffer (flash cache) for sector @ 0x27030300 if necessary
T91FC 004:272.661    -- Filling invalid ranges in sector buffer (flash cache) for sector @ 0x27030310 if necessary
T91FC 004:272.719    -- Filling invalid ranges in sector buffer (flash cache) for sector @ 0x27030320 if necessary
T91FC 004:272.918    -- Filling invalid ranges in sector buffer (flash cache) for sector @ 0x27030330 if necessary
T91FC 004:272.990    -- Filling invalid ranges in sector buffer (flash cache) for sector @ 0x27030340 if necessary
T91FC 004:273.059    -- Filling invalid ranges in sector buffer (flash cache) for sector @ 0x27030350 if necessary
T91FC 004:273.114    -- End of determining dirty areas
T91FC 004:273.164    -- Start of preparing flash programming
T91FC 004:273.215    -- Preparing RAMCode
T91FC 004:273.264    -- Calculating RAM usage
T91FC 004:273.315    -- RAM usage = 4160 Bytes
T91FC 004:273.367    -- Preserving CPU registers
T91FC 004:273.451    -- Preparing memory
T91FC 004:273.501    -- Determining CPU clock frequency
T91FC 004:313.949    -- CPU frequency = 8360 kHz
T91FC 004:314.101    -- Preparing target
T91FC 004:314.148    -- Preserving target RAM temporarily used for programming
T91FC 004:338.299    -- Downloading RAMCode
T91FC 004:370.163    -- Initializing RAMCode (InitType: 3 = Verify)
T91FC 004:370.251    -- Executing Init(3)
T91FC 004:382.357    -- End of preparing flash programming
T91FC 004:382.414   
  ***** Warning: 
T91FC 004:382.435   CPU is running at low speed (8360 kHz).
T91FC 004:382.457    -- CPU is running at 8360 kHz.
T91FC 004:382.479    -- Start of comparing flash
T91FC 004:382.501    -- CRC check was estimated as fastest method
T91FC 004:382.529    -- Comparing range 0x27030080 - 0x2703035F (46 Sectors, 736 Bytes), using single-block CRC calculation
T91FC 004:384.905    -- CRC matches
T91FC 004:384.949    -- Comparing range 0x27030080 - 0x2703035F (46 Sectors, 736 Bytes), using alternative single-block CRC calculation
T91FC 004:387.229    -- CRC matches
T91FC 004:387.261    -- End of comparing flash
T91FC 004:387.283    -- Start of erasing sectors
T91FC 004:387.303    -- End of erasing sectors
T91FC 004:387.324    -- Start of flash programming
T91FC 004:387.344    -- End of flash programming
T91FC 004:387.363    -- Start of verifying flash
T91FC 004:387.382    -- End of verifying flash
T91FC 004:387.402    -- Start of restoring
T91FC 004:387.422    -- Executing UnInit()
T91FC 004:392.822    -- Restoring target memory
T91FC 004:415.793    -- Restoring CPU registers
T91FC 004:416.187    -- End of restoring
T91FC 004:416.223    -- Bank 2 @ 0x27030080: Skipped. Contents already match
T91FC 004:416.252    -- Bank 2 @ 0x27030080: Skipped. Contents already match
T91FC 004:416.277    -- --------------------------------------
T91FC 004:416.299    -- Start of determining flash info (Bank @ 0x02000000)
T91FC 004:416.321    -- End of determining flash info
T91FC 004:416.343    -- Start of determining dirty areas in flash cache
T91FC 004:416.366    -- Filling invalid ranges in sector buffer (flash cache) for sector @ 0x02000000 if necessary
T91FC 004:416.390    -- Filling invalid ranges in sector buffer (flash cache) for sector @ 0x02002000 if necessary
T91FC 004:416.412    -- Filling invalid ranges in sector buffer (flash cache) for sector @ 0x02004000 if necessary
T91FC 004:416.435    -- Filling invalid ranges in sector buffer (flash cache) for sector @ 0x02006000 if necessary
T91FC 004:416.458    -- Filling invalid ranges in sector buffer (flash cache) for sector @ 0x02008000 if necessary
T91FC 004:416.488    -- Filling invalid ranges in sector buffer (flash cache) for sector @ 0x0200A000 if necessary
T91FC 004:416.511    -- Filling invalid ranges in sector buffer (flash cache) for sector @ 0x0200C000 if necessary
T91FC 004:416.533    -- Filling invalid ranges in sector buffer (flash cache) for sector @ 0x0200E000 if necessary
T91FC 004:416.556    -- Filling invalid ranges in sector buffer (flash cache) for sector @ 0x02010000 if necessary
T91FC 004:416.831    -- End of determining dirty areas
T91FC 004:416.853    -- Start of preparing flash programming
T91FC 004:416.875    -- Preparing RAMCode
T91FC 004:416.896    -- Calculating RAM usage
T91FC 004:416.918    -- RAM usage = 19664 Bytes
T91FC 004:416.939    -- Preserving CPU registers
T91FC 004:416.975    -- Preparing memory
T91FC 004:416.998    -- Determining CPU clock frequency
T91FC 004:454.734    -- CPU frequency = 8358 kHz
T91FC 004:454.788    -- Preparing target
T91FC 004:454.809    -- Preserving target RAM temporarily used for programming
T91FC 004:566.731    -- Downloading RAMCode
T91FC 004:599.740    -- Initializing RAMCode (InitType: 3 = Verify)
T91FC 004:599.815    -- Executing Init(3)
T91FC 004:609.932    -- End of preparing flash programming
T91FC 004:609.986   
  ***** Warning: 
T91FC 004:610.008   CPU is running at low speed (8358 kHz).
T91FC 004:610.031    -- CPU is running at 8358 kHz.
T91FC 004:610.054    -- Start of comparing flash
T91FC 004:610.079    -- CRC check was estimated as fastest method
T91FC 004:610.104    -- Comparing range 0x2000000 - 0x200FFFF (8 Sectors, 64 KB), using single-block CRC calculation
T91FC 004:653.418    -- CRC does not match, checking individual sectors
T91FC 004:675.740    -- CRC does not match for sectors 0-3
T91FC 004:698.314    -- CRC does not match for sectors 4-7
T91FC 004:698.381    -- Comparing range 0x2010000 - 0x2017FFF (1 Sector, 32 KB), using single-block CRC calculation
T91FC 004:720.489    -- CRC does not match for sector 8
T91FC 004:720.553    -- End of comparing flash
T91FC 004:720.579    -- Start of erasing sectors
T91FC 004:720.605    -- Erasing range 0x02000000 - 0x0200FFFF (  8 Sectors, 64 KB)
T91FC 004:720.631    -- Initializing RAMCode (InitType: 1 = Erase)
T91FC 004:720.655    -- Executing UnInit()
T91FC 004:725.779    -- Executing Init(1)
T91FC 004:928.709    -- Erasing range 0x02010000 - 0x02017FFF (  1 Sector, 32 KB)
T91FC 004:933.811    -- End of erasing sectors
T91FC 004:933.859    -- Start of flash programming
T91FC 004:933.886    -- Programming range 0x02000000 - 0x02003FFF (  2 Sectors, 16 KB)
T91FC 004:933.914    -- Initializing RAMCode (InitType: 2 = Program)
T91FC 004:933.941    -- Executing UnInit()
T91FC 004:939.277    -- Executing Init(2)
T91FC 004:944.599    -- Programming range 0x02004000 - 0x02007FFF (  2 Sectors, 16 KB)
T91FC 005:076.561    -- Programming range 0x02008000 - 0x0200BFFF (  2 Sectors, 16 KB)
T91FC 005:164.716    -- Programming range 0x0200C000 - 0x0200FFFF (  2 Sectors, 16 KB)
T91FC 005:253.501    -- Programming range 0x02010000 - 0x02017FFF (  1 Sector, 32 KB)
T91FC 005:386.731    -- End of flash programming
T91FC 005:386.865    -- 0x2000000 - 0x200FFFF (  8 Sectors, 64 KB)
T91FC 005:386.904    -- 0x2010000 - 0x2017FFF (  1 Sector, 32 KB)
T91FC 005:386.944    -- Start of verifying flash
T91FC 005:386.985    -- Checksum calculation was estimated as fastest method
T91FC 005:387.025    -- Checksum is not supported by this flash bank. Switched to read back method.
T91FC 005:387.067    -- Initializing RAMCode (InitType: 3 = Verify)
T91FC 005:387.106    -- Executing UnInit()
T91FC 005:463.680    -- Executing Init(3)
T91FC 005:512.965    -- Checksum calculation was estimated as fastest method
T91FC 005:513.059    -- Checksum is not supported by this flash bank. Switched to read back method.
T91FC 005:535.413    -- End of verifying flash
T91FC 005:535.485    -- Start of restoring
T91FC 005:535.509    -- Executing UnInit()
T91FC 005:540.519    -- Restoring target memory
T91FC 005:641.752    -- Restoring CPU registers
T91FC 005:642.539    -- End of restoring
T91FC 005:642.705    -- Bank 3 @ 0x02000000: 2 ranges affected (98304 bytes)
T91FC 005:642.794    -- Total: 1.225s (Prepare: 0.193s, Compare: 0.110s, Erase: 0.213s, Program: 0.525s, Verify: 0.076s, Restore: 0.107s)
T91FC 005:642.892    -- Program speed: 183 KB/s
T91FC 005:679.435    -- --------------------------------------
T91FC 005:679.501    -- Start of determining flash info (Bank @ 0x90000000)
T91FC 005:679.525    -- Loader provides SEGGER_OPEN_GetFlashInfo(). Determining dynamic flash info (sectorization etc.) now
T91FC 005:679.546    -- Preparing RAMCode
T91FC 005:679.567    -- Calculating RAM usage
T91FC 005:679.589    -- RAM usage = 15464 Bytes
T91FC 005:679.609    -- Preserving CPU registers
T91FC 005:679.658    -- Preparing memory
T91FC 005:679.679    -- Preparing target
T91FC 005:679.700    -- Preserving target RAM temporarily used for programming
T91FC 005:767.694    -- Downloading RAMCode
T91FC 005:887.204    -- Initializing RAMCode (InitType: 3 = Verify)
T91FC 005:887.395    -- Executing SEGGER_FL_Prepare(3)
T91FC 005:900.981    -- Executing SEGGER_FL_Restore()
T91FC 005:907.619    -- Restoring target memory
T91FC 005:987.964    -- Restoring CPU registers
T91FC 005:988.804    -- SEGGER_OPEN_GetFlashInfo(): Loader detected 1 sector ranges.
T91FC 005:988.943    -- SEGGER_OPEN_GetFlashInfo(): Flash size changed from 0x10000000 to 0x04000000 according to new sector ranges.
T91FC 005:989.004    -- End of determining flash info
T91FC 005:989.063    -- Start of determining dirty areas in flash cache
T91FC 005:989.125    -- Filling invalid ranges in sector buffer (flash cache) for sector @ 0x90000000 if necessary
T91FC 006:000.467    -- End of determining dirty areas
T91FC 006:000.509    -- Start of preparing flash programming
T91FC 006:000.529    -- Preparing RAMCode
T91FC 006:000.549    -- Calculating RAM usage
T91FC 006:000.569    -- RAM usage = 27752 Bytes
T91FC 006:000.588    -- Preserving CPU registers
T91FC 006:000.629    -- Preparing memory
T91FC 006:000.648    -- Preparing target
T91FC 006:000.667    -- Preserving target RAM temporarily used for programming
T91FC 006:158.938    -- Downloading RAMCode
T91FC 006:277.309    -- Initializing RAMCode (InitType: 3 = Verify)
T91FC 006:277.369    -- Executing SEGGER_FL_Prepare(3)
T91FC 006:284.309    -- End of preparing flash programming
T91FC 006:284.367    -- CPU speed could not be measured.
T91FC 006:284.389    -- Start of comparing flash
T91FC 006:284.412    -- CRC check was estimated as fastest method
T91FC 006:284.439    -- Comparing range 0x90000000 - 0x9003FFFF (1 Sector, 256 KB), using single-block CRC calculation
T91FC 006:937.251    -- CRC does not match for sector 0
T91FC 006:937.352    -- End of comparing flash
T91FC 006:937.376    -- Start of erasing sectors
T91FC 006:937.399    -- Erasing range 0x90000000 - 0x9003FFFF (  1 Sector, 256 KB)
T91FC 010:042.819    -- End of erasing sectors
T91FC 010:042.906    -- Start of flash programming
T91FC 010:042.931    -- Programming range 0x90000000 - 0x9003FFFF (  1 Sector, 256 KB)
T91FC 010:043.069    -- End of flash programming
T91FC 010:043.093    -- 0x90000000 - 0x9003FFFF (  1 Sector, 256 KB)
T91FC 010:043.115    -- Start of verifying flash
T91FC 010:043.138    -- Use CRC or checksum calculation as verify method
T91FC 010:043.159    -- Checksum is not supported by this flash bank. Switched to read back method.
T91FC 010:754.370    -- End of verifying flash
T91FC 010:754.455    -- Start of restoring
T91FC 010:754.479    -- Executing SEGGER_FL_Restore()
T91FC 010:759.666    -- Restoring target memory
T91FC 010:900.891    -- Restoring CPU registers
T91FC 010:901.531    -- End of restoring
T91FC 010:901.582    -- Bank 8 @ 0x90000000: 1 range affected (262144 bytes)
T91FC 010:901.604    -- Total: 4.901s (Prepare: 0.283s, Compare: 0.652s, Erase: 3.105s, Program: 0.058s, Verify: 0.653s, Restore: 0.147s)
T91FC 010:901.624    -- Program speed: 4413 KB/s
T91FC 010:902.326 - 6966.480ms returns 360656 (0x580D0)
T91FC 010:904.027 JLINK_WriteReg(R15 (PC), 0x0200E08C)
T91FC 010:904.085 - 0.058ms returns 0
T91FC 010:904.102 JLINK_WriteReg(XPSR, 0x01000000)
T91FC 010:904.121 - 0.018ms returns 0
T91FC 010:904.146 JLINK_ResetPullsRESET(ON)
T91FC 010:904.160 - 0.014ms
T91FC 010:904.176 JLINK_Halt()
T91FC 010:904.548 - 0.371ms returns 0x00
T91FC 010:904.583 JLINK_IsHalted()
T91FC 010:904.599 - 0.015ms returns TRUE
T91FC 010:904.615 JLINK_Reset()
T91FC 010:904.634   ResetTarget() start
T91FC 010:904.656    J-Link Script File: Executing ResetTarget()
T91FC 010:904.677   CPU_ReadMem(4 bytes @ 0xE000ED44)
T91FC 010:905.153   CPU_ReadMem(4 bytes @ 0xE000EE08)
T91FC 010:905.574   CPU_WriteMem(4 bytes @ 0xE000EE08)
T91FC 010:906.031   CPU_ReadMem(4 bytes @ 0xE000EE08)
T91FC 010:906.470   Reset: ARMv8M core with Security Extension enabled detected. Switch to secure domain.
T91FC 010:906.506   Reset: Halt core after reset via DEMCR.VC_CORERESET.
T91FC 010:906.528   CPU_WriteMem(4 bytes @ 0xE000EDF0)
T91FC 010:907.007   CPU_WriteMem(4 bytes @ 0xE000EDFC)
T91FC 010:907.808   Reset: Reset device via AIRCR.SYSRESETREQ.
T91FC 010:907.854   CPU_WriteMem(4 bytes @ 0xE000ED0C)
T91FC 010:959.982   CPU_ReadMem(4 bytes @ 0xE000EDF0)
T91FC 010:960.690   CPU_ReadMem(4 bytes @ 0xE000EDF0)
T91FC 010:961.344   CPU_WriteMem(4 bytes @ 0xE000EDFC)
T91FC 010:961.995   ResetTarget() end - Took 57.3ms
T91FC 010:966.488   CPU_WriteMem(4 bytes @ 0xE0002000)
T91FC 010:967.147   CPU_ReadMem(4 bytes @ 0xE000EDFC)
T91FC 010:967.751   CPU_ReadMem(4 bytes @ 0xE0001000)
T91FC 010:968.328   CPU_ReadMem(4 bytes @ 0xE000EE08)
T91FC 010:968.906 - 64.289ms
T91FC 010:968.979 JLINK_SetEndian(ARM_ENDIAN_LITTLE)
T91FC 010:969.008 - 0.028ms returns 0
T91FC 010:970.190 JLINK_ResetPullsRESET(ON)
T91FC 010:970.250 - 0.060ms
T91FC 010:970.278 JLINK_Halt()
T91FC 010:970.305 - 0.026ms returns 0x00
T91FC 010:970.331 JLINK_IsHalted()
T91FC 010:970.358 - 0.027ms returns TRUE
T91FC 010:970.386 JLINK_Reset()
T91FC 010:970.419   ResetTarget() start
T91FC 010:970.458    J-Link Script File: Executing ResetTarget()
T91FC 010:970.495   CPU_ReadMem(4 bytes @ 0xE000ED44)
T91FC 010:970.856   CPU_ReadMem(4 bytes @ 0xE000EE08)
T91FC 010:971.410   CPU_WriteMem(4 bytes @ 0xE000EE08)
T91FC 010:971.794   CPU_ReadMem(4 bytes @ 0xE000EE08)
T91FC 010:972.287   Reset: ARMv8M core with Security Extension enabled detected. Switch to secure domain.
T91FC 010:972.342   Reset: Halt core after reset via DEMCR.VC_CORERESET.
T91FC 010:972.374   CPU_WriteMem(4 bytes @ 0xE000EDF0)
T91FC 010:972.711   CPU_WriteMem(4 bytes @ 0xE000EDFC)
T91FC 010:973.277   Reset: Reset device via AIRCR.SYSRESETREQ.
T91FC 010:973.326   CPU_WriteMem(4 bytes @ 0xE000ED0C)
T91FC 011:025.810   CPU_ReadMem(4 bytes @ 0xE000EDF0)
T91FC 011:026.622   CPU_ReadMem(4 bytes @ 0xE000EDF0)
T91FC 011:027.362   CPU_WriteMem(4 bytes @ 0xE000EDFC)
T91FC 011:027.994   ResetTarget() end - Took 57.5ms
T91FC 011:032.821   CPU_WriteMem(4 bytes @ 0xE0002000)
T91FC 011:033.611   CPU_ReadMem(4 bytes @ 0xE000EDFC)
T91FC 011:034.065   CPU_ReadMem(4 bytes @ 0xE0001000)
T91FC 011:034.586   CPU_ReadMem(4 bytes @ 0xE000EE08)
T91FC 011:035.212 - 64.824ms
T91FC 011:035.309 JLINK_SetEndian(ARM_ENDIAN_LITTLE)
T91FC 011:035.346 - 0.037ms returns 0
T91FC 011:055.999 JLINK_ReadReg(XPSR)
T91FC 011:056.110   CPU_ReadMem(4 bytes @ 0xE000EE08)
T91FC 011:056.484 - 0.485ms returns 0x01000000
T91FC 011:057.085 JLINK_ReadMem(0x0200E08C, 0x4 Bytes, ...)
T91FC 011:057.159   CPU_ReadMem(64 bytes @ 0x0200E080)
T91FC 011:058.168    -- Updating C cache (64 bytes @ 0x0200E080)
T91FC 011:058.221    -- Read from C cache (4 bytes @ 0x0200E08C)
T91FC 011:058.247   Data:  08 B5 00 F0
T91FC 011:058.273 - 1.189ms returns 0
T91FC 011:080.297 JLINK_ReadReg(XPSR)
T91FC 011:080.384 - 0.087ms returns 0x01000000
T91FC 011:080.984 JLINK_ReadMem(0x0200E08C, 0x4 Bytes, ...)
T91FC 011:081.014    -- Read from C cache (4 bytes @ 0x0200E08C)
T91FC 011:081.036   Data:  08 B5 00 F0
T91FC 011:081.068 - 0.084ms returns 0
T91FC 011:252.196 JLINK_GetNumBPUnits(Type = 0xFFFFFF00)
T91FC 011:252.266 - 0.070ms returns 0x08
T91FC 011:252.284 JLINK_GetNumWPUnits()
T91FC 011:252.299 - 0.013ms returns 8
T91FC 011:252.320 JLINK_GetNumBPUnits(Type = 0xFFFFFF00)
T91FC 011:252.338 - 0.018ms returns 0x08
T91FC 011:252.354 JLINK_GetNumWPUnits()
T91FC 011:252.368 - 0.014ms returns 8
T91FC 011:252.386 JLINK_GetNumBPUnits(Type = 0xFFFFFF00)
T91FC 011:252.400 - 0.013ms returns 0x08
T91FC 011:252.416 JLINK_GetNumWPUnits()
T91FC 011:252.431 - 0.015ms returns 8
T91FC 011:253.149 JLINK_SetBPEx(Addr = 0x02000ABC, Type = 0xFFFFFF00)
T91FC 011:253.458 - 0.310ms returns 0x00000001
T91FC 011:253.498 JLINK_ClrBPEx(BPHandle = 0x00000001)
T91FC 011:253.517 - 0.018ms returns 0x00
T91FC 011:269.158 JLINK_ReadMem(0x02000A80, 0x40 Bytes, ...)
T91FC 011:269.240   CPU_ReadMem(64 bytes @ 0x02000A80)
T91FC 011:270.298    -- Updating C cache (64 bytes @ 0x02000A80)
T91FC 011:270.329    -- Read from C cache (64 bytes @ 0x02000A80)
T91FC 011:270.351   Data:  01 1B 02 70 0F F0 0B C0 10 35 B5 F5 00 7F 0C F1 ...
T91FC 011:270.373 - 1.215ms returns 0
T91FC 011:271.238 JLINK_ReadMem(0x02000ABC, 0x2 Bytes, ...)
T91FC 011:271.263    -- Read from C cache (2 bytes @ 0x02000ABC)
T91FC 011:271.285   Data:  08 B5
T91FC 011:271.311 - 0.073ms returns 0
T91FC 011:271.549 JLINK_SetBPEx(Addr = 0x02000ABC, Type = 0xFFFFFF00)
T91FC 011:271.572 - 0.023ms returns 0x00000002
T91FC 011:363.752 JLINK_ReadRegs(NumRegs = 22, Indexes: 0, 1, 2, 3, 4, 5, 6, 7, 8, 9, 10, 11, 12, 13, 14, 15, 16, 17, 18, 86, 87, 20)
T91FC 011:363.884    -- R0=0x00, R1=0x00, R2=0x00, R3=0x00, R4=0x00, R5=0x00, R6=0x00, R7=0x00, R8=0x00, R9=0x00, R10=0x00, R11=0x00, R12=0x00, R13 (SP)=0x220062C0, R14=0xFFFFFFFF, R15 (PC)=0x200E08C, XPSR=0x1000000, MSP=0x220062C0, PSP=0x00, MSPLIM=0x00, PSPLIM=0x00, CFBP=0x00
T91FC 011:363.920 - 0.168ms returns 0x00
T91FC 011:364.288 JLINK_ReadReg(XPSR)
T91FC 011:364.386 - 0.097ms returns 0x01000000
T91FC 011:364.966 JLINK_ReadMem(0x0200E08C, 0x4 Bytes, ...)
T91FC 011:365.014    -- Read from C cache (4 bytes @ 0x0200E08C)
T91FC 011:365.037   Data:  08 B5 00 F0
T91FC 011:365.058 - 0.094ms returns 0
TA95C 011:466.659 JLINK_GetNumBPUnits(Type = 0xFFFFFF00)
TA95C 011:466.727 - 0.067ms returns 0x08
TA95C 011:466.745 JLINK_GetNumWPUnits()
TA95C 011:466.760 - 0.014ms returns 8
TA95C 011:467.198 JLINK_GetNumBPUnits(Type = 0xFFFFFF00)
TA95C 011:467.236 - 0.038ms returns 0x08
TA95C 011:467.253 JLINK_GetNumWPUnits()
TA95C 011:467.268 - 0.014ms returns 8
TA95C 011:467.634 JLINK_GetNumBPUnits(Type = 0xFFFFFF00)
TA95C 011:467.678 - 0.044ms returns 0x08
TA95C 011:467.700 JLINK_GetNumWPUnits()
TA95C 011:467.721 - 0.020ms returns 8
TA95C 011:468.146 JLINK_GetNumBPUnits(Type = 0xFFFFFF00)
TA95C 011:468.190 - 0.043ms returns 0x08
TA95C 011:468.212 JLINK_GetNumWPUnits()
TA95C 011:468.234 - 0.022ms returns 8
TA95C 011:468.570 JLINK_GetNumBPUnits(Type = 0xFFFFFF00)
TA95C 011:468.624 - 0.053ms returns 0x08
TA95C 011:468.649 JLINK_GetNumWPUnits()
TA95C 011:468.670 - 0.021ms returns 8
TA95C 011:469.017 JLINK_GetNumBPUnits(Type = 0xFFFFFF00)
TA95C 011:469.054 - 0.036ms returns 0x08
TA95C 011:469.070 JLINK_GetNumWPUnits()
TA95C 011:469.084 - 0.014ms returns 8
TA95C 011:469.459 JLINK_GetNumBPUnits(Type = 0xFFFFFF00)
TA95C 011:469.494 - 0.035ms returns 0x08
TA95C 011:469.510 JLINK_GetNumWPUnits()
TA95C 011:469.526 - 0.015ms returns 8
TA95C 011:469.835 JLINK_GetNumBPUnits(Type = 0xFFFFFF00)
TA95C 011:469.873 - 0.038ms returns 0x08
TA95C 011:469.890 JLINK_GetNumWPUnits()
TA95C 011:469.905 - 0.015ms returns 8
TA95C 011:485.462 JLINK_ReadReg(XPSR)
TA95C 011:485.551 - 0.090ms returns 0x01000000
TA95C 011:485.581 JLINK_ReadReg(R15 (PC))
TA95C 011:485.606 - 0.026ms returns 0x0200E08C
T91FC 021:477.452 JLINK_ReadReg(XPSR)
T91FC 021:477.964 - 0.513ms returns 0x01000000
T91FC 021:478.600 JLINK_ReadMem(0x0200E08C, 0x4 Bytes, ...)
T91FC 021:478.648    -- Read from C cache (4 bytes @ 0x0200E08C)
T91FC 021:478.670   Data:  08 B5 00 F0
T91FC 021:478.700 - 0.101ms returns 0
T91FC 023:385.878 JLINK_ReadReg(XPSR)
T91FC 023:386.298 - 0.418ms returns 0x01000000
T91FC 023:387.678 JLINK_ReadReg(XPSR)
T91FC 023:387.754 - 0.076ms returns 0x01000000
T91FC 026:960.310 JLINK_STRACE_Read(..., NumItems = 0x10000)
T91FC 026:960.634   Initializing trace type buffer with configured Coresight trace components (* indicates set/detected address):
T91FC 026:960.692    *TF:   0x80013000
T91FC 026:960.714    *TMC:  0x80014000
T91FC 026:960.732     ETB:  0x00000000
T91FC 026:960.756     MTB:  0x00000000
T91FC 026:960.774    *TPIU: 0xE0040000
T91FC 026:960.796    *ETM:  0xE0041000
T91FC 026:960.820     STM:  0x00000000
T91FC 026:960.838     PTM:  0x00000000
T91FC 026:961.056 - 0.747ms NumItemsRead = 0x00
T91FC 026:961.108 JLINK_IsHalted()
T91FC 026:961.376 - 0.268ms returns TRUE
T91FC 026:961.418 JLINK_STRACE_Read(..., NumItems = 0x10000)
T91FC 026:961.444 - 0.024ms NumItemsRead = 0x00
T91FC 026:961.468 JLINK_GoEx(MaxEmulInsts = 0, Flags = 0x01)
T91FC 026:961.508   CPU_WriteMem(4 bytes @ 0xE0002000)
T91FC 026:961.852   CPU_ReadMem(4 bytes @ 0xE0001000)
T91FC 026:962.176   CPU_WriteMem(4 bytes @ 0xE0002008)
T91FC 026:962.246   CPU_WriteMem(4 bytes @ 0xE000200C)
T91FC 026:962.272   CPU_WriteMem(4 bytes @ 0xE0002010)
T91FC 026:962.294   CPU_WriteMem(4 bytes @ 0xE0002014)
T91FC 026:962.314   CPU_WriteMem(4 bytes @ 0xE0002018)
T91FC 026:962.336   CPU_WriteMem(4 bytes @ 0xE000201C)
T91FC 026:962.358   CPU_WriteMem(4 bytes @ 0xE0002020)
T91FC 026:962.380   CPU_WriteMem(4 bytes @ 0xE0002024)
T91FC 026:963.834   CPU_WriteMem(4 bytes @ 0xE0001004)
T91FC 026:965.296   Memory map 'after startup completion point' is active
T91FC 026:965.380 - 3.910ms
T91FC 027:063.340 JLINK_IsHalted()
T91FC 027:067.258 - 3.914ms returns TRUE
T91FC 027:067.324 JLINK_ReadReg(XPSR)
T91FC 027:067.348   CPU_ReadMem(4 bytes @ 0xE000EE08)
T91FC 027:067.860 - 0.532ms returns 0x61000000
T91FC 027:067.908 JLINK_ReadReg(R15 (PC))
T91FC 027:067.924 - 0.022ms returns 0x02000ABC
T91FC 027:067.946 JLINK_ReadReg(XPSR)
T91FC 027:067.962 - 0.015ms returns 0x61000000
T91FC 027:067.974 JLINK_ReadReg(XPSR)
T91FC 027:067.990 - 0.015ms returns 0x61000000
T91FC 027:068.006 JLINK_ReadReg(R15 (PC))
T91FC 027:068.022 - 0.015ms returns 0x02000ABC
T91FC 027:068.038 JLINK_ReadReg(XPSR)
T91FC 027:068.054 - 0.016ms returns 0x61000000
T91FC 027:068.070 JLINK_ReadReg(XPSR)
T91FC 027:068.086 - 0.015ms returns 0x61000000
T91FC 027:068.102 JLINK_ReadMem(0x02000ABC, 0x1 Bytes, ...)
T91FC 027:068.124   CPU_ReadMem(64 bytes @ 0x02000A80)
T91FC 027:069.360    -- Updating C cache (64 bytes @ 0x02000A80)
T91FC 027:069.404    -- Read from C cache (1 bytes @ 0x02000ABC)
T91FC 027:069.428   Data:  08
T91FC 027:069.446 - 1.344ms returns 0
T91FC 027:069.472 JLINK_IsHalted()
T91FC 027:069.500 - 0.016ms returns TRUE
T91FC 027:070.256 JLINK_ReadReg(XPSR)
T91FC 027:070.298 - 0.040ms returns 0x61000000
T91FC 027:070.314 JLINK_ReadReg(XPSR)
T91FC 027:070.330 - 0.015ms returns 0x61000000
T91FC 027:070.346 JLINK_ReadReg(R15 (PC))
T91FC 027:070.362 - 0.015ms returns 0x02000ABC
T91FC 027:070.378 JLINK_ReadReg(XPSR)
T91FC 027:070.394 - 0.015ms returns 0x61000000
T91FC 027:070.410 JLINK_ReadReg(XPSR)
T91FC 027:070.426 - 0.014ms returns 0x61000000
T91FC 027:070.442 JLINK_ReadMem(0x02000ABC, 0x1 Bytes, ...)
T91FC 027:070.458    -- Read from C cache (1 bytes @ 0x02000ABC)
T91FC 027:070.476   Data:  08
T91FC 027:070.500 - 0.059ms returns 0
T91FC 027:070.570 JLINK_IsHalted()
T91FC 027:070.588 - 0.017ms returns TRUE
T91FC 027:070.602 JLINK_ReadReg(XPSR)
T91FC 027:070.618 - 0.015ms returns 0x61000000
T91FC 027:070.634 JLINK_ReadReg(R15 (PC))
T91FC 027:070.650 - 0.015ms returns 0x02000ABC
T91FC 027:070.666 JLINK_ReadReg(XPSR)
T91FC 027:070.682 - 0.016ms returns 0x61000000
T91FC 027:070.694 JLINK_ReadReg(XPSR)
T91FC 027:070.710 - 0.015ms returns 0x61000000
T91FC 027:070.726 JLINK_ReadReg(R15 (PC))
T91FC 027:070.740 - 0.015ms returns 0x02000ABC
T91FC 027:070.756 JLINK_ReadReg(XPSR)
T91FC 027:070.772 - 0.014ms returns 0x61000000
T91FC 027:070.794 JLINK_ReadReg(XPSR)
T91FC 027:070.810 - 0.015ms returns 0x61000000
T91FC 027:070.826 JLINK_ReadMem(0x02000ABC, 0x1 Bytes, ...)
T91FC 027:070.838    -- Read from C cache (1 bytes @ 0x02000ABC)
T91FC 027:070.860   Data:  08
T91FC 027:070.884 - 0.058ms returns 0
T91FC 027:070.900 JLINK_IsHalted()
T91FC 027:070.912 - 0.014ms returns TRUE
T91FC 027:070.928 JLINK_ReadReg(XPSR)
T91FC 027:070.940 - 0.014ms returns 0x61000000
T91FC 027:070.956 JLINK_ReadReg(XPSR)
T91FC 027:070.972 - 0.015ms returns 0x61000000
T91FC 027:070.988 JLINK_ReadReg(R15 (PC))
T91FC 027:071.002 - 0.014ms returns 0x02000ABC
T91FC 027:071.018 JLINK_ReadReg(XPSR)
T91FC 027:071.034 - 0.014ms returns 0x61000000
T91FC 027:071.046 JLINK_ReadReg(XPSR)
T91FC 027:071.062 - 0.015ms returns 0x61000000
T91FC 027:071.078 JLINK_ReadMem(0x02000ABC, 0x1 Bytes, ...)
T91FC 027:071.094    -- Read from C cache (1 bytes @ 0x02000ABC)
T91FC 027:071.114   Data:  08
T91FC 027:071.136 - 0.057ms returns 0
T91FC 027:071.876 JLINK_ReadRegs(NumRegs = 22, Indexes: 0, 1, 2, 3, 4, 5, 6, 7, 8, 9, 10, 11, 12, 13, 14, 15, 16, 17, 18, 86, 87, 20)
T91FC 027:071.958    -- R0=0x00, R1=0x00, R2=0x60, R3=0x00, R4=0x00, R5=0x00, R6=0x00, R7=0x00, R8=0x00, R9=0x00, R10=0x00, R11=0x00, R12=0x191F, R13 (SP)=0x220062B8, R14=0x200E097, R15 (PC)=0x2000ABC, XPSR=0x61000000, MSP=0x220062B8, PSP=0x00, MSPLIM=0x220042C0, PSPLIM=0x00, CFBP=0xC000000
T91FC 027:071.990 - 0.115ms returns 0x00
T91FC 027:072.938 JLINK_ReadReg(XPSR)
T91FC 027:072.988 - 0.051ms returns 0x61000000
T91FC 027:073.578 JLINK_ReadMem(0x02000ABC, 0x4 Bytes, ...)
T91FC 027:073.648    -- Read from C cache (4 bytes @ 0x02000ABC)
T91FC 027:073.684   Data:  08 B5 FF F7
T91FC 027:073.712 - 0.137ms returns 0
T91FC 027:075.028 JLINK_ClrBPEx(BPHandle = 0x00000002)
T91FC 027:075.082 - 0.056ms returns 0x00
T91FC 027:098.844 JLINK_ReadMem(0x02000ABC, 0x4 Bytes, ...)
T91FC 027:098.938    -- Read from C cache (4 bytes @ 0x02000ABC)
T91FC 027:098.966   Data:  08 B5 FF F7
T91FC 027:098.988 - 0.146ms returns 0
T91FC 027:130.612 JLINK_ReadReg(XPSR)
T91FC 027:130.700 - 0.090ms returns 0x61000000
T91FC 027:131.664 JLINK_ReadReg(XPSR)
T91FC 027:131.716 - 0.050ms returns 0x61000000
T91FC 027:989.888 JLINK_STRACE_Read(..., NumItems = 0x10000)
T91FC 027:990.000 - 0.112ms NumItemsRead = 0x00
T91FC 027:990.020 JLINK_IsHalted()
T91FC 027:990.518 - 0.498ms returns TRUE
T91FC 027:990.564 JLINK_STRACE_Read(..., NumItems = 0x10000)
T91FC 027:990.588 - 0.026ms NumItemsRead = 0x00
T91FC 027:990.608 JLINK_GoEx(MaxEmulInsts = 0, Flags = 0x01)
T91FC 027:990.676   CPU_ReadMem(4 bytes @ 0xE0001000)
T91FC 027:991.068   CPU_WriteMem(4 bytes @ 0xE0002008)
T91FC 028:011.612 - 21.002ms
TA95C 028:079.232 JLINK_ReadReg(XPSR)
TA95C 028:079.812   CPU is running
TA95C 028:079.868   
  ***** Error: 
TA95C 028:079.892   Cannot read register 16 (XPSR) while CPU is running
TA95C 028:079.914 - 0.680ms returns 0x00000000
TA95C 028:079.932 JLINK_ReadReg(R15 (PC))
TA95C 028:080.336   CPU is running
TA95C 028:080.410   
  ***** Error: 
TA95C 028:080.444   Cannot read register 15 (R15) while CPU is running
TA95C 028:080.480 - 0.545ms returns 0x00000000
T91FC 028:110.422 JLINK_IsHalted()
T91FC 028:110.976 - 0.552ms returns FALSE
T91FC 028:111.062 JLINK_IsHalted()
T91FC 028:111.412 - 0.349ms returns FALSE
T91FC 028:219.354 JLINK_IsHalted()
T91FC 028:219.968 - 0.615ms returns FALSE
T91FC 028:220.022 JLINK_IsHalted()
T91FC 028:220.538 - 0.512ms returns FALSE
T91FC 028:328.538 JLINK_IsHalted()
T91FC 028:329.084 - 0.546ms returns FALSE
T91FC 028:329.140 JLINK_IsHalted()
T91FC 028:329.612 - 0.472ms returns FALSE
T91FC 028:437.818 JLINK_IsHalted()
T91FC 028:438.252 - 0.433ms returns FALSE
T91FC 028:438.292 JLINK_IsHalted()
T91FC 028:438.650 - 0.358ms returns FALSE
T91FC 028:547.738 JLINK_IsHalted()
T91FC 028:548.176 - 0.440ms returns FALSE
T91FC 028:548.208 JLINK_IsHalted()
T91FC 028:548.810 - 0.600ms returns FALSE
T91FC 028:656.778 JLINK_IsHalted()
T91FC 028:657.204 - 0.423ms returns FALSE
T91FC 028:657.232 JLINK_IsHalted()
T91FC 028:657.668 - 0.435ms returns FALSE
T91FC 028:766.852 JLINK_IsHalted()
T91FC 028:767.248 - 0.395ms returns FALSE
T91FC 028:767.286 JLINK_IsHalted()
T91FC 028:767.568 - 0.281ms returns FALSE
T91FC 028:876.362 JLINK_IsHalted()
T91FC 028:876.980 - 0.616ms returns FALSE
T91FC 028:877.056 JLINK_IsHalted()
T91FC 028:877.612 - 0.557ms returns FALSE
T91FC 028:985.082 JLINK_IsHalted()
T91FC 028:985.724 - 0.642ms returns FALSE
T91FC 028:985.796 JLINK_IsHalted()
T91FC 028:986.214 - 0.416ms returns FALSE
TA95C 029:083.040 JLINK_IsHalted()
TA95C 029:083.468 - 0.429ms returns FALSE
TA95C 029:083.532 JLINK_IsHalted()
TA95C 029:083.860 - 0.328ms returns FALSE
TA95C 029:084.522 JLINK_IsHalted()
TA95C 029:084.844 - 0.323ms returns FALSE
TA95C 029:084.880 JLINK_IsHalted()
TA95C 029:085.226 - 0.347ms returns FALSE
T91FC 029:094.122 JLINK_IsHalted()
T91FC 029:094.486 - 0.364ms returns FALSE
T91FC 029:094.524 JLINK_IsHalted()
T91FC 029:094.806 - 0.281ms returns FALSE
T91FC 029:204.020 JLINK_IsHalted()
T91FC 029:204.572 - 0.554ms returns FALSE
T91FC 029:204.630 JLINK_IsHalted()
T91FC 029:206.988 - 2.359ms returns FALSE
T91FC 029:313.014 JLINK_IsHalted()
T91FC 029:313.568 - 0.551ms returns FALSE
T91FC 029:313.626 JLINK_IsHalted()
T91FC 029:314.096 - 0.469ms returns FALSE
T91FC 029:422.420 JLINK_IsHalted()
T91FC 029:422.906 - 0.488ms returns FALSE
T91FC 029:422.950 JLINK_IsHalted()
T91FC 029:423.290 - 0.340ms returns FALSE
T91FC 029:533.052 JLINK_IsHalted()
T91FC 029:533.712 - 0.659ms returns FALSE
T91FC 029:533.750 JLINK_IsHalted()
T91FC 029:534.236 - 0.484ms returns FALSE
T91FC 029:641.498 JLINK_IsHalted()
T91FC 029:642.102 - 0.605ms returns FALSE
T91FC 029:642.144 JLINK_IsHalted()
T91FC 029:642.790 - 0.647ms returns FALSE
T91FC 029:751.196 JLINK_IsHalted()
T91FC 029:751.638 - 0.442ms returns FALSE
T91FC 029:751.676 JLINK_IsHalted()
T91FC 029:752.084 - 0.407ms returns FALSE
T91FC 029:859.930 JLINK_IsHalted()
T91FC 029:860.512 - 0.582ms returns FALSE
T91FC 029:860.554 JLINK_IsHalted()
T91FC 029:860.960 - 0.404ms returns FALSE
T91FC 029:969.700 JLINK_IsHalted()
T91FC 029:970.196 - 0.493ms returns FALSE
T91FC 029:970.212 JLINK_IsHalted()
T91FC 029:970.636 - 0.424ms returns FALSE
T91FC 030:079.088 JLINK_IsHalted()
T91FC 030:079.738 - 0.648ms returns FALSE
T91FC 030:079.866 JLINK_IsHalted()
T91FC 030:080.474 - 0.604ms returns FALSE
TA95C 030:085.062 JLINK_IsHalted()
TA95C 030:085.664 - 0.602ms returns FALSE
TA95C 030:085.766 JLINK_IsHalted()
TA95C 030:086.284 - 0.517ms returns FALSE
T91FC 030:188.416 JLINK_IsHalted()
T91FC 030:188.908 - 0.491ms returns FALSE
T91FC 030:188.950 JLINK_IsHalted()
T91FC 030:189.386 - 0.433ms returns FALSE
T91FC 030:297.888 JLINK_IsHalted()
T91FC 030:298.330 - 0.442ms returns FALSE
T91FC 030:298.348 JLINK_IsHalted()
T91FC 030:298.742 - 0.392ms returns FALSE
T91FC 030:406.890 JLINK_IsHalted()
T91FC 030:407.476 - 0.585ms returns FALSE
T91FC 030:407.530 JLINK_IsHalted()
T91FC 030:407.952 - 0.419ms returns FALSE
T91FC 030:516.532 JLINK_IsHalted()
T91FC 030:517.254 - 0.721ms returns FALSE
T91FC 030:517.344 JLINK_IsHalted()
T91FC 030:517.898 - 0.553ms returns FALSE
T91FC 030:625.850 JLINK_IsHalted()
T91FC 030:626.522 - 0.669ms returns FALSE
T91FC 030:626.586 JLINK_IsHalted()
T91FC 030:627.114 - 0.528ms returns FALSE
T91FC 030:735.228 JLINK_IsHalted()
T91FC 030:735.808 - 0.576ms returns FALSE
T91FC 030:735.894 JLINK_IsHalted()
T91FC 030:736.416 - 0.520ms returns FALSE
T91FC 030:844.646 JLINK_IsHalted()
T91FC 030:845.210 - 0.564ms returns FALSE
T91FC 030:845.258 JLINK_IsHalted()
T91FC 030:845.766 - 0.508ms returns FALSE
T91FC 030:953.676 JLINK_IsHalted()
T91FC 030:954.372 - 0.690ms returns FALSE
T91FC 030:954.460 JLINK_IsHalted()
T91FC 030:954.996 - 0.532ms returns FALSE
T91FC 031:063.984 JLINK_IsHalted()
T91FC 031:064.614 - 0.631ms returns FALSE
T91FC 031:064.708 JLINK_IsHalted()
T91FC 031:065.296 - 0.586ms returns FALSE
TA95C 031:086.566 JLINK_IsHalted()
TA95C 031:087.020 - 0.453ms returns FALSE
TA95C 031:087.066 JLINK_IsHalted()
TA95C 031:087.398 - 0.333ms returns FALSE
T91FC 031:172.570 JLINK_IsHalted()
T91FC 031:173.248 - 0.675ms returns FALSE
T91FC 031:173.340 JLINK_IsHalted()
T91FC 031:173.872 - 0.530ms returns FALSE
T91FC 031:282.768 JLINK_IsHalted()
T91FC 031:283.308 - 0.540ms returns FALSE
T91FC 031:283.402 JLINK_IsHalted()
T91FC 031:283.888 - 0.488ms returns FALSE
T91FC 031:392.204 JLINK_IsHalted()
T91FC 031:392.844 - 0.640ms returns FALSE
T91FC 031:392.924 JLINK_IsHalted()
T91FC 031:393.468 - 0.545ms returns FALSE
T91FC 031:500.892 JLINK_IsHalted()
T91FC 031:501.318 - 0.424ms returns FALSE
T91FC 031:501.356 JLINK_IsHalted()
T91FC 031:501.680 - 0.321ms returns FALSE
T91FC 031:609.926 JLINK_IsHalted()
T91FC 031:610.464 - 0.534ms returns FALSE
T91FC 031:610.502 JLINK_IsHalted()
T91FC 031:610.886 - 0.381ms returns FALSE
T91FC 031:719.840 JLINK_IsHalted()
T91FC 031:720.234 - 0.394ms returns FALSE
T91FC 031:720.276 JLINK_IsHalted()
T91FC 031:720.676 - 0.398ms returns FALSE
T91FC 031:829.002 JLINK_IsHalted()
T91FC 031:829.610 - 0.605ms returns FALSE
T91FC 031:829.680 JLINK_IsHalted()
T91FC 031:830.212 - 0.531ms returns FALSE
T91FC 031:938.330 JLINK_IsHalted()
T91FC 031:940.052 - 1.718ms returns FALSE
T91FC 031:940.260 JLINK_IsHalted()
T91FC 031:940.848 - 0.588ms returns FALSE
T91FC 032:048.234 JLINK_IsHalted()
T91FC 032:048.822 - 0.588ms returns FALSE
T91FC 032:048.902 JLINK_IsHalted()
T91FC 032:049.524 - 0.619ms returns FALSE
TA95C 032:088.172 JLINK_IsHalted()
TA95C 032:088.678 - 0.506ms returns FALSE
TA95C 032:088.756 JLINK_IsHalted()
TA95C 032:089.252 - 0.497ms returns FALSE
T91FC 032:158.380 JLINK_IsHalted()
T91FC 032:159.004 - 0.624ms returns FALSE
T91FC 032:159.094 JLINK_IsHalted()
T91FC 032:159.658 - 0.562ms returns FALSE
T91FC 032:266.660 JLINK_IsHalted()
T91FC 032:267.148 - 0.488ms returns FALSE
T91FC 032:267.184 JLINK_IsHalted()
T91FC 032:267.558 - 0.374ms returns FALSE
T91FC 032:375.642 JLINK_IsHalted()
T91FC 032:376.346 - 0.702ms returns FALSE
T91FC 032:376.448 JLINK_IsHalted()
T91FC 032:377.014 - 0.563ms returns FALSE
T91FC 032:484.710 JLINK_IsHalted()
T91FC 032:485.430 - 0.718ms returns FALSE
T91FC 032:485.520 JLINK_IsHalted()
T91FC 032:486.122 - 0.601ms returns FALSE
T91FC 032:594.644 JLINK_IsHalted()
T91FC 032:595.094 - 0.451ms returns FALSE
T91FC 032:595.126 JLINK_IsHalted()
T91FC 032:595.508 - 0.379ms returns FALSE
T91FC 032:704.132 JLINK_IsHalted()
T91FC 032:704.788 - 0.654ms returns FALSE
T91FC 032:704.870 JLINK_IsHalted()
T91FC 032:705.402 - 0.529ms returns FALSE
T91FC 032:812.800 JLINK_IsHalted()
T91FC 032:813.286 - 0.487ms returns FALSE
T91FC 032:813.324 JLINK_IsHalted()
T91FC 032:813.738 - 0.411ms returns FALSE
T91FC 032:922.608 JLINK_IsHalted()
T91FC 032:923.046 - 0.436ms returns FALSE
T91FC 032:923.066 JLINK_IsHalted()
T91FC 032:923.398 - 0.332ms returns FALSE
T91FC 033:031.948 JLINK_IsHalted()
T91FC 033:032.684 - 0.735ms returns FALSE
T91FC 033:032.778 JLINK_IsHalted()
T91FC 033:033.386 - 0.605ms returns FALSE
TA95C 033:090.188 JLINK_IsHalted()
TA95C 033:090.852 - 0.663ms returns FALSE
TA95C 033:090.950 JLINK_IsHalted()
TA95C 033:091.420 - 0.469ms returns FALSE
T91FC 033:141.204 JLINK_IsHalted()
T91FC 033:141.818 - 0.613ms returns FALSE
T91FC 033:141.862 JLINK_IsHalted()
T91FC 033:142.436 - 0.571ms returns FALSE
T91FC 033:250.928 JLINK_IsHalted()
T91FC 033:251.268 - 0.335ms returns FALSE
T91FC 033:251.290 JLINK_IsHalted()
T91FC 033:251.514 - 0.223ms returns FALSE
T91FC 033:360.074 JLINK_IsHalted()
T91FC 033:360.726 - 0.652ms returns FALSE
T91FC 033:360.788 JLINK_IsHalted()
T91FC 033:361.428 - 0.640ms returns FALSE
T91FC 033:470.150 JLINK_IsHalted()
T91FC 033:470.764 - 0.615ms returns FALSE
T91FC 033:470.844 JLINK_IsHalted()
T91FC 033:471.332 - 0.482ms returns FALSE
T91FC 033:578.952 JLINK_IsHalted()
T91FC 033:579.564 - 0.611ms returns FALSE
T91FC 033:579.608 JLINK_IsHalted()
T91FC 033:580.052 - 0.446ms returns FALSE
T91FC 033:690.616 JLINK_IsHalted()
T91FC 033:691.416 - 0.798ms returns FALSE
T91FC 033:691.536 JLINK_IsHalted()
T91FC 033:692.148 - 0.612ms returns FALSE
T91FC 033:797.332 JLINK_IsHalted()
T91FC 033:797.788 - 0.458ms returns FALSE
T91FC 033:797.852 JLINK_IsHalted()
T91FC 033:798.208 - 0.355ms returns FALSE
T91FC 033:907.224 JLINK_IsHalted()
T91FC 033:907.848 - 0.621ms returns FALSE
T91FC 033:907.920 JLINK_IsHalted()
T91FC 033:908.372 - 0.450ms returns FALSE
T91FC 034:016.344 JLINK_IsHalted()
T91FC 034:016.988 - 0.644ms returns FALSE
T91FC 034:017.072 JLINK_IsHalted()
T91FC 034:017.648 - 0.577ms returns FALSE
TA95C 034:091.848 JLINK_IsHalted()
TA95C 034:092.428 - 0.580ms returns FALSE
TA95C 034:092.480 JLINK_IsHalted()
TA95C 034:092.872 - 0.390ms returns FALSE
T91FC 034:125.656 JLINK_IsHalted()
T91FC 034:126.224 - 0.568ms returns FALSE
T91FC 034:126.280 JLINK_IsHalted()
T91FC 034:126.840 - 0.558ms returns FALSE
T91FC 034:235.540 JLINK_IsHalted()
T91FC 034:235.984 - 0.442ms returns FALSE
T91FC 034:236.004 JLINK_IsHalted()
T91FC 034:236.336 - 0.330ms returns FALSE
T91FC 034:344.896 JLINK_IsHalted()
T91FC 034:345.488 - 0.589ms returns FALSE
T91FC 034:345.544 JLINK_IsHalted()
T91FC 034:345.976 - 0.434ms returns FALSE
T91FC 034:453.464 JLINK_IsHalted()
T91FC 034:453.832 - 0.368ms returns FALSE
T91FC 034:453.856 JLINK_IsHalted()
T91FC 034:454.176 - 0.320ms returns FALSE
T91FC 034:563.584 JLINK_IsHalted()
T91FC 034:564.052 - 0.469ms returns FALSE
T91FC 034:564.092 JLINK_IsHalted()
T91FC 034:564.520 - 0.427ms returns FALSE
T91FC 034:672.460 JLINK_IsHalted()
T91FC 034:672.956 - 0.492ms returns FALSE
T91FC 034:672.976 JLINK_IsHalted()
T91FC 034:673.380 - 0.401ms returns FALSE
T91FC 034:781.576 JLINK_IsHalted()
T91FC 034:782.008 - 0.428ms returns FALSE
T91FC 034:782.044 JLINK_IsHalted()
T91FC 034:782.372 - 0.323ms returns FALSE
T91FC 034:892.088 JLINK_IsHalted()
T91FC 034:892.772 - 0.681ms returns FALSE
T91FC 034:892.856 JLINK_IsHalted()
T91FC 034:893.464 - 0.604ms returns FALSE
T91FC 035:000.792 JLINK_IsHalted()
T91FC 035:001.496 - 0.701ms returns FALSE
T91FC 035:001.580 JLINK_IsHalted()
T91FC 035:002.152 - 0.573ms returns FALSE
TA95C 035:093.080 JLINK_IsHalted()
TA95C 035:093.664 - 0.584ms returns FALSE
TA95C 035:093.732 JLINK_IsHalted()
TA95C 035:094.184 - 0.453ms returns FALSE
T91FC 035:110.508 JLINK_IsHalted()
T91FC 035:111.064 - 0.553ms returns FALSE
T91FC 035:111.112 JLINK_IsHalted()
T91FC 035:111.596 - 0.486ms returns FALSE
T91FC 035:219.688 JLINK_IsHalted()
T91FC 035:220.264 - 0.571ms returns FALSE
T91FC 035:220.360 JLINK_IsHalted()
T91FC 035:220.832 - 0.472ms returns FALSE
T91FC 035:329.336 JLINK_IsHalted()
T91FC 035:329.864 - 0.530ms returns FALSE
T91FC 035:329.904 JLINK_IsHalted()
T91FC 035:330.304 - 0.401ms returns FALSE
T91FC 035:438.392 JLINK_IsHalted()
T91FC 035:439.088 - 0.696ms returns FALSE
T91FC 035:439.176 JLINK_IsHalted()
T91FC 035:439.728 - 0.553ms returns FALSE
T91FC 035:547.504 JLINK_IsHalted()
T91FC 035:548.120 - 0.616ms returns FALSE
T91FC 035:548.184 JLINK_IsHalted()
T91FC 035:548.724 - 0.538ms returns FALSE
T91FC 035:656.804 JLINK_IsHalted()
T91FC 035:657.368 - 0.561ms returns FALSE
T91FC 035:657.408 JLINK_IsHalted()
T91FC 035:657.884 - 0.475ms returns FALSE
T91FC 035:766.764 JLINK_IsHalted()
T91FC 035:767.320 - 0.555ms returns FALSE
T91FC 035:767.400 JLINK_IsHalted()
T91FC 035:767.792 - 0.395ms returns FALSE
T91FC 035:875.896 JLINK_IsHalted()
T91FC 035:876.452 - 0.551ms returns FALSE
T91FC 035:876.492 JLINK_IsHalted()
T91FC 035:876.928 - 0.434ms returns FALSE
T91FC 035:985.276 JLINK_IsHalted()
T91FC 035:985.800 - 0.525ms returns FALSE
T91FC 035:985.816 JLINK_IsHalted()
T91FC 035:986.208 - 0.389ms returns FALSE
TA95C 036:094.228 JLINK_IsHalted()
TA95C 036:094.764 - 0.537ms returns FALSE
TA95C 036:094.824 JLINK_IsHalted()
TA95C 036:095.268 - 0.444ms returns FALSE
T91FC 036:095.328 JLINK_IsHalted()
T91FC 036:095.816 - 0.488ms returns FALSE
T91FC 036:095.836 JLINK_IsHalted()
T91FC 036:096.292 - 0.451ms returns FALSE
T91FC 036:203.660 JLINK_IsHalted()
T91FC 036:204.108 - 0.446ms returns FALSE
T91FC 036:204.160 JLINK_IsHalted()
T91FC 036:204.440 - 0.281ms returns FALSE
T91FC 036:314.024 JLINK_IsHalted()
T91FC 036:314.468 - 0.441ms returns FALSE
T91FC 036:314.520 JLINK_IsHalted()
T91FC 036:315.012 - 0.486ms returns FALSE
T91FC 036:422.704 JLINK_IsHalted()
T91FC 036:423.236 - 0.528ms returns FALSE
T91FC 036:423.276 JLINK_IsHalted()
T91FC 036:423.704 - 0.427ms returns FALSE
T91FC 036:532.248 JLINK_IsHalted()
T91FC 036:533.308 - 1.057ms returns FALSE
T91FC 036:533.368 JLINK_IsHalted()
T91FC 036:533.876 - 0.506ms returns FALSE
T91FC 036:641.232 JLINK_IsHalted()
T91FC 036:641.764 - 0.532ms returns FALSE
T91FC 036:641.832 JLINK_IsHalted()
T91FC 036:642.272 - 0.440ms returns FALSE
T91FC 036:750.772 JLINK_IsHalted()
T91FC 036:751.312 - 0.539ms returns FALSE
T91FC 036:751.372 JLINK_IsHalted()
T91FC 036:751.824 - 0.450ms returns FALSE
T91FC 036:859.760 JLINK_IsHalted()
T91FC 036:860.372 - 0.611ms returns FALSE
T91FC 036:860.420 JLINK_IsHalted()
T91FC 036:860.928 - 0.509ms returns FALSE
T91FC 036:969.672 JLINK_IsHalted()
T91FC 036:970.228 - 0.552ms returns FALSE
T91FC 036:970.292 JLINK_IsHalted()
T91FC 036:970.776 - 0.483ms returns FALSE
T91FC 037:078.968 JLINK_IsHalted()
T91FC 037:079.464 - 0.493ms returns FALSE
T91FC 037:079.524 JLINK_IsHalted()
T91FC 037:080.096 - 0.571ms returns FALSE
TA95C 037:096.552 JLINK_IsHalted()
TA95C 037:097.064 - 0.508ms returns FALSE
TA95C 037:097.132 JLINK_IsHalted()
TA95C 037:097.992 - 0.859ms returns FALSE
T91FC 037:188.696 JLINK_IsHalted()
T91FC 037:189.268 - 0.571ms returns FALSE
T91FC 037:189.316 JLINK_IsHalted()
T91FC 037:189.752 - 0.439ms returns FALSE
T91FC 037:297.152 JLINK_IsHalted()
T91FC 037:297.908 - 0.754ms returns FALSE
T91FC 037:297.952 JLINK_IsHalted()
T91FC 037:298.280 - 0.326ms returns FALSE
T91FC 037:407.064 JLINK_IsHalted()
T91FC 037:407.996 - 0.932ms returns FALSE
T91FC 037:408.024 JLINK_IsHalted()
T91FC 037:408.408 - 0.388ms returns FALSE
T91FC 037:516.092 JLINK_IsHalted()
T91FC 037:516.508 - 0.417ms returns FALSE
T91FC 037:516.532 JLINK_IsHalted()
T91FC 037:516.956 - 0.424ms returns FALSE
T91FC 037:626.072 JLINK_IsHalted()
T91FC 037:626.416 - 0.345ms returns FALSE
T91FC 037:626.440 JLINK_IsHalted()
T91FC 037:626.664 - 0.223ms returns FALSE
T91FC 037:735.152 JLINK_IsHalted()
T91FC 037:735.576 - 0.423ms returns FALSE
T91FC 037:735.612 JLINK_IsHalted()
T91FC 037:736.016 - 0.401ms returns FALSE
T43F0 038:268.452 JLINK_Halt()
T43F0 038:274.440 - 5.986ms returns 0x00
T43F0 038:274.508 JLINK_ReadReg(XPSR)
T43F0 038:274.872   CPU_ReadMem(4 bytes @ 0xE000EE08)
T43F0 038:275.284 - 0.774ms returns 0x21000000
T43F0 038:284.376 JLINK_Close()
T43F0 038:311.644 - 27.264ms
T43F0 038:311.736   
T43F0 038:311.752   Closed
