T1D8C 000:001.277   SEGGER J-Link V7.96a Log File
T1D8C 000:001.404   DLL Compiled: Mar 14 2024 17:11:32
T1D8C 000:001.415   Logging started @ 2024-05-09 04:11
T1D8C 000:001.426   Process: C:\Users\trung.tran-quoc\.eclipse\com.renesas.platform_323107225\DebugComp\RA\e2-server-gdb.exe
T1D8C 000:001.438 - 1.436ms
T1D8C 000:001.456 JLINK_GetDLLVersion()
T1D8C 000:001.468 - 0.011ms returns 79601
T1D8C 000:002.345 JLINK_OpenEx(...)
T1D8C 000:009.163   Firmware: J-Link OB-RA4M2 compiled Mar 14 2024 13:23:21
T1D8C 000:009.751   Firmware: J-Link OB-RA4M2 compiled Mar 14 2024 13:23:21
T1D8C 000:023.151   Hardware: V1.00
T1D8C 000:023.190   S/N: 1083382679
T1D8C 000:023.206   OEM: SEGGER
T1D8C 000:023.227   Feature(s): None
T1D8C 000:023.714   Bootloader: 2021 May 14
T1D8C 000:024.078   USB speed mode: Full speed (12 MBit/s)
T1D8C 000:024.481   TELNET listener socket opened on port 19021
T1D8C 000:024.618   WEBSRV WEBSRV_Init(): Starting webserver thread(s)
T1D8C 000:024.739   WEBSRV Webserver running on local port 19080
T1D8C 000:024.844   Looking for J-Link GUI Server exe at: C:\Users\trung.tran-quoc\.eclipse\com.renesas.platform_323107225\DebugComp\RA\ARM\Segger_v7.96.1\JLinkGUIServer.exe
T1D8C 000:024.946   Looking for J-Link GUI Server exe at: C:\Users\trung.tran-quoc\SEGGER\JLink_V794g\JLinkGUIServer.exe
T1D8C 000:024.980   Forking J-Link GUI Server: C:\Users\trung.tran-quoc\SEGGER\JLink_V794g\JLinkGUIServer.exe
T1D8C 000:064.256   J-Link GUI Server info: "J-Link GUI server V7.94g "
T1D8C 000:066.961 - 64.609ms returns "O.K."
T1D8C 000:067.090 JLINK_TIF_Select(JLINKARM_TIF_SWD)
T1D8C 000:067.680 - 0.589ms returns 0x00
T1D8C 000:067.707 JLINK_ClrRESET()
T1D8C 000:067.899 - 0.192ms
T1D8C 000:118.685 JLINK_SetSpeed(1500)
T1D8C 000:119.043 - 0.372ms
T1D8C 000:119.116 JLINK_CORESIGHT_Configure(PerformTIFInit=0)
T1D8C 000:119.647 - 0.530ms returns 0
T1D8C 000:120.272 JLINK_CORESIGHT_ReadAPDPReg(DP reg 0x00)
T1D8C 000:120.726   Value=0x6BA02477
T1D8C 000:120.776 - 0.519ms returns 0
T1D8C 000:120.800 JLINK_CORESIGHT_WriteAPDPReg(DP reg 0x00, 0x0000001F)
T1D8C 000:121.016 - 0.216ms returns 0
T1D8C 000:121.039 JLINK_CORESIGHT_ReadAPDPReg(DP reg 0x00)
T1D8C 000:121.249   Value=0x6BA02477
T1D8C 000:121.280 - 0.240ms returns 0
T1D8C 000:121.301 JLINK_CORESIGHT_WriteAPDPReg(DP reg 0x02, 0x00000000)
T1D8C 000:121.516 - 0.215ms returns 0
T1D8C 000:121.539 JLINK_CORESIGHT_WriteAPDPReg(DP reg 0x01, 0x50000000)
T1D8C 000:121.754 - 0.215ms returns 0
T1D8C 000:121.780 JLINK_CORESIGHT_ReadAPDPReg(DP reg 0x01)
T1D8C 000:121.992   Value=0xF0000040
T1D8C 000:122.023 - 0.243ms returns 0
T1D8C 000:122.046 JLINK_CORESIGHT_WriteAPDPReg(DP reg 0x00, 0x0000001F)
T1D8C 000:122.260 - 0.214ms returns 0
T1D8C 000:122.285 JLINK_CORESIGHT_ReadAPDPReg(DP reg 0x00)
T1D8C 000:122.602   Value=0x6BA02477
T1D8C 000:122.634 - 0.349ms returns 0
T1D8C 000:122.656 JLINK_CORESIGHT_WriteAPDPReg(DP reg 0x01, 0x54000000)
T1D8C 000:122.872 - 0.216ms returns 0
T1D8C 000:122.897 JLINK_CORESIGHT_WriteAPDPReg(DP reg 0x01, 0x50000F00)
T1D8C 000:123.110 - 0.213ms returns 0
T1D8C 000:123.134 JLINK_CORESIGHT_WriteAPDPReg(DP reg 0x02, 0x01000000)
T1D8C 000:123.376 - 0.242ms returns 0
T1D8C 000:123.398 JLINK_CORESIGHT_WriteAPDPReg(AP reg 0x00, 0x80000002)
T1D8C 000:123.614 - 0.216ms returns 0
T1D8C 000:123.636 JLINK_CORESIGHT_WriteAPDPReg(AP reg 0x01, 0x80011100)
T1D8C 000:123.850 - 0.214ms returns 0
T1D8C 000:123.872 JLINK_CORESIGHT_WriteAPDPReg(AP reg 0x03, 0x000000A5)
T1D8C 000:124.081 - 0.209ms returns 0
T1D8C 000:124.104 JLINK_CORESIGHT_WriteAPDPReg(AP reg 0x00, 0x80000002)
T1D8C 000:124.376 - 0.272ms returns 0
T1D8C 000:124.398 JLINK_CORESIGHT_WriteAPDPReg(AP reg 0x01, 0x80011100)
T1D8C 000:124.614 - 0.216ms returns 0
T1D8C 000:124.638 JLINK_CORESIGHT_ReadAPDPReg(AP reg 0x03)
T1D8C 000:124.911   Value=0x000000A5
T1D8C 000:124.940 - 0.303ms returns 0
T1D8C 000:124.963 JLINK_ClrTMS()
T1D8C 000:125.056 - 0.094ms
T1D8C 000:130.634 JLINK_SetTCK()
T1D8C 000:130.791 - 0.158ms returns 0
T1D8C 000:135.962 JLINK_SetRESET()
T1D8C 000:136.223 - 0.262ms
T1D8C 000:336.689 JLINK_CORESIGHT_WriteAPDPReg(AP reg 0x00, 0x80000002)
T1D8C 000:337.245 - 0.554ms returns 0
T1D8C 000:337.409 JLINK_CORESIGHT_WriteAPDPReg(AP reg 0x01, 0x80011100)
T1D8C 000:337.872 - 0.463ms returns 0
T1D8C 000:337.955 JLINK_CORESIGHT_ReadAPDPReg(AP reg 0x03)
T1D8C 000:338.547   Value=0x00000000
T1D8C 000:338.637 - 0.682ms returns 0
T1D8C 000:338.690 JLINK_CORESIGHT_WriteAPDPReg(AP reg 0x00, 0x80000002)
T1D8C 000:339.110 - 0.419ms returns 0
T1D8C 000:339.186 JLINK_CORESIGHT_WriteAPDPReg(AP reg 0x01, 0x80011140)
T1D8C 000:339.568 - 0.382ms returns 0
T1D8C 000:339.640 JLINK_CORESIGHT_ReadAPDPReg(AP reg 0x03)
T1D8C 000:340.074   Value=0x00000002
T1D8C 000:340.157 - 0.517ms returns 0
T1D8C 000:340.203 JLINK_CORESIGHT_WriteAPDPReg(AP reg 0x00, 0x80000002)
T1D8C 000:340.628 - 0.424ms returns 0
T1D8C 000:340.699 JLINK_CORESIGHT_WriteAPDPReg(AP reg 0x01, 0x80011120)
T1D8C 000:341.079 - 0.379ms returns 0
T1D8C 000:341.148 JLINK_CORESIGHT_WriteAPDPReg(AP reg 0x03, 0x00000055)
T1D8C 000:341.550 - 0.401ms returns 0
T1D8C 000:341.620 JLINK_CORESIGHT_WriteAPDPReg(AP reg 0x00, 0x80000002)
T1D8C 000:341.982 - 0.361ms returns 0
T1D8C 000:342.051 JLINK_CORESIGHT_WriteAPDPReg(AP reg 0x01, 0x80011140)
T1D8C 000:342.509 - 0.457ms returns 0
T1D8C 000:342.626 JLINK_CORESIGHT_ReadAPDPReg(AP reg 0x03)
T1D8C 000:343.108   Value=0x00000000
T1D8C 000:343.215 - 0.589ms returns 0
T1D8C 000:343.267 JLINK_CORESIGHT_WriteAPDPReg(AP reg 0x00, 0x80000002)
T1D8C 000:343.684 - 0.417ms returns 0
T1D8C 000:343.756 JLINK_CORESIGHT_WriteAPDPReg(AP reg 0x01, 0x80011130)
T1D8C 000:344.141 - 0.385ms returns 0
T1D8C 000:344.211 JLINK_CORESIGHT_ReadAPDPReg(AP reg 0x03)
T1D8C 000:344.651   Value=0x000000C6
T1D8C 000:344.729 - 0.518ms returns 0
T1D8C 000:344.780 JLINK_CORESIGHT_WriteAPDPReg(AP reg 0x00, 0x80000002)
T1D8C 000:345.076 - 0.295ms returns 0
T1D8C 000:345.146 JLINK_CORESIGHT_WriteAPDPReg(AP reg 0x01, 0x80011140)
T1D8C 000:345.542 - 0.396ms returns 0
T1D8C 000:345.625 JLINK_CORESIGHT_ReadAPDPReg(AP reg 0x03)
T1D8C 000:346.154   Value=0x00000002
T1D8C 000:346.270 - 0.644ms returns 0
T1D8C 000:346.321 JLINK_CORESIGHT_WriteAPDPReg(AP reg 0x00, 0x80000002)
T1D8C 000:346.698 - 0.376ms returns 0
T1D8C 000:346.798 JLINK_CORESIGHT_WriteAPDPReg(AP reg 0x01, 0x80011120)
T1D8C 000:347.152 - 0.353ms returns 0
T1D8C 000:347.243 JLINK_CORESIGHT_WriteAPDPReg(AP reg 0x03, 0x3A010001)
T1D8C 000:347.557 - 0.314ms returns 0
T1D8C 000:347.628 JLINK_CORESIGHT_WriteAPDPReg(AP reg 0x00, 0x80000002)
T1D8C 000:347.964 - 0.336ms returns 0
T1D8C 000:348.031 JLINK_CORESIGHT_WriteAPDPReg(AP reg 0x01, 0x80011140)
T1D8C 000:348.358 - 0.327ms returns 0
T1D8C 000:348.427 JLINK_CORESIGHT_ReadAPDPReg(AP reg 0x03)
T1D8C 000:348.817   Value=0x00000002
T1D8C 000:348.900 - 0.475ms returns 0
T1D8C 000:348.946 JLINK_CORESIGHT_WriteAPDPReg(AP reg 0x00, 0x80000002)
T1D8C 000:349.260 - 0.313ms returns 0
T1D8C 000:349.329 JLINK_CORESIGHT_WriteAPDPReg(AP reg 0x01, 0x80011120)
T1D8C 000:349.712 - 0.382ms returns 0
T1D8C 000:349.783 JLINK_CORESIGHT_WriteAPDPReg(AP reg 0x03, 0x000003C5)
T1D8C 000:350.118 - 0.335ms returns 0
T1D8C 000:350.189 JLINK_CORESIGHT_WriteAPDPReg(AP reg 0x00, 0x80000002)
T1D8C 000:350.550 - 0.361ms returns 0
T1D8C 000:350.620 JLINK_CORESIGHT_WriteAPDPReg(AP reg 0x01, 0x80011140)
T1D8C 000:350.943 - 0.323ms returns 0
T1D8C 000:351.014 JLINK_CORESIGHT_ReadAPDPReg(AP reg 0x03)
T1D8C 000:351.395   Value=0x00000002
T1D8C 000:351.464 - 0.450ms returns 0
T1D8C 000:351.507 JLINK_CORESIGHT_ReadAPDPReg(AP reg 0x03)
T1D8C 000:351.841   Value=0x00000002
T1D8C 000:351.904 - 0.397ms returns 0
T1D8C 000:351.947 JLINK_CORESIGHT_ReadAPDPReg(AP reg 0x03)
T1D8C 000:352.329   Value=0x00000002
T1D8C 000:352.414 - 0.466ms returns 0
T1D8C 000:352.460 JLINK_CORESIGHT_ReadAPDPReg(AP reg 0x03)
T1D8C 000:352.812   Value=0x00000002
T1D8C 000:352.899 - 0.439ms returns 0
T1D8C 000:352.946 JLINK_CORESIGHT_ReadAPDPReg(AP reg 0x03)
T1D8C 000:353.271   Value=0x00000000
T1D8C 000:353.358 - 0.411ms returns 0
T1D8C 000:353.414 JLINK_CORESIGHT_WriteAPDPReg(AP reg 0x00, 0x80000002)
T1D8C 000:353.709 - 0.295ms returns 0
T1D8C 000:353.761 JLINK_CORESIGHT_WriteAPDPReg(AP reg 0x01, 0x80011130)
T1D8C 000:354.034 - 0.272ms returns 0
T1D8C 000:354.085 JLINK_CORESIGHT_ReadAPDPReg(AP reg 0x03)
T1D8C 000:354.489   Value=0x3A2A0081
T1D8C 000:354.554 - 0.468ms returns 0
T1D8C 000:354.600 JLINK_CORESIGHT_WriteAPDPReg(AP reg 0x00, 0x80000002)
T1D8C 000:354.862 - 0.262ms returns 0
T1D8C 000:354.913 JLINK_CORESIGHT_WriteAPDPReg(AP reg 0x01, 0x80011140)
T1D8C 000:355.178 - 0.265ms returns 0
T1D8C 000:355.229 JLINK_CORESIGHT_ReadAPDPReg(AP reg 0x03)
T1D8C 000:355.565   Value=0x00000000
T1D8C 000:355.621 - 0.392ms returns 0
T1D8C 000:355.662 JLINK_CORESIGHT_WriteAPDPReg(AP reg 0x00, 0x80000002)
T1D8C 000:355.917 - 0.255ms returns 0
T1D8C 000:355.964 JLINK_CORESIGHT_WriteAPDPReg(AP reg 0x01, 0x80011130)
T1D8C 000:356.212 - 0.249ms returns 0
T1D8C 000:356.259 JLINK_CORESIGHT_ReadAPDPReg(AP reg 0x03)
T1D8C 000:356.581   Value=0x808D5B00
T1D8C 000:356.633 - 0.373ms returns 0
T1D8C 000:356.671 JLINK_CORESIGHT_WriteAPDPReg(AP reg 0x00, 0x80000002)
T1D8C 000:356.948 - 0.276ms returns 0
T1D8C 000:356.991 JLINK_CORESIGHT_WriteAPDPReg(AP reg 0x01, 0x80011140)
T1D8C 000:357.230 - 0.239ms returns 0
T1D8C 000:357.274 JLINK_CORESIGHT_ReadAPDPReg(AP reg 0x03)
T1D8C 000:357.617   Value=0x00000000
T1D8C 000:357.685 - 0.411ms returns 0
T1D8C 000:357.727 JLINK_CORESIGHT_WriteAPDPReg(AP reg 0x00, 0x80000002)
T1D8C 000:357.998 - 0.271ms returns 0
T1D8C 000:358.042 JLINK_CORESIGHT_WriteAPDPReg(AP reg 0x01, 0x80011130)
T1D8C 000:358.290 - 0.247ms returns 0
T1D8C 000:358.334 JLINK_CORESIGHT_ReadAPDPReg(AP reg 0x03)
T1D8C 000:358.651   Value=0x0503030F
T1D8C 000:358.704 - 0.370ms returns 0
T1D8C 000:358.741 JLINK_CORESIGHT_WriteAPDPReg(AP reg 0x00, 0x80000002)
T1D8C 000:359.014 - 0.273ms returns 0
T1D8C 000:359.058 JLINK_CORESIGHT_WriteAPDPReg(AP reg 0x01, 0x80011140)
T1D8C 000:359.303 - 0.245ms returns 0
T1D8C 000:359.346 JLINK_CORESIGHT_ReadAPDPReg(AP reg 0x03)
T1D8C 000:359.655   Value=0x00000000
T1D8C 000:359.706 - 0.359ms returns 0
T1D8C 000:359.743 JLINK_CORESIGHT_WriteAPDPReg(AP reg 0x00, 0x80000002)
T1D8C 000:359.993 - 0.250ms returns 0
T1D8C 000:360.034 JLINK_CORESIGHT_WriteAPDPReg(AP reg 0x01, 0x80011130)
T1D8C 000:360.284 - 0.249ms returns 0
T1D8C 000:360.325 JLINK_CORESIGHT_ReadAPDPReg(AP reg 0x03)
T1D8C 000:360.633   Value=0x2E4B4E1C
T1D8C 000:360.685 - 0.360ms returns 0
T1D8C 000:360.720 JLINK_CORESIGHT_WriteAPDPReg(AP reg 0x00, 0x80000002)
T1D8C 000:361.001 - 0.281ms returns 0
T1D8C 000:361.042 JLINK_CORESIGHT_WriteAPDPReg(AP reg 0x01, 0x80011140)
T1D8C 000:361.283 - 0.241ms returns 0
T1D8C 000:361.323 JLINK_CORESIGHT_ReadAPDPReg(AP reg 0x03)
T1D8C 000:361.675   Value=0x00000000
T1D8C 000:361.758 - 0.434ms returns 0
T1D8C 000:361.804 JLINK_CORESIGHT_WriteAPDPReg(AP reg 0x00, 0x80000002)
T1D8C 000:362.138 - 0.333ms returns 0
T1D8C 000:362.409 JLINK_CORESIGHT_WriteAPDPReg(AP reg 0x01, 0x80011130)
T1D8C 000:362.725 - 0.315ms returns 0
T1D8C 000:362.789 JLINK_CORESIGHT_ReadAPDPReg(AP reg 0x03)
T1D8C 000:363.110   Value=0x4EFA423F
T1D8C 000:363.160 - 0.371ms returns 0
T1D8C 000:363.193 JLINK_CORESIGHT_WriteAPDPReg(AP reg 0x00, 0x80000002)
T1D8C 000:363.494 - 0.301ms returns 0
T1D8C 000:363.529 JLINK_CORESIGHT_WriteAPDPReg(AP reg 0x01, 0x80011140)
T1D8C 000:363.769 - 0.240ms returns 0
T1D8C 000:363.804 JLINK_CORESIGHT_ReadAPDPReg(AP reg 0x03)
T1D8C 000:364.099   Value=0x00000000
T1D8C 000:364.139 - 0.335ms returns 0
T1D8C 000:364.168 JLINK_CORESIGHT_WriteAPDPReg(AP reg 0x00, 0x80000002)
T1D8C 000:364.389 - 0.220ms returns 0
T1D8C 000:364.423 JLINK_CORESIGHT_WriteAPDPReg(AP reg 0x01, 0x80011130)
T1D8C 000:364.651 - 0.228ms returns 0
T1D8C 000:364.683 JLINK_CORESIGHT_ReadAPDPReg(AP reg 0x03)
T1D8C 000:364.975   Value=0x34503036
T1D8C 000:365.013 - 0.330ms returns 0
T1D8C 000:365.041 JLINK_CORESIGHT_WriteAPDPReg(AP reg 0x00, 0x80000002)
T1D8C 000:365.268 - 0.227ms returns 0
T1D8C 000:365.305 JLINK_CORESIGHT_WriteAPDPReg(AP reg 0x01, 0x80011140)
T1D8C 000:365.538 - 0.232ms returns 0
T1D8C 000:365.570 JLINK_CORESIGHT_ReadAPDPReg(AP reg 0x03)
T1D8C 000:365.859   Value=0x00000000
T1D8C 000:365.897 - 0.327ms returns 0
T1D8C 000:365.924 JLINK_CORESIGHT_WriteAPDPReg(AP reg 0x00, 0x80000002)
T1D8C 000:366.148 - 0.223ms returns 0
T1D8C 000:366.178 JLINK_CORESIGHT_WriteAPDPReg(AP reg 0x01, 0x80011130)
T1D8C 000:366.417 - 0.239ms returns 0
T1D8C 000:366.448 JLINK_CORESIGHT_ReadAPDPReg(AP reg 0x03)
T1D8C 000:366.739   Value=0x6A052D35
T1D8C 000:366.776 - 0.328ms returns 0
T1D8C 000:366.802 JLINK_CORESIGHT_WriteAPDPReg(AP reg 0x00, 0x80000002)
T1D8C 000:367.027 - 0.224ms returns 0
T1D8C 000:367.058 JLINK_CORESIGHT_WriteAPDPReg(AP reg 0x01, 0x80011140)
T1D8C 000:367.283 - 0.225ms returns 0
T1D8C 000:367.314 JLINK_CORESIGHT_ReadAPDPReg(AP reg 0x03)
T1D8C 000:367.607   Value=0x00000000
T1D8C 000:367.644 - 0.329ms returns 0
T1D8C 000:367.671 JLINK_CORESIGHT_WriteAPDPReg(AP reg 0x00, 0x80000002)
T1D8C 000:367.895 - 0.224ms returns 0
T1D8C 000:367.927 JLINK_CORESIGHT_WriteAPDPReg(AP reg 0x01, 0x80011130)
T1D8C 000:368.151 - 0.224ms returns 0
T1D8C 000:368.183 JLINK_CORESIGHT_ReadAPDPReg(AP reg 0x03)
T1D8C 000:368.474   Value=0x46375289
T1D8C 000:368.514 - 0.330ms returns 0
T1D8C 000:368.542 JLINK_CORESIGHT_WriteAPDPReg(AP reg 0x00, 0x80000002)
T1D8C 000:368.769 - 0.226ms returns 0
T1D8C 000:368.799 JLINK_CORESIGHT_WriteAPDPReg(AP reg 0x01, 0x80011140)
T1D8C 000:369.028 - 0.229ms returns 0
T1D8C 000:369.059 JLINK_CORESIGHT_ReadAPDPReg(AP reg 0x03)
T1D8C 000:369.380   Value=0x00000000
T1D8C 000:369.417 - 0.358ms returns 0
T1D8C 000:369.445 JLINK_CORESIGHT_WriteAPDPReg(AP reg 0x00, 0x80000002)
T1D8C 000:369.701 - 0.256ms returns 0
T1D8C 000:369.732 JLINK_CORESIGHT_WriteAPDPReg(AP reg 0x01, 0x80011130)
T1D8C 000:369.960 - 0.228ms returns 0
T1D8C 000:369.991 JLINK_CORESIGHT_ReadAPDPReg(AP reg 0x03)
T1D8C 000:370.282   Value=0x314D3841
T1D8C 000:370.319 - 0.328ms returns 0
T1D8C 000:370.345 JLINK_CORESIGHT_WriteAPDPReg(AP reg 0x00, 0x80000002)
T1D8C 000:370.596 - 0.250ms returns 0
T1D8C 000:370.639 JLINK_CORESIGHT_WriteAPDPReg(AP reg 0x01, 0x80011140)
T1D8C 000:370.877 - 0.238ms returns 0
T1D8C 000:370.908 JLINK_CORESIGHT_ReadAPDPReg(AP reg 0x03)
T1D8C 000:371.198   Value=0x00000000
T1D8C 000:371.235 - 0.327ms returns 0
T1D8C 000:371.262 JLINK_CORESIGHT_WriteAPDPReg(AP reg 0x00, 0x80000002)
T1D8C 000:371.497 - 0.234ms returns 0
T1D8C 000:371.528 JLINK_CORESIGHT_WriteAPDPReg(AP reg 0x01, 0x80011130)
T1D8C 000:371.752 - 0.224ms returns 0
T1D8C 000:371.783 JLINK_CORESIGHT_ReadAPDPReg(AP reg 0x03)
T1D8C 000:372.070   Value=0x43454841
T1D8C 000:372.107 - 0.324ms returns 0
T1D8C 000:372.134 JLINK_CORESIGHT_WriteAPDPReg(AP reg 0x00, 0x80000002)
T1D8C 000:372.412 - 0.278ms returns 0
T1D8C 000:372.444 JLINK_CORESIGHT_WriteAPDPReg(AP reg 0x01, 0x80011140)
T1D8C 000:372.687 - 0.242ms returns 0
T1D8C 000:372.730 JLINK_CORESIGHT_ReadAPDPReg(AP reg 0x03)
T1D8C 000:373.025   Value=0x00000000
T1D8C 000:373.069 - 0.339ms returns 0
T1D8C 000:373.096 JLINK_CORESIGHT_WriteAPDPReg(AP reg 0x00, 0x80000002)
T1D8C 000:373.380 - 0.284ms returns 0
T1D8C 000:373.410 JLINK_CORESIGHT_WriteAPDPReg(AP reg 0x01, 0x80011130)
T1D8C 000:373.633 - 0.223ms returns 0
T1D8C 000:373.663 JLINK_CORESIGHT_ReadAPDPReg(AP reg 0x03)
T1D8C 000:373.945   Value=0x20204442
T1D8C 000:373.980 - 0.317ms returns 0
T1D8C 000:374.005 JLINK_CORESIGHT_WriteAPDPReg(AP reg 0x00, 0x80000002)
T1D8C 000:374.217 - 0.212ms returns 0
T1D8C 000:374.246 JLINK_CORESIGHT_WriteAPDPReg(AP reg 0x01, 0x80011140)
T1D8C 000:374.489 - 0.242ms returns 0
T1D8C 000:374.518 JLINK_CORESIGHT_ReadAPDPReg(AP reg 0x03)
T1D8C 000:374.801   Value=0x00000000
T1D8C 000:374.835 - 0.317ms returns 0
T1D8C 000:374.860 JLINK_CORESIGHT_WriteAPDPReg(AP reg 0x00, 0x80000002)
T1D8C 000:375.111 - 0.250ms returns 0
T1D8C 000:375.140 JLINK_CORESIGHT_WriteAPDPReg(AP reg 0x01, 0x80011130)
T1D8C 000:375.379 - 0.239ms returns 0
T1D8C 000:375.408 JLINK_CORESIGHT_ReadAPDPReg(AP reg 0x03)
T1D8C 000:375.783   Value=0x00036D20
T1D8C 000:375.821 - 0.413ms returns 0
T1D8C 000:376.490 JLINK_CORESIGHT_WriteAPDPReg(AP reg 0x00, 0x80000002)
T1D8C 000:376.757 - 0.267ms returns 0
T1D8C 000:376.790 JLINK_CORESIGHT_WriteAPDPReg(AP reg 0x01, 0x80011140)
T1D8C 000:377.058 - 0.267ms returns 0
T1D8C 000:377.101 JLINK_CORESIGHT_ReadAPDPReg(AP reg 0x03)
T1D8C 000:377.421   Value=0x00000002
T1D8C 000:377.470 - 0.368ms returns 0
T1D8C 000:377.495 JLINK_CORESIGHT_WriteAPDPReg(AP reg 0x00, 0x80000002)
T1D8C 000:377.727 - 0.231ms returns 0
T1D8C 000:377.755 JLINK_CORESIGHT_WriteAPDPReg(AP reg 0x01, 0x80011120)
T1D8C 000:377.981 - 0.225ms returns 0
T1D8C 000:378.008 JLINK_CORESIGHT_WriteAPDPReg(AP reg 0x03, 0x2C010001)
T1D8C 000:378.226 - 0.217ms returns 0
T1D8C 000:378.253 JLINK_CORESIGHT_WriteAPDPReg(AP reg 0x00, 0x80000002)
T1D8C 000:378.521 - 0.267ms returns 0
T1D8C 000:378.565 JLINK_CORESIGHT_WriteAPDPReg(AP reg 0x01, 0x80011140)
T1D8C 000:378.835 - 0.269ms returns 0
T1D8C 000:378.880 JLINK_CORESIGHT_ReadAPDPReg(AP reg 0x03)
T1D8C 000:379.218   Value=0x00000002
T1D8C 000:379.267 - 0.386ms returns 0
T1D8C 000:379.292 JLINK_CORESIGHT_WriteAPDPReg(AP reg 0x00, 0x80000002)
T1D8C 000:379.570 - 0.278ms returns 0
T1D8C 000:379.617 JLINK_CORESIGHT_WriteAPDPReg(AP reg 0x01, 0x80011120)
T1D8C 000:379.866 - 0.249ms returns 0
T1D8C 000:379.904 JLINK_CORESIGHT_WriteAPDPReg(AP reg 0x03, 0x000003D3)
T1D8C 000:380.128 - 0.224ms returns 0
T1D8C 000:380.161 JLINK_CORESIGHT_WriteAPDPReg(AP reg 0x00, 0x80000002)
T1D8C 000:380.411 - 0.249ms returns 0
T1D8C 000:380.438 JLINK_CORESIGHT_WriteAPDPReg(AP reg 0x01, 0x80011140)
T1D8C 000:380.667 - 0.229ms returns 0
T1D8C 000:380.696 JLINK_CORESIGHT_ReadAPDPReg(AP reg 0x03)
T1D8C 000:380.980   Value=0x00000002
T1D8C 000:381.012 - 0.316ms returns 0
T1D8C 000:381.033 JLINK_CORESIGHT_ReadAPDPReg(AP reg 0x03)
T1D8C 000:381.285   Value=0x00000000
T1D8C 000:381.317 - 0.283ms returns 0
T1D8C 000:381.338 JLINK_CORESIGHT_WriteAPDPReg(AP reg 0x00, 0x80000002)
T1D8C 000:381.555 - 0.216ms returns 0
T1D8C 000:381.580 JLINK_CORESIGHT_WriteAPDPReg(AP reg 0x01, 0x80011130)
T1D8C 000:381.795 - 0.215ms returns 0
T1D8C 000:381.821 JLINK_CORESIGHT_ReadAPDPReg(AP reg 0x03)
T1D8C 000:382.099   Value=0x2C020081
T1D8C 000:382.131 - 0.309ms returns 0
T1D8C 000:382.153 JLINK_CORESIGHT_WriteAPDPReg(AP reg 0x00, 0x80000002)
T1D8C 000:382.386 - 0.232ms returns 0
T1D8C 000:382.421 JLINK_CORESIGHT_WriteAPDPReg(AP reg 0x01, 0x80011140)
T1D8C 000:382.677 - 0.255ms returns 0
T1D8C 000:382.715 JLINK_CORESIGHT_ReadAPDPReg(AP reg 0x03)
T1D8C 000:383.007   Value=0x00000000
T1D8C 000:383.049 - 0.334ms returns 0
T1D8C 000:383.073 JLINK_CORESIGHT_WriteAPDPReg(AP reg 0x00, 0x80000002)
T1D8C 000:383.294 - 0.220ms returns 0
T1D8C 000:383.320 JLINK_CORESIGHT_WriteAPDPReg(AP reg 0x01, 0x80011130)
T1D8C 000:383.543 - 0.223ms returns 0
T1D8C 000:383.569 JLINK_CORESIGHT_ReadAPDPReg(AP reg 0x03)
T1D8C 000:383.848   Value=0x0003CE04
T1D8C 000:383.880 - 0.311ms returns 0
T1D8C 000:383.911 JLINK_CORESIGHT_WriteAPDPReg(AP reg 0x00, 0x80000002)
T1D8C 000:384.132 - 0.221ms returns 0
T1D8C 000:384.158 JLINK_CORESIGHT_WriteAPDPReg(AP reg 0x01, 0x80011140)
T1D8C 000:384.369 - 0.211ms returns 0
T1D8C 000:384.395 JLINK_CORESIGHT_ReadAPDPReg(AP reg 0x03)
T1D8C 000:384.673   Value=0x00000002
T1D8C 000:384.705 - 0.310ms returns 0
T1D8C 000:384.727 JLINK_CORESIGHT_WriteAPDPReg(AP reg 0x00, 0x80000002)
T1D8C 000:384.949 - 0.222ms returns 0
T1D8C 000:384.975 JLINK_CORESIGHT_WriteAPDPReg(AP reg 0x01, 0x80011120)
T1D8C 000:385.191 - 0.216ms returns 0
T1D8C 000:385.216 JLINK_CORESIGHT_WriteAPDPReg(AP reg 0x03, 0x73010001)
T1D8C 000:385.445 - 0.229ms returns 0
T1D8C 000:385.471 JLINK_CORESIGHT_WriteAPDPReg(AP reg 0x00, 0x80000002)
T1D8C 000:385.688 - 0.217ms returns 0
T1D8C 000:385.712 JLINK_CORESIGHT_WriteAPDPReg(AP reg 0x01, 0x80011140)
T1D8C 000:385.928 - 0.215ms returns 0
T1D8C 000:385.953 JLINK_CORESIGHT_ReadAPDPReg(AP reg 0x03)
T1D8C 000:386.233   Value=0x00000002
T1D8C 000:386.274 - 0.321ms returns 0
T1D8C 000:386.295 JLINK_CORESIGHT_WriteAPDPReg(AP reg 0x00, 0x80000002)
T1D8C 000:386.511 - 0.215ms returns 0
T1D8C 000:386.536 JLINK_CORESIGHT_WriteAPDPReg(AP reg 0x01, 0x80011120)
T1D8C 000:386.751 - 0.215ms returns 0
T1D8C 000:386.776 JLINK_CORESIGHT_WriteAPDPReg(AP reg 0x03, 0x0000038C)
T1D8C 000:386.994 - 0.218ms returns 0
T1D8C 000:387.019 JLINK_CORESIGHT_WriteAPDPReg(AP reg 0x00, 0x80000002)
T1D8C 000:387.244 - 0.225ms returns 0
T1D8C 000:387.269 JLINK_CORESIGHT_WriteAPDPReg(AP reg 0x01, 0x80011140)
T1D8C 000:387.494 - 0.225ms returns 0
T1D8C 000:387.519 JLINK_CORESIGHT_ReadAPDPReg(AP reg 0x03)
T1D8C 000:387.800   Value=0x00000002
T1D8C 000:387.831 - 0.312ms returns 0
T1D8C 000:387.853 JLINK_CORESIGHT_ReadAPDPReg(AP reg 0x03)
T1D8C 000:388.128   Value=0x00000000
T1D8C 000:388.159 - 0.306ms returns 0
T1D8C 000:388.180 JLINK_CORESIGHT_WriteAPDPReg(AP reg 0x00, 0x80000002)
T1D8C 000:388.408 - 0.228ms returns 0
T1D8C 000:388.433 JLINK_CORESIGHT_WriteAPDPReg(AP reg 0x01, 0x80011130)
T1D8C 000:388.648 - 0.215ms returns 0
T1D8C 000:388.673 JLINK_CORESIGHT_ReadAPDPReg(AP reg 0x03)
T1D8C 000:388.954   Value=0x73020081
T1D8C 000:388.986 - 0.312ms returns 0
T1D8C 000:389.007 JLINK_CORESIGHT_WriteAPDPReg(AP reg 0x00, 0x80000002)
T1D8C 000:389.253 - 0.246ms returns 0
T1D8C 000:389.278 JLINK_CORESIGHT_WriteAPDPReg(AP reg 0x01, 0x80011140)
T1D8C 000:389.493 - 0.215ms returns 0
T1D8C 000:389.518 JLINK_CORESIGHT_ReadAPDPReg(AP reg 0x03)
T1D8C 000:389.827   Value=0x00000000
T1D8C 000:389.868 - 0.350ms returns 0
T1D8C 000:389.891 JLINK_CORESIGHT_WriteAPDPReg(AP reg 0x00, 0x80000002)
T1D8C 000:390.112 - 0.221ms returns 0
T1D8C 000:390.138 JLINK_CORESIGHT_WriteAPDPReg(AP reg 0x01, 0x80011130)
T1D8C 000:390.377 - 0.239ms returns 0
T1D8C 000:390.402 JLINK_CORESIGHT_ReadAPDPReg(AP reg 0x03)
T1D8C 000:390.679   Value=0x00038902
T1D8C 000:390.710 - 0.308ms returns 0
T1D8C 000:390.733 JLINK_CORESIGHT_WriteAPDPReg(AP reg 0x00, 0x80000002)
T1D8C 000:390.947 - 0.214ms returns 0
T1D8C 000:390.972 JLINK_CORESIGHT_WriteAPDPReg(AP reg 0x01, 0x80011140)
T1D8C 000:391.188 - 0.216ms returns 0
T1D8C 000:391.214 JLINK_CORESIGHT_ReadAPDPReg(AP reg 0x03)
T1D8C 000:391.546   Value=0x00000002
T1D8C 000:391.577 - 0.363ms returns 0
T1D8C 000:391.598 JLINK_CORESIGHT_WriteAPDPReg(AP reg 0x00, 0x80000002)
T1D8C 000:391.813 - 0.215ms returns 0
T1D8C 000:391.839 JLINK_CORESIGHT_WriteAPDPReg(AP reg 0x01, 0x80011120)
T1D8C 000:392.056 - 0.217ms returns 0
T1D8C 000:392.082 JLINK_CORESIGHT_WriteAPDPReg(AP reg 0x03, 0x75010001)
T1D8C 000:392.398 - 0.315ms returns 0
T1D8C 000:392.436 JLINK_CORESIGHT_WriteAPDPReg(AP reg 0x00, 0x80000002)
T1D8C 000:392.691 - 0.255ms returns 0
T1D8C 000:392.730 JLINK_CORESIGHT_WriteAPDPReg(AP reg 0x01, 0x80011140)
T1D8C 000:392.986 - 0.256ms returns 0
T1D8C 000:393.033 JLINK_CORESIGHT_ReadAPDPReg(AP reg 0x03)
T1D8C 000:393.405   Value=0x00000002
T1D8C 000:393.450 - 0.417ms returns 0
T1D8C 000:393.473 JLINK_CORESIGHT_WriteAPDPReg(AP reg 0x00, 0x80000002)
T1D8C 000:393.735 - 0.261ms returns 0
T1D8C 000:393.775 JLINK_CORESIGHT_WriteAPDPReg(AP reg 0x01, 0x80011120)
T1D8C 000:394.013 - 0.237ms returns 0
T1D8C 000:394.049 JLINK_CORESIGHT_WriteAPDPReg(AP reg 0x03, 0x0000038A)
T1D8C 000:394.272 - 0.223ms returns 0
T1D8C 000:394.300 JLINK_CORESIGHT_WriteAPDPReg(AP reg 0x00, 0x80000002)
T1D8C 000:394.526 - 0.226ms returns 0
T1D8C 000:394.554 JLINK_CORESIGHT_WriteAPDPReg(AP reg 0x01, 0x80011140)
T1D8C 000:394.776 - 0.222ms returns 0
T1D8C 000:394.803 JLINK_CORESIGHT_ReadAPDPReg(AP reg 0x03)
T1D8C 000:395.100   Value=0x00000002
T1D8C 000:395.148 - 0.345ms returns 0
T1D8C 000:395.172 JLINK_CORESIGHT_ReadAPDPReg(AP reg 0x03)
T1D8C 000:395.644   Value=0x00000002
T1D8C 000:395.693 - 0.520ms returns 0
T1D8C 000:395.718 JLINK_CORESIGHT_ReadAPDPReg(AP reg 0x03)
T1D8C 000:396.014   Value=0x00000002
T1D8C 000:396.060 - 0.341ms returns 0
T1D8C 000:396.084 JLINK_CORESIGHT_ReadAPDPReg(AP reg 0x03)
T1D8C 000:396.381   Value=0x00000002
T1D8C 000:396.432 - 0.348ms returns 0
T1D8C 000:396.456 JLINK_CORESIGHT_ReadAPDPReg(AP reg 0x03)
T1D8C 000:396.713   Value=0x00000002
T1D8C 000:396.746 - 0.290ms returns 0
T1D8C 000:396.768 JLINK_CORESIGHT_ReadAPDPReg(AP reg 0x03)
T1D8C 000:397.020   Value=0x00000002
T1D8C 000:397.054 - 0.285ms returns 0
T1D8C 000:397.077 JLINK_CORESIGHT_ReadAPDPReg(AP reg 0x03)
T1D8C 000:397.379   Value=0x00000002
T1D8C 000:397.412 - 0.336ms returns 0
T1D8C 000:397.435 JLINK_CORESIGHT_ReadAPDPReg(AP reg 0x03)
T1D8C 000:397.687   Value=0x00000002
T1D8C 000:397.721 - 0.285ms returns 0
T1D8C 000:397.744 JLINK_CORESIGHT_ReadAPDPReg(AP reg 0x03)
T1D8C 000:397.993   Value=0x00000002
T1D8C 000:398.029 - 0.285ms returns 0
T1D8C 000:398.051 JLINK_CORESIGHT_ReadAPDPReg(AP reg 0x03)
T1D8C 000:398.372   Value=0x00000002
T1D8C 000:398.405 - 0.353ms returns 0
T1D8C 000:398.427 JLINK_CORESIGHT_ReadAPDPReg(AP reg 0x03)
T1D8C 000:398.681   Value=0x00000000
T1D8C 000:398.713 - 0.286ms returns 0
T1D8C 000:398.735 JLINK_CORESIGHT_WriteAPDPReg(AP reg 0x00, 0x80000002)
T1D8C 000:398.955 - 0.219ms returns 0
T1D8C 000:398.981 JLINK_CORESIGHT_WriteAPDPReg(AP reg 0x01, 0x80011130)
T1D8C 000:399.195 - 0.214ms returns 0
T1D8C 000:399.220 JLINK_CORESIGHT_ReadAPDPReg(AP reg 0x03)
T1D8C 000:399.548   Value=0x75020081
T1D8C 000:399.580 - 0.360ms returns 0
T1D8C 000:399.602 JLINK_CORESIGHT_WriteAPDPReg(AP reg 0x00, 0x80000002)
T1D8C 000:399.816 - 0.213ms returns 0
T1D8C 000:399.842 JLINK_CORESIGHT_WriteAPDPReg(AP reg 0x01, 0x80011140)
T1D8C 000:400.059 - 0.217ms returns 0
T1D8C 000:400.085 JLINK_CORESIGHT_ReadAPDPReg(AP reg 0x03)
T1D8C 000:400.363   Value=0x00000000
T1D8C 000:400.395 - 0.310ms returns 0
T1D8C 000:400.418 JLINK_CORESIGHT_WriteAPDPReg(AP reg 0x00, 0x80000002)
T1D8C 000:400.638 - 0.220ms returns 0
T1D8C 000:400.663 JLINK_CORESIGHT_WriteAPDPReg(AP reg 0x01, 0x80011130)
T1D8C 000:400.878 - 0.215ms returns 0
T1D8C 000:400.904 JLINK_CORESIGHT_ReadAPDPReg(AP reg 0x03)
T1D8C 000:401.181   Value=0x00038702
T1D8C 000:401.214 - 0.309ms returns 0
T1D8C 000:401.245 JLINK_CORESIGHT_WriteAPDPReg(AP reg 0x00, 0x80000002)
T1D8C 000:401.486 - 0.241ms returns 0
T1D8C 000:401.513 JLINK_CORESIGHT_WriteAPDPReg(AP reg 0x01, 0x80011140)
T1D8C 000:401.729 - 0.217ms returns 0
T1D8C 000:401.758 JLINK_CORESIGHT_ReadAPDPReg(AP reg 0x03)
T1D8C 000:402.033   Value=0x00000002
T1D8C 000:402.065 - 0.307ms returns 0
T1D8C 000:402.089 JLINK_CORESIGHT_WriteAPDPReg(AP reg 0x00, 0x80000002)
T1D8C 000:402.396 - 0.307ms returns 0
T1D8C 000:402.434 JLINK_CORESIGHT_WriteAPDPReg(AP reg 0x01, 0x80011120)
T1D8C 000:402.685 - 0.251ms returns 0
T1D8C 000:402.724 JLINK_CORESIGHT_WriteAPDPReg(AP reg 0x03, 0x4F010001)
T1D8C 000:402.939 - 0.214ms returns 0
T1D8C 000:402.976 JLINK_CORESIGHT_WriteAPDPReg(AP reg 0x00, 0x80000002)
T1D8C 000:403.201 - 0.225ms returns 0
T1D8C 000:403.228 JLINK_CORESIGHT_WriteAPDPReg(AP reg 0x01, 0x80011140)
T1D8C 000:403.488 - 0.260ms returns 0
T1D8C 000:403.515 JLINK_CORESIGHT_ReadAPDPReg(AP reg 0x03)
T1D8C 000:403.801   Value=0x00000002
T1D8C 000:403.832 - 0.317ms returns 0
T1D8C 000:403.856 JLINK_CORESIGHT_WriteAPDPReg(AP reg 0x00, 0x80000002)
T1D8C 000:404.077 - 0.221ms returns 0
T1D8C 000:404.103 JLINK_CORESIGHT_WriteAPDPReg(AP reg 0x01, 0x80011120)
T1D8C 000:404.378 - 0.275ms returns 0
T1D8C 000:404.405 JLINK_CORESIGHT_WriteAPDPReg(AP reg 0x03, 0x000003B0)
T1D8C 000:404.621 - 0.216ms returns 0
T1D8C 000:404.647 JLINK_CORESIGHT_WriteAPDPReg(AP reg 0x00, 0x80000002)
T1D8C 000:404.863 - 0.216ms returns 0
T1D8C 000:404.889 JLINK_CORESIGHT_WriteAPDPReg(AP reg 0x01, 0x80011140)
T1D8C 000:405.113 - 0.223ms returns 0
T1D8C 000:405.139 JLINK_CORESIGHT_ReadAPDPReg(AP reg 0x03)
T1D8C 000:405.414   Value=0x00000002
T1D8C 000:405.445 - 0.305ms returns 0
T1D8C 000:405.467 JLINK_CORESIGHT_ReadAPDPReg(AP reg 0x03)
T1D8C 000:405.744   Value=0x00000002
T1D8C 000:405.776 - 0.308ms returns 0
T1D8C 000:405.799 JLINK_CORESIGHT_ReadAPDPReg(AP reg 0x03)
T1D8C 000:406.051   Value=0x00000002
T1D8C 000:406.084 - 0.284ms returns 0
T1D8C 000:406.117 JLINK_CORESIGHT_ReadAPDPReg(AP reg 0x03)
T1D8C 000:406.371   Value=0x00000002
T1D8C 000:406.404 - 0.287ms returns 0
T1D8C 000:406.427 JLINK_CORESIGHT_ReadAPDPReg(AP reg 0x03)
T1D8C 000:406.703   Value=0x00000002
T1D8C 000:406.734 - 0.307ms returns 0
T1D8C 000:406.757 JLINK_CORESIGHT_ReadAPDPReg(AP reg 0x03)
T1D8C 000:407.002   Value=0x00000002
T1D8C 000:407.035 - 0.278ms returns 0
T1D8C 000:407.057 JLINK_CORESIGHT_ReadAPDPReg(AP reg 0x03)
T1D8C 000:407.377   Value=0x00000002
T1D8C 000:407.408 - 0.351ms returns 0
T1D8C 000:407.431 JLINK_CORESIGHT_ReadAPDPReg(AP reg 0x03)
T1D8C 000:407.679   Value=0x00000002
T1D8C 000:407.710 - 0.279ms returns 0
T1D8C 000:407.731 JLINK_CORESIGHT_ReadAPDPReg(AP reg 0x03)
T1D8C 000:408.006   Value=0x00000000
T1D8C 000:408.042 - 0.310ms returns 0
T1D8C 000:408.065 JLINK_CORESIGHT_WriteAPDPReg(AP reg 0x00, 0x80000002)
T1D8C 000:408.370 - 0.305ms returns 0
T1D8C 000:408.397 JLINK_CORESIGHT_WriteAPDPReg(AP reg 0x01, 0x80011130)
T1D8C 000:408.611 - 0.214ms returns 0
T1D8C 000:408.637 JLINK_CORESIGHT_ReadAPDPReg(AP reg 0x03)
T1D8C 000:408.913   Value=0x4F0B0081
T1D8C 000:408.943 - 0.306ms returns 0
T1D8C 000:408.965 JLINK_CORESIGHT_WriteAPDPReg(AP reg 0x00, 0x80000002)
T1D8C 000:409.180 - 0.215ms returns 0
T1D8C 000:409.205 JLINK_CORESIGHT_WriteAPDPReg(AP reg 0x01, 0x80011140)
T1D8C 000:409.484 - 0.279ms returns 0
T1D8C 000:409.509 JLINK_CORESIGHT_ReadAPDPReg(AP reg 0x03)
T1D8C 000:409.783   Value=0x00000000
T1D8C 000:409.813 - 0.303ms returns 0
T1D8C 000:409.835 JLINK_CORESIGHT_WriteAPDPReg(AP reg 0x00, 0x80000002)
T1D8C 000:410.048 - 0.213ms returns 0
T1D8C 000:410.073 JLINK_CORESIGHT_WriteAPDPReg(AP reg 0x01, 0x80011130)
T1D8C 000:410.266 - 0.193ms returns 0
T1D8C 000:410.291 JLINK_CORESIGHT_ReadAPDPReg(AP reg 0x03)
T1D8C 000:410.564   Value=0xE03F0000
T1D8C 000:410.594 - 0.303ms returns 0
T1D8C 000:410.619 JLINK_CORESIGHT_WriteAPDPReg(AP reg 0x00, 0x80000002)
T1D8C 000:410.835 - 0.215ms returns 0
T1D8C 000:410.861 JLINK_CORESIGHT_WriteAPDPReg(AP reg 0x01, 0x80011140)
T1D8C 000:411.075 - 0.214ms returns 0
T1D8C 000:411.100 JLINK_CORESIGHT_ReadAPDPReg(AP reg 0x03)
T1D8C 000:411.377   Value=0x00000000
T1D8C 000:411.407 - 0.306ms returns 0
T1D8C 000:411.429 JLINK_CORESIGHT_WriteAPDPReg(AP reg 0x00, 0x80000002)
T1D8C 000:411.649 - 0.220ms returns 0
T1D8C 000:411.675 JLINK_CORESIGHT_WriteAPDPReg(AP reg 0x01, 0x80011130)
T1D8C 000:411.930 - 0.254ms returns 0
T1D8C 000:411.976 JLINK_CORESIGHT_ReadAPDPReg(AP reg 0x03)
T1D8C 000:412.333   Value=0x00003F00
T1D8C 000:412.375 - 0.399ms returns 0
T1D8C 000:412.401 JLINK_CORESIGHT_WriteAPDPReg(AP reg 0x00, 0x80000002)
T1D8C 000:412.806 - 0.400ms returns 0
T1D8C 000:412.886 JLINK_CORESIGHT_WriteAPDPReg(AP reg 0x01, 0x80011140)
T1D8C 000:413.119 - 0.232ms returns 0
T1D8C 000:413.162 JLINK_CORESIGHT_ReadAPDPReg(AP reg 0x03)
T1D8C 000:413.442   Value=0x00000000
T1D8C 000:413.473 - 0.311ms returns 0
T1D8C 000:413.496 JLINK_CORESIGHT_WriteAPDPReg(AP reg 0x00, 0x80000002)
T1D8C 000:413.716 - 0.220ms returns 0
T1D8C 000:413.742 JLINK_CORESIGHT_WriteAPDPReg(AP reg 0x01, 0x80011130)
T1D8C 000:413.957 - 0.215ms returns 0
T1D8C 000:413.983 JLINK_CORESIGHT_ReadAPDPReg(AP reg 0x03)
T1D8C 000:414.260   Value=0x03480000
T1D8C 000:414.291 - 0.308ms returns 0
T1D8C 000:414.899 JLINK_CORESIGHT_ReadAPDPReg(DP reg 0x01)
T1D8C 000:415.157   Value=0xF0000F40
T1D8C 000:415.188 - 0.289ms returns 0
T1D8C 000:415.210 JLINK_CORESIGHT_WriteAPDPReg(DP reg 0x01, 0xA0000F40)
T1D8C 000:415.415 - 0.204ms returns 0
T1D8C 000:415.440 JLINK_CORESIGHT_ReadAPDPReg(DP reg 0x01)
T1D8C 000:415.655   Value=0x00000F40
T1D8C 000:415.688 - 0.247ms returns 0
T1D8C 000:415.710 JLINK_ClrRESET()
T1D8C 000:415.938 - 0.228ms
T1D8C 000:525.806 JLINK_Close()
T1D8C 000:542.364 - 16.556ms
T1D8C 000:542.490   
T1D8C 000:542.534   Closed
