T37D8 000:000.751   SEGGER J-Link V7.92j Log File
T37D8 000:000.925   DLL Compiled: Oct 12 2023 14:38:59
T37D8 000:000.941   Logging started @ 2023-12-08 23:09
T37D8 000:000.955   Process: C:\Users\a5099044\.eclipse\com.renesas.platform_1437746368\DebugComp\RA\e2-server-gdb.exe
T37D8 000:000.971 - 0.969ms
T37D8 000:000.991 JLINK_GetDLLVersion()
T37D8 000:001.005 - 0.014ms returns 79210
T37D8 000:001.725 JLINK_OpenEx(...)
T37D8 000:012.506   Firmware: J-Link OB-RA4M2 compiled Sep 13 2023 14:47:46
T37D8 000:013.255   Firmware: J-Link OB-RA4M2 compiled Sep 13 2023 14:47:46
T37D8 000:028.926   Hardware: V1.00
T37D8 000:029.016   S/N: 1082859018
T37D8 000:029.037   OEM: SEGGER
T37D8 000:029.063   Feature(s): None
T37D8 000:032.948   Bootloader: 2021 May 14
T37D8 000:033.659   USB speed mode: Full speed (12 MBit/s)
T37D8 000:034.254   TELNET listener socket opened on port 19021
T37D8 000:034.508   WEBSRV WEBSRV_Init(): Starting webserver thread(s)
T37D8 000:034.778   WEBSRV Webserver running on local port 19080
T37D8 000:034.991   Looking for J-Link GUI Server exe at: C:\Users\a5099044\.eclipse\com.renesas.platform_1437746368\DebugComp\RA\ARM\Segger_v7.92.10\JLinkGUIServer.exe
T37D8 000:035.193   Looking for J-Link GUI Server exe at: \JLinkGUIServer.exe
T37D8 000:335.924   Failed to connect to J-Link GUI Server.
T37D8 000:336.020 - 334.285ms returns "O.K."
T37D8 000:336.250 JLINK_TIF_Select(JLINKARM_TIF_SWD)
T37D8 000:337.118 - 0.867ms returns 0x00
T37D8 000:337.176 JLINK_ClrRESET()
T37D8 000:337.586 - 0.409ms
T37D8 000:388.779 JLINK_SetSpeed(1500)
T37D8 000:389.203 - 0.424ms
T37D8 000:389.244 JLINK_CORESIGHT_Configure(PerformTIFInit=0)
T37D8 000:390.179 - 0.938ms returns 0
T37D8 000:390.219 JLINK_CORESIGHT_ReadAPDPReg(DP reg 0x00)
T37D8 000:391.008   Value=0x6BA02477
T37D8 000:391.052 - 0.832ms returns 0
T37D8 000:391.069 JLINK_CORESIGHT_WriteAPDPReg(DP reg 0x00, 0x0000001F)
T37D8 000:391.384 - 0.314ms returns 0
T37D8 000:391.419 JLINK_CORESIGHT_ReadAPDPReg(DP reg 0x00)
T37D8 000:391.779   Value=0x6BA02477
T37D8 000:391.820 - 0.400ms returns 0
T37D8 000:391.837 JLINK_CORESIGHT_WriteAPDPReg(DP reg 0x02, 0x00000000)
T37D8 000:392.206 - 0.369ms returns 0
T37D8 000:392.239 JLINK_CORESIGHT_WriteAPDPReg(DP reg 0x01, 0x50000000)
T37D8 000:392.614 - 0.375ms returns 0
T37D8 000:392.653 JLINK_CORESIGHT_ReadAPDPReg(DP reg 0x01)
T37D8 000:393.051   Value=0xF0000040
T37D8 000:393.153 - 0.499ms returns 0
T37D8 000:393.199 JLINK_CORESIGHT_WriteAPDPReg(DP reg 0x00, 0x0000001F)
T37D8 000:393.629 - 0.429ms returns 0
T37D8 000:393.718 JLINK_CORESIGHT_ReadAPDPReg(DP reg 0x00)
T37D8 000:394.213   Value=0x6BA02477
T37D8 000:394.254 - 0.537ms returns 0
T37D8 000:394.273 JLINK_CORESIGHT_WriteAPDPReg(DP reg 0x01, 0x54000000)
T37D8 000:394.643 - 0.370ms returns 0
T37D8 000:394.681 JLINK_CORESIGHT_WriteAPDPReg(DP reg 0x01, 0x50000F00)
T37D8 000:394.955 - 0.274ms returns 0
T37D8 000:394.991 JLINK_CORESIGHT_WriteAPDPReg(DP reg 0x02, 0x01000000)
T37D8 000:395.315 - 0.323ms returns 0
T37D8 000:395.350 JLINK_CORESIGHT_WriteAPDPReg(AP reg 0x00, 0x80000002)
T37D8 000:395.733 - 0.382ms returns 0
T37D8 000:395.767 JLINK_CORESIGHT_WriteAPDPReg(AP reg 0x01, 0x80011100)
T37D8 000:396.081 - 0.314ms returns 0
T37D8 000:396.116 JLINK_CORESIGHT_WriteAPDPReg(AP reg 0x03, 0x000000A5)
T37D8 000:396.470 - 0.353ms returns 0
T37D8 000:396.504 JLINK_CORESIGHT_WriteAPDPReg(AP reg 0x00, 0x80000002)
T37D8 000:396.829 - 0.324ms returns 0
T37D8 000:396.863 JLINK_CORESIGHT_WriteAPDPReg(AP reg 0x01, 0x80011100)
T37D8 000:397.131 - 0.268ms returns 0
T37D8 000:397.169 JLINK_CORESIGHT_ReadAPDPReg(AP reg 0x03)
T37D8 000:397.695   Value=0x000000A5
T37D8 000:397.726 - 0.557ms returns 0
T37D8 000:397.751 JLINK_ClrTMS()
T37D8 000:397.901 - 0.150ms
T37D8 000:403.718 JLINK_SetTCK()
T37D8 000:403.961 - 0.243ms returns 0
T37D8 000:409.714 JLINK_SetRESET()
T37D8 000:409.942 - 0.227ms
T37D8 000:610.621 JLINK_CORESIGHT_WriteAPDPReg(AP reg 0x00, 0x80000002)
T37D8 000:611.195 - 0.575ms returns 0
T37D8 000:611.243 JLINK_CORESIGHT_WriteAPDPReg(AP reg 0x01, 0x80011100)
T37D8 000:611.651 - 0.407ms returns 0
T37D8 000:611.699 JLINK_CORESIGHT_ReadAPDPReg(AP reg 0x03)
T37D8 000:612.153   Value=0x00000000
T37D8 000:612.188 - 0.489ms returns 0
T37D8 000:612.205 JLINK_CORESIGHT_WriteAPDPReg(AP reg 0x00, 0x80000002)
T37D8 000:612.601 - 0.396ms returns 0
T37D8 000:612.644 JLINK_CORESIGHT_WriteAPDPReg(AP reg 0x01, 0x80011140)
T37D8 000:613.052 - 0.408ms returns 0
T37D8 000:613.085 JLINK_CORESIGHT_ReadAPDPReg(AP reg 0x03)
T37D8 000:613.476   Value=0x00000002
T37D8 000:613.518 - 0.432ms returns 0
T37D8 000:613.534 JLINK_CORESIGHT_WriteAPDPReg(AP reg 0x00, 0x80000002)
T37D8 000:613.923 - 0.389ms returns 0
T37D8 000:613.956 JLINK_CORESIGHT_WriteAPDPReg(AP reg 0x01, 0x80011120)
T37D8 000:614.318 - 0.362ms returns 0
T37D8 000:614.349 JLINK_CORESIGHT_WriteAPDPReg(AP reg 0x03, 0x00000055)
T37D8 000:614.727 - 0.377ms returns 0
T37D8 000:614.760 JLINK_CORESIGHT_WriteAPDPReg(AP reg 0x00, 0x80000002)
T37D8 000:615.166 - 0.405ms returns 0
T37D8 000:615.198 JLINK_CORESIGHT_WriteAPDPReg(AP reg 0x01, 0x80011140)
T37D8 000:615.613 - 0.414ms returns 0
T37D8 000:615.645 JLINK_CORESIGHT_ReadAPDPReg(AP reg 0x03)
T37D8 000:616.088   Value=0x00000000
T37D8 000:616.123 - 0.478ms returns 0
T37D8 000:616.138 JLINK_CORESIGHT_WriteAPDPReg(AP reg 0x00, 0x80000002)
T37D8 000:616.571 - 0.432ms returns 0
T37D8 000:616.620 JLINK_CORESIGHT_WriteAPDPReg(AP reg 0x01, 0x80011130)
T37D8 000:617.038 - 0.417ms returns 0
T37D8 000:617.074 JLINK_CORESIGHT_ReadAPDPReg(AP reg 0x03)
T37D8 000:617.527   Value=0x000000C6
T37D8 000:617.565 - 0.491ms returns 0
T37D8 000:617.589 JLINK_CORESIGHT_WriteAPDPReg(AP reg 0x00, 0x80000002)
T37D8 000:617.995 - 0.405ms returns 0
T37D8 000:618.033 JLINK_CORESIGHT_WriteAPDPReg(AP reg 0x01, 0x80011140)
T37D8 000:618.361 - 0.327ms returns 0
T37D8 000:618.401 JLINK_CORESIGHT_ReadAPDPReg(AP reg 0x03)
T37D8 000:618.719   Value=0x00000002
T37D8 000:618.758 - 0.356ms returns 0
T37D8 000:618.779 JLINK_CORESIGHT_WriteAPDPReg(AP reg 0x00, 0x80000002)
T37D8 000:619.063 - 0.284ms returns 0
T37D8 000:619.101 JLINK_CORESIGHT_WriteAPDPReg(AP reg 0x01, 0x80011120)
T37D8 000:619.364 - 0.263ms returns 0
T37D8 000:619.402 JLINK_CORESIGHT_WriteAPDPReg(AP reg 0x03, 0x3A010001)
T37D8 000:619.670 - 0.268ms returns 0
T37D8 000:619.709 JLINK_CORESIGHT_WriteAPDPReg(AP reg 0x00, 0x80000002)
T37D8 000:619.974 - 0.265ms returns 0
T37D8 000:620.012 JLINK_CORESIGHT_WriteAPDPReg(AP reg 0x01, 0x80011140)
T37D8 000:620.288 - 0.275ms returns 0
T37D8 000:620.326 JLINK_CORESIGHT_ReadAPDPReg(AP reg 0x03)
T37D8 000:620.611   Value=0x00000002
T37D8 000:620.661 - 0.334ms returns 0
T37D8 000:620.711 JLINK_CORESIGHT_WriteAPDPReg(AP reg 0x00, 0x80000002)
T37D8 000:621.079 - 0.368ms returns 0
T37D8 000:621.131 JLINK_CORESIGHT_WriteAPDPReg(AP reg 0x01, 0x80011120)
T37D8 000:621.403 - 0.270ms returns 0
T37D8 000:622.312 JLINK_CORESIGHT_WriteAPDPReg(AP reg 0x03, 0x000003C5)
T37D8 000:622.610 - 0.297ms returns 0
T37D8 000:622.647 JLINK_CORESIGHT_WriteAPDPReg(AP reg 0x00, 0x80000002)
T37D8 000:622.943 - 0.295ms returns 0
T37D8 000:622.991 JLINK_CORESIGHT_WriteAPDPReg(AP reg 0x01, 0x80011140)
T37D8 000:623.226 - 0.235ms returns 0
T37D8 000:623.252 JLINK_CORESIGHT_ReadAPDPReg(AP reg 0x03)
T37D8 000:623.567   Value=0x00000002
T37D8 000:623.594 - 0.342ms returns 0
T37D8 000:623.610 JLINK_CORESIGHT_ReadAPDPReg(AP reg 0x03)
T37D8 000:623.870   Value=0x00000002
T37D8 000:623.895 - 0.284ms returns 0
T37D8 000:623.911 JLINK_CORESIGHT_ReadAPDPReg(AP reg 0x03)
T37D8 000:624.161   Value=0x00000002
T37D8 000:624.185 - 0.274ms returns 0
T37D8 000:624.201 JLINK_CORESIGHT_ReadAPDPReg(AP reg 0x03)
T37D8 000:624.497   Value=0x00000002
T37D8 000:624.537 - 0.335ms returns 0
T37D8 000:624.556 JLINK_CORESIGHT_ReadAPDPReg(AP reg 0x03)
T37D8 000:624.848   Value=0x00000002
T37D8 000:624.888 - 0.331ms returns 0
T37D8 000:624.906 JLINK_CORESIGHT_ReadAPDPReg(AP reg 0x03)
T37D8 000:625.195   Value=0x00000002
T37D8 000:625.237 - 0.330ms returns 0
T37D8 000:625.253 JLINK_CORESIGHT_ReadAPDPReg(AP reg 0x03)
T37D8 000:625.615   Value=0x00000002
T37D8 000:625.657 - 0.403ms returns 0
T37D8 000:625.673 JLINK_CORESIGHT_ReadAPDPReg(AP reg 0x03)
T37D8 000:626.018   Value=0x00000002
T37D8 000:626.058 - 0.384ms returns 0
T37D8 000:626.074 JLINK_CORESIGHT_ReadAPDPReg(AP reg 0x03)
T37D8 000:626.339   Value=0x00000002
T37D8 000:626.375 - 0.300ms returns 0
T37D8 000:626.392 JLINK_CORESIGHT_ReadAPDPReg(AP reg 0x03)
T37D8 000:626.634   Value=0x00000002
T37D8 000:626.659 - 0.266ms returns 0
T37D8 000:626.675 JLINK_CORESIGHT_ReadAPDPReg(AP reg 0x03)
T37D8 000:626.938   Value=0x00000002
T37D8 000:626.962 - 0.287ms returns 0
T37D8 000:626.978 JLINK_CORESIGHT_ReadAPDPReg(AP reg 0x03)
T37D8 000:627.319   Value=0x00000000
T37D8 000:627.360 - 0.381ms returns 0
T37D8 000:627.378 JLINK_CORESIGHT_WriteAPDPReg(AP reg 0x00, 0x80000002)
T37D8 000:627.650 - 0.271ms returns 0
T37D8 000:627.684 JLINK_CORESIGHT_WriteAPDPReg(AP reg 0x01, 0x80011130)
T37D8 000:627.941 - 0.256ms returns 0
T37D8 000:627.975 JLINK_CORESIGHT_ReadAPDPReg(AP reg 0x03)
T37D8 000:628.329   Value=0x3A2A0081
T37D8 000:628.368 - 0.392ms returns 0
T37D8 000:628.384 JLINK_CORESIGHT_WriteAPDPReg(AP reg 0x00, 0x80000002)
T37D8 000:628.635 - 0.250ms returns 0
T37D8 000:628.670 JLINK_CORESIGHT_WriteAPDPReg(AP reg 0x01, 0x80011140)
T37D8 000:628.926 - 0.255ms returns 0
T37D8 000:628.960 JLINK_CORESIGHT_ReadAPDPReg(AP reg 0x03)
T37D8 000:629.285   Value=0x00000000
T37D8 000:629.325 - 0.364ms returns 0
T37D8 000:629.341 JLINK_CORESIGHT_WriteAPDPReg(AP reg 0x00, 0x80000002)
T37D8 000:629.649 - 0.308ms returns 0
T37D8 000:629.687 JLINK_CORESIGHT_WriteAPDPReg(AP reg 0x01, 0x80011130)
T37D8 000:629.957 - 0.270ms returns 0
T37D8 000:629.992 JLINK_CORESIGHT_ReadAPDPReg(AP reg 0x03)
T37D8 000:630.283   Value=0x808D5B00
T37D8 000:630.325 - 0.333ms returns 0
T37D8 000:630.342 JLINK_CORESIGHT_WriteAPDPReg(AP reg 0x00, 0x80000002)
T37D8 000:630.598 - 0.255ms returns 0
T37D8 000:630.631 JLINK_CORESIGHT_WriteAPDPReg(AP reg 0x01, 0x80011140)
T37D8 000:630.887 - 0.255ms returns 0
T37D8 000:630.922 JLINK_CORESIGHT_ReadAPDPReg(AP reg 0x03)
T37D8 000:631.264   Value=0x00000000
T37D8 000:631.320 - 0.397ms returns 0
T37D8 000:631.337 JLINK_CORESIGHT_WriteAPDPReg(AP reg 0x00, 0x80000002)
T37D8 000:631.602 - 0.264ms returns 0
T37D8 000:631.638 JLINK_CORESIGHT_WriteAPDPReg(AP reg 0x01, 0x80011130)
T37D8 000:631.934 - 0.296ms returns 0
T37D8 000:631.970 JLINK_CORESIGHT_ReadAPDPReg(AP reg 0x03)
T37D8 000:632.315   Value=0x0603030B
T37D8 000:632.357 - 0.387ms returns 0
T37D8 000:632.374 JLINK_CORESIGHT_WriteAPDPReg(AP reg 0x00, 0x80000002)
T37D8 000:632.725 - 0.350ms returns 0
T37D8 000:632.759 JLINK_CORESIGHT_WriteAPDPReg(AP reg 0x01, 0x80011140)
T37D8 000:633.060 - 0.300ms returns 0
T37D8 000:633.095 JLINK_CORESIGHT_ReadAPDPReg(AP reg 0x03)
T37D8 000:633.404   Value=0x00000000
T37D8 000:633.443 - 0.348ms returns 0
T37D8 000:633.459 JLINK_CORESIGHT_WriteAPDPReg(AP reg 0x00, 0x80000002)
T37D8 000:633.730 - 0.270ms returns 0
T37D8 000:633.764 JLINK_CORESIGHT_WriteAPDPReg(AP reg 0x01, 0x80011130)
T37D8 000:634.022 - 0.258ms returns 0
T37D8 000:634.057 JLINK_CORESIGHT_ReadAPDPReg(AP reg 0x03)
T37D8 000:634.363   Value=0x2E4B4E20
T37D8 000:634.402 - 0.345ms returns 0
T37D8 000:634.418 JLINK_CORESIGHT_WriteAPDPReg(AP reg 0x00, 0x80000002)
T37D8 000:634.687 - 0.268ms returns 0
T37D8 000:634.722 JLINK_CORESIGHT_WriteAPDPReg(AP reg 0x01, 0x80011140)
T37D8 000:634.975 - 0.252ms returns 0
T37D8 000:635.010 JLINK_CORESIGHT_ReadAPDPReg(AP reg 0x03)
T37D8 000:635.357   Value=0x00000000
T37D8 000:635.396 - 0.385ms returns 0
T37D8 000:635.412 JLINK_CORESIGHT_WriteAPDPReg(AP reg 0x00, 0x80000002)
T37D8 000:635.685 - 0.273ms returns 0
T37D8 000:635.721 JLINK_CORESIGHT_WriteAPDPReg(AP reg 0x01, 0x80011130)
T37D8 000:635.977 - 0.255ms returns 0
T37D8 000:636.013 JLINK_CORESIGHT_ReadAPDPReg(AP reg 0x03)
T37D8 000:636.288   Value=0x4EEB4692
T37D8 000:636.340 - 0.326ms returns 0
T37D8 000:636.366 JLINK_CORESIGHT_WriteAPDPReg(AP reg 0x00, 0x80000002)
T37D8 000:636.639 - 0.272ms returns 0
T37D8 000:636.680 JLINK_CORESIGHT_WriteAPDPReg(AP reg 0x01, 0x80011140)
T37D8 000:636.903 - 0.223ms returns 0
T37D8 000:636.924 JLINK_CORESIGHT_ReadAPDPReg(AP reg 0x03)
T37D8 000:637.193   Value=0x00000000
T37D8 000:637.217 - 0.293ms returns 0
T37D8 000:637.233 JLINK_CORESIGHT_WriteAPDPReg(AP reg 0x00, 0x80000002)
T37D8 000:637.452 - 0.218ms returns 0
T37D8 000:637.471 JLINK_CORESIGHT_WriteAPDPReg(AP reg 0x01, 0x80011130)
T37D8 000:637.697 - 0.226ms returns 0
T37D8 000:637.721 JLINK_CORESIGHT_ReadAPDPReg(AP reg 0x03)
T37D8 000:637.990   Value=0x34503036
T37D8 000:638.018 - 0.296ms returns 0
T37D8 000:638.036 JLINK_CORESIGHT_WriteAPDPReg(AP reg 0x00, 0x80000002)
T37D8 000:638.259 - 0.222ms returns 0
T37D8 000:638.277 JLINK_CORESIGHT_WriteAPDPReg(AP reg 0x01, 0x80011140)
T37D8 000:638.497 - 0.219ms returns 0
T37D8 000:638.514 JLINK_CORESIGHT_ReadAPDPReg(AP reg 0x03)
T37D8 000:638.776   Value=0x00000000
T37D8 000:638.798 - 0.284ms returns 0
T37D8 000:638.813 JLINK_CORESIGHT_WriteAPDPReg(AP reg 0x00, 0x80000002)
T37D8 000:639.033 - 0.219ms returns 0
T37D8 000:639.051 JLINK_CORESIGHT_WriteAPDPReg(AP reg 0x01, 0x80011130)
T37D8 000:639.267 - 0.215ms returns 0
T37D8 000:639.287 JLINK_CORESIGHT_ReadAPDPReg(AP reg 0x03)
T37D8 000:639.550   Value=0x71142D36
T37D8 000:639.573 - 0.286ms returns 0
T37D8 000:639.589 JLINK_CORESIGHT_WriteAPDPReg(AP reg 0x00, 0x80000002)
T37D8 000:639.808 - 0.219ms returns 0
T37D8 000:639.825 JLINK_CORESIGHT_WriteAPDPReg(AP reg 0x01, 0x80011140)
T37D8 000:640.110 - 0.284ms returns 0
T37D8 000:640.128 JLINK_CORESIGHT_ReadAPDPReg(AP reg 0x03)
T37D8 000:640.395   Value=0x00000000
T37D8 000:640.417 - 0.289ms returns 0
T37D8 000:640.433 JLINK_CORESIGHT_WriteAPDPReg(AP reg 0x00, 0x80000002)
T37D8 000:640.649 - 0.216ms returns 0
T37D8 000:640.666 JLINK_CORESIGHT_WriteAPDPReg(AP reg 0x01, 0x80011130)
T37D8 000:640.879 - 0.212ms returns 0
T37D8 000:640.896 JLINK_CORESIGHT_ReadAPDPReg(AP reg 0x03)
T37D8 000:641.162   Value=0x4637528A
T37D8 000:641.203 - 0.307ms returns 0
T37D8 000:641.223 JLINK_CORESIGHT_WriteAPDPReg(AP reg 0x00, 0x80000002)
T37D8 000:641.445 - 0.222ms returns 0
T37D8 000:641.470 JLINK_CORESIGHT_WriteAPDPReg(AP reg 0x01, 0x80011140)
T37D8 000:641.691 - 0.221ms returns 0
T37D8 000:641.708 JLINK_CORESIGHT_ReadAPDPReg(AP reg 0x03)
T37D8 000:641.981   Value=0x00000000
T37D8 000:642.005 - 0.296ms returns 0
T37D8 000:642.022 JLINK_CORESIGHT_WriteAPDPReg(AP reg 0x00, 0x80000002)
T37D8 000:642.255 - 0.232ms returns 0
T37D8 000:642.280 JLINK_CORESIGHT_WriteAPDPReg(AP reg 0x01, 0x80011130)
T37D8 000:642.503 - 0.222ms returns 0
T37D8 000:642.521 JLINK_CORESIGHT_ReadAPDPReg(AP reg 0x03)
T37D8 000:642.793   Value=0x314D3841
T37D8 000:642.816 - 0.294ms returns 0
T37D8 000:642.831 JLINK_CORESIGHT_WriteAPDPReg(AP reg 0x00, 0x80000002)
T37D8 000:643.112 - 0.280ms returns 0
T37D8 000:643.130 JLINK_CORESIGHT_WriteAPDPReg(AP reg 0x01, 0x80011140)
T37D8 000:643.353 - 0.222ms returns 0
T37D8 000:643.371 JLINK_CORESIGHT_ReadAPDPReg(AP reg 0x03)
T37D8 000:643.639   Value=0x00000000
T37D8 000:643.663 - 0.291ms returns 0
T37D8 000:643.678 JLINK_CORESIGHT_WriteAPDPReg(AP reg 0x00, 0x80000002)
T37D8 000:643.903 - 0.224ms returns 0
T37D8 000:643.921 JLINK_CORESIGHT_WriteAPDPReg(AP reg 0x01, 0x80011130)
T37D8 000:644.135 - 0.213ms returns 0
T37D8 000:644.153 JLINK_CORESIGHT_ReadAPDPReg(AP reg 0x03)
T37D8 000:644.419   Value=0x43454841
T37D8 000:644.443 - 0.290ms returns 0
T37D8 000:644.458 JLINK_CORESIGHT_WriteAPDPReg(AP reg 0x00, 0x80000002)
T37D8 000:644.671 - 0.213ms returns 0
T37D8 000:644.689 JLINK_CORESIGHT_WriteAPDPReg(AP reg 0x01, 0x80011140)
T37D8 000:644.907 - 0.218ms returns 0
T37D8 000:644.925 JLINK_CORESIGHT_ReadAPDPReg(AP reg 0x03)
T37D8 000:645.184   Value=0x00000000
T37D8 000:645.208 - 0.282ms returns 0
T37D8 000:645.224 JLINK_CORESIGHT_WriteAPDPReg(AP reg 0x00, 0x80000002)
T37D8 000:645.447 - 0.223ms returns 0
T37D8 000:645.464 JLINK_CORESIGHT_WriteAPDPReg(AP reg 0x01, 0x80011130)
T37D8 000:645.687 - 0.222ms returns 0
T37D8 000:645.705 JLINK_CORESIGHT_ReadAPDPReg(AP reg 0x03)
T37D8 000:645.973   Value=0x20204442
T37D8 000:645.998 - 0.292ms returns 0
T37D8 000:646.014 JLINK_CORESIGHT_WriteAPDPReg(AP reg 0x00, 0x80000002)
T37D8 000:646.238 - 0.224ms returns 0
T37D8 000:646.266 JLINK_CORESIGHT_WriteAPDPReg(AP reg 0x01, 0x80011140)
T37D8 000:646.496 - 0.229ms returns 0
T37D8 000:646.515 JLINK_CORESIGHT_ReadAPDPReg(AP reg 0x03)
T37D8 000:646.789   Value=0x00000000
T37D8 000:646.818 - 0.302ms returns 0
T37D8 000:646.833 JLINK_CORESIGHT_WriteAPDPReg(AP reg 0x00, 0x80000002)
T37D8 000:647.146 - 0.310ms returns 0
T37D8 000:647.267 JLINK_CORESIGHT_WriteAPDPReg(AP reg 0x01, 0x80011130)
T37D8 000:647.683 - 0.412ms returns 0
T37D8 000:647.805 JLINK_CORESIGHT_ReadAPDPReg(AP reg 0x03)
T37D8 000:648.197   Value=0x00030C20
T37D8 000:648.290 - 0.484ms returns 0
T37D8 000:649.595 JLINK_CORESIGHT_WriteAPDPReg(AP reg 0x00, 0x80000002)
T37D8 000:649.927 - 0.331ms returns 0
T37D8 000:649.955 JLINK_CORESIGHT_WriteAPDPReg(AP reg 0x01, 0x80011140)
T37D8 000:650.253 - 0.297ms returns 0
T37D8 000:650.289 JLINK_CORESIGHT_ReadAPDPReg(AP reg 0x03)
T37D8 000:650.627   Value=0x00000002
T37D8 000:650.663 - 0.373ms returns 0
T37D8 000:650.693 JLINK_CORESIGHT_WriteAPDPReg(AP reg 0x00, 0x80000002)
T37D8 000:650.930 - 0.236ms returns 0
T37D8 000:650.959 JLINK_CORESIGHT_WriteAPDPReg(AP reg 0x01, 0x80011120)
T37D8 000:651.261 - 0.301ms returns 0
T37D8 000:651.282 JLINK_CORESIGHT_WriteAPDPReg(AP reg 0x03, 0x3A010001)
T37D8 000:651.514 - 0.231ms returns 0
T37D8 000:651.543 JLINK_CORESIGHT_WriteAPDPReg(AP reg 0x00, 0x80000002)
T37D8 000:651.776 - 0.232ms returns 0
T37D8 000:651.793 JLINK_CORESIGHT_WriteAPDPReg(AP reg 0x01, 0x80011140)
T37D8 000:652.024 - 0.230ms returns 0
T37D8 000:652.063 JLINK_CORESIGHT_ReadAPDPReg(AP reg 0x03)
T37D8 000:652.567   Value=0x00000002
T37D8 000:652.597 - 0.533ms returns 0
T37D8 000:652.612 JLINK_CORESIGHT_WriteAPDPReg(AP reg 0x00, 0x80000002)
T37D8 000:652.842 - 0.229ms returns 0
T37D8 000:652.864 JLINK_CORESIGHT_WriteAPDPReg(AP reg 0x01, 0x80011120)
T37D8 000:653.170 - 0.306ms returns 0
T37D8 000:653.190 JLINK_CORESIGHT_WriteAPDPReg(AP reg 0x03, 0x000003C5)
T37D8 000:653.568 - 0.377ms returns 0
T37D8 000:653.589 JLINK_CORESIGHT_WriteAPDPReg(AP reg 0x00, 0x80000002)
T37D8 000:653.946 - 0.356ms returns 0
T37D8 000:653.965 JLINK_CORESIGHT_WriteAPDPReg(AP reg 0x01, 0x80011140)
T37D8 000:654.280 - 0.314ms returns 0
T37D8 000:654.298 JLINK_CORESIGHT_ReadAPDPReg(AP reg 0x03)
T37D8 000:654.699   Value=0x00000002
T37D8 000:654.723 - 0.425ms returns 0
T37D8 000:654.740 JLINK_CORESIGHT_ReadAPDPReg(AP reg 0x03)
T37D8 000:655.176   Value=0x00000002
T37D8 000:655.200 - 0.459ms returns 0
T37D8 000:655.214 JLINK_CORESIGHT_ReadAPDPReg(AP reg 0x03)
T37D8 000:655.566   Value=0x00000002
T37D8 000:655.590 - 0.376ms returns 0
T37D8 000:655.605 JLINK_CORESIGHT_ReadAPDPReg(AP reg 0x03)
T37D8 000:656.054   Value=0x00000002
T37D8 000:656.078 - 0.472ms returns 0
T37D8 000:656.093 JLINK_CORESIGHT_ReadAPDPReg(AP reg 0x03)
T37D8 000:656.431   Value=0x00000002
T37D8 000:656.456 - 0.362ms returns 0
T37D8 000:656.471 JLINK_CORESIGHT_ReadAPDPReg(AP reg 0x03)
T37D8 000:656.736   Value=0x00000002
T37D8 000:656.777 - 0.305ms returns 0
T37D8 000:656.794 JLINK_CORESIGHT_ReadAPDPReg(AP reg 0x03)
T37D8 000:657.105   Value=0x00000000
T37D8 000:657.129 - 0.334ms returns 0
T37D8 000:657.143 JLINK_CORESIGHT_WriteAPDPReg(AP reg 0x00, 0x80000002)
T37D8 000:657.446 - 0.302ms returns 0
T37D8 000:657.463 JLINK_CORESIGHT_WriteAPDPReg(AP reg 0x01, 0x80011130)
T37D8 000:657.722 - 0.258ms returns 0
T37D8 000:657.740 JLINK_CORESIGHT_ReadAPDPReg(AP reg 0x03)
T37D8 000:658.107   Value=0x3A2A0081
T37D8 000:658.150 - 0.409ms returns 0
T37D8 000:658.165 JLINK_CORESIGHT_WriteAPDPReg(AP reg 0x00, 0x80000002)
T37D8 000:658.384 - 0.218ms returns 0
T37D8 000:658.403 JLINK_CORESIGHT_WriteAPDPReg(AP reg 0x01, 0x80011140)
T37D8 000:658.660 - 0.257ms returns 0
T37D8 000:658.678 JLINK_CORESIGHT_ReadAPDPReg(AP reg 0x03)
T37D8 000:658.992   Value=0x00000000
T37D8 000:659.017 - 0.339ms returns 0
T37D8 000:659.033 JLINK_CORESIGHT_WriteAPDPReg(AP reg 0x00, 0x80000002)
T37D8 000:659.336 - 0.303ms returns 0
T37D8 000:659.354 JLINK_CORESIGHT_WriteAPDPReg(AP reg 0x01, 0x80011130)
T37D8 000:659.612 - 0.257ms returns 0
T37D8 000:659.630 JLINK_CORESIGHT_ReadAPDPReg(AP reg 0x03)
T37D8 000:659.934   Value=0x808D5B00
T37D8 000:659.958 - 0.327ms returns 0
T37D8 000:659.973 JLINK_CORESIGHT_WriteAPDPReg(AP reg 0x00, 0x80000002)
T37D8 000:660.227 - 0.253ms returns 0
T37D8 000:660.244 JLINK_CORESIGHT_WriteAPDPReg(AP reg 0x01, 0x80011140)
T37D8 000:660.458 - 0.213ms returns 0
T37D8 000:660.475 JLINK_CORESIGHT_ReadAPDPReg(AP reg 0x03)
T37D8 000:660.735   Value=0x00000000
T37D8 000:660.759 - 0.283ms returns 0
T37D8 000:660.775 JLINK_CORESIGHT_WriteAPDPReg(AP reg 0x00, 0x80000002)
T37D8 000:660.988 - 0.213ms returns 0
T37D8 000:661.005 JLINK_CORESIGHT_WriteAPDPReg(AP reg 0x01, 0x80011130)
T37D8 000:661.219 - 0.214ms returns 0
T37D8 000:661.237 JLINK_CORESIGHT_ReadAPDPReg(AP reg 0x03)
T37D8 000:661.503   Value=0x0603030B
T37D8 000:661.542 - 0.305ms returns 0
T37D8 000:661.559 JLINK_CORESIGHT_WriteAPDPReg(AP reg 0x00, 0x80000002)
T37D8 000:661.776 - 0.217ms returns 0
T37D8 000:661.803 JLINK_CORESIGHT_WriteAPDPReg(AP reg 0x01, 0x80011140)
T37D8 000:662.021 - 0.218ms returns 0
T37D8 000:662.039 JLINK_CORESIGHT_ReadAPDPReg(AP reg 0x03)
T37D8 000:662.299   Value=0x00000000
T37D8 000:662.339 - 0.300ms returns 0
T37D8 000:662.356 JLINK_CORESIGHT_WriteAPDPReg(AP reg 0x00, 0x80000002)
T37D8 000:662.576 - 0.220ms returns 0
T37D8 000:662.606 JLINK_CORESIGHT_WriteAPDPReg(AP reg 0x01, 0x80011130)
T37D8 000:662.823 - 0.216ms returns 0
T37D8 000:662.853 JLINK_CORESIGHT_ReadAPDPReg(AP reg 0x03)
T37D8 000:663.130   Value=0x2E4B4E20
T37D8 000:663.154 - 0.301ms returns 0
T37D8 000:663.170 JLINK_CORESIGHT_WriteAPDPReg(AP reg 0x00, 0x80000002)
T37D8 000:663.397 - 0.227ms returns 0
T37D8 000:663.421 JLINK_CORESIGHT_WriteAPDPReg(AP reg 0x01, 0x80011140)
T37D8 000:663.644 - 0.222ms returns 0
T37D8 000:663.672 JLINK_CORESIGHT_ReadAPDPReg(AP reg 0x03)
T37D8 000:663.942   Value=0x00000000
T37D8 000:663.967 - 0.295ms returns 0
T37D8 000:663.984 JLINK_CORESIGHT_WriteAPDPReg(AP reg 0x00, 0x80000002)
T37D8 000:664.226 - 0.242ms returns 0
T37D8 000:664.244 JLINK_CORESIGHT_WriteAPDPReg(AP reg 0x01, 0x80011130)
T37D8 000:664.458 - 0.214ms returns 0
T37D8 000:664.475 JLINK_CORESIGHT_ReadAPDPReg(AP reg 0x03)
T37D8 000:664.741   Value=0x4EEB4692
T37D8 000:664.763 - 0.288ms returns 0
T37D8 000:664.779 JLINK_CORESIGHT_WriteAPDPReg(AP reg 0x00, 0x80000002)
T37D8 000:665.024 - 0.244ms returns 0
T37D8 000:665.043 JLINK_CORESIGHT_WriteAPDPReg(AP reg 0x01, 0x80011140)
T37D8 000:665.258 - 0.215ms returns 0
T37D8 000:665.277 JLINK_CORESIGHT_ReadAPDPReg(AP reg 0x03)
T37D8 000:665.543   Value=0x00000000
T37D8 000:665.566 - 0.289ms returns 0
T37D8 000:665.582 JLINK_CORESIGHT_WriteAPDPReg(AP reg 0x00, 0x80000002)
T37D8 000:665.798 - 0.215ms returns 0
T37D8 000:665.816 JLINK_CORESIGHT_WriteAPDPReg(AP reg 0x01, 0x80011130)
T37D8 000:666.026 - 0.210ms returns 0
T37D8 000:666.044 JLINK_CORESIGHT_ReadAPDPReg(AP reg 0x03)
T37D8 000:666.303   Value=0x34503036
T37D8 000:666.328 - 0.283ms returns 0
T37D8 000:666.343 JLINK_CORESIGHT_WriteAPDPReg(AP reg 0x00, 0x80000002)
T37D8 000:666.560 - 0.217ms returns 0
T37D8 000:666.578 JLINK_CORESIGHT_WriteAPDPReg(AP reg 0x01, 0x80011140)
T37D8 000:666.787 - 0.209ms returns 0
T37D8 000:666.804 JLINK_CORESIGHT_ReadAPDPReg(AP reg 0x03)
T37D8 000:667.107   Value=0x00000000
T37D8 000:667.129 - 0.325ms returns 0
T37D8 000:667.145 JLINK_CORESIGHT_WriteAPDPReg(AP reg 0x00, 0x80000002)
T37D8 000:667.365 - 0.220ms returns 0
T37D8 000:667.382 JLINK_CORESIGHT_WriteAPDPReg(AP reg 0x01, 0x80011130)
T37D8 000:667.595 - 0.213ms returns 0
T37D8 000:667.613 JLINK_CORESIGHT_ReadAPDPReg(AP reg 0x03)
T37D8 000:667.876   Value=0x71142D36
T37D8 000:667.912 - 0.298ms returns 0
T37D8 000:667.929 JLINK_CORESIGHT_WriteAPDPReg(AP reg 0x00, 0x80000002)
T37D8 000:668.230 - 0.301ms returns 0
T37D8 000:668.260 JLINK_CORESIGHT_WriteAPDPReg(AP reg 0x01, 0x80011140)
T37D8 000:668.485 - 0.225ms returns 0
T37D8 000:668.516 JLINK_CORESIGHT_ReadAPDPReg(AP reg 0x03)
T37D8 000:668.780   Value=0x00000000
T37D8 000:668.804 - 0.288ms returns 0
T37D8 000:668.820 JLINK_CORESIGHT_WriteAPDPReg(AP reg 0x00, 0x80000002)
T37D8 000:669.125 - 0.304ms returns 0
T37D8 000:669.142 JLINK_CORESIGHT_WriteAPDPReg(AP reg 0x01, 0x80011130)
T37D8 000:669.357 - 0.215ms returns 0
T37D8 000:669.375 JLINK_CORESIGHT_ReadAPDPReg(AP reg 0x03)
T37D8 000:669.654   Value=0x4637528A
T37D8 000:669.676 - 0.301ms returns 0
T37D8 000:669.692 JLINK_CORESIGHT_WriteAPDPReg(AP reg 0x00, 0x80000002)
T37D8 000:669.907 - 0.215ms returns 0
T37D8 000:669.924 JLINK_CORESIGHT_WriteAPDPReg(AP reg 0x01, 0x80011140)
T37D8 000:670.130 - 0.206ms returns 0
T37D8 000:670.148 JLINK_CORESIGHT_ReadAPDPReg(AP reg 0x03)
T37D8 000:670.406   Value=0x00000000
T37D8 000:670.428 - 0.280ms returns 0
T37D8 000:670.443 JLINK_CORESIGHT_WriteAPDPReg(AP reg 0x00, 0x80000002)
T37D8 000:670.659 - 0.215ms returns 0
T37D8 000:670.677 JLINK_CORESIGHT_WriteAPDPReg(AP reg 0x01, 0x80011130)
T37D8 000:670.895 - 0.217ms returns 0
T37D8 000:670.912 JLINK_CORESIGHT_ReadAPDPReg(AP reg 0x03)
T37D8 000:671.180   Value=0x314D3841
T37D8 000:671.203 - 0.291ms returns 0
T37D8 000:671.219 JLINK_CORESIGHT_WriteAPDPReg(AP reg 0x00, 0x80000002)
T37D8 000:671.436 - 0.217ms returns 0
T37D8 000:671.453 JLINK_CORESIGHT_WriteAPDPReg(AP reg 0x01, 0x80011140)
T37D8 000:671.662 - 0.208ms returns 0
T37D8 000:671.679 JLINK_CORESIGHT_ReadAPDPReg(AP reg 0x03)
T37D8 000:671.944   Value=0x00000000
T37D8 000:671.967 - 0.288ms returns 0
T37D8 000:671.982 JLINK_CORESIGHT_WriteAPDPReg(AP reg 0x00, 0x80000002)
T37D8 000:672.227 - 0.244ms returns 0
T37D8 000:672.244 JLINK_CORESIGHT_WriteAPDPReg(AP reg 0x01, 0x80011130)
T37D8 000:672.458 - 0.214ms returns 0
T37D8 000:672.474 JLINK_CORESIGHT_ReadAPDPReg(AP reg 0x03)
T37D8 000:672.746   Value=0x43454841
T37D8 000:672.775 - 0.300ms returns 0
T37D8 000:672.791 JLINK_CORESIGHT_WriteAPDPReg(AP reg 0x00, 0x80000002)
T37D8 000:673.012 - 0.221ms returns 0
T37D8 000:673.038 JLINK_CORESIGHT_WriteAPDPReg(AP reg 0x01, 0x80011140)
T37D8 000:673.257 - 0.219ms returns 0
T37D8 000:673.276 JLINK_CORESIGHT_ReadAPDPReg(AP reg 0x03)
T37D8 000:673.540   Value=0x00000000
T37D8 000:673.564 - 0.287ms returns 0
T37D8 000:673.580 JLINK_CORESIGHT_WriteAPDPReg(AP reg 0x00, 0x80000002)
T37D8 000:673.795 - 0.215ms returns 0
T37D8 000:673.812 JLINK_CORESIGHT_WriteAPDPReg(AP reg 0x01, 0x80011130)
T37D8 000:674.027 - 0.214ms returns 0
T37D8 000:674.044 JLINK_CORESIGHT_ReadAPDPReg(AP reg 0x03)
T37D8 000:674.308   Value=0x20204442
T37D8 000:674.331 - 0.286ms returns 0
T37D8 000:674.346 JLINK_CORESIGHT_WriteAPDPReg(AP reg 0x00, 0x80000002)
T37D8 000:674.564 - 0.217ms returns 0
T37D8 000:674.583 JLINK_CORESIGHT_WriteAPDPReg(AP reg 0x01, 0x80011140)
T37D8 000:674.800 - 0.217ms returns 0
T37D8 000:674.821 JLINK_CORESIGHT_ReadAPDPReg(AP reg 0x03)
T37D8 000:675.106   Value=0x00000000
T37D8 000:675.129 - 0.307ms returns 0
T37D8 000:675.147 JLINK_CORESIGHT_WriteAPDPReg(AP reg 0x00, 0x80000002)
T37D8 000:675.360 - 0.212ms returns 0
T37D8 000:675.381 JLINK_CORESIGHT_WriteAPDPReg(AP reg 0x01, 0x80011130)
T37D8 000:675.596 - 0.214ms returns 0
T37D8 000:675.615 JLINK_CORESIGHT_ReadAPDPReg(AP reg 0x03)
T37D8 000:675.882   Value=0x00030C20
T37D8 000:675.905 - 0.289ms returns 0
T37D8 000:676.518 JLINK_CORESIGHT_WriteAPDPReg(AP reg 0x00, 0x80000002)
T37D8 000:676.739 - 0.221ms returns 0
T37D8 000:676.759 JLINK_CORESIGHT_WriteAPDPReg(AP reg 0x01, 0x80011140)
T37D8 000:676.973 - 0.214ms returns 0
T37D8 000:676.990 JLINK_CORESIGHT_ReadAPDPReg(AP reg 0x03)
T37D8 000:677.277   Value=0x00000002
T37D8 000:677.300 - 0.309ms returns 0
T37D8 000:677.315 JLINK_CORESIGHT_WriteAPDPReg(AP reg 0x00, 0x80000002)
T37D8 000:677.534 - 0.219ms returns 0
T37D8 000:677.552 JLINK_CORESIGHT_WriteAPDPReg(AP reg 0x01, 0x80011120)
T37D8 000:677.770 - 0.218ms returns 0
T37D8 000:677.790 JLINK_CORESIGHT_WriteAPDPReg(AP reg 0x03, 0x2C010001)
T37D8 000:678.001 - 0.211ms returns 0
T37D8 000:678.018 JLINK_CORESIGHT_WriteAPDPReg(AP reg 0x00, 0x80000002)
T37D8 000:678.231 - 0.213ms returns 0
T37D8 000:678.249 JLINK_CORESIGHT_WriteAPDPReg(AP reg 0x01, 0x80011140)
T37D8 000:678.463 - 0.214ms returns 0
T37D8 000:678.481 JLINK_CORESIGHT_ReadAPDPReg(AP reg 0x03)
T37D8 000:678.747   Value=0x00000002
T37D8 000:678.770 - 0.288ms returns 0
T37D8 000:678.785 JLINK_CORESIGHT_WriteAPDPReg(AP reg 0x00, 0x80000002)
T37D8 000:679.001 - 0.215ms returns 0
T37D8 000:679.020 JLINK_CORESIGHT_WriteAPDPReg(AP reg 0x01, 0x80011120)
T37D8 000:679.237 - 0.217ms returns 0
T37D8 000:679.256 JLINK_CORESIGHT_WriteAPDPReg(AP reg 0x03, 0x000003D3)
T37D8 000:679.467 - 0.210ms returns 0
T37D8 000:679.486 JLINK_CORESIGHT_WriteAPDPReg(AP reg 0x00, 0x80000002)
T37D8 000:679.697 - 0.210ms returns 0
T37D8 000:679.715 JLINK_CORESIGHT_WriteAPDPReg(AP reg 0x01, 0x80011140)
T37D8 000:679.932 - 0.216ms returns 0
T37D8 000:679.955 JLINK_CORESIGHT_ReadAPDPReg(AP reg 0x03)
T37D8 000:680.212   Value=0x00000002
T37D8 000:680.237 - 0.281ms returns 0
T37D8 000:680.252 JLINK_CORESIGHT_ReadAPDPReg(AP reg 0x03)
T37D8 000:680.518   Value=0x00000002
T37D8 000:680.543 - 0.290ms returns 0
T37D8 000:680.558 JLINK_CORESIGHT_ReadAPDPReg(AP reg 0x03)
T37D8 000:680.800   Value=0x00000002
T37D8 000:680.825 - 0.267ms returns 0
T37D8 000:680.841 JLINK_CORESIGHT_ReadAPDPReg(AP reg 0x03)
T37D8 000:681.105   Value=0x00000002
T37D8 000:681.128 - 0.287ms returns 0
T37D8 000:681.143 JLINK_CORESIGHT_ReadAPDPReg(AP reg 0x03)
T37D8 000:681.383   Value=0x00000002
T37D8 000:681.405 - 0.262ms returns 0
T37D8 000:681.420 JLINK_CORESIGHT_ReadAPDPReg(AP reg 0x03)
T37D8 000:681.687   Value=0x00000002
T37D8 000:681.710 - 0.289ms returns 0
T37D8 000:681.725 JLINK_CORESIGHT_ReadAPDPReg(AP reg 0x03)
T37D8 000:681.991   Value=0x00000002
T37D8 000:682.015 - 0.290ms returns 0
T37D8 000:682.030 JLINK_CORESIGHT_ReadAPDPReg(AP reg 0x03)
T37D8 000:682.295   Value=0x00000002
T37D8 000:682.317 - 0.287ms returns 0
T37D8 000:682.332 JLINK_CORESIGHT_ReadAPDPReg(AP reg 0x03)
T37D8 000:682.573   Value=0x00000002
T37D8 000:682.595 - 0.263ms returns 0
T37D8 000:682.610 JLINK_CORESIGHT_ReadAPDPReg(AP reg 0x03)
T37D8 000:682.875   Value=0x00000002
T37D8 000:682.897 - 0.286ms returns 0
T37D8 000:682.912 JLINK_CORESIGHT_ReadAPDPReg(AP reg 0x03)
T37D8 000:683.181   Value=0x00000000
T37D8 000:683.204 - 0.291ms returns 0
T37D8 000:683.220 JLINK_CORESIGHT_WriteAPDPReg(AP reg 0x00, 0x80000002)
T37D8 000:683.441 - 0.221ms returns 0
T37D8 000:683.459 JLINK_CORESIGHT_WriteAPDPReg(AP reg 0x01, 0x80011130)
T37D8 000:683.674 - 0.215ms returns 0
T37D8 000:683.692 JLINK_CORESIGHT_ReadAPDPReg(AP reg 0x03)
T37D8 000:683.965   Value=0x2C020081
T37D8 000:684.012 - 0.320ms returns 0
T37D8 000:684.028 JLINK_CORESIGHT_WriteAPDPReg(AP reg 0x00, 0x80000002)
T37D8 000:684.254 - 0.225ms returns 0
T37D8 000:684.273 JLINK_CORESIGHT_WriteAPDPReg(AP reg 0x01, 0x80011140)
T37D8 000:684.486 - 0.212ms returns 0
T37D8 000:684.503 JLINK_CORESIGHT_ReadAPDPReg(AP reg 0x03)
T37D8 000:684.770   Value=0x00000000
T37D8 000:684.793 - 0.290ms returns 0
T37D8 000:684.809 JLINK_CORESIGHT_WriteAPDPReg(AP reg 0x00, 0x80000002)
T37D8 000:685.124 - 0.314ms returns 0
T37D8 000:685.142 JLINK_CORESIGHT_WriteAPDPReg(AP reg 0x01, 0x80011130)
T37D8 000:685.360 - 0.218ms returns 0
T37D8 000:685.379 JLINK_CORESIGHT_ReadAPDPReg(AP reg 0x03)
T37D8 000:685.645   Value=0x0003CE04
T37D8 000:685.667 - 0.288ms returns 0
T37D8 000:685.687 JLINK_CORESIGHT_WriteAPDPReg(AP reg 0x00, 0x80000002)
T37D8 000:685.910 - 0.222ms returns 0
T37D8 000:685.927 JLINK_CORESIGHT_WriteAPDPReg(AP reg 0x01, 0x80011140)
T37D8 000:686.140 - 0.213ms returns 0
T37D8 000:686.159 JLINK_CORESIGHT_ReadAPDPReg(AP reg 0x03)
T37D8 000:686.429   Value=0x00000002
T37D8 000:686.452 - 0.292ms returns 0
T37D8 000:686.468 JLINK_CORESIGHT_WriteAPDPReg(AP reg 0x00, 0x80000002)
T37D8 000:686.732 - 0.264ms returns 0
T37D8 000:686.753 JLINK_CORESIGHT_WriteAPDPReg(AP reg 0x01, 0x80011120)
T37D8 000:686.968 - 0.214ms returns 0
T37D8 000:686.986 JLINK_CORESIGHT_WriteAPDPReg(AP reg 0x03, 0x73010001)
T37D8 000:687.230 - 0.244ms returns 0
T37D8 000:687.250 JLINK_CORESIGHT_WriteAPDPReg(AP reg 0x00, 0x80000002)
T37D8 000:687.469 - 0.219ms returns 0
T37D8 000:687.488 JLINK_CORESIGHT_WriteAPDPReg(AP reg 0x01, 0x80011140)
T37D8 000:687.701 - 0.213ms returns 0
T37D8 000:687.719 JLINK_CORESIGHT_ReadAPDPReg(AP reg 0x03)
T37D8 000:687.986   Value=0x00000002
T37D8 000:688.010 - 0.291ms returns 0
T37D8 000:688.026 JLINK_CORESIGHT_WriteAPDPReg(AP reg 0x00, 0x80000002)
T37D8 000:688.239 - 0.213ms returns 0
T37D8 000:688.272 JLINK_CORESIGHT_WriteAPDPReg(AP reg 0x01, 0x80011120)
T37D8 000:688.487 - 0.214ms returns 0
T37D8 000:688.504 JLINK_CORESIGHT_WriteAPDPReg(AP reg 0x03, 0x0000038C)
T37D8 000:688.722 - 0.218ms returns 0
T37D8 000:688.740 JLINK_CORESIGHT_WriteAPDPReg(AP reg 0x00, 0x80000002)
T37D8 000:688.953 - 0.213ms returns 0
T37D8 000:688.974 JLINK_CORESIGHT_WriteAPDPReg(AP reg 0x01, 0x80011140)
T37D8 000:689.224 - 0.250ms returns 0
T37D8 000:689.242 JLINK_CORESIGHT_ReadAPDPReg(AP reg 0x03)
T37D8 000:689.672   Value=0x00000002
T37D8 000:689.715 - 0.472ms returns 0
T37D8 000:689.735 JLINK_CORESIGHT_ReadAPDPReg(AP reg 0x03)
T37D8 000:690.062   Value=0x00000002
T37D8 000:690.103 - 0.368ms returns 0
T37D8 000:690.119 JLINK_CORESIGHT_ReadAPDPReg(AP reg 0x03)
T37D8 000:690.444   Value=0x00000002
T37D8 000:690.503 - 0.383ms returns 0
T37D8 000:690.519 JLINK_CORESIGHT_ReadAPDPReg(AP reg 0x03)
T37D8 000:690.836   Value=0x00000000
T37D8 000:690.882 - 0.362ms returns 0
T37D8 000:690.899 JLINK_CORESIGHT_WriteAPDPReg(AP reg 0x00, 0x80000002)
T37D8 000:691.177 - 0.277ms returns 0
T37D8 000:691.212 JLINK_CORESIGHT_WriteAPDPReg(AP reg 0x01, 0x80011130)
T37D8 000:691.483 - 0.270ms returns 0
T37D8 000:691.517 JLINK_CORESIGHT_ReadAPDPReg(AP reg 0x03)
T37D8 000:691.835   Value=0x73020081
T37D8 000:691.880 - 0.363ms returns 0
T37D8 000:691.897 JLINK_CORESIGHT_WriteAPDPReg(AP reg 0x00, 0x80000002)
T37D8 000:692.201 - 0.303ms returns 0
T37D8 000:692.235 JLINK_CORESIGHT_WriteAPDPReg(AP reg 0x01, 0x80011140)
T37D8 000:692.507 - 0.271ms returns 0
T37D8 000:692.543 JLINK_CORESIGHT_ReadAPDPReg(AP reg 0x03)
T37D8 000:692.812   Value=0x00000000
T37D8 000:692.838 - 0.294ms returns 0
T37D8 000:692.854 JLINK_CORESIGHT_WriteAPDPReg(AP reg 0x00, 0x80000002)
T37D8 000:693.167 - 0.307ms returns 0
T37D8 000:693.206 JLINK_CORESIGHT_WriteAPDPReg(AP reg 0x01, 0x80011130)
T37D8 000:693.432 - 0.226ms returns 0
T37D8 000:693.450 JLINK_CORESIGHT_ReadAPDPReg(AP reg 0x03)
T37D8 000:693.716   Value=0x00038902
T37D8 000:693.740 - 0.289ms returns 0
T37D8 000:693.757 JLINK_CORESIGHT_WriteAPDPReg(AP reg 0x00, 0x80000002)
T37D8 000:694.020 - 0.261ms returns 0
T37D8 000:694.056 JLINK_CORESIGHT_WriteAPDPReg(AP reg 0x01, 0x80011140)
T37D8 000:694.350 - 0.293ms returns 0
T37D8 000:694.385 JLINK_CORESIGHT_ReadAPDPReg(AP reg 0x03)
T37D8 000:694.700   Value=0x00000002
T37D8 000:694.760 - 0.374ms returns 0
T37D8 000:694.777 JLINK_CORESIGHT_WriteAPDPReg(AP reg 0x00, 0x80000002)
T37D8 000:695.052 - 0.274ms returns 0
T37D8 000:695.086 JLINK_CORESIGHT_WriteAPDPReg(AP reg 0x01, 0x80011120)
T37D8 000:695.349 - 0.262ms returns 0
T37D8 000:695.383 JLINK_CORESIGHT_WriteAPDPReg(AP reg 0x03, 0x75010001)
T37D8 000:695.625 - 0.241ms returns 0
T37D8 000:695.668 JLINK_CORESIGHT_WriteAPDPReg(AP reg 0x00, 0x80000002)
T37D8 000:695.986 - 0.317ms returns 0
T37D8 000:696.022 JLINK_CORESIGHT_WriteAPDPReg(AP reg 0x01, 0x80011140)
T37D8 000:696.289 - 0.266ms returns 0
T37D8 000:696.324 JLINK_CORESIGHT_ReadAPDPReg(AP reg 0x03)
T37D8 000:696.610   Value=0x00000002
T37D8 000:696.649 - 0.325ms returns 0
T37D8 000:696.665 JLINK_CORESIGHT_WriteAPDPReg(AP reg 0x00, 0x80000002)
T37D8 000:697.103 - 0.437ms returns 0
T37D8 000:697.175 JLINK_CORESIGHT_WriteAPDPReg(AP reg 0x01, 0x80011120)
T37D8 000:697.707 - 0.531ms returns 0
T37D8 000:697.778 JLINK_CORESIGHT_WriteAPDPReg(AP reg 0x03, 0x0000038A)
T37D8 000:698.033 - 0.254ms returns 0
T37D8 000:698.063 JLINK_CORESIGHT_WriteAPDPReg(AP reg 0x00, 0x80000002)
T37D8 000:698.312 - 0.248ms returns 0
T37D8 000:698.341 JLINK_CORESIGHT_WriteAPDPReg(AP reg 0x01, 0x80011140)
T37D8 000:698.614 - 0.273ms returns 0
T37D8 000:698.705 JLINK_CORESIGHT_ReadAPDPReg(AP reg 0x03)
T37D8 000:699.142   Value=0x00000002
T37D8 000:699.212 - 0.508ms returns 0
T37D8 000:699.231 JLINK_CORESIGHT_ReadAPDPReg(AP reg 0x03)
T37D8 000:699.530   Value=0x00000002
T37D8 000:699.554 - 0.322ms returns 0
T37D8 000:699.568 JLINK_CORESIGHT_ReadAPDPReg(AP reg 0x03)
T37D8 000:699.842   Value=0x00000002
T37D8 000:699.865 - 0.296ms returns 0
T37D8 000:699.880 JLINK_CORESIGHT_ReadAPDPReg(AP reg 0x03)
T37D8 000:700.143   Value=0x00000002
T37D8 000:700.167 - 0.287ms returns 0
T37D8 000:700.184 JLINK_CORESIGHT_ReadAPDPReg(AP reg 0x03)
T37D8 000:700.436   Value=0x00000002
T37D8 000:700.460 - 0.276ms returns 0
T37D8 000:700.476 JLINK_CORESIGHT_ReadAPDPReg(AP reg 0x03)
T37D8 000:700.730   Value=0x00000002
T37D8 000:700.753 - 0.277ms returns 0
T37D8 000:700.769 JLINK_CORESIGHT_ReadAPDPReg(AP reg 0x03)
T37D8 000:701.126   Value=0x00000002
T37D8 000:701.151 - 0.382ms returns 0
T37D8 000:701.167 JLINK_CORESIGHT_ReadAPDPReg(AP reg 0x03)
T37D8 000:701.439   Value=0x00000000
T37D8 000:701.462 - 0.295ms returns 0
T37D8 000:701.483 JLINK_CORESIGHT_WriteAPDPReg(AP reg 0x00, 0x80000002)
T37D8 000:701.709 - 0.226ms returns 0
T37D8 000:701.729 JLINK_CORESIGHT_WriteAPDPReg(AP reg 0x01, 0x80011130)
T37D8 000:701.960 - 0.230ms returns 0
T37D8 000:701.980 JLINK_CORESIGHT_ReadAPDPReg(AP reg 0x03)
T37D8 000:702.321   Value=0x75020081
T37D8 000:702.344 - 0.363ms returns 0
T37D8 000:702.363 JLINK_CORESIGHT_WriteAPDPReg(AP reg 0x00, 0x80000002)
T37D8 000:702.736 - 0.373ms returns 0
T37D8 000:702.759 JLINK_CORESIGHT_WriteAPDPReg(AP reg 0x01, 0x80011140)
T37D8 000:703.166 - 0.407ms returns 0
T37D8 000:703.203 JLINK_CORESIGHT_ReadAPDPReg(AP reg 0x03)
T37D8 000:703.520   Value=0x00000000
T37D8 000:703.545 - 0.342ms returns 0
T37D8 000:703.563 JLINK_CORESIGHT_WriteAPDPReg(AP reg 0x00, 0x80000002)
T37D8 000:703.818 - 0.255ms returns 0
T37D8 000:703.838 JLINK_CORESIGHT_WriteAPDPReg(AP reg 0x01, 0x80011130)
T37D8 000:704.147 - 0.309ms returns 0
T37D8 000:704.169 JLINK_CORESIGHT_ReadAPDPReg(AP reg 0x03)
T37D8 000:704.525   Value=0x00038702
T37D8 000:704.549 - 0.379ms returns 0
T37D8 000:704.576 JLINK_CORESIGHT_WriteAPDPReg(AP reg 0x00, 0x80000002)
T37D8 000:704.785 - 0.208ms returns 0
T37D8 000:704.803 JLINK_CORESIGHT_WriteAPDPReg(AP reg 0x01, 0x80011140)
T37D8 000:705.018 - 0.214ms returns 0
T37D8 000:705.037 JLINK_CORESIGHT_ReadAPDPReg(AP reg 0x03)
T37D8 000:705.302   Value=0x00000002
T37D8 000:705.325 - 0.287ms returns 0
T37D8 000:705.341 JLINK_CORESIGHT_WriteAPDPReg(AP reg 0x00, 0x80000002)
T37D8 000:705.554 - 0.213ms returns 0
T37D8 000:705.575 JLINK_CORESIGHT_WriteAPDPReg(AP reg 0x01, 0x80011120)
T37D8 000:705.789 - 0.214ms returns 0
T37D8 000:705.809 JLINK_CORESIGHT_WriteAPDPReg(AP reg 0x03, 0x4F010001)
T37D8 000:706.024 - 0.214ms returns 0
T37D8 000:706.043 JLINK_CORESIGHT_WriteAPDPReg(AP reg 0x00, 0x80000002)
T37D8 000:706.257 - 0.214ms returns 0
T37D8 000:706.276 JLINK_CORESIGHT_WriteAPDPReg(AP reg 0x01, 0x80011140)
T37D8 000:706.492 - 0.216ms returns 0
T37D8 000:706.519 JLINK_CORESIGHT_ReadAPDPReg(AP reg 0x03)
T37D8 000:706.784   Value=0x00000002
T37D8 000:706.808 - 0.289ms returns 0
T37D8 000:706.826 JLINK_CORESIGHT_WriteAPDPReg(AP reg 0x00, 0x80000002)
T37D8 000:707.105 - 0.279ms returns 0
T37D8 000:707.124 JLINK_CORESIGHT_WriteAPDPReg(AP reg 0x01, 0x80011120)
T37D8 000:707.341 - 0.216ms returns 0
T37D8 000:707.380 JLINK_CORESIGHT_WriteAPDPReg(AP reg 0x03, 0x000003B0)
T37D8 000:707.601 - 0.220ms returns 0
T37D8 000:707.622 JLINK_CORESIGHT_WriteAPDPReg(AP reg 0x00, 0x80000002)
T37D8 000:707.833 - 0.211ms returns 0
T37D8 000:707.853 JLINK_CORESIGHT_WriteAPDPReg(AP reg 0x01, 0x80011140)
T37D8 000:708.133 - 0.280ms returns 0
T37D8 000:708.156 JLINK_CORESIGHT_ReadAPDPReg(AP reg 0x03)
T37D8 000:708.421   Value=0x00000002
T37D8 000:708.443 - 0.287ms returns 0
T37D8 000:708.460 JLINK_CORESIGHT_ReadAPDPReg(AP reg 0x03)
T37D8 000:708.726   Value=0x00000002
T37D8 000:708.748 - 0.287ms returns 0
T37D8 000:708.767 JLINK_CORESIGHT_ReadAPDPReg(AP reg 0x03)
T37D8 000:709.001   Value=0x00000002
T37D8 000:709.023 - 0.256ms returns 0
T37D8 000:709.040 JLINK_CORESIGHT_ReadAPDPReg(AP reg 0x03)
T37D8 000:709.311   Value=0x00000002
T37D8 000:709.333 - 0.293ms returns 0
T37D8 000:709.351 JLINK_CORESIGHT_ReadAPDPReg(AP reg 0x03)
T37D8 000:709.593   Value=0x00000002
T37D8 000:709.615 - 0.264ms returns 0
T37D8 000:709.632 JLINK_CORESIGHT_ReadAPDPReg(AP reg 0x03)
T37D8 000:709.872   Value=0x00000002
T37D8 000:709.894 - 0.261ms returns 0
T37D8 000:709.910 JLINK_CORESIGHT_ReadAPDPReg(AP reg 0x03)
T37D8 000:710.156   Value=0x00000002
T37D8 000:710.178 - 0.268ms returns 0
T37D8 000:710.196 JLINK_CORESIGHT_ReadAPDPReg(AP reg 0x03)
T37D8 000:710.462   Value=0x00000002
T37D8 000:710.485 - 0.288ms returns 0
T37D8 000:710.501 JLINK_CORESIGHT_ReadAPDPReg(AP reg 0x03)
T37D8 000:710.742   Value=0x00000002
T37D8 000:710.765 - 0.263ms returns 0
T37D8 000:710.782 JLINK_CORESIGHT_ReadAPDPReg(AP reg 0x03)
T37D8 000:711.021   Value=0x00000002
T37D8 000:711.043 - 0.260ms returns 0
T37D8 000:711.060 JLINK_CORESIGHT_ReadAPDPReg(AP reg 0x03)
T37D8 000:711.325   Value=0x00000002
T37D8 000:711.348 - 0.288ms returns 0
T37D8 000:711.366 JLINK_CORESIGHT_ReadAPDPReg(AP reg 0x03)
T37D8 000:711.607   Value=0x00000000
T37D8 000:711.630 - 0.264ms returns 0
T37D8 000:711.647 JLINK_CORESIGHT_WriteAPDPReg(AP reg 0x00, 0x80000002)
T37D8 000:711.858 - 0.211ms returns 0
T37D8 000:711.878 JLINK_CORESIGHT_WriteAPDPReg(AP reg 0x01, 0x80011130)
T37D8 000:712.110 - 0.232ms returns 0
T37D8 000:712.129 JLINK_CORESIGHT_ReadAPDPReg(AP reg 0x03)
T37D8 000:712.395   Value=0x4F0B0081
T37D8 000:712.437 - 0.307ms returns 0
T37D8 000:712.456 JLINK_CORESIGHT_WriteAPDPReg(AP reg 0x00, 0x80000002)
T37D8 000:712.672 - 0.216ms returns 0
T37D8 000:712.698 JLINK_CORESIGHT_WriteAPDPReg(AP reg 0x01, 0x80011140)
T37D8 000:712.914 - 0.215ms returns 0
T37D8 000:712.934 JLINK_CORESIGHT_ReadAPDPReg(AP reg 0x03)
T37D8 000:713.233   Value=0x00000000
T37D8 000:713.279 - 0.344ms returns 0
T37D8 000:713.296 JLINK_CORESIGHT_WriteAPDPReg(AP reg 0x00, 0x80000002)
T37D8 000:713.507 - 0.210ms returns 0
T37D8 000:713.526 JLINK_CORESIGHT_WriteAPDPReg(AP reg 0x01, 0x80011130)
T37D8 000:713.739 - 0.212ms returns 0
T37D8 000:713.758 JLINK_CORESIGHT_ReadAPDPReg(AP reg 0x03)
T37D8 000:714.016   Value=0xE03F0000
T37D8 000:714.039 - 0.280ms returns 0
T37D8 000:714.056 JLINK_CORESIGHT_WriteAPDPReg(AP reg 0x00, 0x80000002)
T37D8 000:714.274 - 0.218ms returns 0
T37D8 000:714.300 JLINK_CORESIGHT_WriteAPDPReg(AP reg 0x01, 0x80011140)
T37D8 000:714.521 - 0.221ms returns 0
T37D8 000:714.541 JLINK_CORESIGHT_ReadAPDPReg(AP reg 0x03)
T37D8 000:714.809   Value=0x00000000
T37D8 000:714.831 - 0.290ms returns 0
T37D8 000:714.850 JLINK_CORESIGHT_WriteAPDPReg(AP reg 0x00, 0x80000002)
T37D8 000:715.106 - 0.256ms returns 0
T37D8 000:715.125 JLINK_CORESIGHT_WriteAPDPReg(AP reg 0x01, 0x80011130)
T37D8 000:715.336 - 0.210ms returns 0
T37D8 000:715.355 JLINK_CORESIGHT_ReadAPDPReg(AP reg 0x03)
T37D8 000:715.615   Value=0x00003F00
T37D8 000:715.639 - 0.284ms returns 0
T37D8 000:715.657 JLINK_CORESIGHT_WriteAPDPReg(AP reg 0x00, 0x80000002)
T37D8 000:715.873 - 0.215ms returns 0
T37D8 000:715.893 JLINK_CORESIGHT_WriteAPDPReg(AP reg 0x01, 0x80011140)
T37D8 000:716.106 - 0.213ms returns 0
T37D8 000:716.125 JLINK_CORESIGHT_ReadAPDPReg(AP reg 0x03)
T37D8 000:716.391   Value=0x00000000
T37D8 000:716.413 - 0.287ms returns 0
T37D8 000:716.430 JLINK_CORESIGHT_WriteAPDPReg(AP reg 0x00, 0x80000002)
T37D8 000:716.647 - 0.216ms returns 0
T37D8 000:716.666 JLINK_CORESIGHT_WriteAPDPReg(AP reg 0x01, 0x80011130)
T37D8 000:716.882 - 0.215ms returns 0
T37D8 000:716.909 JLINK_CORESIGHT_ReadAPDPReg(AP reg 0x03)
T37D8 000:717.181   Value=0x03480000
T37D8 000:717.204 - 0.295ms returns 0
T37D8 000:717.749 JLINK_CORESIGHT_ReadAPDPReg(DP reg 0x01)
T37D8 000:717.973   Value=0xF0000F40
T37D8 000:717.996 - 0.246ms returns 0
T37D8 000:718.011 JLINK_CORESIGHT_WriteAPDPReg(DP reg 0x01, 0xA0000F40)
T37D8 000:718.222 - 0.211ms returns 0
T37D8 000:718.240 JLINK_CORESIGHT_ReadAPDPReg(DP reg 0x01)
T37D8 000:718.462   Value=0x00000F40
T37D8 000:718.485 - 0.245ms returns 0
T37D8 000:718.500 JLINK_ClrRESET()
T37D8 000:718.761 - 0.260ms
T37D8 000:827.689 JLINK_Close()
T37D8 000:839.101 - 11.411ms
T37D8 000:839.162   
T37D8 000:839.181   Closed
