T3628 000:001.732   SEGGER J-Link V8.12f Log File
T3628 000:002.058   DLL Compiled: Feb 12 2025 13:34:40
T3628 000:002.100   Logging started @ 2025-05-14 04:13
T3628 000:002.141   Process: C:\Users\a5145402\.eclipse\com.renesas.platform_437221304\DebugComp\RA\e2-server-gdb.exe
T3628 000:002.183 - 2.178ms 
T3628 000:002.222 JLINK_GetDLLVersion()
T3628 000:002.245 - 0.023ms returns 81206
T3628 000:008.270 JLINK_OpenEx(...)
T3628 000:022.929   Firmware: J-Link OB-RA4M2 compiled Feb 11 2025 17:15:41
T3628 000:024.043   Firmware: J-Link OB-RA4M2 compiled Feb 11 2025 17:15:41
T3628 000:040.197   Hardware: V1.00
T3628 000:040.275   S/N: 1081403975
T3628 000:040.298   OEM: SEGGER
T3628 000:040.319   Feature(s): None
T3628 000:041.256   Bootloader: 2021 May 14
T3628 000:041.803   USB speed mode: Full speed (12 MBit/s)
T3628 000:042.257   TELNET listener socket opened on port 19021
T3628 000:042.572   WEBSRV WEBSRV_Init(): Starting webserver thread(s)
T3628 000:042.877   WEBSRV Webserver running on local port 19080
T3628 000:043.148   Looking for J-Link GUI Server exe at: C:\Users\a5145402\.eclipse\com.renesas.platform_437221304\DebugComp\RA\ARM\Segger_v8.12.6\JLinkGUIServer.exe
T3628 000:043.378   Looking for J-Link GUI Server exe at: C:\Users\a5145402\SEGGER\JLink_V812f\JLinkGUIServer.exe
T3628 000:043.440   Forking J-Link GUI Server: C:\Users\a5145402\SEGGER\JLink_V812f\JLinkGUIServer.exe
T3628 000:096.551   J-Link GUI Server info: "J-Link GUI server V8.12f "
T3628 000:099.777 - 91.500ms returns "O.K."
T3628 000:100.216 JLINK_ExecCommand("ProjectFile=C:\KhanhLe\2.Repo\pilot2\ra-solutions-rvc\example_projects\ek_ra2l2\_quickstart\quickstart_ek_ra2l2_ep\e2studio/quickstart_ek_ra2l2_ep.elf.jlink", ...). 
T3628 000:130.493 - 30.281ms returns 0x00
T3628 000:131.574 JLINK_ExecCommand("device=R7FA2L209", ...). 
T3628 000:132.527   Flash bank @ 0x00000000: SFL: Parsing sectorization info from ELF file
T3628 000:132.560     FlashDevice.SectorInfo[0]: .SectorSize = 0x00000800, .SectorStartAddr = 0x00000000
T3628 000:132.584   FlashBank @0x00000000: Sectorization info from SFL ELF file ignored because sectorization override from DLL / XML file is active.
T3628 000:132.658   Flash bank @ 0x01010010: SFL: Parsing sectorization info from ELF file
T3628 000:132.680     FlashDevice.SectorInfo[0]: .SectorSize = 0x00000024, .SectorStartAddr = 0x00000000
T3628 000:132.701   FlashBank @0x01010010: Sectorization info from SFL ELF file ignored because sectorization override from DLL / XML file is active.
T3628 000:132.733   Flash bank @ 0x40100000: SFL: Parsing sectorization info from ELF file
T3628 000:132.755     FlashDevice.SectorInfo[0]: .SectorSize = 0x00000400, .SectorStartAddr = 0x00000000
T3628 000:132.776   FlashBank @0x40100000: Sectorization info from SFL ELF file ignored because sectorization override from DLL / XML file is active.
T3628 000:132.804   Device "R7FA2L209" selected.
T3628 000:135.005 - 3.386ms returns 0x00
T3628 000:135.058 JLINK_ExecCommand("SetCPUConnectIDCODE = FFFFFFFFFFFFFFFFFFFFFFFFFFFFFFFF", ...). 
T3628 000:135.082 - 0.003ms returns 0x00
T3628 000:135.098 JLINK_TIF_GetAvailable(...)
T3628 000:135.430 - 0.331ms 
T3628 000:135.471 JLINK_TIF_Select(JLINKARM_TIF_SWD)
T3628 000:138.217 - 2.745ms returns 0x00
T3628 000:138.269 JLINK_SetSpeed(4000)
T3628 000:138.385 - 0.117ms 
T3628 000:138.435 JLINK_SetEndian(ARM_ENDIAN_LITTLE)
T3628 000:138.463 - 0.027ms returns 0
T3628 000:138.492 JLINK_SetInitRegsOnReset(OFF)
T3628 000:138.518 - 0.031ms returns 1
T3628 000:138.543 JLINK_SetResetType(JLINKARM_RESET_TYPE_NO_RESET)
T3628 000:138.564 - 0.020ms returns JLINKARM_RESET_TYPE_NORMAL
T3628 000:138.589 JLINK_ExecCommand("EnableFlashBPs", ...). 
T3628 000:138.616 - 0.002ms returns 0x00
T3628 000:138.645 JLINK_ExecCommand("SetAllowFlashCache = 1", ...). 
T3628 000:138.675 - 0.001ms returns 0x01
T3628 000:138.700 JLINK_ExecCommand("SetRestartOnClose = 0", ...). 
T3628 000:138.728 - 0.001ms returns 0x01
T3628 000:138.753 JLINK_ExecCommand("SetAllowSimulation = 0", ...). 
T3628 000:138.779 - 0.002ms returns 0x01
T3628 000:138.849 JLINK_EnableSoftBPs(ON)
T3628 000:138.871 - 0.022ms 
T3628 000:138.895 JLINK_Connect()
T3628 000:140.286   InitTarget() start
T3628 000:140.357    J-Link Script File: Executing InitTarget()
T3628 000:140.379   Identifying target device...
T3628 000:140.410   SWD selected. Executing JTAG -> SWD switching sequence...
T3628 000:141.085   Initializing DAP...
T3628 000:142.610   DAP initialized successfully.
T3628 000:144.297   Low power mode detected. Waking device from low power mode.
T3628 000:146.858   InitTarget() end - Took 6.50ms
T3628 000:147.338   Found SW-DP with ID 0x5BA02477
T3628 000:149.068   DPIDR: 0x5BA02477
T3628 000:149.096   CoreSight SoC-400 or earlier
T3628 000:149.120   Scanning AP map to find all available APs
T3628 000:149.746   AP[2]: Stopped AP scan as end of AP map has been reached
T3628 000:149.775   AP[0]: AHB-AP (IDR: 0x74770001, ADDR: 0x00000000)
T3628 000:149.801   AP[1]: APB-AP (IDR: 0x44770002, ADDR: 0x01000000)
T3628 000:149.824   Iterating through AP map to find AHB-AP to use
T3628 000:150.764   AP[0]: Core found
T3628 000:150.792   AP[0]: AHB-AP ROM base: 0x4001A000
T3628 000:151.226   CPUID register: 0x411CD200. Implementer code: 0x41 (ARM)
T3628 000:151.253   Feature set: Baseline
T3628 000:151.722   Cache: No cache
T3628 000:151.750   Found Cortex-M23 r1p0, Little endian.
T3628 000:152.011   -- Max. mem block: 0x0001D7A8
T3628 000:152.599   CPU_ReadMem(4 bytes @ 0xE000EDF0)
T3628 000:153.103   CPU_WriteMem(4 bytes @ 0xE000EDF0)
T3628 000:153.420   CPU_ReadMem(4 bytes @ 0xE0002000)
T3628 000:153.695   FPUnit: 4 code (BP) slots and 0 literal slots
T3628 000:153.721   CPU_ReadMem(4 bytes @ 0xE000EDFC)
T3628 000:153.966   CPU_WriteMem(4 bytes @ 0xE000EDFC)
T3628 000:154.219   CPU_ReadMem(4 bytes @ 0xE0001000)
T3628 000:154.573   CPU_ReadMem(4 bytes @ 0xE0001000)
T3628 000:154.859   CPU_ReadMem(4 bytes @ 0xE0001028)
T3628 000:155.144   CPU_ReadMem(4 bytes @ 0xE0001038)
T3628 000:155.417   CPU_WriteMem(4 bytes @ 0xE0001000)
T3628 000:155.702   CPU_ReadMem(4 bytes @ 0xE000ED88)
T3628 000:155.973   CPU_WriteMem(4 bytes @ 0xE000ED88)
T3628 000:156.240   CPU_ReadMem(4 bytes @ 0xE000ED88)
T3628 000:156.545   CPU_WriteMem(4 bytes @ 0xE000ED88)
T3628 000:156.834   CPU_ReadMem(4 bytes @ 0xE000EFB8)
T3628 000:157.217   Security extension: not implemented
T3628 000:157.248   CoreSight components:
T3628 000:157.272   ROMTbl[0] @ 4001A000
T3628 000:157.299   CPU_ReadMem(64 bytes @ 0x4001A000)
T3628 000:157.994   CPU_ReadMem(32 bytes @ 0xE000EFE0)
T3628 000:158.457   CPU_ReadMem(4 bytes @ 0xE000EFBC)
T3628 000:158.713   CPU_ReadMem(4 bytes @ 0xE000EFCC)
T3628 000:158.993   [0][0]: E000E000 CID B105900D PID 000BBD20 DEVARCH 47702A04 DEVTYPE 00 Cortex-M23
T3628 000:159.020   CPU_ReadMem(32 bytes @ 0xE0001FE0)
T3628 000:159.562   CPU_ReadMem(4 bytes @ 0xE0001FBC)
T3628 000:159.836   CPU_ReadMem(4 bytes @ 0xE0001FCC)
T3628 000:160.092   [0][1]: E0001000 CID B105900D PID 000BBD20 DEVARCH 47701A02 DEVTYPE 00 DWT
T3628 000:160.118   CPU_ReadMem(32 bytes @ 0xE0002FE0)
T3628 000:160.626   CPU_ReadMem(4 bytes @ 0xE0002FBC)
T3628 000:160.867   CPU_ReadMem(4 bytes @ 0xE0002FCC)
T3628 000:161.226   [0][2]: E0002000 CID B105900D PID 000BBD20 DEVARCH 47701A03 DEVTYPE 00 FPB
T3628 000:161.252   CPU_ReadMem(32 bytes @ 0x40019FE0)
T3628 000:161.717   CPU_ReadMem(4 bytes @ 0x40019FBC)
T3628 000:161.991   CPU_ReadMem(4 bytes @ 0x40019FCC)
T3628 000:162.352   [0][3]: 40019000 CID B105900D PID 000BBD20 DEVARCH 47710A31 DEVTYPE 31 MTB
T3628 000:162.404 - 23.508ms returns 0x00
T3628 000:162.429 JLINK_Halt()
T3628 000:164.977 - 2.547ms returns 0x00
T3628 000:165.021 JLINK_IsHalted()
T3628 000:165.038 - 0.016ms returns TRUE
T3628 000:165.056 JLINK_ResetPullsRESET(ON)
T3628 000:165.072 - 0.016ms 
T3628 000:165.089 JLINK_Reset()
T3628 000:165.118   JLINK_GetResetTypeDesc
T3628 000:165.134   - 0.016ms 
T3628 000:165.151   Reset type: CONNECT UNDER RESET (https://wiki.segger.com/J-Link_Reset_Strategies)
T3628 000:165.171   CPU_WriteMem(4 bytes @ 0xE000EDF0)
T3628 000:165.520   CPU_ReadMem(4 bytes @ 0xE000ED44)
T3628 000:165.793   CPU_WriteMem(4 bytes @ 0xE000EDFC)
T3628 000:166.039   Reset: Halt core after reset via DEMCR.VC_CORERESET.
T3628 000:166.289   Reset: Reset device via AIRCR.SYSRESETREQ.
T3628 000:166.317   CPU_WriteMem(4 bytes @ 0xE000ED0C)
T3628 000:219.434   CPU_ReadMem(4 bytes @ 0xE000EDF0)
T3628 000:219.757   CPU_ReadMem(4 bytes @ 0xE000EDF0)
T3628 000:220.204   CPU_WriteMem(4 bytes @ 0xE000EDFC)
T3628 000:225.830   CPU_ReadMem(4 bytes @ 0xE000EDF0)
T3628 000:228.821   CPU_WriteMem(4 bytes @ 0xE0002000)
T3628 000:229.142   CPU_ReadMem(4 bytes @ 0xE000EDFC)
T3628 000:229.428   CPU_ReadMem(4 bytes @ 0xE0001000)
T3628 000:229.690   CPU_WriteMem(4 bytes @ 0xE0001000)
T3628 000:229.970   CPU_ReadMem(4 bytes @ 0xE000EE08)
T3628 000:230.325 - 65.234ms 
T3628 000:231.282 JLINK_IsHalted()
T3628 000:231.346 - 0.064ms returns TRUE
T3628 000:231.942 JLINK_MeasureCPUSpeed(RAMAddr = 0xFFFFFFFF)
T3628 000:232.010   CPU_ReadMem(16 bytes @ 0x20004000)
T3628 000:232.462   CPU_ReadMem(64 bytes @ 0x20004000)
T3628 000:233.150    -- Updating C cache (64 bytes @ 0x20004000)
T3628 000:233.226    -- Read from C cache (6 bytes @ 0x20004000)
T3628 000:233.273   CPU_ReadMem(4 bytes @ 0x40019004)
T3628 000:233.583   CPU_ReadMem(4 bytes @ 0xE000ED90)
T3628 000:233.878   CPU_ReadMem(4 bytes @ 0xE000ED94)
T3628 000:234.211   CPU_WriteMem(16 bytes @ 0x20004000)
T3628 000:234.591   CPU_WriteMem(6 bytes @ 0x20004000)
T3628 000:234.954   CPU_ReadMem(64 bytes @ 0x20004000)
T3628 000:235.624    -- Updating C cache (64 bytes @ 0x20004000)
T3628 000:235.680    -- Read from C cache (6 bytes @ 0x20004000)
T3628 000:235.726   CPU_ReadMem(4 bytes @ 0xE000EE08)
T3628 000:236.053   CPU_WriteMem(4 bytes @ 0xE0002008)
T3628 000:236.092   CPU_WriteMem(4 bytes @ 0xE000200C)
T3628 000:236.133   CPU_WriteMem(4 bytes @ 0xE0002010)
T3628 000:236.175   CPU_WriteMem(4 bytes @ 0xE0002014)
T3628 000:242.141   CPU_WriteMem(4 bytes @ 0xE0002008)
T3628 000:242.595   CPU_WriteMem(4 bytes @ 0xE000200C)
T3628 000:242.905   CPU_WriteMem(4 bytes @ 0xE0002010)
T3628 000:243.199   CPU_WriteMem(4 bytes @ 0xE0002014)
T3628 000:243.520   CPU_ReadMem(4 bytes @ 0xE000EE08)
T3628 000:243.780   CPU_ReadMem(4 bytes @ 0xE000EE08)
T3628 000:244.061   CPU_ReadMem(4 bytes @ 0xE000EE08)
T3628 000:269.347   CPU_WriteMem(6 bytes @ 0x20004000)
T3628 000:269.703   ClockFreq: 662800 Hz
T3628 000:269.753 - 37.811ms returns 662800
T3628 000:269.779 JLINK_ReadReg(XPSR)
T3628 000:269.802   CPU_ReadMem(4 bytes @ 0xE000EE08)
T3628 000:270.058 - 0.278ms returns 0x01000000
T42E4 002:342.616 JLINK_ReadReg(XPSR)
T42E4 002:343.123   CPU_ReadMem(4 bytes @ 0xE000EE08)
T42E4 002:343.576 - 0.960ms returns 0x01000000
T42E4 002:364.646 JLINK_ReadReg(XPSR)
T42E4 002:364.733 - 0.087ms returns 0x01000000
T42E4 002:411.588 JLINK_ReadReg(XPSR)
T42E4 002:411.669 - 0.081ms returns 0x01000000
T42E4 002:549.933 JLINK_ResetPullsRESET(ON)
T42E4 002:550.036 - 0.104ms 
T42E4 002:550.073 JLINK_Halt()
T42E4 002:550.110 - 0.036ms returns 0x00
T42E4 002:550.146 JLINK_IsHalted()
T42E4 002:550.186 - 0.039ms returns TRUE
T42E4 002:550.220 JLINK_Reset()
T42E4 002:550.268   CPU_ReadMem(4 bytes @ 0x20004000)
T42E4 002:550.667   CPU_WriteMem(4 bytes @ 0x20004000)
T42E4 002:551.231   JLINK_GetResetTypeDesc
T42E4 002:551.279   - 0.047ms 
T42E4 002:551.314   Reset type: CONNECT UNDER RESET (https://wiki.segger.com/J-Link_Reset_Strategies)
T42E4 002:551.351   CPU_WriteMem(4 bytes @ 0xE000EDF0)
T42E4 002:551.729   CPU_ReadMem(4 bytes @ 0xE000ED44)
T42E4 002:552.071   CPU_WriteMem(4 bytes @ 0xE000EDFC)
T42E4 002:552.607   Reset: Halt core after reset via DEMCR.VC_CORERESET.
T42E4 002:553.139   Reset: Reset device via AIRCR.SYSRESETREQ.
T42E4 002:553.237   CPU_WriteMem(4 bytes @ 0xE000ED0C)
T42E4 002:609.216   CPU_ReadMem(4 bytes @ 0xE000EDF0)
T42E4 002:609.840   CPU_ReadMem(4 bytes @ 0xE000EDF0)
T42E4 002:610.394   CPU_WriteMem(4 bytes @ 0xE000EDFC)
T42E4 002:617.213   CPU_ReadMem(4 bytes @ 0xE000EDF0)
T42E4 002:620.708   CPU_WriteMem(4 bytes @ 0xE0002000)
T42E4 002:621.125   CPU_ReadMem(4 bytes @ 0xE000EDFC)
T42E4 002:621.500   CPU_ReadMem(4 bytes @ 0xE0001000)
T42E4 002:621.905   CPU_WriteMem(4 bytes @ 0xE0001000)
T42E4 002:622.388   CPU_ReadMem(4 bytes @ 0xE000EE08)
T42E4 002:622.858 - 72.637ms 
T42E4 002:622.922 JLINK_SetEndian(ARM_ENDIAN_LITTLE)
T42E4 002:622.946 - 0.023ms returns 0
T42E4 002:624.391 JLINK_BeginDownload(Flags = 0x00000000)
T42E4 002:624.480 - 0.089ms 
T42E4 002:645.726 JLINK_WriteMem(0x00000000, 0xBD0 Bytes, ...)
T42E4 002:645.798   Data:  A8 52 00 20 F1 4D 00 00 E9 4B 00 00 ED 4D 00 00 ...
T42E4 002:646.031   completely In flash
T42E4 002:646.074 - 0.348ms returns 0xBD0
T42E4 002:646.690 JLINK_WriteMem(0x00000BD0, 0xBC0 Bytes, ...)
T42E4 002:646.763   Data:  00 0D 04 40 EF F3 10 81 01 23 83 F3 10 88 07 4B ...
T42E4 002:646.820   completely In flash
T42E4 002:646.867 - 0.177ms returns 0xBC0
T42E4 002:647.284 JLINK_WriteMem(0x00001790, 0xBC0 Bytes, ...)
T42E4 002:647.356   Data:  28 49 00 20 6E 00 09 40 6E 00 06 40 13 B5 6B 46 ...
T42E4 002:647.416   completely In flash
T42E4 002:647.453 - 0.169ms returns 0xBC0
T42E4 002:647.991 JLINK_WriteMem(0x00002350, 0xBC0 Bytes, ...)
T42E4 002:648.042   Data:  00 D8 98 01 10 BD FF FF 24 22 1D 4B F0 B5 1E 00 ...
T42E4 002:648.074   completely In flash
T42E4 002:648.099 - 0.108ms returns 0xBC0
T42E4 002:648.445 JLINK_WriteMem(0x00002F10, 0xBC0 Bytes, ...)
T42E4 002:648.482   Data:  FE F7 80 FA 11 4F 21 00 28 00 FE F7 AF FA A6 00 ...
T42E4 002:648.509   completely In flash
T42E4 002:648.538 - 0.093ms returns 0xBC0
T42E4 002:648.962 JLINK_WriteMem(0x00003AD0, 0xBA0 Bytes, ...)
T42E4 002:649.010   Data:  FE F7 A6 FE B6 B2 EF E7 78 46 00 20 6E 46 00 20 ...
T42E4 002:649.036   completely In flash
T42E4 002:649.060 - 0.098ms returns 0xBA0
T42E4 002:649.433 JLINK_WriteMem(0x00004670, 0xBB0 Bytes, ...)
T42E4 002:649.470   Data:  10 31 49 00 CB 5A 00 20 13 80 70 47 70 B5 05 00 ...
T42E4 002:649.494   completely In flash
T42E4 002:649.516 - 0.083ms returns 0xBB0
T42E4 002:650.487 JLINK_WriteMem(0x00005220, 0xBC0 Bytes, ...)
T42E4 002:650.525   Data:  16 D5 01 20 00 23 8E E7 3C 00 45 46 8A 46 7F E7 ...
T42E4 002:650.548   completely In flash
T42E4 002:650.570 - 0.083ms returns 0xBC0
T42E4 002:651.138 JLINK_WriteMem(0x00005DE0, 0xB90 Bytes, ...)
T42E4 002:651.171   Data:  00 23 26 E5 00 27 40 F2 FF 73 00 22 21 E5 ED 08 ...
T42E4 002:651.198   completely In flash
T42E4 002:651.225 - 0.086ms returns 0xB90
T42E4 002:651.733 JLINK_WriteMem(0x00006970, 0xB90 Bytes, ...)
T42E4 002:651.764   Data:  40 F2 FF 73 16 E7 80 24 40 F2 00 09 24 03 F7 E7 ...
T42E4 002:651.787   completely In flash
T42E4 002:651.809 - 0.076ms returns 0xB90
T42E4 002:652.347 JLINK_WriteMem(0x00007500, 0xBA0 Bytes, ...)
T42E4 002:652.382   Data:  6B 46 9B 89 82 B2 9A 1A 03 9B D2 19 00 0C 1B 0C ...
T42E4 002:652.438   completely In flash
T42E4 002:652.463 - 0.115ms returns 0xBA0
T42E4 002:652.995 JLINK_WriteMem(0x000080A0, 0xBA0 Bytes, ...)
T42E4 002:653.049   Data:  FA D0 C4 E4 08 9A 9A 42 A6 D1 0D 9B 01 33 0D 93 ...
T42E4 002:653.086   completely In flash
T42E4 002:653.117 - 0.121ms returns 0xBA0
T42E4 002:653.542 JLINK_WriteMem(0x00008C40, 0xBD0 Bytes, ...)
T42E4 002:653.593   Data:  07 93 63 69 05 9A 9B 18 63 61 66 E7 61 46 4B 43 ...
T42E4 002:653.635   completely In flash
T42E4 002:653.718 - 0.176ms returns 0xBD0
T42E4 002:654.301 JLINK_WriteMem(0x00009810, 0xBE0 Bytes, ...)
T42E4 002:654.370   Data:  00 22 04 E5 00 2D 00 D1 C5 E5 BB 1B 9A 46 99 46 ...
T42E4 002:654.406   completely In flash
T42E4 002:654.440 - 0.139ms returns 0xBE0
T42E4 002:654.771 JLINK_WriteMem(0x0000A3F0, 0x90 Bytes, ...)
T42E4 002:654.814   Data:  02 02 02 02 10 10 10 10 20 00 00 00 00 00 00 00 ...
T42E4 002:654.844   completely In flash
T42E4 002:654.869 - 0.098ms returns 0x90
T42E4 002:655.264 JLINK_WriteMem(0x0000A480, 0x3D4 Bytes, ...)
T42E4 002:655.314   Data:  01 00 00 00 CE 40 00 20 BE 40 00 20 92 40 00 20 ...
T42E4 002:655.367   completely In flash
T42E4 002:655.481 - 0.217ms returns 0x3D4
T42E4 002:655.821 JLINK_WriteMem(0x01010018, 0x1C Bytes, ...)
T42E4 002:655.904   Data:  FF FF FF FF FF FF FF FF FF FF FF FF FF FF FF FF ...
T42E4 002:656.173   completely In flash
T42E4 002:656.242 - 0.421ms returns 0x1C
T42E4 002:673.564 JLINK_EndDownload()
T42E4 002:673.944   CPU_ReadMem(4 bytes @ 0x40019004)
T42E4 002:674.380   CPU_ReadMem(4 bytes @ 0xE000ED90)
T42E4 002:674.802   CPU_ReadMem(4 bytes @ 0xE000ED94)
T42E4 002:675.258    -- --------------------------------------
T42E4 002:675.308    -- Start of determining flash info (Bank @ 0x00000000)
T42E4 002:675.335    -- End of determining flash info
T42E4 002:675.364    -- Start of determining dirty areas in flash cache
T42E4 002:675.389    -- Filling invalid ranges in sector buffer (flash cache) for sector @ 0x00000000 if necessary
T42E4 002:675.414    -- Filling invalid ranges in sector buffer (flash cache) for sector @ 0x00000800 if necessary
T42E4 002:675.439    -- Filling invalid ranges in sector buffer (flash cache) for sector @ 0x00001000 if necessary
T42E4 002:675.467    -- Filling invalid ranges in sector buffer (flash cache) for sector @ 0x00001800 if necessary
T42E4 002:675.491    -- Filling invalid ranges in sector buffer (flash cache) for sector @ 0x00002000 if necessary
T42E4 002:675.521    -- Filling invalid ranges in sector buffer (flash cache) for sector @ 0x00002800 if necessary
T42E4 002:675.545    -- Filling invalid ranges in sector buffer (flash cache) for sector @ 0x00003000 if necessary
T42E4 002:675.571    -- Filling invalid ranges in sector buffer (flash cache) for sector @ 0x00003800 if necessary
T42E4 002:675.598    -- Filling invalid ranges in sector buffer (flash cache) for sector @ 0x00004000 if necessary
T42E4 002:675.627    -- Filling invalid ranges in sector buffer (flash cache) for sector @ 0x00004800 if necessary
T42E4 002:675.654    -- Filling invalid ranges in sector buffer (flash cache) for sector @ 0x00005000 if necessary
T42E4 002:675.679    -- Filling invalid ranges in sector buffer (flash cache) for sector @ 0x00005800 if necessary
T42E4 002:675.703    -- Filling invalid ranges in sector buffer (flash cache) for sector @ 0x00006000 if necessary
T42E4 002:675.733    -- Filling invalid ranges in sector buffer (flash cache) for sector @ 0x00006800 if necessary
T42E4 002:675.758    -- Filling invalid ranges in sector buffer (flash cache) for sector @ 0x00007000 if necessary
T42E4 002:675.788    -- Filling invalid ranges in sector buffer (flash cache) for sector @ 0x00007800 if necessary
T42E4 002:675.817    -- Filling invalid ranges in sector buffer (flash cache) for sector @ 0x00008000 if necessary
T42E4 002:675.844    -- Filling invalid ranges in sector buffer (flash cache) for sector @ 0x00008800 if necessary
T42E4 002:675.875    -- Filling invalid ranges in sector buffer (flash cache) for sector @ 0x00009000 if necessary
T42E4 002:675.901    -- Filling invalid ranges in sector buffer (flash cache) for sector @ 0x00009800 if necessary
T42E4 002:675.926    -- Filling invalid ranges in sector buffer (flash cache) for sector @ 0x0000A000 if necessary
T42E4 002:675.950    -- Filling invalid ranges in sector buffer (flash cache) for sector @ 0x0000A800 if necessary
T42E4 002:675.997    -- End of determining dirty areas
T42E4 002:676.028    -- Start of preparing flash programming
T42E4 002:676.058    -- Preparing RAMCode
T42E4 002:676.108    -- Calculating RAM usage
T42E4 002:676.137    -- RAM usage = 10888 Bytes
T42E4 002:676.164    -- Preserving CPU registers
T42E4 002:676.624    -- Preparing memory
T42E4 002:676.670    -- Preparing target
T42E4 002:676.693    -- Preserving target RAM temporarily used for programming
T42E4 002:733.226    -- Downloading RAMCode
T42E4 002:756.235    -- Initializing RAMCode (InitType: 3 = Verify)
T42E4 002:756.411   CPU_ReadMem(2 bytes @ 0x40000D04)
T42E4 002:757.072   CPU_ReadMem(2 bytes @ 0x40000D14)
T42E4 002:757.613    -- Executing SEGGER_FL_Prepare(3)
T42E4 002:762.402    -- SEGGER_FL_Prepare() changed clock speed to 8000000Hz
T42E4 002:762.552    -- End of preparing flash programming
T42E4 002:772.171   
  ***** Warning: 
T42E4 002:772.257   CPU is running at low speed (8000 kHz).
T42E4 002:772.281    -- CPU is running at 8000 kHz.
T42E4 002:772.305    -- Start of comparing flash
T42E4 002:772.328    -- CRC check was estimated as fastest method
T42E4 002:827.768    -- Comparing range 0x0000 - 0xAFFF (22 Sectors, 44 KB), using single-block CRC calculation
T42E4 002:973.914    -- CRC does not match, checking individual sectors
T42E4 003:077.588    -- CRC does not match for sectors 0-15
T42E4 003:117.160    -- CRC does not match for sectors 16-21
T42E4 003:117.244    -- End of comparing flash
T42E4 003:117.270    -- Start of erasing sectors
T42E4 003:117.298    -- Erasing range 0x00000000 - 0x0000AFFF ( 22 Sectors, 44 KB)
T42E4 003:246.390    -- End of erasing sectors
T42E4 003:246.561    -- Start of flash programming
T42E4 003:246.634    -- Programming range 0x00000000 - 0x00003FFF (  8 Sectors, 16 KB)
T42E4 003:415.899    -- Programming range 0x00004000 - 0x00007FFF (  8 Sectors, 16 KB)
T42E4 003:621.100    -- Programming range 0x00008000 - 0x0000AFFF (  6 Sectors, 12 KB)
T42E4 003:775.783    -- End of flash programming
T42E4 003:775.866    -- 0x0000 - 0xAFFF ( 22 Sectors, 44 KB)
T42E4 003:775.889    -- Start of verifying flash
T42E4 003:775.920    -- Checksum calculation was estimated as fastest method
T42E4 003:775.942    -- Checksum is not supported by this flash bank. Switched to read back method.
T42E4 003:965.257    -- End of verifying flash
T42E4 003:965.332    -- Start of restoring
T42E4 003:965.358    -- Executing SEGGER_FL_Restore()
T42E4 003:969.308    -- Restoring target memory
T42E4 004:013.801    -- Restoring CPU registers
T42E4 004:014.382    -- End of restoring
T42E4 004:014.600    -- Bank 0 @ 0x00000000: 1 range affected (45056 bytes)
T42E4 004:014.729    -- Total: 1.338s (Prepare: 0.096s, Compare: 0.344s, Erase: 0.129s, Program: 0.579s, Verify: 0.139s, Restore: 0.049s)
T42E4 004:014.854    -- Program speed: 75 KB/s
T42E4 004:021.346    -- --------------------------------------
T42E4 004:021.433    -- Start of determining flash info (Bank @ 0x01010010)
T42E4 004:021.472    -- End of determining flash info
T42E4 004:021.509    -- Start of determining dirty areas in flash cache
T42E4 004:021.545    -- Filling invalid ranges in sector buffer (flash cache) for sector @ 0x01010010 if necessary
T42E4 004:021.586    -- End of determining dirty areas
T42E4 004:021.620    -- Start of preparing flash programming
T42E4 004:021.656    -- Preparing RAMCode
T42E4 004:021.692    -- Calculating RAM usage
T42E4 004:021.727    -- RAM usage = 3704 Bytes
T42E4 004:021.762    -- Preserving CPU registers
T42E4 004:021.837    -- Preparing memory
T42E4 004:021.873    -- Preparing target
T42E4 004:021.908    -- Preserving target RAM temporarily used for programming
T42E4 004:041.098    -- Downloading RAMCode
T42E4 004:062.533    -- Initializing RAMCode (InitType: 3 = Verify)
T42E4 004:062.602   CPU_ReadMem(2 bytes @ 0x40000D04)
T42E4 004:063.077   CPU_ReadMem(2 bytes @ 0x40000D14)
T42E4 004:063.340    -- Executing SEGGER_FL_Prepare(3)
T42E4 004:067.395    -- SEGGER_FL_Prepare() changed clock speed to 8000000Hz
T42E4 004:067.472    -- End of preparing flash programming
T42E4 004:069.264   
  ***** Warning: 
T42E4 004:069.366   CPU is running at low speed (8000 kHz).
T42E4 004:069.403    -- CPU is running at 8000 kHz.
T42E4 004:069.444    -- Start of comparing flash
T42E4 004:069.482    -- Flash algorithm supports a native verify function which is used to compare the flash content.
T42E4 004:084.879    -- Comparing range 0x1010010 - 0x1010033 (1 Sector, 36 Bytes), using verify function of the RAMCode
T42E4 004:086.539    -- Data matches for sector 0
T42E4 004:086.634    -- End of comparing flash
T42E4 004:086.673    -- Start of erasing sectors
T42E4 004:086.714    -- End of erasing sectors
T42E4 004:086.742    -- Start of flash programming
T42E4 004:086.778    -- End of flash programming
T42E4 004:086.806    -- Start of verifying flash
T42E4 004:086.837    -- End of verifying flash
T42E4 004:086.873    -- Start of restoring
T42E4 004:086.912    -- Executing SEGGER_FL_Restore()
T42E4 004:091.457    -- Restoring target memory
T42E4 004:107.008    -- Restoring CPU registers
T42E4 004:107.408    -- End of restoring
T42E4 004:107.446    -- Bank 1 @ 0x01010010: Skipped. Contents already match
T42E4 004:107.471    -- Bank 1 @ 0x01010010: Skipped. Contents already match
T42E4 004:111.106 - 1437.540ms returns 45056 (0xB000)
T42E4 004:112.867 JLINK_WriteReg(R15 (PC), 0x00004DF0)
T42E4 004:112.962 - 0.095ms returns 0
T42E4 004:112.992 JLINK_WriteReg(XPSR, 0x01000000)
T42E4 004:113.017 - 0.025ms returns 0
T42E4 004:113.694 JLINK_ResetPullsRESET(ON)
T42E4 004:113.766 - 0.073ms 
T42E4 004:113.791 JLINK_Halt()
T42E4 004:113.815 - 0.024ms returns 0x00
T42E4 004:113.839 JLINK_IsHalted()
T42E4 004:113.864 - 0.024ms returns TRUE
T42E4 004:113.888 JLINK_Reset()
T42E4 004:113.922   CPU_ReadMem(4 bytes @ 0x20004000)
T42E4 004:114.280   CPU_WriteMem(4 bytes @ 0x20004000)
T42E4 004:114.710   JLINK_GetResetTypeDesc
T42E4 004:114.769   - 0.059ms 
T42E4 004:114.796   Reset type: CONNECT UNDER RESET (https://wiki.segger.com/J-Link_Reset_Strategies)
T42E4 004:114.826   CPU_WriteMem(4 bytes @ 0xE000EDF0)
T42E4 004:115.125   CPU_ReadMem(4 bytes @ 0xE000ED44)
T42E4 004:115.425   CPU_WriteMem(4 bytes @ 0xE000EDFC)
T42E4 004:115.720   Reset: Halt core after reset via DEMCR.VC_CORERESET.
T42E4 004:116.079   Reset: Reset device via AIRCR.SYSRESETREQ.
T42E4 004:116.143   CPU_WriteMem(4 bytes @ 0xE000ED0C)
T42E4 004:170.027   CPU_ReadMem(4 bytes @ 0xE000EDF0)
T42E4 004:170.347   CPU_ReadMem(4 bytes @ 0xE000EDF0)
T42E4 004:170.592   CPU_WriteMem(4 bytes @ 0xE000EDFC)
T42E4 004:176.488   CPU_ReadMem(4 bytes @ 0xE000EDF0)
T42E4 004:179.588   CPU_WriteMem(4 bytes @ 0xE0002000)
T42E4 004:179.868   CPU_ReadMem(4 bytes @ 0xE000EDFC)
T42E4 004:180.232   CPU_ReadMem(4 bytes @ 0xE0001000)
T42E4 004:180.535   CPU_WriteMem(4 bytes @ 0xE0001000)
T42E4 004:180.858   CPU_ReadMem(4 bytes @ 0xE000EE08)
T42E4 004:181.177 - 67.289ms 
T42E4 004:181.216 JLINK_SetEndian(ARM_ENDIAN_LITTLE)
T42E4 004:181.236 - 0.020ms returns 0
T42E4 004:203.800 JLINK_ReadReg(XPSR)
T42E4 004:203.898   CPU_ReadMem(4 bytes @ 0xE000EE08)
T42E4 004:204.213 - 0.412ms returns 0x61000000
T42E4 004:204.781 JLINK_ReadMem(0x00004DF0, 0x4 Bytes, ...)
T42E4 004:204.825    -- Read from flash cache (4 bytes @ 0x00004DF0)
T42E4 004:204.853   Data:  10 B5 00 F0
T42E4 004:204.877 - 0.096ms returns 0
T42E4 004:230.122 JLINK_ReadReg(XPSR)
T42E4 004:230.218 - 0.096ms returns 0x61000000
T42E4 004:230.807 JLINK_ReadMem(0x00004DF0, 0x4 Bytes, ...)
T42E4 004:230.878    -- Read from flash cache (4 bytes @ 0x00004DF0)
T42E4 004:230.903   Data:  10 B5 00 F0
T42E4 004:230.927 - 0.120ms returns 0
T42E4 004:339.490 JLINK_GetNumBPUnits(Type = 0xFFFFFF00)
T42E4 004:339.558 - 0.068ms returns 0x04
T42E4 004:339.580 JLINK_GetNumWPUnits()
T42E4 004:339.597 - 0.016ms returns 2
T42E4 004:339.614 JLINK_GetNumWPUnits()
T42E4 004:339.629 - 0.015ms returns 2
T42E4 004:339.649 JLINK_GetNumBPUnits(Type = 0xFFFFFF00)
T42E4 004:339.666 - 0.016ms returns 0x04
T42E4 004:339.682 JLINK_GetNumWPUnits()
T42E4 004:339.697 - 0.015ms returns 2
T42E4 004:339.713 JLINK_GetNumWPUnits()
T42E4 004:339.729 - 0.015ms returns 2
T42E4 004:339.748 JLINK_GetNumBPUnits(Type = 0xFFFFFF00)
T42E4 004:339.764 - 0.016ms returns 0x04
T42E4 004:339.780 JLINK_GetNumWPUnits()
T42E4 004:339.799 - 0.019ms returns 2
T42E4 004:339.815 JLINK_GetNumWPUnits()
T42E4 004:339.831 - 0.015ms returns 2
T42E4 004:339.875 JLINK_SetBPEx(Addr = 0x00000DCC, Type = 0xFFFFFF00)
T42E4 004:339.898 - 0.023ms returns 0x00000001
T42E4 004:339.917 JLINK_ClrBPEx(BPHandle = 0x00000001)
T42E4 004:339.933 - 0.016ms returns 0x00
T42E4 004:357.976 JLINK_ReadMem(0x00000DC0, 0x40 Bytes, ...)
T42E4 004:358.057    -- Read from flash cache (64 bytes @ 0x00000DC0)
T42E4 004:358.093   Data:  90 C0 7E 40 04 A0 00 00 8C 44 00 20 10 B5 FF F7 ...
T42E4 004:358.118 - 0.142ms returns 0
T42E4 004:359.108 JLINK_ReadMem(0x00000DCC, 0x2 Bytes, ...)
T42E4 004:359.167    -- Read from flash cache (2 bytes @ 0x00000DCC)
T42E4 004:359.193   Data:  10 B5
T42E4 004:359.225 - 0.117ms returns 0
T42E4 004:359.626 JLINK_SetBPEx(Addr = 0x00000DCC, Type = 0xFFFFFF00)
T42E4 004:359.699 - 0.072ms returns 0x00000002
T42E4 004:462.517 JLINK_ReadRegs(NumRegs = 22)
T42E4 004:462.635   
  R0 (0)        = 0x00                 R1 (1)        = 0x40044400           R2 (2)        = 0x00                 R3 (3)        = 0x20004115        
  R4 (4)        = 0x20004E40           R5 (5)        = 0x20004578           R6 (6)        = 0x1010010            R7 (7)        = 0x20004E30        
  R8 (8)        = 0xF2DF59BF           R9 (9)        = 0x40008634           R10 (10)      = 0xDF904699           R11 (11)      = 0xCDA1797D        
  R12 (12)      = 0x40044400           R13 (SP) (13) = 0x200052A8           R14 (14)      = 0x200044D3           R15 (PC) (15) = 0x4DF0            
  XPSR (16)     = 0x61000000           MSP (17)      = 0x200052A8           PSP (18)      = 0xFFFFDF7C           MSPLIM (86)   = 0x00              
  PSPLIM (87)   = 0x00                 CFBP (20)     = 0x00              
T42E4 004:462.698 - 0.182ms returns 0x00
T42E4 004:463.121 JLINK_ReadReg(XPSR)
T42E4 004:463.183 - 0.062ms returns 0x61000000
T42E4 004:464.288 JLINK_ReadMem(0x00004DF0, 0x4 Bytes, ...)
T42E4 004:464.402    -- Read from flash cache (4 bytes @ 0x00004DF0)
T42E4 004:464.440   Data:  10 B5 00 F0
T42E4 004:464.486 - 0.198ms returns 0
T34A8 004:481.370 JLINK_GetNumBPUnits(Type = 0xFFFFFF00)
T34A8 004:481.441 - 0.072ms returns 0x04
T34A8 004:481.474 JLINK_GetNumWPUnits()
T34A8 004:481.491 - 0.016ms returns 2
T34A8 004:481.509 JLINK_GetNumWPUnits()
T34A8 004:481.527 - 0.017ms returns 2
T34A8 004:481.943 JLINK_GetNumBPUnits(Type = 0xFFFFFF00)
T34A8 004:481.989 - 0.047ms returns 0x04
T34A8 004:482.007 JLINK_GetNumWPUnits()
T34A8 004:482.023 - 0.015ms returns 2
T34A8 004:482.039 JLINK_GetNumWPUnits()
T34A8 004:482.055 - 0.015ms returns 2
T34A8 004:482.286 JLINK_GetNumBPUnits(Type = 0xFFFFFF00)
T34A8 004:482.333 - 0.047ms returns 0x04
T34A8 004:482.366 JLINK_GetNumWPUnits()
T34A8 004:482.390 - 0.023ms returns 2
T34A8 004:482.413 JLINK_GetNumWPUnits()
T34A8 004:482.436 - 0.022ms returns 2
T34A8 004:482.906 JLINK_GetNumBPUnits(Type = 0xFFFFFF00)
T34A8 004:482.957 - 0.051ms returns 0x04
T34A8 004:482.974 JLINK_GetNumWPUnits()
T34A8 004:482.993 - 0.018ms returns 2
T34A8 004:483.037 JLINK_GetNumWPUnits()
T34A8 004:483.065 - 0.027ms returns 2
T34A8 004:484.067 JLINK_GetNumBPUnits(Type = 0xFFFFFF00)
T34A8 004:484.184 - 0.117ms returns 0x04
T34A8 004:484.212 JLINK_GetNumWPUnits()
T34A8 004:484.236 - 0.023ms returns 2
T34A8 004:484.259 JLINK_GetNumWPUnits()
T34A8 004:484.283 - 0.024ms returns 2
T34A8 004:485.425 JLINK_GetNumBPUnits(Type = 0xFFFFFF00)
T34A8 004:485.659 - 0.237ms returns 0x04
T34A8 004:485.681 JLINK_GetNumWPUnits()
T34A8 004:485.699 - 0.018ms returns 2
T34A8 004:485.734 JLINK_GetNumWPUnits()
T34A8 004:485.759 - 0.024ms returns 2
T34A8 004:486.200 JLINK_GetNumBPUnits(Type = 0xFFFFFF00)
T34A8 004:486.259 - 0.059ms returns 0x04
T34A8 004:486.275 JLINK_GetNumWPUnits()
T34A8 004:486.290 - 0.014ms returns 2
T34A8 004:486.307 JLINK_GetNumWPUnits()
T34A8 004:486.323 - 0.015ms returns 2
T34A8 004:486.662 JLINK_GetNumBPUnits(Type = 0xFFFFFF00)
T34A8 004:486.721 - 0.059ms returns 0x04
T34A8 004:486.738 JLINK_GetNumWPUnits()
T34A8 004:486.757 - 0.018ms returns 2
T34A8 004:486.773 JLINK_GetNumWPUnits()
T34A8 004:486.789 - 0.015ms returns 2
T42E4 004:633.314 JLINK_ReadMem(0x00004DF0, 0x4 Bytes, ...)
T42E4 004:633.417    -- Read from flash cache (4 bytes @ 0x00004DF0)
T42E4 004:633.456   Data:  10 B5 00 F0
T42E4 004:633.495 - 0.182ms returns 0
T42E4 004:664.167 JLINK_ReadReg(XPSR)
T42E4 004:664.307 - 0.141ms returns 0x61000000
T42E4 004:665.480 JLINK_ReadReg(XPSR)
T42E4 004:665.556 - 0.076ms returns 0x61000000
T42E4 008:075.321 JLINK_STRACE_Read(..., NumItems = 0x10000)
T42E4 008:075.417   Initializing trace type buffer with configured Coresight trace components (* indicates set/detected address):
T42E4 008:075.437     TF:   0x00000000
T42E4 008:075.460     TMC:  0x00000000
T42E4 008:075.482     ETB:  0x00000000
T42E4 008:075.504    *MTB:  0x40019000
T42E4 008:075.523     TPIU: 0x00000000
T42E4 008:075.542     ETM:  0x00000000
T42E4 008:075.560     STM:  0x00000000
T42E4 008:075.578     PTM:  0x00000000
T42E4 008:075.851 - 0.530ms NumItemsRead = 0x00
T42E4 008:075.925 JLINK_IsHalted()
T42E4 008:076.267 - 0.342ms returns TRUE
T42E4 008:076.317 JLINK_STRACE_Read(..., NumItems = 0x10000)
T42E4 008:076.345 - 0.028ms NumItemsRead = 0x00
T42E4 008:076.368 JLINK_GoEx(MaxEmulInsts = 0, Flags = 0x01)
T42E4 008:076.393   CPU_WriteMem(4 bytes @ 0xE0002000)
T42E4 008:076.755   CPU_ReadMem(4 bytes @ 0xE0001000)
T42E4 008:077.110   CPU_WriteMem(4 bytes @ 0xE0001000)
T42E4 008:077.601   CPU_WriteMem(4 bytes @ 0xE0002008)
T42E4 008:077.647   CPU_WriteMem(4 bytes @ 0xE000200C)
T42E4 008:077.669   CPU_WriteMem(4 bytes @ 0xE0002010)
T42E4 008:077.691   CPU_WriteMem(4 bytes @ 0xE0002014)
T42E4 008:078.640   CPU_WriteMem(4 bytes @ 0xE0001004)
T42E4 008:079.857   Memory map 'after startup completion point' is active
T42E4 008:079.906 - 3.538ms 
T42E4 008:188.273 JLINK_IsHalted()
T42E4 008:191.779 - 3.505ms returns TRUE
T42E4 008:191.864 JLINK_ReadReg(XPSR)
T42E4 008:191.887   CPU_ReadMem(4 bytes @ 0xE000EE08)
T42E4 008:192.384 - 0.519ms returns 0x61000000
T42E4 008:192.425 JLINK_ReadReg(R15 (PC))
T42E4 008:192.444 - 0.019ms returns 0x00000DCC
T42E4 008:192.466 JLINK_ReadReg(XPSR)
T42E4 008:192.483 - 0.016ms returns 0x61000000
T42E4 008:192.500 JLINK_ReadReg(XPSR)
T42E4 008:192.516 - 0.016ms returns 0x61000000
T42E4 008:192.532 JLINK_ReadReg(R15 (PC))
T42E4 008:192.548 - 0.015ms returns 0x00000DCC
T42E4 008:192.564 JLINK_ReadReg(XPSR)
T42E4 008:192.580 - 0.015ms returns 0x61000000
T42E4 008:192.596 JLINK_ReadReg(XPSR)
T42E4 008:192.612 - 0.016ms returns 0x61000000
T42E4 008:192.629 JLINK_ReadMem(0x00000DCC, 0x1 Bytes, ...)
T42E4 008:192.646    -- Read from flash cache (1 bytes @ 0x00000DCC)
T42E4 008:192.669   Data:  10
T42E4 008:192.693 - 0.063ms returns 0
T42E4 008:192.709 JLINK_IsHalted()
T42E4 008:192.725 - 0.016ms returns TRUE
T42E4 008:192.742 JLINK_ReadReg(XPSR)
T42E4 008:192.758 - 0.015ms returns 0x61000000
T42E4 008:192.774 JLINK_ReadReg(XPSR)
T42E4 008:192.790 - 0.016ms returns 0x61000000
T42E4 008:192.806 JLINK_ReadReg(R15 (PC))
T42E4 008:192.825 - 0.018ms returns 0x00000DCC
T42E4 008:192.841 JLINK_ReadReg(XPSR)
T42E4 008:192.857 - 0.015ms returns 0x61000000
T42E4 008:192.873 JLINK_ReadReg(XPSR)
T42E4 008:192.889 - 0.015ms returns 0x61000000
T42E4 008:192.905 JLINK_ReadMem(0x00000DCC, 0x1 Bytes, ...)
T42E4 008:192.921    -- Read from flash cache (1 bytes @ 0x00000DCC)
T42E4 008:192.943   Data:  10
T42E4 008:192.965 - 0.060ms returns 0
T42E4 008:193.041 JLINK_IsHalted()
T42E4 008:193.060 - 0.018ms returns TRUE
T42E4 008:193.076 JLINK_ReadReg(XPSR)
T42E4 008:193.093 - 0.016ms returns 0x61000000
T42E4 008:193.109 JLINK_ReadReg(R15 (PC))
T42E4 008:193.125 - 0.015ms returns 0x00000DCC
T42E4 008:193.141 JLINK_ReadReg(XPSR)
T42E4 008:193.157 - 0.016ms returns 0x61000000
T42E4 008:193.173 JLINK_ReadReg(XPSR)
T42E4 008:193.189 - 0.015ms returns 0x61000000
T42E4 008:193.205 JLINK_ReadReg(R15 (PC))
T42E4 008:193.224 - 0.018ms returns 0x00000DCC
T42E4 008:193.240 JLINK_ReadReg(XPSR)
T42E4 008:193.256 - 0.015ms returns 0x61000000
T42E4 008:193.272 JLINK_ReadReg(XPSR)
T42E4 008:193.287 - 0.015ms returns 0x61000000
T42E4 008:193.304 JLINK_ReadMem(0x00000DCC, 0x1 Bytes, ...)
T42E4 008:193.319    -- Read from flash cache (1 bytes @ 0x00000DCC)
T42E4 008:193.341   Data:  10
T42E4 008:193.367 - 0.063ms returns 0
T42E4 008:193.382 JLINK_IsHalted()
T42E4 008:193.398 - 0.015ms returns TRUE
T42E4 008:193.413 JLINK_ReadReg(XPSR)
T42E4 008:193.430 - 0.015ms returns 0x61000000
T42E4 008:193.450 JLINK_ReadReg(XPSR)
T42E4 008:193.469 - 0.019ms returns 0x61000000
T42E4 008:193.489 JLINK_ReadReg(R15 (PC))
T42E4 008:193.509 - 0.019ms returns 0x00000DCC
T42E4 008:193.525 JLINK_ReadReg(XPSR)
T42E4 008:193.547 - 0.021ms returns 0x61000000
T42E4 008:193.569 JLINK_ReadReg(XPSR)
T42E4 008:193.593 - 0.024ms returns 0x61000000
T42E4 008:193.616 JLINK_ReadMem(0x00000DCC, 0x1 Bytes, ...)
T42E4 008:193.637    -- Read from flash cache (1 bytes @ 0x00000DCC)
T42E4 008:193.669   Data:  10
T42E4 008:193.699 - 0.083ms returns 0
T42E4 008:194.706 JLINK_ReadRegs(NumRegs = 22)
T42E4 008:194.777   
  R0 (0)        = 0x00                 R1 (1)        = 0x44400              R2 (2)        = 0x00                 R3 (3)        = 0x0C              
  R4 (4)        = 0x20004E40           R5 (5)        = 0x20004578           R6 (6)        = 0x1010010            R7 (7)        = 0x20004E30        
  R8 (8)        = 0xF2DF59BF           R9 (9)        = 0x40008634           R10 (10)      = 0xDF904699           R11 (11)      = 0xCDA1797D        
  R12 (12)      = 0x30D40              R13 (SP) (13) = 0x200052A0           R14 (14)      = 0x4DFB               R15 (PC) (15) = 0xDCC             
  XPSR (16)     = 0x61000000           MSP (17)      = 0x200052A0           PSP (18)      = 0xFFFFDF7C           MSPLIM (86)   = 0x00              
  PSPLIM (87)   = 0x00                 CFBP (20)     = 0x00              
T42E4 008:194.811 - 0.104ms returns 0x00
T42E4 008:195.468 JLINK_ReadReg(XPSR)
T42E4 008:195.537 - 0.069ms returns 0x61000000
T42E4 008:196.286 JLINK_ReadMem(0x00000DCC, 0x4 Bytes, ...)
T42E4 008:196.361    -- Read from flash cache (4 bytes @ 0x00000DCC)
T42E4 008:196.393   Data:  10 B5 FF F7
T42E4 008:196.430 - 0.144ms returns 0
T42E4 008:198.153 JLINK_ClrBPEx(BPHandle = 0x00000002)
T42E4 008:198.237 - 0.084ms returns 0x00
T42E4 008:215.529 JLINK_ReadMem(0x00000DCC, 0x4 Bytes, ...)
T42E4 008:215.621    -- Read from flash cache (4 bytes @ 0x00000DCC)
T42E4 008:215.665   Data:  10 B5 FF F7
T42E4 008:215.689 - 0.160ms returns 0
T42E4 008:261.841 JLINK_ReadReg(XPSR)
T42E4 008:261.941 - 0.099ms returns 0x61000000
T42E4 008:263.046 JLINK_ReadReg(XPSR)
T42E4 008:263.176 - 0.128ms returns 0x61000000
T42E4 008:678.551 JLINK_STRACE_Read(..., NumItems = 0x10000)
T42E4 008:678.654 - 0.103ms NumItemsRead = 0x00
T42E4 008:678.686 JLINK_IsHalted()
T42E4 008:678.713 - 0.025ms returns TRUE
T42E4 008:678.745 JLINK_STRACE_Read(..., NumItems = 0x10000)
T42E4 008:678.771 - 0.026ms NumItemsRead = 0x00
T42E4 008:678.798 JLINK_GoEx(MaxEmulInsts = 0, Flags = 0x01)
T42E4 008:678.840   CPU_ReadMem(4 bytes @ 0xE0001000)
T42E4 008:679.170   CPU_WriteMem(4 bytes @ 0xE0002008)
T42E4 008:679.994 - 1.194ms 
T42E4 008:781.323 JLINK_IsHalted()
T42E4 008:781.736 - 0.412ms returns FALSE
T42E4 008:781.778 JLINK_IsHalted()
T42E4 008:782.033 - 0.255ms returns FALSE
T42E4 008:891.694 JLINK_IsHalted()
T42E4 008:892.110 - 0.413ms returns FALSE
T42E4 008:892.157 JLINK_IsHalted()
T42E4 008:892.417 - 0.259ms returns FALSE
T42E4 009:000.942 JLINK_IsHalted()
T42E4 009:001.328 - 0.386ms returns FALSE
T42E4 009:001.378 JLINK_IsHalted()
T42E4 009:001.695 - 0.316ms returns FALSE
T42E4 009:111.352 JLINK_IsHalted()
T42E4 009:111.747 - 0.394ms returns FALSE
T42E4 009:111.809 JLINK_IsHalted()
T42E4 009:112.099 - 0.290ms returns FALSE
T3628 009:710.877 JLINK_Halt()
T3628 009:713.662 - 2.783ms returns 0x00
T3628 009:713.768 JLINK_ReadReg(XPSR)
T3628 009:714.093   CPU_ReadMem(4 bytes @ 0xE000EE08)
T3628 009:714.405 - 0.635ms returns 0x41000014
T3628 009:715.198 JLINK_Close()
T3628 009:718.134   OnDisconnectTarget() start
T3628 009:718.234    J-Link Script File: Executing OnDisconnectTarget()
T3628 009:718.268   Restoring low power mode settings.
T3628 009:719.567   OnDisconnectTarget() end - Took 1.33ms
T3628 009:729.178 - 13.975ms
T3628 009:729.243   
T3628 009:729.268   Closed
