T47FC 000:001.378   SEGGER J-Link V7.92o Log File
T47FC 000:001.569   DLL Compiled: Nov  8 2023 15:40:38
T47FC 000:001.592   Logging started @ 2024-01-25 20:45
T47FC 000:001.612   Process: C:\Users\a5099044\.eclipse\com.renesas.platform_865760450\DebugComp\RA\e2-server-gdb.exe
T47FC 000:001.635 - 1.633ms
T47FC 000:001.662 JLINK_GetDLLVersion()
T47FC 000:001.685 - 0.023ms returns 79215
T47FC 000:002.798 JLINK_OpenEx(...)
T47FC 000:021.443   Firmware: J-Link OB-RA4M2 compiled Oct 30 2023 12:13:20
T47FC 000:022.410   Firmware: J-Link OB-RA4M2 compiled Oct 30 2023 12:13:20
T47FC 000:035.795   Hardware: V1.00
T47FC 000:035.837   S/N: 1082859018
T47FC 000:035.859   OEM: SEGGER
T47FC 000:035.879   Feature(s): None
T47FC 000:036.731   Bootloader: 2021 May 14
T47FC 000:037.549   USB speed mode: Full speed (12 MBit/s)
T47FC 000:038.356   TELNET listener socket opened on port 19021
T47FC 000:038.632   WEBSRV WEBSRV_Init(): Starting webserver thread(s)
T47FC 000:038.991   WEBSRV Webserver running on local port 19080
T47FC 000:039.261   Looking for J-Link GUI Server exe at: C:\Users\a5099044\.eclipse\com.renesas.platform_865760450\DebugComp\RA\ARM\Segger_v7.92.15\JLinkGUIServer.exe
T47FC 000:039.485   Looking for J-Link GUI Server exe at: \JLinkGUIServer.exe
T47FC 000:040.294   J-Link GUI Server info: "J-Link GUI server V7.92o "
T47FC 000:040.599 - 37.799ms returns "O.K."
T47FC 000:040.706 JLINK_TIF_Select(JLINKARM_TIF_SWD)
T47FC 000:041.615 - 0.908ms returns 0x00
T47FC 000:041.665 JLINK_ClrRESET()
T47FC 000:041.872 - 0.206ms
T47FC 000:092.225 JLINK_SetSpeed(1500)
T47FC 000:092.781 - 0.557ms
T47FC 000:092.844 JLINK_CORESIGHT_Configure(PerformTIFInit=0)
T47FC 000:093.582 - 0.740ms returns 0
T47FC 000:093.673 JLINK_CORESIGHT_ReadAPDPReg(DP reg 0x00)
T47FC 000:094.336   Value=0x6BA02477
T47FC 000:094.372 - 0.698ms returns 0
T47FC 000:094.410 JLINK_CORESIGHT_WriteAPDPReg(DP reg 0x00, 0x0000001F)
T47FC 000:094.819 - 0.408ms returns 0
T47FC 000:094.884 JLINK_CORESIGHT_ReadAPDPReg(DP reg 0x00)
T47FC 000:095.196   Value=0x6BA02477
T47FC 000:095.235 - 0.351ms returns 0
T47FC 000:095.279 JLINK_CORESIGHT_WriteAPDPReg(DP reg 0x02, 0x00000000)
T47FC 000:095.519 - 0.240ms returns 0
T47FC 000:095.582 JLINK_CORESIGHT_WriteAPDPReg(DP reg 0x01, 0x50000000)
T47FC 000:095.851 - 0.269ms returns 0
T47FC 000:095.915 JLINK_CORESIGHT_ReadAPDPReg(DP reg 0x01)
T47FC 000:096.188   Value=0xF0000000
T47FC 000:096.241 - 0.326ms returns 0
T47FC 000:096.291 JLINK_CORESIGHT_WriteAPDPReg(DP reg 0x00, 0x0000001F)
T47FC 000:096.688 - 0.396ms returns 0
T47FC 000:096.764 JLINK_CORESIGHT_ReadAPDPReg(DP reg 0x00)
T47FC 000:097.130   Value=0x6BA02477
T47FC 000:097.176 - 0.411ms returns 0
T47FC 000:097.227 JLINK_CORESIGHT_WriteAPDPReg(DP reg 0x01, 0x54000000)
T47FC 000:097.497 - 0.270ms returns 0
T47FC 000:097.564 JLINK_CORESIGHT_WriteAPDPReg(DP reg 0x01, 0x50000F00)
T47FC 000:097.849 - 0.284ms returns 0
T47FC 000:097.902 JLINK_CORESIGHT_WriteAPDPReg(DP reg 0x02, 0x01000000)
T47FC 000:098.184 - 0.281ms returns 0
T47FC 000:098.250 JLINK_CORESIGHT_WriteAPDPReg(AP reg 0x00, 0x80000002)
T47FC 000:098.524 - 0.274ms returns 0
T47FC 000:098.582 JLINK_CORESIGHT_WriteAPDPReg(AP reg 0x01, 0x80011100)
T47FC 000:098.867 - 0.285ms returns 0
T47FC 000:098.949 JLINK_CORESIGHT_WriteAPDPReg(AP reg 0x03, 0x000000A5)
T47FC 000:099.312 - 0.363ms returns 0
T47FC 000:099.382 JLINK_CORESIGHT_WriteAPDPReg(AP reg 0x00, 0x80000002)
T47FC 000:099.651 - 0.268ms returns 0
T47FC 000:099.725 JLINK_CORESIGHT_WriteAPDPReg(AP reg 0x01, 0x80011100)
T47FC 000:100.029 - 0.304ms returns 0
T47FC 000:100.087 JLINK_CORESIGHT_ReadAPDPReg(AP reg 0x03)
T47FC 000:100.392   Value=0x000000A5
T47FC 000:100.423 - 0.336ms returns 0
T47FC 000:100.479 JLINK_ClrTMS()
T47FC 000:100.613 - 0.133ms
T47FC 000:106.596 JLINK_SetTCK()
T47FC 000:106.932 - 0.336ms returns 0
T47FC 000:112.114 JLINK_SetRESET()
T47FC 000:112.322 - 0.208ms
T47FC 000:312.713 JLINK_CORESIGHT_WriteAPDPReg(AP reg 0x00, 0x80000002)
T47FC 000:313.295 - 0.583ms returns 0
T47FC 000:313.389 JLINK_CORESIGHT_WriteAPDPReg(AP reg 0x01, 0x80011100)
T47FC 000:313.775 - 0.386ms returns 0
T47FC 000:313.864 JLINK_CORESIGHT_ReadAPDPReg(AP reg 0x03)
T47FC 000:314.378   Value=0x00000000
T47FC 000:314.421 - 0.557ms returns 0
T47FC 000:314.482 JLINK_CORESIGHT_WriteAPDPReg(AP reg 0x00, 0x80000002)
T47FC 000:314.960 - 0.477ms returns 0
T47FC 000:315.044 JLINK_CORESIGHT_WriteAPDPReg(AP reg 0x01, 0x80011140)
T47FC 000:315.351 - 0.306ms returns 0
T47FC 000:315.415 JLINK_CORESIGHT_ReadAPDPReg(AP reg 0x03)
T47FC 000:315.723   Value=0x00000002
T47FC 000:315.757 - 0.341ms returns 0
T47FC 000:315.792 JLINK_CORESIGHT_WriteAPDPReg(AP reg 0x00, 0x80000002)
T47FC 000:316.068 - 0.275ms returns 0
T47FC 000:316.110 JLINK_CORESIGHT_WriteAPDPReg(AP reg 0x01, 0x80011120)
T47FC 000:316.320 - 0.209ms returns 0
T47FC 000:316.355 JLINK_CORESIGHT_WriteAPDPReg(AP reg 0x03, 0x00000055)
T47FC 000:316.558 - 0.202ms returns 0
T47FC 000:316.590 JLINK_CORESIGHT_WriteAPDPReg(AP reg 0x00, 0x80000002)
T47FC 000:316.819 - 0.229ms returns 0
T47FC 000:316.868 JLINK_CORESIGHT_WriteAPDPReg(AP reg 0x01, 0x80011140)
T47FC 000:317.096 - 0.227ms returns 0
T47FC 000:317.131 JLINK_CORESIGHT_ReadAPDPReg(AP reg 0x03)
T47FC 000:317.393   Value=0x00000000
T47FC 000:317.419 - 0.287ms returns 0
T47FC 000:317.451 JLINK_CORESIGHT_WriteAPDPReg(AP reg 0x00, 0x80000002)
T47FC 000:317.693 - 0.242ms returns 0
T47FC 000:317.727 JLINK_CORESIGHT_WriteAPDPReg(AP reg 0x01, 0x80011130)
T47FC 000:317.966 - 0.238ms returns 0
T47FC 000:318.014 JLINK_CORESIGHT_ReadAPDPReg(AP reg 0x03)
T47FC 000:318.293   Value=0x000000C6
T47FC 000:318.316 - 0.302ms returns 0
T47FC 000:318.352 JLINK_CORESIGHT_WriteAPDPReg(AP reg 0x00, 0x80000002)
T47FC 000:318.577 - 0.225ms returns 0
T47FC 000:318.610 JLINK_CORESIGHT_WriteAPDPReg(AP reg 0x01, 0x80011140)
T47FC 000:318.842 - 0.231ms returns 0
T47FC 000:318.888 JLINK_CORESIGHT_ReadAPDPReg(AP reg 0x03)
T47FC 000:319.158   Value=0x00000002
T47FC 000:319.192 - 0.303ms returns 0
T47FC 000:319.228 JLINK_CORESIGHT_WriteAPDPReg(AP reg 0x00, 0x80000002)
T47FC 000:319.433 - 0.205ms returns 0
T47FC 000:319.466 JLINK_CORESIGHT_WriteAPDPReg(AP reg 0x01, 0x80011120)
T47FC 000:319.689 - 0.222ms returns 0
T47FC 000:319.722 JLINK_CORESIGHT_WriteAPDPReg(AP reg 0x03, 0x3A010001)
T47FC 000:319.971 - 0.248ms returns 0
T47FC 000:320.004 JLINK_CORESIGHT_WriteAPDPReg(AP reg 0x00, 0x80000002)
T47FC 000:320.228 - 0.224ms returns 0
T47FC 000:320.261 JLINK_CORESIGHT_WriteAPDPReg(AP reg 0x01, 0x80011140)
T47FC 000:320.458 - 0.197ms returns 0
T47FC 000:320.508 JLINK_CORESIGHT_ReadAPDPReg(AP reg 0x03)
T47FC 000:320.796   Value=0x00000002
T47FC 000:320.824 - 0.316ms returns 0
T47FC 000:320.853 JLINK_CORESIGHT_WriteAPDPReg(AP reg 0x00, 0x80000002)
T47FC 000:321.066 - 0.212ms returns 0
T47FC 000:321.099 JLINK_CORESIGHT_WriteAPDPReg(AP reg 0x01, 0x80011120)
T47FC 000:321.297 - 0.198ms returns 0
T47FC 000:321.330 JLINK_CORESIGHT_WriteAPDPReg(AP reg 0x03, 0x000003C5)
T47FC 000:321.556 - 0.226ms returns 0
T47FC 000:321.588 JLINK_CORESIGHT_WriteAPDPReg(AP reg 0x00, 0x80000002)
T47FC 000:321.816 - 0.227ms returns 0
T47FC 000:321.847 JLINK_CORESIGHT_WriteAPDPReg(AP reg 0x01, 0x80011140)
T47FC 000:322.063 - 0.216ms returns 0
T47FC 000:322.095 JLINK_CORESIGHT_ReadAPDPReg(AP reg 0x03)
T47FC 000:322.352   Value=0x00000002
T47FC 000:322.375 - 0.279ms returns 0
T47FC 000:322.403 JLINK_CORESIGHT_ReadAPDPReg(AP reg 0x03)
T47FC 000:322.657   Value=0x00000002
T47FC 000:322.680 - 0.276ms returns 0
T47FC 000:322.708 JLINK_CORESIGHT_ReadAPDPReg(AP reg 0x03)
T47FC 000:322.962   Value=0x00000002
T47FC 000:322.985 - 0.277ms returns 0
T47FC 000:323.015 JLINK_CORESIGHT_ReadAPDPReg(AP reg 0x03)
T47FC 000:323.269   Value=0x00000002
T47FC 000:323.294 - 0.278ms returns 0
T47FC 000:323.325 JLINK_CORESIGHT_ReadAPDPReg(AP reg 0x03)
T47FC 000:323.581   Value=0x00000002
T47FC 000:323.605 - 0.279ms returns 0
T47FC 000:323.636 JLINK_CORESIGHT_ReadAPDPReg(AP reg 0x03)
T47FC 000:324.012   Value=0x00000002
T47FC 000:324.035 - 0.399ms returns 0
T47FC 000:324.067 JLINK_CORESIGHT_ReadAPDPReg(AP reg 0x03)
T47FC 000:324.341   Value=0x00000000
T47FC 000:324.369 - 0.302ms returns 0
T47FC 000:324.402 JLINK_CORESIGHT_WriteAPDPReg(AP reg 0x00, 0x80000002)
T47FC 000:324.600 - 0.197ms returns 0
T47FC 000:324.635 JLINK_CORESIGHT_WriteAPDPReg(AP reg 0x01, 0x80011130)
T47FC 000:324.833 - 0.197ms returns 0
T47FC 000:324.867 JLINK_CORESIGHT_ReadAPDPReg(AP reg 0x03)
T47FC 000:325.125   Value=0x3A2A0081
T47FC 000:325.150 - 0.283ms returns 0
T47FC 000:325.182 JLINK_CORESIGHT_WriteAPDPReg(AP reg 0x00, 0x80000002)
T47FC 000:325.859 - 0.677ms returns 0
T47FC 000:325.897 JLINK_CORESIGHT_WriteAPDPReg(AP reg 0x01, 0x80011140)
T47FC 000:326.097 - 0.199ms returns 0
T47FC 000:326.130 JLINK_CORESIGHT_ReadAPDPReg(AP reg 0x03)
T47FC 000:326.406   Value=0x00000000
T47FC 000:326.460 - 0.329ms returns 0
T47FC 000:326.514 JLINK_CORESIGHT_WriteAPDPReg(AP reg 0x00, 0x80000002)
T47FC 000:326.807 - 0.293ms returns 0
T47FC 000:326.873 JLINK_CORESIGHT_WriteAPDPReg(AP reg 0x01, 0x80011130)
T47FC 000:327.141 - 0.268ms returns 0
T47FC 000:327.189 JLINK_CORESIGHT_ReadAPDPReg(AP reg 0x03)
T47FC 000:327.476   Value=0x808D5B00
T47FC 000:327.513 - 0.324ms returns 0
T47FC 000:327.565 JLINK_CORESIGHT_WriteAPDPReg(AP reg 0x00, 0x80000002)
T47FC 000:327.837 - 0.271ms returns 0
T47FC 000:327.887 JLINK_CORESIGHT_WriteAPDPReg(AP reg 0x01, 0x80011140)
T47FC 000:328.121 - 0.234ms returns 0
T47FC 000:328.157 JLINK_CORESIGHT_ReadAPDPReg(AP reg 0x03)
T47FC 000:328.419   Value=0x00000000
T47FC 000:328.448 - 0.291ms returns 0
T47FC 000:328.485 JLINK_CORESIGHT_WriteAPDPReg(AP reg 0x00, 0x80000002)
T47FC 000:328.708 - 0.223ms returns 0
T47FC 000:328.743 JLINK_CORESIGHT_WriteAPDPReg(AP reg 0x01, 0x80011130)
T47FC 000:328.963 - 0.219ms returns 0
T47FC 000:328.997 JLINK_CORESIGHT_ReadAPDPReg(AP reg 0x03)
T47FC 000:329.259   Value=0x0603030B
T47FC 000:329.282 - 0.285ms returns 0
T47FC 000:329.314 JLINK_CORESIGHT_WriteAPDPReg(AP reg 0x00, 0x80000002)
T47FC 000:329.509 - 0.194ms returns 0
T47FC 000:329.543 JLINK_CORESIGHT_WriteAPDPReg(AP reg 0x01, 0x80011140)
T47FC 000:329.767 - 0.224ms returns 0
T47FC 000:329.802 JLINK_CORESIGHT_ReadAPDPReg(AP reg 0x03)
T47FC 000:330.126   Value=0x00000000
T47FC 000:330.171 - 0.369ms returns 0
T47FC 000:330.204 JLINK_CORESIGHT_WriteAPDPReg(AP reg 0x00, 0x80000002)
T47FC 000:330.401 - 0.196ms returns 0
T47FC 000:330.436 JLINK_CORESIGHT_WriteAPDPReg(AP reg 0x01, 0x80011130)
T47FC 000:330.633 - 0.196ms returns 0
T47FC 000:330.666 JLINK_CORESIGHT_ReadAPDPReg(AP reg 0x03)
T47FC 000:330.963   Value=0x2E4B4E20
T47FC 000:330.986 - 0.319ms returns 0
T47FC 000:331.017 JLINK_CORESIGHT_WriteAPDPReg(AP reg 0x00, 0x80000002)
T47FC 000:331.213 - 0.195ms returns 0
T47FC 000:331.247 JLINK_CORESIGHT_WriteAPDPReg(AP reg 0x01, 0x80011140)
T47FC 000:331.445 - 0.198ms returns 0
T47FC 000:331.480 JLINK_CORESIGHT_ReadAPDPReg(AP reg 0x03)
T47FC 000:331.733   Value=0x00000000
T47FC 000:331.756 - 0.276ms returns 0
T47FC 000:331.788 JLINK_CORESIGHT_WriteAPDPReg(AP reg 0x00, 0x80000002)
T47FC 000:331.999 - 0.210ms returns 0
T47FC 000:332.032 JLINK_CORESIGHT_WriteAPDPReg(AP reg 0x01, 0x80011130)
T47FC 000:332.228 - 0.195ms returns 0
T47FC 000:332.261 JLINK_CORESIGHT_ReadAPDPReg(AP reg 0x03)
T47FC 000:332.523   Value=0x4EEB4692
T47FC 000:332.546 - 0.284ms returns 0
T47FC 000:332.577 JLINK_CORESIGHT_WriteAPDPReg(AP reg 0x00, 0x80000002)
T47FC 000:332.804 - 0.226ms returns 0
T47FC 000:332.838 JLINK_CORESIGHT_WriteAPDPReg(AP reg 0x01, 0x80011140)
T47FC 000:333.062 - 0.224ms returns 0
T47FC 000:333.096 JLINK_CORESIGHT_ReadAPDPReg(AP reg 0x03)
T47FC 000:333.357   Value=0x00000000
T47FC 000:333.381 - 0.284ms returns 0
T47FC 000:333.413 JLINK_CORESIGHT_WriteAPDPReg(AP reg 0x00, 0x80000002)
T47FC 000:333.616 - 0.202ms returns 0
T47FC 000:333.650 JLINK_CORESIGHT_WriteAPDPReg(AP reg 0x01, 0x80011130)
T47FC 000:333.848 - 0.198ms returns 0
T47FC 000:333.882 JLINK_CORESIGHT_ReadAPDPReg(AP reg 0x03)
T47FC 000:334.137   Value=0x34503036
T47FC 000:334.162 - 0.279ms returns 0
T47FC 000:334.193 JLINK_CORESIGHT_WriteAPDPReg(AP reg 0x00, 0x80000002)
T47FC 000:334.421 - 0.228ms returns 0
T47FC 000:334.456 JLINK_CORESIGHT_WriteAPDPReg(AP reg 0x01, 0x80011140)
T47FC 000:334.678 - 0.222ms returns 0
T47FC 000:334.712 JLINK_CORESIGHT_ReadAPDPReg(AP reg 0x03)
T47FC 000:334.962   Value=0x00000000
T47FC 000:334.987 - 0.275ms returns 0
T47FC 000:335.020 JLINK_CORESIGHT_WriteAPDPReg(AP reg 0x00, 0x80000002)
T47FC 000:335.216 - 0.196ms returns 0
T47FC 000:335.250 JLINK_CORESIGHT_WriteAPDPReg(AP reg 0x01, 0x80011130)
T47FC 000:335.449 - 0.198ms returns 0
T47FC 000:335.483 JLINK_CORESIGHT_ReadAPDPReg(AP reg 0x03)
T47FC 000:335.737   Value=0x71142D36
T47FC 000:335.761 - 0.277ms returns 0
T47FC 000:335.792 JLINK_CORESIGHT_WriteAPDPReg(AP reg 0x00, 0x80000002)
T47FC 000:336.064 - 0.271ms returns 0
T47FC 000:336.099 JLINK_CORESIGHT_WriteAPDPReg(AP reg 0x01, 0x80011140)
T47FC 000:336.323 - 0.224ms returns 0
T47FC 000:336.357 JLINK_CORESIGHT_ReadAPDPReg(AP reg 0x03)
T47FC 000:336.619   Value=0x00000000
T47FC 000:336.654 - 0.297ms returns 0
T47FC 000:336.696 JLINK_CORESIGHT_WriteAPDPReg(AP reg 0x00, 0x80000002)
T47FC 000:336.969 - 0.273ms returns 0
T47FC 000:337.013 JLINK_CORESIGHT_WriteAPDPReg(AP reg 0x01, 0x80011130)
T47FC 000:337.214 - 0.201ms returns 0
T47FC 000:337.246 JLINK_CORESIGHT_ReadAPDPReg(AP reg 0x03)
T47FC 000:337.500   Value=0x4637528A
T47FC 000:337.523 - 0.277ms returns 0
T47FC 000:337.554 JLINK_CORESIGHT_WriteAPDPReg(AP reg 0x00, 0x80000002)
T47FC 000:337.776 - 0.221ms returns 0
T47FC 000:337.806 JLINK_CORESIGHT_WriteAPDPReg(AP reg 0x01, 0x80011140)
T47FC 000:338.065 - 0.259ms returns 0
T47FC 000:338.097 JLINK_CORESIGHT_ReadAPDPReg(AP reg 0x03)
T47FC 000:338.353   Value=0x00000000
T47FC 000:338.375 - 0.278ms returns 0
T47FC 000:338.405 JLINK_CORESIGHT_WriteAPDPReg(AP reg 0x00, 0x80000002)
T47FC 000:338.627 - 0.221ms returns 0
T47FC 000:338.659 JLINK_CORESIGHT_WriteAPDPReg(AP reg 0x01, 0x80011130)
T47FC 000:338.853 - 0.193ms returns 0
T47FC 000:338.885 JLINK_CORESIGHT_ReadAPDPReg(AP reg 0x03)
T47FC 000:339.137   Value=0x314D3841
T47FC 000:339.159 - 0.274ms returns 0
T47FC 000:339.187 JLINK_CORESIGHT_WriteAPDPReg(AP reg 0x00, 0x80000002)
T47FC 000:339.409 - 0.221ms returns 0
T47FC 000:339.442 JLINK_CORESIGHT_WriteAPDPReg(AP reg 0x01, 0x80011140)
T47FC 000:339.635 - 0.192ms returns 0
T47FC 000:339.666 JLINK_CORESIGHT_ReadAPDPReg(AP reg 0x03)
T47FC 000:339.960   Value=0x00000000
T47FC 000:339.983 - 0.316ms returns 0
T47FC 000:340.012 JLINK_CORESIGHT_WriteAPDPReg(AP reg 0x00, 0x80000002)
T47FC 000:340.235 - 0.223ms returns 0
T47FC 000:340.266 JLINK_CORESIGHT_WriteAPDPReg(AP reg 0x01, 0x80011130)
T47FC 000:340.460 - 0.193ms returns 0
T47FC 000:340.490 JLINK_CORESIGHT_ReadAPDPReg(AP reg 0x03)
T47FC 000:340.747   Value=0x43454841
T47FC 000:340.770 - 0.280ms returns 0
T47FC 000:340.800 JLINK_CORESIGHT_WriteAPDPReg(AP reg 0x00, 0x80000002)
T47FC 000:341.105 - 0.304ms returns 0
T47FC 000:341.162 JLINK_CORESIGHT_WriteAPDPReg(AP reg 0x01, 0x80011140)
T47FC 000:341.413 - 0.251ms returns 0
T47FC 000:341.471 JLINK_CORESIGHT_ReadAPDPReg(AP reg 0x03)
T47FC 000:341.778   Value=0x00000000
T47FC 000:341.838 - 0.367ms returns 0
T47FC 000:341.882 JLINK_CORESIGHT_WriteAPDPReg(AP reg 0x00, 0x80000002)
T47FC 000:342.129 - 0.247ms returns 0
T47FC 000:342.182 JLINK_CORESIGHT_WriteAPDPReg(AP reg 0x01, 0x80011130)
T47FC 000:342.435 - 0.252ms returns 0
T47FC 000:342.483 JLINK_CORESIGHT_ReadAPDPReg(AP reg 0x03)
T47FC 000:342.754   Value=0x20204442
T47FC 000:342.779 - 0.295ms returns 0
T47FC 000:342.812 JLINK_CORESIGHT_WriteAPDPReg(AP reg 0x00, 0x80000002)
T47FC 000:343.076 - 0.263ms returns 0
T47FC 000:343.113 JLINK_CORESIGHT_WriteAPDPReg(AP reg 0x01, 0x80011140)
T47FC 000:343.332 - 0.218ms returns 0
T47FC 000:343.390 JLINK_CORESIGHT_ReadAPDPReg(AP reg 0x03)
T47FC 000:343.698   Value=0x00000000
T47FC 000:343.744 - 0.353ms returns 0
T47FC 000:343.775 JLINK_CORESIGHT_WriteAPDPReg(AP reg 0x00, 0x80000002)
T47FC 000:344.084 - 0.308ms returns 0
T47FC 000:344.136 JLINK_CORESIGHT_WriteAPDPReg(AP reg 0x01, 0x80011130)
T47FC 000:344.423 - 0.286ms returns 0
T47FC 000:344.482 JLINK_CORESIGHT_ReadAPDPReg(AP reg 0x03)
T47FC 000:344.774   Value=0x00030C20
T47FC 000:344.816 - 0.334ms returns 0
T47FC 000:344.929 JLINK_CORESIGHT_WriteAPDPReg(AP reg 0x00, 0x80000002)
T47FC 000:345.177 - 0.247ms returns 0
T47FC 000:345.211 JLINK_CORESIGHT_WriteAPDPReg(AP reg 0x01, 0x80011140)
T47FC 000:345.439 - 0.227ms returns 0
T47FC 000:345.472 JLINK_CORESIGHT_ReadAPDPReg(AP reg 0x03)
T47FC 000:345.782   Value=0x00000002
T47FC 000:345.837 - 0.364ms returns 0
T47FC 000:345.892 JLINK_CORESIGHT_WriteAPDPReg(AP reg 0x00, 0x80000002)
T47FC 000:346.165 - 0.273ms returns 0
T47FC 000:346.230 JLINK_CORESIGHT_WriteAPDPReg(AP reg 0x01, 0x80011120)
T47FC 000:346.483 - 0.252ms returns 0
T47FC 000:346.553 JLINK_CORESIGHT_WriteAPDPReg(AP reg 0x03, 0x3A010001)
T47FC 000:346.856 - 0.302ms returns 0
T47FC 000:346.922 JLINK_CORESIGHT_WriteAPDPReg(AP reg 0x00, 0x80000002)
T47FC 000:347.150 - 0.228ms returns 0
T47FC 000:347.188 JLINK_CORESIGHT_WriteAPDPReg(AP reg 0x01, 0x80011140)
T47FC 000:347.414 - 0.225ms returns 0
T47FC 000:347.449 JLINK_CORESIGHT_ReadAPDPReg(AP reg 0x03)
T47FC 000:347.732   Value=0x00000002
T47FC 000:347.759 - 0.310ms returns 0
T47FC 000:347.790 JLINK_CORESIGHT_WriteAPDPReg(AP reg 0x00, 0x80000002)
T47FC 000:348.068 - 0.278ms returns 0
T47FC 000:348.099 JLINK_CORESIGHT_WriteAPDPReg(AP reg 0x01, 0x80011120)
T47FC 000:348.307 - 0.207ms returns 0
T47FC 000:348.337 JLINK_CORESIGHT_WriteAPDPReg(AP reg 0x03, 0x000003C5)
T47FC 000:348.539 - 0.201ms returns 0
T47FC 000:348.569 JLINK_CORESIGHT_WriteAPDPReg(AP reg 0x00, 0x80000002)
T47FC 000:348.795 - 0.226ms returns 0
T47FC 000:348.825 JLINK_CORESIGHT_WriteAPDPReg(AP reg 0x01, 0x80011140)
T47FC 000:349.063 - 0.238ms returns 0
T47FC 000:349.092 JLINK_CORESIGHT_ReadAPDPReg(AP reg 0x03)
T47FC 000:349.349   Value=0x00000002
T47FC 000:349.378 - 0.286ms returns 0
T47FC 000:349.408 JLINK_CORESIGHT_ReadAPDPReg(AP reg 0x03)
T47FC 000:349.666   Value=0x00000002
T47FC 000:349.690 - 0.282ms returns 0
T47FC 000:349.718 JLINK_CORESIGHT_ReadAPDPReg(AP reg 0x03)
T47FC 000:349.967   Value=0x00000002
T47FC 000:349.990 - 0.271ms returns 0
T47FC 000:350.016 JLINK_CORESIGHT_ReadAPDPReg(AP reg 0x03)
T47FC 000:350.270   Value=0x00000002
T47FC 000:350.294 - 0.278ms returns 0
T47FC 000:350.322 JLINK_CORESIGHT_ReadAPDPReg(AP reg 0x03)
T47FC 000:351.146   Value=0x00000002
T47FC 000:351.172 - 0.850ms returns 0
T47FC 000:351.202 JLINK_CORESIGHT_ReadAPDPReg(AP reg 0x03)
T47FC 000:351.465   Value=0x00000002
T47FC 000:351.493 - 0.290ms returns 0
T47FC 000:351.522 JLINK_CORESIGHT_ReadAPDPReg(AP reg 0x03)
T47FC 000:351.789   Value=0x00000002
T47FC 000:351.813 - 0.291ms returns 0
T47FC 000:351.840 JLINK_CORESIGHT_ReadAPDPReg(AP reg 0x03)
T47FC 000:352.126   Value=0x00000002
T47FC 000:352.149 - 0.308ms returns 0
T47FC 000:352.175 JLINK_CORESIGHT_ReadAPDPReg(AP reg 0x03)
T47FC 000:352.451   Value=0x00000002
T47FC 000:352.473 - 0.298ms returns 0
T47FC 000:352.500 JLINK_CORESIGHT_ReadAPDPReg(AP reg 0x03)
T47FC 000:352.759   Value=0x00000002
T47FC 000:352.783 - 0.282ms returns 0
T47FC 000:352.810 JLINK_CORESIGHT_ReadAPDPReg(AP reg 0x03)
T47FC 000:353.156   Value=0x00000000
T47FC 000:353.199 - 0.388ms returns 0
T47FC 000:353.240 JLINK_CORESIGHT_WriteAPDPReg(AP reg 0x00, 0x80000002)
T47FC 000:353.456 - 0.216ms returns 0
T47FC 000:353.509 JLINK_CORESIGHT_WriteAPDPReg(AP reg 0x01, 0x80011130)
T47FC 000:353.714 - 0.205ms returns 0
T47FC 000:353.749 JLINK_CORESIGHT_ReadAPDPReg(AP reg 0x03)
T47FC 000:354.032   Value=0x3A2A0081
T47FC 000:354.055 - 0.306ms returns 0
T47FC 000:354.084 JLINK_CORESIGHT_WriteAPDPReg(AP reg 0x00, 0x80000002)
T47FC 000:354.282 - 0.197ms returns 0
T47FC 000:354.314 JLINK_CORESIGHT_WriteAPDPReg(AP reg 0x01, 0x80011140)
T47FC 000:354.510 - 0.195ms returns 0
T47FC 000:354.542 JLINK_CORESIGHT_ReadAPDPReg(AP reg 0x03)
T47FC 000:354.805   Value=0x00000000
T47FC 000:354.829 - 0.286ms returns 0
T47FC 000:354.857 JLINK_CORESIGHT_WriteAPDPReg(AP reg 0x00, 0x80000002)
T47FC 000:355.063 - 0.205ms returns 0
T47FC 000:355.095 JLINK_CORESIGHT_WriteAPDPReg(AP reg 0x01, 0x80011130)
T47FC 000:355.291 - 0.195ms returns 0
T47FC 000:355.322 JLINK_CORESIGHT_ReadAPDPReg(AP reg 0x03)
T47FC 000:355.578   Value=0x808D5B00
T47FC 000:355.603 - 0.280ms returns 0
T47FC 000:355.632 JLINK_CORESIGHT_WriteAPDPReg(AP reg 0x00, 0x80000002)
T47FC 000:355.877 - 0.244ms returns 0
T47FC 000:355.954 JLINK_CORESIGHT_WriteAPDPReg(AP reg 0x01, 0x80011140)
T47FC 000:356.229 - 0.275ms returns 0
T47FC 000:356.302 JLINK_CORESIGHT_ReadAPDPReg(AP reg 0x03)
T47FC 000:356.684   Value=0x00000000
T47FC 000:356.729 - 0.427ms returns 0
T47FC 000:356.772 JLINK_CORESIGHT_WriteAPDPReg(AP reg 0x00, 0x80000002)
T47FC 000:357.039 - 0.266ms returns 0
T47FC 000:357.088 JLINK_CORESIGHT_WriteAPDPReg(AP reg 0x01, 0x80011130)
T47FC 000:357.339 - 0.251ms returns 0
T47FC 000:357.374 JLINK_CORESIGHT_ReadAPDPReg(AP reg 0x03)
T47FC 000:357.639   Value=0x0603030B
T47FC 000:357.663 - 0.288ms returns 0
T47FC 000:357.692 JLINK_CORESIGHT_WriteAPDPReg(AP reg 0x00, 0x80000002)
T47FC 000:357.965 - 0.272ms returns 0
T47FC 000:357.999 JLINK_CORESIGHT_WriteAPDPReg(AP reg 0x01, 0x80011140)
T47FC 000:358.200 - 0.200ms returns 0
T47FC 000:358.234 JLINK_CORESIGHT_ReadAPDPReg(AP reg 0x03)
T47FC 000:358.522   Value=0x00000000
T47FC 000:358.544 - 0.309ms returns 0
T47FC 000:358.571 JLINK_CORESIGHT_WriteAPDPReg(AP reg 0x00, 0x80000002)
T47FC 000:358.800 - 0.228ms returns 0
T47FC 000:358.829 JLINK_CORESIGHT_WriteAPDPReg(AP reg 0x01, 0x80011130)
T47FC 000:359.063 - 0.233ms returns 0
T47FC 000:359.092 JLINK_CORESIGHT_ReadAPDPReg(AP reg 0x03)
T47FC 000:359.350   Value=0x2E4B4E20
T47FC 000:359.372 - 0.280ms returns 0
T47FC 000:359.399 JLINK_CORESIGHT_WriteAPDPReg(AP reg 0x00, 0x80000002)
T47FC 000:359.623 - 0.224ms returns 0
T47FC 000:359.652 JLINK_CORESIGHT_WriteAPDPReg(AP reg 0x01, 0x80011140)
T47FC 000:359.849 - 0.197ms returns 0
T47FC 000:359.879 JLINK_CORESIGHT_ReadAPDPReg(AP reg 0x03)
T47FC 000:360.140   Value=0x00000000
T47FC 000:360.164 - 0.285ms returns 0
T47FC 000:360.191 JLINK_CORESIGHT_WriteAPDPReg(AP reg 0x00, 0x80000002)
T47FC 000:360.415 - 0.224ms returns 0
T47FC 000:360.444 JLINK_CORESIGHT_WriteAPDPReg(AP reg 0x01, 0x80011130)
T47FC 000:360.642 - 0.197ms returns 0
T47FC 000:360.670 JLINK_CORESIGHT_ReadAPDPReg(AP reg 0x03)
T47FC 000:360.962   Value=0x4EEB4692
T47FC 000:360.984 - 0.314ms returns 0
T47FC 000:361.011 JLINK_CORESIGHT_WriteAPDPReg(AP reg 0x00, 0x80000002)
T47FC 000:361.208 - 0.196ms returns 0
T47FC 000:361.237 JLINK_CORESIGHT_WriteAPDPReg(AP reg 0x01, 0x80011140)
T47FC 000:361.434 - 0.196ms returns 0
T47FC 000:361.463 JLINK_CORESIGHT_ReadAPDPReg(AP reg 0x03)
T47FC 000:361.722   Value=0x00000000
T47FC 000:361.744 - 0.281ms returns 0
T47FC 000:361.771 JLINK_CORESIGHT_WriteAPDPReg(AP reg 0x00, 0x80000002)
T47FC 000:362.000 - 0.228ms returns 0
T47FC 000:362.034 JLINK_CORESIGHT_WriteAPDPReg(AP reg 0x01, 0x80011130)
T47FC 000:362.235 - 0.200ms returns 0
T47FC 000:362.264 JLINK_CORESIGHT_ReadAPDPReg(AP reg 0x03)
T47FC 000:362.516   Value=0x34503036
T47FC 000:362.538 - 0.274ms returns 0
T47FC 000:362.564 JLINK_CORESIGHT_WriteAPDPReg(AP reg 0x00, 0x80000002)
T47FC 000:362.791 - 0.226ms returns 0
T47FC 000:362.819 JLINK_CORESIGHT_WriteAPDPReg(AP reg 0x01, 0x80011140)
T47FC 000:363.063 - 0.243ms returns 0
T47FC 000:363.092 JLINK_CORESIGHT_ReadAPDPReg(AP reg 0x03)
T47FC 000:363.350   Value=0x00000000
T47FC 000:363.372 - 0.279ms returns 0
T47FC 000:363.398 JLINK_CORESIGHT_WriteAPDPReg(AP reg 0x00, 0x80000002)
T47FC 000:363.622 - 0.223ms returns 0
T47FC 000:363.651 JLINK_CORESIGHT_WriteAPDPReg(AP reg 0x01, 0x80011130)
T47FC 000:363.852 - 0.201ms returns 0
T47FC 000:363.881 JLINK_CORESIGHT_ReadAPDPReg(AP reg 0x03)
T47FC 000:364.148   Value=0x71142D36
T47FC 000:364.173 - 0.292ms returns 0
T47FC 000:364.202 JLINK_CORESIGHT_WriteAPDPReg(AP reg 0x00, 0x80000002)
T47FC 000:364.429 - 0.227ms returns 0
T47FC 000:364.458 JLINK_CORESIGHT_WriteAPDPReg(AP reg 0x01, 0x80011140)
T47FC 000:364.656 - 0.198ms returns 0
T47FC 000:364.687 JLINK_CORESIGHT_ReadAPDPReg(AP reg 0x03)
T47FC 000:364.960   Value=0x00000000
T47FC 000:364.982 - 0.294ms returns 0
T47FC 000:365.009 JLINK_CORESIGHT_WriteAPDPReg(AP reg 0x00, 0x80000002)
T47FC 000:365.211 - 0.201ms returns 0
T47FC 000:365.240 JLINK_CORESIGHT_WriteAPDPReg(AP reg 0x01, 0x80011130)
T47FC 000:365.437 - 0.196ms returns 0
T47FC 000:365.465 JLINK_CORESIGHT_ReadAPDPReg(AP reg 0x03)
T47FC 000:365.724   Value=0x4637528A
T47FC 000:365.746 - 0.281ms returns 0
T47FC 000:365.774 JLINK_CORESIGHT_WriteAPDPReg(AP reg 0x00, 0x80000002)
T47FC 000:365.994 - 0.220ms returns 0
T47FC 000:366.022 JLINK_CORESIGHT_WriteAPDPReg(AP reg 0x01, 0x80011140)
T47FC 000:366.218 - 0.195ms returns 0
T47FC 000:366.247 JLINK_CORESIGHT_ReadAPDPReg(AP reg 0x03)
T47FC 000:366.509   Value=0x00000000
T47FC 000:366.531 - 0.284ms returns 0
T47FC 000:366.558 JLINK_CORESIGHT_WriteAPDPReg(AP reg 0x00, 0x80000002)
T47FC 000:366.783 - 0.224ms returns 0
T47FC 000:366.811 JLINK_CORESIGHT_WriteAPDPReg(AP reg 0x01, 0x80011130)
T47FC 000:367.088 - 0.276ms returns 0
T47FC 000:367.116 JLINK_CORESIGHT_ReadAPDPReg(AP reg 0x03)
T47FC 000:367.375   Value=0x314D3841
T47FC 000:367.398 - 0.281ms returns 0
T47FC 000:367.424 JLINK_CORESIGHT_WriteAPDPReg(AP reg 0x00, 0x80000002)
T47FC 000:367.622 - 0.197ms returns 0
T47FC 000:367.650 JLINK_CORESIGHT_WriteAPDPReg(AP reg 0x01, 0x80011140)
T47FC 000:367.848 - 0.197ms returns 0
T47FC 000:367.876 JLINK_CORESIGHT_ReadAPDPReg(AP reg 0x03)
T47FC 000:368.138   Value=0x00000000
T47FC 000:368.161 - 0.284ms returns 0
T47FC 000:368.187 JLINK_CORESIGHT_WriteAPDPReg(AP reg 0x00, 0x80000002)
T47FC 000:368.413 - 0.225ms returns 0
T47FC 000:368.442 JLINK_CORESIGHT_WriteAPDPReg(AP reg 0x01, 0x80011130)
T47FC 000:368.639 - 0.197ms returns 0
T47FC 000:368.667 JLINK_CORESIGHT_ReadAPDPReg(AP reg 0x03)
T47FC 000:368.962   Value=0x43454841
T47FC 000:368.985 - 0.317ms returns 0
T47FC 000:369.011 JLINK_CORESIGHT_WriteAPDPReg(AP reg 0x00, 0x80000002)
T47FC 000:369.236 - 0.225ms returns 0
T47FC 000:369.265 JLINK_CORESIGHT_WriteAPDPReg(AP reg 0x01, 0x80011140)
T47FC 000:369.476 - 0.211ms returns 0
T47FC 000:369.505 JLINK_CORESIGHT_ReadAPDPReg(AP reg 0x03)
T47FC 000:369.772   Value=0x00000000
T47FC 000:369.794 - 0.289ms returns 0
T47FC 000:369.824 JLINK_CORESIGHT_WriteAPDPReg(AP reg 0x00, 0x80000002)
T47FC 000:370.063 - 0.239ms returns 0
T47FC 000:370.094 JLINK_CORESIGHT_WriteAPDPReg(AP reg 0x01, 0x80011130)
T47FC 000:370.301 - 0.207ms returns 0
T47FC 000:370.344 JLINK_CORESIGHT_ReadAPDPReg(AP reg 0x03)
T47FC 000:370.646   Value=0x20204442
T47FC 000:370.680 - 0.335ms returns 0
T47FC 000:370.732 JLINK_CORESIGHT_WriteAPDPReg(AP reg 0x00, 0x80000002)
T47FC 000:371.011 - 0.278ms returns 0
T47FC 000:371.064 JLINK_CORESIGHT_WriteAPDPReg(AP reg 0x01, 0x80011140)
T47FC 000:371.288 - 0.223ms returns 0
T47FC 000:371.374 JLINK_CORESIGHT_ReadAPDPReg(AP reg 0x03)
T47FC 000:371.722   Value=0x00000000
T47FC 000:371.776 - 0.401ms returns 0
T47FC 000:371.860 JLINK_CORESIGHT_WriteAPDPReg(AP reg 0x00, 0x80000002)
T47FC 000:372.171 - 0.310ms returns 0
T47FC 000:372.239 JLINK_CORESIGHT_WriteAPDPReg(AP reg 0x01, 0x80011130)
T47FC 000:372.575 - 0.336ms returns 0
T47FC 000:372.638 JLINK_CORESIGHT_ReadAPDPReg(AP reg 0x03)
T47FC 000:372.982   Value=0x00030C20
T47FC 000:373.067 - 0.428ms returns 0
T47FC 000:373.145 JLINK_CORESIGHT_WriteAPDPReg(AP reg 0x00, 0x80000002)
T47FC 000:373.433 - 0.287ms returns 0
T47FC 000:373.487 JLINK_CORESIGHT_WriteAPDPReg(AP reg 0x01, 0x80011140)
T47FC 000:373.746 - 0.258ms returns 0
T47FC 000:373.790 JLINK_CORESIGHT_ReadAPDPReg(AP reg 0x03)
T47FC 000:374.127   Value=0x00000002
T47FC 000:374.155 - 0.364ms returns 0
T47FC 000:374.185 JLINK_CORESIGHT_WriteAPDPReg(AP reg 0x00, 0x80000002)
T47FC 000:374.404 - 0.218ms returns 0
T47FC 000:374.447 JLINK_CORESIGHT_WriteAPDPReg(AP reg 0x01, 0x80011120)
T47FC 000:374.649 - 0.201ms returns 0
T47FC 000:374.704 JLINK_CORESIGHT_WriteAPDPReg(AP reg 0x03, 0x2C010001)
T47FC 000:374.961 - 0.257ms returns 0
T47FC 000:374.995 JLINK_CORESIGHT_WriteAPDPReg(AP reg 0x00, 0x80000002)
T47FC 000:375.190 - 0.194ms returns 0
T47FC 000:375.247 JLINK_CORESIGHT_WriteAPDPReg(AP reg 0x01, 0x80011140)
T47FC 000:375.508 - 0.260ms returns 0
T47FC 000:375.541 JLINK_CORESIGHT_ReadAPDPReg(AP reg 0x03)
T47FC 000:376.207   Value=0x00000002
T47FC 000:376.232 - 0.691ms returns 0
T47FC 000:376.261 JLINK_CORESIGHT_WriteAPDPReg(AP reg 0x00, 0x80000002)
T47FC 000:376.482 - 0.220ms returns 0
T47FC 000:376.515 JLINK_CORESIGHT_WriteAPDPReg(AP reg 0x01, 0x80011120)
T47FC 000:376.708 - 0.192ms returns 0
T47FC 000:376.740 JLINK_CORESIGHT_WriteAPDPReg(AP reg 0x03, 0x000003D3)
T47FC 000:376.959 - 0.218ms returns 0
T47FC 000:376.991 JLINK_CORESIGHT_WriteAPDPReg(AP reg 0x00, 0x80000002)
T47FC 000:377.185 - 0.194ms returns 0
T47FC 000:377.217 JLINK_CORESIGHT_WriteAPDPReg(AP reg 0x01, 0x80011140)
T47FC 000:377.436 - 0.219ms returns 0
T47FC 000:377.476 JLINK_CORESIGHT_ReadAPDPReg(AP reg 0x03)
T47FC 000:377.737   Value=0x00000002
T47FC 000:377.761 - 0.284ms returns 0
T47FC 000:377.789 JLINK_CORESIGHT_ReadAPDPReg(AP reg 0x03)
T47FC 000:378.052   Value=0x00000002
T47FC 000:378.077 - 0.287ms returns 0
T47FC 000:378.105 JLINK_CORESIGHT_ReadAPDPReg(AP reg 0x03)
T47FC 000:378.355   Value=0x00000002
T47FC 000:378.379 - 0.273ms returns 0
T47FC 000:378.407 JLINK_CORESIGHT_ReadAPDPReg(AP reg 0x03)
T47FC 000:378.690   Value=0x00000002
T47FC 000:378.714 - 0.307ms returns 0
T47FC 000:378.741 JLINK_CORESIGHT_ReadAPDPReg(AP reg 0x03)
T47FC 000:378.990   Value=0x00000002
T47FC 000:379.013 - 0.272ms returns 0
T47FC 000:379.040 JLINK_CORESIGHT_ReadAPDPReg(AP reg 0x03)
T47FC 000:379.291   Value=0x00000002
T47FC 000:379.314 - 0.273ms returns 0
T47FC 000:379.340 JLINK_CORESIGHT_ReadAPDPReg(AP reg 0x03)
T47FC 000:379.597   Value=0x00000002
T47FC 000:379.620 - 0.279ms returns 0
T47FC 000:379.647 JLINK_CORESIGHT_ReadAPDPReg(AP reg 0x03)
T47FC 000:379.982   Value=0x00000002
T47FC 000:380.004 - 0.357ms returns 0
T47FC 000:380.031 JLINK_CORESIGHT_ReadAPDPReg(AP reg 0x03)
T47FC 000:380.303   Value=0x00000000
T47FC 000:380.325 - 0.294ms returns 0
T47FC 000:380.352 JLINK_CORESIGHT_WriteAPDPReg(AP reg 0x00, 0x80000002)
T47FC 000:380.546 - 0.194ms returns 0
T47FC 000:380.575 JLINK_CORESIGHT_WriteAPDPReg(AP reg 0x01, 0x80011130)
T47FC 000:380.806 - 0.231ms returns 0
T47FC 000:380.835 JLINK_CORESIGHT_ReadAPDPReg(AP reg 0x03)
T47FC 000:381.121   Value=0x2C020081
T47FC 000:381.143 - 0.307ms returns 0
T47FC 000:381.169 JLINK_CORESIGHT_WriteAPDPReg(AP reg 0x00, 0x80000002)
T47FC 000:381.362 - 0.192ms returns 0
T47FC 000:381.391 JLINK_CORESIGHT_WriteAPDPReg(AP reg 0x01, 0x80011140)
T47FC 000:381.626 - 0.235ms returns 0
T47FC 000:381.657 JLINK_CORESIGHT_ReadAPDPReg(AP reg 0x03)
T47FC 000:381.963   Value=0x00000000
T47FC 000:382.005 - 0.348ms returns 0
T47FC 000:382.032 JLINK_CORESIGHT_WriteAPDPReg(AP reg 0x00, 0x80000002)
T47FC 000:382.277 - 0.245ms returns 0
T47FC 000:382.306 JLINK_CORESIGHT_WriteAPDPReg(AP reg 0x01, 0x80011130)
T47FC 000:382.502 - 0.195ms returns 0
T47FC 000:382.531 JLINK_CORESIGHT_ReadAPDPReg(AP reg 0x03)
T47FC 000:382.789   Value=0x0003CE04
T47FC 000:382.811 - 0.280ms returns 0
T47FC 000:382.845 JLINK_CORESIGHT_WriteAPDPReg(AP reg 0x00, 0x80000002)
T47FC 000:383.062 - 0.216ms returns 0
T47FC 000:383.091 JLINK_CORESIGHT_WriteAPDPReg(AP reg 0x01, 0x80011140)
T47FC 000:383.288 - 0.196ms returns 0
T47FC 000:383.317 JLINK_CORESIGHT_ReadAPDPReg(AP reg 0x03)
T47FC 000:383.573   Value=0x00000002
T47FC 000:383.596 - 0.279ms returns 0
T47FC 000:383.623 JLINK_CORESIGHT_WriteAPDPReg(AP reg 0x00, 0x80000002)
T47FC 000:383.849 - 0.225ms returns 0
T47FC 000:383.877 JLINK_CORESIGHT_WriteAPDPReg(AP reg 0x01, 0x80011120)
T47FC 000:384.102 - 0.224ms returns 0
T47FC 000:384.131 JLINK_CORESIGHT_WriteAPDPReg(AP reg 0x03, 0x73010001)
T47FC 000:384.326 - 0.194ms returns 0
T47FC 000:384.355 JLINK_CORESIGHT_WriteAPDPReg(AP reg 0x00, 0x80000002)
T47FC 000:384.577 - 0.222ms returns 0
T47FC 000:384.662 JLINK_CORESIGHT_WriteAPDPReg(AP reg 0x01, 0x80011140)
T47FC 000:384.860 - 0.198ms returns 0
T47FC 000:384.890 JLINK_CORESIGHT_ReadAPDPReg(AP reg 0x03)
T47FC 000:385.142   Value=0x00000002
T47FC 000:385.164 - 0.274ms returns 0
T47FC 000:385.191 JLINK_CORESIGHT_WriteAPDPReg(AP reg 0x00, 0x80000002)
T47FC 000:385.413 - 0.221ms returns 0
T47FC 000:385.442 JLINK_CORESIGHT_WriteAPDPReg(AP reg 0x01, 0x80011120)
T47FC 000:385.664 - 0.221ms returns 0
T47FC 000:385.694 JLINK_CORESIGHT_WriteAPDPReg(AP reg 0x03, 0x0000038C)
T47FC 000:385.959 - 0.265ms returns 0
T47FC 000:385.989 JLINK_CORESIGHT_WriteAPDPReg(AP reg 0x00, 0x80000002)
T47FC 000:386.228 - 0.239ms returns 0
T47FC 000:386.273 JLINK_CORESIGHT_WriteAPDPReg(AP reg 0x01, 0x80011140)
T47FC 000:386.495 - 0.220ms returns 0
T47FC 000:386.565 JLINK_CORESIGHT_ReadAPDPReg(AP reg 0x03)
T47FC 000:386.979   Value=0x00000000
T47FC 000:387.014 - 0.448ms returns 0
T47FC 000:387.060 JLINK_CORESIGHT_WriteAPDPReg(AP reg 0x00, 0x80000002)
T47FC 000:387.310 - 0.250ms returns 0
T47FC 000:387.361 JLINK_CORESIGHT_WriteAPDPReg(AP reg 0x01, 0x80011130)
T47FC 000:387.606 - 0.244ms returns 0
T47FC 000:387.660 JLINK_CORESIGHT_ReadAPDPReg(AP reg 0x03)
T47FC 000:387.964   Value=0x73020081
T47FC 000:387.989 - 0.328ms returns 0
T47FC 000:388.018 JLINK_CORESIGHT_WriteAPDPReg(AP reg 0x00, 0x80000002)
T47FC 000:388.284 - 0.265ms returns 0
T47FC 000:388.317 JLINK_CORESIGHT_WriteAPDPReg(AP reg 0x01, 0x80011140)
T47FC 000:388.517 - 0.199ms returns 0
T47FC 000:388.549 JLINK_CORESIGHT_ReadAPDPReg(AP reg 0x03)
T47FC 000:388.807   Value=0x00000000
T47FC 000:388.831 - 0.281ms returns 0
T47FC 000:388.859 JLINK_CORESIGHT_WriteAPDPReg(AP reg 0x00, 0x80000002)
T47FC 000:389.064 - 0.205ms returns 0
T47FC 000:389.097 JLINK_CORESIGHT_WriteAPDPReg(AP reg 0x01, 0x80011130)
T47FC 000:389.324 - 0.227ms returns 0
T47FC 000:389.360 JLINK_CORESIGHT_ReadAPDPReg(AP reg 0x03)
T47FC 000:389.636   Value=0x00038902
T47FC 000:389.671 - 0.310ms returns 0
T47FC 000:389.714 JLINK_CORESIGHT_WriteAPDPReg(AP reg 0x00, 0x80000002)
T47FC 000:389.968 - 0.254ms returns 0
T47FC 000:390.009 JLINK_CORESIGHT_WriteAPDPReg(AP reg 0x01, 0x80011140)
T47FC 000:390.252 - 0.242ms returns 0
T47FC 000:390.286 JLINK_CORESIGHT_ReadAPDPReg(AP reg 0x03)
T47FC 000:390.542   Value=0x00000002
T47FC 000:390.566 - 0.280ms returns 0
T47FC 000:390.595 JLINK_CORESIGHT_WriteAPDPReg(AP reg 0x00, 0x80000002)
T47FC 000:390.824 - 0.228ms returns 0
T47FC 000:390.855 JLINK_CORESIGHT_WriteAPDPReg(AP reg 0x01, 0x80011120)
T47FC 000:391.067 - 0.212ms returns 0
T47FC 000:391.099 JLINK_CORESIGHT_WriteAPDPReg(AP reg 0x03, 0x75010001)
T47FC 000:391.366 - 0.267ms returns 0
T47FC 000:391.402 JLINK_CORESIGHT_WriteAPDPReg(AP reg 0x00, 0x80000002)
T47FC 000:391.626 - 0.224ms returns 0
T47FC 000:391.658 JLINK_CORESIGHT_WriteAPDPReg(AP reg 0x01, 0x80011140)
T47FC 000:391.859 - 0.200ms returns 0
T47FC 000:391.891 JLINK_CORESIGHT_ReadAPDPReg(AP reg 0x03)
T47FC 000:392.153   Value=0x00000002
T47FC 000:392.178 - 0.286ms returns 0
T47FC 000:392.206 JLINK_CORESIGHT_WriteAPDPReg(AP reg 0x00, 0x80000002)
T47FC 000:392.413 - 0.206ms returns 0
T47FC 000:392.444 JLINK_CORESIGHT_WriteAPDPReg(AP reg 0x01, 0x80011120)
T47FC 000:392.672 - 0.228ms returns 0
T47FC 000:392.704 JLINK_CORESIGHT_WriteAPDPReg(AP reg 0x03, 0x0000038A)
T47FC 000:392.973 - 0.268ms returns 0
T47FC 000:393.011 JLINK_CORESIGHT_WriteAPDPReg(AP reg 0x00, 0x80000002)
T47FC 000:393.220 - 0.209ms returns 0
T47FC 000:393.257 JLINK_CORESIGHT_WriteAPDPReg(AP reg 0x01, 0x80011140)
T47FC 000:393.484 - 0.226ms returns 0
T47FC 000:393.516 JLINK_CORESIGHT_ReadAPDPReg(AP reg 0x03)
T47FC 000:393.775   Value=0x00000000
T47FC 000:393.798 - 0.282ms returns 0
T47FC 000:393.826 JLINK_CORESIGHT_WriteAPDPReg(AP reg 0x00, 0x80000002)
T47FC 000:394.067 - 0.240ms returns 0
T47FC 000:394.099 JLINK_CORESIGHT_WriteAPDPReg(AP reg 0x01, 0x80011130)
T47FC 000:394.309 - 0.210ms returns 0
T47FC 000:394.341 JLINK_CORESIGHT_ReadAPDPReg(AP reg 0x03)
T47FC 000:394.601   Value=0x75020081
T47FC 000:394.630 - 0.289ms returns 0
T47FC 000:394.659 JLINK_CORESIGHT_WriteAPDPReg(AP reg 0x00, 0x80000002)
T47FC 000:394.854 - 0.194ms returns 0
T47FC 000:394.885 JLINK_CORESIGHT_WriteAPDPReg(AP reg 0x01, 0x80011140)
T47FC 000:395.107 - 0.222ms returns 0
T47FC 000:395.141 JLINK_CORESIGHT_ReadAPDPReg(AP reg 0x03)
T47FC 000:395.397   Value=0x00000000
T47FC 000:395.420 - 0.279ms returns 0
T47FC 000:395.448 JLINK_CORESIGHT_WriteAPDPReg(AP reg 0x00, 0x80000002)
T47FC 000:395.672 - 0.224ms returns 0
T47FC 000:395.703 JLINK_CORESIGHT_WriteAPDPReg(AP reg 0x01, 0x80011130)
T47FC 000:395.962 - 0.258ms returns 0
T47FC 000:395.994 JLINK_CORESIGHT_ReadAPDPReg(AP reg 0x03)
T47FC 000:396.254   Value=0x00038702
T47FC 000:396.277 - 0.282ms returns 0
T47FC 000:396.314 JLINK_CORESIGHT_WriteAPDPReg(AP reg 0x00, 0x80000002)
T47FC 000:396.513 - 0.199ms returns 0
T47FC 000:396.544 JLINK_CORESIGHT_WriteAPDPReg(AP reg 0x01, 0x80011140)
T47FC 000:396.769 - 0.224ms returns 0
T47FC 000:396.800 JLINK_CORESIGHT_ReadAPDPReg(AP reg 0x03)
T47FC 000:397.126   Value=0x00000002
T47FC 000:397.151 - 0.350ms returns 0
T47FC 000:397.179 JLINK_CORESIGHT_WriteAPDPReg(AP reg 0x00, 0x80000002)
T47FC 000:397.376 - 0.196ms returns 0
T47FC 000:397.407 JLINK_CORESIGHT_WriteAPDPReg(AP reg 0x01, 0x80011120)
T47FC 000:397.603 - 0.195ms returns 0
T47FC 000:397.634 JLINK_CORESIGHT_WriteAPDPReg(AP reg 0x03, 0x4F010001)
T47FC 000:397.829 - 0.195ms returns 0
T47FC 000:397.860 JLINK_CORESIGHT_WriteAPDPReg(AP reg 0x00, 0x80000002)
T47FC 000:398.062 - 0.201ms returns 0
T47FC 000:398.093 JLINK_CORESIGHT_WriteAPDPReg(AP reg 0x01, 0x80011140)
T47FC 000:398.303 - 0.209ms returns 0
T47FC 000:398.339 JLINK_CORESIGHT_ReadAPDPReg(AP reg 0x03)
T47FC 000:398.600   Value=0x00000002
T47FC 000:398.622 - 0.283ms returns 0
T47FC 000:398.653 JLINK_CORESIGHT_WriteAPDPReg(AP reg 0x00, 0x80000002)
T47FC 000:398.850 - 0.197ms returns 0
T47FC 000:398.881 JLINK_CORESIGHT_WriteAPDPReg(AP reg 0x01, 0x80011120)
T47FC 000:399.078 - 0.196ms returns 0
T47FC 000:399.109 JLINK_CORESIGHT_WriteAPDPReg(AP reg 0x03, 0x000003B0)
T47FC 000:399.305 - 0.195ms returns 0
T47FC 000:399.336 JLINK_CORESIGHT_WriteAPDPReg(AP reg 0x00, 0x80000002)
T47FC 000:399.530 - 0.194ms returns 0
T47FC 000:399.561 JLINK_CORESIGHT_WriteAPDPReg(AP reg 0x01, 0x80011140)
T47FC 000:399.787 - 0.225ms returns 0
T47FC 000:399.818 JLINK_CORESIGHT_ReadAPDPReg(AP reg 0x03)
T47FC 000:400.122   Value=0x00000002
T47FC 000:400.164 - 0.346ms returns 0
T47FC 000:400.193 JLINK_CORESIGHT_ReadAPDPReg(AP reg 0x03)
T47FC 000:400.446   Value=0x00000002
T47FC 000:400.468 - 0.275ms returns 0
T47FC 000:400.498 JLINK_CORESIGHT_ReadAPDPReg(AP reg 0x03)
T47FC 000:400.758   Value=0x00000002
T47FC 000:400.780 - 0.282ms returns 0
T47FC 000:400.808 JLINK_CORESIGHT_ReadAPDPReg(AP reg 0x03)
T47FC 000:401.121   Value=0x00000002
T47FC 000:401.170 - 0.361ms returns 0
T47FC 000:401.209 JLINK_CORESIGHT_ReadAPDPReg(AP reg 0x03)
T47FC 000:402.262   Value=0x00000002
T47FC 000:402.305 - 1.094ms returns 0
T47FC 000:402.351 JLINK_CORESIGHT_ReadAPDPReg(AP reg 0x03)
T47FC 000:402.637   Value=0x00000002
T47FC 000:402.673 - 0.321ms returns 0
T47FC 000:402.719 JLINK_CORESIGHT_ReadAPDPReg(AP reg 0x03)
T47FC 000:402.997   Value=0x00000002
T47FC 000:403.034 - 0.314ms returns 0
T47FC 000:403.077 JLINK_CORESIGHT_ReadAPDPReg(AP reg 0x03)
T47FC 000:403.361   Value=0x00000000
T47FC 000:403.413 - 0.336ms returns 0
T47FC 000:403.462 JLINK_CORESIGHT_WriteAPDPReg(AP reg 0x00, 0x80000002)
T47FC 000:403.686 - 0.224ms returns 0
T47FC 000:403.743 JLINK_CORESIGHT_WriteAPDPReg(AP reg 0x01, 0x80011130)
T47FC 000:404.123 - 0.380ms returns 0
T47FC 000:404.174 JLINK_CORESIGHT_ReadAPDPReg(AP reg 0x03)
T47FC 000:404.440   Value=0x4F0B0081
T47FC 000:404.466 - 0.292ms returns 0
T47FC 000:404.498 JLINK_CORESIGHT_WriteAPDPReg(AP reg 0x00, 0x80000002)
T47FC 000:404.704 - 0.205ms returns 0
T47FC 000:404.763 JLINK_CORESIGHT_WriteAPDPReg(AP reg 0x01, 0x80011140)
T47FC 000:404.997 - 0.234ms returns 0
T47FC 000:405.046 JLINK_CORESIGHT_ReadAPDPReg(AP reg 0x03)
T47FC 000:405.308   Value=0x00000000
T47FC 000:405.333 - 0.286ms returns 0
T47FC 000:405.364 JLINK_CORESIGHT_WriteAPDPReg(AP reg 0x00, 0x80000002)
T47FC 000:405.559 - 0.195ms returns 0
T47FC 000:405.594 JLINK_CORESIGHT_WriteAPDPReg(AP reg 0x01, 0x80011130)
T47FC 000:405.794 - 0.200ms returns 0
T47FC 000:405.829 JLINK_CORESIGHT_ReadAPDPReg(AP reg 0x03)
T47FC 000:406.122   Value=0xE03F0000
T47FC 000:406.148 - 0.318ms returns 0
T47FC 000:406.180 JLINK_CORESIGHT_WriteAPDPReg(AP reg 0x00, 0x80000002)
T47FC 000:406.377 - 0.196ms returns 0
T47FC 000:406.412 JLINK_CORESIGHT_WriteAPDPReg(AP reg 0x01, 0x80011140)
T47FC 000:406.610 - 0.198ms returns 0
T47FC 000:406.645 JLINK_CORESIGHT_ReadAPDPReg(AP reg 0x03)
T47FC 000:406.968   Value=0x00000000
T47FC 000:407.003 - 0.358ms returns 0
T47FC 000:407.041 JLINK_CORESIGHT_WriteAPDPReg(AP reg 0x00, 0x80000002)
T47FC 000:407.243 - 0.202ms returns 0
T47FC 000:407.280 JLINK_CORESIGHT_WriteAPDPReg(AP reg 0x01, 0x80011130)
T47FC 000:407.477 - 0.197ms returns 0
T47FC 000:407.512 JLINK_CORESIGHT_ReadAPDPReg(AP reg 0x03)
T47FC 000:407.767   Value=0x00003F00
T47FC 000:407.791 - 0.279ms returns 0
T47FC 000:407.822 JLINK_CORESIGHT_WriteAPDPReg(AP reg 0x00, 0x80000002)
T47FC 000:408.061 - 0.238ms returns 0
T47FC 000:408.095 JLINK_CORESIGHT_WriteAPDPReg(AP reg 0x01, 0x80011140)
T47FC 000:408.293 - 0.198ms returns 0
T47FC 000:408.328 JLINK_CORESIGHT_ReadAPDPReg(AP reg 0x03)
T47FC 000:408.581   Value=0x00000000
T47FC 000:408.605 - 0.277ms returns 0
T47FC 000:408.636 JLINK_CORESIGHT_WriteAPDPReg(AP reg 0x00, 0x80000002)
T47FC 000:408.857 - 0.220ms returns 0
T47FC 000:408.892 JLINK_CORESIGHT_WriteAPDPReg(AP reg 0x01, 0x80011130)
T47FC 000:409.084 - 0.192ms returns 0
T47FC 000:409.118 JLINK_CORESIGHT_ReadAPDPReg(AP reg 0x03)
T47FC 000:409.372   Value=0x03480000
T47FC 000:409.398 - 0.280ms returns 0
T47FC 000:409.483 JLINK_CORESIGHT_WriteAPDPReg(AP reg 0x00, 0x80000002)
T47FC 000:409.705 - 0.222ms returns 0
T47FC 000:409.738 JLINK_CORESIGHT_WriteAPDPReg(AP reg 0x01, 0x80011140)
T47FC 000:409.960 - 0.222ms returns 0
T47FC 000:409.992 JLINK_CORESIGHT_ReadAPDPReg(AP reg 0x03)
T47FC 000:410.246   Value=0x00000002
T47FC 000:410.270 - 0.277ms returns 0
T47FC 000:410.298 JLINK_CORESIGHT_WriteAPDPReg(AP reg 0x00, 0x80000002)
T47FC 000:410.518 - 0.219ms returns 0
T47FC 000:410.550 JLINK_CORESIGHT_WriteAPDPReg(AP reg 0x01, 0x80011120)
T47FC 000:410.769 - 0.218ms returns 0
T47FC 000:410.802 JLINK_CORESIGHT_WriteAPDPReg(AP reg 0x03, 0x2C010001)
T47FC 000:411.060 - 0.257ms returns 0
T47FC 000:411.092 JLINK_CORESIGHT_WriteAPDPReg(AP reg 0x00, 0x80000002)
T47FC 000:411.311 - 0.219ms returns 0
T47FC 000:411.342 JLINK_CORESIGHT_WriteAPDPReg(AP reg 0x01, 0x80011140)
T47FC 000:411.561 - 0.218ms returns 0
T47FC 000:411.593 JLINK_CORESIGHT_ReadAPDPReg(AP reg 0x03)
T47FC 000:411.842   Value=0x00000002
T47FC 000:411.865 - 0.272ms returns 0
T47FC 000:411.895 JLINK_CORESIGHT_WriteAPDPReg(AP reg 0x00, 0x80000002)
T47FC 000:412.087 - 0.192ms returns 0
T47FC 000:412.119 JLINK_CORESIGHT_WriteAPDPReg(AP reg 0x01, 0x80011120)
T47FC 000:412.337 - 0.218ms returns 0
T47FC 000:412.369 JLINK_CORESIGHT_WriteAPDPReg(AP reg 0x03, 0x000003D3)
T47FC 000:412.563 - 0.194ms returns 0
T47FC 000:412.596 JLINK_CORESIGHT_WriteAPDPReg(AP reg 0x00, 0x80000002)
T47FC 000:412.826 - 0.229ms returns 0
T47FC 000:412.858 JLINK_CORESIGHT_WriteAPDPReg(AP reg 0x01, 0x80011140)
T47FC 000:413.059 - 0.201ms returns 0
T47FC 000:413.091 JLINK_CORESIGHT_ReadAPDPReg(AP reg 0x03)
T47FC 000:413.340   Value=0x00000002
T47FC 000:413.363 - 0.272ms returns 0
T47FC 000:413.391 JLINK_CORESIGHT_ReadAPDPReg(AP reg 0x03)
T47FC 000:413.640   Value=0x00000002
T47FC 000:413.665 - 0.273ms returns 0
T47FC 000:413.694 JLINK_CORESIGHT_ReadAPDPReg(AP reg 0x03)
T47FC 000:413.957   Value=0x00000002
T47FC 000:413.980 - 0.285ms returns 0
T47FC 000:414.009 JLINK_CORESIGHT_ReadAPDPReg(AP reg 0x03)
T47FC 000:414.261   Value=0x00000002
T47FC 000:414.284 - 0.275ms returns 0
T47FC 000:414.315 JLINK_CORESIGHT_ReadAPDPReg(AP reg 0x03)
T47FC 000:414.566   Value=0x00000002
T47FC 000:414.590 - 0.274ms returns 0
T47FC 000:414.619 JLINK_CORESIGHT_ReadAPDPReg(AP reg 0x03)
T47FC 000:414.869   Value=0x00000002
T47FC 000:414.892 - 0.273ms returns 0
T47FC 000:414.920 JLINK_CORESIGHT_ReadAPDPReg(AP reg 0x03)
T47FC 000:415.178   Value=0x00000002
T47FC 000:415.202 - 0.281ms returns 0
T47FC 000:415.231 JLINK_CORESIGHT_ReadAPDPReg(AP reg 0x03)
T47FC 000:415.480   Value=0x00000002
T47FC 000:415.504 - 0.273ms returns 0
T47FC 000:415.532 JLINK_CORESIGHT_ReadAPDPReg(AP reg 0x03)
T47FC 000:415.788   Value=0x00000002
T47FC 000:415.811 - 0.279ms returns 0
T47FC 000:415.840 JLINK_CORESIGHT_ReadAPDPReg(AP reg 0x03)
T47FC 000:416.122   Value=0x00000002
T47FC 000:416.146 - 0.306ms returns 0
T47FC 000:416.174 JLINK_CORESIGHT_ReadAPDPReg(AP reg 0x03)
T47FC 000:416.423   Value=0x00000000
T47FC 000:416.447 - 0.272ms returns 0
T47FC 000:416.476 JLINK_CORESIGHT_WriteAPDPReg(AP reg 0x00, 0x80000002)
T47FC 000:416.719 - 0.242ms returns 0
T47FC 000:416.788 JLINK_CORESIGHT_WriteAPDPReg(AP reg 0x01, 0x80011130)
T47FC 000:417.128 - 0.340ms returns 0
T47FC 000:417.192 JLINK_CORESIGHT_ReadAPDPReg(AP reg 0x03)
T47FC 000:417.500   Value=0x2C020081
T47FC 000:417.539 - 0.347ms returns 0
T47FC 000:417.579 JLINK_CORESIGHT_WriteAPDPReg(AP reg 0x00, 0x80000002)
T47FC 000:417.821 - 0.241ms returns 0
T47FC 000:417.866 JLINK_CORESIGHT_WriteAPDPReg(AP reg 0x01, 0x80011140)
T47FC 000:418.103 - 0.236ms returns 0
T47FC 000:418.151 JLINK_CORESIGHT_ReadAPDPReg(AP reg 0x03)
T47FC 000:418.416   Value=0x00000000
T47FC 000:418.441 - 0.290ms returns 0
T47FC 000:418.470 JLINK_CORESIGHT_WriteAPDPReg(AP reg 0x00, 0x80000002)
T47FC 000:418.667 - 0.197ms returns 0
T47FC 000:418.699 JLINK_CORESIGHT_WriteAPDPReg(AP reg 0x01, 0x80011130)
T47FC 000:418.962 - 0.262ms returns 0
T47FC 000:418.994 JLINK_CORESIGHT_ReadAPDPReg(AP reg 0x03)
T47FC 000:419.253   Value=0x0003CE04
T47FC 000:419.276 - 0.282ms returns 0
T47FC 000:419.310 JLINK_CORESIGHT_WriteAPDPReg(AP reg 0x00, 0x80000002)
T47FC 000:419.511 - 0.200ms returns 0
T47FC 000:419.543 JLINK_CORESIGHT_WriteAPDPReg(AP reg 0x01, 0x80011140)
T47FC 000:419.773 - 0.229ms returns 0
T47FC 000:419.814 JLINK_CORESIGHT_ReadAPDPReg(AP reg 0x03)
T47FC 000:420.126   Value=0x00000002
T47FC 000:420.152 - 0.338ms returns 0
T47FC 000:420.182 JLINK_CORESIGHT_WriteAPDPReg(AP reg 0x00, 0x80000002)
T47FC 000:420.409 - 0.227ms returns 0
T47FC 000:420.450 JLINK_CORESIGHT_WriteAPDPReg(AP reg 0x01, 0x80011120)
T47FC 000:420.670 - 0.219ms returns 0
T47FC 000:420.712 JLINK_CORESIGHT_WriteAPDPReg(AP reg 0x03, 0x73010001)
T47FC 000:420.963 - 0.251ms returns 0
T47FC 000:420.996 JLINK_CORESIGHT_WriteAPDPReg(AP reg 0x00, 0x80000002)
T47FC 000:421.195 - 0.199ms returns 0
T47FC 000:421.226 JLINK_CORESIGHT_WriteAPDPReg(AP reg 0x01, 0x80011140)
T47FC 000:421.421 - 0.194ms returns 0
T47FC 000:421.454 JLINK_CORESIGHT_ReadAPDPReg(AP reg 0x03)
T47FC 000:421.712   Value=0x00000002
T47FC 000:421.736 - 0.282ms returns 0
T47FC 000:421.765 JLINK_CORESIGHT_WriteAPDPReg(AP reg 0x00, 0x80000002)
T47FC 000:421.970 - 0.205ms returns 0
T47FC 000:422.002 JLINK_CORESIGHT_WriteAPDPReg(AP reg 0x01, 0x80011120)
T47FC 000:422.208 - 0.205ms returns 0
T47FC 000:422.240 JLINK_CORESIGHT_WriteAPDPReg(AP reg 0x03, 0x0000038C)
T47FC 000:422.438 - 0.197ms returns 0
T47FC 000:422.469 JLINK_CORESIGHT_WriteAPDPReg(AP reg 0x00, 0x80000002)
T47FC 000:422.664 - 0.194ms returns 0
T47FC 000:422.695 JLINK_CORESIGHT_WriteAPDPReg(AP reg 0x01, 0x80011140)
T47FC 000:422.963 - 0.268ms returns 0
T47FC 000:422.995 JLINK_CORESIGHT_ReadAPDPReg(AP reg 0x03)
T47FC 000:423.252   Value=0x00000000
T47FC 000:423.275 - 0.280ms returns 0
T47FC 000:423.304 JLINK_CORESIGHT_WriteAPDPReg(AP reg 0x00, 0x80000002)
T47FC 000:423.526 - 0.222ms returns 0
T47FC 000:423.558 JLINK_CORESIGHT_WriteAPDPReg(AP reg 0x01, 0x80011130)
T47FC 000:423.784 - 0.225ms returns 0
T47FC 000:423.815 JLINK_CORESIGHT_ReadAPDPReg(AP reg 0x03)
T47FC 000:424.123   Value=0x73020081
T47FC 000:424.152 - 0.336ms returns 0
T47FC 000:424.181 JLINK_CORESIGHT_WriteAPDPReg(AP reg 0x00, 0x80000002)
T47FC 000:424.377 - 0.196ms returns 0
T47FC 000:424.409 JLINK_CORESIGHT_WriteAPDPReg(AP reg 0x01, 0x80011140)
T47FC 000:424.603 - 0.194ms returns 0
T47FC 000:424.635 JLINK_CORESIGHT_ReadAPDPReg(AP reg 0x03)
T47FC 000:424.984   Value=0x00000000
T47FC 000:425.009 - 0.373ms returns 0
T47FC 000:425.037 JLINK_CORESIGHT_WriteAPDPReg(AP reg 0x00, 0x80000002)
T47FC 000:425.260 - 0.223ms returns 0
T47FC 000:425.292 JLINK_CORESIGHT_WriteAPDPReg(AP reg 0x01, 0x80011130)
T47FC 000:425.485 - 0.193ms returns 0
T47FC 000:425.517 JLINK_CORESIGHT_ReadAPDPReg(AP reg 0x03)
T47FC 000:425.773   Value=0x00038902
T47FC 000:425.796 - 0.279ms returns 0
T47FC 000:425.825 JLINK_CORESIGHT_WriteAPDPReg(AP reg 0x00, 0x80000002)
T47FC 000:426.063 - 0.237ms returns 0
T47FC 000:426.094 JLINK_CORESIGHT_WriteAPDPReg(AP reg 0x01, 0x80011140)
T47FC 000:426.289 - 0.194ms returns 0
T47FC 000:426.321 JLINK_CORESIGHT_ReadAPDPReg(AP reg 0x03)
T47FC 000:426.576   Value=0x00000002
T47FC 000:426.600 - 0.279ms returns 0
T47FC 000:426.628 JLINK_CORESIGHT_WriteAPDPReg(AP reg 0x00, 0x80000002)
T47FC 000:426.853 - 0.224ms returns 0
T47FC 000:426.885 JLINK_CORESIGHT_WriteAPDPReg(AP reg 0x01, 0x80011120)
T47FC 000:427.108 - 0.223ms returns 0
T47FC 000:427.140 JLINK_CORESIGHT_WriteAPDPReg(AP reg 0x03, 0x75010001)
T47FC 000:427.816 - 0.676ms returns 0
T47FC 000:427.849 JLINK_CORESIGHT_WriteAPDPReg(AP reg 0x00, 0x80000002)
T47FC 000:428.063 - 0.214ms returns 0
T47FC 000:428.096 JLINK_CORESIGHT_WriteAPDPReg(AP reg 0x01, 0x80011140)
T47FC 000:428.290 - 0.194ms returns 0
T47FC 000:428.322 JLINK_CORESIGHT_ReadAPDPReg(AP reg 0x03)
T47FC 000:428.605   Value=0x00000002
T47FC 000:428.640 - 0.318ms returns 0
T47FC 000:428.678 JLINK_CORESIGHT_WriteAPDPReg(AP reg 0x00, 0x80000002)
T47FC 000:428.966 - 0.287ms returns 0
T47FC 000:429.007 JLINK_CORESIGHT_WriteAPDPReg(AP reg 0x01, 0x80011120)
T47FC 000:429.248 - 0.240ms returns 0
T47FC 000:429.304 JLINK_CORESIGHT_WriteAPDPReg(AP reg 0x03, 0x0000038A)
T47FC 000:429.523 - 0.219ms returns 0
T47FC 000:429.561 JLINK_CORESIGHT_WriteAPDPReg(AP reg 0x00, 0x80000002)
T47FC 000:429.818 - 0.256ms returns 0
T47FC 000:429.866 JLINK_CORESIGHT_WriteAPDPReg(AP reg 0x01, 0x80011140)
T47FC 000:430.079 - 0.213ms returns 0
T47FC 000:430.132 JLINK_CORESIGHT_ReadAPDPReg(AP reg 0x03)
T47FC 000:430.415   Value=0x00000002
T47FC 000:430.455 - 0.322ms returns 0
T47FC 000:430.500 JLINK_CORESIGHT_ReadAPDPReg(AP reg 0x03)
T47FC 000:430.804   Value=0x00000002
T47FC 000:430.836 - 0.335ms returns 0
T47FC 000:430.871 JLINK_CORESIGHT_ReadAPDPReg(AP reg 0x03)
T47FC 000:431.148   Value=0x00000002
T47FC 000:431.183 - 0.312ms returns 0
T47FC 000:431.221 JLINK_CORESIGHT_ReadAPDPReg(AP reg 0x03)
T47FC 000:431.520   Value=0x00000002
T47FC 000:431.555 - 0.334ms returns 0
T47FC 000:431.595 JLINK_CORESIGHT_ReadAPDPReg(AP reg 0x03)
T47FC 000:431.881   Value=0x00000002
T47FC 000:431.906 - 0.310ms returns 0
T47FC 000:431.933 JLINK_CORESIGHT_ReadAPDPReg(AP reg 0x03)
T47FC 000:432.194   Value=0x00000002
T47FC 000:432.217 - 0.283ms returns 0
T47FC 000:432.245 JLINK_CORESIGHT_ReadAPDPReg(AP reg 0x03)
T47FC 000:432.524   Value=0x00000002
T47FC 000:432.570 - 0.324ms returns 0
T47FC 000:432.613 JLINK_CORESIGHT_ReadAPDPReg(AP reg 0x03)
T47FC 000:432.996   Value=0x00000002
T47FC 000:433.053 - 0.439ms returns 0
T47FC 000:433.101 JLINK_CORESIGHT_ReadAPDPReg(AP reg 0x03)
T47FC 000:433.434   Value=0x00000002
T47FC 000:433.465 - 0.363ms returns 0
T47FC 000:433.500 JLINK_CORESIGHT_ReadAPDPReg(AP reg 0x03)
T47FC 000:433.773   Value=0x00000000
T47FC 000:433.807 - 0.307ms returns 0
T47FC 000:433.850 JLINK_CORESIGHT_WriteAPDPReg(AP reg 0x00, 0x80000002)
T47FC 000:434.068 - 0.217ms returns 0
T47FC 000:434.098 JLINK_CORESIGHT_WriteAPDPReg(AP reg 0x01, 0x80011130)
T47FC 000:434.300 - 0.201ms returns 0
T47FC 000:434.329 JLINK_CORESIGHT_ReadAPDPReg(AP reg 0x03)
T47FC 000:434.588   Value=0x75020081
T47FC 000:434.614 - 0.285ms returns 0
T47FC 000:434.646 JLINK_CORESIGHT_WriteAPDPReg(AP reg 0x00, 0x80000002)
T47FC 000:434.847 - 0.201ms returns 0
T47FC 000:434.878 JLINK_CORESIGHT_WriteAPDPReg(AP reg 0x01, 0x80011140)
T47FC 000:435.102 - 0.224ms returns 0
T47FC 000:435.134 JLINK_CORESIGHT_ReadAPDPReg(AP reg 0x03)
T47FC 000:435.407   Value=0x00000000
T47FC 000:435.428 - 0.294ms returns 0
T47FC 000:435.458 JLINK_CORESIGHT_WriteAPDPReg(AP reg 0x00, 0x80000002)
T47FC 000:435.660 - 0.202ms returns 0
T47FC 000:435.691 JLINK_CORESIGHT_WriteAPDPReg(AP reg 0x01, 0x80011130)
T47FC 000:435.962 - 0.271ms returns 0
T47FC 000:435.995 JLINK_CORESIGHT_ReadAPDPReg(AP reg 0x03)
T47FC 000:436.258   Value=0x00038702
T47FC 000:436.280 - 0.285ms returns 0
T47FC 000:436.317 JLINK_CORESIGHT_WriteAPDPReg(AP reg 0x00, 0x80000002)
T47FC 000:436.514 - 0.196ms returns 0
T47FC 000:436.544 JLINK_CORESIGHT_WriteAPDPReg(AP reg 0x01, 0x80011140)
T47FC 000:436.774 - 0.230ms returns 0
T47FC 000:436.818 JLINK_CORESIGHT_ReadAPDPReg(AP reg 0x03)
T47FC 000:437.125   Value=0x00000002
T47FC 000:437.148 - 0.330ms returns 0
T47FC 000:437.179 JLINK_CORESIGHT_WriteAPDPReg(AP reg 0x00, 0x80000002)
T47FC 000:437.375 - 0.196ms returns 0
T47FC 000:437.406 JLINK_CORESIGHT_WriteAPDPReg(AP reg 0x01, 0x80011120)
T47FC 000:437.604 - 0.198ms returns 0
T47FC 000:437.633 JLINK_CORESIGHT_WriteAPDPReg(AP reg 0x03, 0x4E0B0001)
T47FC 000:437.830 - 0.196ms returns 0
T47FC 000:437.861 JLINK_CORESIGHT_WriteAPDPReg(AP reg 0x00, 0x80000002)
T47FC 000:438.062 - 0.201ms returns 0
T47FC 000:438.093 JLINK_CORESIGHT_WriteAPDPReg(AP reg 0x01, 0x80011140)
T47FC 000:438.288 - 0.195ms returns 0
T47FC 000:438.319 JLINK_CORESIGHT_ReadAPDPReg(AP reg 0x03)
T47FC 000:438.578   Value=0x00000002
T47FC 000:438.603 - 0.283ms returns 0
T47FC 000:438.634 JLINK_CORESIGHT_WriteAPDPReg(AP reg 0x00, 0x80000002)
T47FC 000:438.863 - 0.229ms returns 0
T47FC 000:438.894 JLINK_CORESIGHT_WriteAPDPReg(AP reg 0x01, 0x80011120)
T47FC 000:439.092 - 0.197ms returns 0
T47FC 000:439.122 JLINK_CORESIGHT_WriteAPDPReg(AP reg 0x03, 0x20000000)
T47FC 000:439.316 - 0.193ms returns 0
T47FC 000:439.346 JLINK_CORESIGHT_WriteAPDPReg(AP reg 0x00, 0x80000002)
T47FC 000:439.543 - 0.196ms returns 0
T47FC 000:439.573 JLINK_CORESIGHT_WriteAPDPReg(AP reg 0x01, 0x80011140)
T47FC 000:439.799 - 0.226ms returns 0
T47FC 000:439.831 JLINK_CORESIGHT_ReadAPDPReg(AP reg 0x03)
T47FC 000:440.124   Value=0x00000002
T47FC 000:440.147 - 0.315ms returns 0
T47FC 000:440.177 JLINK_CORESIGHT_WriteAPDPReg(AP reg 0x00, 0x80000002)
T47FC 000:440.376 - 0.198ms returns 0
T47FC 000:440.406 JLINK_CORESIGHT_WriteAPDPReg(AP reg 0x01, 0x80011120)
T47FC 000:440.601 - 0.195ms returns 0
T47FC 000:440.632 JLINK_CORESIGHT_WriteAPDPReg(AP reg 0x03, 0x00000000)
T47FC 000:440.827 - 0.195ms returns 0
T47FC 000:440.857 JLINK_CORESIGHT_WriteAPDPReg(AP reg 0x00, 0x80000002)
T47FC 000:441.064 - 0.206ms returns 0
T47FC 000:441.096 JLINK_CORESIGHT_WriteAPDPReg(AP reg 0x01, 0x80011140)
T47FC 000:441.290 - 0.194ms returns 0
T47FC 000:441.320 JLINK_CORESIGHT_ReadAPDPReg(AP reg 0x03)
T47FC 000:441.578   Value=0x00000002
T47FC 000:441.600 - 0.280ms returns 0
T47FC 000:441.630 JLINK_CORESIGHT_WriteAPDPReg(AP reg 0x00, 0x80000002)
T47FC 000:441.854 - 0.223ms returns 0
T47FC 000:441.884 JLINK_CORESIGHT_WriteAPDPReg(AP reg 0x01, 0x80011120)
T47FC 000:442.108 - 0.224ms returns 0
T47FC 000:442.139 JLINK_CORESIGHT_WriteAPDPReg(AP reg 0x03, 0x03870000)
T47FC 000:442.334 - 0.195ms returns 0
T47FC 000:442.365 JLINK_CORESIGHT_WriteAPDPReg(AP reg 0x00, 0x80000002)
T47FC 000:442.559 - 0.193ms returns 0
T47FC 000:442.591 JLINK_CORESIGHT_WriteAPDPReg(AP reg 0x01, 0x80011140)
T47FC 000:442.819 - 0.226ms returns 0
T47FC 000:442.849 JLINK_CORESIGHT_ReadAPDPReg(AP reg 0x03)
T47FC 000:443.125   Value=0x00000002
T47FC 000:443.147 - 0.298ms returns 0
T47FC 000:443.177 JLINK_CORESIGHT_ReadAPDPReg(AP reg 0x03)
T47FC 000:443.437   Value=0x00000002
T47FC 000:443.459 - 0.282ms returns 0
T47FC 000:443.489 JLINK_CORESIGHT_ReadAPDPReg(AP reg 0x03)
T47FC 000:443.750   Value=0x00000002
T47FC 000:443.775 - 0.285ms returns 0
T47FC 000:443.804 JLINK_CORESIGHT_ReadAPDPReg(AP reg 0x03)
T47FC 000:444.156   Value=0x00000002
T47FC 000:444.178 - 0.374ms returns 0
T47FC 000:444.207 JLINK_CORESIGHT_ReadAPDPReg(AP reg 0x03)
T47FC 000:444.464   Value=0x00000002
T47FC 000:444.489 - 0.282ms returns 0
T47FC 000:444.520 JLINK_CORESIGHT_ReadAPDPReg(AP reg 0x03)
T47FC 000:444.776   Value=0x00000002
T47FC 000:444.799 - 0.279ms returns 0
T47FC 000:444.829 JLINK_CORESIGHT_ReadAPDPReg(AP reg 0x03)
T47FC 000:445.124   Value=0x00000002
T47FC 000:445.146 - 0.317ms returns 0
T47FC 000:445.177 JLINK_CORESIGHT_ReadAPDPReg(AP reg 0x03)
T47FC 000:445.437   Value=0x00000002
T47FC 000:445.459 - 0.282ms returns 0
T47FC 000:445.488 JLINK_CORESIGHT_ReadAPDPReg(AP reg 0x03)
T47FC 000:445.743   Value=0x00000002
T47FC 000:445.765 - 0.277ms returns 0
T47FC 000:445.795 JLINK_CORESIGHT_ReadAPDPReg(AP reg 0x03)
T47FC 000:446.136   Value=0x00000002
T47FC 000:446.160 - 0.364ms returns 0
T47FC 000:446.188 JLINK_CORESIGHT_ReadAPDPReg(AP reg 0x03)
T47FC 000:446.443   Value=0x00000002
T47FC 000:446.465 - 0.277ms returns 0
T47FC 000:446.495 JLINK_CORESIGHT_ReadAPDPReg(AP reg 0x03)
T47FC 000:446.756   Value=0x00000002
T47FC 000:446.778 - 0.283ms returns 0
T47FC 000:446.808 JLINK_CORESIGHT_ReadAPDPReg(AP reg 0x03)
T47FC 000:447.156   Value=0x00000002
T47FC 000:447.213 - 0.404ms returns 0
T47FC 000:447.285 JLINK_CORESIGHT_ReadAPDPReg(AP reg 0x03)
T47FC 000:447.647   Value=0x00000002
T47FC 000:447.683 - 0.398ms returns 0
T47FC 000:447.726 JLINK_CORESIGHT_ReadAPDPReg(AP reg 0x03)
T47FC 000:448.007   Value=0x00000002
T47FC 000:448.042 - 0.316ms returns 0
T47FC 000:448.082 JLINK_CORESIGHT_ReadAPDPReg(AP reg 0x03)
T47FC 000:448.380   Value=0x00000002
T47FC 000:448.414 - 0.331ms returns 0
T47FC 000:448.455 JLINK_CORESIGHT_ReadAPDPReg(AP reg 0x03)
T47FC 000:448.727   Value=0x00000002
T47FC 000:448.760 - 0.305ms returns 0
T47FC 000:448.807 JLINK_CORESIGHT_ReadAPDPReg(AP reg 0x03)
T47FC 000:449.144   Value=0x00000002
T47FC 000:449.167 - 0.360ms returns 0
T47FC 000:449.197 JLINK_CORESIGHT_ReadAPDPReg(AP reg 0x03)
T47FC 000:449.453   Value=0x00000002
T47FC 000:449.475 - 0.277ms returns 0
T47FC 000:449.505 JLINK_CORESIGHT_ReadAPDPReg(AP reg 0x03)
T47FC 000:449.760   Value=0x00000002
T47FC 000:449.782 - 0.277ms returns 0
T47FC 000:449.813 JLINK_CORESIGHT_ReadAPDPReg(AP reg 0x03)
T47FC 000:450.126   Value=0x00000002
T47FC 000:450.166 - 0.352ms returns 0
T47FC 000:450.196 JLINK_CORESIGHT_ReadAPDPReg(AP reg 0x03)
T47FC 000:450.448   Value=0x00000002
T47FC 000:450.470 - 0.273ms returns 0
T47FC 000:450.500 JLINK_CORESIGHT_ReadAPDPReg(AP reg 0x03)
T47FC 000:450.753   Value=0x00000002
T47FC 000:450.775 - 0.275ms returns 0
T47FC 000:450.806 JLINK_CORESIGHT_ReadAPDPReg(AP reg 0x03)
T47FC 000:451.117   Value=0x00000002
T47FC 000:451.159 - 0.352ms returns 0
T47FC 000:451.191 JLINK_CORESIGHT_ReadAPDPReg(AP reg 0x03)
T47FC 000:451.446   Value=0x00000002
T47FC 000:451.469 - 0.277ms returns 0
T47FC 000:451.497 JLINK_CORESIGHT_ReadAPDPReg(AP reg 0x03)
T47FC 000:451.751   Value=0x00000002
T47FC 000:451.773 - 0.275ms returns 0
T47FC 000:451.804 JLINK_CORESIGHT_ReadAPDPReg(AP reg 0x03)
T47FC 000:452.123   Value=0x00000002
T47FC 000:452.164 - 0.360ms returns 0
T47FC 000:452.195 JLINK_CORESIGHT_ReadAPDPReg(AP reg 0x03)
T47FC 000:452.453   Value=0x00000002
T47FC 000:452.475 - 0.280ms returns 0
T47FC 000:452.503 JLINK_CORESIGHT_ReadAPDPReg(AP reg 0x03)
T47FC 000:452.756   Value=0x00000002
T47FC 000:452.778 - 0.274ms returns 0
T47FC 000:452.810 JLINK_CORESIGHT_ReadAPDPReg(AP reg 0x03)
T47FC 000:453.604   Value=0x00000002
T47FC 000:453.627 - 0.818ms returns 0
T47FC 000:453.658 JLINK_CORESIGHT_ReadAPDPReg(AP reg 0x03)
T47FC 000:453.962   Value=0x00000002
T47FC 000:454.004 - 0.346ms returns 0
T47FC 000:454.032 JLINK_CORESIGHT_ReadAPDPReg(AP reg 0x03)
T47FC 000:454.285   Value=0x00000002
T47FC 000:454.307 - 0.275ms returns 0
T47FC 000:454.337 JLINK_CORESIGHT_ReadAPDPReg(AP reg 0x03)
T47FC 000:454.592   Value=0x00000002
T47FC 000:454.617 - 0.280ms returns 0
T47FC 000:454.648 JLINK_CORESIGHT_ReadAPDPReg(AP reg 0x03)
T47FC 000:454.996   Value=0x00000002
T47FC 000:455.019 - 0.370ms returns 0
T47FC 000:455.048 JLINK_CORESIGHT_ReadAPDPReg(AP reg 0x03)
T47FC 000:455.303   Value=0x00000002
T47FC 000:455.326 - 0.277ms returns 0
T47FC 000:455.356 JLINK_CORESIGHT_ReadAPDPReg(AP reg 0x03)
T47FC 000:455.609   Value=0x00000002
T47FC 000:455.632 - 0.275ms returns 0
T47FC 000:455.661 JLINK_CORESIGHT_ReadAPDPReg(AP reg 0x03)
T47FC 000:455.958   Value=0x00000002
T47FC 000:455.999 - 0.337ms returns 0
T47FC 000:456.028 JLINK_CORESIGHT_ReadAPDPReg(AP reg 0x03)
T47FC 000:456.280   Value=0x00000002
T47FC 000:456.302 - 0.274ms returns 0
T47FC 000:456.332 JLINK_CORESIGHT_ReadAPDPReg(AP reg 0x03)
T47FC 000:456.583   Value=0x00000002
T47FC 000:456.605 - 0.273ms returns 0
T47FC 000:456.637 JLINK_CORESIGHT_ReadAPDPReg(AP reg 0x03)
T47FC 000:456.959   Value=0x00000002
T47FC 000:456.981 - 0.344ms returns 0
T47FC 000:457.012 JLINK_CORESIGHT_ReadAPDPReg(AP reg 0x03)
T47FC 000:457.265   Value=0x00000002
T47FC 000:457.287 - 0.275ms returns 0
T47FC 000:457.318 JLINK_CORESIGHT_ReadAPDPReg(AP reg 0x03)
T47FC 000:457.569   Value=0x00000002
T47FC 000:457.591 - 0.273ms returns 0
T47FC 000:457.621 JLINK_CORESIGHT_ReadAPDPReg(AP reg 0x03)
T47FC 000:457.873   Value=0x00000002
T47FC 000:457.896 - 0.274ms returns 0
T47FC 000:457.926 JLINK_CORESIGHT_ReadAPDPReg(AP reg 0x03)
T47FC 000:458.178   Value=0x00000002
T47FC 000:458.200 - 0.273ms returns 0
T47FC 000:458.228 JLINK_CORESIGHT_ReadAPDPReg(AP reg 0x03)
T47FC 000:458.480   Value=0x00000002
T47FC 000:458.502 - 0.273ms returns 0
T47FC 000:458.533 JLINK_CORESIGHT_ReadAPDPReg(AP reg 0x03)
T47FC 000:458.785   Value=0x00000002
T47FC 000:458.808 - 0.275ms returns 0
T47FC 000:458.837 JLINK_CORESIGHT_ReadAPDPReg(AP reg 0x03)
T47FC 000:459.122   Value=0x00000002
T47FC 000:459.144 - 0.306ms returns 0
T47FC 000:459.174 JLINK_CORESIGHT_ReadAPDPReg(AP reg 0x03)
T47FC 000:459.426   Value=0x00000000
T47FC 000:459.448 - 0.274ms returns 0
T47FC 000:459.478 JLINK_CORESIGHT_WriteAPDPReg(AP reg 0x00, 0x80000002)
T47FC 000:459.698 - 0.220ms returns 0
T47FC 000:459.729 JLINK_CORESIGHT_WriteAPDPReg(AP reg 0x01, 0x80011130)
T47FC 000:459.959 - 0.230ms returns 0
T47FC 000:459.991 JLINK_CORESIGHT_ReadAPDPReg(AP reg 0x03)
T47FC 000:460.247   Value=0x4E0A0081
T47FC 000:460.270 - 0.279ms returns 0
T47FC 000:460.300 JLINK_CORESIGHT_WriteAPDPReg(AP reg 0x00, 0x80000002)
T47FC 000:460.521 - 0.220ms returns 0
T47FC 000:460.551 JLINK_CORESIGHT_WriteAPDPReg(AP reg 0x01, 0x80011140)
T47FC 000:460.771 - 0.220ms returns 0
T47FC 000:460.802 JLINK_CORESIGHT_ReadAPDPReg(AP reg 0x03)
T47FC 000:461.140   Value=0x00000000
T47FC 000:461.162 - 0.359ms returns 0
T47FC 000:461.192 JLINK_CORESIGHT_WriteAPDPReg(AP reg 0x00, 0x80000002)
T47FC 000:461.411 - 0.219ms returns 0
T47FC 000:461.442 JLINK_CORESIGHT_WriteAPDPReg(AP reg 0x01, 0x80011130)
T47FC 000:461.637 - 0.195ms returns 0
T47FC 000:461.668 JLINK_CORESIGHT_ReadAPDPReg(AP reg 0x03)
T47FC 000:461.981   Value=0xFFFFFF00
T47FC 000:462.068 - 0.399ms returns 0
T47FC 000:462.122 JLINK_CORESIGHT_WriteAPDPReg(AP reg 0x00, 0x80000002)
T47FC 000:462.377 - 0.254ms returns 0
T47FC 000:462.442 JLINK_CORESIGHT_WriteAPDPReg(AP reg 0x01, 0x80011140)
T47FC 000:462.673 - 0.230ms returns 0
T47FC 000:462.725 JLINK_CORESIGHT_ReadAPDPReg(AP reg 0x03)
T47FC 000:462.995   Value=0x00000000
T47FC 000:463.023 - 0.298ms returns 0
T47FC 000:463.055 JLINK_CORESIGHT_WriteAPDPReg(AP reg 0x00, 0x80000002)
T47FC 000:463.282 - 0.226ms returns 0
T47FC 000:463.316 JLINK_CORESIGHT_WriteAPDPReg(AP reg 0x01, 0x80011130)
T47FC 000:463.515 - 0.199ms returns 0
T47FC 000:463.549 JLINK_CORESIGHT_ReadAPDPReg(AP reg 0x03)
T47FC 000:463.811   Value=0xFFFFFFFF
T47FC 000:463.836 - 0.286ms returns 0
T47FC 000:463.864 JLINK_CORESIGHT_WriteAPDPReg(AP reg 0x00, 0x80000002)
T47FC 000:464.073 - 0.208ms returns 0
T47FC 000:464.104 JLINK_CORESIGHT_WriteAPDPReg(AP reg 0x01, 0x80011140)
T47FC 000:464.379 - 0.274ms returns 0
T47FC 000:464.413 JLINK_CORESIGHT_ReadAPDPReg(AP reg 0x03)
T47FC 000:464.674   Value=0x00000000
T47FC 000:464.698 - 0.285ms returns 0
T47FC 000:464.727 JLINK_CORESIGHT_WriteAPDPReg(AP reg 0x00, 0x80000002)
T47FC 000:464.963 - 0.235ms returns 0
T47FC 000:464.995 JLINK_CORESIGHT_WriteAPDPReg(AP reg 0x01, 0x80011130)
T47FC 000:465.189 - 0.194ms returns 0
T47FC 000:465.220 JLINK_CORESIGHT_ReadAPDPReg(AP reg 0x03)
T47FC 000:465.476   Value=0x0003B0FF
T47FC 000:465.501 - 0.280ms returns 0
T47FC 000:465.532 JLINK_CORESIGHT_WriteAPDPReg(AP reg 0x00, 0x80000002)
T47FC 000:465.759 - 0.226ms returns 0
T47FC 000:465.792 JLINK_CORESIGHT_WriteAPDPReg(AP reg 0x01, 0x80011140)
T47FC 000:465.998 - 0.206ms returns 0
T47FC 000:466.030 JLINK_CORESIGHT_ReadAPDPReg(AP reg 0x03)
T47FC 000:466.287   Value=0x00000002
T47FC 000:466.311 - 0.280ms returns 0
T47FC 000:466.339 JLINK_CORESIGHT_WriteAPDPReg(AP reg 0x00, 0x80000002)
T47FC 000:466.562 - 0.223ms returns 0
T47FC 000:466.593 JLINK_CORESIGHT_WriteAPDPReg(AP reg 0x01, 0x80011120)
T47FC 000:466.820 - 0.226ms returns 0
T47FC 000:466.851 JLINK_CORESIGHT_WriteAPDPReg(AP reg 0x03, 0x4F010001)
T47FC 000:467.063 - 0.211ms returns 0
T47FC 000:467.095 JLINK_CORESIGHT_WriteAPDPReg(AP reg 0x00, 0x80000002)
T47FC 000:467.289 - 0.194ms returns 0
T47FC 000:467.321 JLINK_CORESIGHT_WriteAPDPReg(AP reg 0x01, 0x80011140)
T47FC 000:467.516 - 0.194ms returns 0
T47FC 000:467.554 JLINK_CORESIGHT_ReadAPDPReg(AP reg 0x03)
T47FC 000:467.820   Value=0x00000002
T47FC 000:467.843 - 0.288ms returns 0
T47FC 000:467.871 JLINK_CORESIGHT_WriteAPDPReg(AP reg 0x00, 0x80000002)
T47FC 000:468.069 - 0.197ms returns 0
T47FC 000:468.101 JLINK_CORESIGHT_WriteAPDPReg(AP reg 0x01, 0x80011120)
T47FC 000:468.296 - 0.195ms returns 0
T47FC 000:468.327 JLINK_CORESIGHT_WriteAPDPReg(AP reg 0x03, 0x000003B0)
T47FC 000:468.531 - 0.203ms returns 0
T47FC 000:468.565 JLINK_CORESIGHT_WriteAPDPReg(AP reg 0x00, 0x80000002)
T47FC 000:468.788 - 0.223ms returns 0
T47FC 000:468.819 JLINK_CORESIGHT_WriteAPDPReg(AP reg 0x01, 0x80011140)
T47FC 000:469.062 - 0.242ms returns 0
T47FC 000:469.094 JLINK_CORESIGHT_ReadAPDPReg(AP reg 0x03)
T47FC 000:469.350   Value=0x00000002
T47FC 000:469.374 - 0.280ms returns 0
T47FC 000:469.402 JLINK_CORESIGHT_ReadAPDPReg(AP reg 0x03)
T47FC 000:469.656   Value=0x00000002
T47FC 000:469.680 - 0.277ms returns 0
T47FC 000:469.708 JLINK_CORESIGHT_ReadAPDPReg(AP reg 0x03)
T47FC 000:469.964   Value=0x00000002
T47FC 000:469.988 - 0.279ms returns 0
T47FC 000:470.016 JLINK_CORESIGHT_ReadAPDPReg(AP reg 0x03)
T47FC 000:470.272   Value=0x00000002
T47FC 000:470.296 - 0.280ms returns 0
T47FC 000:470.325 JLINK_CORESIGHT_ReadAPDPReg(AP reg 0x03)
T47FC 000:470.616   Value=0x00000002
T47FC 000:470.653 - 0.327ms returns 0
T47FC 000:470.694 JLINK_CORESIGHT_ReadAPDPReg(AP reg 0x03)
T47FC 000:470.966   Value=0x00000002
T47FC 000:470.992 - 0.297ms returns 0
T47FC 000:471.022 JLINK_CORESIGHT_ReadAPDPReg(AP reg 0x03)
T47FC 000:471.284   Value=0x00000002
T47FC 000:471.306 - 0.284ms returns 0
T47FC 000:471.333 JLINK_CORESIGHT_ReadAPDPReg(AP reg 0x03)
T47FC 000:471.592   Value=0x00000002
T47FC 000:471.614 - 0.281ms returns 0
T47FC 000:471.641 JLINK_CORESIGHT_ReadAPDPReg(AP reg 0x03)
T47FC 000:471.987   Value=0x00000000
T47FC 000:472.009 - 0.368ms returns 0
T47FC 000:472.036 JLINK_CORESIGHT_WriteAPDPReg(AP reg 0x00, 0x80000002)
T47FC 000:472.262 - 0.225ms returns 0
T47FC 000:472.292 JLINK_CORESIGHT_WriteAPDPReg(AP reg 0x01, 0x80011130)
T47FC 000:472.488 - 0.195ms returns 0
T47FC 000:472.517 JLINK_CORESIGHT_ReadAPDPReg(AP reg 0x03)
T47FC 000:472.776   Value=0x4F0B0081
T47FC 000:472.798 - 0.281ms returns 0
T47FC 000:472.825 JLINK_CORESIGHT_WriteAPDPReg(AP reg 0x00, 0x80000002)
T47FC 000:473.063 - 0.237ms returns 0
T47FC 000:473.092 JLINK_CORESIGHT_WriteAPDPReg(AP reg 0x01, 0x80011140)
T47FC 000:473.297 - 0.205ms returns 0
T47FC 000:473.332 JLINK_CORESIGHT_ReadAPDPReg(AP reg 0x03)
T47FC 000:473.595   Value=0x00000000
T47FC 000:473.662 - 0.330ms returns 0
T47FC 000:473.693 JLINK_CORESIGHT_WriteAPDPReg(AP reg 0x00, 0x80000002)
T47FC 000:473.963 - 0.270ms returns 0
T47FC 000:473.993 JLINK_CORESIGHT_WriteAPDPReg(AP reg 0x01, 0x80011130)
T47FC 000:474.188 - 0.194ms returns 0
T47FC 000:474.217 JLINK_CORESIGHT_ReadAPDPReg(AP reg 0x03)
T47FC 000:474.477   Value=0x20000000
T47FC 000:474.500 - 0.283ms returns 0
T47FC 000:474.528 JLINK_CORESIGHT_WriteAPDPReg(AP reg 0x00, 0x80000002)
T47FC 000:474.752 - 0.224ms returns 0
T47FC 000:474.781 JLINK_CORESIGHT_WriteAPDPReg(AP reg 0x01, 0x80011140)
T47FC 000:474.999 - 0.217ms returns 0
T47FC 000:475.028 JLINK_CORESIGHT_ReadAPDPReg(AP reg 0x03)
T47FC 000:475.331   Value=0x00000000
T47FC 000:475.368 - 0.340ms returns 0
T47FC 000:475.402 JLINK_CORESIGHT_WriteAPDPReg(AP reg 0x00, 0x80000002)
T47FC 000:475.636 - 0.234ms returns 0
T47FC 000:475.672 JLINK_CORESIGHT_WriteAPDPReg(AP reg 0x01, 0x80011130)
T47FC 000:475.871 - 0.199ms returns 0
T47FC 000:475.901 JLINK_CORESIGHT_ReadAPDPReg(AP reg 0x03)
T47FC 000:476.155   Value=0x00000000
T47FC 000:476.178 - 0.277ms returns 0
T47FC 000:476.204 JLINK_CORESIGHT_WriteAPDPReg(AP reg 0x00, 0x80000002)
T47FC 000:476.428 - 0.223ms returns 0
T47FC 000:476.465 JLINK_CORESIGHT_WriteAPDPReg(AP reg 0x01, 0x80011140)
T47FC 000:476.691 - 0.226ms returns 0
T47FC 000:476.722 JLINK_CORESIGHT_ReadAPDPReg(AP reg 0x03)
T47FC 000:476.998   Value=0x00000000
T47FC 000:477.021 - 0.299ms returns 0
T47FC 000:477.049 JLINK_CORESIGHT_WriteAPDPReg(AP reg 0x00, 0x80000002)
T47FC 000:477.274 - 0.225ms returns 0
T47FC 000:477.315 JLINK_CORESIGHT_WriteAPDPReg(AP reg 0x01, 0x80011130)
T47FC 000:477.582 - 0.266ms returns 0
T47FC 000:477.665 JLINK_CORESIGHT_ReadAPDPReg(AP reg 0x03)
T47FC 000:478.058   Value=0x03860000
T47FC 000:478.102 - 0.436ms returns 0
T47FC 000:478.299 JLINK_CORESIGHT_WriteAPDPReg(AP reg 0x00, 0x80000002)
T47FC 000:478.975 - 0.675ms returns 0
T47FC 000:479.018 JLINK_CORESIGHT_WriteAPDPReg(AP reg 0x01, 0x80011140)
T47FC 000:479.226 - 0.207ms returns 0
T47FC 000:479.256 JLINK_CORESIGHT_ReadAPDPReg(AP reg 0x03)
T47FC 000:479.520   Value=0x00000002
T47FC 000:479.543 - 0.287ms returns 0
T47FC 000:479.570 JLINK_CORESIGHT_WriteAPDPReg(AP reg 0x00, 0x80000002)
T47FC 000:479.797 - 0.226ms returns 0
T47FC 000:479.827 JLINK_CORESIGHT_WriteAPDPReg(AP reg 0x01, 0x80011120)
T47FC 000:480.063 - 0.235ms returns 0
T47FC 000:480.091 JLINK_CORESIGHT_WriteAPDPReg(AP reg 0x03, 0x4F010001)
T47FC 000:480.288 - 0.196ms returns 0
T47FC 000:480.317 JLINK_CORESIGHT_WriteAPDPReg(AP reg 0x00, 0x80000002)
T47FC 000:480.514 - 0.197ms returns 0
T47FC 000:480.543 JLINK_CORESIGHT_WriteAPDPReg(AP reg 0x01, 0x80011140)
T47FC 000:480.771 - 0.228ms returns 0
T47FC 000:480.801 JLINK_CORESIGHT_ReadAPDPReg(AP reg 0x03)
T47FC 000:481.154   Value=0x00000002
T47FC 000:481.177 - 0.375ms returns 0
T47FC 000:481.204 JLINK_CORESIGHT_WriteAPDPReg(AP reg 0x00, 0x80000002)
T47FC 000:481.406 - 0.201ms returns 0
T47FC 000:481.434 JLINK_CORESIGHT_WriteAPDPReg(AP reg 0x01, 0x80011120)
T47FC 000:481.642 - 0.207ms returns 0
T47FC 000:481.671 JLINK_CORESIGHT_WriteAPDPReg(AP reg 0x03, 0x000003B0)
T47FC 000:481.868 - 0.196ms returns 0
T47FC 000:481.897 JLINK_CORESIGHT_WriteAPDPReg(AP reg 0x00, 0x80000002)
T47FC 000:482.095 - 0.198ms returns 0
T47FC 000:482.124 JLINK_CORESIGHT_WriteAPDPReg(AP reg 0x01, 0x80011140)
T47FC 000:482.321 - 0.196ms returns 0
T47FC 000:482.350 JLINK_CORESIGHT_ReadAPDPReg(AP reg 0x03)
T47FC 000:482.609   Value=0x00000002
T47FC 000:482.631 - 0.281ms returns 0
T47FC 000:482.658 JLINK_CORESIGHT_ReadAPDPReg(AP reg 0x03)
T47FC 000:482.960   Value=0x00000002
T47FC 000:483.002 - 0.343ms returns 0
T47FC 000:483.028 JLINK_CORESIGHT_ReadAPDPReg(AP reg 0x03)
T47FC 000:483.288   Value=0x00000000
T47FC 000:483.310 - 0.282ms returns 0
T47FC 000:483.337 JLINK_CORESIGHT_WriteAPDPReg(AP reg 0x00, 0x80000002)
T47FC 000:483.562 - 0.224ms returns 0
T47FC 000:483.591 JLINK_CORESIGHT_WriteAPDPReg(AP reg 0x01, 0x80011130)
T47FC 000:483.836 - 0.244ms returns 0
T47FC 000:483.914 JLINK_CORESIGHT_ReadAPDPReg(AP reg 0x03)
T47FC 000:484.176   Value=0x4F0B0081
T47FC 000:484.199 - 0.285ms returns 0
T47FC 000:484.226 JLINK_CORESIGHT_WriteAPDPReg(AP reg 0x00, 0x80000002)
T47FC 000:484.425 - 0.198ms returns 0
T47FC 000:484.454 JLINK_CORESIGHT_WriteAPDPReg(AP reg 0x01, 0x80011140)
T47FC 000:484.651 - 0.197ms returns 0
T47FC 000:484.680 JLINK_CORESIGHT_ReadAPDPReg(AP reg 0x03)
T47FC 000:484.961   Value=0x00000000
T47FC 000:484.983 - 0.303ms returns 0
T47FC 000:485.010 JLINK_CORESIGHT_WriteAPDPReg(AP reg 0x00, 0x80000002)
T47FC 000:485.235 - 0.224ms returns 0
T47FC 000:485.264 JLINK_CORESIGHT_WriteAPDPReg(AP reg 0x01, 0x80011130)
T47FC 000:485.460 - 0.195ms returns 0
T47FC 000:485.489 JLINK_CORESIGHT_ReadAPDPReg(AP reg 0x03)
T47FC 000:485.748   Value=0x20000000
T47FC 000:485.770 - 0.281ms returns 0
T47FC 000:485.798 JLINK_CORESIGHT_WriteAPDPReg(AP reg 0x00, 0x80000002)
T47FC 000:486.064 - 0.266ms returns 0
T47FC 000:486.093 JLINK_CORESIGHT_WriteAPDPReg(AP reg 0x01, 0x80011140)
T47FC 000:486.288 - 0.195ms returns 0
T47FC 000:486.317 JLINK_CORESIGHT_ReadAPDPReg(AP reg 0x03)
T47FC 000:486.585   Value=0x00000000
T47FC 000:486.621 - 0.303ms returns 0
T47FC 000:486.658 JLINK_CORESIGHT_WriteAPDPReg(AP reg 0x00, 0x80000002)
T47FC 000:486.966 - 0.307ms returns 0
T47FC 000:487.010 JLINK_CORESIGHT_WriteAPDPReg(AP reg 0x01, 0x80011130)
T47FC 000:487.238 - 0.227ms returns 0
T47FC 000:487.272 JLINK_CORESIGHT_ReadAPDPReg(AP reg 0x03)
T47FC 000:487.527   Value=0x00000000
T47FC 000:487.551 - 0.279ms returns 0
T47FC 000:487.580 JLINK_CORESIGHT_WriteAPDPReg(AP reg 0x00, 0x80000002)
T47FC 000:487.811 - 0.230ms returns 0
T47FC 000:487.871 JLINK_CORESIGHT_WriteAPDPReg(AP reg 0x01, 0x80011140)
T47FC 000:488.074 - 0.202ms returns 0
T47FC 000:488.113 JLINK_CORESIGHT_ReadAPDPReg(AP reg 0x03)
T47FC 000:488.368   Value=0x00000000
T47FC 000:488.392 - 0.278ms returns 0
T47FC 000:488.424 JLINK_CORESIGHT_WriteAPDPReg(AP reg 0x00, 0x80000002)
T47FC 000:488.620 - 0.196ms returns 0
T47FC 000:488.654 JLINK_CORESIGHT_WriteAPDPReg(AP reg 0x01, 0x80011130)
T47FC 000:488.883 - 0.228ms returns 0
T47FC 000:488.917 JLINK_CORESIGHT_ReadAPDPReg(AP reg 0x03)
T47FC 000:489.184   Value=0x03860000
T47FC 000:489.207 - 0.289ms returns 0
T47FC 000:489.242 JLINK_CORESIGHT_ReadAPDPReg(DP reg 0x01)
T47FC 000:489.475   Value=0xF0000F40
T47FC 000:489.497 - 0.255ms returns 0
T47FC 000:489.526 JLINK_CORESIGHT_WriteAPDPReg(DP reg 0x01, 0xA0000F40)
T47FC 000:489.750 - 0.224ms returns 0
T47FC 000:489.782 JLINK_CORESIGHT_ReadAPDPReg(DP reg 0x01)
T47FC 000:489.998   Value=0x00000F40
T47FC 000:490.021 - 0.238ms returns 0
T47FC 000:490.050 JLINK_ClrRESET()
T47FC 000:490.251 - 0.201ms
T47FC 000:596.805 JLINK_Close()
T47FC 000:597.745 - 0.938ms
T47FC 000:597.792   
T47FC 000:597.817   Closed
