T6B60 000:001.182   SEGGER J-Link V8.44a Log File
T6B60 000:001.343   DLL Compiled: Jun 18 2025 16:28:32
T6B60 000:001.357   Logging started @ 2025-07-09 23:29
T6B60 000:001.370   Process: C:\Users\a5101960\.eclipse\com.renesas.platform_170476184\DebugComp\RA\e2-server-gdb.exe
T6B60 000:001.386 - 1.382ms 
T6B60 000:001.406 JLINK_GetDLLVersion()
T6B60 000:001.419 - 0.013ms returns 84401
T6B60 000:006.202 JLINK_OpenEx(...)
T6B60 000:016.201   Firmware: J-Link OB-RA4M2 compiled Apr  1 2025 10:13:55
T6B60 000:017.001   Firmware: J-Link OB-RA4M2 compiled Apr  1 2025 10:13:55
T6B60 000:028.827   Hardware: V1.00
T6B60 000:028.874   S/N: 1089339994
T6B60 000:028.907   OEM: SEGGER
T6B60 000:028.930   Feature(s): None
T6B60 000:029.750   Bootloader: 2021 May 14
T6B60 000:030.175   USB speed mode: Full speed (12 MBit/s)
T6B60 000:030.640   TELNET listener socket opened on port 19021
T6B60 000:030.864   WEBSRV WEBSRV_Init(): Starting webserver thread(s)
T6B60 000:031.078   WEBSRV Webserver running on local port 19080
T6B60 000:031.327   Looking for J-Link GUI Server exe at: C:\Users\a5101960\.eclipse\com.renesas.platform_170476184\DebugComp\RA\ARM\Segger_v8.44.1\JLinkGUIServer.exe
T6B60 000:031.841   Looking for J-Link GUI Server exe at: \JLinkGUIServer.exe
T6B60 000:333.173   Failed to connect to J-Link GUI Server.
T6B60 000:333.228 - 327.021ms returns "O.K."
T6B60 000:333.446 JLINK_TIF_Select(JLINKARM_TIF_SWD)
T6B60 000:334.422 - 0.975ms returns 0x00
T6B60 000:334.468 JLINK_ClrRESET()
T6B60 000:334.857 - 0.388ms 
T6B60 000:385.121 JLINK_SetSpeed(1500)
T6B60 000:385.397 - 0.284ms 
T6B60 000:385.444 JLINK_CORESIGHT_Configure(PerformTIFInit=0)
T6B60 000:386.109 - 0.664ms returns 0
T6B60 000:386.188 JLINK_CORESIGHT_ReadAPDPReg(DP reg 0x00)
T6B60 000:386.773   Value=0x6BA02477
T6B60 000:386.842 - 0.657ms returns 0
T6B60 000:386.869 JLINK_CORESIGHT_WriteAPDPReg(DP reg 0x00, 0x0000001F)
T6B60 000:387.280 - 0.411ms returns 0
T6B60 000:387.320 JLINK_CORESIGHT_ReadAPDPReg(DP reg 0x00)
T6B60 000:387.659   Value=0x6BA02477
T6B60 000:387.682 - 0.361ms returns 0
T6B60 000:387.700 JLINK_CORESIGHT_WriteAPDPReg(DP reg 0x02, 0x00000000)
T6B60 000:388.018 - 0.318ms returns 0
T6B60 000:388.036 JLINK_CORESIGHT_WriteAPDPReg(DP reg 0x01, 0x50000000)
T6B60 000:388.409 - 0.372ms returns 0
T6B60 000:388.434 JLINK_CORESIGHT_ReadAPDPReg(DP reg 0x01)
T6B60 000:388.766   Value=0xF0000000
T6B60 000:388.787 - 0.354ms returns 0
T6B60 000:388.805 JLINK_CORESIGHT_WriteAPDPReg(DP reg 0x00, 0x0000001F)
T6B60 000:389.158 - 0.353ms returns 0
T6B60 000:389.179 JLINK_CORESIGHT_ReadAPDPReg(DP reg 0x00)
T6B60 000:389.535   Value=0x6BA02477
T6B60 000:389.557 - 0.377ms returns 0
T6B60 000:389.573 JLINK_CORESIGHT_WriteAPDPReg(DP reg 0x01, 0x54000000)
T6B60 000:389.942 - 0.369ms returns 0
T6B60 000:389.959 JLINK_CORESIGHT_WriteAPDPReg(DP reg 0x01, 0x50000F00)
T6B60 000:390.191 - 0.231ms returns 0
T6B60 000:390.219 JLINK_CORESIGHT_WriteAPDPReg(DP reg 0x02, 0x01000000)
T6B60 000:390.543 - 0.323ms returns 0
T6B60 000:390.560 JLINK_CORESIGHT_WriteAPDPReg(AP reg 0x00, 0x80000002)
T6B60 000:390.910 - 0.349ms returns 0
T6B60 000:390.927 JLINK_CORESIGHT_WriteAPDPReg(AP reg 0x01, 0x80011100)
T6B60 000:391.274 - 0.346ms returns 0
T6B60 000:391.292 JLINK_CORESIGHT_WriteAPDPReg(AP reg 0x03, 0x000000A5)
T6B60 000:391.757 - 0.464ms returns 0
T6B60 000:391.825 JLINK_CORESIGHT_WriteAPDPReg(AP reg 0x00, 0x80000002)
T6B60 000:392.094 - 0.268ms returns 0
T6B60 000:392.121 JLINK_CORESIGHT_WriteAPDPReg(AP reg 0x01, 0x80011100)
T6B60 000:392.417 - 0.296ms returns 0
T6B60 000:392.435 JLINK_CORESIGHT_ReadAPDPReg(AP reg 0x03)
T6B60 000:392.868   Value=0x000000A5
T6B60 000:392.900 - 0.464ms returns 0
T6B60 000:392.918 JLINK_ClrTMS()
T6B60 000:393.024 - 0.105ms 
T6B60 000:398.496 JLINK_SetTCK()
T6B60 000:398.645 - 0.149ms returns 0
T6B60 000:404.110 JLINK_SetRESET()
T6B60 000:404.326 - 0.216ms 
T6B60 000:604.985 JLINK_CORESIGHT_WriteAPDPReg(AP reg 0x00, 0x80000002)
T6B60 000:605.321 - 0.335ms returns 0
T6B60 000:605.363 JLINK_CORESIGHT_WriteAPDPReg(AP reg 0x01, 0x80011100)
T6B60 000:605.648 - 0.285ms returns 0
T6B60 000:605.669 JLINK_CORESIGHT_ReadAPDPReg(AP reg 0x03)
T6B60 000:606.045   Value=0x00000000
T6B60 000:606.068 - 0.399ms returns 0
T6B60 000:606.084 JLINK_CORESIGHT_WriteAPDPReg(AP reg 0x00, 0x80000002)
T6B60 000:606.475 - 0.391ms returns 0
T6B60 000:606.493 JLINK_CORESIGHT_WriteAPDPReg(AP reg 0x01, 0x80011140)
T6B60 000:606.832 - 0.339ms returns 0
T6B60 000:606.850 JLINK_CORESIGHT_ReadAPDPReg(AP reg 0x03)
T6B60 000:607.204   Value=0x00000002
T6B60 000:607.226 - 0.376ms returns 0
T6B60 000:607.241 JLINK_CORESIGHT_WriteAPDPReg(AP reg 0x00, 0x80000002)
T6B60 000:607.661 - 0.420ms returns 0
T6B60 000:607.677 JLINK_CORESIGHT_WriteAPDPReg(AP reg 0x01, 0x80011120)
T6B60 000:608.014 - 0.336ms returns 0
T6B60 000:608.030 JLINK_CORESIGHT_WriteAPDPReg(AP reg 0x03, 0x00000055)
T6B60 000:608.372 - 0.341ms returns 0
T6B60 000:608.398 JLINK_CORESIGHT_WriteAPDPReg(AP reg 0x00, 0x80000002)
T6B60 000:608.690 - 0.290ms returns 0
T6B60 000:608.750 JLINK_CORESIGHT_WriteAPDPReg(AP reg 0x01, 0x80011140)
T6B60 000:609.015 - 0.265ms returns 0
T6B60 000:609.056 JLINK_CORESIGHT_ReadAPDPReg(AP reg 0x03)
T6B60 000:609.506   Value=0x00000000
T6B60 000:609.545 - 0.488ms returns 0
T6B60 000:609.561 JLINK_CORESIGHT_WriteAPDPReg(AP reg 0x00, 0x80000002)
T6B60 000:609.989 - 0.427ms returns 0
T6B60 000:610.024 JLINK_CORESIGHT_WriteAPDPReg(AP reg 0x01, 0x80011130)
T6B60 000:610.487 - 0.463ms returns 0
T6B60 000:610.519 JLINK_CORESIGHT_ReadAPDPReg(AP reg 0x03)
T6B60 000:610.926   Value=0x000000C6
T6B60 000:610.964 - 0.445ms returns 0
T6B60 000:610.984 JLINK_CORESIGHT_WriteAPDPReg(AP reg 0x00, 0x80000002)
T6B60 000:611.417 - 0.432ms returns 0
T6B60 000:611.451 JLINK_CORESIGHT_WriteAPDPReg(AP reg 0x01, 0x80011140)
T6B60 000:611.945 - 0.493ms returns 0
T6B60 000:612.002 JLINK_CORESIGHT_ReadAPDPReg(AP reg 0x03)
T6B60 000:612.322   Value=0x00000002
T6B60 000:612.361 - 0.359ms returns 0
T6B60 000:612.380 JLINK_CORESIGHT_WriteAPDPReg(AP reg 0x00, 0x80000002)
T6B60 000:612.643 - 0.262ms returns 0
T6B60 000:612.659 JLINK_CORESIGHT_WriteAPDPReg(AP reg 0x01, 0x80011120)
T6B60 000:612.942 - 0.282ms returns 0
T6B60 000:612.957 JLINK_CORESIGHT_WriteAPDPReg(AP reg 0x03, 0x3A010001)
T6B60 000:613.243 - 0.285ms returns 0
T6B60 000:613.258 JLINK_CORESIGHT_WriteAPDPReg(AP reg 0x00, 0x80000002)
T6B60 000:613.534 - 0.276ms returns 0
T6B60 000:613.553 JLINK_CORESIGHT_WriteAPDPReg(AP reg 0x01, 0x80011140)
T6B60 000:613.837 - 0.283ms returns 0
T6B60 000:613.853 JLINK_CORESIGHT_ReadAPDPReg(AP reg 0x03)
T6B60 000:614.210   Value=0x00000002
T6B60 000:614.230 - 0.377ms returns 0
T6B60 000:614.246 JLINK_CORESIGHT_WriteAPDPReg(AP reg 0x00, 0x80000002)
T6B60 000:614.640 - 0.394ms returns 0
T6B60 000:614.656 JLINK_CORESIGHT_WriteAPDPReg(AP reg 0x01, 0x80011120)
T6B60 000:614.977 - 0.320ms returns 0
T6B60 000:614.993 JLINK_CORESIGHT_WriteAPDPReg(AP reg 0x03, 0x000003C5)
T6B60 000:615.274 - 0.281ms returns 0
T6B60 000:615.289 JLINK_CORESIGHT_WriteAPDPReg(AP reg 0x00, 0x80000002)
T6B60 000:615.648 - 0.359ms returns 0
T6B60 000:615.664 JLINK_CORESIGHT_WriteAPDPReg(AP reg 0x01, 0x80011140)
T6B60 000:615.973 - 0.309ms returns 0
T6B60 000:615.989 JLINK_CORESIGHT_ReadAPDPReg(AP reg 0x03)
T6B60 000:616.313   Value=0x00000002
T6B60 000:616.333 - 0.344ms returns 0
T6B60 000:616.347 JLINK_CORESIGHT_ReadAPDPReg(AP reg 0x03)
T6B60 000:616.680   Value=0x00000002
T6B60 000:616.700 - 0.352ms returns 0
T6B60 000:616.714 JLINK_CORESIGHT_ReadAPDPReg(AP reg 0x03)
T6B60 000:617.100   Value=0x00000002
T6B60 000:617.119 - 0.405ms returns 0
T6B60 000:617.134 JLINK_CORESIGHT_ReadAPDPReg(AP reg 0x03)
T6B60 000:617.511   Value=0x00000002
T6B60 000:617.531 - 0.397ms returns 0
T6B60 000:617.545 JLINK_CORESIGHT_ReadAPDPReg(AP reg 0x03)
T6B60 000:617.918   Value=0x00000002
T6B60 000:617.939 - 0.394ms returns 0
T6B60 000:617.953 JLINK_CORESIGHT_ReadAPDPReg(AP reg 0x03)
T6B60 000:618.350   Value=0x00000000
T6B60 000:618.375 - 0.422ms returns 0
T6B60 000:618.390 JLINK_CORESIGHT_WriteAPDPReg(AP reg 0x00, 0x80000002)
T6B60 000:618.782 - 0.392ms returns 0
T6B60 000:618.800 JLINK_CORESIGHT_WriteAPDPReg(AP reg 0x01, 0x80011130)
T6B60 000:619.054 - 0.254ms returns 0
T6B60 000:619.069 JLINK_CORESIGHT_ReadAPDPReg(AP reg 0x03)
T6B60 000:619.339   Value=0x3A2A0081
T6B60 000:619.361 - 0.292ms returns 0
T6B60 000:619.375 JLINK_CORESIGHT_WriteAPDPReg(AP reg 0x00, 0x80000002)
T6B60 000:619.642 - 0.267ms returns 0
T6B60 000:619.658 JLINK_CORESIGHT_WriteAPDPReg(AP reg 0x01, 0x80011140)
T6B60 000:619.988 - 0.330ms returns 0
T6B60 000:620.004 JLINK_CORESIGHT_ReadAPDPReg(AP reg 0x03)
T6B60 000:620.290   Value=0x00000000
T6B60 000:620.310 - 0.306ms returns 0
T6B60 000:620.325 JLINK_CORESIGHT_WriteAPDPReg(AP reg 0x00, 0x80000002)
T6B60 000:620.637 - 0.312ms returns 0
T6B60 000:620.652 JLINK_CORESIGHT_WriteAPDPReg(AP reg 0x01, 0x80011130)
T6B60 000:620.929 - 0.276ms returns 0
T6B60 000:620.944 JLINK_CORESIGHT_ReadAPDPReg(AP reg 0x03)
T6B60 000:621.223   Value=0x808D5B00
T6B60 000:621.244 - 0.300ms returns 0
T6B60 000:621.259 JLINK_CORESIGHT_WriteAPDPReg(AP reg 0x00, 0x80000002)
T6B60 000:621.534 - 0.275ms returns 0
T6B60 000:621.553 JLINK_CORESIGHT_WriteAPDPReg(AP reg 0x01, 0x80011140)
T6B60 000:621.786 - 0.232ms returns 0
T6B60 000:621.804 JLINK_CORESIGHT_ReadAPDPReg(AP reg 0x03)
T6B60 000:622.098   Value=0x00000000
T6B60 000:622.119 - 0.315ms returns 0
T6B60 000:622.135 JLINK_CORESIGHT_WriteAPDPReg(AP reg 0x00, 0x80000002)
T6B60 000:622.403 - 0.268ms returns 0
T6B60 000:622.426 JLINK_CORESIGHT_WriteAPDPReg(AP reg 0x01, 0x80011130)
T6B60 000:622.638 - 0.211ms returns 0
T6B60 000:622.657 JLINK_CORESIGHT_ReadAPDPReg(AP reg 0x03)
T6B60 000:622.938   Value=0x0603030B
T6B60 000:622.959 - 0.302ms returns 0
T6B60 000:622.975 JLINK_CORESIGHT_WriteAPDPReg(AP reg 0x00, 0x80000002)
T6B60 000:623.284 - 0.309ms returns 0
T6B60 000:623.302 JLINK_CORESIGHT_WriteAPDPReg(AP reg 0x01, 0x80011140)
T6B60 000:623.534 - 0.232ms returns 0
T6B60 000:623.552 JLINK_CORESIGHT_ReadAPDPReg(AP reg 0x03)
T6B60 000:623.839   Value=0x00000000
T6B60 000:623.860 - 0.307ms returns 0
T6B60 000:623.875 JLINK_CORESIGHT_WriteAPDPReg(AP reg 0x00, 0x80000002)
T6B60 000:624.159 - 0.284ms returns 0
T6B60 000:624.177 JLINK_CORESIGHT_WriteAPDPReg(AP reg 0x01, 0x80011130)
T6B60 000:624.399 - 0.221ms returns 0
T6B60 000:624.416 JLINK_CORESIGHT_ReadAPDPReg(AP reg 0x03)
T6B60 000:624.679   Value=0x2F4B4E20
T6B60 000:624.699 - 0.283ms returns 0
T6B60 000:624.715 JLINK_CORESIGHT_WriteAPDPReg(AP reg 0x00, 0x80000002)
T6B60 000:624.941 - 0.226ms returns 0
T6B60 000:625.590 JLINK_CORESIGHT_WriteAPDPReg(AP reg 0x01, 0x80011140)
T6B60 000:625.908 - 0.317ms returns 0
T6B60 000:625.989 JLINK_CORESIGHT_ReadAPDPReg(AP reg 0x03)
T6B60 000:626.418   Value=0x00000000
T6B60 000:626.497 - 0.507ms returns 0
T6B60 000:626.531 JLINK_CORESIGHT_WriteAPDPReg(AP reg 0x00, 0x80000002)
T6B60 000:626.808 - 0.276ms returns 0
T6B60 000:626.841 JLINK_CORESIGHT_WriteAPDPReg(AP reg 0x01, 0x80011130)
T6B60 000:627.054 - 0.214ms returns 0
T6B60 000:627.072 JLINK_CORESIGHT_ReadAPDPReg(AP reg 0x03)
T6B60 000:627.455   Value=0x4BBBB750
T6B60 000:627.476 - 0.404ms returns 0
T6B60 000:627.491 JLINK_CORESIGHT_WriteAPDPReg(AP reg 0x00, 0x80000002)
T6B60 000:627.818 - 0.326ms returns 0
T6B60 000:627.834 JLINK_CORESIGHT_WriteAPDPReg(AP reg 0x01, 0x80011140)
T6B60 000:628.122 - 0.287ms returns 0
T6B60 000:628.139 JLINK_CORESIGHT_ReadAPDPReg(AP reg 0x03)
T6B60 000:628.464   Value=0x00000000
T6B60 000:628.485 - 0.346ms returns 0
T6B60 000:628.499 JLINK_CORESIGHT_WriteAPDPReg(AP reg 0x00, 0x80000002)
T6B60 000:628.894 - 0.394ms returns 0
T6B60 000:628.952 JLINK_CORESIGHT_WriteAPDPReg(AP reg 0x01, 0x80011130)
T6B60 000:629.213 - 0.261ms returns 0
T6B60 000:629.232 JLINK_CORESIGHT_ReadAPDPReg(AP reg 0x03)
T6B60 000:629.643   Value=0x38363553
T6B60 000:629.664 - 0.432ms returns 0
T6B60 000:629.678 JLINK_CORESIGHT_WriteAPDPReg(AP reg 0x00, 0x80000002)
T6B60 000:630.011 - 0.332ms returns 0
T6B60 000:630.030 JLINK_CORESIGHT_WriteAPDPReg(AP reg 0x01, 0x80011140)
T6B60 000:630.317 - 0.287ms returns 0
T6B60 000:630.335 JLINK_CORESIGHT_ReadAPDPReg(AP reg 0x03)
T6B60 000:630.685   Value=0x00000000
T6B60 000:630.707 - 0.372ms returns 0
T6B60 000:630.722 JLINK_CORESIGHT_WriteAPDPReg(AP reg 0x00, 0x80000002)
T6B60 000:631.071 - 0.348ms returns 0
T6B60 000:631.087 JLINK_CORESIGHT_WriteAPDPReg(AP reg 0x01, 0x80011130)
T6B60 000:631.409 - 0.322ms returns 0
T6B60 000:631.426 JLINK_CORESIGHT_ReadAPDPReg(AP reg 0x03)
T6B60 000:631.947   Value=0x5C184335
T6B60 000:632.011 - 0.585ms returns 0
T6B60 000:632.045 JLINK_CORESIGHT_WriteAPDPReg(AP reg 0x00, 0x80000002)
T6B60 000:632.306 - 0.261ms returns 0
T6B60 000:632.327 JLINK_CORESIGHT_WriteAPDPReg(AP reg 0x01, 0x80011140)
T6B60 000:632.636 - 0.309ms returns 0
T6B60 000:632.655 JLINK_CORESIGHT_ReadAPDPReg(AP reg 0x03)
T6B60 000:632.989   Value=0x00000000
T6B60 000:633.014 - 0.359ms returns 0
T6B60 000:633.029 JLINK_CORESIGHT_WriteAPDPReg(AP reg 0x00, 0x80000002)
T6B60 000:633.308 - 0.278ms returns 0
T6B60 000:633.324 JLINK_CORESIGHT_WriteAPDPReg(AP reg 0x01, 0x80011130)
T6B60 000:633.647 - 0.323ms returns 0
T6B60 000:633.665 JLINK_CORESIGHT_ReadAPDPReg(AP reg 0x03)
T6B60 000:633.989   Value=0x46375286
T6B60 000:634.010 - 0.345ms returns 0
T6B60 000:634.024 JLINK_CORESIGHT_WriteAPDPReg(AP reg 0x00, 0x80000002)
T6B60 000:634.282 - 0.258ms returns 0
T6B60 000:634.299 JLINK_CORESIGHT_WriteAPDPReg(AP reg 0x01, 0x80011140)
T6B60 000:634.510 - 0.211ms returns 0
T6B60 000:634.527 JLINK_CORESIGHT_ReadAPDPReg(AP reg 0x03)
T6B60 000:634.804   Value=0x00000000
T6B60 000:634.823 - 0.296ms returns 0
T6B60 000:634.838 JLINK_CORESIGHT_WriteAPDPReg(AP reg 0x00, 0x80000002)
T6B60 000:635.159 - 0.320ms returns 0
T6B60 000:635.175 JLINK_CORESIGHT_WriteAPDPReg(AP reg 0x01, 0x80011130)
T6B60 000:635.430 - 0.255ms returns 0
T6B60 000:635.458 JLINK_CORESIGHT_ReadAPDPReg(AP reg 0x03)
T6B60 000:635.729   Value=0x32453841
T6B60 000:635.750 - 0.292ms returns 0
T6B60 000:635.764 JLINK_CORESIGHT_WriteAPDPReg(AP reg 0x00, 0x80000002)
T6B60 000:636.032 - 0.268ms returns 0
T6B60 000:636.053 JLINK_CORESIGHT_WriteAPDPReg(AP reg 0x01, 0x80011140)
T6B60 000:636.286 - 0.233ms returns 0
T6B60 000:636.302 JLINK_CORESIGHT_ReadAPDPReg(AP reg 0x03)
T6B60 000:636.641   Value=0x00000000
T6B60 000:636.664 - 0.361ms returns 0
T6B60 000:636.678 JLINK_CORESIGHT_WriteAPDPReg(AP reg 0x00, 0x80000002)
T6B60 000:636.948 - 0.269ms returns 0
T6B60 000:636.965 JLINK_CORESIGHT_WriteAPDPReg(AP reg 0x01, 0x80011130)
T6B60 000:637.275 - 0.310ms returns 0
T6B60 000:637.291 JLINK_CORESIGHT_ReadAPDPReg(AP reg 0x03)
T6B60 000:637.641   Value=0x43444641
T6B60 000:637.661 - 0.370ms returns 0
T6B60 000:637.674 JLINK_CORESIGHT_WriteAPDPReg(AP reg 0x00, 0x80000002)
T6B60 000:637.945 - 0.271ms returns 0
T6B60 000:637.961 JLINK_CORESIGHT_WriteAPDPReg(AP reg 0x01, 0x80011140)
T6B60 000:638.178 - 0.217ms returns 0
T6B60 000:638.194 JLINK_CORESIGHT_ReadAPDPReg(AP reg 0x03)
T6B60 000:638.472   Value=0x00000000
T6B60 000:638.492 - 0.298ms returns 0
T6B60 000:638.506 JLINK_CORESIGHT_WriteAPDPReg(AP reg 0x00, 0x80000002)
T6B60 000:638.772 - 0.265ms returns 0
T6B60 000:638.787 JLINK_CORESIGHT_WriteAPDPReg(AP reg 0x01, 0x80011130)
T6B60 000:639.671 - 0.882ms returns 0
T6B60 000:639.761 JLINK_CORESIGHT_ReadAPDPReg(AP reg 0x03)
T6B60 000:640.336   Value=0x20204442
T6B60 000:640.403 - 0.642ms returns 0
T6B60 000:640.437 JLINK_CORESIGHT_WriteAPDPReg(AP reg 0x00, 0x80000002)
T6B60 000:640.773 - 0.336ms returns 0
T6B60 000:640.815 JLINK_CORESIGHT_WriteAPDPReg(AP reg 0x01, 0x80011140)
T6B60 000:641.083 - 0.268ms returns 0
T6B60 000:641.125 JLINK_CORESIGHT_ReadAPDPReg(AP reg 0x03)
T6B60 000:641.556   Value=0x00000000
T6B60 000:641.626 - 0.500ms returns 0
T6B60 000:641.661 JLINK_CORESIGHT_WriteAPDPReg(AP reg 0x00, 0x80000002)
T6B60 000:641.956 - 0.295ms returns 0
T6B60 000:642.015 JLINK_CORESIGHT_WriteAPDPReg(AP reg 0x01, 0x80011130)
T6B60 000:642.429 - 0.413ms returns 0
T6B60 000:642.492 JLINK_CORESIGHT_ReadAPDPReg(AP reg 0x03)
T6B60 000:642.895   Value=0x00030D20
T6B60 000:642.931 - 0.439ms returns 0
T6B60 000:642.993 JLINK_CORESIGHT_WriteAPDPReg(AP reg 0x00, 0x80000002)
T6B60 000:643.290 - 0.297ms returns 0
T6B60 000:643.307 JLINK_CORESIGHT_WriteAPDPReg(AP reg 0x01, 0x80011140)
T6B60 000:643.647 - 0.340ms returns 0
T6B60 000:643.669 JLINK_CORESIGHT_ReadAPDPReg(AP reg 0x03)
T6B60 000:643.999   Value=0x00000002
T6B60 000:644.020 - 0.351ms returns 0
T6B60 000:644.035 JLINK_CORESIGHT_WriteAPDPReg(AP reg 0x00, 0x80000002)
T6B60 000:644.375 - 0.340ms returns 0
T6B60 000:644.391 JLINK_CORESIGHT_WriteAPDPReg(AP reg 0x01, 0x80011120)
T6B60 000:644.644 - 0.253ms returns 0
T6B60 000:644.661 JLINK_CORESIGHT_WriteAPDPReg(AP reg 0x03, 0x2C010001)
T6B60 000:644.945 - 0.284ms returns 0
T6B60 000:644.961 JLINK_CORESIGHT_WriteAPDPReg(AP reg 0x00, 0x80000002)
T6B60 000:645.275 - 0.315ms returns 0
T6B60 000:645.292 JLINK_CORESIGHT_WriteAPDPReg(AP reg 0x01, 0x80011140)
T6B60 000:645.534 - 0.242ms returns 0
T6B60 000:645.550 JLINK_CORESIGHT_ReadAPDPReg(AP reg 0x03)
T6B60 000:645.854   Value=0x00000002
T6B60 000:645.876 - 0.326ms returns 0
T6B60 000:645.890 JLINK_CORESIGHT_WriteAPDPReg(AP reg 0x00, 0x80000002)
T6B60 000:646.167 - 0.276ms returns 0
T6B60 000:646.184 JLINK_CORESIGHT_WriteAPDPReg(AP reg 0x01, 0x80011120)
T6B60 000:646.411 - 0.228ms returns 0
T6B60 000:646.438 JLINK_CORESIGHT_WriteAPDPReg(AP reg 0x03, 0x000003D3)
T6B60 000:646.679 - 0.241ms returns 0
T6B60 000:646.695 JLINK_CORESIGHT_WriteAPDPReg(AP reg 0x00, 0x80000002)
T6B60 000:646.929 - 0.234ms returns 0
T6B60 000:646.944 JLINK_CORESIGHT_WriteAPDPReg(AP reg 0x01, 0x80011140)
T6B60 000:647.179 - 0.235ms returns 0
T6B60 000:647.195 JLINK_CORESIGHT_ReadAPDPReg(AP reg 0x03)
T6B60 000:647.476   Value=0x00000002
T6B60 000:647.496 - 0.301ms returns 0
T6B60 000:647.510 JLINK_CORESIGHT_ReadAPDPReg(AP reg 0x03)
T6B60 000:647.830   Value=0x00000002
T6B60 000:647.850 - 0.340ms returns 0
T6B60 000:647.864 JLINK_CORESIGHT_ReadAPDPReg(AP reg 0x03)
T6B60 000:648.191   Value=0x00000002
T6B60 000:648.212 - 0.348ms returns 0
T6B60 000:648.226 JLINK_CORESIGHT_ReadAPDPReg(AP reg 0x03)
T6B60 000:648.554   Value=0x00000002
T6B60 000:648.577 - 0.351ms returns 0
T6B60 000:648.591 JLINK_CORESIGHT_ReadAPDPReg(AP reg 0x03)
T6B60 000:648.953   Value=0x00000000
T6B60 000:648.973 - 0.382ms returns 0
T6B60 000:648.987 JLINK_CORESIGHT_WriteAPDPReg(AP reg 0x00, 0x80000002)
T6B60 000:649.272 - 0.285ms returns 0
T6B60 000:649.289 JLINK_CORESIGHT_WriteAPDPReg(AP reg 0x01, 0x80011130)
T6B60 000:649.514 - 0.224ms returns 0
T6B60 000:649.530 JLINK_CORESIGHT_ReadAPDPReg(AP reg 0x03)
T6B60 000:649.829   Value=0x2C020081
T6B60 000:649.856 - 0.325ms returns 0
T6B60 000:649.871 JLINK_CORESIGHT_WriteAPDPReg(AP reg 0x00, 0x80000002)
T6B60 000:650.145 - 0.274ms returns 0
T6B60 000:650.161 JLINK_CORESIGHT_WriteAPDPReg(AP reg 0x01, 0x80011140)
T6B60 000:650.395 - 0.234ms returns 0
T6B60 000:650.417 JLINK_CORESIGHT_ReadAPDPReg(AP reg 0x03)
T6B60 000:650.683   Value=0x00000000
T6B60 000:650.704 - 0.286ms returns 0
T6B60 000:650.719 JLINK_CORESIGHT_WriteAPDPReg(AP reg 0x00, 0x80000002)
T6B60 000:650.973 - 0.253ms returns 0
T6B60 000:650.991 JLINK_CORESIGHT_WriteAPDPReg(AP reg 0x01, 0x80011130)
T6B60 000:651.223 - 0.232ms returns 0
T6B60 000:651.242 JLINK_CORESIGHT_ReadAPDPReg(AP reg 0x03)
T6B60 000:651.520   Value=0x0003CE04
T6B60 000:651.543 - 0.302ms returns 0
T6B60 000:651.562 JLINK_CORESIGHT_WriteAPDPReg(AP reg 0x00, 0x80000002)
T6B60 000:651.827 - 0.264ms returns 0
T6B60 000:651.845 JLINK_CORESIGHT_WriteAPDPReg(AP reg 0x01, 0x80011140)
T6B60 000:652.159 - 0.313ms returns 0
T6B60 000:652.177 JLINK_CORESIGHT_ReadAPDPReg(AP reg 0x03)
T6B60 000:652.473   Value=0x00000002
T6B60 000:652.493 - 0.315ms returns 0
T6B60 000:652.509 JLINK_CORESIGHT_WriteAPDPReg(AP reg 0x00, 0x80000002)
T6B60 000:652.768 - 0.259ms returns 0
T6B60 000:652.786 JLINK_CORESIGHT_WriteAPDPReg(AP reg 0x01, 0x80011120)
T6B60 000:653.019 - 0.233ms returns 0
T6B60 000:653.036 JLINK_CORESIGHT_WriteAPDPReg(AP reg 0x03, 0x73010001)
T6B60 000:653.269 - 0.233ms returns 0
T6B60 000:653.288 JLINK_CORESIGHT_WriteAPDPReg(AP reg 0x00, 0x80000002)
T6B60 000:653.524 - 0.236ms returns 0
T6B60 000:653.541 JLINK_CORESIGHT_WriteAPDPReg(AP reg 0x01, 0x80011140)
T6B60 000:653.786 - 0.244ms returns 0
T6B60 000:653.802 JLINK_CORESIGHT_ReadAPDPReg(AP reg 0x03)
T6B60 000:654.098   Value=0x00000002
T6B60 000:654.121 - 0.319ms returns 0
T6B60 000:654.139 JLINK_CORESIGHT_WriteAPDPReg(AP reg 0x00, 0x80000002)
T6B60 000:654.371 - 0.232ms returns 0
T6B60 000:654.388 JLINK_CORESIGHT_WriteAPDPReg(AP reg 0x01, 0x80011120)
T6B60 000:654.643 - 0.254ms returns 0
T6B60 000:654.660 JLINK_CORESIGHT_WriteAPDPReg(AP reg 0x03, 0x0000038C)
T6B60 000:655.020 - 0.359ms returns 0
T6B60 000:655.085 JLINK_CORESIGHT_WriteAPDPReg(AP reg 0x00, 0x80000002)
T6B60 000:655.441 - 0.355ms returns 0
T6B60 000:655.664 JLINK_CORESIGHT_WriteAPDPReg(AP reg 0x01, 0x80011140)
T6B60 000:655.980 - 0.316ms returns 0
T6B60 000:656.038 JLINK_CORESIGHT_ReadAPDPReg(AP reg 0x03)
T6B60 000:656.352   Value=0x00000002
T6B60 000:656.380 - 0.343ms returns 0
T6B60 000:656.398 JLINK_CORESIGHT_ReadAPDPReg(AP reg 0x03)
T6B60 000:656.679   Value=0x00000002
T6B60 000:656.699 - 0.301ms returns 0
T6B60 000:656.715 JLINK_CORESIGHT_ReadAPDPReg(AP reg 0x03)
T6B60 000:657.092   Value=0x00000002
T6B60 000:657.162 - 0.446ms returns 0
T6B60 000:657.202 JLINK_CORESIGHT_ReadAPDPReg(AP reg 0x03)
T6B60 000:657.496   Value=0x00000000
T6B60 000:657.534 - 0.332ms returns 0
T6B60 000:657.553 JLINK_CORESIGHT_WriteAPDPReg(AP reg 0x00, 0x80000002)
T6B60 000:657.831 - 0.278ms returns 0
T6B60 000:657.849 JLINK_CORESIGHT_WriteAPDPReg(AP reg 0x01, 0x80011130)
T6B60 000:658.164 - 0.315ms returns 0
T6B60 000:658.181 JLINK_CORESIGHT_ReadAPDPReg(AP reg 0x03)
T6B60 000:660.453   Value=0x73020081
T6B60 000:660.570 - 2.386ms returns 0
T6B60 000:660.627 JLINK_CORESIGHT_WriteAPDPReg(AP reg 0x00, 0x80000002)
T6B60 000:661.115 - 0.488ms returns 0
T6B60 000:661.194 JLINK_CORESIGHT_WriteAPDPReg(AP reg 0x01, 0x80011140)
T6B60 000:661.532 - 0.338ms returns 0
T6B60 000:661.629 JLINK_CORESIGHT_ReadAPDPReg(AP reg 0x03)
T6B60 000:662.066   Value=0x00000000
T6B60 000:662.130 - 0.500ms returns 0
T6B60 000:662.218 JLINK_CORESIGHT_WriteAPDPReg(AP reg 0x00, 0x80000002)
T6B60 000:662.518 - 0.299ms returns 0
T6B60 000:662.557 JLINK_CORESIGHT_WriteAPDPReg(AP reg 0x01, 0x80011130)
T6B60 000:662.808 - 0.251ms returns 0
T6B60 000:662.828 JLINK_CORESIGHT_ReadAPDPReg(AP reg 0x03)
T6B60 000:663.101   Value=0x00038902
T6B60 000:663.123 - 0.295ms returns 0
T6B60 000:663.144 JLINK_CORESIGHT_WriteAPDPReg(AP reg 0x00, 0x80000002)
T6B60 000:663.397 - 0.252ms returns 0
T6B60 000:663.420 JLINK_CORESIGHT_WriteAPDPReg(AP reg 0x01, 0x80011140)
T6B60 000:663.661 - 0.242ms returns 0
T6B60 000:663.681 JLINK_CORESIGHT_ReadAPDPReg(AP reg 0x03)
T6B60 000:663.964   Value=0x00000002
T6B60 000:663.987 - 0.305ms returns 0
T6B60 000:664.005 JLINK_CORESIGHT_WriteAPDPReg(AP reg 0x00, 0x80000002)
T6B60 000:664.285 - 0.280ms returns 0
T6B60 000:664.305 JLINK_CORESIGHT_WriteAPDPReg(AP reg 0x01, 0x80011120)
T6B60 000:664.524 - 0.219ms returns 0
T6B60 000:664.545 JLINK_CORESIGHT_WriteAPDPReg(AP reg 0x03, 0x75010001)
T6B60 000:664.764 - 0.218ms returns 0
T6B60 000:664.782 JLINK_CORESIGHT_WriteAPDPReg(AP reg 0x00, 0x80000002)
T6B60 000:665.022 - 0.240ms returns 0
T6B60 000:665.043 JLINK_CORESIGHT_WriteAPDPReg(AP reg 0x01, 0x80011140)
T6B60 000:665.263 - 0.220ms returns 0
T6B60 000:665.282 JLINK_CORESIGHT_ReadAPDPReg(AP reg 0x03)
T6B60 000:665.559   Value=0x00000002
T6B60 000:665.581 - 0.298ms returns 0
T6B60 000:665.600 JLINK_CORESIGHT_WriteAPDPReg(AP reg 0x00, 0x80000002)
T6B60 000:665.833 - 0.232ms returns 0
T6B60 000:665.851 JLINK_CORESIGHT_WriteAPDPReg(AP reg 0x01, 0x80011120)
T6B60 000:666.162 - 0.310ms returns 0
T6B60 000:666.179 JLINK_CORESIGHT_WriteAPDPReg(AP reg 0x03, 0x0000038A)
T6B60 000:666.539 - 0.360ms returns 0
T6B60 000:666.560 JLINK_CORESIGHT_WriteAPDPReg(AP reg 0x00, 0x80000002)
T6B60 000:666.807 - 0.247ms returns 0
T6B60 000:666.828 JLINK_CORESIGHT_WriteAPDPReg(AP reg 0x01, 0x80011140)
T6B60 000:667.057 - 0.229ms returns 0
T6B60 000:667.075 JLINK_CORESIGHT_ReadAPDPReg(AP reg 0x03)
T6B60 000:667.342   Value=0x00000002
T6B60 000:667.368 - 0.292ms returns 0
T6B60 000:667.385 JLINK_CORESIGHT_ReadAPDPReg(AP reg 0x03)
T6B60 000:667.788   Value=0x00000002
T6B60 000:667.809 - 0.424ms returns 0
T6B60 000:667.827 JLINK_CORESIGHT_ReadAPDPReg(AP reg 0x03)
T6B60 000:668.275   Value=0x00000002
T6B60 000:668.295 - 0.468ms returns 0
T6B60 000:668.311 JLINK_CORESIGHT_ReadAPDPReg(AP reg 0x03)
T6B60 000:668.644   Value=0x00000002
T6B60 000:668.668 - 0.356ms returns 0
T6B60 000:668.684 JLINK_CORESIGHT_ReadAPDPReg(AP reg 0x03)
T6B60 000:668.995   Value=0x00000002
T6B60 000:669.015 - 0.331ms returns 0
T6B60 000:669.031 JLINK_CORESIGHT_ReadAPDPReg(AP reg 0x03)
T6B60 000:669.326   Value=0x00000002
T6B60 000:669.346 - 0.315ms returns 0
T6B60 000:669.365 JLINK_CORESIGHT_ReadAPDPReg(AP reg 0x03)
T6B60 000:669.647   Value=0x00000002
T6B60 000:669.667 - 0.302ms returns 0
T6B60 000:669.683 JLINK_CORESIGHT_ReadAPDPReg(AP reg 0x03)
T6B60 000:669.976   Value=0x00000000
T6B60 000:669.997 - 0.313ms returns 0
T6B60 000:670.013 JLINK_CORESIGHT_WriteAPDPReg(AP reg 0x00, 0x80000002)
T6B60 000:670.254 - 0.241ms returns 0
T6B60 000:670.273 JLINK_CORESIGHT_WriteAPDPReg(AP reg 0x01, 0x80011130)
T6B60 000:670.513 - 0.240ms returns 0
T6B60 000:670.531 JLINK_CORESIGHT_ReadAPDPReg(AP reg 0x03)
T6B60 000:670.807   Value=0x75020081
T6B60 000:670.877 - 0.345ms returns 0
T6B60 000:670.893 JLINK_CORESIGHT_WriteAPDPReg(AP reg 0x00, 0x80000002)
T6B60 000:671.139 - 0.246ms returns 0
T6B60 000:671.156 JLINK_CORESIGHT_WriteAPDPReg(AP reg 0x01, 0x80011140)
T6B60 000:671.393 - 0.236ms returns 0
T6B60 000:671.414 JLINK_CORESIGHT_ReadAPDPReg(AP reg 0x03)
T6B60 000:671.705   Value=0x00000000
T6B60 000:671.726 - 0.312ms returns 0
T6B60 000:671.744 JLINK_CORESIGHT_WriteAPDPReg(AP reg 0x00, 0x80000002)
T6B60 000:671.991 - 0.247ms returns 0
T6B60 000:672.009 JLINK_CORESIGHT_WriteAPDPReg(AP reg 0x01, 0x80011130)
T6B60 000:672.249 - 0.240ms returns 0
T6B60 000:672.267 JLINK_CORESIGHT_ReadAPDPReg(AP reg 0x03)
T6B60 000:672.560   Value=0x00038702
T6B60 000:672.631 - 0.364ms returns 0
T6B60 000:673.677 JLINK_CORESIGHT_WriteAPDPReg(AP reg 0x00, 0x80000002)
T6B60 000:673.966 - 0.289ms returns 0
T6B60 000:673.986 JLINK_CORESIGHT_WriteAPDPReg(AP reg 0x01, 0x80011140)
T6B60 000:674.292 - 0.306ms returns 0
T6B60 000:674.311 JLINK_CORESIGHT_ReadAPDPReg(AP reg 0x03)
T6B60 000:674.730   Value=0x00000002
T6B60 000:674.754 - 0.443ms returns 0
T6B60 000:674.769 JLINK_CORESIGHT_WriteAPDPReg(AP reg 0x00, 0x80000002)
T6B60 000:675.070 - 0.300ms returns 0
T6B60 000:675.120 JLINK_CORESIGHT_WriteAPDPReg(AP reg 0x01, 0x80011120)
T6B60 000:675.383 - 0.262ms returns 0
T6B60 000:675.448 JLINK_CORESIGHT_WriteAPDPReg(AP reg 0x03, 0x4F010001)
T6B60 000:675.800 - 0.352ms returns 0
T6B60 000:675.858 JLINK_CORESIGHT_WriteAPDPReg(AP reg 0x00, 0x80000002)
T6B60 000:676.191 - 0.333ms returns 0
T6B60 000:676.245 JLINK_CORESIGHT_WriteAPDPReg(AP reg 0x01, 0x80011140)
T6B60 000:676.532 - 0.287ms returns 0
T6B60 000:676.590 JLINK_CORESIGHT_ReadAPDPReg(AP reg 0x03)
T6B60 000:676.973   Value=0x00000002
T6B60 000:677.028 - 0.438ms returns 0
T6B60 000:677.062 JLINK_CORESIGHT_WriteAPDPReg(AP reg 0x00, 0x80000002)
T6B60 000:677.407 - 0.345ms returns 0
T6B60 000:677.450 JLINK_CORESIGHT_WriteAPDPReg(AP reg 0x01, 0x80011120)
T6B60 000:677.785 - 0.334ms returns 0
T6B60 000:677.829 JLINK_CORESIGHT_WriteAPDPReg(AP reg 0x03, 0x000003B0)
T6B60 000:678.156 - 0.326ms returns 0
T6B60 000:678.206 JLINK_CORESIGHT_WriteAPDPReg(AP reg 0x00, 0x80000002)
T6B60 000:678.529 - 0.323ms returns 0
T6B60 000:678.571 JLINK_CORESIGHT_WriteAPDPReg(AP reg 0x01, 0x80011140)
T6B60 000:678.895 - 0.324ms returns 0
T6B60 000:678.937 JLINK_CORESIGHT_ReadAPDPReg(AP reg 0x03)
T6B60 000:679.268   Value=0x00000002
T6B60 000:679.325 - 0.387ms returns 0
T6B60 000:679.359 JLINK_CORESIGHT_ReadAPDPReg(AP reg 0x03)
T6B60 000:679.690   Value=0x00000002
T6B60 000:679.750 - 0.391ms returns 0
T6B60 000:679.767 JLINK_CORESIGHT_ReadAPDPReg(AP reg 0x03)
T6B60 000:680.168   Value=0x00000002
T6B60 000:680.209 - 0.441ms returns 0
T6B60 000:680.226 JLINK_CORESIGHT_ReadAPDPReg(AP reg 0x03)
T6B60 000:680.574   Value=0x00000002
T6B60 000:680.614 - 0.387ms returns 0
T6B60 000:680.631 JLINK_CORESIGHT_ReadAPDPReg(AP reg 0x03)
T6B60 000:680.970   Value=0x00000002
T6B60 000:681.030 - 0.399ms returns 0
T6B60 000:681.046 JLINK_CORESIGHT_ReadAPDPReg(AP reg 0x03)
T6B60 000:681.381   Value=0x00000002
T6B60 000:681.421 - 0.374ms returns 0
T6B60 000:681.437 JLINK_CORESIGHT_ReadAPDPReg(AP reg 0x03)
T6B60 000:681.843   Value=0x00000000
T6B60 000:681.882 - 0.444ms returns 0
T6B60 000:681.898 JLINK_CORESIGHT_WriteAPDPReg(AP reg 0x00, 0x80000002)
T6B60 000:682.144 - 0.246ms returns 0
T6B60 000:682.161 JLINK_CORESIGHT_WriteAPDPReg(AP reg 0x01, 0x80011130)
T6B60 000:682.406 - 0.245ms returns 0
T6B60 000:682.422 JLINK_CORESIGHT_ReadAPDPReg(AP reg 0x03)
T6B60 000:682.722   Value=0x4F0B0081
T6B60 000:682.741 - 0.319ms returns 0
T6B60 000:682.754 JLINK_CORESIGHT_WriteAPDPReg(AP reg 0x00, 0x80000002)
T6B60 000:682.996 - 0.241ms returns 0
T6B60 000:683.014 JLINK_CORESIGHT_WriteAPDPReg(AP reg 0x01, 0x80011140)
T6B60 000:683.261 - 0.247ms returns 0
T6B60 000:683.277 JLINK_CORESIGHT_ReadAPDPReg(AP reg 0x03)
T6B60 000:683.645   Value=0x00000000
T6B60 000:683.667 - 0.390ms returns 0
T6B60 000:683.681 JLINK_CORESIGHT_WriteAPDPReg(AP reg 0x00, 0x80000002)
T6B60 000:683.970 - 0.289ms returns 0
T6B60 000:683.987 JLINK_CORESIGHT_WriteAPDPReg(AP reg 0x01, 0x80011130)
T6B60 000:684.266 - 0.279ms returns 0
T6B60 000:684.283 JLINK_CORESIGHT_ReadAPDPReg(AP reg 0x03)
T6B60 000:684.560   Value=0xC0000000
T6B60 000:684.581 - 0.297ms returns 0
T6B60 000:684.596 JLINK_CORESIGHT_WriteAPDPReg(AP reg 0x00, 0x80000002)
T6B60 000:684.916 - 0.320ms returns 0
T6B60 000:684.933 JLINK_CORESIGHT_WriteAPDPReg(AP reg 0x01, 0x80011140)
T6B60 000:685.179 - 0.246ms returns 0
T6B60 000:685.197 JLINK_CORESIGHT_ReadAPDPReg(AP reg 0x03)
T6B60 000:685.474   Value=0x00000000
T6B60 000:685.494 - 0.297ms returns 0
T6B60 000:685.508 JLINK_CORESIGHT_WriteAPDPReg(AP reg 0x00, 0x80000002)
T6B60 000:685.893 - 0.385ms returns 0
T6B60 000:685.910 JLINK_CORESIGHT_WriteAPDPReg(AP reg 0x01, 0x80011130)
T6B60 000:686.145 - 0.234ms returns 0
T6B60 000:686.161 JLINK_CORESIGHT_ReadAPDPReg(AP reg 0x03)
T6B60 000:686.440   Value=0x00000000
T6B60 000:686.460 - 0.299ms returns 0
T6B60 000:686.475 JLINK_CORESIGHT_WriteAPDPReg(AP reg 0x00, 0x80000002)
T6B60 000:686.772 - 0.297ms returns 0
T6B60 000:686.788 JLINK_CORESIGHT_WriteAPDPReg(AP reg 0x01, 0x80011140)
T6B60 000:687.019 - 0.231ms returns 0
T6B60 000:687.034 JLINK_CORESIGHT_ReadAPDPReg(AP reg 0x03)
T6B60 000:687.313   Value=0x00000000
T6B60 000:687.334 - 0.299ms returns 0
T6B60 000:687.348 JLINK_CORESIGHT_WriteAPDPReg(AP reg 0x00, 0x80000002)
T6B60 000:687.666 - 0.318ms returns 0
T6B60 000:687.682 JLINK_CORESIGHT_WriteAPDPReg(AP reg 0x01, 0x80011130)
T6B60 000:687.974 - 0.290ms returns 0
T6B60 000:688.012 JLINK_CORESIGHT_ReadAPDPReg(AP reg 0x03)
T6B60 000:688.305   Value=0x03E60000
T6B60 000:688.416 - 0.403ms returns 0
T6B60 000:688.541 JLINK_CORESIGHT_WriteAPDPReg(AP reg 0x00, 0x80000002)
T6B60 000:688.864 - 0.322ms returns 0
T6B60 000:688.891 JLINK_CORESIGHT_WriteAPDPReg(AP reg 0x01, 0x80011140)
T6B60 000:689.127 - 0.236ms returns 0
T6B60 000:689.144 JLINK_CORESIGHT_ReadAPDPReg(AP reg 0x03)
T6B60 000:689.657   Value=0x00000002
T6B60 000:689.679 - 0.535ms returns 0
T6B60 000:689.693 JLINK_CORESIGHT_WriteAPDPReg(AP reg 0x00, 0x80000002)
T6B60 000:689.979 - 0.285ms returns 0
T6B60 000:690.000 JLINK_CORESIGHT_WriteAPDPReg(AP reg 0x01, 0x80011120)
T6B60 000:690.285 - 0.285ms returns 0
T6B60 000:690.302 JLINK_CORESIGHT_WriteAPDPReg(AP reg 0x03, 0x2C010001)
T6B60 000:690.638 - 0.335ms returns 0
T6B60 000:690.656 JLINK_CORESIGHT_WriteAPDPReg(AP reg 0x00, 0x80000002)
T6B60 000:691.037 - 0.381ms returns 0
T6B60 000:691.060 JLINK_CORESIGHT_WriteAPDPReg(AP reg 0x01, 0x80011140)
T6B60 000:691.427 - 0.366ms returns 0
T6B60 000:691.553 JLINK_CORESIGHT_ReadAPDPReg(AP reg 0x03)
T6B60 000:691.910   Value=0x00000002
T6B60 000:691.993 - 0.440ms returns 0
T6B60 000:692.148 JLINK_CORESIGHT_WriteAPDPReg(AP reg 0x00, 0x80000002)
T6B60 000:692.536 - 0.387ms returns 0
T6B60 000:692.606 JLINK_CORESIGHT_WriteAPDPReg(AP reg 0x01, 0x80011120)
T6B60 000:692.949 - 0.344ms returns 0
T6B60 000:692.984 JLINK_CORESIGHT_WriteAPDPReg(AP reg 0x03, 0x000003D3)
T6B60 000:693.295 - 0.311ms returns 0
T6B60 000:693.337 JLINK_CORESIGHT_WriteAPDPReg(AP reg 0x00, 0x80000002)
T6B60 000:693.652 - 0.314ms returns 0
T6B60 000:693.671 JLINK_CORESIGHT_WriteAPDPReg(AP reg 0x01, 0x80011140)
T6B60 000:693.943 - 0.272ms returns 0
T6B60 000:693.964 JLINK_CORESIGHT_ReadAPDPReg(AP reg 0x03)
T6B60 000:694.334   Value=0x00000002
T6B60 000:694.363 - 0.398ms returns 0
T6B60 000:694.378 JLINK_CORESIGHT_ReadAPDPReg(AP reg 0x03)
T6B60 000:694.690   Value=0x00000000
T6B60 000:694.710 - 0.332ms returns 0
T6B60 000:694.752 JLINK_CORESIGHT_WriteAPDPReg(AP reg 0x00, 0x80000002)
T6B60 000:694.992 - 0.239ms returns 0
T6B60 000:695.006 JLINK_CORESIGHT_WriteAPDPReg(AP reg 0x01, 0x80011130)
T6B60 000:695.249 - 0.242ms returns 0
T6B60 000:695.284 JLINK_CORESIGHT_ReadAPDPReg(AP reg 0x03)
T6B60 000:695.560   Value=0x2C020081
T6B60 000:695.590 - 0.306ms returns 0
T6B60 000:695.605 JLINK_CORESIGHT_WriteAPDPReg(AP reg 0x00, 0x80000002)
T6B60 000:695.838 - 0.233ms returns 0
T6B60 000:695.853 JLINK_CORESIGHT_WriteAPDPReg(AP reg 0x01, 0x80011140)
T6B60 000:696.160 - 0.306ms returns 0
T6B60 000:696.206 JLINK_CORESIGHT_ReadAPDPReg(AP reg 0x03)
T6B60 000:696.496   Value=0x00000000
T6B60 000:696.516 - 0.311ms returns 0
T6B60 000:696.531 JLINK_CORESIGHT_WriteAPDPReg(AP reg 0x00, 0x80000002)
T6B60 000:696.773 - 0.242ms returns 0
T6B60 000:696.790 JLINK_CORESIGHT_WriteAPDPReg(AP reg 0x01, 0x80011130)
T6B60 000:697.036 - 0.246ms returns 0
T6B60 000:697.053 JLINK_CORESIGHT_ReadAPDPReg(AP reg 0x03)
T6B60 000:697.354   Value=0x0003CE04
T6B60 000:697.377 - 0.324ms returns 0
T6B60 000:697.396 JLINK_CORESIGHT_WriteAPDPReg(AP reg 0x00, 0x80000002)
T6B60 000:697.662 - 0.265ms returns 0
T6B60 000:697.678 JLINK_CORESIGHT_WriteAPDPReg(AP reg 0x01, 0x80011140)
T6B60 000:697.917 - 0.239ms returns 0
T6B60 000:697.935 JLINK_CORESIGHT_ReadAPDPReg(AP reg 0x03)
T6B60 000:698.227   Value=0x00000002
T6B60 000:698.272 - 0.336ms returns 0
T6B60 000:698.286 JLINK_CORESIGHT_WriteAPDPReg(AP reg 0x00, 0x80000002)
T6B60 000:698.520 - 0.234ms returns 0
T6B60 000:698.541 JLINK_CORESIGHT_WriteAPDPReg(AP reg 0x01, 0x80011120)
T6B60 000:699.002 - 0.461ms returns 0
T6B60 000:699.022 JLINK_CORESIGHT_WriteAPDPReg(AP reg 0x03, 0x73010001)
T6B60 000:699.285 - 0.263ms returns 0
T6B60 000:699.303 JLINK_CORESIGHT_WriteAPDPReg(AP reg 0x00, 0x80000002)
T6B60 000:699.537 - 0.233ms returns 0
T6B60 000:699.554 JLINK_CORESIGHT_WriteAPDPReg(AP reg 0x01, 0x80011140)
T6B60 000:699.788 - 0.234ms returns 0
T6B60 000:699.805 JLINK_CORESIGHT_ReadAPDPReg(AP reg 0x03)
T6B60 000:700.100   Value=0x00000002
T6B60 000:700.144 - 0.338ms returns 0
T6B60 000:700.159 JLINK_CORESIGHT_WriteAPDPReg(AP reg 0x00, 0x80000002)
T6B60 000:700.396 - 0.237ms returns 0
T6B60 000:700.413 JLINK_CORESIGHT_WriteAPDPReg(AP reg 0x01, 0x80011120)
T6B60 000:700.647 - 0.233ms returns 0
T6B60 000:700.663 JLINK_CORESIGHT_WriteAPDPReg(AP reg 0x03, 0x0000038C)
T6B60 000:700.897 - 0.234ms returns 0
T6B60 000:701.455 JLINK_CORESIGHT_WriteAPDPReg(AP reg 0x00, 0x80000002)
T6B60 000:701.690 - 0.236ms returns 0
T6B60 000:701.705 JLINK_CORESIGHT_WriteAPDPReg(AP reg 0x01, 0x80011140)
T6B60 000:701.942 - 0.237ms returns 0
T6B60 000:701.957 JLINK_CORESIGHT_ReadAPDPReg(AP reg 0x03)
T6B60 000:702.225   Value=0x00000002
T6B60 000:702.245 - 0.288ms returns 0
T6B60 000:702.259 JLINK_CORESIGHT_ReadAPDPReg(AP reg 0x03)
T6B60 000:702.543   Value=0x00000002
T6B60 000:702.562 - 0.303ms returns 0
T6B60 000:702.614 JLINK_CORESIGHT_ReadAPDPReg(AP reg 0x03)
T6B60 000:702.896   Value=0x00000000
T6B60 000:702.961 - 0.347ms returns 0
T6B60 000:702.980 JLINK_CORESIGHT_WriteAPDPReg(AP reg 0x00, 0x80000002)
T6B60 000:703.218 - 0.238ms returns 0
T6B60 000:703.240 JLINK_CORESIGHT_WriteAPDPReg(AP reg 0x01, 0x80011130)
T6B60 000:703.537 - 0.297ms returns 0
T6B60 000:703.553 JLINK_CORESIGHT_ReadAPDPReg(AP reg 0x03)
T6B60 000:703.833   Value=0x73020081
T6B60 000:703.853 - 0.299ms returns 0
T6B60 000:703.866 JLINK_CORESIGHT_WriteAPDPReg(AP reg 0x00, 0x80000002)
T6B60 000:704.162 - 0.296ms returns 0
T6B60 000:704.177 JLINK_CORESIGHT_WriteAPDPReg(AP reg 0x01, 0x80011140)
T6B60 000:704.413 - 0.236ms returns 0
T6B60 000:704.428 JLINK_CORESIGHT_ReadAPDPReg(AP reg 0x03)
T6B60 000:704.727   Value=0x00000000
T6B60 000:704.745 - 0.317ms returns 0
T6B60 000:704.787 JLINK_CORESIGHT_WriteAPDPReg(AP reg 0x00, 0x80000002)
T6B60 000:705.021 - 0.234ms returns 0
T6B60 000:705.036 JLINK_CORESIGHT_WriteAPDPReg(AP reg 0x01, 0x80011130)
T6B60 000:705.272 - 0.236ms returns 0
T6B60 000:705.286 JLINK_CORESIGHT_ReadAPDPReg(AP reg 0x03)
T6B60 000:705.559   Value=0x00038902
T6B60 000:705.578 - 0.292ms returns 0
T6B60 000:705.593 JLINK_CORESIGHT_WriteAPDPReg(AP reg 0x00, 0x80000002)
T6B60 000:705.833 - 0.239ms returns 0
T6B60 000:705.848 JLINK_CORESIGHT_WriteAPDPReg(AP reg 0x01, 0x80011140)
T6B60 000:706.161 - 0.313ms returns 0
T6B60 000:706.177 JLINK_CORESIGHT_ReadAPDPReg(AP reg 0x03)
T6B60 000:706.475   Value=0x00000002
T6B60 000:706.495 - 0.318ms returns 0
T6B60 000:706.525 JLINK_CORESIGHT_WriteAPDPReg(AP reg 0x00, 0x80000002)
T6B60 000:706.762 - 0.237ms returns 0
T6B60 000:706.777 JLINK_CORESIGHT_WriteAPDPReg(AP reg 0x01, 0x80011120)
T6B60 000:707.013 - 0.235ms returns 0
T6B60 000:707.028 JLINK_CORESIGHT_WriteAPDPReg(AP reg 0x03, 0x75010001)
T6B60 000:707.268 - 0.239ms returns 0
T6B60 000:707.283 JLINK_CORESIGHT_WriteAPDPReg(AP reg 0x00, 0x80000002)
T6B60 000:707.529 - 0.246ms returns 0
T6B60 000:707.545 JLINK_CORESIGHT_WriteAPDPReg(AP reg 0x01, 0x80011140)
T6B60 000:707.787 - 0.242ms returns 0
T6B60 000:707.802 JLINK_CORESIGHT_ReadAPDPReg(AP reg 0x03)
T6B60 000:708.103   Value=0x00000002
T6B60 000:708.129 - 0.326ms returns 0
T6B60 000:708.143 JLINK_CORESIGHT_WriteAPDPReg(AP reg 0x00, 0x80000002)
T6B60 000:708.464 - 0.320ms returns 0
T6B60 000:708.482 JLINK_CORESIGHT_WriteAPDPReg(AP reg 0x01, 0x80011120)
T6B60 000:708.766 - 0.284ms returns 0
T6B60 000:708.782 JLINK_CORESIGHT_WriteAPDPReg(AP reg 0x03, 0x0000038A)
T6B60 000:709.022 - 0.240ms returns 0
T6B60 000:709.036 JLINK_CORESIGHT_WriteAPDPReg(AP reg 0x00, 0x80000002)
T6B60 000:709.271 - 0.235ms returns 0
T6B60 000:709.286 JLINK_CORESIGHT_WriteAPDPReg(AP reg 0x01, 0x80011140)
T6B60 000:709.514 - 0.227ms returns 0
T6B60 000:709.529 JLINK_CORESIGHT_ReadAPDPReg(AP reg 0x03)
T6B60 000:709.832   Value=0x00000002
T6B60 000:709.875 - 0.346ms returns 0
T6B60 000:709.888 JLINK_CORESIGHT_ReadAPDPReg(AP reg 0x03)
T6B60 000:710.185   Value=0x00000002
T6B60 000:710.205 - 0.316ms returns 0
T6B60 000:710.238 JLINK_CORESIGHT_ReadAPDPReg(AP reg 0x03)
T6B60 000:710.521   Value=0x00000002
T6B60 000:710.541 - 0.303ms returns 0
T6B60 000:710.554 JLINK_CORESIGHT_ReadAPDPReg(AP reg 0x03)
T6B60 000:710.806   Value=0x00000002
T6B60 000:710.826 - 0.271ms returns 0
T6B60 000:710.839 JLINK_CORESIGHT_ReadAPDPReg(AP reg 0x03)
T6B60 000:711.101   Value=0x00000000
T6B60 000:711.120 - 0.280ms returns 0
T6B60 000:711.133 JLINK_CORESIGHT_WriteAPDPReg(AP reg 0x00, 0x80000002)
T6B60 000:711.365 - 0.231ms returns 0
T6B60 000:711.379 JLINK_CORESIGHT_WriteAPDPReg(AP reg 0x01, 0x80011130)
T6B60 000:711.651 - 0.272ms returns 0
T6B60 000:711.666 JLINK_CORESIGHT_ReadAPDPReg(AP reg 0x03)
T6B60 000:711.954   Value=0x75020081
T6B60 000:711.974 - 0.307ms returns 0
T6B60 000:711.987 JLINK_CORESIGHT_WriteAPDPReg(AP reg 0x00, 0x80000002)
T6B60 000:712.227 - 0.240ms returns 0
T6B60 000:712.242 JLINK_CORESIGHT_WriteAPDPReg(AP reg 0x01, 0x80011140)
T6B60 000:712.477 - 0.235ms returns 0
T6B60 000:712.520 JLINK_CORESIGHT_ReadAPDPReg(AP reg 0x03)
T6B60 000:712.829   Value=0x00000000
T6B60 000:712.865 - 0.345ms returns 0
T6B60 000:712.878 JLINK_CORESIGHT_WriteAPDPReg(AP reg 0x00, 0x80000002)
T6B60 000:713.115 - 0.237ms returns 0
T6B60 000:713.131 JLINK_CORESIGHT_WriteAPDPReg(AP reg 0x01, 0x80011130)
T6B60 000:713.357 - 0.226ms returns 0
T6B60 000:713.373 JLINK_CORESIGHT_ReadAPDPReg(AP reg 0x03)
T6B60 000:713.646   Value=0x00038702
T6B60 000:713.665 - 0.292ms returns 0
T6B60 000:713.683 JLINK_CORESIGHT_WriteAPDPReg(AP reg 0x00, 0x80000002)
T6B60 000:713.916 - 0.233ms returns 0
T6B60 000:713.931 JLINK_CORESIGHT_WriteAPDPReg(AP reg 0x01, 0x80011140)
T6B60 000:714.163 - 0.232ms returns 0
T6B60 000:714.178 JLINK_CORESIGHT_ReadAPDPReg(AP reg 0x03)
T6B60 000:714.476   Value=0x00000002
T6B60 000:714.498 - 0.319ms returns 0
T6B60 000:714.511 JLINK_CORESIGHT_WriteAPDPReg(AP reg 0x00, 0x80000002)
T6B60 000:714.771 - 0.259ms returns 0
T6B60 000:714.786 JLINK_CORESIGHT_WriteAPDPReg(AP reg 0x01, 0x80011120)
T6B60 000:715.021 - 0.235ms returns 0
T6B60 000:715.037 JLINK_CORESIGHT_WriteAPDPReg(AP reg 0x03, 0x4E0B0001)
T6B60 000:715.272 - 0.234ms returns 0
T6B60 000:715.289 JLINK_CORESIGHT_WriteAPDPReg(AP reg 0x00, 0x80000002)
T6B60 000:715.521 - 0.232ms returns 0
T6B60 000:715.536 JLINK_CORESIGHT_WriteAPDPReg(AP reg 0x01, 0x80011140)
T6B60 000:715.770 - 0.233ms returns 0
T6B60 000:715.785 JLINK_CORESIGHT_ReadAPDPReg(AP reg 0x03)
T6B60 000:716.065   Value=0x00000002
T6B60 000:716.086 - 0.301ms returns 0
T6B60 000:716.101 JLINK_CORESIGHT_WriteAPDPReg(AP reg 0x00, 0x80000002)
T6B60 000:716.350 - 0.249ms returns 0
T6B60 000:716.365 JLINK_CORESIGHT_WriteAPDPReg(AP reg 0x01, 0x80011120)
T6B60 000:716.644 - 0.279ms returns 0
T6B60 000:716.659 JLINK_CORESIGHT_WriteAPDPReg(AP reg 0x03, 0xE0000000)
T6B60 000:716.913 - 0.254ms returns 0
T6B60 000:716.929 JLINK_CORESIGHT_WriteAPDPReg(AP reg 0x00, 0x80000002)
T6B60 000:717.307 - 0.377ms returns 0
T6B60 000:717.322 JLINK_CORESIGHT_WriteAPDPReg(AP reg 0x01, 0x80011140)
T6B60 000:717.543 - 0.221ms returns 0
T6B60 000:717.558 JLINK_CORESIGHT_ReadAPDPReg(AP reg 0x03)
T6B60 000:717.832   Value=0x00000002
T6B60 000:717.851 - 0.293ms returns 0
T6B60 000:717.864 JLINK_CORESIGHT_WriteAPDPReg(AP reg 0x00, 0x80000002)
T6B60 000:718.161 - 0.297ms returns 0
T6B60 000:718.177 JLINK_CORESIGHT_WriteAPDPReg(AP reg 0x01, 0x80011120)
T6B60 000:718.432 - 0.255ms returns 0
T6B60 000:718.448 JLINK_CORESIGHT_WriteAPDPReg(AP reg 0x03, 0x00000000)
T6B60 000:718.682 - 0.233ms returns 0
T6B60 000:718.698 JLINK_CORESIGHT_WriteAPDPReg(AP reg 0x00, 0x80000002)
T6B60 000:718.964 - 0.266ms returns 0
T6B60 000:719.132 JLINK_CORESIGHT_WriteAPDPReg(AP reg 0x01, 0x80011140)
T6B60 000:719.424 - 0.292ms returns 0
T6B60 000:719.461 JLINK_CORESIGHT_ReadAPDPReg(AP reg 0x03)
T6B60 000:719.747   Value=0x00000002
T6B60 000:719.777 - 0.316ms returns 0
T6B60 000:719.793 JLINK_CORESIGHT_WriteAPDPReg(AP reg 0x00, 0x80000002)
T6B60 000:720.015 - 0.222ms returns 0
T6B60 000:720.031 JLINK_CORESIGHT_WriteAPDPReg(AP reg 0x01, 0x80011120)
T6B60 000:720.273 - 0.242ms returns 0
T6B60 000:720.289 JLINK_CORESIGHT_WriteAPDPReg(AP reg 0x03, 0x03C70000)
T6B60 000:720.527 - 0.238ms returns 0
T6B60 000:720.544 JLINK_CORESIGHT_WriteAPDPReg(AP reg 0x00, 0x80000002)
T6B60 000:720.764 - 0.220ms returns 0
T6B60 000:720.781 JLINK_CORESIGHT_WriteAPDPReg(AP reg 0x01, 0x80011140)
T6B60 000:721.023 - 0.242ms returns 0
T6B60 000:721.040 JLINK_CORESIGHT_ReadAPDPReg(AP reg 0x03)
T6B60 000:721.299   Value=0x00000002
T6B60 000:721.322 - 0.282ms returns 0
T6B60 000:721.337 JLINK_CORESIGHT_ReadAPDPReg(AP reg 0x03)
T6B60 000:721.739   Value=0x00000002
T6B60 000:721.761 - 0.424ms returns 0
T6B60 000:721.776 JLINK_CORESIGHT_ReadAPDPReg(AP reg 0x03)
T6B60 000:722.067   Value=0x00000002
T6B60 000:722.089 - 0.312ms returns 0
T6B60 000:722.131 JLINK_CORESIGHT_ReadAPDPReg(AP reg 0x03)
T6B60 000:722.419   Value=0x00000002
T6B60 000:722.442 - 0.311ms returns 0
T6B60 000:722.457 JLINK_CORESIGHT_ReadAPDPReg(AP reg 0x03)
T6B60 000:722.880   Value=0x00000002
T6B60 000:722.905 - 0.447ms returns 0
T6B60 000:722.921 JLINK_CORESIGHT_ReadAPDPReg(AP reg 0x03)
T6B60 000:723.366   Value=0x00000002
T6B60 000:723.389 - 0.468ms returns 0
T6B60 000:723.406 JLINK_CORESIGHT_ReadAPDPReg(AP reg 0x03)
T6B60 000:723.693   Value=0x00000002
T6B60 000:723.717 - 0.311ms returns 0
T6B60 000:723.734 JLINK_CORESIGHT_ReadAPDPReg(AP reg 0x03)
T6B60 000:724.023   Value=0x00000002
T6B60 000:724.047 - 0.313ms returns 0
T6B60 000:724.064 JLINK_CORESIGHT_ReadAPDPReg(AP reg 0x03)
T6B60 000:724.353   Value=0x00000002
T6B60 000:724.377 - 0.313ms returns 0
T6B60 000:724.394 JLINK_CORESIGHT_ReadAPDPReg(AP reg 0x03)
T6B60 000:724.777   Value=0x00000002
T6B60 000:724.861 - 0.466ms returns 0
T6B60 000:724.900 JLINK_CORESIGHT_ReadAPDPReg(AP reg 0x03)
T6B60 000:725.205   Value=0x00000002
T6B60 000:725.245 - 0.344ms returns 0
T6B60 000:725.264 JLINK_CORESIGHT_ReadAPDPReg(AP reg 0x03)
T6B60 000:725.668   Value=0x00000002
T6B60 000:725.700 - 0.436ms returns 0
T6B60 000:725.730 JLINK_CORESIGHT_ReadAPDPReg(AP reg 0x03)
T6B60 000:726.159   Value=0x00000002
T6B60 000:726.235 - 0.505ms returns 0
T6B60 000:726.256 JLINK_CORESIGHT_ReadAPDPReg(AP reg 0x03)
T6B60 000:726.568   Value=0x00000002
T6B60 000:726.594 - 0.338ms returns 0
T6B60 000:726.612 JLINK_CORESIGHT_ReadAPDPReg(AP reg 0x03)
T6B60 000:726.958   Value=0x00000002
T6B60 000:726.997 - 0.384ms returns 0
T6B60 000:727.021 JLINK_CORESIGHT_ReadAPDPReg(AP reg 0x03)
T6B60 000:727.456   Value=0x00000002
T6B60 000:727.483 - 0.461ms returns 0
T6B60 000:727.503 JLINK_CORESIGHT_ReadAPDPReg(AP reg 0x03)
T6B60 000:727.909   Value=0x00000002
T6B60 000:727.947 - 0.444ms returns 0
T6B60 000:727.968 JLINK_CORESIGHT_ReadAPDPReg(AP reg 0x03)
T6B60 000:728.266   Value=0x00000002
T6B60 000:728.291 - 0.322ms returns 0
T6B60 000:728.310 JLINK_CORESIGHT_ReadAPDPReg(AP reg 0x03)
T6B60 000:728.687   Value=0x00000002
T6B60 000:728.711 - 0.400ms returns 0
T6B60 000:728.730 JLINK_CORESIGHT_ReadAPDPReg(AP reg 0x03)
T6B60 000:729.023   Value=0x00000002
T6B60 000:729.078 - 0.347ms returns 0
T6B60 000:729.100 JLINK_CORESIGHT_ReadAPDPReg(AP reg 0x03)
T6B60 000:729.395   Value=0x00000002
T6B60 000:729.428 - 0.328ms returns 0
T6B60 000:729.449 JLINK_CORESIGHT_ReadAPDPReg(AP reg 0x03)
T6B60 000:729.736   Value=0x00000002
T6B60 000:729.760 - 0.310ms returns 0
T6B60 000:729.779 JLINK_CORESIGHT_ReadAPDPReg(AP reg 0x03)
T6B60 000:730.069   Value=0x00000002
T6B60 000:730.095 - 0.315ms returns 0
T6B60 000:730.116 JLINK_CORESIGHT_ReadAPDPReg(AP reg 0x03)
T6B60 000:730.413   Value=0x00000002
T6B60 000:730.439 - 0.323ms returns 0
T6B60 000:730.460 JLINK_CORESIGHT_ReadAPDPReg(AP reg 0x03)
T6B60 000:730.840   Value=0x00000002
T6B60 000:730.865 - 0.405ms returns 0
T6B60 000:730.886 JLINK_CORESIGHT_ReadAPDPReg(AP reg 0x03)
T6B60 000:731.176   Value=0x00000002
T6B60 000:731.202 - 0.316ms returns 0
T6B60 000:731.221 JLINK_CORESIGHT_ReadAPDPReg(AP reg 0x03)
T6B60 000:731.526   Value=0x00000002
T6B60 000:731.556 - 0.334ms returns 0
T6B60 000:731.577 JLINK_CORESIGHT_ReadAPDPReg(AP reg 0x03)
T6B60 000:731.869   Value=0x00000002
T6B60 000:731.895 - 0.318ms returns 0
T6B60 000:731.916 JLINK_CORESIGHT_ReadAPDPReg(AP reg 0x03)
T6B60 000:732.185   Value=0x00000002
T6B60 000:732.211 - 0.294ms returns 0
T6B60 000:732.231 JLINK_CORESIGHT_ReadAPDPReg(AP reg 0x03)
T6B60 000:732.525   Value=0x00000002
T6B60 000:732.551 - 0.320ms returns 0
T6B60 000:732.572 JLINK_CORESIGHT_ReadAPDPReg(AP reg 0x03)
T6B60 000:732.870   Value=0x00000000
T6B60 000:732.896 - 0.324ms returns 0
T6B60 000:732.918 JLINK_CORESIGHT_WriteAPDPReg(AP reg 0x00, 0x80000002)
T6B60 000:733.142 - 0.224ms returns 0
T6B60 000:733.165 JLINK_CORESIGHT_WriteAPDPReg(AP reg 0x01, 0x80011130)
T6B60 000:733.393 - 0.228ms returns 0
T6B60 000:733.416 JLINK_CORESIGHT_ReadAPDPReg(AP reg 0x03)
T6B60 000:733.685   Value=0x4E0A0081
T6B60 000:733.712 - 0.295ms returns 0
T6B60 000:733.733 JLINK_CORESIGHT_WriteAPDPReg(AP reg 0x00, 0x80000002)
T6B60 000:734.016 - 0.283ms returns 0
T6B60 000:734.047 JLINK_CORESIGHT_WriteAPDPReg(AP reg 0x01, 0x80011140)
T6B60 000:734.298 - 0.250ms returns 0
T6B60 000:734.321 JLINK_CORESIGHT_ReadAPDPReg(AP reg 0x03)
T6B60 000:734.699   Value=0x00000000
T6B60 000:734.869 - 0.544ms returns 0
T6B60 000:734.973 JLINK_CORESIGHT_WriteAPDPReg(AP reg 0x00, 0x80000002)
T6B60 000:735.254 - 0.281ms returns 0
T6B60 000:735.286 JLINK_CORESIGHT_WriteAPDPReg(AP reg 0x01, 0x80011130)
T6B60 000:735.525 - 0.239ms returns 0
T6B60 000:735.549 JLINK_CORESIGHT_ReadAPDPReg(AP reg 0x03)
T6B60 000:735.839   Value=0xFFFFFF00
T6B60 000:735.871 - 0.322ms returns 0
T6B60 000:735.894 JLINK_CORESIGHT_WriteAPDPReg(AP reg 0x00, 0x80000002)
T6B60 000:736.152 - 0.257ms returns 0
T6B60 000:736.176 JLINK_CORESIGHT_WriteAPDPReg(AP reg 0x01, 0x80011140)
T6B60 000:736.437 - 0.261ms returns 0
T6B60 000:736.461 JLINK_CORESIGHT_ReadAPDPReg(AP reg 0x03)
T6B60 000:736.867   Value=0x00000000
T6B60 000:736.900 - 0.438ms returns 0
T6B60 000:736.922 JLINK_CORESIGHT_WriteAPDPReg(AP reg 0x00, 0x80000002)
T6B60 000:737.172 - 0.250ms returns 0
T6B60 000:737.197 JLINK_CORESIGHT_WriteAPDPReg(AP reg 0x01, 0x80011130)
T6B60 000:737.438 - 0.241ms returns 0
T6B60 000:737.463 JLINK_CORESIGHT_ReadAPDPReg(AP reg 0x03)
T6B60 000:737.821   Value=0xFFFFFFFF
T6B60 000:737.855 - 0.392ms returns 0
T6B60 000:737.878 JLINK_CORESIGHT_WriteAPDPReg(AP reg 0x00, 0x80000002)
T6B60 000:738.133 - 0.254ms returns 0
T6B60 000:738.157 JLINK_CORESIGHT_WriteAPDPReg(AP reg 0x01, 0x80011140)
T6B60 000:738.393 - 0.235ms returns 0
T6B60 000:738.417 JLINK_CORESIGHT_ReadAPDPReg(AP reg 0x03)
T6B60 000:738.734   Value=0x00000000
T6B60 000:738.788 - 0.371ms returns 0
T6B60 000:738.811 JLINK_CORESIGHT_WriteAPDPReg(AP reg 0x00, 0x80000002)
T6B60 000:739.063 - 0.251ms returns 0
T6B60 000:739.087 JLINK_CORESIGHT_WriteAPDPReg(AP reg 0x01, 0x80011130)
T6B60 000:739.347 - 0.260ms returns 0
T6B60 000:739.373 JLINK_CORESIGHT_ReadAPDPReg(AP reg 0x03)
T6B60 000:739.664   Value=0x0003B0FF
T6B60 000:739.708 - 0.335ms returns 0
T6B60 000:740.443 JLINK_CORESIGHT_WriteAPDPReg(AP reg 0x00, 0x80000002)
T6B60 000:740.697 - 0.253ms returns 0
T6B60 000:740.738 JLINK_CORESIGHT_WriteAPDPReg(AP reg 0x01, 0x80011140)
T6B60 000:741.001 - 0.262ms returns 0
T6B60 000:741.024 JLINK_CORESIGHT_ReadAPDPReg(AP reg 0x03)
T6B60 000:741.318   Value=0x00000002
T6B60 000:741.348 - 0.324ms returns 0
T6B60 000:741.369 JLINK_CORESIGHT_WriteAPDPReg(AP reg 0x00, 0x80000002)
T6B60 000:741.735 - 0.365ms returns 0
T6B60 000:741.855 JLINK_CORESIGHT_WriteAPDPReg(AP reg 0x01, 0x80011120)
T6B60 000:742.169 - 0.315ms returns 0
T6B60 000:742.204 JLINK_CORESIGHT_WriteAPDPReg(AP reg 0x03, 0x4F010001)
T6B60 000:742.433 - 0.228ms returns 0
T6B60 000:742.456 JLINK_CORESIGHT_WriteAPDPReg(AP reg 0x00, 0x80000002)
T6B60 000:742.778 - 0.321ms returns 0
T6B60 000:742.895 JLINK_CORESIGHT_WriteAPDPReg(AP reg 0x01, 0x80011140)
T6B60 000:743.155 - 0.260ms returns 0
T6B60 000:743.177 JLINK_CORESIGHT_ReadAPDPReg(AP reg 0x03)
T6B60 000:743.483   Value=0x00000002
T6B60 000:743.512 - 0.334ms returns 0
T6B60 000:743.533 JLINK_CORESIGHT_WriteAPDPReg(AP reg 0x00, 0x80000002)
T6B60 000:743.795 - 0.262ms returns 0
T6B60 000:743.817 JLINK_CORESIGHT_WriteAPDPReg(AP reg 0x01, 0x80011120)
T6B60 000:744.062 - 0.245ms returns 0
T6B60 000:744.085 JLINK_CORESIGHT_WriteAPDPReg(AP reg 0x03, 0x000003B0)
T6B60 000:744.312 - 0.227ms returns 0
T6B60 000:744.337 JLINK_CORESIGHT_WriteAPDPReg(AP reg 0x00, 0x80000002)
T6B60 000:744.651 - 0.314ms returns 0
T6B60 000:744.709 JLINK_CORESIGHT_WriteAPDPReg(AP reg 0x01, 0x80011140)
T6B60 000:744.962 - 0.253ms returns 0
T6B60 000:744.984 JLINK_CORESIGHT_ReadAPDPReg(AP reg 0x03)
T6B60 000:745.373   Value=0x00000002
T6B60 000:745.406 - 0.422ms returns 0
T6B60 000:745.427 JLINK_CORESIGHT_ReadAPDPReg(AP reg 0x03)
T6B60 000:745.731   Value=0x00000000
T6B60 000:745.761 - 0.334ms returns 0
T6B60 000:745.783 JLINK_CORESIGHT_WriteAPDPReg(AP reg 0x00, 0x80000002)
T6B60 000:746.041 - 0.258ms returns 0
T6B60 000:746.069 JLINK_CORESIGHT_WriteAPDPReg(AP reg 0x01, 0x80011130)
T6B60 000:746.313 - 0.244ms returns 0
T6B60 000:746.336 JLINK_CORESIGHT_ReadAPDPReg(AP reg 0x03)
T6B60 000:746.651   Value=0x4F0B0081
T6B60 000:746.714 - 0.378ms returns 0
T6B60 000:746.736 JLINK_CORESIGHT_WriteAPDPReg(AP reg 0x00, 0x80000002)
T6B60 000:746.998 - 0.262ms returns 0
T6B60 000:747.021 JLINK_CORESIGHT_WriteAPDPReg(AP reg 0x01, 0x80011140)
T6B60 000:747.278 - 0.256ms returns 0
T6B60 000:747.302 JLINK_CORESIGHT_ReadAPDPReg(AP reg 0x03)
T6B60 000:747.655   Value=0x00000000
T6B60 000:747.696 - 0.394ms returns 0
T6B60 000:747.720 JLINK_CORESIGHT_WriteAPDPReg(AP reg 0x00, 0x80000002)
T6B60 000:747.993 - 0.272ms returns 0
T6B60 000:748.017 JLINK_CORESIGHT_WriteAPDPReg(AP reg 0x01, 0x80011130)
T6B60 000:748.279 - 0.262ms returns 0
T6B60 000:748.305 JLINK_CORESIGHT_ReadAPDPReg(AP reg 0x03)
T6B60 000:748.651   Value=0xE0000000
T6B60 000:748.685 - 0.380ms returns 0
T6B60 000:748.708 JLINK_CORESIGHT_WriteAPDPReg(AP reg 0x00, 0x80000002)
T6B60 000:748.963 - 0.255ms returns 0
T6B60 000:748.989 JLINK_CORESIGHT_WriteAPDPReg(AP reg 0x01, 0x80011140)
T6B60 000:749.294 - 0.304ms returns 0
T6B60 000:749.319 JLINK_CORESIGHT_ReadAPDPReg(AP reg 0x03)
T6B60 000:749.683   Value=0x00000000
T6B60 000:749.731 - 0.412ms returns 0
T6B60 000:749.754 JLINK_CORESIGHT_WriteAPDPReg(AP reg 0x00, 0x80000002)
T6B60 000:750.021 - 0.267ms returns 0
T6B60 000:750.047 JLINK_CORESIGHT_WriteAPDPReg(AP reg 0x01, 0x80011130)
T6B60 000:750.314 - 0.267ms returns 0
T6B60 000:750.340 JLINK_CORESIGHT_ReadAPDPReg(AP reg 0x03)
T6B60 000:750.654   Value=0x00000000
T6B60 000:750.691 - 0.351ms returns 0
T6B60 000:750.714 JLINK_CORESIGHT_WriteAPDPReg(AP reg 0x00, 0x80000002)
T6B60 000:750.976 - 0.261ms returns 0
T6B60 000:751.024 JLINK_CORESIGHT_WriteAPDPReg(AP reg 0x01, 0x80011140)
T6B60 000:751.418 - 0.394ms returns 0
T6B60 000:751.450 JLINK_CORESIGHT_ReadAPDPReg(AP reg 0x03)
T6B60 000:751.825   Value=0x00000000
T6B60 000:751.857 - 0.407ms returns 0
T6B60 000:751.881 JLINK_CORESIGHT_WriteAPDPReg(AP reg 0x00, 0x80000002)
T6B60 000:752.146 - 0.265ms returns 0
T6B60 000:752.171 JLINK_CORESIGHT_WriteAPDPReg(AP reg 0x01, 0x80011130)
T6B60 000:752.439 - 0.268ms returns 0
T6B60 000:752.464 JLINK_CORESIGHT_ReadAPDPReg(AP reg 0x03)
T6B60 000:752.857   Value=0x03C60000
T6B60 000:752.893 - 0.429ms returns 0
T6B60 000:753.098 JLINK_CORESIGHT_WriteAPDPReg(AP reg 0x00, 0x80000002)
T6B60 000:753.465 - 0.367ms returns 0
T6B60 000:753.510 JLINK_CORESIGHT_WriteAPDPReg(AP reg 0x01, 0x80011140)
T6B60 000:753.929 - 0.418ms returns 0
T6B60 000:753.987 JLINK_CORESIGHT_ReadAPDPReg(AP reg 0x03)
T6B60 000:754.306   Value=0x00000002
T6B60 000:754.341 - 0.353ms returns 0
T6B60 000:754.367 JLINK_CORESIGHT_WriteAPDPReg(AP reg 0x00, 0x80000002)
T6B60 000:754.654 - 0.288ms returns 0
T6B60 000:754.682 JLINK_CORESIGHT_WriteAPDPReg(AP reg 0x01, 0x80011120)
T6B60 000:754.942 - 0.260ms returns 0
T6B60 000:754.970 JLINK_CORESIGHT_WriteAPDPReg(AP reg 0x03, 0x4F010001)
T6B60 000:755.234 - 0.264ms returns 0
T6B60 000:755.259 JLINK_CORESIGHT_WriteAPDPReg(AP reg 0x00, 0x80000002)
T6B60 000:755.509 - 0.249ms returns 0
T6B60 000:755.534 JLINK_CORESIGHT_WriteAPDPReg(AP reg 0x01, 0x80011140)
T6B60 000:755.795 - 0.262ms returns 0
T6B60 000:755.820 JLINK_CORESIGHT_ReadAPDPReg(AP reg 0x03)
T6B60 000:756.107   Value=0x00000002
T6B60 000:756.139 - 0.319ms returns 0
T6B60 000:756.162 JLINK_CORESIGHT_WriteAPDPReg(AP reg 0x00, 0x80000002)
T6B60 000:756.419 - 0.257ms returns 0
T6B60 000:756.444 JLINK_CORESIGHT_WriteAPDPReg(AP reg 0x01, 0x80011120)
T6B60 000:756.688 - 0.244ms returns 0
T6B60 000:756.713 JLINK_CORESIGHT_WriteAPDPReg(AP reg 0x03, 0x000003B0)
T6B60 000:757.021 - 0.307ms returns 0
T6B60 000:757.047 JLINK_CORESIGHT_WriteAPDPReg(AP reg 0x00, 0x80000002)
T6B60 000:757.311 - 0.263ms returns 0
T6B60 000:757.351 JLINK_CORESIGHT_WriteAPDPReg(AP reg 0x01, 0x80011140)
T6B60 000:757.799 - 0.449ms returns 0
T6B60 000:757.832 JLINK_CORESIGHT_ReadAPDPReg(AP reg 0x03)
T6B60 000:758.189   Value=0x00000002
T6B60 000:758.306 - 0.473ms returns 0
T6B60 000:758.360 JLINK_CORESIGHT_ReadAPDPReg(AP reg 0x03)
T6B60 000:758.734   Value=0x00000002
T6B60 000:758.776 - 0.415ms returns 0
T6B60 000:758.801 JLINK_CORESIGHT_ReadAPDPReg(AP reg 0x03)
T6B60 000:759.085   Value=0x00000002
T6B60 000:759.131 - 0.330ms returns 0
T6B60 000:759.158 JLINK_CORESIGHT_ReadAPDPReg(AP reg 0x03)
T6B60 000:759.718   Value=0x00000002
T6B60 000:759.753 - 0.595ms returns 0
T6B60 000:759.777 JLINK_CORESIGHT_ReadAPDPReg(AP reg 0x03)
T6B60 000:760.089   Value=0x00000002
T6B60 000:760.125 - 0.348ms returns 0
T6B60 000:760.150 JLINK_CORESIGHT_ReadAPDPReg(AP reg 0x03)
T6B60 000:760.654   Value=0x00000002
T6B60 000:760.688 - 0.538ms returns 0
T6B60 000:760.713 JLINK_CORESIGHT_ReadAPDPReg(AP reg 0x03)
T6B60 000:761.207   Value=0x00000000
T6B60 000:761.244 - 0.531ms returns 0
T6B60 000:761.269 JLINK_CORESIGHT_WriteAPDPReg(AP reg 0x00, 0x80000002)
T6B60 000:761.706 - 0.437ms returns 0
T6B60 000:761.736 JLINK_CORESIGHT_WriteAPDPReg(AP reg 0x01, 0x80011130)
T6B60 000:762.160 - 0.423ms returns 0
T6B60 000:762.268 JLINK_CORESIGHT_ReadAPDPReg(AP reg 0x03)
T6B60 000:762.764   Value=0x4F0B0081
T6B60 000:762.889 - 0.620ms returns 0
T6B60 000:762.992 JLINK_CORESIGHT_WriteAPDPReg(AP reg 0x00, 0x80000002)
T6B60 000:763.316 - 0.324ms returns 0
T6B60 000:763.355 JLINK_CORESIGHT_WriteAPDPReg(AP reg 0x01, 0x80011140)
T6B60 000:763.794 - 0.439ms returns 0
T6B60 000:763.850 JLINK_CORESIGHT_ReadAPDPReg(AP reg 0x03)
T6B60 000:764.170   Value=0x00000000
T6B60 000:764.206 - 0.356ms returns 0
T6B60 000:764.230 JLINK_CORESIGHT_WriteAPDPReg(AP reg 0x00, 0x80000002)
T6B60 000:764.500 - 0.270ms returns 0
T6B60 000:764.526 JLINK_CORESIGHT_WriteAPDPReg(AP reg 0x01, 0x80011130)
T6B60 000:764.793 - 0.267ms returns 0
T6B60 000:764.818 JLINK_CORESIGHT_ReadAPDPReg(AP reg 0x03)
T6B60 000:765.108   Value=0xE0000000
T6B60 000:765.140 - 0.321ms returns 0
T6B60 000:765.164 JLINK_CORESIGHT_WriteAPDPReg(AP reg 0x00, 0x80000002)
T6B60 000:765.423 - 0.258ms returns 0
T6B60 000:765.448 JLINK_CORESIGHT_WriteAPDPReg(AP reg 0x01, 0x80011140)
T6B60 000:765.702 - 0.253ms returns 0
T6B60 000:765.732 JLINK_CORESIGHT_ReadAPDPReg(AP reg 0x03)
T6B60 000:766.042   Value=0x00000000
T6B60 000:766.073 - 0.341ms returns 0
T6B60 000:766.099 JLINK_CORESIGHT_WriteAPDPReg(AP reg 0x00, 0x80000002)
T6B60 000:766.359 - 0.260ms returns 0
T6B60 000:766.387 JLINK_CORESIGHT_WriteAPDPReg(AP reg 0x01, 0x80011130)
T6B60 000:766.655 - 0.268ms returns 0
T6B60 000:766.691 JLINK_CORESIGHT_ReadAPDPReg(AP reg 0x03)
T6B60 000:767.091   Value=0x00000000
T6B60 000:767.124 - 0.433ms returns 0
T6B60 000:767.154 JLINK_CORESIGHT_WriteAPDPReg(AP reg 0x00, 0x80000002)
T6B60 000:767.546 - 0.391ms returns 0
T6B60 000:767.580 JLINK_CORESIGHT_WriteAPDPReg(AP reg 0x01, 0x80011140)
T6B60 000:767.841 - 0.261ms returns 0
T6B60 000:767.871 JLINK_CORESIGHT_ReadAPDPReg(AP reg 0x03)
T6B60 000:768.194   Value=0x00000000
T6B60 000:768.227 - 0.356ms returns 0
T6B60 000:768.254 JLINK_CORESIGHT_WriteAPDPReg(AP reg 0x00, 0x80000002)
T6B60 000:768.521 - 0.267ms returns 0
T6B60 000:768.552 JLINK_CORESIGHT_WriteAPDPReg(AP reg 0x01, 0x80011130)
T6B60 000:768.823 - 0.271ms returns 0
T6B60 000:768.853 JLINK_CORESIGHT_ReadAPDPReg(AP reg 0x03)
T6B60 000:769.159   Value=0x03C60000
T6B60 000:769.193 - 0.339ms returns 0
T6B60 000:769.228 JLINK_CORESIGHT_ReadAPDPReg(DP reg 0x01)
T6B60 000:769.552   Value=0xF0000F40
T6B60 000:769.666 - 0.438ms returns 0
T6B60 000:769.731 JLINK_CORESIGHT_WriteAPDPReg(DP reg 0x01, 0xA0000F40)
T6B60 000:770.043 - 0.313ms returns 0
T6B60 000:770.103 JLINK_CORESIGHT_ReadAPDPReg(DP reg 0x01)
T6B60 000:770.457   Value=0x00000F40
T6B60 000:770.494 - 0.390ms returns 0
T6B60 000:770.521 JLINK_ClrRESET()
T6B60 000:770.862 - 0.340ms 
T6B60 000:876.241 JLINK_Close()
T6B60 000:887.121 - 10.879ms
T6B60 000:887.404   
T6B60 000:887.434   Closed
