T6858 000:001.200   SEGGER J-Link V8.58 Log File
T6858 000:001.378   DLL Compiled: Aug  6 2025 12:29:52
T6858 000:001.396   Logging started @ 2025-09-08 10:35
T6858 000:001.415   Process: C:\Users\a5138885\.eclipse\com.renesas.platform_1714031075\DebugComp\RA\e2-server-gdb.exe
T6858 000:001.434 - 1.430ms 
T6858 000:001.459 JLINK_GetDLLVersion()
T6858 000:001.474 - 0.015ms returns 85800
T6858 000:006.944 JLINK_OpenEx(...)
T6858 000:021.547   Firmware: J-Link OB-RA4M2 compiled Jul  8 2025 10:15:56
T6858 000:022.864   Firmware: J-Link OB-RA4M2 compiled Jul  8 2025 10:15:56
T6858 000:035.725   Hardware: V1.00
T6858 000:035.814   S/N: 1082469923
T6858 000:035.835   OEM: SEGGER
T6858 000:035.856   Feature(s): None
T6858 000:037.157   Bootloader: 2021 May 14
T6858 000:037.879   USB speed mode: Full speed (12 MBit/s)
T6858 000:038.711   TELNET listener socket opened on port 19021
T6858 000:039.180   WEBSRV WEBSRV_Init(): Starting webserver thread(s)
T6858 000:039.543   WEBSRV Webserver running on local port 19080
T6858 000:039.989   Looking for J-Link GUI Server exe at: C:\Users\a5138885\.eclipse\com.renesas.platform_1714031075\DebugComp\RA\ARM\Segger_v8.58.0\JLinkGUIServer.exe
T6858 000:040.328   Looking for J-Link GUI Server exe at: C:\Users\a5138885\SEGGER\JLink_V858\JLinkGUIServer.exe
T6858 000:040.472   Forking J-Link GUI Server: C:\Users\a5138885\SEGGER\JLink_V858\JLinkGUIServer.exe
T6858 000:099.654   J-Link GUI Server info: "J-Link GUI server V8.58 "
T6858 000:108.266 - 101.319ms returns "O.K."
T6858 000:108.723 JLINK_ExecCommand("ProjectFile=C:\Example_project\fpb_ra0l1\6_FSPv_6_1_0\_quickstart\quickstart_fpb_ra0l1_ep\e2studio/quickstart_fpb_ra0l1_ep Debug_Flat.jlink", ...). 
T6858 000:134.657 - 25.935ms returns 0x00
T6858 000:135.838 JLINK_ExecCommand("device=R7FA0L107", ...). 
T6858 000:136.813   Flash bank @ 0x00000000: SFL: Parsing sectorization info from ELF file
T6858 000:136.867     FlashDevice.SectorInfo[0]: .SectorSize = 0x00000800, .SectorStartAddr = 0x00000000
T6858 000:136.908   Flash bank @ 0x40100000: SFL: Parsing sectorization info from ELF file
T6858 000:136.930     FlashDevice.SectorInfo[0]: .SectorSize = 0x00000100, .SectorStartAddr = 0x00000000
T6858 000:136.951   FlashBank @0x40100000: Sectorization info from SFL ELF file ignored because sectorization override from DLL / XML file is active.
T6858 000:136.980   Device "R7FA0L107" selected.
T6858 000:138.576 - 2.676ms returns 0x00
T6858 000:138.638 JLINK_ExecCommand("SetCPUConnectIDCODE = FFFFFFFFFFFFFFFFFFFFFFFFFFFFFFFF", ...). 
T6858 000:138.659 - 0.003ms returns 0x00
T6858 000:138.691 JLINK_TIF_GetAvailable(...)
T6858 000:139.080 - 0.387ms 
T6858 000:139.120 JLINK_TIF_Select(JLINKARM_TIF_SWD)
T6858 000:140.032 - 0.914ms returns 0x00
T6858 000:140.076 JLINK_SetSpeed(4000)
T6858 000:140.364 - 0.290ms 
T6858 000:140.399 JLINK_SetEndian(ARM_ENDIAN_LITTLE)
T6858 000:140.414 - 0.014ms returns 0
T6858 000:140.431 JLINK_SetInitRegsOnReset(OFF)
T6858 000:140.446 - 0.017ms returns 1
T6858 000:140.462 JLINK_SetResetType(JLINKARM_RESET_TYPE_NORMAL)
T6858 000:140.476 - 0.015ms returns JLINKARM_RESET_TYPE_NORMAL
T6858 000:140.492 JLINK_ExecCommand("EnableFlashBPs", ...). 
T6858 000:140.508 - 0.000ms returns 0x00
T6858 000:140.524 JLINK_ExecCommand("SetAllowFlashCache = 1", ...). 
T6858 000:140.540 - 0.001ms returns 0x01
T6858 000:140.555 JLINK_ExecCommand("SetRestartOnClose = 0", ...). 
T6858 000:140.571 - 0.001ms returns 0x01
T6858 000:140.587 JLINK_ExecCommand("SetAllowSimulation = 0", ...). 
T6858 000:140.604 - 0.001ms returns 0x01
T6858 000:140.619 JLINK_EnableSoftBPs(ON)
T6858 000:140.633 - 0.014ms 
T6858 000:140.650 JLINK_Connect()
T6858 000:141.604   InitTarget() start
T6858 000:141.646    J-Link Script File: Executing InitTarget()
T6858 000:141.667   Identifying target device...
T6858 000:141.691   SWD selected. Executing JTAG -> SWD switching sequence...
T6858 000:142.645   Initializing DAP...
T6858 000:146.588   DAP initialized successfully.
T6858 000:148.862   Low power mode detected. Waking device from low power mode.
T6858 000:152.080   InitTarget() end - Took 10.4ms
T6858 000:152.820   Found SW-DP with ID 0x5BA02477
T6858 000:155.116   DPIDR: 0x5BA02477
T6858 000:155.182   CoreSight SoC-400 or earlier
T6858 000:155.206   Scanning AP map to find all available APs
T6858 000:156.180   AP[2]: Stopped AP scan as end of AP map has been reached
T6858 000:156.236   AP[0]: AHB-AP (IDR: 0x74770001, ADDR: 0x00000000)
T6858 000:156.260   AP[1]: APB-AP (IDR: 0x44770002, ADDR: 0x01000000)
T6858 000:156.283   Iterating through AP map to find AHB-AP to use
T6858 000:157.172   AP[0]: Core found
T6858 000:157.203   AP[0]: AHB-AP ROM base: 0x4001A000
T6858 000:157.711   CPUID register: 0x411CD200. Implementer code: 0x41 (ARM)
T6858 000:157.740   Feature set: Baseline
T6858 000:158.355   Cache: No cache
T6858 000:158.385   Found Cortex-M23 r1p0, Little endian.
T6858 000:158.896   -- Max. mem block: 0x0001D930
T6858 000:159.580   CPU_ReadMem(4 bytes @ 0xE000EDF0)
T6858 000:160.118   CPU_WriteMem(4 bytes @ 0xE000EDF0)
T6858 000:160.616   CPU_ReadMem(4 bytes @ 0xE0002000)
T6858 000:160.940   FPUnit: 4 code (BP) slots and 0 literal slots
T6858 000:160.966   CPU_ReadMem(4 bytes @ 0xE000EDFC)
T6858 000:161.374   CPU_WriteMem(4 bytes @ 0xE000EDFC)
T6858 000:161.854   CPU_ReadMem(4 bytes @ 0xE0001000)
T6858 000:162.291   CPU_ReadMem(4 bytes @ 0xE0001000)
T6858 000:162.662   CPU_ReadMem(4 bytes @ 0xE0001028)
T6858 000:163.037   CPU_ReadMem(4 bytes @ 0xE0001038)
T6858 000:163.353   CPU_WriteMem(4 bytes @ 0xE0001000)
T6858 000:163.683   CPU_ReadMem(4 bytes @ 0xE000ED88)
T6858 000:164.008   CPU_WriteMem(4 bytes @ 0xE000ED88)
T6858 000:164.380   CPU_ReadMem(4 bytes @ 0xE000ED88)
T6858 000:164.719   CPU_WriteMem(4 bytes @ 0xE000ED88)
T6858 000:165.039   CPU_ReadMem(4 bytes @ 0xE000EFB8)
T6858 000:165.365   Security extension: not implemented
T6858 000:165.392   CoreSight components:
T6858 000:165.426   ROMTbl[0] @ 4001A000
T6858 000:165.449   CPU_ReadMem(64 bytes @ 0x4001A000)
T6858 000:166.206   CPU_ReadMem(32 bytes @ 0xE000EFE0)
T6858 000:166.719   CPU_ReadMem(4 bytes @ 0xE000EFBC)
T6858 000:167.162   CPU_ReadMem(4 bytes @ 0xE000EFCC)
T6858 000:167.514   [0][0]: E000E000 CID B105900D PID 000BBD20 DEVARCH 47702A04 DEVTYPE 00 Cortex-M23
T6858 000:167.543   CPU_ReadMem(32 bytes @ 0xE0001FE0)
T6858 000:168.179   CPU_ReadMem(4 bytes @ 0xE0001FBC)
T6858 000:168.597   CPU_ReadMem(4 bytes @ 0xE0001FCC)
T6858 000:169.040   [0][1]: E0001000 CID B105900D PID 000BBD20 DEVARCH 47701A02 DEVTYPE 00 DWT
T6858 000:169.078   CPU_ReadMem(32 bytes @ 0xE0002FE0)
T6858 000:169.650   CPU_ReadMem(4 bytes @ 0xE0002FBC)
T6858 000:169.972   CPU_ReadMem(4 bytes @ 0xE0002FCC)
T6858 000:170.292   [0][2]: E0002000 CID B105900D PID 000BBD20 DEVARCH 47701A03 DEVTYPE 00 FPB
T6858 000:170.318   CPU_ReadMem(32 bytes @ 0x40019FE0)
T6858 000:170.859   CPU_ReadMem(4 bytes @ 0x40019FBC)
T6858 000:171.289   CPU_ReadMem(4 bytes @ 0x40019FCC)
T6858 000:171.616   [0][3]: 40019000 CID B105900D PID 000BBD20 DEVARCH 47710A31 DEVTYPE 31 MTB
T6858 000:171.662 - 31.011ms returns 0x00
T6858 000:171.689 JLINK_Halt()
T6858 000:174.370 - 2.681ms returns 0x00
T6858 000:174.407 JLINK_IsHalted()
T6858 000:174.443 - 0.035ms returns TRUE
T6858 000:174.463 JLINK_ResetPullsRESET(ON)
T6858 000:174.478 - 0.015ms 
T6858 000:174.495 JLINK_Reset()
T6858 000:174.522   JLINK_GetResetTypeDesc
T6858 000:174.542   - 0.019ms 
T6858 000:174.559   Reset type: NORMAL (https://wiki.segger.com/J-Link_Reset_Strategies)
T6858 000:174.579   CPU_WriteMem(4 bytes @ 0xE000EDF0)
T6858 000:174.968   CPU_ReadMem(4 bytes @ 0xE000ED44)
T6858 000:175.304   CPU_WriteMem(4 bytes @ 0xE000EDFC)
T6858 000:175.635   Reset: Halt core after reset via DEMCR.VC_CORERESET.
T6858 000:176.085   Reset: Reset device via AIRCR.SYSRESETREQ.
T6858 000:176.115   CPU_WriteMem(4 bytes @ 0xE000ED0C)
T6858 000:230.829   CPU_ReadMem(4 bytes @ 0xE000EDF0)
T6858 000:231.456   CPU_ReadMem(4 bytes @ 0xE000EDF0)
T6858 000:232.094   CPU_WriteMem(4 bytes @ 0xE000EDFC)
T6858 000:239.803   CPU_ReadMem(4 bytes @ 0xE000EDF0)
T6858 000:243.707   CPU_ReadMem(4 bytes @ 0xE000EE08)
T6858 000:244.489   CPU_WriteMem(4 bytes @ 0xE0002000)
T6858 000:245.149   CPU_ReadMem(4 bytes @ 0xE000EDFC)
T6858 000:245.877   CPU_ReadMem(4 bytes @ 0xE0001000)
T6858 000:246.615   CPU_WriteMem(4 bytes @ 0xE0001000)
T6858 000:247.269   CPU_ReadMem(4 bytes @ 0xE000EE08)
T6858 000:247.958 - 73.461ms 
T6858 000:248.077 JLINK_ReadMem(0x01011080, 0x10 Bytes, ...)
T6858 000:248.116   CPU_ReadMem(16 bytes @ 0x01011080)
T6858 000:248.738   Data:  4C 46 43 34 37 30 31 4C 30 41 46 37 52 20 20 20
T6858 000:248.812 - 0.735ms returns 0
T6858 000:248.864 JLINK_IsHalted()
T6858 000:248.896 - 0.032ms returns TRUE
T6858 000:250.028 JLINK_MeasureCPUSpeed(RAMAddr = 0xFFFFFFFF)
T6858 000:250.116   CPU_ReadMem(16 bytes @ 0x20004000)
T6858 000:250.866   CPU_ReadMem(64 bytes @ 0x20004000)
T6858 000:252.163    -- Updating C cache (64 bytes @ 0x20004000)
T6858 000:252.285    -- Read from C cache (6 bytes @ 0x20004000)
T6858 000:252.324   CPU_ReadMem(4 bytes @ 0x40019004)
T6858 000:253.035   CPU_ReadMem(4 bytes @ 0xE000ED90)
T6858 000:253.704   CPU_WriteMem(16 bytes @ 0x20004000)
T6858 000:254.408   CPU_WriteMem(6 bytes @ 0x20004000)
T6858 000:255.100   CPU_ReadMem(64 bytes @ 0x20004000)
T6858 000:256.246    -- Updating C cache (64 bytes @ 0x20004000)
T6858 000:256.318    -- Read from C cache (6 bytes @ 0x20004000)
T6858 000:256.362   CPU_ReadMem(4 bytes @ 0xE000EE08)
T6858 000:256.993   CPU_WriteMem(4 bytes @ 0xE0002008)
T6858 000:257.056   CPU_WriteMem(4 bytes @ 0xE000200C)
T6858 000:257.087   CPU_WriteMem(4 bytes @ 0xE0002010)
T6858 000:257.118   CPU_WriteMem(4 bytes @ 0xE0002014)
T6858 000:264.945   CPU_WriteMem(4 bytes @ 0xE0002008)
T6858 000:265.728   CPU_WriteMem(4 bytes @ 0xE000200C)
T6858 000:266.462   CPU_WriteMem(4 bytes @ 0xE0002010)
T6858 000:267.082   CPU_WriteMem(4 bytes @ 0xE0002014)
T6858 000:267.713   CPU_ReadMem(4 bytes @ 0xE000EE08)
T6858 000:268.294   CPU_ReadMem(4 bytes @ 0xE000EE08)
T6858 000:268.906   CPU_ReadMem(4 bytes @ 0xE000EE08)
T6858 000:295.883   CPU_WriteMem(6 bytes @ 0x20004000)
T6858 000:296.780   ClockFreq: 4004100 Hz
T6858 000:296.897 - 46.868ms returns 4004100
T6858 000:296.969 JLINK_ReadReg(XPSR)
T6858 000:297.016   CPU_ReadMem(4 bytes @ 0xE000EE08)
T6858 000:297.762 - 0.793ms returns 0x21000000
T48A8 002:636.221 JLINK_BeginDownload(Flags = 0x00000000)
T48A8 002:636.313 - 0.091ms 
T48A8 002:654.442 JLINK_WriteMem(0x00000000, 0x4C Bytes, ...)
T48A8 002:654.552   Data:  08 44 00 20 89 00 00 00 CD 09 00 00 AB 0A 00 00 ...
T48A8 002:655.558   completely In flash
T48A8 002:655.611 - 1.169ms returns 0x4C
T48A8 002:656.104 JLINK_WriteMem(0x0000004C, 0x10C Bytes, ...)
T48A8 002:656.129   Data:  01 00 00 00 7C 00 00 00 02 00 00 00 5C 00 00 00 ...
T48A8 002:656.166   completely In flash
T48A8 002:656.198 - 0.093ms returns 0x10C
T48A8 002:656.656 JLINK_WriteMem(0x00000400, 0x4 Bytes, ...)
T48A8 002:656.690   Data:  FF FF FF FF
T48A8 002:656.721   completely In flash
T48A8 002:656.747 - 0.095ms returns 0x4
T48A8 002:657.215 JLINK_WriteMem(0x00000404, 0x4 Bytes, ...)
T48A8 002:657.252   Data:  F7 AF C1 FF
T48A8 002:657.279   completely In flash
T48A8 002:657.304 - 0.089ms returns 0x4
T48A8 002:657.561 JLINK_WriteMem(0x00000440, 0x4 Bytes, ...)
T48A8 002:657.622   Data:  F4 01 00 00
T48A8 002:657.655   completely In flash
T48A8 002:657.684 - 0.123ms returns 0x4
T48A8 002:658.026 JLINK_WriteMem(0x00000444, 0x8EC Bytes, ...)
T48A8 002:658.072   Data:  44 F2 04 00 44 F2 04 03 C2 F2 00 00 C2 F2 00 03 ...
T48A8 002:658.103   completely In flash
T48A8 002:658.129 - 0.102ms returns 0x8EC
T48A8 002:658.361 JLINK_WriteMem(0x00000D30, 0x4 Bytes, ...)
T48A8 002:658.414   Data:  F8 B5 C0 46
T48A8 002:658.454   completely In flash
T48A8 002:658.492 - 0.131ms returns 0x4
T48A8 002:658.740 JLINK_WriteMem(0x00000D34, 0x4 Bytes, ...)
T48A8 002:658.787   Data:  F8 B5 C0 46
T48A8 002:658.829   completely In flash
T48A8 002:658.865 - 0.124ms returns 0x4
T48A8 002:659.149 JLINK_WriteMem(0x00000D38, 0x4 Bytes, ...)
T48A8 002:659.218   Data:  C5 04 00 00
T48A8 002:659.264   completely In flash
T48A8 002:659.300 - 0.151ms returns 0x4
T48A8 002:659.569 JLINK_WriteMem(0x00000D3C, 0x4 Bytes, ...)
T48A8 002:659.612   Data:  95 04 00 00
T48A8 002:659.668   completely In flash
T48A8 002:659.709 - 0.140ms returns 0x4
T48A8 002:684.599 JLINK_EndDownload()
T48A8 002:685.475   HandleBeforeFlashProg() start
T48A8 002:685.534    J-Link Script File: Executing HandleBeforeFlashProg()
T48A8 002:685.558   CPU_ReadMem(2 bytes @ 0x40000D04)
T48A8 002:685.998   CPU_ReadMem(2 bytes @ 0x40000D14)
T48A8 002:686.540   HandleBeforeFlashProg() end - Took 1.00ms
T48A8 002:686.582   CPU_ReadMem(4 bytes @ 0x40019004)
T48A8 002:687.162   CPU_ReadMem(4 bytes @ 0xE000ED90)
T48A8 002:688.188    -- --------------------------------------
T48A8 002:688.235    -- Start of determining flash info (Bank @ 0x00000000)
T48A8 002:688.692    -- End of determining flash info
T48A8 002:688.721    -- Start of determining dirty areas in flash cache
T48A8 002:689.029    -- Filling invalid ranges in sector buffer (flash cache) for sector @ 0x00000000 if necessary
T48A8 002:689.055    -- Filling invalid ranges in sector buffer (flash cache) for sector @ 0x00000800 if necessary
T48A8 002:689.090    -- End of determining dirty areas
T48A8 002:689.111    -- Start of preparing flash programming
T48A8 002:689.502    -- Preparing RAMCode
T48A8 002:689.526    -- Calculating RAM usage
T48A8 002:689.548    -- RAM usage = 4760 Bytes
T48A8 002:689.570    -- Preserving CPU registers
T48A8 002:696.491    -- Preparing memory
T48A8 002:696.529    -- Determining CPU clock frequency
T48A8 002:731.886    -- CPU frequency = 4004 kHz
T48A8 002:732.043    -- Preparing target
T48A8 002:732.094    -- Preserving target RAM temporarily used for programming
T48A8 002:756.831    -- Downloading RAMCode
T48A8 002:779.377    -- Initializing RAMCode (InitType: 3 = Verify)
T48A8 002:779.568    -- Executing Init(3)
T48A8 002:797.257    -- End of preparing flash programming
T48A8 002:811.118   
  ***** Warning: 
T48A8 002:811.210   CPU is running at low speed (4004 kHz).
T48A8 002:811.233    -- CPU is running at 4004 kHz.
T48A8 002:811.258    -- Start of comparing flash
T48A8 002:811.283    -- CRC check was estimated as fastest method
T48A8 002:860.387    -- Comparing range 0x0000 - 0x0FFF (2 Sectors, 4 KB), using single-block CRC calculation
T48A8 002:891.933    -- CRC does not match, checking individual sectors
T48A8 002:917.323    -- CRC does not match for sectors 0-1
T48A8 002:917.463    -- End of comparing flash
T48A8 002:917.510    -- Start of erasing sectors
T48A8 002:917.558    -- Erasing range 0x00000000 - 0x00000FFF (  2 Sectors, 4 KB)
T48A8 002:917.605    -- Initializing RAMCode (InitType: 1 = Erase)
T48A8 002:917.637    -- Executing UnInit()
T48A8 002:928.313    -- Executing Init(1)
T48A8 002:968.220    -- End of erasing sectors
T48A8 002:968.313    -- Start of flash programming
T48A8 002:968.339    -- Programming range 0x00000000 - 0x00000FFF (  2 Sectors, 4 KB)
T48A8 002:973.349    -- Initializing RAMCode (InitType: 2 = Program)
T48A8 002:973.453    -- Executing UnInit()
T48A8 002:985.467    -- Executing Init(2)
T48A8 002:996.016    -- Program page timeout too high. Use default timeout: 10000 [s]
T48A8 002:996.120    -- Program page timeout too high. Use default timeout: 10000 [s]
T48A8 003:062.070    -- End of flash programming
T48A8 003:062.161    -- 0x0000 - 0x0FFF (  2 Sectors, 4 KB)
T48A8 003:062.188    -- Start of verifying flash
T48A8 003:062.214    -- Checksum calculation was estimated as fastest method
T48A8 003:062.238    -- Checksum is not supported by this flash bank. Switched to read back method.
T48A8 003:062.266    -- Initializing RAMCode (InitType: 3 = Verify)
T48A8 003:062.291    -- Executing UnInit()
T48A8 003:129.166    -- Executing Init(3)
T48A8 003:164.907    -- End of verifying flash
T48A8 003:165.084    -- Start of restoring
T48A8 003:165.114    -- Executing UnInit()
T48A8 003:175.806    -- Restoring target memory
T48A8 003:195.799    -- Restoring CPU registers
T48A8 003:196.337    -- End of restoring
T48A8 003:196.388    -- Bank 0 @ 0x00000000: 1 range affected (4096 bytes)
T48A8 003:196.413    -- Total: 0.507s (Prepare: 0.122s, Compare: 0.106s, Erase: 0.050s, Program: 0.151s, Verify: 0.045s, Restore: 0.031s)
T48A8 003:196.436    -- Program speed: 26 KB/s
T48A8 003:205.627   HandleAfterFlashProg() start
T48A8 003:205.725    J-Link Script File: Executing HandleAfterFlashProg()
T48A8 003:205.746   HandleAfterFlashProg() end - Took 20us
T48A8 003:206.065 - 521.465ms returns 4096 (0x1000)
T48A8 003:208.044 JLINK_WriteReg(R15 (PC), 0x00000088)
T48A8 003:208.115 - 0.070ms returns 0
T48A8 003:208.146 JLINK_WriteReg(XPSR, 0x01000000)
T48A8 003:208.168 - 0.021ms returns 0
T48A8 003:208.911 JLINK_ResetPullsRESET(ON)
T48A8 003:208.976 - 0.065ms 
T48A8 003:208.999 JLINK_Halt()
T48A8 003:209.462 - 0.462ms returns 0x00
T48A8 003:209.524 JLINK_IsHalted()
T48A8 003:209.549 - 0.025ms returns TRUE
T48A8 003:209.572 JLINK_Reset()
T48A8 003:209.604   CPU_ReadMem(4 bytes @ 0x20004000)
T48A8 003:210.081   CPU_WriteMem(4 bytes @ 0x20004000)
T48A8 003:210.509   JLINK_GetResetTypeDesc
T48A8 003:210.551   - 0.042ms 
T48A8 003:210.597   Reset type: NORMAL (https://wiki.segger.com/J-Link_Reset_Strategies)
T48A8 003:210.627   CPU_WriteMem(4 bytes @ 0xE000EDF0)
T48A8 003:211.016   CPU_ReadMem(4 bytes @ 0xE000ED44)
T48A8 003:211.445   CPU_WriteMem(4 bytes @ 0xE000EDFC)
T48A8 003:211.828   Reset: Halt core after reset via DEMCR.VC_CORERESET.
T48A8 003:212.488   Reset: Reset device via AIRCR.SYSRESETREQ.
T48A8 003:212.561   CPU_WriteMem(4 bytes @ 0xE000ED0C)
T48A8 003:265.914   CPU_ReadMem(4 bytes @ 0xE000EDF0)
T48A8 003:266.341   CPU_ReadMem(4 bytes @ 0xE000EDF0)
T48A8 003:266.797   CPU_WriteMem(4 bytes @ 0xE000EDFC)
T48A8 003:272.750   CPU_ReadMem(4 bytes @ 0xE000EDF0)
T48A8 003:276.170   CPU_ReadMem(4 bytes @ 0xE000EE08)
T48A8 003:276.621   CPU_WriteMem(4 bytes @ 0xE0002000)
T48A8 003:276.998   CPU_ReadMem(4 bytes @ 0xE000EDFC)
T48A8 003:277.434   CPU_ReadMem(4 bytes @ 0xE0001000)
T48A8 003:277.764   CPU_WriteMem(4 bytes @ 0xE0001000)
T48A8 003:278.286   CPU_ReadMem(4 bytes @ 0xE000EE08)
T48A8 003:278.674 - 69.101ms 
T48A8 003:278.726 JLINK_SetEndian(ARM_ENDIAN_LITTLE)
T48A8 003:278.745 - 0.019ms returns 0
T48A8 003:314.054 JLINK_ReadMem(0x00000088, 0x4 Bytes, ...)
T48A8 003:314.157    -- Read from flash cache (4 bytes @ 0x00000088)
T48A8 003:314.194   Data:  10 B5 00 F0
T48A8 003:314.226 - 0.174ms returns 0
T48A8 003:335.838 JLINK_ReadMem(0x00000088, 0x4 Bytes, ...)
T48A8 003:335.946    -- Read from flash cache (4 bytes @ 0x00000088)
T48A8 003:335.981   Data:  10 B5 00 F0
T48A8 003:336.014 - 0.177ms returns 0
T48A8 003:432.798 JLINK_GetNumBPUnits(Type = 0xFFFFFF00)
T48A8 003:432.885 - 0.087ms returns 0x04
T48A8 003:432.903 JLINK_GetNumWPUnits()
T48A8 003:432.919 - 0.016ms returns 2
T48A8 003:432.936 JLINK_GetNumWPUnits()
T48A8 003:432.952 - 0.015ms returns 2
T48A8 003:432.980 JLINK_GetNumBPUnits(Type = 0xFFFFFF00)
T48A8 003:432.996 - 0.016ms returns 0x04
T48A8 003:433.013 JLINK_GetNumWPUnits()
T48A8 003:433.028 - 0.015ms returns 2
T48A8 003:433.044 JLINK_GetNumWPUnits()
T48A8 003:433.060 - 0.015ms returns 2
T48A8 003:433.080 JLINK_GetNumBPUnits(Type = 0xFFFFFF00)
T48A8 003:433.096 - 0.016ms returns 0x04
T48A8 003:433.113 JLINK_GetNumWPUnits()
T48A8 003:433.128 - 0.015ms returns 2
T48A8 003:433.144 JLINK_GetNumWPUnits()
T48A8 003:433.160 - 0.015ms returns 2
T48A8 003:434.304 JLINK_SetBPEx(Addr = 0x00000610, Type = 0xFFFFFF00)
T48A8 003:434.357 - 0.053ms returns 0x00000001
T48A8 003:434.384 JLINK_ClrBPEx(BPHandle = 0x00000001)
T48A8 003:434.401 - 0.017ms returns 0x00
T48A8 003:460.134 JLINK_ReadMem(0x00000600, 0x40 Bytes, ...)
T48A8 003:460.195    -- Read from flash cache (64 bytes @ 0x00000600)
T48A8 003:460.220   Data:  18 68 88 42 00 D0 0A 00 1A 60 70 47 00 40 00 20 ...
T48A8 003:460.245 - 0.112ms returns 0
T48A8 003:461.898 JLINK_ReadMem(0x00000610, 0x2 Bytes, ...)
T48A8 003:461.968    -- Read from flash cache (2 bytes @ 0x00000610)
T48A8 003:462.004   Data:  10 B5
T48A8 003:462.036 - 0.138ms returns 0
T48A8 003:462.480 JLINK_SetBPEx(Addr = 0x00000610, Type = 0xFFFFFF00)
T48A8 003:462.534 - 0.054ms returns 0x00000002
T48A8 003:570.354 JLINK_ReadRegs(NumRegs = 22)
T48A8 003:570.442   CPU_ReadMem(4 bytes @ 0xE000EE08)
T48A8 003:570.960   
  R0 (0)        = 0x40044400           R1 (1)        = 0x00                 R2 (2)        = 0x00                 R3 (3)        = 0xF7              
  R4 (4)        = 0x20005250           R5 (5)        = 0x00                 R6 (6)        = 0x20005260           R7 (7)        = 0xFFFFFFFF        
  R8 (8)        = 0xA9FB021            R9 (9)        = 0x40008658           R10 (10)      = 0x50026E81           R11 (11)      = 0xC11821AA        
  R12 (12)      = 0x2756500            R13 (SP) (13) = 0x20004408           R14 (14)      = 0x20004281           R15 (PC) (15) = 0x88              
  XPSR (16)     = 0x41000000           MSP (17)      = 0x20004408           PSP (18)      = 0x83C558A0           MSPLIM (86)   = 0x00              
  PSPLIM (87)   = 0x00                 CFBP (20)     = 0x00              
T48A8 003:571.037 - 0.685ms returns 0x00
T48A8 003:572.767 JLINK_ReadMem(0x00000088, 0x4 Bytes, ...)
T48A8 003:572.856    -- Read from flash cache (4 bytes @ 0x00000088)
T48A8 003:572.896   Data:  10 B5 00 F0
T48A8 003:572.934 - 0.167ms returns 0
T3FBC 003:619.984 JLINK_GetNumBPUnits(Type = 0xFFFFFF00)
T3FBC 003:620.060 - 0.077ms returns 0x04
T3FBC 003:620.079 JLINK_GetNumWPUnits()
T3FBC 003:620.101 - 0.021ms returns 2
T3FBC 003:620.124 JLINK_GetNumWPUnits()
T3FBC 003:620.140 - 0.016ms returns 2
T3FBC 003:620.529 JLINK_GetNumBPUnits(Type = 0xFFFFFF00)
T3FBC 003:620.590 - 0.062ms returns 0x04
T3FBC 003:620.619 JLINK_GetNumWPUnits()
T3FBC 003:620.651 - 0.031ms returns 2
T3FBC 003:620.683 JLINK_GetNumWPUnits()
T3FBC 003:620.716 - 0.032ms returns 2
T3FBC 003:621.045 JLINK_GetNumBPUnits(Type = 0xFFFFFF00)
T3FBC 003:621.096 - 0.051ms returns 0x04
T3FBC 003:621.125 JLINK_GetNumWPUnits()
T3FBC 003:621.152 - 0.026ms returns 2
T3FBC 003:621.177 JLINK_GetNumWPUnits()
T3FBC 003:621.203 - 0.025ms returns 2
T3FBC 003:621.470 JLINK_GetNumBPUnits(Type = 0xFFFFFF00)
T3FBC 003:621.524 - 0.053ms returns 0x04
T3FBC 003:621.548 JLINK_GetNumWPUnits()
T3FBC 003:621.571 - 0.023ms returns 2
T3FBC 003:621.596 JLINK_GetNumWPUnits()
T3FBC 003:621.619 - 0.023ms returns 2
T3FBC 003:621.845 JLINK_GetNumBPUnits(Type = 0xFFFFFF00)
T3FBC 003:621.897 - 0.052ms returns 0x04
T3FBC 003:621.978 JLINK_GetNumWPUnits()
T3FBC 003:622.003 - 0.025ms returns 2
T3FBC 003:622.025 JLINK_GetNumWPUnits()
T3FBC 003:622.048 - 0.022ms returns 2
T3FBC 003:622.389 JLINK_GetNumBPUnits(Type = 0xFFFFFF00)
T3FBC 003:622.447 - 0.058ms returns 0x04
T3FBC 003:622.471 JLINK_GetNumWPUnits()
T3FBC 003:622.502 - 0.030ms returns 2
T3FBC 003:622.530 JLINK_GetNumWPUnits()
T3FBC 003:622.557 - 0.027ms returns 2
T3FBC 003:623.080 JLINK_GetNumBPUnits(Type = 0xFFFFFF00)
T3FBC 003:623.147 - 0.067ms returns 0x04
T3FBC 003:623.173 JLINK_GetNumWPUnits()
T3FBC 003:623.200 - 0.026ms returns 2
T3FBC 003:623.222 JLINK_GetNumWPUnits()
T3FBC 003:623.248 - 0.026ms returns 2
T3FBC 003:624.206 JLINK_GetNumBPUnits(Type = 0xFFFFFF00)
T3FBC 003:624.266 - 0.060ms returns 0x04
T3FBC 003:624.293 JLINK_GetNumWPUnits()
T3FBC 003:624.317 - 0.023ms returns 2
T3FBC 003:624.341 JLINK_GetNumWPUnits()
T3FBC 003:624.363 - 0.022ms returns 2
T48A8 003:831.341 JLINK_ReadMem(0x00000088, 0x4 Bytes, ...)
T48A8 003:831.460    -- Read from flash cache (4 bytes @ 0x00000088)
T48A8 003:831.497   Data:  10 B5 00 F0
T48A8 003:831.543 - 0.202ms returns 0
T48A8 009:947.462 JLINK_ReadMem(0x20004000, 0x4 Bytes, ...)
T48A8 009:947.560   CPU_ReadMem(64 bytes @ 0x20004000)
T48A8 009:948.385    -- Updating C cache (64 bytes @ 0x20004000)
T48A8 009:948.478    -- Read from C cache (4 bytes @ 0x20004000)
T48A8 009:948.518   Data:  F4 01 00 00
T48A8 009:948.554 - 1.094ms returns 0
T48A8 010:723.275 JLINK_STRACE_Read(..., NumItems = 0x10000)
T48A8 010:728.731   Initializing trace type buffer with configured Coresight trace components (* indicates set/detected address):
T48A8 010:728.826     TF:   0x00000000
T48A8 010:728.854     TMC:  0x00000000
T48A8 010:728.879     ETB:  0x00000000
T48A8 010:728.907    *MTB:  0x40019000
T48A8 010:728.933     TPIU: 0x00000000
T48A8 010:728.958     ETM:  0x00000000
T48A8 010:728.982     STM:  0x00000000
T48A8 010:729.007     PTM:  0x00000000
T48A8 010:729.408 - 6.132ms NumItemsRead = 0x00
T48A8 010:729.474 JLINK_IsHalted()
T48A8 010:729.890 - 0.416ms returns TRUE
T48A8 010:729.942 JLINK_STRACE_Read(..., NumItems = 0x10000)
T48A8 010:729.964 - 0.021ms NumItemsRead = 0x00
T48A8 010:729.982 JLINK_GoEx(MaxEmulInsts = 0, Flags = 0x01)
T48A8 010:730.008   CPU_WriteMem(4 bytes @ 0xE0002000)
T48A8 010:730.493   CPU_ReadMem(4 bytes @ 0xE0001000)
T48A8 010:730.921   CPU_WriteMem(4 bytes @ 0xE0001000)
T48A8 010:731.367   CPU_WriteMem(4 bytes @ 0xE0002008)
T48A8 010:731.410   CPU_WriteMem(4 bytes @ 0xE000200C)
T48A8 010:731.436   CPU_WriteMem(4 bytes @ 0xE0002010)
T48A8 010:731.462   CPU_WriteMem(4 bytes @ 0xE0002014)
T48A8 010:732.359   CPU_WriteMem(4 bytes @ 0xE0001004)
T48A8 010:735.096   Memory map 'after startup completion point' is active
T48A8 010:735.177 - 5.193ms 
T48A8 010:815.334 JLINK_ReadMem(0x20004000, 0x4 Bytes, ...)
T48A8 010:815.445   CPU_ReadMem(4 bytes @ 0x20004000)
T48A8 010:815.909   Data:  F4 01 00 00
T48A8 010:815.955 - 0.621ms returns 0
T48A8 010:832.841 JLINK_IsHalted()
T48A8 010:835.962 - 3.120ms returns TRUE
T48A8 010:836.027 JLINK_ReadReg(XPSR)
T48A8 010:836.050   CPU_ReadMem(4 bytes @ 0xE000EE08)
T48A8 010:836.738 - 0.710ms returns 0x61000000
T48A8 010:836.811 JLINK_ReadReg(R15 (PC))
T48A8 010:836.842 - 0.031ms returns 0x00000610
T48A8 010:836.875 JLINK_ReadReg(XPSR)
T48A8 010:836.901 - 0.024ms returns 0x61000000
T48A8 010:836.928 JLINK_ReadReg(XPSR)
T48A8 010:836.954 - 0.025ms returns 0x61000000
T48A8 010:836.998 JLINK_ReadReg(R15 (PC))
T48A8 010:837.025 - 0.025ms returns 0x00000610
T48A8 010:837.050 JLINK_ReadReg(XPSR)
T48A8 010:837.077 - 0.026ms returns 0x61000000
T48A8 010:837.101 JLINK_ReadReg(XPSR)
T48A8 010:837.126 - 0.025ms returns 0x61000000
T48A8 010:837.153 JLINK_ReadMem(0x00000610, 0x1 Bytes, ...)
T48A8 010:837.178    -- Read from flash cache (1 bytes @ 0x00000610)
T48A8 010:837.211   Data:  10
T48A8 010:837.248 - 0.095ms returns 0
T48A8 010:837.274 JLINK_IsHalted()
T48A8 010:837.299 - 0.025ms returns TRUE
T48A8 010:837.327 JLINK_ReadReg(XPSR)
T48A8 010:837.355 - 0.027ms returns 0x61000000
T48A8 010:837.383 JLINK_ReadReg(XPSR)
T48A8 010:837.411 - 0.027ms returns 0x61000000
T48A8 010:837.436 JLINK_ReadReg(R15 (PC))
T48A8 010:837.461 - 0.024ms returns 0x00000610
T48A8 010:837.490 JLINK_ReadReg(XPSR)
T48A8 010:837.514 - 0.025ms returns 0x61000000
T48A8 010:837.542 JLINK_ReadReg(XPSR)
T48A8 010:837.570 - 0.028ms returns 0x61000000
T48A8 010:837.610 JLINK_ReadMem(0x00000610, 0x1 Bytes, ...)
T48A8 010:837.637    -- Read from flash cache (1 bytes @ 0x00000610)
T48A8 010:837.691   Data:  10
T48A8 010:837.727 - 0.117ms returns 0
T48A8 010:837.835 JLINK_IsHalted()
T48A8 010:837.867 - 0.032ms returns TRUE
T48A8 010:837.894 JLINK_ReadReg(XPSR)
T48A8 010:837.925 - 0.030ms returns 0x61000000
T48A8 010:837.950 JLINK_ReadReg(R15 (PC))
T48A8 010:837.974 - 0.024ms returns 0x00000610
T48A8 010:838.002 JLINK_ReadReg(XPSR)
T48A8 010:838.026 - 0.023ms returns 0x61000000
T48A8 010:838.051 JLINK_ReadReg(XPSR)
T48A8 010:838.075 - 0.023ms returns 0x61000000
T48A8 010:838.098 JLINK_ReadReg(R15 (PC))
T48A8 010:838.122 - 0.023ms returns 0x00000610
T48A8 010:838.146 JLINK_ReadReg(XPSR)
T48A8 010:838.172 - 0.026ms returns 0x61000000
T48A8 010:838.197 JLINK_ReadReg(XPSR)
T48A8 010:838.221 - 0.024ms returns 0x61000000
T48A8 010:838.245 JLINK_ReadMem(0x00000610, 0x1 Bytes, ...)
T48A8 010:838.268    -- Read from flash cache (1 bytes @ 0x00000610)
T48A8 010:838.301   Data:  10
T48A8 010:838.334 - 0.089ms returns 0
T48A8 010:838.368 JLINK_IsHalted()
T48A8 010:838.390 - 0.022ms returns TRUE
T48A8 010:838.413 JLINK_ReadReg(XPSR)
T48A8 010:838.437 - 0.024ms returns 0x61000000
T48A8 010:838.461 JLINK_ReadReg(XPSR)
T48A8 010:838.485 - 0.023ms returns 0x61000000
T48A8 010:838.509 JLINK_ReadReg(R15 (PC))
T48A8 010:838.533 - 0.024ms returns 0x00000610
T48A8 010:838.558 JLINK_ReadReg(XPSR)
T48A8 010:838.581 - 0.023ms returns 0x61000000
T48A8 010:838.605 JLINK_ReadReg(XPSR)
T48A8 010:838.629 - 0.023ms returns 0x61000000
T48A8 010:838.652 JLINK_ReadMem(0x00000610, 0x1 Bytes, ...)
T48A8 010:838.675    -- Read from flash cache (1 bytes @ 0x00000610)
T48A8 010:838.709   Data:  10
T48A8 010:838.760 - 0.108ms returns 0
T48A8 010:839.715 JLINK_ReadRegs(NumRegs = 22)
T48A8 010:839.824   
  R0 (0)        = 0x00                 R1 (1)        = 0x00                 R2 (2)        = 0x00                 R3 (3)        = 0x00              
  R4 (4)        = 0x20005250           R5 (5)        = 0x00                 R6 (6)        = 0x20005260           R7 (7)        = 0xFFFFFFFF        
  R8 (8)        = 0xA9FB021            R9 (9)        = 0x40008658           R10 (10)      = 0x50026E81           R11 (11)      = 0xC11821AA        
  R12 (12)      = 0x00                 R13 (SP) (13) = 0x20004400           R14 (14)      = 0x93                 R15 (PC) (15) = 0x610             
  XPSR (16)     = 0x61000000           MSP (17)      = 0x20004400           PSP (18)      = 0x83C558A0           MSPLIM (86)   = 0x00              
  PSPLIM (87)   = 0x00                 CFBP (20)     = 0x00              
T48A8 010:839.882 - 0.167ms returns 0x00
T48A8 010:841.632 JLINK_ReadMem(0x00000610, 0x4 Bytes, ...)
T48A8 010:841.708    -- Read from flash cache (4 bytes @ 0x00000610)
T48A8 010:841.734   Data:  10 B5 FF F7
T48A8 010:841.759 - 0.127ms returns 0
T48A8 010:844.102 JLINK_ClrBPEx(BPHandle = 0x00000002)
T48A8 010:844.229 - 0.128ms returns 0x00
T48A8 010:861.735 JLINK_ReadMem(0x00000610, 0x4 Bytes, ...)
T48A8 010:861.837    -- Read from flash cache (4 bytes @ 0x00000610)
T48A8 010:861.864   Data:  10 B5 FF F7
T48A8 010:861.897 - 0.162ms returns 0
T48A8 011:184.844 JLINK_ReadMem(0x20004000, 0x4 Bytes, ...)
T48A8 011:184.946   CPU_ReadMem(64 bytes @ 0x20004000)
T48A8 011:185.803    -- Updating C cache (64 bytes @ 0x20004000)
T48A8 011:185.865    -- Read from C cache (4 bytes @ 0x20004000)
T48A8 011:185.889   Data:  F4 01 00 00
T48A8 011:185.913 - 1.069ms returns 0
T48A8 011:385.840 JLINK_STRACE_Read(..., NumItems = 0x10000)
T48A8 011:385.934 - 0.094ms NumItemsRead = 0x00
T48A8 011:385.954 JLINK_IsHalted()
T48A8 011:386.494 - 0.540ms returns TRUE
T48A8 011:386.521 JLINK_STRACE_Read(..., NumItems = 0x10000)
T48A8 011:386.538 - 0.016ms NumItemsRead = 0x00
T48A8 011:386.555 JLINK_GoEx(MaxEmulInsts = 0, Flags = 0x01)
T48A8 011:386.586   CPU_ReadMem(4 bytes @ 0xE0001000)
T48A8 011:387.123   CPU_WriteMem(4 bytes @ 0xE0002008)
T48A8 011:388.175 - 1.618ms 
T48A8 011:489.314 JLINK_IsHalted()
T48A8 011:489.933 - 0.618ms returns FALSE
T48A8 011:490.006 JLINK_IsHalted()
T48A8 011:490.470 - 0.463ms returns FALSE
T48A8 011:598.731 JLINK_IsHalted()
T48A8 011:599.320 - 0.588ms returns FALSE
T48A8 011:599.407 JLINK_IsHalted()
T48A8 011:599.939 - 0.531ms returns FALSE
T48A8 011:708.368 JLINK_IsHalted()
T48A8 011:708.955 - 0.587ms returns FALSE
T48A8 011:709.007 JLINK_IsHalted()
T48A8 011:709.493 - 0.485ms returns FALSE
T48A8 011:817.923 JLINK_IsHalted()
T48A8 011:818.480 - 0.556ms returns FALSE
T48A8 011:818.522 JLINK_IsHalted()
T48A8 011:818.960 - 0.437ms returns FALSE
T48A8 011:926.809 JLINK_IsHalted()
T48A8 011:927.508 - 0.698ms returns FALSE
T48A8 011:927.554 JLINK_IsHalted()
T48A8 011:928.050 - 0.495ms returns FALSE
T48A8 012:036.037 JLINK_IsHalted()
T48A8 012:036.519 - 0.482ms returns FALSE
T48A8 012:036.566 JLINK_IsHalted()
T48A8 012:037.009 - 0.442ms returns FALSE
T48A8 012:145.771 JLINK_IsHalted()
T48A8 012:146.477 - 0.706ms returns FALSE
T48A8 012:146.549 JLINK_IsHalted()
T48A8 012:147.071 - 0.521ms returns FALSE
T48A8 012:254.572 JLINK_IsHalted()
T48A8 012:255.415 - 0.843ms returns FALSE
T48A8 012:255.514 JLINK_IsHalted()
T48A8 012:256.245 - 0.729ms returns FALSE
T48A8 012:363.739 JLINK_IsHalted()
T48A8 012:364.455 - 0.716ms returns FALSE
T48A8 012:364.546 JLINK_IsHalted()
T48A8 012:365.137 - 0.594ms returns FALSE
T48A8 012:473.150 JLINK_IsHalted()
T48A8 012:473.742 - 0.590ms returns FALSE
T48A8 012:473.798 JLINK_IsHalted()
T48A8 012:474.307 - 0.508ms returns FALSE
T48A8 012:582.682 JLINK_IsHalted()
T48A8 012:583.308 - 0.626ms returns FALSE
T48A8 012:583.392 JLINK_IsHalted()
T48A8 012:583.864 - 0.471ms returns FALSE
T48A8 012:692.384 JLINK_IsHalted()
T48A8 012:692.970 - 0.585ms returns FALSE
T48A8 012:693.046 JLINK_IsHalted()
T48A8 012:693.553 - 0.506ms returns FALSE
T48A8 012:801.557 JLINK_IsHalted()
T48A8 012:802.158 - 0.600ms returns FALSE
T48A8 012:802.216 JLINK_IsHalted()
T48A8 012:802.701 - 0.483ms returns FALSE
T3FBC 012:847.838 JLINK_IsHalted()
T3FBC 012:848.536 - 0.698ms returns FALSE
T3FBC 012:848.620 JLINK_IsHalted()
T3FBC 012:849.257 - 0.636ms returns FALSE
T3FBC 012:849.661 JLINK_IsHalted()
T3FBC 012:850.250 - 0.588ms returns FALSE
T3FBC 012:850.310 JLINK_IsHalted()
T3FBC 012:850.767 - 0.457ms returns FALSE
T48A8 012:910.947 JLINK_IsHalted()
T48A8 012:911.586 - 0.639ms returns FALSE
T48A8 012:911.666 JLINK_IsHalted()
T48A8 012:912.250 - 0.583ms returns FALSE
T48A8 013:020.029 JLINK_IsHalted()
T48A8 013:020.565 - 0.535ms returns FALSE
T48A8 013:020.599 JLINK_IsHalted()
T48A8 013:020.966 - 0.366ms returns FALSE
T48A8 013:129.396 JLINK_IsHalted()
T48A8 013:129.978 - 0.581ms returns FALSE
T48A8 013:130.024 JLINK_IsHalted()
T48A8 013:130.558 - 0.533ms returns FALSE
T48A8 013:239.236 JLINK_IsHalted()
T48A8 013:239.908 - 0.671ms returns FALSE
T48A8 013:240.005 JLINK_IsHalted()
T48A8 013:240.573 - 0.565ms returns FALSE
T48A8 013:348.121 JLINK_IsHalted()
T48A8 013:348.726 - 0.606ms returns FALSE
T48A8 013:348.805 JLINK_IsHalted()
T48A8 013:349.340 - 0.533ms returns FALSE
T48A8 013:458.128 JLINK_IsHalted()
T48A8 013:458.893 - 0.765ms returns FALSE
T48A8 013:459.109 JLINK_IsHalted()
T48A8 013:459.667 - 0.559ms returns FALSE
T48A8 013:567.563 JLINK_IsHalted()
T48A8 013:568.302 - 0.738ms returns FALSE
T48A8 013:568.384 JLINK_IsHalted()
T48A8 013:569.075 - 0.690ms returns FALSE
T48A8 013:676.733 JLINK_IsHalted()
T48A8 013:677.493 - 0.759ms returns FALSE
T48A8 013:677.595 JLINK_IsHalted()
T48A8 013:678.141 - 0.545ms returns FALSE
T48A8 013:785.984 JLINK_IsHalted()
T48A8 013:786.677 - 0.693ms returns FALSE
T48A8 013:786.774 JLINK_IsHalted()
T48A8 013:787.510 - 0.734ms returns FALSE
T3FBC 013:850.995 JLINK_IsHalted()
T3FBC 013:851.627 - 0.631ms returns FALSE
T3FBC 013:851.675 JLINK_IsHalted()
T3FBC 013:852.278 - 0.602ms returns FALSE
T48A8 013:894.986 JLINK_IsHalted()
T48A8 013:895.690 - 0.702ms returns FALSE
T48A8 013:895.762 JLINK_IsHalted()
T48A8 013:896.304 - 0.541ms returns FALSE
T48A8 014:005.139 JLINK_IsHalted()
T48A8 014:005.661 - 0.520ms returns FALSE
T48A8 014:005.709 JLINK_IsHalted()
T48A8 014:006.136 - 0.425ms returns FALSE
T48A8 014:114.459 JLINK_IsHalted()
T48A8 014:114.941 - 0.482ms returns FALSE
T48A8 014:114.965 JLINK_IsHalted()
T48A8 014:115.429 - 0.462ms returns FALSE
T48A8 014:223.981 JLINK_IsHalted()
T48A8 014:224.530 - 0.548ms returns FALSE
T48A8 014:224.576 JLINK_IsHalted()
T48A8 014:225.019 - 0.442ms returns FALSE
T48A8 014:333.058 JLINK_IsHalted()
T48A8 014:333.730 - 0.671ms returns FALSE
T48A8 014:333.835 JLINK_IsHalted()
T48A8 014:334.544 - 0.706ms returns FALSE
T48A8 014:441.739 JLINK_IsHalted()
T48A8 014:442.520 - 0.781ms returns FALSE
T48A8 014:442.630 JLINK_IsHalted()
T48A8 014:443.280 - 0.649ms returns FALSE
T48A8 014:551.483 JLINK_IsHalted()
T48A8 014:552.221 - 0.737ms returns FALSE
T48A8 014:552.322 JLINK_IsHalted()
T48A8 014:552.907 - 0.584ms returns FALSE
T48A8 014:660.800 JLINK_IsHalted()
T48A8 014:661.584 - 0.782ms returns FALSE
T48A8 014:661.718 JLINK_IsHalted()
T48A8 014:662.350 - 0.630ms returns FALSE
T48A8 014:770.888 JLINK_IsHalted()
T48A8 014:771.794 - 0.902ms returns FALSE
T48A8 014:771.915 JLINK_IsHalted()
T48A8 014:772.634 - 0.717ms returns FALSE
T3FBC 014:852.501 JLINK_IsHalted()
T3FBC 014:853.130 - 0.627ms returns FALSE
T3FBC 014:853.232 JLINK_IsHalted()
T3FBC 014:853.834 - 0.600ms returns FALSE
T48A8 014:879.466 JLINK_IsHalted()
T48A8 014:880.112 - 0.646ms returns FALSE
T48A8 014:880.170 JLINK_IsHalted()
T48A8 014:880.664 - 0.493ms returns FALSE
T48A8 014:988.584 JLINK_IsHalted()
T48A8 014:989.347 - 0.762ms returns FALSE
T48A8 014:989.462 JLINK_IsHalted()
T48A8 014:990.109 - 0.644ms returns FALSE
T48A8 015:098.502 JLINK_IsHalted()
T48A8 015:099.347 - 0.843ms returns FALSE
T48A8 015:099.490 JLINK_IsHalted()
T48A8 015:100.174 - 0.684ms returns FALSE
T48A8 015:207.891 JLINK_IsHalted()
T48A8 015:208.691 - 0.800ms returns FALSE
T48A8 015:208.803 JLINK_IsHalted()
T48A8 015:209.347 - 0.544ms returns FALSE
T48A8 015:317.477 JLINK_IsHalted()
T48A8 015:318.154 - 0.677ms returns FALSE
T48A8 015:318.262 JLINK_IsHalted()
T48A8 015:318.814 - 0.551ms returns FALSE
T48A8 015:426.747 JLINK_IsHalted()
T48A8 015:427.320 - 0.572ms returns FALSE
T48A8 015:427.386 JLINK_IsHalted()
T48A8 015:427.930 - 0.544ms returns FALSE
T48A8 015:536.286 JLINK_IsHalted()
T48A8 015:536.896 - 0.609ms returns FALSE
T48A8 015:536.982 JLINK_IsHalted()
T48A8 015:537.526 - 0.543ms returns FALSE
T48A8 015:645.136 JLINK_IsHalted()
T48A8 015:645.874 - 0.737ms returns FALSE
T48A8 015:645.989 JLINK_IsHalted()
T48A8 015:646.525 - 0.535ms returns FALSE
T48A8 015:754.795 JLINK_IsHalted()
T48A8 015:755.635 - 0.839ms returns FALSE
T48A8 015:755.768 JLINK_IsHalted()
T48A8 015:756.469 - 0.698ms returns FALSE
T3FBC 015:854.774 JLINK_IsHalted()
T3FBC 015:855.509 - 0.733ms returns FALSE
T3FBC 015:855.592 JLINK_IsHalted()
T3FBC 015:856.222 - 0.630ms returns FALSE
T48A8 015:864.362 JLINK_IsHalted()
T48A8 015:865.002 - 0.639ms returns FALSE
T48A8 015:865.090 JLINK_IsHalted()
T48A8 015:865.632 - 0.541ms returns FALSE
T48A8 015:973.363 JLINK_IsHalted()
T48A8 015:974.235 - 0.870ms returns FALSE
T48A8 015:974.371 JLINK_IsHalted()
T48A8 015:975.027 - 0.653ms returns FALSE
T48A8 016:082.667 JLINK_IsHalted()
T48A8 016:083.450 - 0.781ms returns FALSE
T48A8 016:083.501 JLINK_IsHalted()
T48A8 016:084.107 - 0.604ms returns FALSE
T48A8 016:191.693 JLINK_IsHalted()
T48A8 016:192.251 - 0.558ms returns FALSE
T48A8 016:192.278 JLINK_IsHalted()
T48A8 016:192.677 - 0.397ms returns FALSE
T48A8 016:302.067 JLINK_IsHalted()
T48A8 016:302.586 - 0.518ms returns FALSE
T48A8 016:302.632 JLINK_IsHalted()
T48A8 016:303.043 - 0.410ms returns FALSE
T48A8 016:411.333 JLINK_IsHalted()
T48A8 016:412.022 - 0.689ms returns FALSE
T48A8 016:412.131 JLINK_IsHalted()
T48A8 016:412.718 - 0.586ms returns FALSE
T48A8 016:520.166 JLINK_IsHalted()
T48A8 016:520.938 - 0.771ms returns FALSE
T48A8 016:521.053 JLINK_IsHalted()
T48A8 016:521.685 - 0.632ms returns FALSE
T48A8 016:629.330 JLINK_IsHalted()
T48A8 016:629.957 - 0.626ms returns FALSE
T48A8 016:630.053 JLINK_IsHalted()
T48A8 016:630.662 - 0.609ms returns FALSE
T48A8 016:740.989 JLINK_IsHalted()
T48A8 016:741.646 - 0.657ms returns FALSE
T48A8 016:741.709 JLINK_IsHalted()
T48A8 016:742.290 - 0.579ms returns FALSE
T48A8 016:848.800 JLINK_IsHalted()
T48A8 016:849.632 - 0.831ms returns FALSE
T48A8 016:849.738 JLINK_IsHalted()
T48A8 016:850.394 - 0.654ms returns FALSE
T3FBC 016:856.768 JLINK_IsHalted()
T3FBC 016:857.500 - 0.730ms returns FALSE
T3FBC 016:857.614 JLINK_IsHalted()
T3FBC 016:858.364 - 0.748ms returns FALSE
T48A8 016:958.152 JLINK_IsHalted()
T48A8 016:958.812 - 0.660ms returns FALSE
T48A8 016:958.916 JLINK_IsHalted()
T48A8 016:959.438 - 0.520ms returns FALSE
T48A8 017:067.102 JLINK_IsHalted()
T48A8 017:067.876 - 0.772ms returns FALSE
T48A8 017:067.980 JLINK_IsHalted()
T48A8 017:068.556 - 0.573ms returns FALSE
T48A8 017:176.844 JLINK_IsHalted()
T48A8 017:177.700 - 0.855ms returns FALSE
T48A8 017:177.798 JLINK_IsHalted()
T48A8 017:178.408 - 0.608ms returns FALSE
T48A8 017:285.640 JLINK_IsHalted()
T48A8 017:286.454 - 0.814ms returns FALSE
T48A8 017:286.612 JLINK_IsHalted()
T48A8 017:287.338 - 0.727ms returns FALSE
T48A8 017:395.412 JLINK_IsHalted()
T48A8 017:396.170 - 0.755ms returns FALSE
T48A8 017:396.292 JLINK_IsHalted()
T48A8 017:397.062 - 0.770ms returns FALSE
T48A8 017:504.742 JLINK_IsHalted()
T48A8 017:505.658 - 0.913ms returns FALSE
T48A8 017:505.770 JLINK_IsHalted()
T48A8 017:506.316 - 0.545ms returns FALSE
T48A8 017:614.296 JLINK_IsHalted()
T48A8 017:615.092 - 0.796ms returns FALSE
T48A8 017:615.206 JLINK_IsHalted()
T48A8 017:615.916 - 0.710ms returns FALSE
T48A8 017:722.970 JLINK_IsHalted()
T48A8 017:723.822 - 0.851ms returns FALSE
T48A8 017:723.956 JLINK_IsHalted()
T48A8 017:724.604 - 0.646ms returns FALSE
T48A8 017:832.526 JLINK_IsHalted()
T48A8 017:833.436 - 0.908ms returns FALSE
T48A8 017:833.580 JLINK_IsHalted()
T48A8 017:834.372 - 0.789ms returns FALSE
T3FBC 017:859.498 JLINK_IsHalted()
T3FBC 017:860.252 - 0.755ms returns FALSE
T3FBC 017:860.398 JLINK_IsHalted()
T3FBC 017:861.024 - 0.623ms returns FALSE
T48A8 017:941.930 JLINK_IsHalted()
T48A8 017:942.728 - 0.797ms returns FALSE
T48A8 017:942.852 JLINK_IsHalted()
T48A8 017:943.502 - 0.648ms returns FALSE
T48A8 018:051.972 JLINK_IsHalted()
T48A8 018:052.926 - 0.954ms returns FALSE
T48A8 018:053.084 JLINK_IsHalted()
T48A8 018:053.790 - 0.704ms returns FALSE
T48A8 018:161.428 JLINK_IsHalted()
T48A8 018:162.088 - 0.661ms returns FALSE
T48A8 018:162.196 JLINK_IsHalted()
T48A8 018:162.798 - 0.603ms returns FALSE
T48A8 018:270.760 JLINK_IsHalted()
T48A8 018:271.232 - 0.472ms returns FALSE
T48A8 018:271.292 JLINK_IsHalted()
T48A8 018:271.786 - 0.492ms returns FALSE
T48A8 018:379.234 JLINK_IsHalted()
T48A8 018:379.930 - 0.697ms returns FALSE
T48A8 018:379.988 JLINK_IsHalted()
T48A8 018:380.580 - 0.592ms returns FALSE
T48A8 018:489.044 JLINK_IsHalted()
T48A8 018:489.582 - 0.539ms returns FALSE
T48A8 018:489.646 JLINK_IsHalted()
T48A8 018:490.104 - 0.457ms returns FALSE
T48A8 018:598.212 JLINK_IsHalted()
T48A8 018:598.864 - 0.651ms returns FALSE
T48A8 018:598.964 JLINK_IsHalted()
T48A8 018:599.514 - 0.550ms returns FALSE
T48A8 018:707.602 JLINK_IsHalted()
T48A8 018:708.266 - 0.663ms returns FALSE
T48A8 018:708.356 JLINK_IsHalted()
T48A8 018:708.948 - 0.591ms returns FALSE
T48A8 018:818.022 JLINK_IsHalted()
T48A8 018:818.764 - 0.739ms returns FALSE
T48A8 018:818.860 JLINK_IsHalted()
T48A8 018:819.506 - 0.644ms returns FALSE
T3FBC 018:861.890 JLINK_IsHalted()
T3FBC 018:862.572 - 0.680ms returns FALSE
T3FBC 018:862.708 JLINK_IsHalted()
T3FBC 018:863.328 - 0.620ms returns FALSE
T48A8 018:927.138 JLINK_IsHalted()
T48A8 018:928.112 - 0.972ms returns FALSE
T48A8 018:928.252 JLINK_IsHalted()
T48A8 018:928.868 - 0.613ms returns FALSE
T48A8 019:035.516 JLINK_IsHalted()
T48A8 019:036.422 - 0.906ms returns FALSE
T48A8 019:036.560 JLINK_IsHalted()
T48A8 019:037.340 - 0.778ms returns FALSE
T48A8 019:145.598 JLINK_IsHalted()
T48A8 019:146.254 - 0.656ms returns FALSE
T48A8 019:146.346 JLINK_IsHalted()
T48A8 019:147.052 - 0.704ms returns FALSE
T48A8 019:254.492 JLINK_IsHalted()
T48A8 019:255.020 - 0.527ms returns FALSE
T48A8 019:255.076 JLINK_IsHalted()
T48A8 019:255.620 - 0.542ms returns FALSE
T48A8 019:363.832 JLINK_IsHalted()
T48A8 019:364.444 - 0.612ms returns FALSE
T48A8 019:364.528 JLINK_IsHalted()
T48A8 019:365.114 - 0.584ms returns FALSE
T48A8 019:474.642 JLINK_IsHalted()
T48A8 019:475.358 - 0.715ms returns FALSE
T48A8 019:475.448 JLINK_IsHalted()
T48A8 019:475.940 - 0.491ms returns FALSE
T48A8 019:582.628 JLINK_IsHalted()
T48A8 019:583.484 - 0.855ms returns FALSE
T48A8 019:583.628 JLINK_IsHalted()
T48A8 019:584.362 - 0.731ms returns FALSE
T48A8 019:692.062 JLINK_IsHalted()
T48A8 019:692.706 - 0.642ms returns FALSE
T48A8 019:692.768 JLINK_IsHalted()
T48A8 019:693.298 - 0.529ms returns FALSE
T48A8 019:802.208 JLINK_IsHalted()
T48A8 019:803.074 - 0.866ms returns FALSE
T48A8 019:803.180 JLINK_IsHalted()
T48A8 019:803.792 - 0.609ms returns FALSE
T3FBC 019:864.076 JLINK_IsHalted()
T3FBC 019:864.834 - 0.756ms returns FALSE
T3FBC 019:864.932 JLINK_IsHalted()
T3FBC 019:865.596 - 0.663ms returns FALSE
T48A8 019:910.860 JLINK_IsHalted()
T48A8 019:911.570 - 0.710ms returns FALSE
T48A8 019:911.662 JLINK_IsHalted()
T48A8 019:912.292 - 0.629ms returns FALSE
T48A8 020:021.364 JLINK_IsHalted()
T48A8 020:021.956 - 0.591ms returns FALSE
T48A8 020:022.012 JLINK_IsHalted()
T48A8 020:022.538 - 0.525ms returns FALSE
T48A8 020:131.410 JLINK_IsHalted()
T48A8 020:132.092 - 0.680ms returns FALSE
T48A8 020:132.150 JLINK_IsHalted()
T48A8 020:132.720 - 0.570ms returns FALSE
T48A8 020:239.534 JLINK_IsHalted()
T48A8 020:240.178 - 0.643ms returns FALSE
T48A8 020:240.236 JLINK_IsHalted()
T48A8 020:240.710 - 0.473ms returns FALSE
T48A8 020:348.060 JLINK_IsHalted()
T48A8 020:348.590 - 0.530ms returns FALSE
T48A8 020:348.642 JLINK_IsHalted()
T48A8 020:349.248 - 0.604ms returns FALSE
T48A8 020:458.218 JLINK_IsHalted()
T48A8 020:458.966 - 0.749ms returns FALSE
T48A8 020:459.152 JLINK_IsHalted()
T48A8 020:459.668 - 0.518ms returns FALSE
T48A8 020:568.398 JLINK_IsHalted()
T48A8 020:568.994 - 0.596ms returns FALSE
T48A8 020:569.050 JLINK_IsHalted()
T48A8 020:569.534 - 0.485ms returns FALSE
T48A8 020:676.484 JLINK_IsHalted()
T48A8 020:677.054 - 0.569ms returns FALSE
T48A8 020:677.104 JLINK_IsHalted()
T48A8 020:677.614 - 0.510ms returns FALSE
T48A8 020:785.606 JLINK_IsHalted()
T48A8 020:786.326 - 0.720ms returns FALSE
T48A8 020:786.388 JLINK_IsHalted()
T48A8 020:786.834 - 0.443ms returns FALSE
T3FBC 020:866.404 JLINK_IsHalted()
T3FBC 020:867.146 - 0.741ms returns FALSE
T3FBC 020:867.258 JLINK_IsHalted()
T3FBC 020:867.874 - 0.614ms returns FALSE
T48A8 020:896.300 JLINK_IsHalted()
T48A8 020:896.926 - 0.624ms returns FALSE
T48A8 020:897.012 JLINK_IsHalted()
T48A8 020:897.514 - 0.499ms returns FALSE
T48A8 021:004.574 JLINK_IsHalted()
T48A8 021:005.528 - 0.953ms returns FALSE
T48A8 021:005.692 JLINK_IsHalted()
T48A8 021:006.344 - 0.649ms returns FALSE
T48A8 021:113.740 JLINK_IsHalted()
T48A8 021:114.404 - 0.666ms returns FALSE
T48A8 021:114.498 JLINK_IsHalted()
T48A8 021:115.118 - 0.620ms returns FALSE
T48A8 021:223.934 JLINK_IsHalted()
T48A8 021:224.526 - 0.591ms returns FALSE
T48A8 021:224.582 JLINK_IsHalted()
T48A8 021:225.178 - 0.594ms returns FALSE
T48A8 021:332.432 JLINK_IsHalted()
T48A8 021:333.082 - 0.648ms returns FALSE
T48A8 021:333.160 JLINK_IsHalted()
T48A8 021:333.588 - 0.425ms returns FALSE
T48A8 021:442.166 JLINK_IsHalted()
T48A8 021:442.888 - 0.721ms returns FALSE
T48A8 021:442.992 JLINK_IsHalted()
T48A8 021:443.648 - 0.654ms returns FALSE
T48A8 021:551.276 JLINK_IsHalted()
T48A8 021:551.792 - 0.518ms returns FALSE
T48A8 021:551.854 JLINK_IsHalted()
T48A8 021:552.346 - 0.489ms returns FALSE
T48A8 021:660.464 JLINK_IsHalted()
T48A8 021:661.016 - 0.553ms returns FALSE
T48A8 021:661.056 JLINK_IsHalted()
T48A8 021:661.526 - 0.468ms returns FALSE
T48A8 021:770.294 JLINK_IsHalted()
T48A8 021:770.888 - 0.594ms returns FALSE
T48A8 021:770.946 JLINK_IsHalted()
T48A8 021:771.392 - 0.446ms returns FALSE
T3FBC 021:869.530 JLINK_IsHalted()
T3FBC 021:870.174 - 0.646ms returns FALSE
T3FBC 021:870.242 JLINK_IsHalted()
T3FBC 021:870.828 - 0.585ms returns FALSE
T48A8 021:880.226 JLINK_IsHalted()
T48A8 021:880.872 - 0.645ms returns FALSE
T48A8 021:880.964 JLINK_IsHalted()
T48A8 021:881.450 - 0.484ms returns FALSE
T48A8 021:989.466 JLINK_IsHalted()
T48A8 021:990.000 - 0.533ms returns FALSE
T48A8 021:990.062 JLINK_IsHalted()
T48A8 021:990.578 - 0.509ms returns FALSE
T48A8 022:098.190 JLINK_IsHalted()
T48A8 022:098.852 - 0.661ms returns FALSE
T48A8 022:098.962 JLINK_IsHalted()
T48A8 022:099.452 - 0.488ms returns FALSE
T48A8 022:207.548 JLINK_IsHalted()
T48A8 022:208.224 - 0.674ms returns FALSE
T48A8 022:208.320 JLINK_IsHalted()
T48A8 022:208.876 - 0.556ms returns FALSE
T48A8 022:317.566 JLINK_IsHalted()
T48A8 022:318.062 - 0.495ms returns FALSE
T48A8 022:318.132 JLINK_IsHalted()
T48A8 022:318.490 - 0.356ms returns FALSE
T48A8 022:426.162 JLINK_IsHalted()
T48A8 022:426.670 - 0.509ms returns FALSE
T48A8 022:426.706 JLINK_IsHalted()
T48A8 022:427.066 - 0.359ms returns FALSE
T48A8 022:536.002 JLINK_IsHalted()
T48A8 022:536.480 - 0.478ms returns FALSE
T48A8 022:536.532 JLINK_IsHalted()
T48A8 022:536.846 - 0.313ms returns FALSE
T48A8 022:645.030 JLINK_IsHalted()
T48A8 022:645.578 - 0.548ms returns FALSE
T48A8 022:645.644 JLINK_IsHalted()
T48A8 022:646.004 - 0.361ms returns FALSE
T48A8 022:755.144 JLINK_IsHalted()
T48A8 022:755.924 - 0.779ms returns FALSE
T48A8 022:756.058 JLINK_IsHalted()
T48A8 022:756.722 - 0.661ms returns FALSE
T48A8 022:863.756 JLINK_IsHalted()
T48A8 022:864.456 - 0.700ms returns FALSE
T48A8 022:864.564 JLINK_IsHalted()
T48A8 022:865.358 - 0.792ms returns FALSE
T3FBC 022:871.110 JLINK_IsHalted()
T3FBC 022:871.810 - 0.699ms returns FALSE
T3FBC 022:871.908 JLINK_IsHalted()
T3FBC 022:872.648 - 0.739ms returns FALSE
T48A8 022:973.032 JLINK_IsHalted()
T48A8 022:973.534 - 0.502ms returns FALSE
T48A8 022:973.588 JLINK_IsHalted()
T48A8 022:974.116 - 0.525ms returns FALSE
T48A8 023:083.028 JLINK_IsHalted()
T48A8 023:083.816 - 0.786ms returns FALSE
T48A8 023:083.888 JLINK_IsHalted()
T48A8 023:084.480 - 0.590ms returns FALSE
T48A8 023:192.676 JLINK_IsHalted()
T48A8 023:193.300 - 0.623ms returns FALSE
T48A8 023:193.388 JLINK_IsHalted()
T48A8 023:193.998 - 0.609ms returns FALSE
T48A8 023:301.348 JLINK_IsHalted()
T48A8 023:301.888 - 0.541ms returns FALSE
T48A8 023:301.928 JLINK_IsHalted()
T48A8 023:302.436 - 0.507ms returns FALSE
T48A8 023:411.220 JLINK_IsHalted()
T48A8 023:411.980 - 0.760ms returns FALSE
T48A8 023:412.096 JLINK_IsHalted()
T48A8 023:412.762 - 0.663ms returns FALSE
T48A8 023:519.972 JLINK_IsHalted()
T48A8 023:520.816 - 0.843ms returns FALSE
T48A8 023:520.966 JLINK_IsHalted()
T48A8 023:521.658 - 0.691ms returns FALSE
T48A8 023:630.006 JLINK_IsHalted()
T48A8 023:630.620 - 0.614ms returns FALSE
T48A8 023:630.702 JLINK_IsHalted()
T48A8 023:631.268 - 0.564ms returns FALSE
T48A8 023:739.374 JLINK_IsHalted()
T48A8 023:740.122 - 0.746ms returns FALSE
T48A8 023:740.220 JLINK_IsHalted()
T48A8 023:740.860 - 0.639ms returns FALSE
T48A8 023:850.316 JLINK_IsHalted()
T48A8 023:851.176 - 0.859ms returns FALSE
T48A8 023:851.300 JLINK_IsHalted()
T48A8 023:851.870 - 0.568ms returns FALSE
T3FBC 023:873.704 JLINK_IsHalted()
T3FBC 023:874.642 - 0.936ms returns FALSE
T3FBC 023:874.784 JLINK_IsHalted()
T3FBC 023:875.548 - 0.765ms returns FALSE
T48A8 023:957.538 JLINK_IsHalted()
T48A8 023:958.290 - 0.750ms returns FALSE
T48A8 023:958.420 JLINK_IsHalted()
T48A8 023:959.092 - 0.672ms returns FALSE
T48A8 024:067.284 JLINK_IsHalted()
T48A8 024:067.894 - 0.611ms returns FALSE
T48A8 024:067.978 JLINK_IsHalted()
T48A8 024:068.600 - 0.621ms returns FALSE
T48A8 024:177.028 JLINK_IsHalted()
T48A8 024:177.604 - 0.576ms returns FALSE
T48A8 024:177.668 JLINK_IsHalted()
T48A8 024:178.236 - 0.566ms returns FALSE
T48A8 024:285.844 JLINK_IsHalted()
T48A8 024:286.336 - 0.492ms returns FALSE
T48A8 024:286.368 JLINK_IsHalted()
T48A8 024:286.772 - 0.403ms returns FALSE
T48A8 024:395.300 JLINK_IsHalted()
T48A8 024:395.810 - 0.511ms returns FALSE
T48A8 024:395.840 JLINK_IsHalted()
T48A8 024:396.296 - 0.455ms returns FALSE
T48A8 024:504.250 JLINK_IsHalted()
T48A8 024:504.746 - 0.494ms returns FALSE
T48A8 024:504.772 JLINK_IsHalted()
T48A8 024:505.206 - 0.432ms returns FALSE
T48A8 024:613.916 JLINK_IsHalted()
T48A8 024:614.504 - 0.590ms returns FALSE
T48A8 024:614.564 JLINK_IsHalted()
T48A8 024:615.060 - 0.494ms returns FALSE
T48A8 024:723.180 JLINK_IsHalted()
T48A8 024:723.808 - 0.627ms returns FALSE
T48A8 024:723.882 JLINK_IsHalted()
T48A8 024:724.396 - 0.513ms returns FALSE
T48A8 024:833.684 JLINK_IsHalted()
T48A8 024:834.280 - 0.597ms returns FALSE
T48A8 024:834.328 JLINK_IsHalted()
T48A8 024:834.836 - 0.506ms returns FALSE
T3FBC 024:877.306 JLINK_IsHalted()
T3FBC 024:878.096 - 0.789ms returns FALSE
T3FBC 024:878.234 JLINK_IsHalted()
T3FBC 024:878.864 - 0.629ms returns FALSE
T48A8 024:941.842 JLINK_IsHalted()
T48A8 024:942.764 - 0.921ms returns FALSE
T48A8 024:942.918 JLINK_IsHalted()
T48A8 024:943.638 - 0.717ms returns FALSE
T48A8 025:051.408 JLINK_IsHalted()
T48A8 025:052.108 - 0.698ms returns FALSE
T48A8 025:052.228 JLINK_IsHalted()
T48A8 025:052.804 - 0.573ms returns FALSE
T48A8 025:161.198 JLINK_IsHalted()
T48A8 025:161.818 - 0.619ms returns FALSE
T48A8 025:161.916 JLINK_IsHalted()
T48A8 025:162.436 - 0.520ms returns FALSE
T48A8 025:270.662 JLINK_IsHalted()
T48A8 025:271.456 - 0.793ms returns FALSE
T48A8 025:271.574 JLINK_IsHalted()
T48A8 025:272.310 - 0.735ms returns FALSE
T48A8 025:379.252 JLINK_IsHalted()
T48A8 025:379.858 - 0.606ms returns FALSE
T48A8 025:379.950 JLINK_IsHalted()
T48A8 025:380.500 - 0.547ms returns FALSE
T48A8 025:489.060 JLINK_IsHalted()
T48A8 025:489.886 - 0.824ms returns FALSE
T48A8 025:489.990 JLINK_IsHalted()
T48A8 025:490.672 - 0.679ms returns FALSE
T48A8 025:598.288 JLINK_IsHalted()
T48A8 025:599.236 - 0.947ms returns FALSE
T48A8 025:599.380 JLINK_IsHalted()
T48A8 025:599.940 - 0.558ms returns FALSE
T48A8 025:708.312 JLINK_IsHalted()
T48A8 025:709.238 - 0.925ms returns FALSE
T48A8 025:709.382 JLINK_IsHalted()
T48A8 025:710.124 - 0.741ms returns FALSE
T48A8 025:817.564 JLINK_IsHalted()
T48A8 025:818.226 - 0.660ms returns FALSE
T48A8 025:818.324 JLINK_IsHalted()
T48A8 025:818.988 - 0.661ms returns FALSE
T3FBC 025:879.570 JLINK_IsHalted()
T3FBC 025:880.492 - 0.922ms returns FALSE
T3FBC 025:880.652 JLINK_IsHalted()
T3FBC 025:881.334 - 0.682ms returns FALSE
T48A8 025:926.306 JLINK_IsHalted()
T48A8 025:927.012 - 0.708ms returns FALSE
T48A8 025:927.060 JLINK_IsHalted()
T48A8 025:927.756 - 0.695ms returns FALSE
T48A8 026:036.472 JLINK_IsHalted()
T48A8 026:038.446 - 1.975ms returns FALSE
T48A8 026:038.534 JLINK_IsHalted()
T48A8 026:039.148 - 0.613ms returns FALSE
T48A8 026:146.758 JLINK_IsHalted()
T48A8 026:147.380 - 0.619ms returns FALSE
T48A8 026:147.468 JLINK_IsHalted()
T48A8 026:148.028 - 0.557ms returns FALSE
T48A8 026:254.660 JLINK_IsHalted()
T48A8 026:255.580 - 0.921ms returns FALSE
T48A8 026:255.724 JLINK_IsHalted()
T48A8 026:256.470 - 0.744ms returns FALSE
T48A8 026:363.704 JLINK_IsHalted()
T48A8 026:364.252 - 0.548ms returns FALSE
T48A8 026:364.300 JLINK_IsHalted()
T48A8 026:364.780 - 0.478ms returns FALSE
T48A8 026:473.788 JLINK_IsHalted()
T48A8 026:474.412 - 0.625ms returns FALSE
T48A8 026:474.452 JLINK_IsHalted()
T48A8 026:474.908 - 0.458ms returns FALSE
T48A8 026:583.044 JLINK_IsHalted()
T48A8 026:583.860 - 0.815ms returns FALSE
T48A8 026:583.956 JLINK_IsHalted()
T48A8 026:584.612 - 0.653ms returns FALSE
T48A8 026:692.628 JLINK_IsHalted()
T48A8 026:693.356 - 0.727ms returns FALSE
T48A8 026:693.484 JLINK_IsHalted()
T48A8 026:694.020 - 0.535ms returns FALSE
T48A8 026:801.778 JLINK_IsHalted()
T48A8 026:802.372 - 0.593ms returns FALSE
T48A8 026:802.428 JLINK_IsHalted()
T48A8 026:802.888 - 0.461ms returns FALSE
T3FBC 026:881.894 JLINK_IsHalted()
T3FBC 026:882.340 - 0.445ms returns FALSE
T3FBC 026:882.368 JLINK_IsHalted()
T3FBC 026:882.672 - 0.304ms returns FALSE
T48A8 026:910.934 JLINK_IsHalted()
T48A8 026:911.482 - 0.547ms returns FALSE
T48A8 026:911.548 JLINK_IsHalted()
T48A8 026:911.988 - 0.438ms returns FALSE
T48A8 027:020.672 JLINK_IsHalted()
T48A8 027:021.434 - 0.760ms returns FALSE
T48A8 027:021.552 JLINK_IsHalted()
T48A8 027:022.310 - 0.757ms returns FALSE
T48A8 027:129.540 JLINK_IsHalted()
T48A8 027:130.272 - 0.731ms returns FALSE
T48A8 027:130.374 JLINK_IsHalted()
T48A8 027:131.028 - 0.650ms returns FALSE
T48A8 027:238.844 JLINK_IsHalted()
T48A8 027:239.668 - 0.823ms returns FALSE
T48A8 027:239.798 JLINK_IsHalted()
T48A8 027:240.384 - 0.585ms returns FALSE
T48A8 027:348.276 JLINK_IsHalted()
T48A8 027:348.762 - 0.484ms returns FALSE
T48A8 027:348.828 JLINK_IsHalted()
T48A8 027:349.258 - 0.428ms returns FALSE
T48A8 027:457.740 JLINK_IsHalted()
T48A8 027:458.464 - 0.724ms returns FALSE
T48A8 027:458.518 JLINK_IsHalted()
T48A8 027:458.934 - 0.414ms returns FALSE
T48A8 027:566.816 JLINK_IsHalted()
T48A8 027:567.526 - 0.707ms returns FALSE
T48A8 027:567.574 JLINK_IsHalted()
T48A8 027:568.032 - 0.456ms returns FALSE
T48A8 027:676.640 JLINK_IsHalted()
T48A8 027:677.268 - 0.625ms returns FALSE
T48A8 027:677.348 JLINK_IsHalted()
T48A8 027:677.908 - 0.559ms returns FALSE
T48A8 027:785.862 JLINK_IsHalted()
T48A8 027:786.400 - 0.538ms returns FALSE
T48A8 027:786.460 JLINK_IsHalted()
T48A8 027:786.902 - 0.440ms returns FALSE
T3FBC 027:883.956 JLINK_IsHalted()
T3FBC 027:884.656 - 0.699ms returns FALSE
T3FBC 027:884.748 JLINK_IsHalted()
T3FBC 027:885.292 - 0.544ms returns FALSE
T48A8 027:895.062 JLINK_IsHalted()
T48A8 027:895.740 - 0.677ms returns FALSE
T48A8 027:895.804 JLINK_IsHalted()
T48A8 027:896.378 - 0.567ms returns FALSE
T48A8 028:004.646 JLINK_IsHalted()
T48A8 028:005.494 - 0.849ms returns FALSE
T48A8 028:005.628 JLINK_IsHalted()
T48A8 028:006.298 - 0.665ms returns FALSE
T48A8 028:113.894 JLINK_IsHalted()
T48A8 028:114.564 - 0.667ms returns FALSE
T48A8 028:114.662 JLINK_IsHalted()
T48A8 028:115.274 - 0.611ms returns FALSE
T48A8 028:223.852 JLINK_IsHalted()
T48A8 028:224.540 - 0.688ms returns FALSE
T48A8 028:224.644 JLINK_IsHalted()
T48A8 028:225.172 - 0.527ms returns FALSE
T48A8 028:332.678 JLINK_IsHalted()
T48A8 028:333.260 - 0.582ms returns FALSE
T48A8 028:333.344 JLINK_IsHalted()
T48A8 028:333.862 - 0.518ms returns FALSE
T48A8 028:442.364 JLINK_IsHalted()
T48A8 028:442.986 - 0.622ms returns FALSE
T48A8 028:443.152 JLINK_IsHalted()
T48A8 028:443.700 - 0.545ms returns FALSE
T48A8 028:551.836 JLINK_IsHalted()
T48A8 028:552.544 - 0.709ms returns FALSE
T48A8 028:552.708 JLINK_IsHalted()
T48A8 028:553.244 - 0.537ms returns FALSE
T48A8 028:661.516 JLINK_IsHalted()
T48A8 028:662.096 - 0.578ms returns FALSE
T48A8 028:662.144 JLINK_IsHalted()
T48A8 028:662.612 - 0.468ms returns FALSE
T48A8 028:770.634 JLINK_IsHalted()
T48A8 028:771.348 - 0.716ms returns FALSE
T48A8 028:771.396 JLINK_IsHalted()
T48A8 028:771.818 - 0.422ms returns FALSE
T48A8 028:879.724 JLINK_IsHalted()
T48A8 028:880.298 - 0.571ms returns FALSE
T48A8 028:880.368 JLINK_IsHalted()
T48A8 028:880.940 - 0.570ms returns FALSE
T3FBC 028:885.798 JLINK_IsHalted()
T3FBC 028:886.212 - 0.412ms returns FALSE
T3FBC 028:886.260 JLINK_IsHalted()
T3FBC 028:886.688 - 0.431ms returns FALSE
T48A8 028:989.478 JLINK_IsHalted()
T48A8 028:989.996 - 0.518ms returns FALSE
T48A8 028:990.038 JLINK_IsHalted()
T48A8 028:990.470 - 0.431ms returns FALSE
T48A8 029:098.708 JLINK_IsHalted()
T48A8 029:099.468 - 0.761ms returns FALSE
T48A8 029:099.562 JLINK_IsHalted()
T48A8 029:100.256 - 0.691ms returns FALSE
T48A8 029:207.850 JLINK_IsHalted()
T48A8 029:208.538 - 0.684ms returns FALSE
T48A8 029:208.636 JLINK_IsHalted()
T48A8 029:209.292 - 0.652ms returns FALSE
T48A8 029:316.948 JLINK_IsHalted()
T48A8 029:317.620 - 0.672ms returns FALSE
T48A8 029:317.676 JLINK_IsHalted()
T48A8 029:318.278 - 0.600ms returns FALSE
T48A8 029:426.272 JLINK_IsHalted()
T48A8 029:426.908 - 0.635ms returns FALSE
T48A8 029:427.072 JLINK_IsHalted()
T48A8 029:427.606 - 0.574ms returns FALSE
T48A8 029:535.862 JLINK_IsHalted()
T48A8 029:536.554 - 0.692ms returns FALSE
T48A8 029:536.692 JLINK_IsHalted()
T48A8 029:537.312 - 0.619ms returns FALSE
T48A8 029:645.430 JLINK_IsHalted()
T48A8 029:646.128 - 0.697ms returns FALSE
T48A8 029:646.224 JLINK_IsHalted()
T48A8 029:646.826 - 0.598ms returns FALSE
T48A8 029:754.618 JLINK_IsHalted()
T48A8 029:755.316 - 0.696ms returns FALSE
T48A8 029:755.376 JLINK_IsHalted()
T48A8 029:755.932 - 0.556ms returns FALSE
T48A8 029:863.622 JLINK_IsHalted()
T48A8 029:864.480 - 0.858ms returns FALSE
T48A8 029:864.588 JLINK_IsHalted()
T48A8 029:865.316 - 0.727ms returns FALSE
T3FBC 029:888.070 JLINK_IsHalted()
T3FBC 029:888.912 - 0.843ms returns FALSE
T3FBC 029:889.028 JLINK_IsHalted()
T3FBC 029:889.642 - 0.611ms returns FALSE
T48A8 029:973.878 JLINK_IsHalted()
T48A8 029:974.538 - 0.657ms returns FALSE
T48A8 029:974.596 JLINK_IsHalted()
T48A8 029:975.110 - 0.516ms returns FALSE
T48A8 030:082.714 JLINK_IsHalted()
T48A8 030:083.500 - 0.787ms returns FALSE
T48A8 030:083.612 JLINK_IsHalted()
T48A8 030:084.160 - 0.544ms returns FALSE
T48A8 030:191.690 JLINK_IsHalted()
T48A8 030:192.252 - 0.560ms returns FALSE
T48A8 030:192.336 JLINK_IsHalted()
T48A8 030:192.884 - 0.544ms returns FALSE
T48A8 030:302.540 JLINK_IsHalted()
T48A8 030:303.222 - 0.681ms returns FALSE
T48A8 030:303.302 JLINK_IsHalted()
T48A8 030:303.930 - 0.627ms returns FALSE
T48A8 030:410.566 JLINK_IsHalted()
T48A8 030:411.236 - 0.668ms returns FALSE
T48A8 030:411.316 JLINK_IsHalted()
T48A8 030:411.802 - 0.486ms returns FALSE
T48A8 030:519.828 JLINK_IsHalted()
T48A8 030:520.444 - 0.615ms returns FALSE
T48A8 030:520.528 JLINK_IsHalted()
T48A8 030:521.126 - 0.596ms returns FALSE
T48A8 030:629.444 JLINK_IsHalted()
T48A8 030:630.086 - 0.641ms returns FALSE
T48A8 030:630.170 JLINK_IsHalted()
T48A8 030:630.694 - 0.524ms returns FALSE
T48A8 030:739.552 JLINK_IsHalted()
T48A8 030:740.426 - 0.875ms returns FALSE
T48A8 030:740.580 JLINK_IsHalted()
T48A8 030:741.366 - 0.787ms returns FALSE
T48A8 030:848.640 JLINK_IsHalted()
T48A8 030:849.276 - 0.638ms returns FALSE
T48A8 030:849.354 JLINK_IsHalted()
T48A8 030:849.876 - 0.521ms returns FALSE
T3FBC 030:890.038 JLINK_IsHalted()
T3FBC 030:890.618 - 0.580ms returns FALSE
T3FBC 030:890.676 JLINK_IsHalted()
T3FBC 030:891.206 - 0.533ms returns FALSE
T48A8 030:957.802 JLINK_IsHalted()
T48A8 030:958.374 - 0.571ms returns FALSE
T48A8 030:958.426 JLINK_IsHalted()
T48A8 030:958.860 - 0.434ms returns FALSE
T48A8 031:066.986 JLINK_IsHalted()
T48A8 031:067.514 - 0.528ms returns FALSE
T48A8 031:067.556 JLINK_IsHalted()
T48A8 031:067.984 - 0.430ms returns FALSE
T48A8 031:176.470 JLINK_IsHalted()
T48A8 031:177.332 - 0.860ms returns FALSE
T48A8 031:177.386 JLINK_IsHalted()
T48A8 031:177.844 - 0.456ms returns FALSE
T48A8 031:286.268 JLINK_IsHalted()
T48A8 031:286.874 - 0.605ms returns FALSE
T48A8 031:286.956 JLINK_IsHalted()
T48A8 031:287.556 - 0.597ms returns FALSE
T48A8 031:395.644 JLINK_IsHalted()
T48A8 031:396.314 - 0.665ms returns FALSE
T48A8 031:396.400 JLINK_IsHalted()
T48A8 031:397.100 - 0.700ms returns FALSE
T48A8 031:505.158 JLINK_IsHalted()
T48A8 031:505.850 - 0.690ms returns FALSE
T48A8 031:505.908 JLINK_IsHalted()
T48A8 031:506.298 - 0.390ms returns FALSE
T48A8 031:613.878 JLINK_IsHalted()
T48A8 031:614.752 - 0.874ms returns FALSE
T48A8 031:614.870 JLINK_IsHalted()
T48A8 031:615.476 - 0.604ms returns FALSE
T48A8 031:723.776 JLINK_IsHalted()
T48A8 031:724.692 - 0.914ms returns FALSE
T48A8 031:724.842 JLINK_IsHalted()
T48A8 031:725.498 - 0.653ms returns FALSE
T48A8 031:833.114 JLINK_IsHalted()
T48A8 031:833.786 - 0.670ms returns FALSE
T48A8 031:833.888 JLINK_IsHalted()
T48A8 031:834.576 - 0.686ms returns FALSE
T3FBC 031:891.900 JLINK_IsHalted()
T3FBC 031:892.586 - 0.685ms returns FALSE
T3FBC 031:892.682 JLINK_IsHalted()
T3FBC 031:893.300 - 0.618ms returns FALSE
T48A8 031:941.872 JLINK_IsHalted()
T48A8 031:942.688 - 0.815ms returns FALSE
T48A8 031:942.820 JLINK_IsHalted()
T48A8 031:943.498 - 0.679ms returns FALSE
T48A8 032:051.364 JLINK_IsHalted()
T48A8 032:051.988 - 0.623ms returns FALSE
T48A8 032:052.076 JLINK_IsHalted()
T48A8 032:052.688 - 0.607ms returns FALSE
T48A8 032:161.196 JLINK_IsHalted()
T48A8 032:161.850 - 0.653ms returns FALSE
T48A8 032:161.932 JLINK_IsHalted()
T48A8 032:162.550 - 0.615ms returns FALSE
T48A8 032:269.946 JLINK_IsHalted()
T48A8 032:270.480 - 0.536ms returns FALSE
T48A8 032:270.506 JLINK_IsHalted()
T48A8 032:270.982 - 0.476ms returns FALSE
T48A8 032:379.188 JLINK_IsHalted()
T48A8 032:379.772 - 0.585ms returns FALSE
T48A8 032:379.856 JLINK_IsHalted()
T48A8 032:380.388 - 0.530ms returns FALSE
T48A8 032:489.542 JLINK_IsHalted()
T48A8 032:490.310 - 0.767ms returns FALSE
T48A8 032:490.428 JLINK_IsHalted()
T48A8 032:491.046 - 0.615ms returns FALSE
T48A8 032:598.528 JLINK_IsHalted()
T48A8 032:599.260 - 0.730ms returns FALSE
T48A8 032:599.364 JLINK_IsHalted()
T48A8 032:599.962 - 0.595ms returns FALSE
T48A8 032:708.064 JLINK_IsHalted()
T48A8 032:708.746 - 0.680ms returns FALSE
T48A8 032:708.838 JLINK_IsHalted()
T48A8 032:709.472 - 0.632ms returns FALSE
T48A8 032:817.516 JLINK_IsHalted()
T48A8 032:818.068 - 0.549ms returns FALSE
T48A8 032:818.124 JLINK_IsHalted()
T48A8 032:818.662 - 0.536ms returns FALSE
T3FBC 032:894.490 JLINK_IsHalted()
T3FBC 032:895.092 - 0.602ms returns FALSE
T3FBC 032:895.162 JLINK_IsHalted()
T3FBC 032:895.684 - 0.521ms returns FALSE
T48A8 032:926.854 JLINK_IsHalted()
T48A8 032:927.556 - 0.699ms returns FALSE
T48A8 032:927.642 JLINK_IsHalted()
T48A8 032:928.374 - 0.731ms returns FALSE
T48A8 033:035.556 JLINK_IsHalted()
T48A8 033:036.006 - 0.450ms returns FALSE
T48A8 033:036.054 JLINK_IsHalted()
T48A8 033:036.394 - 0.339ms returns FALSE
T48A8 033:145.148 JLINK_IsHalted()
T48A8 033:145.674 - 0.527ms returns FALSE
T48A8 033:145.718 JLINK_IsHalted()
T48A8 033:146.230 - 0.510ms returns FALSE
T48A8 033:255.084 JLINK_IsHalted()
T48A8 033:257.072   
  ***** Error: 
T48A8 033:257.148   Communication timed out: Requested 4 bytes, received 0 bytes !
T48A8 033:257.174 - 2.090ms returns ERROR
T48A8 033:257.194 JLINK_IsHalted()
T48A8 033:259.124 - 1.925ms returns ERROR
T5BA4 033:267.492   
  ***** Error: Connection to emulator lost!
T6858 033:267.568 JLINK_Halt()
T6858 033:267.612 - 0.042ms returns 0x00
T6858 033:267.644 JLINK_ReadReg(XPSR)
T6858 033:267.660 - 0.018ms returns 0x00000000
T6858 033:270.000 JLINK_Close()
T6858 033:283.626 - 13.626ms
T6858 033:283.716   
T6858 033:283.732   Closed
