T500C 000:008.586   SEGGER J-Link V7.94g Log File
T500C 000:009.939   DLL Compiled: Jan 24 2024 15:48:08
T500C 000:009.969   Logging started @ 2024-02-28 03:02
T500C 000:009.996   Process: C:\Users\trung.tran-quoc\.eclipse\com.renesas.platform_750320768\DebugComp\RA\e2-server-gdb.exe
T500C 000:010.188 - 10.023ms
T500C 000:010.245 JLINK_GetDLLVersion()
T500C 000:010.276 - 0.031ms returns 79407
T500C 000:016.613 JLINK_OpenEx(...)
T500C 000:037.249   Firmware: J-Link OB-S124 compiled Dec 13 2023 14:39:54
T500C 000:039.087   Firmware: J-Link OB-S124 compiled Dec 13 2023 14:39:54
T500C 000:065.660   Hardware: V1.00
T500C 000:065.752   S/N: 831358877
T500C 000:065.792   OEM: SEGGER
T500C 000:065.830   Feature(s): None
T500C 000:068.033   Bootloader: 2019 Oct 15
T500C 000:068.987   USB speed mode: Full speed (12 MBit/s)
T500C 000:070.026   TELNET listener socket opened on port 19021
T500C 000:070.893   WEBSRV WEBSRV_Init(): Starting webserver thread(s)
T500C 000:071.296   WEBSRV Webserver running on local port 19080
T500C 000:071.603   Looking for J-Link GUI Server exe at: C:\Users\trung.tran-quoc\.eclipse\com.renesas.platform_750320768\DebugComp\RA\ARM\Segger_v7.94.7\JLinkGUIServer.exe
T500C 000:072.684   Looking for J-Link GUI Server exe at: \JLinkGUIServer.exe
T500C 000:383.075   Failed to connect to J-Link GUI Server.
T500C 000:383.403 - 366.855ms returns "O.K."
T500C 000:384.484 JLINK_ExecCommand("ProjectFile=C:\FSP_GIT\ra-solutions-rvc\application_projects\r11an0497_RA4M3\example_projects_with_bootloader\ra4m3_swap_with_bootloader_tz\app_ra4m3_s_primary/app_ra4m3_s_primary Debug.jlink", ...). 
T500C 000:460.586 - 76.102ms returns 0x00
T500C 000:465.319 JLINK_ExecCommand("device=R7FA4M3AF", ...). 
T500C 000:469.113   Flash bank @ 0x0100A100: SFL: Parsing sectorization info from ELF file
T500C 000:469.189     FlashDevice.SectorInfo[0]: .SectorSize = 0x00000010, .SectorStartAddr = 0x00000000
T500C 000:469.229   FlashBank @0x0100A100: Sectorization info from SFL ELF file ignored because sectorization override from DLL / XML file is active.
T500C 000:470.870   Flash bank @ 0x60000000: SFL: Parsing sectorization info from ELF file
T500C 000:470.925     FlashDevice.SectorInfo[0]: .SectorSize = 0x00010000, .SectorStartAddr = 0x00000000
T500C 000:477.305   Device "R7FA4M3AF" selected.
T500C 000:481.753 - 16.367ms returns 0x00
T500C 000:481.856 JLINK_ReadMem(0xE000EDF0, 0x4 Bytes, ...)
T500C 000:482.564   ConfigTargetSettings() start
T500C 000:482.648    J-Link Script File: Executing ConfigTargetSettings()
T500C 000:483.120   Configuring FlashDLNoRMWThreshold=0x200 in order to make sure that option bytes programming is done via read-modify-write
T500C 000:811.716   ConfigTargetSettings() end - Took 329ms
T500C 000:813.965   InitTarget() start
T500C 000:814.063    J-Link Script File: Executing InitTarget()
T500C 000:814.113   SWD selected. Executing JTAG -> SWD switching sequence.
T500C 000:820.570   DAP initialized successfully.
T500C 000:820.679   Determining TrustZone configuration...
T500C 000:823.900     Secure Debug: Enabled (SSD)
T500C 000:824.006   Determining currently configured transfer type by reading the AHB-AP CSW register.
T500C 000:826.465     --> Correct transfer type configured. Done.
T500C 000:826.554   InitTarget() end - Took 12.4ms
T500C 000:828.921   Found SW-DP with ID 0x6BA02477
T500C 000:839.433   DPIDR: 0x6BA02477
T500C 000:839.526   CoreSight SoC-400 or earlier
T500C 000:839.590   Scanning AP map to find all available APs
T500C 000:843.459   AP[2]: Stopped AP scan as end of AP map has been reached
T500C 000:843.916   AP[0]: AHB-AP (IDR: 0x84770001)
T500C 000:843.995   AP[1]: APB-AP (IDR: 0x54770002)
T500C 000:844.071   Iterating through AP map to find AHB-AP to use
T500C 000:847.863   AP[0]: Core found
T500C 000:847.935   AP[0]: AHB-AP ROM base: 0xE00FE000
T500C 000:849.890   CPUID register: 0x410FD214. Implementer code: 0x41 (ARM)
T500C 000:850.008   Feature set: Mainline
T500C 000:851.930   Cache: No cache
T500C 000:852.241   Found Cortex-M33 r0p4, Little endian.
T500C 000:852.963   -- Max. mem block: 0x00001948
T500C 000:855.486   CPU_ReadMem(4 bytes @ 0xE000EDF0)
T500C 000:859.139   CPU_WriteMem(4 bytes @ 0xE000EDF0)
T500C 000:861.230   CPU_ReadMem(4 bytes @ 0xE0002000)
T500C 000:863.167   FPUnit: 8 code (BP) slots and 0 literal slots
T500C 000:863.225   CPU_ReadMem(4 bytes @ 0xE000EDFC)
T500C 000:865.237   CPU_WriteMem(4 bytes @ 0xE000EDFC)
T500C 000:867.238   CPU_ReadMem(4 bytes @ 0xE0001000)
T500C 000:869.204   CPU_ReadMem(4 bytes @ 0xE0001000)
T500C 000:871.230   CPU_ReadMem(4 bytes @ 0xE0001028)
T500C 000:873.165   CPU_ReadMem(4 bytes @ 0xE0001038)
T500C 000:875.129   CPU_ReadMem(4 bytes @ 0xE0001048)
T500C 000:877.082   CPU_ReadMem(4 bytes @ 0xE0001058)
T500C 000:878.988   CPU_WriteMem(4 bytes @ 0xE0001000)
T500C 000:880.888   CPU_ReadMem(4 bytes @ 0xE000ED88)
T500C 000:882.895   CPU_WriteMem(4 bytes @ 0xE000ED88)
T500C 000:884.857   CPU_ReadMem(4 bytes @ 0xE000ED88)
T500C 000:886.812   CPU_WriteMem(4 bytes @ 0xE000ED88)
T500C 000:888.707   CPU_ReadMem(4 bytes @ 0xE000EFB8)
T500C 000:890.610   Security extension: implemented
T500C 000:890.657   Secure debug: enabled
T500C 000:890.695   CoreSight components:
T500C 000:890.750   ROMTbl[0] @ E00FE000
T500C 000:890.789   CPU_ReadMem(64 bytes @ 0xE00FE000)
T500C 000:896.838   CPU_ReadMem(32 bytes @ 0xE0044FE0)
T500C 000:900.692   CPU_ReadMem(4 bytes @ 0xE0044FBC)
T500C 000:902.622   CPU_ReadMem(4 bytes @ 0xE0044FCC)
T500C 000:904.603   [0][0]: E0044000 CID B105900D PID 005BB906 DEVARCH 00000000 DEVTYPE 14 CTI (?)
T500C 000:904.677   CPU_ReadMem(32 bytes @ 0xE0047FE0)
T500C 000:908.520   CPU_ReadMem(4 bytes @ 0xE0047FBC)
T500C 000:910.464   CPU_ReadMem(4 bytes @ 0xE0047FCC)
T500C 000:912.370   [0][1]: E0047000 CID B105900D PID 003BB908 DEVARCH 00000000 DEVTYPE 12 CSTF
T500C 000:912.435   CPU_ReadMem(32 bytes @ 0xE0048FE0)
T500C 000:916.299   CPU_ReadMem(4 bytes @ 0xE0048FBC)
T500C 000:918.304   CPU_ReadMem(4 bytes @ 0xE0048FCC)
T500C 000:920.264   [0][2]: E0048000 CID B105900D PID 001BB961 DEVARCH 00000000 DEVTYPE 21 ETB
T500C 000:920.323   CPU_ReadMem(32 bytes @ 0xE0049FE0)
T500C 000:924.150   [0][3]: E0049000 CID B105F00D PID 001BB101 TSG
T500C 000:924.240   CPU_ReadMem(32 bytes @ 0xE0040FE0)
T500C 000:928.091   CPU_ReadMem(4 bytes @ 0xE0040FBC)
T500C 000:930.085   CPU_ReadMem(4 bytes @ 0xE0040FCC)
T500C 000:932.017   [0][4]: E0040000 CID B105900D PID 000BBD21 DEVARCH 00000000 DEVTYPE 11 TPIU
T500C 000:932.075   CPU_ReadMem(32 bytes @ 0xE00FFFE0)
T500C 000:935.894   [0][5]: E00FF000 CID B105100D PID 000BB4C9 ROM Table
T500C 000:935.967   ROMTbl[1] @ E00FF000
T500C 000:936.007   CPU_ReadMem(64 bytes @ 0xE00FF000)
T500C 000:942.030   CPU_ReadMem(32 bytes @ 0xE000EFE0)
T500C 000:945.894   CPU_ReadMem(4 bytes @ 0xE000EFBC)
T500C 000:947.831   CPU_ReadMem(4 bytes @ 0xE000EFCC)
T500C 000:949.766   [1][0]: E000E000 CID B105900D PID 000BBD21 DEVARCH 47702A04 DEVTYPE 00 Cortex-M33
T500C 000:949.848   CPU_ReadMem(32 bytes @ 0xE0001FE0)
T500C 000:953.682   CPU_ReadMem(4 bytes @ 0xE0001FBC)
T500C 000:955.746   CPU_ReadMem(4 bytes @ 0xE0001FCC)
T500C 000:957.792   [1][1]: E0001000 CID B105900D PID 000BBD21 DEVARCH 47701A02 DEVTYPE 00 DWT
T500C 000:957.861   CPU_ReadMem(32 bytes @ 0xE0002FE0)
T500C 000:961.713   CPU_ReadMem(4 bytes @ 0xE0002FBC)
T500C 000:963.681   CPU_ReadMem(4 bytes @ 0xE0002FCC)
T500C 000:965.664   [1][2]: E0002000 CID B105900D PID 000BBD21 DEVARCH 47701A03 DEVTYPE 00 FPB
T500C 000:965.734   CPU_ReadMem(32 bytes @ 0xE0000FE0)
T500C 000:969.665   CPU_ReadMem(4 bytes @ 0xE0000FBC)
T500C 000:971.706   CPU_ReadMem(4 bytes @ 0xE0000FCC)
T500C 000:973.762   [1][3]: E0000000 CID B105900D PID 000BBD21 DEVARCH 47701A01 DEVTYPE 43 ITM
T500C 000:973.852   CPU_ReadMem(32 bytes @ 0xE0041FE0)
T500C 000:977.710   CPU_ReadMem(4 bytes @ 0xE0041FBC)
T500C 000:979.679   CPU_ReadMem(4 bytes @ 0xE0041FCC)
T500C 000:981.671   [1][5]: E0041000 CID B105900D PID 002BBD21 DEVARCH 47724A13 DEVTYPE 13 ETM
T500C 000:981.732   CPU_ReadMem(32 bytes @ 0xE0042FE0)
T500C 000:985.607   CPU_ReadMem(4 bytes @ 0xE0042FBC)
T500C 000:987.641   CPU_ReadMem(4 bytes @ 0xE0042FCC)
T500C 000:989.661   [1][6]: E0042000 CID B105900D PID 000BBD21 DEVARCH 47701A14 DEVTYPE 14 CSS600-CTI
T500C 000:990.142   CPU_ReadMem(4 bytes @ 0xE000EDF0)
T500C 000:992.124   Data:  01 00 14 01
T500C 000:992.184   Debug reg: DHCSR
T500C 000:992.225 - 510.368ms returns 0
T500C 000:992.264 JLINK_ReadMem(0x400E002C, 0x4 Bytes, ...)
T500C 000:992.297   CPU_ReadMem(4 bytes @ 0x400E002C)
T500C 000:994.235   Data:  02 00 00 00
T500C 000:994.321 - 2.056ms returns 0
T500C 000:994.412 JLINK_ReadMem(0xE000EDF0, 0x4 Bytes, ...)
T500C 000:994.465   CPU_ReadMem(4 bytes @ 0xE000EDF0)
T500C 000:996.458   Data:  01 00 14 01
T500C 000:996.517   Debug reg: DHCSR
T500C 000:996.557 - 2.144ms returns 0
T500C 000:997.219 JLINK_ReadMem(0xE000EDF0, 0x4 Bytes, ...)
T500C 000:997.282   CPU_ReadMem(4 bytes @ 0xE000EDF0)
T500C 000:999.289   Data:  01 00 14 01
T500C 000:999.347   Debug reg: DHCSR
T500C 000:999.386 - 2.167ms returns 0
T500C 000:999.420 JLINK_ReadMem(0x400E001C, 0x4 Bytes, ...)
T500C 000:999.454   CPU_ReadMem(4 bytes @ 0x400E001C)
T500C 001:001.357   Data:  00 FC 02 00
T500C 001:001.433 - 2.012ms returns 0
T500C 001:001.477 JLINK_ReadMem(0xE000EDF0, 0x4 Bytes, ...)
T500C 001:001.523   CPU_ReadMem(4 bytes @ 0xE000EDF0)
T500C 001:003.439   Data:  01 00 14 01
T500C 001:003.534   Debug reg: DHCSR
T500C 001:003.592 - 2.115ms returns 0
T500C 001:003.646 JLINK_ReadMem(0x400E0018, 0x4 Bytes, ...)
T500C 001:003.698   CPU_ReadMem(4 bytes @ 0x400E0018)
T500C 001:005.681   Data:  00 00 03 00
T500C 001:005.773 - 2.127ms returns 0
T500C 001:005.834 JLINK_ReadMem(0xE000EDF0, 0x4 Bytes, ...)
T500C 001:005.896   CPU_ReadMem(4 bytes @ 0xE000EDF0)
T500C 001:007.904   Data:  01 00 14 01
T500C 001:008.060   Debug reg: DHCSR
T500C 001:008.130 - 2.294ms returns 0
T500C 001:008.186 JLINK_ReadMem(0x400E0020, 0x4 Bytes, ...)
T500C 001:008.242   CPU_ReadMem(4 bytes @ 0x400E0020)
T500C 001:010.262   Data:  00 00 00 00
T500C 001:010.351 - 2.164ms returns 0
T500C 001:010.413 JLINK_ReadMem(0xE000EDF0, 0x4 Bytes, ...)
T500C 001:010.454   CPU_ReadMem(4 bytes @ 0xE000EDF0)
T500C 001:012.370   Data:  01 00 14 01
T500C 001:012.421   Debug reg: DHCSR
T500C 001:012.459 - 2.046ms returns 0
T500C 001:012.495 JLINK_ReadMem(0x400E0028, 0x4 Bytes, ...)
T500C 001:012.527   CPU_ReadMem(4 bytes @ 0x400E0028)
T500C 001:014.467   Data:  00 E0 01 00
T500C 001:014.554 - 2.058ms returns 0
T500C 001:014.612 JLINK_ReadMem(0xE000EDF0, 0x4 Bytes, ...)
T500C 001:014.663   CPU_ReadMem(4 bytes @ 0xE000EDF0)
T500C 001:016.645   Data:  01 00 14 01
T500C 001:016.729   Debug reg: DHCSR
T500C 001:016.790 - 2.177ms returns 0
T500C 001:016.844 JLINK_ReadMem(0x400E0024, 0x4 Bytes, ...)
T500C 001:016.895   CPU_ReadMem(4 bytes @ 0x400E0024)
T500C 001:018.895   Data:  00 E0 01 00
T500C 001:019.022 - 2.178ms returns 0
T500C 001:019.133 JLINK_ReadMem(0xE000EDF0, 0x4 Bytes, ...)
T500C 001:019.197   CPU_ReadMem(4 bytes @ 0xE000EDF0)
T500C 001:021.260   Data:  01 00 14 01
T500C 001:021.338   Debug reg: DHCSR
T500C 001:021.390 - 2.257ms returns 0
T500C 001:021.563 JLINK_ReadMem(0x400E002C, 0x4 Bytes, ...)
T500C 001:021.620   CPU_ReadMem(4 bytes @ 0x400E002C)
T500C 001:023.574   Data:  02 00 00 00
T500C 001:023.693 - 2.130ms returns 0
T500C 001:024.573 JLINK_ReadMem(0xE000EDF0, 0x4 Bytes, ...)
T500C 001:024.652   CPU_ReadMem(4 bytes @ 0xE000EDF0)
T500C 001:026.600   Data:  01 00 14 01
T500C 001:026.709   Debug reg: DHCSR
T500C 001:026.765 - 2.192ms returns 0
T500C 001:026.824 JLINK_ReadMem(0x400E002C, 0x4 Bytes, ...)
T500C 001:026.879   CPU_ReadMem(4 bytes @ 0x400E002C)
T500C 001:028.869   Data:  02 00 00 00
T500C 001:028.969 - 2.145ms returns 0
T500C 001:037.524 JLINK_Close()
T500C 001:064.236 - 26.710ms
T500C 001:064.304   
T500C 001:064.338   Closed
