T828C 000:001.337   SEGGER J-Link V7.98g Log File
T828C 000:001.527   DLL Compiled: Sep  5 2024 11:46:36
T828C 000:001.547   Logging started @ 2024-11-19 06:43
T828C 000:001.566   Process: C:\Users\a5099044\.eclipse\com.renesas.platform_15818172\DebugComp\RA\e2-server-gdb.exe
T828C 000:001.587 - 1.585ms
T828C 000:001.618 JLINK_GetDLLVersion()
T828C 000:001.639 - 0.021ms returns 79807
T828C 000:007.602 JLINK_OpenEx(...)
T828C 000:020.214   Firmware: J-Link OB-RA4M2 compiled Jul  3 2024 17:03:13
T828C 000:021.044   Firmware: J-Link OB-RA4M2 compiled Jul  3 2024 17:03:13
T828C 000:034.927   Hardware: V1.00
T828C 000:034.992   S/N: 1082859018
T828C 000:035.021   OEM: SEGGER
T828C 000:035.050   Feature(s): None
T828C 000:035.803   Bootloader: 2021 May 14
T828C 000:036.327   USB speed mode: Full speed (12 MBit/s)
T828C 000:036.820   TELNET listener socket opened on port 19021
T828C 000:037.099   WEBSRV WEBSRV_Init(): Starting webserver thread(s)
T828C 000:037.265   WEBSRV Failed to put socket into listener state (port 19080)
T828C 000:037.534   WEBSRV Webserver running on local port 19081
T828C 000:037.887   Looking for J-Link GUI Server exe at: C:\Users\a5099044\.eclipse\com.renesas.platform_15818172\DebugComp\RA\ARM\Segger_v7.98.7\JLinkGUIServer.exe
T828C 000:038.568   Looking for J-Link GUI Server exe at: \JLinkGUIServer.exe
T828C 000:039.404   J-Link GUI Server info: "J-Link GUI server V7.98g "
T828C 000:039.822 - 32.214ms returns "O.K."
T828C 000:039.939 JLINK_TIF_Select(JLINKARM_TIF_SWD)
T828C 000:040.652 - 0.712ms returns 0x00
T828C 000:040.709 JLINK_ClrRESET()
T828C 000:041.017 - 0.308ms
T828C 000:091.562 JLINK_SetSpeed(1500)
T828C 000:091.805 - 0.254ms
T828C 000:091.836 JLINK_CORESIGHT_Configure(PerformTIFInit=0)
T828C 000:092.303 - 0.469ms returns 0
T828C 000:092.334 JLINK_CORESIGHT_ReadAPDPReg(DP reg 0x00)
T828C 000:092.775   Value=0x6BA02477
T828C 000:092.807 - 0.473ms returns 0
T828C 000:092.829 JLINK_CORESIGHT_WriteAPDPReg(DP reg 0x00, 0x0000001F)
T828C 000:093.114 - 0.285ms returns 0
T828C 000:093.138 JLINK_CORESIGHT_ReadAPDPReg(DP reg 0x00)
T828C 000:093.360   Value=0x6BA02477
T828C 000:093.391 - 0.253ms returns 0
T828C 000:093.413 JLINK_CORESIGHT_WriteAPDPReg(DP reg 0x02, 0x00000000)
T828C 000:093.640 - 0.226ms returns 0
T828C 000:093.670 JLINK_CORESIGHT_WriteAPDPReg(DP reg 0x01, 0x50000000)
T828C 000:093.901 - 0.231ms returns 0
T828C 000:093.931 JLINK_CORESIGHT_ReadAPDPReg(DP reg 0x01)
T828C 000:094.160   Value=0xF0000040
T828C 000:094.191 - 0.259ms returns 0
T828C 000:094.212 JLINK_CORESIGHT_WriteAPDPReg(DP reg 0x00, 0x0000001F)
T828C 000:094.443 - 0.231ms returns 0
T828C 000:094.467 JLINK_CORESIGHT_ReadAPDPReg(DP reg 0x00)
T828C 000:094.744   Value=0x6BA02477
T828C 000:094.776 - 0.308ms returns 0
T828C 000:094.797 JLINK_CORESIGHT_WriteAPDPReg(DP reg 0x01, 0x54000000)
T828C 000:095.013 - 0.215ms returns 0
T828C 000:095.036 JLINK_CORESIGHT_WriteAPDPReg(DP reg 0x01, 0x50000F00)
T828C 000:095.263 - 0.226ms returns 0
T828C 000:095.286 JLINK_CORESIGHT_WriteAPDPReg(DP reg 0x02, 0x01000000)
T828C 000:095.534 - 0.246ms returns 0
T828C 000:095.594 JLINK_CORESIGHT_WriteAPDPReg(AP reg 0x00, 0x80000002)
T828C 000:095.842 - 0.249ms returns 0
T828C 000:095.874 JLINK_CORESIGHT_WriteAPDPReg(AP reg 0x01, 0x80011100)
T828C 000:096.113 - 0.239ms returns 0
T828C 000:096.137 JLINK_CORESIGHT_WriteAPDPReg(AP reg 0x03, 0x000000A5)
T828C 000:096.359 - 0.222ms returns 0
T828C 000:096.385 JLINK_CORESIGHT_WriteAPDPReg(AP reg 0x00, 0x80000002)
T828C 000:096.613 - 0.228ms returns 0
T828C 000:096.656 JLINK_CORESIGHT_WriteAPDPReg(AP reg 0x01, 0x80011100)
T828C 000:096.910 - 0.253ms returns 0
T828C 000:096.956 JLINK_CORESIGHT_ReadAPDPReg(AP reg 0x03)
T828C 000:097.245   Value=0x000000A5
T828C 000:097.292 - 0.336ms returns 0
T828C 000:097.321 JLINK_ClrTMS()
T828C 000:097.441 - 0.125ms
T828C 000:102.615 JLINK_SetTCK()
T828C 000:102.862 - 0.246ms returns 0
T828C 000:108.717 JLINK_SetRESET()
T828C 000:108.956 - 0.238ms
T828C 000:309.717 JLINK_CORESIGHT_WriteAPDPReg(AP reg 0x00, 0x80000002)
T828C 000:310.185 - 0.467ms returns 0
T828C 000:310.231 JLINK_CORESIGHT_WriteAPDPReg(AP reg 0x01, 0x80011100)
T828C 000:310.706 - 0.475ms returns 0
T828C 000:310.750 JLINK_CORESIGHT_ReadAPDPReg(AP reg 0x03)
T828C 000:311.194   Value=0x00000000
T828C 000:311.244 - 0.494ms returns 0
T828C 000:311.266 JLINK_CORESIGHT_WriteAPDPReg(AP reg 0x00, 0x80000002)
T828C 000:311.740 - 0.473ms returns 0
T828C 000:311.782 JLINK_CORESIGHT_WriteAPDPReg(AP reg 0x01, 0x80011140)
T828C 000:312.148 - 0.361ms returns 0
T828C 000:312.203 JLINK_CORESIGHT_ReadAPDPReg(AP reg 0x03)
T828C 000:312.607   Value=0x00000002
T828C 000:312.656 - 0.453ms returns 0
T828C 000:312.679 JLINK_CORESIGHT_WriteAPDPReg(AP reg 0x00, 0x80000002)
T828C 000:313.093 - 0.414ms returns 0
T828C 000:313.136 JLINK_CORESIGHT_WriteAPDPReg(AP reg 0x01, 0x80011120)
T828C 000:313.563 - 0.426ms returns 0
T828C 000:313.605 JLINK_CORESIGHT_WriteAPDPReg(AP reg 0x03, 0x00000055)
T828C 000:313.928 - 0.322ms returns 0
T828C 000:313.971 JLINK_CORESIGHT_WriteAPDPReg(AP reg 0x00, 0x80000002)
T828C 000:314.405 - 0.434ms returns 0
T828C 000:314.447 JLINK_CORESIGHT_WriteAPDPReg(AP reg 0x01, 0x80011140)
T828C 000:314.746 - 0.298ms returns 0
T828C 000:314.792 JLINK_CORESIGHT_ReadAPDPReg(AP reg 0x03)
T828C 000:315.242   Value=0x00000000
T828C 000:315.291 - 0.499ms returns 0
T828C 000:315.312 JLINK_CORESIGHT_WriteAPDPReg(AP reg 0x00, 0x80000002)
T828C 000:315.639 - 0.326ms returns 0
T828C 000:315.682 JLINK_CORESIGHT_WriteAPDPReg(AP reg 0x01, 0x80011130)
T828C 000:316.002 - 0.320ms returns 0
T828C 000:316.046 JLINK_CORESIGHT_ReadAPDPReg(AP reg 0x03)
T828C 000:316.357   Value=0x000000C6
T828C 000:316.406 - 0.360ms returns 0
T828C 000:316.432 JLINK_CORESIGHT_WriteAPDPReg(AP reg 0x00, 0x80000002)
T828C 000:316.701 - 0.268ms returns 0
T828C 000:316.743 JLINK_CORESIGHT_WriteAPDPReg(AP reg 0x01, 0x80011140)
T828C 000:316.974 - 0.230ms returns 0
T828C 000:317.016 JLINK_CORESIGHT_ReadAPDPReg(AP reg 0x03)
T828C 000:317.293   Value=0x00000002
T828C 000:317.344 - 0.328ms returns 0
T828C 000:317.366 JLINK_CORESIGHT_WriteAPDPReg(AP reg 0x00, 0x80000002)
T828C 000:317.796 - 0.430ms returns 0
T828C 000:317.841 JLINK_CORESIGHT_WriteAPDPReg(AP reg 0x01, 0x80011120)
T828C 000:318.114 - 0.273ms returns 0
T828C 000:318.158 JLINK_CORESIGHT_WriteAPDPReg(AP reg 0x03, 0x3A010001)
T828C 000:318.382 - 0.223ms returns 0
T828C 000:318.414 JLINK_CORESIGHT_WriteAPDPReg(AP reg 0x00, 0x80000002)
T828C 000:318.635 - 0.221ms returns 0
T828C 000:318.658 JLINK_CORESIGHT_WriteAPDPReg(AP reg 0x01, 0x80011140)
T828C 000:318.873 - 0.215ms returns 0
T828C 000:318.895 JLINK_CORESIGHT_ReadAPDPReg(AP reg 0x03)
T828C 000:319.203   Value=0x00000002
T828C 000:319.238 - 0.343ms returns 0
T828C 000:319.257 JLINK_CORESIGHT_WriteAPDPReg(AP reg 0x00, 0x80000002)
T828C 000:319.683 - 0.425ms returns 0
T828C 000:319.728 JLINK_CORESIGHT_WriteAPDPReg(AP reg 0x01, 0x80011120)
T828C 000:319.997 - 0.268ms returns 0
T828C 000:320.039 JLINK_CORESIGHT_WriteAPDPReg(AP reg 0x03, 0x000003C5)
T828C 000:320.308 - 0.268ms returns 0
T828C 000:320.351 JLINK_CORESIGHT_WriteAPDPReg(AP reg 0x00, 0x80000002)
T828C 000:320.580 - 0.229ms returns 0
T828C 000:320.620 JLINK_CORESIGHT_WriteAPDPReg(AP reg 0x01, 0x80011140)
T828C 000:320.858 - 0.238ms returns 0
T828C 000:320.892 JLINK_CORESIGHT_ReadAPDPReg(AP reg 0x03)
T828C 000:321.160   Value=0x00000002
T828C 000:321.189 - 0.297ms returns 0
T828C 000:321.208 JLINK_CORESIGHT_ReadAPDPReg(AP reg 0x03)
T828C 000:321.459   Value=0x00000000
T828C 000:321.488 - 0.280ms returns 0
T828C 000:321.507 JLINK_CORESIGHT_WriteAPDPReg(AP reg 0x00, 0x80000002)
T828C 000:321.739 - 0.232ms returns 0
T828C 000:321.764 JLINK_CORESIGHT_WriteAPDPReg(AP reg 0x01, 0x80011130)
T828C 000:321.962 - 0.198ms returns 0
T828C 000:321.986 JLINK_CORESIGHT_ReadAPDPReg(AP reg 0x03)
T828C 000:322.254   Value=0x3A2A0081
T828C 000:322.283 - 0.296ms returns 0
T828C 000:322.305 JLINK_CORESIGHT_WriteAPDPReg(AP reg 0x00, 0x80000002)
T828C 000:322.525 - 0.220ms returns 0
T828C 000:322.550 JLINK_CORESIGHT_WriteAPDPReg(AP reg 0x01, 0x80011140)
T828C 000:322.782 - 0.232ms returns 0
T828C 000:322.807 JLINK_CORESIGHT_ReadAPDPReg(AP reg 0x03)
T828C 000:323.136   Value=0x00000000
T828C 000:323.168 - 0.361ms returns 0
T828C 000:323.190 JLINK_CORESIGHT_WriteAPDPReg(AP reg 0x00, 0x80000002)
T828C 000:323.412 - 0.221ms returns 0
T828C 000:323.449 JLINK_CORESIGHT_WriteAPDPReg(AP reg 0x01, 0x80011130)
T828C 000:323.675 - 0.226ms returns 0
T828C 000:323.703 JLINK_CORESIGHT_ReadAPDPReg(AP reg 0x03)
T828C 000:323.963   Value=0x808D5B00
T828C 000:323.993 - 0.290ms returns 0
T828C 000:324.017 JLINK_CORESIGHT_WriteAPDPReg(AP reg 0x00, 0x80000002)
T828C 000:324.244 - 0.227ms returns 0
T828C 000:324.269 JLINK_CORESIGHT_WriteAPDPReg(AP reg 0x01, 0x80011140)
T828C 000:324.487 - 0.218ms returns 0
T828C 000:324.524 JLINK_CORESIGHT_ReadAPDPReg(AP reg 0x03)
T828C 000:324.786   Value=0x00000000
T828C 000:324.821 - 0.297ms returns 0
T828C 000:324.843 JLINK_CORESIGHT_WriteAPDPReg(AP reg 0x00, 0x80000002)
T828C 000:325.088 - 0.244ms returns 0
T828C 000:325.113 JLINK_CORESIGHT_WriteAPDPReg(AP reg 0x01, 0x80011130)
T828C 000:325.372 - 0.258ms returns 0
T828C 000:325.426 JLINK_CORESIGHT_ReadAPDPReg(AP reg 0x03)
T828C 000:325.747   Value=0x0603030B
T828C 000:325.796 - 0.369ms returns 0
T828C 000:325.821 JLINK_CORESIGHT_WriteAPDPReg(AP reg 0x00, 0x80000002)
T828C 000:326.125 - 0.303ms returns 0
T828C 000:326.172 JLINK_CORESIGHT_WriteAPDPReg(AP reg 0x01, 0x80011140)
T828C 000:326.432 - 0.260ms returns 0
T828C 000:326.482 JLINK_CORESIGHT_ReadAPDPReg(AP reg 0x03)
T828C 000:326.794   Value=0x00000000
T828C 000:326.842 - 0.360ms returns 0
T828C 000:326.868 JLINK_CORESIGHT_WriteAPDPReg(AP reg 0x00, 0x80000002)
T828C 000:327.149 - 0.281ms returns 0
T828C 000:327.196 JLINK_CORESIGHT_WriteAPDPReg(AP reg 0x01, 0x80011130)
T828C 000:327.452 - 0.256ms returns 0
T828C 000:327.499 JLINK_CORESIGHT_ReadAPDPReg(AP reg 0x03)
T828C 000:328.047   Value=0x2E4B4E20
T828C 000:328.097 - 0.598ms returns 0
T828C 000:328.123 JLINK_CORESIGHT_WriteAPDPReg(AP reg 0x00, 0x80000002)
T828C 000:328.403 - 0.280ms returns 0
T828C 000:328.451 JLINK_CORESIGHT_WriteAPDPReg(AP reg 0x01, 0x80011140)
T828C 000:328.726 - 0.274ms returns 0
T828C 000:328.773 JLINK_CORESIGHT_ReadAPDPReg(AP reg 0x03)
T828C 000:329.072   Value=0x00000000
T828C 000:329.120 - 0.347ms returns 0
T828C 000:329.146 JLINK_CORESIGHT_WriteAPDPReg(AP reg 0x00, 0x80000002)
T828C 000:329.428 - 0.282ms returns 0
T828C 000:329.475 JLINK_CORESIGHT_WriteAPDPReg(AP reg 0x01, 0x80011130)
T828C 000:329.731 - 0.256ms returns 0
T828C 000:329.778 JLINK_CORESIGHT_ReadAPDPReg(AP reg 0x03)
T828C 000:330.080   Value=0x4EEB4692
T828C 000:330.129 - 0.351ms returns 0
T828C 000:330.155 JLINK_CORESIGHT_WriteAPDPReg(AP reg 0x00, 0x80000002)
T828C 000:330.396 - 0.241ms returns 0
T828C 000:330.424 JLINK_CORESIGHT_WriteAPDPReg(AP reg 0x01, 0x80011140)
T828C 000:330.634 - 0.209ms returns 0
T828C 000:330.660 JLINK_CORESIGHT_ReadAPDPReg(AP reg 0x03)
T828C 000:330.962   Value=0x00000000
T828C 000:330.990 - 0.330ms returns 0
T828C 000:331.013 JLINK_CORESIGHT_WriteAPDPReg(AP reg 0x00, 0x80000002)
T828C 000:331.243 - 0.230ms returns 0
T828C 000:331.267 JLINK_CORESIGHT_WriteAPDPReg(AP reg 0x01, 0x80011130)
T828C 000:331.482 - 0.215ms returns 0
T828C 000:331.506 JLINK_CORESIGHT_ReadAPDPReg(AP reg 0x03)
T828C 000:331.783   Value=0x34503036
T828C 000:331.811 - 0.305ms returns 0
T828C 000:331.832 JLINK_CORESIGHT_WriteAPDPReg(AP reg 0x00, 0x80000002)
T828C 000:332.085 - 0.253ms returns 0
T828C 000:332.109 JLINK_CORESIGHT_WriteAPDPReg(AP reg 0x01, 0x80011140)
T828C 000:332.334 - 0.224ms returns 0
T828C 000:332.358 JLINK_CORESIGHT_ReadAPDPReg(AP reg 0x03)
T828C 000:332.633   Value=0x00000000
T828C 000:332.661 - 0.303ms returns 0
T828C 000:332.682 JLINK_CORESIGHT_WriteAPDPReg(AP reg 0x00, 0x80000002)
T828C 000:332.962 - 0.279ms returns 0
T828C 000:332.986 JLINK_CORESIGHT_WriteAPDPReg(AP reg 0x01, 0x80011130)
T828C 000:333.204 - 0.218ms returns 0
T828C 000:333.228 JLINK_CORESIGHT_ReadAPDPReg(AP reg 0x03)
T828C 000:333.508   Value=0x71142D36
T828C 000:333.542 - 0.314ms returns 0
T828C 000:333.564 JLINK_CORESIGHT_WriteAPDPReg(AP reg 0x00, 0x80000002)
T828C 000:333.787 - 0.223ms returns 0
T828C 000:333.811 JLINK_CORESIGHT_WriteAPDPReg(AP reg 0x01, 0x80011140)
T828C 000:334.084 - 0.272ms returns 0
T828C 000:334.108 JLINK_CORESIGHT_ReadAPDPReg(AP reg 0x03)
T828C 000:334.384   Value=0x00000000
T828C 000:334.412 - 0.304ms returns 0
T828C 000:334.433 JLINK_CORESIGHT_WriteAPDPReg(AP reg 0x00, 0x80000002)
T828C 000:334.650 - 0.217ms returns 0
T828C 000:334.675 JLINK_CORESIGHT_WriteAPDPReg(AP reg 0x01, 0x80011130)
T828C 000:334.966 - 0.291ms returns 0
T828C 000:335.006 JLINK_CORESIGHT_ReadAPDPReg(AP reg 0x03)
T828C 000:335.289   Value=0x4637528A
T828C 000:335.319 - 0.313ms returns 0
T828C 000:335.342 JLINK_CORESIGHT_WriteAPDPReg(AP reg 0x00, 0x80000002)
T828C 000:335.570 - 0.228ms returns 0
T828C 000:335.627 JLINK_CORESIGHT_WriteAPDPReg(AP reg 0x01, 0x80011140)
T828C 000:335.864 - 0.237ms returns 0
T828C 000:335.901 JLINK_CORESIGHT_ReadAPDPReg(AP reg 0x03)
T828C 000:336.199   Value=0x00000000
T828C 000:336.242 - 0.341ms returns 0
T828C 000:336.266 JLINK_CORESIGHT_WriteAPDPReg(AP reg 0x00, 0x80000002)
T828C 000:336.624 - 0.358ms returns 0
T828C 000:336.649 JLINK_CORESIGHT_WriteAPDPReg(AP reg 0x01, 0x80011130)
T828C 000:336.869 - 0.220ms returns 0
T828C 000:336.893 JLINK_CORESIGHT_ReadAPDPReg(AP reg 0x03)
T828C 000:337.166   Value=0x314D3841
T828C 000:337.195 - 0.301ms returns 0
T828C 000:337.216 JLINK_CORESIGHT_WriteAPDPReg(AP reg 0x00, 0x80000002)
T828C 000:337.468 - 0.252ms returns 0
T828C 000:337.492 JLINK_CORESIGHT_WriteAPDPReg(AP reg 0x01, 0x80011140)
T828C 000:337.709 - 0.217ms returns 0
T828C 000:337.733 JLINK_CORESIGHT_ReadAPDPReg(AP reg 0x03)
T828C 000:337.989   Value=0x00000000
T828C 000:338.018 - 0.285ms returns 0
T828C 000:338.040 JLINK_CORESIGHT_WriteAPDPReg(AP reg 0x00, 0x80000002)
T828C 000:338.263 - 0.222ms returns 0
T828C 000:338.286 JLINK_CORESIGHT_WriteAPDPReg(AP reg 0x01, 0x80011130)
T828C 000:338.508 - 0.222ms returns 0
T828C 000:338.533 JLINK_CORESIGHT_ReadAPDPReg(AP reg 0x03)
T828C 000:338.809   Value=0x43454841
T828C 000:338.838 - 0.304ms returns 0
T828C 000:338.860 JLINK_CORESIGHT_WriteAPDPReg(AP reg 0x00, 0x80000002)
T828C 000:339.078 - 0.217ms returns 0
T828C 000:339.102 JLINK_CORESIGHT_WriteAPDPReg(AP reg 0x01, 0x80011140)
T828C 000:339.320 - 0.218ms returns 0
T828C 000:339.344 JLINK_CORESIGHT_ReadAPDPReg(AP reg 0x03)
T828C 000:339.617   Value=0x00000000
T828C 000:339.645 - 0.301ms returns 0
T828C 000:339.667 JLINK_CORESIGHT_WriteAPDPReg(AP reg 0x00, 0x80000002)
T828C 000:339.886 - 0.218ms returns 0
T828C 000:339.910 JLINK_CORESIGHT_WriteAPDPReg(AP reg 0x01, 0x80011130)
T828C 000:340.129 - 0.218ms returns 0
T828C 000:340.153 JLINK_CORESIGHT_ReadAPDPReg(AP reg 0x03)
T828C 000:340.433   Value=0x20204442
T828C 000:340.461 - 0.308ms returns 0
T828C 000:340.483 JLINK_CORESIGHT_WriteAPDPReg(AP reg 0x00, 0x80000002)
T828C 000:340.717 - 0.234ms returns 0
T828C 000:340.740 JLINK_CORESIGHT_WriteAPDPReg(AP reg 0x01, 0x80011140)
T828C 000:340.962 - 0.221ms returns 0
T828C 000:340.986 JLINK_CORESIGHT_ReadAPDPReg(AP reg 0x03)
T828C 000:341.261   Value=0x00000000
T828C 000:341.291 - 0.305ms returns 0
T828C 000:341.318 JLINK_CORESIGHT_WriteAPDPReg(AP reg 0x00, 0x80000002)
T828C 000:341.538 - 0.220ms returns 0
T828C 000:341.571 JLINK_CORESIGHT_WriteAPDPReg(AP reg 0x01, 0x80011130)
T828C 000:341.817 - 0.246ms returns 0
T828C 000:341.846 JLINK_CORESIGHT_ReadAPDPReg(AP reg 0x03)
T828C 000:342.134   Value=0x00030C20
T828C 000:342.163 - 0.318ms returns 0
T828C 000:342.864 JLINK_CORESIGHT_WriteAPDPReg(AP reg 0x00, 0x80000002)
T828C 000:343.100 - 0.235ms returns 0
T828C 000:343.122 JLINK_CORESIGHT_WriteAPDPReg(AP reg 0x01, 0x80011140)
T828C 000:343.333 - 0.210ms returns 0
T828C 000:343.354 JLINK_CORESIGHT_ReadAPDPReg(AP reg 0x03)
T828C 000:343.621   Value=0x00000002
T828C 000:343.651 - 0.296ms returns 0
T828C 000:343.670 JLINK_CORESIGHT_WriteAPDPReg(AP reg 0x00, 0x80000002)
T828C 000:343.961 - 0.291ms returns 0
T828C 000:343.983 JLINK_CORESIGHT_WriteAPDPReg(AP reg 0x01, 0x80011120)
T828C 000:344.207 - 0.224ms returns 0
T828C 000:344.228 JLINK_CORESIGHT_WriteAPDPReg(AP reg 0x03, 0x2C010001)
T828C 000:344.450 - 0.222ms returns 0
T828C 000:344.471 JLINK_CORESIGHT_WriteAPDPReg(AP reg 0x00, 0x80000002)
T828C 000:344.692 - 0.220ms returns 0
T828C 000:344.735 JLINK_CORESIGHT_WriteAPDPReg(AP reg 0x01, 0x80011140)
T828C 000:344.963 - 0.228ms returns 0
T828C 000:345.003 JLINK_CORESIGHT_ReadAPDPReg(AP reg 0x03)
T828C 000:345.292   Value=0x00000002
T828C 000:345.325 - 0.322ms returns 0
T828C 000:345.345 JLINK_CORESIGHT_WriteAPDPReg(AP reg 0x00, 0x80000002)
T828C 000:345.586 - 0.240ms returns 0
T828C 000:345.628 JLINK_CORESIGHT_WriteAPDPReg(AP reg 0x01, 0x80011120)
T828C 000:345.857 - 0.229ms returns 0
T828C 000:345.882 JLINK_CORESIGHT_WriteAPDPReg(AP reg 0x03, 0x000003D3)
T828C 000:346.106 - 0.224ms returns 0
T828C 000:346.141 JLINK_CORESIGHT_WriteAPDPReg(AP reg 0x00, 0x80000002)
T828C 000:346.361 - 0.220ms returns 0
T828C 000:346.391 JLINK_CORESIGHT_WriteAPDPReg(AP reg 0x01, 0x80011140)
T828C 000:346.610 - 0.219ms returns 0
T828C 000:346.646 JLINK_CORESIGHT_ReadAPDPReg(AP reg 0x03)
T828C 000:346.988   Value=0x00000002
T828C 000:347.022 - 0.376ms returns 0
T828C 000:347.042 JLINK_CORESIGHT_ReadAPDPReg(AP reg 0x03)
T828C 000:347.553   Value=0x00000002
T828C 000:347.583 - 0.540ms returns 0
T828C 000:347.601 JLINK_CORESIGHT_ReadAPDPReg(AP reg 0x03)
T828C 000:347.826   Value=0x00000002
T828C 000:347.854 - 0.253ms returns 0
T828C 000:347.873 JLINK_CORESIGHT_ReadAPDPReg(AP reg 0x03)
T828C 000:348.103   Value=0x00000002
T828C 000:348.132 - 0.259ms returns 0
T828C 000:348.151 JLINK_CORESIGHT_ReadAPDPReg(AP reg 0x03)
T828C 000:348.369   Value=0x00000002
T828C 000:348.397 - 0.246ms returns 0
T828C 000:348.417 JLINK_CORESIGHT_ReadAPDPReg(AP reg 0x03)
T828C 000:348.642   Value=0x00000002
T828C 000:348.670 - 0.253ms returns 0
T828C 000:348.689 JLINK_CORESIGHT_ReadAPDPReg(AP reg 0x03)
T828C 000:348.946   Value=0x00000000
T828C 000:348.979 - 0.290ms returns 0
T828C 000:349.000 JLINK_CORESIGHT_WriteAPDPReg(AP reg 0x00, 0x80000002)
T828C 000:349.176 - 0.176ms returns 0
T828C 000:349.200 JLINK_CORESIGHT_WriteAPDPReg(AP reg 0x01, 0x80011130)
T828C 000:349.371 - 0.171ms returns 0
T828C 000:349.393 JLINK_CORESIGHT_ReadAPDPReg(AP reg 0x03)
T828C 000:349.634   Value=0x2C020081
T828C 000:349.664 - 0.270ms returns 0
T828C 000:349.684 JLINK_CORESIGHT_WriteAPDPReg(AP reg 0x00, 0x80000002)
T828C 000:349.860 - 0.176ms returns 0
T828C 000:349.882 JLINK_CORESIGHT_WriteAPDPReg(AP reg 0x01, 0x80011140)
T828C 000:350.057 - 0.175ms returns 0
T828C 000:350.086 JLINK_CORESIGHT_ReadAPDPReg(AP reg 0x03)
T828C 000:350.314   Value=0x00000000
T828C 000:350.346 - 0.259ms returns 0
T828C 000:350.366 JLINK_CORESIGHT_WriteAPDPReg(AP reg 0x00, 0x80000002)
T828C 000:350.545 - 0.179ms returns 0
T828C 000:350.579 JLINK_CORESIGHT_WriteAPDPReg(AP reg 0x01, 0x80011130)
T828C 000:350.808 - 0.228ms returns 0
T828C 000:350.840 JLINK_CORESIGHT_ReadAPDPReg(AP reg 0x03)
T828C 000:351.113   Value=0x0003CE04
T828C 000:351.144 - 0.304ms returns 0
T828C 000:351.170 JLINK_CORESIGHT_WriteAPDPReg(AP reg 0x00, 0x80000002)
T828C 000:351.371 - 0.200ms returns 0
T828C 000:351.399 JLINK_CORESIGHT_WriteAPDPReg(AP reg 0x01, 0x80011140)
T828C 000:351.621 - 0.222ms returns 0
T828C 000:351.669 JLINK_CORESIGHT_ReadAPDPReg(AP reg 0x03)
T828C 000:351.950   Value=0x00000002
T828C 000:351.989 - 0.319ms returns 0
T828C 000:352.010 JLINK_CORESIGHT_WriteAPDPReg(AP reg 0x00, 0x80000002)
T828C 000:352.192 - 0.182ms returns 0
T828C 000:352.228 JLINK_CORESIGHT_WriteAPDPReg(AP reg 0x01, 0x80011120)
T828C 000:352.413 - 0.185ms returns 0
T828C 000:352.437 JLINK_CORESIGHT_WriteAPDPReg(AP reg 0x03, 0x73010001)
T828C 000:352.621 - 0.184ms returns 0
T828C 000:352.654 JLINK_CORESIGHT_WriteAPDPReg(AP reg 0x00, 0x80000002)
T828C 000:352.836 - 0.182ms returns 0
T828C 000:352.912 JLINK_CORESIGHT_WriteAPDPReg(AP reg 0x01, 0x80011140)
T828C 000:353.107 - 0.194ms returns 0
T828C 000:353.147 JLINK_CORESIGHT_ReadAPDPReg(AP reg 0x03)
T828C 000:353.442   Value=0x00000002
T828C 000:353.493 - 0.345ms returns 0
T828C 000:353.514 JLINK_CORESIGHT_WriteAPDPReg(AP reg 0x00, 0x80000002)
T828C 000:353.719 - 0.205ms returns 0
T828C 000:353.752 JLINK_CORESIGHT_WriteAPDPReg(AP reg 0x01, 0x80011120)
T828C 000:354.054 - 0.301ms returns 0
T828C 000:354.076 JLINK_CORESIGHT_WriteAPDPReg(AP reg 0x03, 0x0000038C)
T828C 000:354.318 - 0.243ms returns 0
T828C 000:354.341 JLINK_CORESIGHT_WriteAPDPReg(AP reg 0x00, 0x80000002)
T828C 000:354.563 - 0.221ms returns 0
T828C 000:354.585 JLINK_CORESIGHT_WriteAPDPReg(AP reg 0x01, 0x80011140)
T828C 000:354.805 - 0.219ms returns 0
T828C 000:354.827 JLINK_CORESIGHT_ReadAPDPReg(AP reg 0x03)
T828C 000:355.103   Value=0x00000002
T828C 000:355.131 - 0.303ms returns 0
T828C 000:355.150 JLINK_CORESIGHT_ReadAPDPReg(AP reg 0x03)
T828C 000:355.475   Value=0x00000002
T828C 000:355.502 - 0.352ms returns 0
T828C 000:355.532 JLINK_CORESIGHT_ReadAPDPReg(AP reg 0x03)
T828C 000:355.769   Value=0x00000002
T828C 000:355.798 - 0.266ms returns 0
T828C 000:355.817 JLINK_CORESIGHT_ReadAPDPReg(AP reg 0x03)
T828C 000:356.109   Value=0x00000002
T828C 000:356.137 - 0.319ms returns 0
T828C 000:356.156 JLINK_CORESIGHT_ReadAPDPReg(AP reg 0x03)
T828C 000:356.475   Value=0x00000002
T828C 000:356.503 - 0.347ms returns 0
T828C 000:356.526 JLINK_CORESIGHT_ReadAPDPReg(AP reg 0x03)
T828C 000:356.793   Value=0x00000000
T828C 000:356.821 - 0.294ms returns 0
T828C 000:356.842 JLINK_CORESIGHT_WriteAPDPReg(AP reg 0x00, 0x80000002)
T828C 000:357.121 - 0.279ms returns 0
T828C 000:357.143 JLINK_CORESIGHT_WriteAPDPReg(AP reg 0x01, 0x80011130)
T828C 000:357.425 - 0.282ms returns 0
T828C 000:357.447 JLINK_CORESIGHT_ReadAPDPReg(AP reg 0x03)
T828C 000:357.743   Value=0x73020081
T828C 000:357.772 - 0.325ms returns 0
T828C 000:357.791 JLINK_CORESIGHT_WriteAPDPReg(AP reg 0x00, 0x80000002)
T828C 000:358.054 - 0.262ms returns 0
T828C 000:358.075 JLINK_CORESIGHT_WriteAPDPReg(AP reg 0x01, 0x80011140)
T828C 000:358.311 - 0.236ms returns 0
T828C 000:358.333 JLINK_CORESIGHT_ReadAPDPReg(AP reg 0x03)
T828C 000:358.610   Value=0x00000000
T828C 000:358.638 - 0.305ms returns 0
T828C 000:358.657 JLINK_CORESIGHT_WriteAPDPReg(AP reg 0x00, 0x80000002)
T828C 000:358.945 - 0.288ms returns 0
T828C 000:358.967 JLINK_CORESIGHT_WriteAPDPReg(AP reg 0x01, 0x80011130)
T828C 000:359.207 - 0.240ms returns 0
T828C 000:359.229 JLINK_CORESIGHT_ReadAPDPReg(AP reg 0x03)
T828C 000:359.503   Value=0x00038902
T828C 000:359.536 - 0.307ms returns 0
T828C 000:359.558 JLINK_CORESIGHT_WriteAPDPReg(AP reg 0x00, 0x80000002)
T828C 000:359.801 - 0.243ms returns 0
T828C 000:359.823 JLINK_CORESIGHT_WriteAPDPReg(AP reg 0x01, 0x80011140)
T828C 000:360.053 - 0.230ms returns 0
T828C 000:360.074 JLINK_CORESIGHT_ReadAPDPReg(AP reg 0x03)
T828C 000:360.344   Value=0x00000002
T828C 000:360.375 - 0.300ms returns 0
T828C 000:360.395 JLINK_CORESIGHT_WriteAPDPReg(AP reg 0x00, 0x80000002)
T828C 000:360.627 - 0.231ms returns 0
T828C 000:360.674 JLINK_CORESIGHT_WriteAPDPReg(AP reg 0x01, 0x80011120)
T828C 000:360.896 - 0.221ms returns 0
T828C 000:360.941 JLINK_CORESIGHT_WriteAPDPReg(AP reg 0x03, 0x75010001)
T828C 000:361.120 - 0.179ms returns 0
T828C 000:361.153 JLINK_CORESIGHT_WriteAPDPReg(AP reg 0x00, 0x80000002)
T828C 000:361.425 - 0.272ms returns 0
T828C 000:361.448 JLINK_CORESIGHT_WriteAPDPReg(AP reg 0x01, 0x80011140)
T828C 000:361.705 - 0.257ms returns 0
T828C 000:361.729 JLINK_CORESIGHT_ReadAPDPReg(AP reg 0x03)
T828C 000:362.021   Value=0x00000002
T828C 000:362.050 - 0.321ms returns 0
T828C 000:362.069 JLINK_CORESIGHT_WriteAPDPReg(AP reg 0x00, 0x80000002)
T828C 000:362.362 - 0.293ms returns 0
T828C 000:362.384 JLINK_CORESIGHT_WriteAPDPReg(AP reg 0x01, 0x80011120)
T828C 000:362.619 - 0.235ms returns 0
T828C 000:362.641 JLINK_CORESIGHT_WriteAPDPReg(AP reg 0x03, 0x0000038A)
T828C 000:362.862 - 0.220ms returns 0
T828C 000:362.889 JLINK_CORESIGHT_WriteAPDPReg(AP reg 0x00, 0x80000002)
T828C 000:363.117 - 0.228ms returns 0
T828C 000:363.139 JLINK_CORESIGHT_WriteAPDPReg(AP reg 0x01, 0x80011140)
T828C 000:363.426 - 0.286ms returns 0
T828C 000:363.448 JLINK_CORESIGHT_ReadAPDPReg(AP reg 0x03)
T828C 000:363.749   Value=0x00000002
T828C 000:363.779 - 0.331ms returns 0
T828C 000:363.799 JLINK_CORESIGHT_ReadAPDPReg(AP reg 0x03)
T828C 000:364.107   Value=0x00000000
T828C 000:364.136 - 0.337ms returns 0
T828C 000:364.156 JLINK_CORESIGHT_WriteAPDPReg(AP reg 0x00, 0x80000002)
T828C 000:364.342 - 0.186ms returns 0
T828C 000:364.363 JLINK_CORESIGHT_WriteAPDPReg(AP reg 0x01, 0x80011130)
T828C 000:364.539 - 0.176ms returns 0
T828C 000:364.563 JLINK_CORESIGHT_ReadAPDPReg(AP reg 0x03)
T828C 000:364.785   Value=0x75020081
T828C 000:364.815 - 0.252ms returns 0
T828C 000:364.834 JLINK_CORESIGHT_WriteAPDPReg(AP reg 0x00, 0x80000002)
T828C 000:365.053 - 0.218ms returns 0
T828C 000:365.075 JLINK_CORESIGHT_WriteAPDPReg(AP reg 0x01, 0x80011140)
T828C 000:365.252 - 0.177ms returns 0
T828C 000:365.274 JLINK_CORESIGHT_ReadAPDPReg(AP reg 0x03)
T828C 000:365.524   Value=0x00000000
T828C 000:365.553 - 0.279ms returns 0
T828C 000:365.572 JLINK_CORESIGHT_WriteAPDPReg(AP reg 0x00, 0x80000002)
T828C 000:365.768 - 0.195ms returns 0
T828C 000:365.790 JLINK_CORESIGHT_WriteAPDPReg(AP reg 0x01, 0x80011130)
T828C 000:365.970 - 0.180ms returns 0
T828C 000:365.992 JLINK_CORESIGHT_ReadAPDPReg(AP reg 0x03)
T828C 000:366.217   Value=0x00038702
T828C 000:366.247 - 0.254ms returns 0
T828C 000:366.274 JLINK_CORESIGHT_WriteAPDPReg(AP reg 0x00, 0x80000002)
T828C 000:366.467 - 0.192ms returns 0
T828C 000:366.488 JLINK_CORESIGHT_WriteAPDPReg(AP reg 0x01, 0x80011140)
T828C 000:366.670 - 0.181ms returns 0
T828C 000:366.693 JLINK_CORESIGHT_ReadAPDPReg(AP reg 0x03)
T828C 000:366.945   Value=0x00000002
T828C 000:366.973 - 0.280ms returns 0
T828C 000:366.993 JLINK_CORESIGHT_WriteAPDPReg(AP reg 0x00, 0x80000002)
T828C 000:367.198 - 0.205ms returns 0
T828C 000:367.219 JLINK_CORESIGHT_WriteAPDPReg(AP reg 0x01, 0x80011120)
T828C 000:367.403 - 0.183ms returns 0
T828C 000:367.425 JLINK_CORESIGHT_WriteAPDPReg(AP reg 0x03, 0x4F010001)
T828C 000:367.670 - 0.245ms returns 0
T828C 000:367.722 JLINK_CORESIGHT_WriteAPDPReg(AP reg 0x00, 0x80000002)
T828C 000:367.988 - 0.265ms returns 0
T828C 000:368.037 JLINK_CORESIGHT_WriteAPDPReg(AP reg 0x01, 0x80011140)
T828C 000:368.255 - 0.217ms returns 0
T828C 000:368.306 JLINK_CORESIGHT_ReadAPDPReg(AP reg 0x03)
T828C 000:368.560   Value=0x00000002
T828C 000:368.609 - 0.302ms returns 0
T828C 000:368.635 JLINK_CORESIGHT_WriteAPDPReg(AP reg 0x00, 0x80000002)
T828C 000:368.859 - 0.224ms returns 0
T828C 000:368.906 JLINK_CORESIGHT_WriteAPDPReg(AP reg 0x01, 0x80011120)
T828C 000:369.123 - 0.216ms returns 0
T828C 000:369.169 JLINK_CORESIGHT_WriteAPDPReg(AP reg 0x03, 0x000003B0)
T828C 000:369.390 - 0.220ms returns 0
T828C 000:369.437 JLINK_CORESIGHT_WriteAPDPReg(AP reg 0x00, 0x80000002)
T828C 000:369.667 - 0.230ms returns 0
T828C 000:369.714 JLINK_CORESIGHT_WriteAPDPReg(AP reg 0x01, 0x80011140)
T828C 000:369.979 - 0.265ms returns 0
T828C 000:370.026 JLINK_CORESIGHT_ReadAPDPReg(AP reg 0x03)
T828C 000:370.297   Value=0x00000002
T828C 000:370.346 - 0.319ms returns 0
T828C 000:370.371 JLINK_CORESIGHT_ReadAPDPReg(AP reg 0x03)
T828C 000:370.652   Value=0x00000000
T828C 000:370.700 - 0.328ms returns 0
T828C 000:370.726 JLINK_CORESIGHT_WriteAPDPReg(AP reg 0x00, 0x80000002)
T828C 000:370.978 - 0.252ms returns 0
T828C 000:371.026 JLINK_CORESIGHT_WriteAPDPReg(AP reg 0x01, 0x80011130)
T828C 000:371.238 - 0.212ms returns 0
T828C 000:371.285 JLINK_CORESIGHT_ReadAPDPReg(AP reg 0x03)
T828C 000:371.552   Value=0x4F0B0081
T828C 000:371.601 - 0.315ms returns 0
T828C 000:371.627 JLINK_CORESIGHT_WriteAPDPReg(AP reg 0x00, 0x80000002)
T828C 000:371.809 - 0.182ms returns 0
T828C 000:371.853 JLINK_CORESIGHT_WriteAPDPReg(AP reg 0x01, 0x80011140)
T828C 000:372.167 - 0.313ms returns 0
T828C 000:372.215 JLINK_CORESIGHT_ReadAPDPReg(AP reg 0x03)
T828C 000:372.509   Value=0x00000000
T828C 000:372.563 - 0.347ms returns 0
T828C 000:372.589 JLINK_CORESIGHT_WriteAPDPReg(AP reg 0x00, 0x80000002)
T828C 000:372.804 - 0.215ms returns 0
T828C 000:372.851 JLINK_CORESIGHT_WriteAPDPReg(AP reg 0x01, 0x80011130)
T828C 000:373.081 - 0.230ms returns 0
T828C 000:373.128 JLINK_CORESIGHT_ReadAPDPReg(AP reg 0x03)
T828C 000:373.387   Value=0xE03F0000
T828C 000:373.436 - 0.307ms returns 0
T828C 000:373.462 JLINK_CORESIGHT_WriteAPDPReg(AP reg 0x00, 0x80000002)
T828C 000:373.697 - 0.234ms returns 0
T828C 000:373.744 JLINK_CORESIGHT_WriteAPDPReg(AP reg 0x01, 0x80011140)
T828C 000:373.978 - 0.233ms returns 0
T828C 000:374.024 JLINK_CORESIGHT_ReadAPDPReg(AP reg 0x03)
T828C 000:374.311   Value=0x00000000
T828C 000:374.359 - 0.334ms returns 0
T828C 000:374.384 JLINK_CORESIGHT_WriteAPDPReg(AP reg 0x00, 0x80000002)
T828C 000:374.629 - 0.245ms returns 0
T828C 000:374.677 JLINK_CORESIGHT_WriteAPDPReg(AP reg 0x01, 0x80011130)
T828C 000:374.892 - 0.215ms returns 0
T828C 000:374.939 JLINK_CORESIGHT_ReadAPDPReg(AP reg 0x03)
T828C 000:375.167   Value=0x00003F00
T828C 000:375.199 - 0.260ms returns 0
T828C 000:375.221 JLINK_CORESIGHT_WriteAPDPReg(AP reg 0x00, 0x80000002)
T828C 000:375.428 - 0.206ms returns 0
T828C 000:375.452 JLINK_CORESIGHT_WriteAPDPReg(AP reg 0x01, 0x80011140)
T828C 000:375.645 - 0.192ms returns 0
T828C 000:375.698 JLINK_CORESIGHT_ReadAPDPReg(AP reg 0x03)
T828C 000:375.975   Value=0x00000000
T828C 000:376.029 - 0.331ms returns 0
T828C 000:376.060 JLINK_CORESIGHT_WriteAPDPReg(AP reg 0x00, 0x80000002)
T828C 000:376.271 - 0.211ms returns 0
T828C 000:376.307 JLINK_CORESIGHT_WriteAPDPReg(AP reg 0x01, 0x80011130)
T828C 000:376.497 - 0.189ms returns 0
T828C 000:376.525 JLINK_CORESIGHT_ReadAPDPReg(AP reg 0x03)
T828C 000:376.768   Value=0x03480000
T828C 000:376.798 - 0.272ms returns 0
T828C 000:377.593 JLINK_CORESIGHT_WriteAPDPReg(AP reg 0x00, 0x80000002)
T828C 000:377.791 - 0.197ms returns 0
T828C 000:377.814 JLINK_CORESIGHT_WriteAPDPReg(AP reg 0x01, 0x80011140)
T828C 000:377.995 - 0.181ms returns 0
T828C 000:378.017 JLINK_CORESIGHT_ReadAPDPReg(AP reg 0x03)
T828C 000:378.241   Value=0x00000002
T828C 000:378.270 - 0.253ms returns 0
T828C 000:378.290 JLINK_CORESIGHT_WriteAPDPReg(AP reg 0x00, 0x80000002)
T828C 000:378.466 - 0.175ms returns 0
T828C 000:378.488 JLINK_CORESIGHT_WriteAPDPReg(AP reg 0x01, 0x80011120)
T828C 000:378.666 - 0.178ms returns 0
T828C 000:378.687 JLINK_CORESIGHT_WriteAPDPReg(AP reg 0x03, 0x2C010001)
T828C 000:378.866 - 0.178ms returns 0
T828C 000:378.888 JLINK_CORESIGHT_WriteAPDPReg(AP reg 0x00, 0x80000002)
T828C 000:379.066 - 0.177ms returns 0
T828C 000:379.088 JLINK_CORESIGHT_WriteAPDPReg(AP reg 0x01, 0x80011140)
T828C 000:379.264 - 0.176ms returns 0
T828C 000:379.285 JLINK_CORESIGHT_ReadAPDPReg(AP reg 0x03)
T828C 000:379.517   Value=0x00000002
T828C 000:379.547 - 0.261ms returns 0
T828C 000:379.566 JLINK_CORESIGHT_WriteAPDPReg(AP reg 0x00, 0x80000002)
T828C 000:379.741 - 0.175ms returns 0
T828C 000:379.763 JLINK_CORESIGHT_WriteAPDPReg(AP reg 0x01, 0x80011120)
T828C 000:379.944 - 0.181ms returns 0
T828C 000:379.967 JLINK_CORESIGHT_WriteAPDPReg(AP reg 0x03, 0x000003D3)
T828C 000:380.138 - 0.171ms returns 0
T828C 000:380.160 JLINK_CORESIGHT_WriteAPDPReg(AP reg 0x00, 0x80000002)
T828C 000:380.340 - 0.180ms returns 0
T828C 000:380.362 JLINK_CORESIGHT_WriteAPDPReg(AP reg 0x01, 0x80011140)
T828C 000:380.540 - 0.178ms returns 0
T828C 000:380.568 JLINK_CORESIGHT_ReadAPDPReg(AP reg 0x03)
T828C 000:380.853   Value=0x00000002
T828C 000:380.882 - 0.313ms returns 0
T828C 000:380.905 JLINK_CORESIGHT_ReadAPDPReg(AP reg 0x03)
T828C 000:381.161   Value=0x00000002
T828C 000:381.189 - 0.284ms returns 0
T828C 000:381.209 JLINK_CORESIGHT_ReadAPDPReg(AP reg 0x03)
T828C 000:381.443   Value=0x00000002
T828C 000:381.472 - 0.263ms returns 0
T828C 000:381.491 JLINK_CORESIGHT_ReadAPDPReg(AP reg 0x03)
T828C 000:381.727   Value=0x00000002
T828C 000:381.758 - 0.266ms returns 0
T828C 000:381.778 JLINK_CORESIGHT_ReadAPDPReg(AP reg 0x03)
T828C 000:382.020   Value=0x00000002
T828C 000:382.048 - 0.270ms returns 0
T828C 000:382.068 JLINK_CORESIGHT_ReadAPDPReg(AP reg 0x03)
T828C 000:382.295   Value=0x00000002
T828C 000:382.324 - 0.255ms returns 0
T828C 000:382.346 JLINK_CORESIGHT_ReadAPDPReg(AP reg 0x03)
T828C 000:382.603   Value=0x00000002
T828C 000:382.638 - 0.292ms returns 0
T828C 000:382.658 JLINK_CORESIGHT_ReadAPDPReg(AP reg 0x03)
T828C 000:382.945   Value=0x00000000
T828C 000:382.975 - 0.317ms returns 0
T828C 000:382.995 JLINK_CORESIGHT_WriteAPDPReg(AP reg 0x00, 0x80000002)
T828C 000:383.193 - 0.198ms returns 0
T828C 000:383.215 JLINK_CORESIGHT_WriteAPDPReg(AP reg 0x01, 0x80011130)
T828C 000:383.395 - 0.179ms returns 0
T828C 000:383.418 JLINK_CORESIGHT_ReadAPDPReg(AP reg 0x03)
T828C 000:383.640   Value=0x2C020081
T828C 000:383.671 - 0.252ms returns 0
T828C 000:383.691 JLINK_CORESIGHT_WriteAPDPReg(AP reg 0x00, 0x80000002)
T828C 000:383.869 - 0.178ms returns 0
T828C 000:383.891 JLINK_CORESIGHT_WriteAPDPReg(AP reg 0x01, 0x80011140)
T828C 000:384.067 - 0.176ms returns 0
T828C 000:384.090 JLINK_CORESIGHT_ReadAPDPReg(AP reg 0x03)
T828C 000:384.321   Value=0x00000000
T828C 000:384.352 - 0.261ms returns 0
T828C 000:384.372 JLINK_CORESIGHT_WriteAPDPReg(AP reg 0x00, 0x80000002)
T828C 000:384.567 - 0.194ms returns 0
T828C 000:384.589 JLINK_CORESIGHT_WriteAPDPReg(AP reg 0x01, 0x80011130)
T828C 000:384.768 - 0.179ms returns 0
T828C 000:384.790 JLINK_CORESIGHT_ReadAPDPReg(AP reg 0x03)
T828C 000:385.023   Value=0x0003CE04
T828C 000:385.073 - 0.282ms returns 0
T828C 000:385.098 JLINK_CORESIGHT_WriteAPDPReg(AP reg 0x00, 0x80000002)
T828C 000:385.286 - 0.188ms returns 0
T828C 000:385.310 JLINK_CORESIGHT_WriteAPDPReg(AP reg 0x01, 0x80011140)
T828C 000:385.491 - 0.181ms returns 0
T828C 000:385.524 JLINK_CORESIGHT_ReadAPDPReg(AP reg 0x03)
T828C 000:385.773   Value=0x00000002
T828C 000:385.819 - 0.294ms returns 0
T828C 000:385.840 JLINK_CORESIGHT_WriteAPDPReg(AP reg 0x00, 0x80000002)
T828C 000:386.052 - 0.212ms returns 0
T828C 000:386.075 JLINK_CORESIGHT_WriteAPDPReg(AP reg 0x01, 0x80011120)
T828C 000:386.252 - 0.177ms returns 0
T828C 000:386.274 JLINK_CORESIGHT_WriteAPDPReg(AP reg 0x03, 0x73010001)
T828C 000:386.465 - 0.190ms returns 0
T828C 000:386.487 JLINK_CORESIGHT_WriteAPDPReg(AP reg 0x00, 0x80000002)
T828C 000:386.666 - 0.179ms returns 0
T828C 000:386.689 JLINK_CORESIGHT_WriteAPDPReg(AP reg 0x01, 0x80011140)
T828C 000:386.867 - 0.177ms returns 0
T828C 000:386.888 JLINK_CORESIGHT_ReadAPDPReg(AP reg 0x03)
T828C 000:387.115   Value=0x00000002
T828C 000:387.144 - 0.256ms returns 0
T828C 000:387.164 JLINK_CORESIGHT_WriteAPDPReg(AP reg 0x00, 0x80000002)
T828C 000:387.340 - 0.176ms returns 0
T828C 000:387.362 JLINK_CORESIGHT_WriteAPDPReg(AP reg 0x01, 0x80011120)
T828C 000:387.535 - 0.173ms returns 0
T828C 000:387.557 JLINK_CORESIGHT_WriteAPDPReg(AP reg 0x03, 0x0000038C)
T828C 000:387.742 - 0.185ms returns 0
T828C 000:387.764 JLINK_CORESIGHT_WriteAPDPReg(AP reg 0x00, 0x80000002)
T828C 000:387.943 - 0.179ms returns 0
T828C 000:387.965 JLINK_CORESIGHT_WriteAPDPReg(AP reg 0x01, 0x80011140)
T828C 000:388.146 - 0.181ms returns 0
T828C 000:388.168 JLINK_CORESIGHT_ReadAPDPReg(AP reg 0x03)
T828C 000:388.424   Value=0x00000002
T828C 000:388.453 - 0.284ms returns 0
T828C 000:388.473 JLINK_CORESIGHT_ReadAPDPReg(AP reg 0x03)
T828C 000:388.726   Value=0x00000002
T828C 000:388.755 - 0.282ms returns 0
T828C 000:388.775 JLINK_CORESIGHT_ReadAPDPReg(AP reg 0x03)
T828C 000:388.993   Value=0x00000002
T828C 000:389.023 - 0.247ms returns 0
T828C 000:389.045 JLINK_CORESIGHT_ReadAPDPReg(AP reg 0x03)
T828C 000:389.271   Value=0x00000002
T828C 000:389.302 - 0.257ms returns 0
T828C 000:389.321 JLINK_CORESIGHT_ReadAPDPReg(AP reg 0x03)
T828C 000:389.540   Value=0x00000002
T828C 000:389.569 - 0.247ms returns 0
T828C 000:389.590 JLINK_CORESIGHT_ReadAPDPReg(AP reg 0x03)
T828C 000:389.853   Value=0x00000002
T828C 000:389.883 - 0.292ms returns 0
T828C 000:389.902 JLINK_CORESIGHT_ReadAPDPReg(AP reg 0x03)
T828C 000:390.152   Value=0x00000002
T828C 000:390.183 - 0.280ms returns 0
T828C 000:390.203 JLINK_CORESIGHT_ReadAPDPReg(AP reg 0x03)
T828C 000:390.430   Value=0x00000000
T828C 000:390.459 - 0.255ms returns 0
T828C 000:390.479 JLINK_CORESIGHT_WriteAPDPReg(AP reg 0x00, 0x80000002)
T828C 000:390.660 - 0.181ms returns 0
T828C 000:390.710 JLINK_CORESIGHT_WriteAPDPReg(AP reg 0x01, 0x80011130)
T828C 000:390.947 - 0.237ms returns 0
T828C 000:390.981 JLINK_CORESIGHT_ReadAPDPReg(AP reg 0x03)
T828C 000:391.217   Value=0x73020081
T828C 000:391.250 - 0.269ms returns 0
T828C 000:391.270 JLINK_CORESIGHT_WriteAPDPReg(AP reg 0x00, 0x80000002)
T828C 000:391.506 - 0.236ms returns 0
T828C 000:391.555 JLINK_CORESIGHT_WriteAPDPReg(AP reg 0x01, 0x80011140)
T828C 000:391.735 - 0.180ms returns 0
T828C 000:391.770 JLINK_CORESIGHT_ReadAPDPReg(AP reg 0x03)
T828C 000:392.101   Value=0x00000000
T828C 000:392.130 - 0.360ms returns 0
T828C 000:392.150 JLINK_CORESIGHT_WriteAPDPReg(AP reg 0x00, 0x80000002)
T828C 000:392.422 - 0.272ms returns 0
T828C 000:392.445 JLINK_CORESIGHT_WriteAPDPReg(AP reg 0x01, 0x80011130)
T828C 000:392.676 - 0.231ms returns 0
T828C 000:392.714 JLINK_CORESIGHT_ReadAPDPReg(AP reg 0x03)
T828C 000:392.983   Value=0x00038902
T828C 000:393.015 - 0.301ms returns 0
T828C 000:393.037 JLINK_CORESIGHT_WriteAPDPReg(AP reg 0x00, 0x80000002)
T828C 000:393.218 - 0.180ms returns 0
T828C 000:393.240 JLINK_CORESIGHT_WriteAPDPReg(AP reg 0x01, 0x80011140)
T828C 000:393.416 - 0.176ms returns 0
T828C 000:393.438 JLINK_CORESIGHT_ReadAPDPReg(AP reg 0x03)
T828C 000:393.728   Value=0x00000002
T828C 000:393.757 - 0.319ms returns 0
T828C 000:393.777 JLINK_CORESIGHT_WriteAPDPReg(AP reg 0x00, 0x80000002)
T828C 000:393.968 - 0.191ms returns 0
T828C 000:393.990 JLINK_CORESIGHT_WriteAPDPReg(AP reg 0x01, 0x80011120)
T828C 000:394.181 - 0.191ms returns 0
T828C 000:394.203 JLINK_CORESIGHT_WriteAPDPReg(AP reg 0x03, 0x75010001)
T828C 000:394.422 - 0.219ms returns 0
T828C 000:394.445 JLINK_CORESIGHT_WriteAPDPReg(AP reg 0x00, 0x80000002)
T828C 000:394.719 - 0.274ms returns 0
T828C 000:394.741 JLINK_CORESIGHT_WriteAPDPReg(AP reg 0x01, 0x80011140)
T828C 000:394.957 - 0.216ms returns 0
T828C 000:394.979 JLINK_CORESIGHT_ReadAPDPReg(AP reg 0x03)
T828C 000:395.254   Value=0x00000002
T828C 000:395.283 - 0.303ms returns 0
T828C 000:395.303 JLINK_CORESIGHT_WriteAPDPReg(AP reg 0x00, 0x80000002)
T828C 000:395.524 - 0.220ms returns 0
T828C 000:395.546 JLINK_CORESIGHT_WriteAPDPReg(AP reg 0x01, 0x80011120)
T828C 000:395.755 - 0.209ms returns 0
T828C 000:395.777 JLINK_CORESIGHT_WriteAPDPReg(AP reg 0x03, 0x0000038A)
T828C 000:395.983 - 0.206ms returns 0
T828C 000:396.005 JLINK_CORESIGHT_WriteAPDPReg(AP reg 0x00, 0x80000002)
T828C 000:396.228 - 0.223ms returns 0
T828C 000:396.250 JLINK_CORESIGHT_WriteAPDPReg(AP reg 0x01, 0x80011140)
T828C 000:396.478 - 0.227ms returns 0
T828C 000:396.500 JLINK_CORESIGHT_ReadAPDPReg(AP reg 0x03)
T828C 000:396.780   Value=0x00000002
T828C 000:396.809 - 0.309ms returns 0
T828C 000:396.828 JLINK_CORESIGHT_ReadAPDPReg(AP reg 0x03)
T828C 000:397.103   Value=0x00000002
T828C 000:397.132 - 0.303ms returns 0
T828C 000:397.151 JLINK_CORESIGHT_ReadAPDPReg(AP reg 0x03)
T828C 000:397.403   Value=0x00000002
T828C 000:397.432 - 0.280ms returns 0
T828C 000:397.452 JLINK_CORESIGHT_ReadAPDPReg(AP reg 0x03)
T828C 000:397.725   Value=0x00000002
T828C 000:397.755 - 0.303ms returns 0
T828C 000:397.775 JLINK_CORESIGHT_ReadAPDPReg(AP reg 0x03)
T828C 000:398.034   Value=0x00000002
T828C 000:398.066 - 0.291ms returns 0
T828C 000:398.086 JLINK_CORESIGHT_ReadAPDPReg(AP reg 0x03)
T828C 000:398.338   Value=0x00000002
T828C 000:398.367 - 0.281ms returns 0
T828C 000:398.387 JLINK_CORESIGHT_ReadAPDPReg(AP reg 0x03)
T828C 000:398.632   Value=0x00000002
T828C 000:398.661 - 0.274ms returns 0
T828C 000:398.681 JLINK_CORESIGHT_ReadAPDPReg(AP reg 0x03)
T828C 000:398.958   Value=0x00000002
T828C 000:398.989 - 0.308ms returns 0
T828C 000:399.009 JLINK_CORESIGHT_ReadAPDPReg(AP reg 0x03)
T828C 000:399.252   Value=0x00000002
T828C 000:399.286 - 0.277ms returns 0
T828C 000:399.306 JLINK_CORESIGHT_ReadAPDPReg(AP reg 0x03)
T828C 000:399.581   Value=0x00000002
T828C 000:399.611 - 0.305ms returns 0
T828C 000:399.631 JLINK_CORESIGHT_ReadAPDPReg(AP reg 0x03)
T828C 000:399.880   Value=0x00000000
T828C 000:399.910 - 0.279ms returns 0
T828C 000:399.931 JLINK_CORESIGHT_WriteAPDPReg(AP reg 0x00, 0x80000002)
T828C 000:400.145 - 0.215ms returns 0
T828C 000:400.167 JLINK_CORESIGHT_WriteAPDPReg(AP reg 0x01, 0x80011130)
T828C 000:400.391 - 0.223ms returns 0
T828C 000:400.413 JLINK_CORESIGHT_ReadAPDPReg(AP reg 0x03)
T828C 000:400.679   Value=0x75020081
T828C 000:400.716 - 0.303ms returns 0
T828C 000:400.736 JLINK_CORESIGHT_WriteAPDPReg(AP reg 0x00, 0x80000002)
T828C 000:400.957 - 0.220ms returns 0
T828C 000:400.979 JLINK_CORESIGHT_WriteAPDPReg(AP reg 0x01, 0x80011140)
T828C 000:401.204 - 0.225ms returns 0
T828C 000:401.227 JLINK_CORESIGHT_ReadAPDPReg(AP reg 0x03)
T828C 000:401.504   Value=0x00000000
T828C 000:401.537 - 0.310ms returns 0
T828C 000:401.557 JLINK_CORESIGHT_WriteAPDPReg(AP reg 0x00, 0x80000002)
T828C 000:401.779 - 0.222ms returns 0
T828C 000:401.803 JLINK_CORESIGHT_WriteAPDPReg(AP reg 0x01, 0x80011130)
T828C 000:402.025 - 0.221ms returns 0
T828C 000:402.047 JLINK_CORESIGHT_ReadAPDPReg(AP reg 0x03)
T828C 000:402.318   Value=0x00038702
T828C 000:402.348 - 0.300ms returns 0
T828C 000:402.372 JLINK_CORESIGHT_WriteAPDPReg(AP reg 0x00, 0x80000002)
T828C 000:402.582 - 0.209ms returns 0
T828C 000:403.421 JLINK_CORESIGHT_WriteAPDPReg(AP reg 0x01, 0x80011140)
T828C 000:403.667 - 0.245ms returns 0
T828C 000:403.697 JLINK_CORESIGHT_ReadAPDPReg(AP reg 0x03)
T828C 000:403.986   Value=0x00000002
T828C 000:404.022 - 0.324ms returns 0
T828C 000:404.047 JLINK_CORESIGHT_WriteAPDPReg(AP reg 0x00, 0x80000002)
T828C 000:404.284 - 0.236ms returns 0
T828C 000:404.313 JLINK_CORESIGHT_WriteAPDPReg(AP reg 0x01, 0x80011120)
T828C 000:404.597 - 0.283ms returns 0
T828C 000:404.625 JLINK_CORESIGHT_WriteAPDPReg(AP reg 0x03, 0x4E0B0001)
T828C 000:404.859 - 0.234ms returns 0
T828C 000:404.888 JLINK_CORESIGHT_WriteAPDPReg(AP reg 0x00, 0x80000002)
T828C 000:405.117 - 0.229ms returns 0
T828C 000:405.144 JLINK_CORESIGHT_WriteAPDPReg(AP reg 0x01, 0x80011140)
T828C 000:405.381 - 0.236ms returns 0
T828C 000:405.408 JLINK_CORESIGHT_ReadAPDPReg(AP reg 0x03)
T828C 000:405.700   Value=0x00000002
T828C 000:405.779 - 0.370ms returns 0
T828C 000:405.820 JLINK_CORESIGHT_WriteAPDPReg(AP reg 0x00, 0x80000002)
T828C 000:406.122 - 0.302ms returns 0
T828C 000:406.162 JLINK_CORESIGHT_WriteAPDPReg(AP reg 0x01, 0x80011120)
T828C 000:406.466 - 0.303ms returns 0
T828C 000:406.527 JLINK_CORESIGHT_WriteAPDPReg(AP reg 0x03, 0xE0010000)
T828C 000:406.850 - 0.322ms returns 0
T828C 000:406.889 JLINK_CORESIGHT_WriteAPDPReg(AP reg 0x00, 0x80000002)
T828C 000:407.220 - 0.331ms returns 0
T828C 000:407.250 JLINK_CORESIGHT_WriteAPDPReg(AP reg 0x01, 0x80011140)
T828C 000:407.593 - 0.343ms returns 0
T828C 000:407.623 JLINK_CORESIGHT_ReadAPDPReg(AP reg 0x03)
T828C 000:408.007   Value=0x00000002
T828C 000:408.045 - 0.421ms returns 0
T828C 000:408.071 JLINK_CORESIGHT_WriteAPDPReg(AP reg 0x00, 0x80000002)
T828C 000:408.437 - 0.366ms returns 0
T828C 000:408.465 JLINK_CORESIGHT_WriteAPDPReg(AP reg 0x01, 0x80011120)
T828C 000:408.861 - 0.396ms returns 0
T828C 000:408.889 JLINK_CORESIGHT_WriteAPDPReg(AP reg 0x03, 0x00000100)
T828C 000:409.286 - 0.396ms returns 0
T828C 000:409.314 JLINK_CORESIGHT_WriteAPDPReg(AP reg 0x00, 0x80000002)
T828C 000:409.710 - 0.396ms returns 0
T828C 000:409.739 JLINK_CORESIGHT_WriteAPDPReg(AP reg 0x01, 0x80011140)
T828C 000:410.163 - 0.424ms returns 0
T828C 000:410.191 JLINK_CORESIGHT_ReadAPDPReg(AP reg 0x03)
T828C 000:410.628   Value=0x00000002
T828C 000:410.664 - 0.473ms returns 0
T828C 000:410.689 JLINK_CORESIGHT_WriteAPDPReg(AP reg 0x00, 0x80000002)
T828C 000:410.953 - 0.263ms returns 0
T828C 000:410.981 JLINK_CORESIGHT_WriteAPDPReg(AP reg 0x01, 0x80011120)
T828C 000:411.281 - 0.300ms returns 0
T828C 000:411.314 JLINK_CORESIGHT_WriteAPDPReg(AP reg 0x03, 0x03C50000)
T828C 000:411.617 - 0.302ms returns 0
T828C 000:411.646 JLINK_CORESIGHT_WriteAPDPReg(AP reg 0x00, 0x80000002)
T828C 000:411.959 - 0.313ms returns 0
T828C 000:411.986 JLINK_CORESIGHT_WriteAPDPReg(AP reg 0x01, 0x80011140)
T828C 000:412.288 - 0.302ms returns 0
T828C 000:412.317 JLINK_CORESIGHT_ReadAPDPReg(AP reg 0x03)
T828C 000:412.670   Value=0x00000002
T828C 000:412.707 - 0.389ms returns 0
T828C 000:412.731 JLINK_CORESIGHT_ReadAPDPReg(AP reg 0x03)
T828C 000:413.107   Value=0x00000002
T828C 000:413.144 - 0.412ms returns 0
T828C 000:413.170 JLINK_CORESIGHT_ReadAPDPReg(AP reg 0x03)
T828C 000:413.540   Value=0x00000002
T828C 000:413.628 - 0.458ms returns 0
T828C 000:413.669 JLINK_CORESIGHT_ReadAPDPReg(AP reg 0x03)
T828C 000:413.960   Value=0x00000002
T828C 000:414.002 - 0.333ms returns 0
T828C 000:414.028 JLINK_CORESIGHT_ReadAPDPReg(AP reg 0x03)
T828C 000:414.410   Value=0x00000002
T828C 000:414.448 - 0.420ms returns 0
T828C 000:414.473 JLINK_CORESIGHT_ReadAPDPReg(AP reg 0x03)
T828C 000:414.969   Value=0x00000002
T828C 000:415.004 - 0.531ms returns 0
T828C 000:415.028 JLINK_CORESIGHT_ReadAPDPReg(AP reg 0x03)
T828C 000:415.372   Value=0x00000002
T828C 000:415.407 - 0.379ms returns 0
T828C 000:415.431 JLINK_CORESIGHT_ReadAPDPReg(AP reg 0x03)
T828C 000:415.779   Value=0x00000002
T828C 000:415.817 - 0.386ms returns 0
T828C 000:415.841 JLINK_CORESIGHT_ReadAPDPReg(AP reg 0x03)
T828C 000:416.211   Value=0x00000002
T828C 000:416.247 - 0.406ms returns 0
T828C 000:416.271 JLINK_CORESIGHT_ReadAPDPReg(AP reg 0x03)
T828C 000:416.650   Value=0x00000002
T828C 000:416.686 - 0.415ms returns 0
T828C 000:416.710 JLINK_CORESIGHT_ReadAPDPReg(AP reg 0x03)
T828C 000:417.032   Value=0x00000002
T828C 000:417.067 - 0.357ms returns 0
T828C 000:417.091 JLINK_CORESIGHT_ReadAPDPReg(AP reg 0x03)
T828C 000:417.460   Value=0x00000002
T828C 000:417.494 - 0.403ms returns 0
T828C 000:417.523 JLINK_CORESIGHT_ReadAPDPReg(AP reg 0x03)
T828C 000:417.863   Value=0x00000002
T828C 000:417.899 - 0.375ms returns 0
T828C 000:417.922 JLINK_CORESIGHT_ReadAPDPReg(AP reg 0x03)
T828C 000:418.296   Value=0x00000002
T828C 000:418.331 - 0.408ms returns 0
T828C 000:418.354 JLINK_CORESIGHT_ReadAPDPReg(AP reg 0x03)
T828C 000:418.765   Value=0x00000002
T828C 000:418.803 - 0.448ms returns 0
T828C 000:418.827 JLINK_CORESIGHT_ReadAPDPReg(AP reg 0x03)
T828C 000:419.106   Value=0x00000002
T828C 000:419.144 - 0.317ms returns 0
T828C 000:419.169 JLINK_CORESIGHT_ReadAPDPReg(AP reg 0x03)
T828C 000:419.487   Value=0x00000002
T828C 000:419.544 - 0.374ms returns 0
T828C 000:419.568 JLINK_CORESIGHT_ReadAPDPReg(AP reg 0x03)
T828C 000:419.958   Value=0x00000002
T828C 000:419.995 - 0.426ms returns 0
T828C 000:420.018 JLINK_CORESIGHT_ReadAPDPReg(AP reg 0x03)
T828C 000:420.391   Value=0x00000002
T828C 000:420.427 - 0.408ms returns 0
T828C 000:420.451 JLINK_CORESIGHT_ReadAPDPReg(AP reg 0x03)
T828C 000:420.848   Value=0x00000002
T828C 000:420.922 - 0.470ms returns 0
T828C 000:420.958 JLINK_CORESIGHT_ReadAPDPReg(AP reg 0x03)
T828C 000:421.246   Value=0x00000002
T828C 000:421.310 - 0.351ms returns 0
T828C 000:421.336 JLINK_CORESIGHT_ReadAPDPReg(AP reg 0x03)
T828C 000:421.597   Value=0x00000002
T828C 000:421.645 - 0.309ms returns 0
T828C 000:421.698 JLINK_CORESIGHT_ReadAPDPReg(AP reg 0x03)
T828C 000:421.981   Value=0x00000002
T828C 000:422.045 - 0.347ms returns 0
T828C 000:422.074 JLINK_CORESIGHT_ReadAPDPReg(AP reg 0x03)
T828C 000:422.365   Value=0x00000002
T828C 000:422.428 - 0.354ms returns 0
T828C 000:422.455 JLINK_CORESIGHT_ReadAPDPReg(AP reg 0x03)
T828C 000:422.730   Value=0x00000002
T828C 000:422.793 - 0.337ms returns 0
T828C 000:422.823 JLINK_CORESIGHT_ReadAPDPReg(AP reg 0x03)
T828C 000:423.095   Value=0x00000002
T828C 000:423.136 - 0.313ms returns 0
T828C 000:423.162 JLINK_CORESIGHT_ReadAPDPReg(AP reg 0x03)
T828C 000:423.399   Value=0x00000002
T828C 000:423.438 - 0.276ms returns 0
T828C 000:423.462 JLINK_CORESIGHT_ReadAPDPReg(AP reg 0x03)
T828C 000:423.705   Value=0x00000000
T828C 000:423.746 - 0.283ms returns 0
T828C 000:423.771 JLINK_CORESIGHT_WriteAPDPReg(AP reg 0x00, 0x80000002)
T828C 000:423.969 - 0.198ms returns 0
T828C 000:423.997 JLINK_CORESIGHT_WriteAPDPReg(AP reg 0x01, 0x80011130)
T828C 000:424.180 - 0.183ms returns 0
T828C 000:424.208 JLINK_CORESIGHT_ReadAPDPReg(AP reg 0x03)
T828C 000:424.469   Value=0x4E0A0081
T828C 000:424.506 - 0.297ms returns 0
T828C 000:424.533 JLINK_CORESIGHT_WriteAPDPReg(AP reg 0x00, 0x80000002)
T828C 000:424.719 - 0.186ms returns 0
T828C 000:424.748 JLINK_CORESIGHT_WriteAPDPReg(AP reg 0x01, 0x80011140)
T828C 000:424.942 - 0.194ms returns 0
T828C 000:424.971 JLINK_CORESIGHT_ReadAPDPReg(AP reg 0x03)
T828C 000:425.207   Value=0x00000000
T828C 000:425.243 - 0.272ms returns 0
T828C 000:425.270 JLINK_CORESIGHT_WriteAPDPReg(AP reg 0x00, 0x80000002)
T828C 000:425.464 - 0.194ms returns 0
T828C 000:425.492 JLINK_CORESIGHT_WriteAPDPReg(AP reg 0x01, 0x80011130)
T828C 000:425.690 - 0.198ms returns 0
T828C 000:425.718 JLINK_CORESIGHT_ReadAPDPReg(AP reg 0x03)
T828C 000:425.968   Value=0xFFFFFF00
T828C 000:426.004 - 0.286ms returns 0
T828C 000:426.030 JLINK_CORESIGHT_WriteAPDPReg(AP reg 0x00, 0x80000002)
T828C 000:426.239 - 0.208ms returns 0
T828C 000:426.307 JLINK_CORESIGHT_WriteAPDPReg(AP reg 0x01, 0x80011140)
T828C 000:426.542 - 0.234ms returns 0
T828C 000:426.594 JLINK_CORESIGHT_ReadAPDPReg(AP reg 0x03)
T828C 000:426.851   Value=0x00000000
T828C 000:426.909 - 0.314ms returns 0
T828C 000:426.936 JLINK_CORESIGHT_WriteAPDPReg(AP reg 0x00, 0x80000002)
T828C 000:427.151 - 0.215ms returns 0
T828C 000:427.187 JLINK_CORESIGHT_WriteAPDPReg(AP reg 0x01, 0x80011130)
T828C 000:427.390 - 0.203ms returns 0
T828C 000:427.421 JLINK_CORESIGHT_ReadAPDPReg(AP reg 0x03)
T828C 000:427.722   Value=0xFFFFFFFF
T828C 000:427.768 - 0.346ms returns 0
T828C 000:427.797 JLINK_CORESIGHT_WriteAPDPReg(AP reg 0x00, 0x80000002)
T828C 000:428.050 - 0.253ms returns 0
T828C 000:428.092 JLINK_CORESIGHT_WriteAPDPReg(AP reg 0x01, 0x80011140)
T828C 000:428.289 - 0.197ms returns 0
T828C 000:428.324 JLINK_CORESIGHT_ReadAPDPReg(AP reg 0x03)
T828C 000:428.607   Value=0x00000000
T828C 000:428.664 - 0.339ms returns 0
T828C 000:428.694 JLINK_CORESIGHT_WriteAPDPReg(AP reg 0x00, 0x80000002)
T828C 000:428.943 - 0.249ms returns 0
T828C 000:428.975 JLINK_CORESIGHT_WriteAPDPReg(AP reg 0x01, 0x80011130)
T828C 000:429.162 - 0.187ms returns 0
T828C 000:429.192 JLINK_CORESIGHT_ReadAPDPReg(AP reg 0x03)
T828C 000:429.495   Value=0x0003B0FF
T828C 000:429.535 - 0.343ms returns 0
T828C 000:430.416 JLINK_CORESIGHT_WriteAPDPReg(AP reg 0x00, 0x80000002)
T828C 000:430.616 - 0.200ms returns 0
T828C 000:430.644 JLINK_CORESIGHT_WriteAPDPReg(AP reg 0x01, 0x80011140)
T828C 000:430.831 - 0.186ms returns 0
T828C 000:430.860 JLINK_CORESIGHT_ReadAPDPReg(AP reg 0x03)
T828C 000:431.101   Value=0x00000002
T828C 000:431.138 - 0.278ms returns 0
T828C 000:431.165 JLINK_CORESIGHT_WriteAPDPReg(AP reg 0x00, 0x80000002)
T828C 000:431.351 - 0.186ms returns 0
T828C 000:431.379 JLINK_CORESIGHT_WriteAPDPReg(AP reg 0x01, 0x80011120)
T828C 000:431.589 - 0.210ms returns 0
T828C 000:431.618 JLINK_CORESIGHT_WriteAPDPReg(AP reg 0x03, 0x4F010001)
T828C 000:431.806 - 0.187ms returns 0
T828C 000:431.835 JLINK_CORESIGHT_WriteAPDPReg(AP reg 0x00, 0x80000002)
T828C 000:432.051 - 0.216ms returns 0
T828C 000:432.079 JLINK_CORESIGHT_WriteAPDPReg(AP reg 0x01, 0x80011140)
T828C 000:432.270 - 0.191ms returns 0
T828C 000:432.299 JLINK_CORESIGHT_ReadAPDPReg(AP reg 0x03)
T828C 000:432.539   Value=0x00000002
T828C 000:432.575 - 0.276ms returns 0
T828C 000:432.599 JLINK_CORESIGHT_WriteAPDPReg(AP reg 0x00, 0x80000002)
T828C 000:432.803 - 0.204ms returns 0
T828C 000:432.832 JLINK_CORESIGHT_WriteAPDPReg(AP reg 0x01, 0x80011120)
T828C 000:433.051 - 0.219ms returns 0
T828C 000:433.080 JLINK_CORESIGHT_WriteAPDPReg(AP reg 0x03, 0x000003B0)
T828C 000:433.268 - 0.188ms returns 0
T828C 000:433.297 JLINK_CORESIGHT_WriteAPDPReg(AP reg 0x00, 0x80000002)
T828C 000:433.490 - 0.193ms returns 0
T828C 000:433.531 JLINK_CORESIGHT_WriteAPDPReg(AP reg 0x01, 0x80011140)
T828C 000:433.739 - 0.208ms returns 0
T828C 000:433.769 JLINK_CORESIGHT_ReadAPDPReg(AP reg 0x03)
T828C 000:434.017   Value=0x00000002
T828C 000:434.054 - 0.285ms returns 0
T828C 000:434.080 JLINK_CORESIGHT_ReadAPDPReg(AP reg 0x03)
T828C 000:434.316   Value=0x00000002
T828C 000:434.353 - 0.272ms returns 0
T828C 000:434.379 JLINK_CORESIGHT_ReadAPDPReg(AP reg 0x03)
T828C 000:434.618   Value=0x00000002
T828C 000:434.657 - 0.278ms returns 0
T828C 000:434.682 JLINK_CORESIGHT_ReadAPDPReg(AP reg 0x03)
T828C 000:434.956   Value=0x00000002
T828C 000:435.036 - 0.353ms returns 0
T828C 000:435.076 JLINK_CORESIGHT_ReadAPDPReg(AP reg 0x03)
T828C 000:435.335   Value=0x00000000
T828C 000:435.393 - 0.317ms returns 0
T828C 000:435.419 JLINK_CORESIGHT_WriteAPDPReg(AP reg 0x00, 0x80000002)
T828C 000:435.631 - 0.211ms returns 0
T828C 000:435.660 JLINK_CORESIGHT_WriteAPDPReg(AP reg 0x01, 0x80011130)
T828C 000:435.869 - 0.208ms returns 0
T828C 000:435.915 JLINK_CORESIGHT_ReadAPDPReg(AP reg 0x03)
T828C 000:436.151   Value=0x4F0B0081
T828C 000:436.195 - 0.279ms returns 0
T828C 000:436.219 JLINK_CORESIGHT_WriteAPDPReg(AP reg 0x00, 0x80000002)
T828C 000:436.428 - 0.208ms returns 0
T828C 000:436.466 JLINK_CORESIGHT_WriteAPDPReg(AP reg 0x01, 0x80011140)
T828C 000:436.735 - 0.267ms returns 0
T828C 000:436.801 JLINK_CORESIGHT_ReadAPDPReg(AP reg 0x03)
T828C 000:437.094   Value=0x00000000
T828C 000:437.145 - 0.343ms returns 0
T828C 000:437.170 JLINK_CORESIGHT_WriteAPDPReg(AP reg 0x00, 0x80000002)
T828C 000:437.374 - 0.204ms returns 0
T828C 000:437.428 JLINK_CORESIGHT_WriteAPDPReg(AP reg 0x01, 0x80011130)
T828C 000:437.672 - 0.244ms returns 0
T828C 000:437.727 JLINK_CORESIGHT_ReadAPDPReg(AP reg 0x03)
T828C 000:438.030   Value=0xE0010000
T828C 000:438.091 - 0.364ms returns 0
T828C 000:438.118 JLINK_CORESIGHT_WriteAPDPReg(AP reg 0x00, 0x80000002)
T828C 000:438.377 - 0.258ms returns 0
T828C 000:438.430 JLINK_CORESIGHT_WriteAPDPReg(AP reg 0x01, 0x80011140)
T828C 000:438.674 - 0.243ms returns 0
T828C 000:438.727 JLINK_CORESIGHT_ReadAPDPReg(AP reg 0x03)
T828C 000:439.002   Value=0x00000000
T828C 000:439.063 - 0.335ms returns 0
T828C 000:439.089 JLINK_CORESIGHT_WriteAPDPReg(AP reg 0x00, 0x80000002)
T828C 000:439.340 - 0.250ms returns 0
T828C 000:439.393 JLINK_CORESIGHT_WriteAPDPReg(AP reg 0x01, 0x80011130)
T828C 000:439.582 - 0.188ms returns 0
T828C 000:439.626 JLINK_CORESIGHT_ReadAPDPReg(AP reg 0x03)
T828C 000:439.952   Value=0x00000100
T828C 000:440.016 - 0.389ms returns 0
T828C 000:440.043 JLINK_CORESIGHT_WriteAPDPReg(AP reg 0x00, 0x80000002)
T828C 000:440.290 - 0.246ms returns 0
T828C 000:440.344 JLINK_CORESIGHT_WriteAPDPReg(AP reg 0x01, 0x80011140)
T828C 000:440.591 - 0.246ms returns 0
T828C 000:440.644 JLINK_CORESIGHT_ReadAPDPReg(AP reg 0x03)
T828C 000:440.980   Value=0x00000000
T828C 000:441.041 - 0.397ms returns 0
T828C 000:441.068 JLINK_CORESIGHT_WriteAPDPReg(AP reg 0x00, 0x80000002)
T828C 000:441.316 - 0.247ms returns 0
T828C 000:441.369 JLINK_CORESIGHT_WriteAPDPReg(AP reg 0x01, 0x80011130)
T828C 000:441.606 - 0.237ms returns 0
T828C 000:441.660 JLINK_CORESIGHT_ReadAPDPReg(AP reg 0x03)
T828C 000:441.980   Value=0x03C40000
T828C 000:442.042 - 0.382ms returns 0
T828C 000:442.244 JLINK_CORESIGHT_WriteAPDPReg(AP reg 0x00, 0x80000002)
T828C 000:442.501 - 0.256ms returns 0
T828C 000:442.557 JLINK_CORESIGHT_WriteAPDPReg(AP reg 0x01, 0x80011140)
T828C 000:442.790 - 0.232ms returns 0
T828C 000:442.843 JLINK_CORESIGHT_ReadAPDPReg(AP reg 0x03)
T828C 000:443.129   Value=0x00000002
T828C 000:443.191 - 0.347ms returns 0
T828C 000:443.217 JLINK_CORESIGHT_WriteAPDPReg(AP reg 0x00, 0x80000002)
T828C 000:443.499 - 0.281ms returns 0
T828C 000:443.555 JLINK_CORESIGHT_WriteAPDPReg(AP reg 0x01, 0x80011120)
T828C 000:443.796 - 0.241ms returns 0
T828C 000:443.850 JLINK_CORESIGHT_WriteAPDPReg(AP reg 0x03, 0x4F010001)
T828C 000:444.080 - 0.230ms returns 0
T828C 000:444.136 JLINK_CORESIGHT_WriteAPDPReg(AP reg 0x00, 0x80000002)
T828C 000:444.392 - 0.255ms returns 0
T828C 000:444.448 JLINK_CORESIGHT_WriteAPDPReg(AP reg 0x01, 0x80011140)
T828C 000:444.692 - 0.243ms returns 0
T828C 000:444.746 JLINK_CORESIGHT_ReadAPDPReg(AP reg 0x03)
T828C 000:445.044   Value=0x00000002
T828C 000:445.105 - 0.359ms returns 0
T828C 000:445.132 JLINK_CORESIGHT_WriteAPDPReg(AP reg 0x00, 0x80000002)
T828C 000:445.382 - 0.249ms returns 0
T828C 000:445.435 JLINK_CORESIGHT_WriteAPDPReg(AP reg 0x01, 0x80011120)
T828C 000:445.659 - 0.224ms returns 0
T828C 000:445.713 JLINK_CORESIGHT_WriteAPDPReg(AP reg 0x03, 0x000003B0)
T828C 000:445.979 - 0.265ms returns 0
T828C 000:446.035 JLINK_CORESIGHT_WriteAPDPReg(AP reg 0x00, 0x80000002)
T828C 000:446.286 - 0.250ms returns 0
T828C 000:446.340 JLINK_CORESIGHT_WriteAPDPReg(AP reg 0x01, 0x80011140)
T828C 000:446.603 - 0.262ms returns 0
T828C 000:446.658 JLINK_CORESIGHT_ReadAPDPReg(AP reg 0x03)
T828C 000:446.978   Value=0x00000000
T828C 000:447.039 - 0.380ms returns 0
T828C 000:447.066 JLINK_CORESIGHT_WriteAPDPReg(AP reg 0x00, 0x80000002)
T828C 000:447.324 - 0.257ms returns 0
T828C 000:447.378 JLINK_CORESIGHT_WriteAPDPReg(AP reg 0x01, 0x80011130)
T828C 000:447.604 - 0.225ms returns 0
T828C 000:447.657 JLINK_CORESIGHT_ReadAPDPReg(AP reg 0x03)
T828C 000:447.995   Value=0x4F0B0081
T828C 000:448.057 - 0.399ms returns 0
T828C 000:448.083 JLINK_CORESIGHT_WriteAPDPReg(AP reg 0x00, 0x80000002)
T828C 000:448.332 - 0.248ms returns 0
T828C 000:448.385 JLINK_CORESIGHT_WriteAPDPReg(AP reg 0x01, 0x80011140)
T828C 000:448.712 - 0.326ms returns 0
T828C 000:448.766 JLINK_CORESIGHT_ReadAPDPReg(AP reg 0x03)
T828C 000:449.052   Value=0x00000000
T828C 000:449.114 - 0.348ms returns 0
T828C 000:449.141 JLINK_CORESIGHT_WriteAPDPReg(AP reg 0x00, 0x80000002)
T828C 000:449.387 - 0.246ms returns 0
T828C 000:449.442 JLINK_CORESIGHT_WriteAPDPReg(AP reg 0x01, 0x80011130)
T828C 000:449.640 - 0.197ms returns 0
T828C 000:449.673 JLINK_CORESIGHT_ReadAPDPReg(AP reg 0x03)
T828C 000:449.959   Value=0xE0010000
T828C 000:449.995 - 0.322ms returns 0
T828C 000:450.020 JLINK_CORESIGHT_WriteAPDPReg(AP reg 0x00, 0x80000002)
T828C 000:450.228 - 0.208ms returns 0
T828C 000:450.256 JLINK_CORESIGHT_WriteAPDPReg(AP reg 0x01, 0x80011140)
T828C 000:450.462 - 0.206ms returns 0
T828C 000:450.490 JLINK_CORESIGHT_ReadAPDPReg(AP reg 0x03)
T828C 000:450.738   Value=0x00000000
T828C 000:450.775 - 0.285ms returns 0
T828C 000:450.800 JLINK_CORESIGHT_WriteAPDPReg(AP reg 0x00, 0x80000002)
T828C 000:451.048 - 0.248ms returns 0
T828C 000:451.075 JLINK_CORESIGHT_WriteAPDPReg(AP reg 0x01, 0x80011130)
T828C 000:451.260 - 0.185ms returns 0
T828C 000:451.288 JLINK_CORESIGHT_ReadAPDPReg(AP reg 0x03)
T828C 000:451.537   Value=0x00000100
T828C 000:451.595 - 0.307ms returns 0
T828C 000:451.630 JLINK_CORESIGHT_WriteAPDPReg(AP reg 0x00, 0x80000002)
T828C 000:451.838 - 0.208ms returns 0
T828C 000:451.887 JLINK_CORESIGHT_WriteAPDPReg(AP reg 0x01, 0x80011140)
T828C 000:452.102 - 0.214ms returns 0
T828C 000:452.133 JLINK_CORESIGHT_ReadAPDPReg(AP reg 0x03)
T828C 000:452.388   Value=0x00000000
T828C 000:452.427 - 0.294ms returns 0
T828C 000:452.453 JLINK_CORESIGHT_WriteAPDPReg(AP reg 0x00, 0x80000002)
T828C 000:452.645 - 0.191ms returns 0
T828C 000:452.673 JLINK_CORESIGHT_WriteAPDPReg(AP reg 0x01, 0x80011130)
T828C 000:452.864 - 0.191ms returns 0
T828C 000:452.893 JLINK_CORESIGHT_ReadAPDPReg(AP reg 0x03)
T828C 000:453.134   Value=0x03C40000
T828C 000:453.172 - 0.279ms returns 0
T828C 000:453.203 JLINK_CORESIGHT_ReadAPDPReg(DP reg 0x01)
T828C 000:453.473   Value=0xF0000F40
T828C 000:453.516 - 0.312ms returns 0
T828C 000:453.544 JLINK_CORESIGHT_WriteAPDPReg(DP reg 0x01, 0xA0000F40)
T828C 000:453.751 - 0.206ms returns 0
T828C 000:453.781 JLINK_CORESIGHT_ReadAPDPReg(DP reg 0x01)
T828C 000:454.075   Value=0x00000F40
T828C 000:454.114 - 0.333ms returns 0
T828C 000:454.140 JLINK_ClrRESET()
T828C 000:454.332 - 0.192ms
T828C 000:560.867 JLINK_Close()
T828C 000:568.939 - 8.071ms
T828C 000:569.002   
T828C 000:569.035   Closed
