T8574 000:001.336   SEGGER J-Link V7.98b Log File
T8574 000:001.486   DLL Compiled: Jul 31 2024 16:10:46
T8574 000:001.501   Logging started @ 2024-09-19 04:04
T8574 000:001.515   Process: C:\Users\trung.tran-quoc\.eclipse\com.renesas.platform_32995968\DebugComp\RA\e2-server-gdb.exe
T8574 000:001.530 - 1.529ms
T8574 000:001.553 JLINK_GetDLLVersion()
T8574 000:001.567 - 0.014ms returns 79802
T8574 000:007.373 JLINK_OpenEx(...)
T8574 000:014.906   Firmware: J-Link OB-S124 compiled Jul  3 2024 17:03:07
T8574 000:016.633   Firmware: J-Link OB-S124 compiled Jul  3 2024 17:03:07
T8574 000:042.722   Hardware: V1.00
T8574 000:042.771   S/N: 831792391
T8574 000:042.789   OEM: SEGGER
T8574 000:042.807   Feature(s): None
T8574 000:044.185   Bootloader: 2019 Oct 15
T8574 000:045.453   USB speed mode: Full speed (12 MBit/s)
T8574 000:046.309   TELNET listener socket opened on port 19021
T8574 000:046.483   WEBSRV WEBSRV_Init(): Starting webserver thread(s)
T8574 000:046.641   WEBSRV Webserver running on local port 19080
T8574 000:046.767   Looking for J-Link GUI Server exe at: C:\Users\trung.tran-quoc\.eclipse\com.renesas.platform_32995968\DebugComp\RA\ARM\Segger_v7.98.2\JLinkGUIServer.exe
T8574 000:046.884   Looking for J-Link GUI Server exe at: C:\Users\trung.tran-quoc\SEGGER\JLink\JLinkGUIServer.exe
T8574 000:354.911   Failed to connect to J-Link GUI Server.
T8574 000:354.989 - 347.605ms returns "O.K."
T8574 000:355.114 JLINK_ExecCommand("ProjectFile=C:\Users\trung.tran-quoc\fsp_git\ra-solutions-rvc\application_projects\r01an5865\ra_arm_dsp_examples_ek_ra6m4/ra_arm_dsp_examples_ek_ra6m4 Debug_Flat.jlink", ...). 
T8574 000:378.255 - 23.145ms returns 0x00
T8574 000:379.583 JLINK_ExecCommand("device=R7FA6M4AF", ...). 
T8574 000:380.715   Flash bank @ 0x0100A100: SFL: Parsing sectorization info from ELF file
T8574 000:380.747     FlashDevice.SectorInfo[0]: .SectorSize = 0x00000010, .SectorStartAddr = 0x00000000
T8574 000:380.769   FlashBank @0x0100A100: Sectorization info from SFL ELF file ignored because sectorization override from DLL / XML file is active.
T8574 000:381.207   Flash bank @ 0x60000000: SFL: Parsing sectorization info from ELF file
T8574 000:381.234     FlashDevice.SectorInfo[0]: .SectorSize = 0x00010000, .SectorStartAddr = 0x00000000
T8574 000:384.586   Device "R7FA6M4AF" selected.
T8574 000:387.614 - 7.988ms returns 0x00
T8574 000:387.646 JLINK_TIF_GetAvailable(...)
T8574 000:388.278 - 0.631ms
T8574 000:388.308 JLINK_TIF_Select(JLINKARM_TIF_SWD)
T8574 000:390.443 - 2.130ms returns 0x00
T8574 000:390.463 JLINK_SetSpeed(4000)
T8574 000:390.724 - 0.262ms
T8574 000:390.747 JLINK_ReadMem(0xE000EDF0, 0x4 Bytes, ...)
T8574 000:391.307   ConfigTargetSettings() start
T8574 000:391.324    J-Link Script File: Executing ConfigTargetSettings()
T8574 000:391.339   Configuring FlashDLNoRMWThreshold=0x200 in order to make sure that option bytes programming is done via read-modify-write
T8574 000:492.054   ConfigTargetSettings() end - Took 100ms
T8574 000:492.099   InitTarget() start
T8574 000:492.121    J-Link Script File: Executing InitTarget()
T8574 000:492.139   SWD selected. Executing JTAG -> SWD switching sequence.
T8574 000:496.568   DAP initialized successfully.
T8574 000:496.629   Determining TrustZone configuration...
T8574 000:499.810     Secure Debug: Enabled (SSD)
T8574 000:499.862   Determining currently configured transfer type by reading the AHB-AP CSW register.
T8574 000:502.016     --> Correct transfer type configured. Done.
T8574 000:502.063   InitTarget() end - Took 9.94ms
T8574 000:503.517   Found SW-DP with ID 0x6BA02477
T8574 000:508.263   DPIDR: 0x6BA02477
T8574 000:508.294   CoreSight SoC-400 or earlier
T8574 000:508.316   Scanning AP map to find all available APs
T8574 000:510.945   AP[2]: Stopped AP scan as end of AP map has been reached
T8574 000:510.966   AP[0]: AHB-AP (IDR: 0x84770001)
T8574 000:510.984   AP[1]: APB-AP (IDR: 0x54770002)
T8574 000:511.002   Iterating through AP map to find AHB-AP to use
T8574 000:512.864   AP[0]: Core found
T8574 000:512.895   AP[0]: AHB-AP ROM base: 0xE00FE000
T8574 000:513.960   CPUID register: 0x410FD214. Implementer code: 0x41 (ARM)
T8574 000:514.001   Feature set: Mainline
T8574 000:514.996   Cache: No cache
T8574 000:515.060   Found Cortex-M33 r0p4, Little endian.
T8574 000:515.999   -- Max. mem block: 0x00001940
T8574 000:517.915   CPU_ReadMem(4 bytes @ 0xE000EDF0)
T8574 000:519.051   CPU_WriteMem(4 bytes @ 0xE000EDF0)
T8574 000:519.929   CPU_ReadMem(4 bytes @ 0xE0002000)
T8574 000:520.762   FPUnit: 8 code (BP) slots and 0 literal slots
T8574 000:520.784   CPU_ReadMem(4 bytes @ 0xE000EDFC)
T8574 000:521.578   CPU_WriteMem(4 bytes @ 0xE000EDFC)
T8574 000:522.433   CPU_ReadMem(4 bytes @ 0xE0001000)
T8574 000:523.311   CPU_ReadMem(4 bytes @ 0xE0001000)
T8574 000:524.096   CPU_ReadMem(4 bytes @ 0xE0001028)
T8574 000:524.842   CPU_ReadMem(4 bytes @ 0xE0001038)
T8574 000:525.668   CPU_ReadMem(4 bytes @ 0xE0001048)
T8574 000:526.407   CPU_ReadMem(4 bytes @ 0xE0001058)
T8574 000:527.254   CPU_WriteMem(4 bytes @ 0xE0001000)
T8574 000:528.031   CPU_ReadMem(4 bytes @ 0xE000ED88)
T8574 000:528.828   CPU_WriteMem(4 bytes @ 0xE000ED88)
T8574 000:529.721   CPU_ReadMem(4 bytes @ 0xE000ED88)
T8574 000:530.675   CPU_WriteMem(4 bytes @ 0xE000ED88)
T8574 000:531.454   CPU_ReadMem(4 bytes @ 0xE000EFB8)
T8574 000:532.178   Security extension: implemented
T8574 000:532.211   Secure debug: enabled
T8574 000:532.227   CoreSight components:
T8574 000:532.244   ROMTbl[0] @ E00FE000
T8574 000:532.262   CPU_ReadMem(64 bytes @ 0xE00FE000)
T8574 000:533.903   CPU_ReadMem(32 bytes @ 0xE0044FE0)
T8574 000:535.007   CPU_ReadMem(4 bytes @ 0xE0044FBC)
T8574 000:535.767   CPU_ReadMem(4 bytes @ 0xE0044FCC)
T8574 000:536.550   [0][0]: E0044000 CID B105900D PID 005BB906 DEVARCH 00000000 DEVTYPE 14 CTI (?)
T8574 000:536.599   CPU_ReadMem(32 bytes @ 0xE0047FE0)
T8574 000:537.968   CPU_ReadMem(4 bytes @ 0xE0047FBC)
T8574 000:538.785   CPU_ReadMem(4 bytes @ 0xE0047FCC)
T8574 000:539.538   [0][1]: E0047000 CID B105900D PID 003BB908 DEVARCH 00000000 DEVTYPE 12 CSTF
T8574 000:539.559   CPU_ReadMem(32 bytes @ 0xE0048FE0)
T8574 000:540.655   CPU_ReadMem(4 bytes @ 0xE0048FBC)
T8574 000:541.384   CPU_ReadMem(4 bytes @ 0xE0048FCC)
T8574 000:542.126   [0][2]: E0048000 CID B105900D PID 001BB961 DEVARCH 00000000 DEVTYPE 21 ETB
T8574 000:542.146   CPU_ReadMem(32 bytes @ 0xE0049FE0)
T8574 000:543.306   [0][3]: E0049000 CID B105F00D PID 001BB101 TSG
T8574 000:543.332   CPU_ReadMem(32 bytes @ 0xE0040FE0)
T8574 000:544.566   CPU_ReadMem(4 bytes @ 0xE0040FBC)
T8574 000:545.343   CPU_ReadMem(4 bytes @ 0xE0040FCC)
T8574 000:546.085   [0][4]: E0040000 CID B105900D PID 000BBD21 DEVARCH 00000000 DEVTYPE 11 TPIU
T8574 000:546.105   CPU_ReadMem(32 bytes @ 0xE00FFFE0)
T8574 000:547.206   [0][5]: E00FF000 CID B105100D PID 000BB4C9 ROM Table
T8574 000:547.236   ROMTbl[1] @ E00FF000
T8574 000:547.254   CPU_ReadMem(64 bytes @ 0xE00FF000)
T8574 000:548.920   CPU_ReadMem(32 bytes @ 0xE000EFE0)
T8574 000:550.102   CPU_ReadMem(4 bytes @ 0xE000EFBC)
T8574 000:550.826   CPU_ReadMem(4 bytes @ 0xE000EFCC)
T8574 000:551.788   [1][0]: E000E000 CID B105900D PID 000BBD21 DEVARCH 47702A04 DEVTYPE 00 Cortex-M33
T8574 000:551.811   CPU_ReadMem(32 bytes @ 0xE0001FE0)
T8574 000:553.012   CPU_ReadMem(4 bytes @ 0xE0001FBC)
T8574 000:553.858   CPU_ReadMem(4 bytes @ 0xE0001FCC)
T8574 000:554.656   [1][1]: E0001000 CID B105900D PID 000BBD21 DEVARCH 47701A02 DEVTYPE 00 DWT
T8574 000:554.687   CPU_ReadMem(32 bytes @ 0xE0002FE0)
T8574 000:555.883   CPU_ReadMem(4 bytes @ 0xE0002FBC)
T8574 000:556.653   CPU_ReadMem(4 bytes @ 0xE0002FCC)
T8574 000:557.462   [1][2]: E0002000 CID B105900D PID 000BBD21 DEVARCH 47701A03 DEVTYPE 00 FPB
T8574 000:557.480   CPU_ReadMem(32 bytes @ 0xE0000FE0)
T8574 000:558.683   CPU_ReadMem(4 bytes @ 0xE0000FBC)
T8574 000:559.609   CPU_ReadMem(4 bytes @ 0xE0000FCC)
T8574 000:560.480   [1][3]: E0000000 CID B105900D PID 000BBD21 DEVARCH 47701A01 DEVTYPE 43 ITM
T8574 000:560.527   CPU_ReadMem(32 bytes @ 0xE0041FE0)
T8574 000:561.836   CPU_ReadMem(4 bytes @ 0xE0041FBC)
T8574 000:562.678   CPU_ReadMem(4 bytes @ 0xE0041FCC)
T8574 000:563.464   [1][5]: E0041000 CID B105900D PID 002BBD21 DEVARCH 47724A13 DEVTYPE 13 ETM
T8574 000:563.483   CPU_ReadMem(32 bytes @ 0xE0042FE0)
T8574 000:564.625   CPU_ReadMem(4 bytes @ 0xE0042FBC)
T8574 000:565.752   CPU_ReadMem(4 bytes @ 0xE0042FCC)
T8574 000:566.710   [1][6]: E0042000 CID B105900D PID 000BBD21 DEVARCH 47701A14 DEVTYPE 14 CSS600-CTI
T8574 000:566.798   CPU_ReadMem(4 bytes @ 0xE000EDF0)
T8574 000:567.615   Data:  01 00 10 01
T8574 000:567.634   Debug reg: DHCSR
T8574 000:567.652 - 176.904ms returns 0
T8574 000:567.673 JLINK_ReadMem(0x400E002C, 0x4 Bytes, ...)
T8574 000:567.686   CPU_ReadMem(4 bytes @ 0x400E002C)
T8574 000:568.445   Data:  02 00 00 00
T8574 000:568.506 - 0.833ms returns 0
T8574 000:568.554 JLINK_ReadMem(0xE000EDF0, 0x4 Bytes, ...)
T8574 000:568.570   CPU_ReadMem(4 bytes @ 0xE000EDF0)
T8574 000:569.340   Data:  01 00 10 01
T8574 000:569.367   Debug reg: DHCSR
T8574 000:569.385 - 0.830ms returns 0
T8574 000:569.421 JLINK_ReadMem(0xE000EDF0, 0x4 Bytes, ...)
T8574 000:569.435   CPU_ReadMem(4 bytes @ 0xE000EDF0)
T8574 000:570.237   Data:  01 00 10 01
T8574 000:570.263   Debug reg: DHCSR
T8574 000:570.280 - 0.859ms returns 0
T8574 000:570.294 JLINK_ReadMem(0x400E001C, 0x4 Bytes, ...)
T8574 000:570.307   CPU_ReadMem(4 bytes @ 0x400E001C)
T8574 000:571.155   Data:  00 44 00 00
T8574 000:571.203 - 0.908ms returns 0
T8574 000:571.217 JLINK_ReadMem(0xE000EDF0, 0x4 Bytes, ...)
T8574 000:571.229   CPU_ReadMem(4 bytes @ 0xE000EDF0)
T8574 000:572.042   Data:  01 00 10 01
T8574 000:572.060   Debug reg: DHCSR
T8574 000:572.076 - 0.859ms returns 0
T8574 000:572.089 JLINK_ReadMem(0x400E0018, 0x4 Bytes, ...)
T8574 000:572.101   CPU_ReadMem(4 bytes @ 0x400E0018)
T8574 000:572.983   Data:  00 80 00 00
T8574 000:573.027 - 0.938ms returns 0
T8574 000:573.041 JLINK_ReadMem(0xE000EDF0, 0x4 Bytes, ...)
T8574 000:573.054   CPU_ReadMem(4 bytes @ 0xE000EDF0)
T8574 000:574.104   Data:  01 00 10 01
T8574 000:574.122   Debug reg: DHCSR
T8574 000:574.138 - 1.096ms returns 0
T8574 000:574.151 JLINK_ReadMem(0x400E0020, 0x4 Bytes, ...)
T8574 000:574.163   CPU_ReadMem(4 bytes @ 0x400E0020)
T8574 000:574.938   Data:  00 00 00 00
T8574 000:574.982 - 0.831ms returns 0
T8574 000:574.996 JLINK_ReadMem(0xE000EDF0, 0x4 Bytes, ...)
T8574 000:575.008   CPU_ReadMem(4 bytes @ 0xE000EDF0)
T8574 000:575.946   Data:  01 00 10 01
T8574 000:575.976   Debug reg: DHCSR
T8574 000:575.993 - 0.996ms returns 0
T8574 000:576.006 JLINK_ReadMem(0x400E0028, 0x4 Bytes, ...)
T8574 000:576.019   CPU_ReadMem(4 bytes @ 0x400E0028)
T8574 000:576.764   Data:  00 10 00 00
T8574 000:576.810 - 0.803ms returns 0
T8574 000:576.824 JLINK_ReadMem(0xE000EDF0, 0x4 Bytes, ...)
T8574 000:576.837   CPU_ReadMem(4 bytes @ 0xE000EDF0)
T8574 000:577.778   Data:  01 00 10 01
T8574 000:577.808   Debug reg: DHCSR
T8574 000:577.827 - 1.002ms returns 0
T8574 000:577.842 JLINK_ReadMem(0x400E0024, 0x4 Bytes, ...)
T8574 000:577.856   CPU_ReadMem(4 bytes @ 0x400E0024)
T8574 000:578.818   Data:  00 20 00 00
T8574 000:578.845 - 1.003ms returns 0
T8574 000:578.864 JLINK_ReadMem(0xE000EDF0, 0x4 Bytes, ...)
T8574 000:578.879   CPU_ReadMem(4 bytes @ 0xE000EDF0)
T8574 000:579.862   Data:  01 00 10 01
T8574 000:579.905   Debug reg: DHCSR
T8574 000:579.923 - 1.058ms returns 0
T8574 000:579.937 JLINK_ReadMem(0x400E002C, 0x4 Bytes, ...)
T8574 000:579.950   CPU_ReadMem(4 bytes @ 0x400E002C)
T8574 000:580.938   Data:  02 00 00 00
T8574 000:580.976 - 1.038ms returns 0
T8574 000:580.992 JLINK_ReadMem(0xE000EDF0, 0x4 Bytes, ...)
T8574 000:581.006   CPU_ReadMem(4 bytes @ 0xE000EDF0)
T8574 000:581.851   Data:  01 00 10 01
T8574 000:581.873   Debug reg: DHCSR
T8574 000:581.893 - 0.901ms returns 0
T8574 000:581.908 JLINK_ReadMem(0x400E002C, 0x4 Bytes, ...)
T8574 000:581.923   CPU_ReadMem(4 bytes @ 0x400E002C)
T8574 000:582.912   Data:  02 00 00 00
T8574 000:582.937 - 1.028ms returns 0
T8574 000:593.143 JLINK_Close()
T8574 000:613.435 - 20.291ms
T8574 000:613.500   
T8574 000:613.520   Closed
