T4B28 000:000.751   SEGGER J-Link V7.96a Log File
T4B28 000:000.900   DLL Compiled: Mar 14 2024 17:11:32
T4B28 000:000.925   Logging started @ 2024-04-25 08:54
T4B28 000:000.949   Process: C:\Users\trung.tran-quoc\.eclipse\com.renesas.platform_323107225\DebugComp\RA\e2-server-gdb.exe
T4B28 000:000.973 - 0.971ms
T4B28 000:001.002 JLINK_GetDLLVersion()
T4B28 000:001.027 - 0.023ms returns 79601
T4B28 000:001.811 JLINK_OpenEx(...)
T4B28 000:010.397   Firmware: J-Link OB-RA4M2 compiled Mar 14 2024 13:23:21
T4B28 000:011.370   Firmware: J-Link OB-RA4M2 compiled Mar 14 2024 13:23:21
T4B28 000:025.728   Hardware: V1.00
T4B28 000:025.796   S/N: 1083382679
T4B28 000:025.830   OEM: SEGGER
T4B28 000:025.868   Feature(s): None
T4B28 000:027.844   Bootloader: 2021 May 14
T4B28 000:031.271   USB speed mode: Full speed (12 MBit/s)
T4B28 000:031.832   TELNET listener socket opened on port 19021
T4B28 000:031.998   WEBSRV WEBSRV_Init(): Starting webserver thread(s)
T4B28 000:032.066   WEBSRV Failed to put socket into listener state (port 19080)
T4B28 000:032.167   WEBSRV Webserver running on local port 19081
T4B28 000:032.268   Looking for J-Link GUI Server exe at: C:\Users\trung.tran-quoc\.eclipse\com.renesas.platform_323107225\DebugComp\RA\ARM\Segger_v7.96.1\JLinkGUIServer.exe
T4B28 000:032.371   Looking for J-Link GUI Server exe at: C:\Users\trung.tran-quoc\SEGGER\JLink_V794g\JLinkGUIServer.exe
T4B28 000:032.404   Forking J-Link GUI Server: C:\Users\trung.tran-quoc\SEGGER\JLink_V794g\JLinkGUIServer.exe
T4B28 000:037.894   J-Link GUI Server info: "J-Link GUI server V7.94g "
T4B28 000:038.360 - 36.542ms returns "O.K."
T4B28 000:038.504 JLINK_TIF_Select(JLINKARM_TIF_SWD)
T4B28 000:040.250 - 1.742ms returns 0x00
T4B28 000:040.306 JLINK_ClrRESET()
T4B28 000:040.660 - 0.353ms
T4B28 000:091.545 JLINK_SetSpeed(1500)
T4B28 000:091.930 - 0.405ms
T4B28 000:091.963 JLINK_CORESIGHT_Configure(PerformTIFInit=0)
T4B28 000:092.615 - 0.652ms returns 0
T4B28 000:092.648 JLINK_CORESIGHT_ReadAPDPReg(DP reg 0x00)
T4B28 000:092.969   Value=0x6BA02477
T4B28 000:092.989 - 0.341ms returns 0
T4B28 000:093.015 JLINK_CORESIGHT_WriteAPDPReg(DP reg 0x00, 0x0000001F)
T4B28 000:093.334 - 0.319ms returns 0
T4B28 000:093.362 JLINK_CORESIGHT_ReadAPDPReg(DP reg 0x00)
T4B28 000:093.609   Value=0x6BA02477
T4B28 000:093.628 - 0.266ms returns 0
T4B28 000:093.655 JLINK_CORESIGHT_WriteAPDPReg(DP reg 0x02, 0x00000000)
T4B28 000:093.875 - 0.220ms returns 0
T4B28 000:093.902 JLINK_CORESIGHT_WriteAPDPReg(DP reg 0x01, 0x50000000)
T4B28 000:094.152 - 0.249ms returns 0
T4B28 000:094.213 JLINK_CORESIGHT_ReadAPDPReg(DP reg 0x01)
T4B28 000:094.551   Value=0xF0000040
T4B28 000:094.574 - 0.361ms returns 0
T4B28 000:094.602 JLINK_CORESIGHT_WriteAPDPReg(DP reg 0x00, 0x0000001F)
T4B28 000:094.849 - 0.247ms returns 0
T4B28 000:094.875 JLINK_CORESIGHT_ReadAPDPReg(DP reg 0x00)
T4B28 000:095.120   Value=0x6BA02477
T4B28 000:095.138 - 0.263ms returns 0
T4B28 000:095.164 JLINK_CORESIGHT_WriteAPDPReg(DP reg 0x01, 0x54000000)
T4B28 000:095.400 - 0.236ms returns 0
T4B28 000:095.427 JLINK_CORESIGHT_WriteAPDPReg(DP reg 0x01, 0x50000F00)
T4B28 000:095.669 - 0.242ms returns 0
T4B28 000:095.695 JLINK_CORESIGHT_WriteAPDPReg(DP reg 0x02, 0x01000000)
T4B28 000:095.969 - 0.274ms returns 0
T4B28 000:095.996 JLINK_CORESIGHT_WriteAPDPReg(AP reg 0x00, 0x80000002)
T4B28 000:096.220 - 0.224ms returns 0
T4B28 000:096.246 JLINK_CORESIGHT_WriteAPDPReg(AP reg 0x01, 0x80011100)
T4B28 000:096.477 - 0.230ms returns 0
T4B28 000:096.503 JLINK_CORESIGHT_WriteAPDPReg(AP reg 0x03, 0x000000A5)
T4B28 000:096.744 - 0.240ms returns 0
T4B28 000:096.771 JLINK_CORESIGHT_WriteAPDPReg(AP reg 0x00, 0x80000002)
T4B28 000:097.020 - 0.249ms returns 0
T4B28 000:097.047 JLINK_CORESIGHT_WriteAPDPReg(AP reg 0x01, 0x80011100)
T4B28 000:097.295 - 0.247ms returns 0
T4B28 000:097.321 JLINK_CORESIGHT_ReadAPDPReg(AP reg 0x03)
T4B28 000:097.610   Value=0x000000A5
T4B28 000:097.630 - 0.308ms returns 0
T4B28 000:097.656 JLINK_ClrTMS()
T4B28 000:097.768 - 0.112ms
T4B28 000:103.477 JLINK_SetTCK()
T4B28 000:103.760 - 0.282ms returns 0
T4B28 000:109.491 JLINK_SetRESET()
T4B28 000:109.714 - 0.222ms
T4B28 000:310.332 JLINK_CORESIGHT_WriteAPDPReg(AP reg 0x00, 0x80000002)
T4B28 000:311.587 - 1.255ms returns 0
T4B28 000:311.620 JLINK_CORESIGHT_WriteAPDPReg(AP reg 0x01, 0x80011100)
T4B28 000:311.885 - 0.264ms returns 0
T4B28 000:311.913 JLINK_CORESIGHT_ReadAPDPReg(AP reg 0x03)
T4B28 000:312.231   failed
T4B28 000:312.262 - 0.349ms returns -1
T4B28 000:312.316 JLINK_ClrRESET()
T4B28 000:312.763 - 0.447ms
T4B28 000:363.199 JLINK_SetSpeed(1500)
T4B28 000:363.544 - 0.345ms
T4B28 000:363.643 JLINK_CORESIGHT_Configure(PerformTIFInit=0)
T4B28 000:364.203 - 0.561ms returns 0
T4B28 000:364.239 JLINK_CORESIGHT_ReadAPDPReg(DP reg 0x00)
T4B28 000:364.634   Value=0x6BA02477
T4B28 000:364.674 - 0.435ms returns 0
T4B28 000:364.703 JLINK_CORESIGHT_WriteAPDPReg(DP reg 0x00, 0x0000001F)
T4B28 000:365.074 - 0.372ms returns 0
T4B28 000:365.104 JLINK_CORESIGHT_ReadAPDPReg(DP reg 0x00)
T4B28 000:365.467   Value=0x6BA02477
T4B28 000:365.506 - 0.401ms returns 0
T4B28 000:365.534 JLINK_CORESIGHT_WriteAPDPReg(DP reg 0x02, 0x00000000)
T4B28 000:365.980 - 0.447ms returns 0
T4B28 000:366.012 JLINK_CORESIGHT_WriteAPDPReg(DP reg 0x01, 0x50000000)
T4B28 000:366.390 - 0.378ms returns 0
T4B28 000:366.430 JLINK_CORESIGHT_ReadAPDPReg(DP reg 0x01)
T4B28 000:366.791   Value=0xF0000000
T4B28 000:366.894 - 0.463ms returns 0
T4B28 000:366.921 JLINK_CORESIGHT_WriteAPDPReg(DP reg 0x00, 0x0000001F)
T4B28 000:367.246 - 0.324ms returns 0
T4B28 000:367.328 JLINK_CORESIGHT_ReadAPDPReg(DP reg 0x00)
T4B28 000:367.587   Value=0x6BA02477
T4B28 000:367.625 - 0.297ms returns 0
T4B28 000:367.650 JLINK_CORESIGHT_WriteAPDPReg(DP reg 0x01, 0x54000000)
T4B28 000:367.964 - 0.314ms returns 0
T4B28 000:367.991 JLINK_CORESIGHT_WriteAPDPReg(DP reg 0x01, 0x50000F00)
T4B28 000:368.376 - 0.384ms returns 0
T4B28 000:368.451 JLINK_CORESIGHT_WriteAPDPReg(DP reg 0x02, 0x01000000)
T4B28 000:368.911 - 0.460ms returns 0
T4B28 000:368.979 JLINK_CORESIGHT_WriteAPDPReg(AP reg 0x00, 0x80000002)
T4B28 000:369.414 - 0.434ms returns 0
T4B28 000:369.477 JLINK_CORESIGHT_WriteAPDPReg(AP reg 0x01, 0x80011100)
T4B28 000:369.770 - 0.292ms returns 0
T4B28 000:369.852 JLINK_CORESIGHT_WriteAPDPReg(AP reg 0x03, 0x000000A5)
T4B28 000:370.262 - 0.411ms returns 0
T4B28 000:371.535 JLINK_CORESIGHT_WriteAPDPReg(AP reg 0x00, 0x80000002)
T4B28 000:371.953 - 0.419ms returns 0
T4B28 000:372.031 JLINK_CORESIGHT_WriteAPDPReg(AP reg 0x01, 0x80011100)
T4B28 000:372.392 - 0.362ms returns 0
T4B28 000:372.464 JLINK_CORESIGHT_ReadAPDPReg(AP reg 0x03)
T4B28 000:372.988   Value=0x000000A5
T4B28 000:373.072 - 0.608ms returns 0
T4B28 000:373.119 JLINK_ClrTMS()
T4B28 000:373.369 - 0.250ms
T4B28 000:378.852 JLINK_SetTCK()
T4B28 000:379.167 - 0.314ms returns 0
T4B28 000:385.048 JLINK_SetRESET()
T4B28 000:385.451 - 0.402ms
T4B28 000:586.456 JLINK_CORESIGHT_WriteAPDPReg(AP reg 0x00, 0x80000002)
T4B28 000:586.810 - 0.354ms returns 0
T4B28 000:586.852 JLINK_CORESIGHT_WriteAPDPReg(AP reg 0x01, 0x80011100)
T4B28 000:587.175 - 0.323ms returns 0
T4B28 000:587.208 JLINK_CORESIGHT_ReadAPDPReg(AP reg 0x03)
T4B28 000:587.526   Value=0x00000000
T4B28 000:587.564 - 0.356ms returns 0
T4B28 000:587.587 JLINK_CORESIGHT_WriteAPDPReg(AP reg 0x00, 0x80000002)
T4B28 000:587.872 - 0.285ms returns 0
T4B28 000:587.904 JLINK_CORESIGHT_WriteAPDPReg(AP reg 0x01, 0x80011140)
T4B28 000:588.165 - 0.260ms returns 0
T4B28 000:588.199 JLINK_CORESIGHT_ReadAPDPReg(AP reg 0x03)
T4B28 000:588.531   Value=0x00000002
T4B28 000:588.570 - 0.371ms returns 0
T4B28 000:588.591 JLINK_CORESIGHT_WriteAPDPReg(AP reg 0x00, 0x80000002)
T4B28 000:588.867 - 0.276ms returns 0
T4B28 000:588.901 JLINK_CORESIGHT_WriteAPDPReg(AP reg 0x01, 0x80011120)
T4B28 000:589.141 - 0.240ms returns 0
T4B28 000:589.170 JLINK_CORESIGHT_WriteAPDPReg(AP reg 0x03, 0x00000055)
T4B28 000:589.453 - 0.282ms returns 0
T4B28 000:589.486 JLINK_CORESIGHT_WriteAPDPReg(AP reg 0x00, 0x80000002)
T4B28 000:589.746 - 0.259ms returns 0
T4B28 000:589.849 JLINK_CORESIGHT_WriteAPDPReg(AP reg 0x01, 0x80011140)
T4B28 000:590.117 - 0.267ms returns 0
T4B28 000:590.150 JLINK_CORESIGHT_ReadAPDPReg(AP reg 0x03)
T4B28 000:590.451   Value=0x00000000
T4B28 000:590.489 - 0.339ms returns 0
T4B28 000:590.511 JLINK_CORESIGHT_WriteAPDPReg(AP reg 0x00, 0x80000002)
T4B28 000:590.874 - 0.363ms returns 0
T4B28 000:590.905 JLINK_CORESIGHT_WriteAPDPReg(AP reg 0x01, 0x80011130)
T4B28 000:591.154 - 0.249ms returns 0
T4B28 000:591.184 JLINK_CORESIGHT_ReadAPDPReg(AP reg 0x03)
T4B28 000:591.482   Value=0x000000C6
T4B28 000:591.518 - 0.333ms returns 0
T4B28 000:591.543 JLINK_CORESIGHT_WriteAPDPReg(AP reg 0x00, 0x80000002)
T4B28 000:591.782 - 0.238ms returns 0
T4B28 000:591.812 JLINK_CORESIGHT_WriteAPDPReg(AP reg 0x01, 0x80011140)
T4B28 000:592.032 - 0.219ms returns 0
T4B28 000:592.055 JLINK_CORESIGHT_ReadAPDPReg(AP reg 0x03)
T4B28 000:592.314   Value=0x00000002
T4B28 000:592.342 - 0.286ms returns 0
T4B28 000:592.361 JLINK_CORESIGHT_WriteAPDPReg(AP reg 0x00, 0x80000002)
T4B28 000:592.582 - 0.221ms returns 0
T4B28 000:592.604 JLINK_CORESIGHT_WriteAPDPReg(AP reg 0x01, 0x80011120)
T4B28 000:592.842 - 0.238ms returns 0
T4B28 000:592.864 JLINK_CORESIGHT_WriteAPDPReg(AP reg 0x03, 0x3A010001)
T4B28 000:593.084 - 0.219ms returns 0
T4B28 000:593.106 JLINK_CORESIGHT_WriteAPDPReg(AP reg 0x00, 0x80000002)
T4B28 000:593.328 - 0.222ms returns 0
T4B28 000:593.351 JLINK_CORESIGHT_WriteAPDPReg(AP reg 0x01, 0x80011140)
T4B28 000:593.574 - 0.223ms returns 0
T4B28 000:593.596 JLINK_CORESIGHT_ReadAPDPReg(AP reg 0x03)
T4B28 000:593.869   Value=0x00000002
T4B28 000:593.896 - 0.301ms returns 0
T4B28 000:593.915 JLINK_CORESIGHT_WriteAPDPReg(AP reg 0x00, 0x80000002)
T4B28 000:594.139 - 0.224ms returns 0
T4B28 000:594.161 JLINK_CORESIGHT_WriteAPDPReg(AP reg 0x01, 0x80011120)
T4B28 000:594.389 - 0.228ms returns 0
T4B28 000:594.411 JLINK_CORESIGHT_WriteAPDPReg(AP reg 0x03, 0x000003C5)
T4B28 000:594.638 - 0.227ms returns 0
T4B28 000:594.660 JLINK_CORESIGHT_WriteAPDPReg(AP reg 0x00, 0x80000002)
T4B28 000:594.868 - 0.208ms returns 0
T4B28 000:594.889 JLINK_CORESIGHT_WriteAPDPReg(AP reg 0x01, 0x80011140)
T4B28 000:595.114 - 0.224ms returns 0
T4B28 000:595.135 JLINK_CORESIGHT_ReadAPDPReg(AP reg 0x03)
T4B28 000:595.420   Value=0x00000000
T4B28 000:595.450 - 0.314ms returns 0
T4B28 000:595.468 JLINK_CORESIGHT_WriteAPDPReg(AP reg 0x00, 0x80000002)
T4B28 000:595.685 - 0.216ms returns 0
T4B28 000:595.707 JLINK_CORESIGHT_WriteAPDPReg(AP reg 0x01, 0x80011130)
T4B28 000:595.965 - 0.258ms returns 0
T4B28 000:595.986 JLINK_CORESIGHT_ReadAPDPReg(AP reg 0x03)
T4B28 000:596.258   Value=0x3A2A0081
T4B28 000:596.285 - 0.298ms returns 0
T4B28 000:596.303 JLINK_CORESIGHT_WriteAPDPReg(AP reg 0x00, 0x80000002)
T4B28 000:596.515 - 0.212ms returns 0
T4B28 000:596.537 JLINK_CORESIGHT_WriteAPDPReg(AP reg 0x01, 0x80011140)
T4B28 000:596.764 - 0.227ms returns 0
T4B28 000:596.787 JLINK_CORESIGHT_ReadAPDPReg(AP reg 0x03)
T4B28 000:597.065   Value=0x00000000
T4B28 000:597.093 - 0.306ms returns 0
T4B28 000:597.113 JLINK_CORESIGHT_WriteAPDPReg(AP reg 0x00, 0x80000002)
T4B28 000:597.338 - 0.225ms returns 0
T4B28 000:597.361 JLINK_CORESIGHT_WriteAPDPReg(AP reg 0x01, 0x80011130)
T4B28 000:597.584 - 0.222ms returns 0
T4B28 000:597.607 JLINK_CORESIGHT_ReadAPDPReg(AP reg 0x03)
T4B28 000:597.869   Value=0x808D5B00
T4B28 000:597.899 - 0.291ms returns 0
T4B28 000:597.920 JLINK_CORESIGHT_WriteAPDPReg(AP reg 0x00, 0x80000002)
T4B28 000:598.145 - 0.225ms returns 0
T4B28 000:598.170 JLINK_CORESIGHT_WriteAPDPReg(AP reg 0x01, 0x80011140)
T4B28 000:598.391 - 0.221ms returns 0
T4B28 000:598.415 JLINK_CORESIGHT_ReadAPDPReg(AP reg 0x03)
T4B28 000:598.692   Value=0x00000000
T4B28 000:598.725 - 0.309ms returns 0
T4B28 000:598.747 JLINK_CORESIGHT_WriteAPDPReg(AP reg 0x00, 0x80000002)
T4B28 000:598.949 - 0.202ms returns 0
T4B28 000:598.983 JLINK_CORESIGHT_WriteAPDPReg(AP reg 0x01, 0x80011130)
T4B28 000:599.245 - 0.261ms returns 0
T4B28 000:599.276 JLINK_CORESIGHT_ReadAPDPReg(AP reg 0x03)
T4B28 000:599.700   Value=0x0503030B
T4B28 000:599.748 - 0.471ms returns 0
T4B28 000:599.773 JLINK_CORESIGHT_WriteAPDPReg(AP reg 0x00, 0x80000002)
T4B28 000:600.012 - 0.239ms returns 0
T4B28 000:600.042 JLINK_CORESIGHT_WriteAPDPReg(AP reg 0x01, 0x80011140)
T4B28 000:600.269 - 0.227ms returns 0
T4B28 000:600.299 JLINK_CORESIGHT_ReadAPDPReg(AP reg 0x03)
T4B28 000:600.594   Value=0x00000000
T4B28 000:600.636 - 0.337ms returns 0
T4B28 000:600.663 JLINK_CORESIGHT_WriteAPDPReg(AP reg 0x00, 0x80000002)
T4B28 000:600.971 - 0.307ms returns 0
T4B28 000:601.003 JLINK_CORESIGHT_WriteAPDPReg(AP reg 0x01, 0x80011130)
T4B28 000:601.247 - 0.243ms returns 0
T4B28 000:601.279 JLINK_CORESIGHT_ReadAPDPReg(AP reg 0x03)
T4B28 000:601.571   Value=0x2E4B4E1C
T4B28 000:601.614 - 0.335ms returns 0
T4B28 000:601.644 JLINK_CORESIGHT_WriteAPDPReg(AP reg 0x00, 0x80000002)
T4B28 000:601.874 - 0.230ms returns 0
T4B28 000:601.909 JLINK_CORESIGHT_WriteAPDPReg(AP reg 0x01, 0x80011140)
T4B28 000:602.149 - 0.240ms returns 0
T4B28 000:602.183 JLINK_CORESIGHT_ReadAPDPReg(AP reg 0x03)
T4B28 000:602.477   Value=0x00000000
T4B28 000:602.523 - 0.339ms returns 0
T4B28 000:602.554 JLINK_CORESIGHT_WriteAPDPReg(AP reg 0x00, 0x80000002)
T4B28 000:602.993 - 0.433ms returns 0
T4B28 000:603.110 JLINK_CORESIGHT_WriteAPDPReg(AP reg 0x01, 0x80011130)
T4B28 000:603.370 - 0.259ms returns 0
T4B28 000:603.457 JLINK_CORESIGHT_ReadAPDPReg(AP reg 0x03)
T4B28 000:603.763   Value=0x4EFA423F
T4B28 000:603.824 - 0.367ms returns 0
T4B28 000:603.856 JLINK_CORESIGHT_WriteAPDPReg(AP reg 0x00, 0x80000002)
T4B28 000:604.144 - 0.287ms returns 0
T4B28 000:604.218 JLINK_CORESIGHT_WriteAPDPReg(AP reg 0x01, 0x80011140)
T4B28 000:604.475 - 0.257ms returns 0
T4B28 000:604.529 JLINK_CORESIGHT_ReadAPDPReg(AP reg 0x03)
T4B28 000:604.849   Value=0x00000000
T4B28 000:604.894 - 0.365ms returns 0
T4B28 000:604.925 JLINK_CORESIGHT_WriteAPDPReg(AP reg 0x00, 0x80000002)
T4B28 000:605.168 - 0.242ms returns 0
T4B28 000:605.204 JLINK_CORESIGHT_WriteAPDPReg(AP reg 0x01, 0x80011130)
T4B28 000:605.450 - 0.246ms returns 0
T4B28 000:605.485 JLINK_CORESIGHT_ReadAPDPReg(AP reg 0x03)
T4B28 000:605.841   Value=0x34503036
T4B28 000:605.886 - 0.401ms returns 0
T4B28 000:605.916 JLINK_CORESIGHT_WriteAPDPReg(AP reg 0x00, 0x80000002)
T4B28 000:606.159 - 0.242ms returns 0
T4B28 000:606.195 JLINK_CORESIGHT_WriteAPDPReg(AP reg 0x01, 0x80011140)
T4B28 000:606.445 - 0.250ms returns 0
T4B28 000:606.484 JLINK_CORESIGHT_ReadAPDPReg(AP reg 0x03)
T4B28 000:606.849   Value=0x00000000
T4B28 000:606.891 - 0.407ms returns 0
T4B28 000:606.924 JLINK_CORESIGHT_WriteAPDPReg(AP reg 0x00, 0x80000002)
T4B28 000:607.176 - 0.251ms returns 0
T4B28 000:607.214 JLINK_CORESIGHT_WriteAPDPReg(AP reg 0x01, 0x80011130)
T4B28 000:607.471 - 0.257ms returns 0
T4B28 000:607.508 JLINK_CORESIGHT_ReadAPDPReg(AP reg 0x03)
T4B28 000:607.849   Value=0x6A052D35
T4B28 000:607.891 - 0.383ms returns 0
T4B28 000:607.923 JLINK_CORESIGHT_WriteAPDPReg(AP reg 0x00, 0x80000002)
T4B28 000:608.168 - 0.245ms returns 0
T4B28 000:608.204 JLINK_CORESIGHT_WriteAPDPReg(AP reg 0x01, 0x80011140)
T4B28 000:608.447 - 0.243ms returns 0
T4B28 000:608.483 JLINK_CORESIGHT_ReadAPDPReg(AP reg 0x03)
T4B28 000:608.881   Value=0x00000000
T4B28 000:608.924 - 0.441ms returns 0
T4B28 000:608.956 JLINK_CORESIGHT_WriteAPDPReg(AP reg 0x00, 0x80000002)
T4B28 000:609.200 - 0.244ms returns 0
T4B28 000:609.236 JLINK_CORESIGHT_WriteAPDPReg(AP reg 0x01, 0x80011130)
T4B28 000:609.567 - 0.329ms returns 0
T4B28 000:609.614 JLINK_CORESIGHT_ReadAPDPReg(AP reg 0x03)
T4B28 000:609.962   Value=0x46375289
T4B28 000:610.002 - 0.387ms returns 0
T4B28 000:610.025 JLINK_CORESIGHT_WriteAPDPReg(AP reg 0x00, 0x80000002)
T4B28 000:610.313 - 0.288ms returns 0
T4B28 000:610.352 JLINK_CORESIGHT_WriteAPDPReg(AP reg 0x01, 0x80011140)
T4B28 000:610.590 - 0.238ms returns 0
T4B28 000:610.612 JLINK_CORESIGHT_ReadAPDPReg(AP reg 0x03)
T4B28 000:610.873   Value=0x00000000
T4B28 000:610.897 - 0.285ms returns 0
T4B28 000:610.916 JLINK_CORESIGHT_WriteAPDPReg(AP reg 0x00, 0x80000002)
T4B28 000:611.193 - 0.277ms returns 0
T4B28 000:611.217 JLINK_CORESIGHT_WriteAPDPReg(AP reg 0x01, 0x80011130)
T4B28 000:611.437 - 0.220ms returns 0
T4B28 000:611.457 JLINK_CORESIGHT_ReadAPDPReg(AP reg 0x03)
T4B28 000:611.725   Value=0x314D3841
T4B28 000:611.751 - 0.293ms returns 0
T4B28 000:611.770 JLINK_CORESIGHT_WriteAPDPReg(AP reg 0x00, 0x80000002)
T4B28 000:611.994 - 0.224ms returns 0
T4B28 000:612.017 JLINK_CORESIGHT_WriteAPDPReg(AP reg 0x01, 0x80011140)
T4B28 000:612.244 - 0.228ms returns 0
T4B28 000:612.266 JLINK_CORESIGHT_ReadAPDPReg(AP reg 0x03)
T4B28 000:612.519   Value=0x00000000
T4B28 000:612.545 - 0.279ms returns 0
T4B28 000:612.567 JLINK_CORESIGHT_WriteAPDPReg(AP reg 0x00, 0x80000002)
T4B28 000:612.774 - 0.207ms returns 0
T4B28 000:612.797 JLINK_CORESIGHT_WriteAPDPReg(AP reg 0x01, 0x80011130)
T4B28 000:613.020 - 0.223ms returns 0
T4B28 000:613.043 JLINK_CORESIGHT_ReadAPDPReg(AP reg 0x03)
T4B28 000:613.295   Value=0x43454841
T4B28 000:613.322 - 0.280ms returns 0
T4B28 000:613.344 JLINK_CORESIGHT_WriteAPDPReg(AP reg 0x00, 0x80000002)
T4B28 000:613.561 - 0.217ms returns 0
T4B28 000:613.584 JLINK_CORESIGHT_WriteAPDPReg(AP reg 0x01, 0x80011140)
T4B28 000:613.840 - 0.255ms returns 0
T4B28 000:613.862 JLINK_CORESIGHT_ReadAPDPReg(AP reg 0x03)
T4B28 000:614.137   Value=0x00000000
T4B28 000:614.167 - 0.305ms returns 0
T4B28 000:614.191 JLINK_CORESIGHT_WriteAPDPReg(AP reg 0x00, 0x80000002)
T4B28 000:614.412 - 0.221ms returns 0
T4B28 000:614.438 JLINK_CORESIGHT_WriteAPDPReg(AP reg 0x01, 0x80011130)
T4B28 000:614.663 - 0.225ms returns 0
T4B28 000:614.689 JLINK_CORESIGHT_ReadAPDPReg(AP reg 0x03)
T4B28 000:615.027   Value=0x20204442
T4B28 000:615.066 - 0.376ms returns 0
T4B28 000:615.091 JLINK_CORESIGHT_WriteAPDPReg(AP reg 0x00, 0x80000002)
T4B28 000:615.335 - 0.244ms returns 0
T4B28 000:615.362 JLINK_CORESIGHT_WriteAPDPReg(AP reg 0x01, 0x80011140)
T4B28 000:615.593 - 0.231ms returns 0
T4B28 000:615.620 JLINK_CORESIGHT_ReadAPDPReg(AP reg 0x03)
T4B28 000:615.901   Value=0x00000000
T4B28 000:615.933 - 0.313ms returns 0
T4B28 000:615.958 JLINK_CORESIGHT_WriteAPDPReg(AP reg 0x00, 0x80000002)
T4B28 000:616.187 - 0.229ms returns 0
T4B28 000:616.214 JLINK_CORESIGHT_WriteAPDPReg(AP reg 0x01, 0x80011130)
T4B28 000:616.485 - 0.272ms returns 0
T4B28 000:616.514 JLINK_CORESIGHT_ReadAPDPReg(AP reg 0x03)
T4B28 000:616.853   Value=0x00037120
T4B28 000:616.888 - 0.373ms returns 0
T4B28 000:617.733 JLINK_CORESIGHT_WriteAPDPReg(AP reg 0x00, 0x80000002)
T4B28 000:618.050 - 0.318ms returns 0
T4B28 000:618.094 JLINK_CORESIGHT_WriteAPDPReg(AP reg 0x01, 0x80011140)
T4B28 000:618.356 - 0.261ms returns 0
T4B28 000:618.384 JLINK_CORESIGHT_ReadAPDPReg(AP reg 0x03)
T4B28 000:618.851   Value=0x00000002
T4B28 000:618.954 - 0.569ms returns 0
T4B28 000:619.010 JLINK_CORESIGHT_WriteAPDPReg(AP reg 0x00, 0x80000002)
T4B28 000:619.356 - 0.345ms returns 0
T4B28 000:619.433 JLINK_CORESIGHT_WriteAPDPReg(AP reg 0x01, 0x80011120)
T4B28 000:619.740 - 0.306ms returns 0
T4B28 000:619.819 JLINK_CORESIGHT_WriteAPDPReg(AP reg 0x03, 0x2C010001)
T4B28 000:620.113 - 0.294ms returns 0
T4B28 000:620.166 JLINK_CORESIGHT_WriteAPDPReg(AP reg 0x00, 0x80000002)
T4B28 000:620.464 - 0.298ms returns 0
T4B28 000:620.498 JLINK_CORESIGHT_WriteAPDPReg(AP reg 0x01, 0x80011140)
T4B28 000:620.856 - 0.357ms returns 0
T4B28 000:620.883 JLINK_CORESIGHT_ReadAPDPReg(AP reg 0x03)
T4B28 000:621.176   Value=0x00000002
T4B28 000:621.210 - 0.326ms returns 0
T4B28 000:621.234 JLINK_CORESIGHT_WriteAPDPReg(AP reg 0x00, 0x80000002)
T4B28 000:621.472 - 0.238ms returns 0
T4B28 000:621.498 JLINK_CORESIGHT_WriteAPDPReg(AP reg 0x01, 0x80011120)
T4B28 000:621.727 - 0.229ms returns 0
T4B28 000:621.753 JLINK_CORESIGHT_WriteAPDPReg(AP reg 0x03, 0x000003D3)
T4B28 000:621.994 - 0.242ms returns 0
T4B28 000:622.019 JLINK_CORESIGHT_WriteAPDPReg(AP reg 0x00, 0x80000002)
T4B28 000:622.250 - 0.231ms returns 0
T4B28 000:622.275 JLINK_CORESIGHT_WriteAPDPReg(AP reg 0x01, 0x80011140)
T4B28 000:622.500 - 0.224ms returns 0
T4B28 000:622.529 JLINK_CORESIGHT_ReadAPDPReg(AP reg 0x03)
T4B28 000:622.852   Value=0x00000002
T4B28 000:622.884 - 0.354ms returns 0
T4B28 000:622.906 JLINK_CORESIGHT_ReadAPDPReg(AP reg 0x03)
T4B28 000:623.172   Value=0x00000002
T4B28 000:623.203 - 0.297ms returns 0
T4B28 000:623.225 JLINK_CORESIGHT_ReadAPDPReg(AP reg 0x03)
T4B28 000:623.493   Value=0x00000002
T4B28 000:623.524 - 0.298ms returns 0
T4B28 000:623.546 JLINK_CORESIGHT_ReadAPDPReg(AP reg 0x03)
T4B28 000:623.852   Value=0x00000002
T4B28 000:623.881 - 0.335ms returns 0
T4B28 000:623.903 JLINK_CORESIGHT_ReadAPDPReg(AP reg 0x03)
T4B28 000:624.180   Value=0x00000002
T4B28 000:624.210 - 0.307ms returns 0
T4B28 000:624.231 JLINK_CORESIGHT_ReadAPDPReg(AP reg 0x03)
T4B28 000:624.532   Value=0x00000002
T4B28 000:624.562 - 0.331ms returns 0
T4B28 000:624.583 JLINK_CORESIGHT_ReadAPDPReg(AP reg 0x03)
T4B28 000:624.849   Value=0x00000002
T4B28 000:624.878 - 0.294ms returns 0
T4B28 000:624.898 JLINK_CORESIGHT_ReadAPDPReg(AP reg 0x03)
T4B28 000:625.146   Value=0x00000000
T4B28 000:625.176 - 0.278ms returns 0
T4B28 000:625.197 JLINK_CORESIGHT_WriteAPDPReg(AP reg 0x00, 0x80000002)
T4B28 000:625.422 - 0.225ms returns 0
T4B28 000:625.444 JLINK_CORESIGHT_WriteAPDPReg(AP reg 0x01, 0x80011130)
T4B28 000:625.727 - 0.283ms returns 0
T4B28 000:625.750 JLINK_CORESIGHT_ReadAPDPReg(AP reg 0x03)
T4B28 000:626.020   Value=0x2C020081
T4B28 000:626.049 - 0.299ms returns 0
T4B28 000:626.070 JLINK_CORESIGHT_WriteAPDPReg(AP reg 0x00, 0x80000002)
T4B28 000:626.294 - 0.224ms returns 0
T4B28 000:626.317 JLINK_CORESIGHT_WriteAPDPReg(AP reg 0x01, 0x80011140)
T4B28 000:626.545 - 0.229ms returns 0
T4B28 000:626.567 JLINK_CORESIGHT_ReadAPDPReg(AP reg 0x03)
T4B28 000:626.848   Value=0x00000000
T4B28 000:626.876 - 0.309ms returns 0
T4B28 000:626.895 JLINK_CORESIGHT_WriteAPDPReg(AP reg 0x00, 0x80000002)
T4B28 000:627.120 - 0.224ms returns 0
T4B28 000:627.141 JLINK_CORESIGHT_WriteAPDPReg(AP reg 0x01, 0x80011130)
T4B28 000:627.371 - 0.229ms returns 0
T4B28 000:627.393 JLINK_CORESIGHT_ReadAPDPReg(AP reg 0x03)
T4B28 000:627.669   Value=0x0003CE04
T4B28 000:627.697 - 0.304ms returns 0
T4B28 000:627.721 JLINK_CORESIGHT_WriteAPDPReg(AP reg 0x00, 0x80000002)
T4B28 000:627.970 - 0.250ms returns 0
T4B28 000:627.992 JLINK_CORESIGHT_WriteAPDPReg(AP reg 0x01, 0x80011140)
T4B28 000:628.210 - 0.218ms returns 0
T4B28 000:628.233 JLINK_CORESIGHT_ReadAPDPReg(AP reg 0x03)
T4B28 000:628.502   Value=0x00000002
T4B28 000:628.530 - 0.297ms returns 0
T4B28 000:628.550 JLINK_CORESIGHT_WriteAPDPReg(AP reg 0x00, 0x80000002)
T4B28 000:628.903 - 0.352ms returns 0
T4B28 000:628.965 JLINK_CORESIGHT_WriteAPDPReg(AP reg 0x01, 0x80011120)
T4B28 000:629.224 - 0.259ms returns 0
T4B28 000:629.254 JLINK_CORESIGHT_WriteAPDPReg(AP reg 0x03, 0x73010001)
T4B28 000:629.520 - 0.266ms returns 0
T4B28 000:629.576 JLINK_CORESIGHT_WriteAPDPReg(AP reg 0x00, 0x80000002)
T4B28 000:629.857 - 0.280ms returns 0
T4B28 000:629.925 JLINK_CORESIGHT_WriteAPDPReg(AP reg 0x01, 0x80011140)
T4B28 000:630.161 - 0.236ms returns 0
T4B28 000:630.217 JLINK_CORESIGHT_ReadAPDPReg(AP reg 0x03)
T4B28 000:630.563   Value=0x00000002
T4B28 000:630.628 - 0.410ms returns 0
T4B28 000:630.665 JLINK_CORESIGHT_WriteAPDPReg(AP reg 0x00, 0x80000002)
T4B28 000:631.029 - 0.363ms returns 0
T4B28 000:631.090 JLINK_CORESIGHT_WriteAPDPReg(AP reg 0x01, 0x80011120)
T4B28 000:631.395 - 0.304ms returns 0
T4B28 000:631.453 JLINK_CORESIGHT_WriteAPDPReg(AP reg 0x03, 0x0000038C)
T4B28 000:631.705 - 0.252ms returns 0
T4B28 000:631.740 JLINK_CORESIGHT_WriteAPDPReg(AP reg 0x00, 0x80000002)
T4B28 000:632.049 - 0.309ms returns 0
T4B28 000:632.085 JLINK_CORESIGHT_WriteAPDPReg(AP reg 0x01, 0x80011140)
T4B28 000:632.345 - 0.260ms returns 0
T4B28 000:632.381 JLINK_CORESIGHT_ReadAPDPReg(AP reg 0x03)
T4B28 000:632.688   Value=0x00000002
T4B28 000:632.727 - 0.345ms returns 0
T4B28 000:632.748 JLINK_CORESIGHT_ReadAPDPReg(AP reg 0x03)
T4B28 000:633.044   Value=0x00000002
T4B28 000:633.083 - 0.335ms returns 0
T4B28 000:633.105 JLINK_CORESIGHT_ReadAPDPReg(AP reg 0x03)
T4B28 000:633.414   Value=0x00000002
T4B28 000:633.458 - 0.352ms returns 0
T4B28 000:633.479 JLINK_CORESIGHT_ReadAPDPReg(AP reg 0x03)
T4B28 000:633.786   Value=0x00000002
T4B28 000:633.827 - 0.347ms returns 0
T4B28 000:633.847 JLINK_CORESIGHT_ReadAPDPReg(AP reg 0x03)
T4B28 000:634.102   Value=0x00000002
T4B28 000:634.136 - 0.289ms returns 0
T4B28 000:634.156 JLINK_CORESIGHT_ReadAPDPReg(AP reg 0x03)
T4B28 000:634.429   Value=0x00000002
T4B28 000:634.464 - 0.308ms returns 0
T4B28 000:634.484 JLINK_CORESIGHT_ReadAPDPReg(AP reg 0x03)
T4B28 000:634.850   Value=0x00000002
T4B28 000:634.895 - 0.410ms returns 0
T4B28 000:634.917 JLINK_CORESIGHT_ReadAPDPReg(AP reg 0x03)
T4B28 000:635.177   Value=0x00000000
T4B28 000:635.210 - 0.293ms returns 0
T4B28 000:635.231 JLINK_CORESIGHT_WriteAPDPReg(AP reg 0x00, 0x80000002)
T4B28 000:635.461 - 0.230ms returns 0
T4B28 000:635.490 JLINK_CORESIGHT_WriteAPDPReg(AP reg 0x01, 0x80011130)
T4B28 000:635.713 - 0.223ms returns 0
T4B28 000:635.738 JLINK_CORESIGHT_ReadAPDPReg(AP reg 0x03)
T4B28 000:636.015   Value=0x73020081
T4B28 000:636.046 - 0.307ms returns 0
T4B28 000:636.068 JLINK_CORESIGHT_WriteAPDPReg(AP reg 0x00, 0x80000002)
T4B28 000:636.300 - 0.231ms returns 0
T4B28 000:636.333 JLINK_CORESIGHT_WriteAPDPReg(AP reg 0x01, 0x80011140)
T4B28 000:636.691 - 0.357ms returns 0
T4B28 000:636.723 JLINK_CORESIGHT_ReadAPDPReg(AP reg 0x03)
T4B28 000:637.031   Value=0x00000000
T4B28 000:637.061 - 0.338ms returns 0
T4B28 000:637.083 JLINK_CORESIGHT_WriteAPDPReg(AP reg 0x00, 0x80000002)
T4B28 000:637.304 - 0.221ms returns 0
T4B28 000:637.328 JLINK_CORESIGHT_WriteAPDPReg(AP reg 0x01, 0x80011130)
T4B28 000:637.600 - 0.271ms returns 0
T4B28 000:637.623 JLINK_CORESIGHT_ReadAPDPReg(AP reg 0x03)
T4B28 000:637.893   Value=0x00038902
T4B28 000:637.925 - 0.301ms returns 0
T4B28 000:637.949 JLINK_CORESIGHT_WriteAPDPReg(AP reg 0x00, 0x80000002)
T4B28 000:638.173 - 0.224ms returns 0
T4B28 000:638.198 JLINK_CORESIGHT_WriteAPDPReg(AP reg 0x01, 0x80011140)
T4B28 000:638.474 - 0.276ms returns 0
T4B28 000:638.499 JLINK_CORESIGHT_ReadAPDPReg(AP reg 0x03)
T4B28 000:638.763   Value=0x00000002
T4B28 000:638.795 - 0.296ms returns 0
T4B28 000:638.816 JLINK_CORESIGHT_WriteAPDPReg(AP reg 0x00, 0x80000002)
T4B28 000:639.117 - 0.300ms returns 0
T4B28 000:639.163 JLINK_CORESIGHT_WriteAPDPReg(AP reg 0x01, 0x80011120)
T4B28 000:639.394 - 0.230ms returns 0
T4B28 000:639.434 JLINK_CORESIGHT_WriteAPDPReg(AP reg 0x03, 0x75010001)
T4B28 000:639.721 - 0.286ms returns 0
T4B28 000:639.757 JLINK_CORESIGHT_WriteAPDPReg(AP reg 0x00, 0x80000002)
T4B28 000:640.081 - 0.323ms returns 0
T4B28 000:640.124 JLINK_CORESIGHT_WriteAPDPReg(AP reg 0x01, 0x80011140)
T4B28 000:640.469 - 0.344ms returns 0
T4B28 000:640.510 JLINK_CORESIGHT_ReadAPDPReg(AP reg 0x03)
T4B28 000:640.775   Value=0x00000002
T4B28 000:640.820 - 0.311ms returns 0
T4B28 000:640.842 JLINK_CORESIGHT_WriteAPDPReg(AP reg 0x00, 0x80000002)
T4B28 000:641.040 - 0.198ms returns 0
T4B28 000:641.067 JLINK_CORESIGHT_WriteAPDPReg(AP reg 0x01, 0x80011120)
T4B28 000:641.264 - 0.197ms returns 0
T4B28 000:641.299 JLINK_CORESIGHT_WriteAPDPReg(AP reg 0x03, 0x0000038A)
T4B28 000:641.542 - 0.242ms returns 0
T4B28 000:641.576 JLINK_CORESIGHT_WriteAPDPReg(AP reg 0x00, 0x80000002)
T4B28 000:641.879 - 0.302ms returns 0
T4B28 000:641.915 JLINK_CORESIGHT_WriteAPDPReg(AP reg 0x01, 0x80011140)
T4B28 000:642.136 - 0.221ms returns 0
T4B28 000:642.175 JLINK_CORESIGHT_ReadAPDPReg(AP reg 0x03)
T4B28 000:642.520   Value=0x00000002
T4B28 000:642.563 - 0.388ms returns 0
T4B28 000:642.586 JLINK_CORESIGHT_ReadAPDPReg(AP reg 0x03)
T4B28 000:642.846   Value=0x00000002
T4B28 000:642.880 - 0.294ms returns 0
T4B28 000:642.904 JLINK_CORESIGHT_ReadAPDPReg(AP reg 0x03)
T4B28 000:643.188   Value=0x00000002
T4B28 000:643.227 - 0.323ms returns 0
T4B28 000:643.252 JLINK_CORESIGHT_ReadAPDPReg(AP reg 0x03)
T4B28 000:643.514   Value=0x00000002
T4B28 000:643.553 - 0.300ms returns 0
T4B28 000:643.577 JLINK_CORESIGHT_ReadAPDPReg(AP reg 0x03)
T4B28 000:643.849   Value=0x00000000
T4B28 000:643.892 - 0.315ms returns 0
T4B28 000:643.917 JLINK_CORESIGHT_WriteAPDPReg(AP reg 0x00, 0x80000002)
T4B28 000:644.141 - 0.224ms returns 0
T4B28 000:644.169 JLINK_CORESIGHT_WriteAPDPReg(AP reg 0x01, 0x80011130)
T4B28 000:644.389 - 0.221ms returns 0
T4B28 000:644.415 JLINK_CORESIGHT_ReadAPDPReg(AP reg 0x03)
T4B28 000:644.690   Value=0x75020081
T4B28 000:644.722 - 0.307ms returns 0
T4B28 000:644.745 JLINK_CORESIGHT_WriteAPDPReg(AP reg 0x00, 0x80000002)
T4B28 000:644.971 - 0.226ms returns 0
T4B28 000:644.997 JLINK_CORESIGHT_WriteAPDPReg(AP reg 0x01, 0x80011140)
T4B28 000:645.216 - 0.219ms returns 0
T4B28 000:645.243 JLINK_CORESIGHT_ReadAPDPReg(AP reg 0x03)
T4B28 000:645.515   Value=0x00000000
T4B28 000:645.546 - 0.303ms returns 0
T4B28 000:645.569 JLINK_CORESIGHT_WriteAPDPReg(AP reg 0x00, 0x80000002)
T4B28 000:645.840 - 0.270ms returns 0
T4B28 000:645.874 JLINK_CORESIGHT_WriteAPDPReg(AP reg 0x01, 0x80011130)
T4B28 000:646.077 - 0.202ms returns 0
T4B28 000:646.104 JLINK_CORESIGHT_ReadAPDPReg(AP reg 0x03)
T4B28 000:646.333   Value=0x00038702
T4B28 000:646.368 - 0.264ms returns 0
T4B28 000:646.400 JLINK_CORESIGHT_WriteAPDPReg(AP reg 0x00, 0x80000002)
T4B28 000:646.672 - 0.271ms returns 0
T4B28 000:646.699 JLINK_CORESIGHT_WriteAPDPReg(AP reg 0x01, 0x80011140)
T4B28 000:646.934 - 0.235ms returns 0
T4B28 000:646.962 JLINK_CORESIGHT_ReadAPDPReg(AP reg 0x03)
T4B28 000:648.669   Value=0x00000002
T4B28 000:648.721 - 1.758ms returns 0
T4B28 000:648.748 JLINK_CORESIGHT_WriteAPDPReg(AP reg 0x00, 0x80000002)
T4B28 000:648.984 - 0.236ms returns 0
T4B28 000:649.037 JLINK_CORESIGHT_WriteAPDPReg(AP reg 0x01, 0x80011120)
T4B28 000:649.292 - 0.255ms returns 0
T4B28 000:649.335 JLINK_CORESIGHT_WriteAPDPReg(AP reg 0x03, 0x4F010001)
T4B28 000:649.551 - 0.216ms returns 0
T4B28 000:649.580 JLINK_CORESIGHT_WriteAPDPReg(AP reg 0x00, 0x80000002)
T4B28 000:649.843 - 0.263ms returns 0
T4B28 000:649.869 JLINK_CORESIGHT_WriteAPDPReg(AP reg 0x01, 0x80011140)
T4B28 000:650.089 - 0.220ms returns 0
T4B28 000:650.115 JLINK_CORESIGHT_ReadAPDPReg(AP reg 0x03)
T4B28 000:650.389   Value=0x00000002
T4B28 000:650.419 - 0.304ms returns 0
T4B28 000:650.442 JLINK_CORESIGHT_WriteAPDPReg(AP reg 0x00, 0x80000002)
T4B28 000:650.666 - 0.223ms returns 0
T4B28 000:650.691 JLINK_CORESIGHT_WriteAPDPReg(AP reg 0x01, 0x80011120)
T4B28 000:650.966 - 0.274ms returns 0
T4B28 000:650.987 JLINK_CORESIGHT_WriteAPDPReg(AP reg 0x03, 0x000003B0)
T4B28 000:651.205 - 0.217ms returns 0
T4B28 000:651.232 JLINK_CORESIGHT_WriteAPDPReg(AP reg 0x00, 0x80000002)
T4B28 000:651.461 - 0.228ms returns 0
T4B28 000:651.495 JLINK_CORESIGHT_WriteAPDPReg(AP reg 0x01, 0x80011140)
T4B28 000:651.715 - 0.220ms returns 0
T4B28 000:651.741 JLINK_CORESIGHT_ReadAPDPReg(AP reg 0x03)
T4B28 000:652.019   Value=0x00000002
T4B28 000:652.050 - 0.309ms returns 0
T4B28 000:652.073 JLINK_CORESIGHT_ReadAPDPReg(AP reg 0x03)
T4B28 000:652.351   Value=0x00000002
T4B28 000:652.381 - 0.308ms returns 0
T4B28 000:652.404 JLINK_CORESIGHT_ReadAPDPReg(AP reg 0x03)
T4B28 000:652.665   Value=0x00000002
T4B28 000:652.697 - 0.293ms returns 0
T4B28 000:652.719 JLINK_CORESIGHT_ReadAPDPReg(AP reg 0x03)
T4B28 000:652.994   Value=0x00000002
T4B28 000:653.037 - 0.317ms returns 0
T4B28 000:653.062 JLINK_CORESIGHT_ReadAPDPReg(AP reg 0x03)
T4B28 000:653.361   Value=0x00000002
T4B28 000:653.423 - 0.360ms returns 0
T4B28 000:653.448 JLINK_CORESIGHT_ReadAPDPReg(AP reg 0x03)
T4B28 000:653.748   Value=0x00000002
T4B28 000:653.782 - 0.334ms returns 0
T4B28 000:653.807 JLINK_CORESIGHT_ReadAPDPReg(AP reg 0x03)
T4B28 000:654.067   Value=0x00000002
T4B28 000:654.101 - 0.293ms returns 0
T4B28 000:654.124 JLINK_CORESIGHT_ReadAPDPReg(AP reg 0x03)
T4B28 000:654.503   Value=0x00000002
T4B28 000:654.541 - 0.417ms returns 0
T4B28 000:654.565 JLINK_CORESIGHT_ReadAPDPReg(AP reg 0x03)
T4B28 000:654.825   Value=0x00000002
T4B28 000:654.858 - 0.293ms returns 0
T4B28 000:654.881 JLINK_CORESIGHT_ReadAPDPReg(AP reg 0x03)
T4B28 000:655.106   Value=0x00000000
T4B28 000:655.223 - 0.342ms returns 0
T4B28 000:655.247 JLINK_CORESIGHT_WriteAPDPReg(AP reg 0x00, 0x80000002)
T4B28 000:655.448 - 0.200ms returns 0
T4B28 000:655.474 JLINK_CORESIGHT_WriteAPDPReg(AP reg 0x01, 0x80011130)
T4B28 000:655.691 - 0.216ms returns 0
T4B28 000:655.716 JLINK_CORESIGHT_ReadAPDPReg(AP reg 0x03)
T4B28 000:656.025   Value=0x4F0B0081
T4B28 000:656.055 - 0.339ms returns 0
T4B28 000:656.078 JLINK_CORESIGHT_WriteAPDPReg(AP reg 0x00, 0x80000002)
T4B28 000:656.333 - 0.255ms returns 0
T4B28 000:656.358 JLINK_CORESIGHT_WriteAPDPReg(AP reg 0x01, 0x80011140)
T4B28 000:656.563 - 0.205ms returns 0
T4B28 000:656.589 JLINK_CORESIGHT_ReadAPDPReg(AP reg 0x03)
T4B28 000:656.843   Value=0x00000000
T4B28 000:656.880 - 0.291ms returns 0
T4B28 000:656.904 JLINK_CORESIGHT_WriteAPDPReg(AP reg 0x00, 0x80000002)
T4B28 000:657.105 - 0.201ms returns 0
T4B28 000:657.130 JLINK_CORESIGHT_WriteAPDPReg(AP reg 0x01, 0x80011130)
T4B28 000:657.303 - 0.173ms returns 0
T4B28 000:657.327 JLINK_CORESIGHT_ReadAPDPReg(AP reg 0x03)
T4B28 000:657.556   Value=0xC0000000
T4B28 000:657.585 - 0.257ms returns 0
T4B28 000:657.607 JLINK_CORESIGHT_WriteAPDPReg(AP reg 0x00, 0x80000002)
T4B28 000:657.834 - 0.227ms returns 0
T4B28 000:657.858 JLINK_CORESIGHT_WriteAPDPReg(AP reg 0x01, 0x80011140)
T4B28 000:658.039 - 0.181ms returns 0
T4B28 000:658.064 JLINK_CORESIGHT_ReadAPDPReg(AP reg 0x03)
T4B28 000:658.327   Value=0x00000000
T4B28 000:658.355 - 0.291ms returns 0
T4B28 000:658.377 JLINK_CORESIGHT_WriteAPDPReg(AP reg 0x00, 0x80000002)
T4B28 000:658.546 - 0.168ms returns 0
T4B28 000:658.570 JLINK_CORESIGHT_WriteAPDPReg(AP reg 0x01, 0x80011130)
T4B28 000:658.903 - 0.334ms returns 0
T4B28 000:658.929 JLINK_CORESIGHT_ReadAPDPReg(AP reg 0x03)
T4B28 000:659.219   Value=0x00000000
T4B28 000:659.237 - 0.308ms returns 0
T4B28 000:659.253 JLINK_CORESIGHT_WriteAPDPReg(AP reg 0x00, 0x80000002)
T4B28 000:659.436 - 0.183ms returns 0
T4B28 000:659.462 JLINK_CORESIGHT_WriteAPDPReg(AP reg 0x01, 0x80011140)
T4B28 000:659.654 - 0.192ms returns 0
T4B28 000:659.678 JLINK_CORESIGHT_ReadAPDPReg(AP reg 0x03)
T4B28 000:659.932   Value=0x00000000
T4B28 000:659.962 - 0.283ms returns 0
T4B28 000:659.983 JLINK_CORESIGHT_WriteAPDPReg(AP reg 0x00, 0x80000002)
T4B28 000:660.234 - 0.251ms returns 0
T4B28 000:660.260 JLINK_CORESIGHT_WriteAPDPReg(AP reg 0x01, 0x80011130)
T4B28 000:662.145 - 1.884ms returns 0
T4B28 000:662.233 JLINK_CORESIGHT_ReadAPDPReg(AP reg 0x03)
T4B28 000:662.641   Value=0x03E60000
T4B28 000:662.675 - 0.442ms returns 0
T4B28 000:663.314 JLINK_CORESIGHT_ReadAPDPReg(DP reg 0x01)
T4B28 000:663.503   Value=0xF0000F40
T4B28 000:663.533 - 0.220ms returns 0
T4B28 000:663.553 JLINK_CORESIGHT_WriteAPDPReg(DP reg 0x01, 0xA0000F40)
T4B28 000:663.826 - 0.273ms returns 0
T4B28 000:663.850 JLINK_CORESIGHT_ReadAPDPReg(DP reg 0x01)
T4B28 000:664.049   Value=0x00000F40
T4B28 000:664.078 - 0.228ms returns 0
T4B28 000:664.098 JLINK_ClrRESET()
T4B28 000:664.433 - 0.335ms
T4B28 000:773.735 JLINK_Close()
T4B28 000:784.375 - 10.639ms
T4B28 000:784.410   
T4B28 000:784.419   Closed
