T5F00 000:001.705   SEGGER J-Link V7.98b Log File
T5F00 000:001.880   DLL Compiled: Jul 31 2024 16:10:46
T5F00 000:001.894   Logging started @ 2024-09-04 09:15
T5F00 000:001.907   Process: C:\Users\trung.tran-quoc\.eclipse\com.renesas.platform_32995968\DebugComp\RA\e2-server-gdb.exe
T5F00 000:001.921 - 1.919ms
T5F00 000:001.943 JLINK_GetDLLVersion()
T5F00 000:001.957 - 0.014ms returns 79802
T5F00 000:050.718 JLINK_OpenEx(...)
T5F00 000:058.708   Firmware: J-Link OB-RA4M2 compiled Jul  3 2024 17:03:13
T5F00 000:059.828   Firmware: J-Link OB-RA4M2 compiled Jul  3 2024 17:03:13
T5F00 000:075.236   Hardware: V1.00
T5F00 000:075.336   S/N: 1088800661
T5F00 000:075.365   OEM: SEGGER
T5F00 000:075.395   Feature(s): None
T5F00 000:076.619   Bootloader: 2021 May 14
T5F00 000:077.463   USB speed mode: Full speed (12 MBit/s)
T5F00 000:078.188   TELNET listener socket opened on port 19021
T5F00 000:078.482   WEBSRV WEBSRV_Init(): Starting webserver thread(s)
T5F00 000:078.812   WEBSRV Webserver running on local port 19080
T5F00 000:079.014   Looking for J-Link GUI Server exe at: C:\Users\trung.tran-quoc\.eclipse\com.renesas.platform_32995968\DebugComp\RA\ARM\Segger_v7.98.2\JLinkGUIServer.exe
T5F00 000:079.192   Looking for J-Link GUI Server exe at: C:\Users\trung.tran-quoc\SEGGER\JLink\JLinkGUIServer.exe
T5F00 000:385.359   Failed to connect to J-Link GUI Server.
T5F00 000:385.523 - 334.780ms returns "O.K."
T5F00 000:385.767 JLINK_TIF_Select(JLINKARM_TIF_SWD)
T5F00 000:388.499 - 2.729ms returns 0x00
T5F00 000:388.730 JLINK_ClrRESET()
T5F00 000:389.815 - 1.084ms
T5F00 000:440.715 JLINK_SetSpeed(1500)
T5F00 000:441.423 - 0.724ms
T5F00 000:441.526 JLINK_CORESIGHT_Configure(PerformTIFInit=0)
T5F00 000:442.322 - 0.795ms returns 0
T5F00 000:442.424 JLINK_CORESIGHT_ReadAPDPReg(DP reg 0x00)
T5F00 000:443.202   Value=0x6BA02477
T5F00 000:443.329 - 0.906ms returns 0
T5F00 000:443.409 JLINK_CORESIGHT_WriteAPDPReg(DP reg 0x00, 0x0000001F)
T5F00 000:444.073 - 0.669ms returns 0
T5F00 000:444.186 JLINK_CORESIGHT_ReadAPDPReg(DP reg 0x00)
T5F00 000:444.664   Value=0x6BA02477
T5F00 000:444.752 - 0.566ms returns 0
T5F00 000:444.801 JLINK_CORESIGHT_WriteAPDPReg(DP reg 0x02, 0x00000000)
T5F00 000:445.266 - 0.466ms returns 0
T5F00 000:445.301 JLINK_CORESIGHT_WriteAPDPReg(DP reg 0x01, 0x50000000)
T5F00 000:445.886 - 0.584ms returns 0
T5F00 000:445.962 JLINK_CORESIGHT_ReadAPDPReg(DP reg 0x01)
T5F00 000:446.460   Value=0xF0000000
T5F00 000:446.500 - 0.538ms returns 0
T5F00 000:446.519 JLINK_CORESIGHT_WriteAPDPReg(DP reg 0x00, 0x0000001F)
T5F00 000:447.160 - 0.640ms returns 0
T5F00 000:447.197 JLINK_CORESIGHT_ReadAPDPReg(DP reg 0x00)
T5F00 000:447.743   Value=0x6BA02477
T5F00 000:447.783 - 0.586ms returns 0
T5F00 000:447.802 JLINK_CORESIGHT_WriteAPDPReg(DP reg 0x01, 0x54000000)
T5F00 000:448.240 - 0.438ms returns 0
T5F00 000:448.259 JLINK_CORESIGHT_WriteAPDPReg(DP reg 0x01, 0x50000F00)
T5F00 000:448.625 - 0.366ms returns 0
T5F00 000:448.643 JLINK_CORESIGHT_WriteAPDPReg(DP reg 0x02, 0x01000000)
T5F00 000:449.074 - 0.431ms returns 0
T5F00 000:449.093 JLINK_CORESIGHT_WriteAPDPReg(AP reg 0x00, 0x80000002)
T5F00 000:449.607 - 0.514ms returns 0
T5F00 000:449.632 JLINK_CORESIGHT_WriteAPDPReg(AP reg 0x01, 0x80011100)
T5F00 000:450.096 - 0.463ms returns 0
T5F00 000:450.153 JLINK_CORESIGHT_WriteAPDPReg(AP reg 0x03, 0x000000A5)
T5F00 000:450.523 - 0.369ms returns 0
T5F00 000:450.554 JLINK_CORESIGHT_WriteAPDPReg(AP reg 0x00, 0x80000002)
T5F00 000:451.025 - 0.471ms returns 0
T5F00 000:451.042 JLINK_CORESIGHT_WriteAPDPReg(AP reg 0x01, 0x80011100)
T5F00 000:451.492 - 0.450ms returns 0
T5F00 000:451.508 JLINK_CORESIGHT_ReadAPDPReg(AP reg 0x03)
T5F00 000:452.015   Value=0x000000A5
T5F00 000:452.038 - 0.530ms returns 0
T5F00 000:452.053 JLINK_ClrTMS()
T5F00 000:452.332 - 0.279ms
T5F00 000:458.037 JLINK_SetTCK()
T5F00 000:458.455 - 0.419ms returns 0
T5F00 000:464.090 JLINK_SetRESET()
T5F00 000:464.419 - 0.328ms
T5F00 000:665.030 JLINK_CORESIGHT_WriteAPDPReg(AP reg 0x00, 0x80000002)
T5F00 000:665.805 - 0.775ms returns 0
T5F00 000:665.974 JLINK_CORESIGHT_WriteAPDPReg(AP reg 0x01, 0x80011100)
T5F00 000:666.600 - 0.625ms returns 0
T5F00 000:666.688 JLINK_CORESIGHT_ReadAPDPReg(AP reg 0x03)
T5F00 000:667.333   Value=0x00000000
T5F00 000:667.393 - 0.705ms returns 0
T5F00 000:667.429 JLINK_CORESIGHT_WriteAPDPReg(AP reg 0x00, 0x80000002)
T5F00 000:667.973 - 0.544ms returns 0
T5F00 000:668.026 JLINK_CORESIGHT_WriteAPDPReg(AP reg 0x01, 0x80011140)
T5F00 000:668.662 - 0.636ms returns 0
T5F00 000:668.721 JLINK_CORESIGHT_ReadAPDPReg(AP reg 0x03)
T5F00 000:669.305   Value=0x00000002
T5F00 000:669.371 - 0.650ms returns 0
T5F00 000:669.413 JLINK_CORESIGHT_WriteAPDPReg(AP reg 0x00, 0x80000002)
T5F00 000:669.914 - 0.500ms returns 0
T5F00 000:669.978 JLINK_CORESIGHT_WriteAPDPReg(AP reg 0x01, 0x80011120)
T5F00 000:670.537 - 0.558ms returns 0
T5F00 000:670.600 JLINK_CORESIGHT_WriteAPDPReg(AP reg 0x03, 0x00000055)
T5F00 000:671.080 - 0.480ms returns 0
T5F00 000:671.153 JLINK_CORESIGHT_WriteAPDPReg(AP reg 0x00, 0x80000002)
T5F00 000:671.705 - 0.552ms returns 0
T5F00 000:671.783 JLINK_CORESIGHT_WriteAPDPReg(AP reg 0x01, 0x80011140)
T5F00 000:672.351 - 0.571ms returns 0
T5F00 000:672.427 JLINK_CORESIGHT_ReadAPDPReg(AP reg 0x03)
T5F00 000:673.019   Value=0x00000000
T5F00 000:673.099 - 0.672ms returns 0
T5F00 000:673.150 JLINK_CORESIGHT_WriteAPDPReg(AP reg 0x00, 0x80000002)
T5F00 000:673.705 - 0.554ms returns 0
T5F00 000:673.787 JLINK_CORESIGHT_WriteAPDPReg(AP reg 0x01, 0x80011130)
T5F00 000:674.346 - 0.559ms returns 0
T5F00 000:674.428 JLINK_CORESIGHT_ReadAPDPReg(AP reg 0x03)
T5F00 000:674.948   Value=0x000000C6
T5F00 000:675.036 - 0.607ms returns 0
T5F00 000:675.100 JLINK_CORESIGHT_WriteAPDPReg(AP reg 0x00, 0x80000002)
T5F00 000:675.805 - 0.703ms returns 0
T5F00 000:676.055 JLINK_CORESIGHT_WriteAPDPReg(AP reg 0x01, 0x80011140)
T5F00 000:676.681 - 0.627ms returns 0
T5F00 000:676.761 JLINK_CORESIGHT_ReadAPDPReg(AP reg 0x03)
T5F00 000:677.348   Value=0x00000002
T5F00 000:677.456 - 0.694ms returns 0
T5F00 000:677.506 JLINK_CORESIGHT_WriteAPDPReg(AP reg 0x00, 0x80000002)
T5F00 000:678.045 - 0.539ms returns 0
T5F00 000:678.115 JLINK_CORESIGHT_WriteAPDPReg(AP reg 0x01, 0x80011120)
T5F00 000:678.634 - 0.519ms returns 0
T5F00 000:678.702 JLINK_CORESIGHT_WriteAPDPReg(AP reg 0x03, 0x3A010001)
T5F00 000:679.095 - 0.393ms returns 0
T5F00 000:679.144 JLINK_CORESIGHT_WriteAPDPReg(AP reg 0x00, 0x80000002)
T5F00 000:679.669 - 0.524ms returns 0
T5F00 000:679.740 JLINK_CORESIGHT_WriteAPDPReg(AP reg 0x01, 0x80011140)
T5F00 000:680.398 - 0.658ms returns 0
T5F00 000:680.458 JLINK_CORESIGHT_ReadAPDPReg(AP reg 0x03)
T5F00 000:680.967   Value=0x00000002
T5F00 000:681.055 - 0.596ms returns 0
T5F00 000:681.098 JLINK_CORESIGHT_WriteAPDPReg(AP reg 0x00, 0x80000002)
T5F00 000:681.639 - 0.540ms returns 0
T5F00 000:681.732 JLINK_CORESIGHT_WriteAPDPReg(AP reg 0x01, 0x80011120)
T5F00 000:682.169 - 0.437ms returns 0
T5F00 000:682.231 JLINK_CORESIGHT_WriteAPDPReg(AP reg 0x03, 0x000003C5)
T5F00 000:682.674 - 0.443ms returns 0
T5F00 000:682.717 JLINK_CORESIGHT_WriteAPDPReg(AP reg 0x00, 0x80000002)
T5F00 000:683.102 - 0.384ms returns 0
T5F00 000:683.144 JLINK_CORESIGHT_WriteAPDPReg(AP reg 0x01, 0x80011140)
T5F00 000:683.625 - 0.481ms returns 0
T5F00 000:683.670 JLINK_CORESIGHT_ReadAPDPReg(AP reg 0x03)
T5F00 000:684.351   Value=0x00000002
T5F00 000:684.437 - 0.767ms returns 0
T5F00 000:684.481 JLINK_CORESIGHT_ReadAPDPReg(AP reg 0x03)
T5F00 000:685.204   Value=0x00000002
T5F00 000:685.280 - 0.799ms returns 0
T5F00 000:685.315 JLINK_CORESIGHT_ReadAPDPReg(AP reg 0x03)
T5F00 000:685.857   Value=0x00000002
T5F00 000:685.931 - 0.616ms returns 0
T5F00 000:685.967 JLINK_CORESIGHT_ReadAPDPReg(AP reg 0x03)
T5F00 000:686.473   Value=0x00000000
T5F00 000:686.521 - 0.554ms returns 0
T5F00 000:686.555 JLINK_CORESIGHT_WriteAPDPReg(AP reg 0x00, 0x80000002)
T5F00 000:686.921 - 0.366ms returns 0
T5F00 000:686.960 JLINK_CORESIGHT_WriteAPDPReg(AP reg 0x01, 0x80011130)
T5F00 000:687.414 - 0.454ms returns 0
T5F00 000:687.453 JLINK_CORESIGHT_ReadAPDPReg(AP reg 0x03)
T5F00 000:687.925   Value=0x3A2A0081
T5F00 000:687.982 - 0.528ms returns 0
T5F00 000:688.018 JLINK_CORESIGHT_WriteAPDPReg(AP reg 0x00, 0x80000002)
T5F00 000:688.514 - 0.495ms returns 0
T5F00 000:688.581 JLINK_CORESIGHT_WriteAPDPReg(AP reg 0x01, 0x80011140)
T5F00 000:689.058 - 0.476ms returns 0
T5F00 000:689.114 JLINK_CORESIGHT_ReadAPDPReg(AP reg 0x03)
T5F00 000:689.697   Value=0x00000000
T5F00 000:689.765 - 0.651ms returns 0
T5F00 000:689.797 JLINK_CORESIGHT_WriteAPDPReg(AP reg 0x00, 0x80000002)
T5F00 000:690.291 - 0.493ms returns 0
T5F00 000:690.327 JLINK_CORESIGHT_WriteAPDPReg(AP reg 0x01, 0x80011130)
T5F00 000:690.743 - 0.415ms returns 0
T5F00 000:690.771 JLINK_CORESIGHT_ReadAPDPReg(AP reg 0x03)
T5F00 000:691.260   Value=0x808D5B00
T5F00 000:691.294 - 0.523ms returns 0
T5F00 000:691.318 JLINK_CORESIGHT_WriteAPDPReg(AP reg 0x00, 0x80000002)
T5F00 000:691.738 - 0.421ms returns 0
T5F00 000:691.763 JLINK_CORESIGHT_WriteAPDPReg(AP reg 0x01, 0x80011140)
T5F00 000:692.267 - 0.504ms returns 0
T5F00 000:692.309 JLINK_CORESIGHT_ReadAPDPReg(AP reg 0x03)
T5F00 000:692.784   Value=0x00000000
T5F00 000:692.813 - 0.504ms returns 0
T5F00 000:692.833 JLINK_CORESIGHT_WriteAPDPReg(AP reg 0x00, 0x80000002)
T5F00 000:693.172 - 0.338ms returns 0
T5F00 000:693.195 JLINK_CORESIGHT_WriteAPDPReg(AP reg 0x01, 0x80011130)
T5F00 000:693.657 - 0.462ms returns 0
T5F00 000:693.680 JLINK_CORESIGHT_ReadAPDPReg(AP reg 0x03)
T5F00 000:694.165   Value=0x0503030B
T5F00 000:694.195 - 0.514ms returns 0
T5F00 000:694.215 JLINK_CORESIGHT_WriteAPDPReg(AP reg 0x00, 0x80000002)
T5F00 000:694.617 - 0.401ms returns 0
T5F00 000:694.640 JLINK_CORESIGHT_WriteAPDPReg(AP reg 0x01, 0x80011140)
T5F00 000:695.113 - 0.473ms returns 0
T5F00 000:695.146 JLINK_CORESIGHT_ReadAPDPReg(AP reg 0x03)
T5F00 000:695.689   Value=0x00000000
T5F00 000:695.723 - 0.577ms returns 0
T5F00 000:695.743 JLINK_CORESIGHT_WriteAPDPReg(AP reg 0x00, 0x80000002)
T5F00 000:696.199 - 0.455ms returns 0
T5F00 000:696.222 JLINK_CORESIGHT_WriteAPDPReg(AP reg 0x01, 0x80011130)
T5F00 000:696.537 - 0.315ms returns 0
T5F00 000:696.561 JLINK_CORESIGHT_ReadAPDPReg(AP reg 0x03)
T5F00 000:697.075   Value=0x2E4B4E1C
T5F00 000:697.104 - 0.543ms returns 0
T5F00 000:697.124 JLINK_CORESIGHT_WriteAPDPReg(AP reg 0x00, 0x80000002)
T5F00 000:697.508 - 0.384ms returns 0
T5F00 000:697.531 JLINK_CORESIGHT_WriteAPDPReg(AP reg 0x01, 0x80011140)
T5F00 000:698.009 - 0.477ms returns 0
T5F00 000:698.031 JLINK_CORESIGHT_ReadAPDPReg(AP reg 0x03)
T5F00 000:698.509   Value=0x00000000
T5F00 000:698.539 - 0.507ms returns 0
T5F00 000:698.560 JLINK_CORESIGHT_WriteAPDPReg(AP reg 0x00, 0x80000002)
T5F00 000:699.009 - 0.449ms returns 0
T5F00 000:699.032 JLINK_CORESIGHT_WriteAPDPReg(AP reg 0x01, 0x80011130)
T5F00 000:699.465 - 0.433ms returns 0
T5F00 000:699.488 JLINK_CORESIGHT_ReadAPDPReg(AP reg 0x03)
T5F00 000:699.966   Value=0x4EF9D73F
T5F00 000:699.994 - 0.505ms returns 0
T5F00 000:700.014 JLINK_CORESIGHT_WriteAPDPReg(AP reg 0x00, 0x80000002)
T5F00 000:700.415 - 0.402ms returns 0
T5F00 000:700.438 JLINK_CORESIGHT_WriteAPDPReg(AP reg 0x01, 0x80011140)
T5F00 000:700.752 - 0.314ms returns 0
T5F00 000:700.781 JLINK_CORESIGHT_ReadAPDPReg(AP reg 0x03)
T5F00 000:701.328   Value=0x00000000
T5F00 000:701.360 - 0.578ms returns 0
T5F00 000:701.382 JLINK_CORESIGHT_WriteAPDPReg(AP reg 0x00, 0x80000002)
T5F00 000:701.744 - 0.361ms returns 0
T5F00 000:701.768 JLINK_CORESIGHT_WriteAPDPReg(AP reg 0x01, 0x80011130)
T5F00 000:702.216 - 0.448ms returns 0
T5F00 000:702.240 JLINK_CORESIGHT_ReadAPDPReg(AP reg 0x03)
T5F00 000:702.780   Value=0x34503036
T5F00 000:702.808 - 0.568ms returns 0
T5F00 000:702.829 JLINK_CORESIGHT_WriteAPDPReg(AP reg 0x00, 0x80000002)
T5F00 000:703.216 - 0.387ms returns 0
T5F00 000:703.249 JLINK_CORESIGHT_WriteAPDPReg(AP reg 0x01, 0x80011140)
T5F00 000:703.659 - 0.410ms returns 0
T5F00 000:703.687 JLINK_CORESIGHT_ReadAPDPReg(AP reg 0x03)
T5F00 000:704.180   Value=0x00000000
T5F00 000:704.214 - 0.528ms returns 0
T5F00 000:704.247 JLINK_CORESIGHT_WriteAPDPReg(AP reg 0x00, 0x80000002)
T5F00 000:704.664 - 0.417ms returns 0
T5F00 000:704.709 JLINK_CORESIGHT_WriteAPDPReg(AP reg 0x01, 0x80011130)
T5F00 000:705.397 - 0.688ms returns 0
T5F00 000:705.437 JLINK_CORESIGHT_ReadAPDPReg(AP reg 0x03)
T5F00 000:705.980   Value=0x78052D35
T5F00 000:706.020 - 0.583ms returns 0
T5F00 000:706.045 JLINK_CORESIGHT_WriteAPDPReg(AP reg 0x00, 0x80000002)
T5F00 000:706.513 - 0.467ms returns 0
T5F00 000:706.551 JLINK_CORESIGHT_WriteAPDPReg(AP reg 0x01, 0x80011140)
T5F00 000:707.011 - 0.460ms returns 0
T5F00 000:707.051 JLINK_CORESIGHT_ReadAPDPReg(AP reg 0x03)
T5F00 000:707.623   Value=0x00000000
T5F00 000:707.662 - 0.611ms returns 0
T5F00 000:707.686 JLINK_CORESIGHT_WriteAPDPReg(AP reg 0x00, 0x80000002)
T5F00 000:708.158 - 0.472ms returns 0
T5F00 000:708.184 JLINK_CORESIGHT_WriteAPDPReg(AP reg 0x01, 0x80011130)
T5F00 000:708.649 - 0.465ms returns 0
T5F00 000:708.676 JLINK_CORESIGHT_ReadAPDPReg(AP reg 0x03)
T5F00 000:709.180   Value=0x4637529B
T5F00 000:709.214 - 0.538ms returns 0
T5F00 000:709.237 JLINK_CORESIGHT_WriteAPDPReg(AP reg 0x00, 0x80000002)
T5F00 000:709.622 - 0.384ms returns 0
T5F00 000:709.652 JLINK_CORESIGHT_WriteAPDPReg(AP reg 0x01, 0x80011140)
T5F00 000:710.097 - 0.444ms returns 0
T5F00 000:710.138 JLINK_CORESIGHT_ReadAPDPReg(AP reg 0x03)
T5F00 000:710.613   Value=0x00000000
T5F00 000:710.648 - 0.510ms returns 0
T5F00 000:710.670 JLINK_CORESIGHT_WriteAPDPReg(AP reg 0x00, 0x80000002)
T5F00 000:711.075 - 0.405ms returns 0
T5F00 000:711.125 JLINK_CORESIGHT_WriteAPDPReg(AP reg 0x01, 0x80011130)
T5F00 000:711.619 - 0.494ms returns 0
T5F00 000:711.649 JLINK_CORESIGHT_ReadAPDPReg(AP reg 0x03)
T5F00 000:712.092   Value=0x314D3841
T5F00 000:712.130 - 0.481ms returns 0
T5F00 000:712.168 JLINK_CORESIGHT_WriteAPDPReg(AP reg 0x00, 0x80000002)
T5F00 000:712.512 - 0.343ms returns 0
T5F00 000:712.538 JLINK_CORESIGHT_WriteAPDPReg(AP reg 0x01, 0x80011140)
T5F00 000:713.011 - 0.473ms returns 0
T5F00 000:713.040 JLINK_CORESIGHT_ReadAPDPReg(AP reg 0x03)
T5F00 000:713.511   Value=0x00000000
T5F00 000:713.547 - 0.506ms returns 0
T5F00 000:713.570 JLINK_CORESIGHT_WriteAPDPReg(AP reg 0x00, 0x80000002)
T5F00 000:713.973 - 0.402ms returns 0
T5F00 000:714.008 JLINK_CORESIGHT_WriteAPDPReg(AP reg 0x01, 0x80011130)
T5F00 000:714.510 - 0.502ms returns 0
T5F00 000:714.541 JLINK_CORESIGHT_ReadAPDPReg(AP reg 0x03)
T5F00 000:714.971   Value=0x43454841
T5F00 000:715.004 - 0.463ms returns 0
T5F00 000:715.027 JLINK_CORESIGHT_WriteAPDPReg(AP reg 0x00, 0x80000002)
T5F00 000:715.425 - 0.398ms returns 0
T5F00 000:715.461 JLINK_CORESIGHT_WriteAPDPReg(AP reg 0x01, 0x80011140)
T5F00 000:715.888 - 0.427ms returns 0
T5F00 000:715.923 JLINK_CORESIGHT_ReadAPDPReg(AP reg 0x03)
T5F00 000:716.430   Value=0x00000000
T5F00 000:716.466 - 0.542ms returns 0
T5F00 000:716.488 JLINK_CORESIGHT_WriteAPDPReg(AP reg 0x00, 0x80000002)
T5F00 000:716.863 - 0.374ms returns 0
T5F00 000:716.896 JLINK_CORESIGHT_WriteAPDPReg(AP reg 0x01, 0x80011130)
T5F00 000:717.340 - 0.444ms returns 0
T5F00 000:717.368 JLINK_CORESIGHT_ReadAPDPReg(AP reg 0x03)
T5F00 000:717.890   Value=0x20204442
T5F00 000:717.920 - 0.552ms returns 0
T5F00 000:717.942 JLINK_CORESIGHT_WriteAPDPReg(AP reg 0x00, 0x80000002)
T5F00 000:718.340 - 0.398ms returns 0
T5F00 000:718.365 JLINK_CORESIGHT_WriteAPDPReg(AP reg 0x01, 0x80011140)
T5F00 000:718.803 - 0.438ms returns 0
T5F00 000:718.829 JLINK_CORESIGHT_ReadAPDPReg(AP reg 0x03)
T5F00 000:719.347   Value=0x00000000
T5F00 000:719.380 - 0.551ms returns 0
T5F00 000:719.403 JLINK_CORESIGHT_WriteAPDPReg(AP reg 0x00, 0x80000002)
T5F00 000:719.750 - 0.345ms returns 0
T5F00 000:719.780 JLINK_CORESIGHT_WriteAPDPReg(AP reg 0x01, 0x80011130)
T5F00 000:720.287 - 0.506ms returns 0
T5F00 000:720.330 JLINK_CORESIGHT_ReadAPDPReg(AP reg 0x03)
T5F00 000:720.834   Value=0x0003BD20
T5F00 000:720.883 - 0.553ms returns 0
T5F00 000:720.997 JLINK_CORESIGHT_WriteAPDPReg(AP reg 0x00, 0x80000002)
T5F00 000:721.386 - 0.390ms returns 0
T5F00 000:721.416 JLINK_CORESIGHT_WriteAPDPReg(AP reg 0x01, 0x80011140)
T5F00 000:721.891 - 0.474ms returns 0
T5F00 000:721.960 JLINK_CORESIGHT_ReadAPDPReg(AP reg 0x03)
T5F00 000:722.372   Value=0x00000002
T5F00 000:722.410 - 0.449ms returns 0
T5F00 000:722.432 JLINK_CORESIGHT_WriteAPDPReg(AP reg 0x00, 0x80000002)
T5F00 000:722.804 - 0.372ms returns 0
T5F00 000:722.837 JLINK_CORESIGHT_WriteAPDPReg(AP reg 0x01, 0x80011120)
T5F00 000:723.398 - 0.560ms returns 0
T5F00 000:723.445 JLINK_CORESIGHT_WriteAPDPReg(AP reg 0x03, 0x2C010001)
T5F00 000:723.843 - 0.398ms returns 0
T5F00 000:723.887 JLINK_CORESIGHT_WriteAPDPReg(AP reg 0x00, 0x80000002)
T5F00 000:724.449 - 0.561ms returns 0
T5F00 000:724.482 JLINK_CORESIGHT_WriteAPDPReg(AP reg 0x01, 0x80011140)
T5F00 000:724.929 - 0.446ms returns 0
T5F00 000:724.958 JLINK_CORESIGHT_ReadAPDPReg(AP reg 0x03)
T5F00 000:725.458   Value=0x00000002
T5F00 000:725.495 - 0.537ms returns 0
T5F00 000:725.517 JLINK_CORESIGHT_WriteAPDPReg(AP reg 0x00, 0x80000002)
T5F00 000:726.009 - 0.491ms returns 0
T5F00 000:726.038 JLINK_CORESIGHT_WriteAPDPReg(AP reg 0x01, 0x80011120)
T5F00 000:726.509 - 0.471ms returns 0
T5F00 000:726.537 JLINK_CORESIGHT_WriteAPDPReg(AP reg 0x03, 0x000003D3)
T5F00 000:727.014 - 0.476ms returns 0
T5F00 000:727.067 JLINK_CORESIGHT_WriteAPDPReg(AP reg 0x00, 0x80000002)
T5F00 000:727.466 - 0.398ms returns 0
T5F00 000:727.496 JLINK_CORESIGHT_WriteAPDPReg(AP reg 0x01, 0x80011140)
T5F00 000:727.975 - 0.479ms returns 0
T5F00 000:728.015 JLINK_CORESIGHT_ReadAPDPReg(AP reg 0x03)
T5F00 000:728.511   Value=0x00000002
T5F00 000:728.551 - 0.536ms returns 0
T5F00 000:728.573 JLINK_CORESIGHT_ReadAPDPReg(AP reg 0x03)
T5F00 000:728.954   Value=0x00000002
T5F00 000:728.999 - 0.425ms returns 0
T5F00 000:729.024 JLINK_CORESIGHT_ReadAPDPReg(AP reg 0x03)
T5F00 000:729.468   Value=0x00000002
T5F00 000:729.511 - 0.487ms returns 0
T5F00 000:729.536 JLINK_CORESIGHT_ReadAPDPReg(AP reg 0x03)
T5F00 000:729.927   Value=0x00000002
T5F00 000:729.961 - 0.426ms returns 0
T5F00 000:729.983 JLINK_CORESIGHT_ReadAPDPReg(AP reg 0x03)
T5F00 000:730.428   Value=0x00000002
T5F00 000:730.462 - 0.478ms returns 0
T5F00 000:730.484 JLINK_CORESIGHT_ReadAPDPReg(AP reg 0x03)
T5F00 000:730.939   Value=0x00000002
T5F00 000:730.985 - 0.501ms returns 0
T5F00 000:731.011 JLINK_CORESIGHT_ReadAPDPReg(AP reg 0x03)
T5F00 000:731.416   Value=0x00000000
T5F00 000:731.450 - 0.439ms returns 0
T5F00 000:731.474 JLINK_CORESIGHT_WriteAPDPReg(AP reg 0x00, 0x80000002)
T5F00 000:731.848 - 0.374ms returns 0
T5F00 000:731.886 JLINK_CORESIGHT_WriteAPDPReg(AP reg 0x01, 0x80011130)
T5F00 000:732.352 - 0.465ms returns 0
T5F00 000:732.399 JLINK_CORESIGHT_ReadAPDPReg(AP reg 0x03)
T5F00 000:732.828   Value=0x2C020081
T5F00 000:732.871 - 0.472ms returns 0
T5F00 000:732.896 JLINK_CORESIGHT_WriteAPDPReg(AP reg 0x00, 0x80000002)
T5F00 000:733.288 - 0.391ms returns 0
T5F00 000:733.326 JLINK_CORESIGHT_WriteAPDPReg(AP reg 0x01, 0x80011140)
T5F00 000:733.783 - 0.457ms returns 0
T5F00 000:733.813 JLINK_CORESIGHT_ReadAPDPReg(AP reg 0x03)
T5F00 000:734.304   Value=0x00000000
T5F00 000:734.336 - 0.524ms returns 0
T5F00 000:734.359 JLINK_CORESIGHT_WriteAPDPReg(AP reg 0x00, 0x80000002)
T5F00 000:734.759 - 0.399ms returns 0
T5F00 000:734.784 JLINK_CORESIGHT_WriteAPDPReg(AP reg 0x01, 0x80011130)
T5F00 000:735.181 - 0.397ms returns 0
T5F00 000:735.219 JLINK_CORESIGHT_ReadAPDPReg(AP reg 0x03)
T5F00 000:735.794   Value=0x0003CE04
T5F00 000:735.841 - 0.621ms returns 0
T5F00 000:735.875 JLINK_CORESIGHT_WriteAPDPReg(AP reg 0x00, 0x80000002)
T5F00 000:736.430 - 0.554ms returns 0
T5F00 000:736.467 JLINK_CORESIGHT_WriteAPDPReg(AP reg 0x01, 0x80011140)
T5F00 000:737.109 - 0.641ms returns 0
T5F00 000:737.145 JLINK_CORESIGHT_ReadAPDPReg(AP reg 0x03)
T5F00 000:737.693   Value=0x00000002
T5F00 000:737.728 - 0.583ms returns 0
T5F00 000:737.751 JLINK_CORESIGHT_WriteAPDPReg(AP reg 0x00, 0x80000002)
T5F00 000:738.105 - 0.354ms returns 0
T5F00 000:738.141 JLINK_CORESIGHT_WriteAPDPReg(AP reg 0x01, 0x80011120)
T5F00 000:738.626 - 0.484ms returns 0
T5F00 000:738.729 JLINK_CORESIGHT_WriteAPDPReg(AP reg 0x03, 0x73010001)
T5F00 000:739.233 - 0.503ms returns 0
T5F00 000:739.313 JLINK_CORESIGHT_WriteAPDPReg(AP reg 0x00, 0x80000002)
T5F00 000:739.760 - 0.446ms returns 0
T5F00 000:739.802 JLINK_CORESIGHT_WriteAPDPReg(AP reg 0x01, 0x80011140)
T5F00 000:740.202 - 0.400ms returns 0
T5F00 000:740.234 JLINK_CORESIGHT_ReadAPDPReg(AP reg 0x03)
T5F00 000:740.778   Value=0x00000002
T5F00 000:740.802 - 0.567ms returns 0
T5F00 000:740.819 JLINK_CORESIGHT_WriteAPDPReg(AP reg 0x00, 0x80000002)
T5F00 000:741.172 - 0.353ms returns 0
T5F00 000:741.193 JLINK_CORESIGHT_WriteAPDPReg(AP reg 0x01, 0x80011120)
T5F00 000:741.781 - 0.588ms returns 0
T5F00 000:741.826 JLINK_CORESIGHT_WriteAPDPReg(AP reg 0x03, 0x0000038C)
T5F00 000:742.439 - 0.612ms returns 0
T5F00 000:742.472 JLINK_CORESIGHT_WriteAPDPReg(AP reg 0x00, 0x80000002)
T5F00 000:743.040 - 0.567ms returns 0
T5F00 000:743.069 JLINK_CORESIGHT_WriteAPDPReg(AP reg 0x01, 0x80011140)
T5F00 000:743.622 - 0.552ms returns 0
T5F00 000:743.656 JLINK_CORESIGHT_ReadAPDPReg(AP reg 0x03)
T5F00 000:744.091   Value=0x00000000
T5F00 000:744.113 - 0.457ms returns 0
T5F00 000:744.128 JLINK_CORESIGHT_WriteAPDPReg(AP reg 0x00, 0x80000002)
T5F00 000:744.492 - 0.364ms returns 0
T5F00 000:744.508 JLINK_CORESIGHT_WriteAPDPReg(AP reg 0x01, 0x80011130)
T5F00 000:744.850 - 0.342ms returns 0
T5F00 000:744.865 JLINK_CORESIGHT_ReadAPDPReg(AP reg 0x03)
T5F00 000:745.365   Value=0x73020081
T5F00 000:745.398 - 0.532ms returns 0
T5F00 000:745.414 JLINK_CORESIGHT_WriteAPDPReg(AP reg 0x00, 0x80000002)
T5F00 000:745.825 - 0.410ms returns 0
T5F00 000:745.848 JLINK_CORESIGHT_WriteAPDPReg(AP reg 0x01, 0x80011140)
T5F00 000:746.313 - 0.465ms returns 0
T5F00 000:746.332 JLINK_CORESIGHT_ReadAPDPReg(AP reg 0x03)
T5F00 000:746.840   Value=0x00000000
T5F00 000:746.859 - 0.526ms returns 0
T5F00 000:746.873 JLINK_CORESIGHT_WriteAPDPReg(AP reg 0x00, 0x80000002)
T5F00 000:747.312 - 0.439ms returns 0
T5F00 000:747.330 JLINK_CORESIGHT_WriteAPDPReg(AP reg 0x01, 0x80011130)
T5F00 000:747.780 - 0.450ms returns 0
T5F00 000:747.795 JLINK_CORESIGHT_ReadAPDPReg(AP reg 0x03)
T5F00 000:748.348   Value=0x00038902
T5F00 000:748.390 - 0.594ms returns 0
T5F00 000:748.455 JLINK_CORESIGHT_WriteAPDPReg(AP reg 0x00, 0x80000002)
T5F00 000:748.951 - 0.496ms returns 0
T5F00 000:748.985 JLINK_CORESIGHT_WriteAPDPReg(AP reg 0x01, 0x80011140)
T5F00 000:749.383 - 0.398ms returns 0
T5F00 000:749.406 JLINK_CORESIGHT_ReadAPDPReg(AP reg 0x03)
T5F00 000:749.888   Value=0x00000002
T5F00 000:749.918 - 0.512ms returns 0
T5F00 000:749.933 JLINK_CORESIGHT_WriteAPDPReg(AP reg 0x00, 0x80000002)
T5F00 000:750.340 - 0.407ms returns 0
T5F00 000:750.358 JLINK_CORESIGHT_WriteAPDPReg(AP reg 0x01, 0x80011120)
T5F00 000:750.735 - 0.377ms returns 0
T5F00 000:750.752 JLINK_CORESIGHT_WriteAPDPReg(AP reg 0x03, 0x75010001)
T5F00 000:751.133 - 0.381ms returns 0
T5F00 000:751.150 JLINK_CORESIGHT_WriteAPDPReg(AP reg 0x00, 0x80000002)
T5F00 000:751.543 - 0.393ms returns 0
T5F00 000:751.557 JLINK_CORESIGHT_WriteAPDPReg(AP reg 0x01, 0x80011140)
T5F00 000:751.968 - 0.410ms returns 0
T5F00 000:751.985 JLINK_CORESIGHT_ReadAPDPReg(AP reg 0x03)
T5F00 000:752.414   Value=0x00000002
T5F00 000:752.446 - 0.461ms returns 0
T5F00 000:752.461 JLINK_CORESIGHT_WriteAPDPReg(AP reg 0x00, 0x80000002)
T5F00 000:752.844 - 0.382ms returns 0
T5F00 000:752.872 JLINK_CORESIGHT_WriteAPDPReg(AP reg 0x01, 0x80011120)
T5F00 000:753.408 - 0.536ms returns 0
T5F00 000:753.437 JLINK_CORESIGHT_WriteAPDPReg(AP reg 0x03, 0x0000038A)
T5F00 000:753.937 - 0.500ms returns 0
T5F00 000:753.970 JLINK_CORESIGHT_WriteAPDPReg(AP reg 0x00, 0x80000002)
T5F00 000:754.405 - 0.435ms returns 0
T5F00 000:754.433 JLINK_CORESIGHT_WriteAPDPReg(AP reg 0x01, 0x80011140)
T5F00 000:754.901 - 0.466ms returns 0
T5F00 000:754.932 JLINK_CORESIGHT_ReadAPDPReg(AP reg 0x03)
T5F00 000:755.721   Value=0x00000002
T5F00 000:755.789 - 0.857ms returns 0
T5F00 000:755.816 JLINK_CORESIGHT_ReadAPDPReg(AP reg 0x03)
T5F00 000:757.146   Value=0x00000002
T5F00 000:757.194 - 1.378ms returns 0
T5F00 000:757.211 JLINK_CORESIGHT_ReadAPDPReg(AP reg 0x03)
T5F00 000:758.091   Value=0x00000002
T5F00 000:758.119 - 0.908ms returns 0
T5F00 000:758.133 JLINK_CORESIGHT_ReadAPDPReg(AP reg 0x03)
T5F00 000:758.801   Value=0x00000000
T5F00 000:758.820 - 0.687ms returns 0
T5F00 000:758.836 JLINK_CORESIGHT_WriteAPDPReg(AP reg 0x00, 0x80000002)
T5F00 000:759.257 - 0.420ms returns 0
T5F00 000:759.274 JLINK_CORESIGHT_WriteAPDPReg(AP reg 0x01, 0x80011130)
T5F00 000:759.661 - 0.387ms returns 0
T5F00 000:759.677 JLINK_CORESIGHT_ReadAPDPReg(AP reg 0x03)
T5F00 000:760.139   Value=0x75020081
T5F00 000:760.158 - 0.481ms returns 0
T5F00 000:760.171 JLINK_CORESIGHT_WriteAPDPReg(AP reg 0x00, 0x80000002)
T5F00 000:760.617 - 0.446ms returns 0
T5F00 000:760.632 JLINK_CORESIGHT_WriteAPDPReg(AP reg 0x01, 0x80011140)
T5F00 000:761.051 - 0.419ms returns 0
T5F00 000:761.068 JLINK_CORESIGHT_ReadAPDPReg(AP reg 0x03)
T5F00 000:761.617   Value=0x00000000
T5F00 000:761.638 - 0.570ms returns 0
T5F00 000:761.652 JLINK_CORESIGHT_WriteAPDPReg(AP reg 0x00, 0x80000002)
T5F00 000:762.040 - 0.388ms returns 0
T5F00 000:762.057 JLINK_CORESIGHT_WriteAPDPReg(AP reg 0x01, 0x80011130)
T5F00 000:762.516 - 0.459ms returns 0
T5F00 000:762.531 JLINK_CORESIGHT_ReadAPDPReg(AP reg 0x03)
T5F00 000:763.008   Value=0x00038702
T5F00 000:763.027 - 0.495ms returns 0
T5F00 000:763.051 JLINK_CORESIGHT_WriteAPDPReg(AP reg 0x00, 0x80000002)
T5F00 000:763.464 - 0.413ms returns 0
T5F00 000:763.478 JLINK_CORESIGHT_WriteAPDPReg(AP reg 0x01, 0x80011140)
T5F00 000:763.996 - 0.518ms returns 0
T5F00 000:764.011 JLINK_CORESIGHT_ReadAPDPReg(AP reg 0x03)
T5F00 000:764.469   Value=0x00000002
T5F00 000:764.487 - 0.476ms returns 0
T5F00 000:764.500 JLINK_CORESIGHT_WriteAPDPReg(AP reg 0x00, 0x80000002)
T5F00 000:764.926 - 0.425ms returns 0
T5F00 000:764.942 JLINK_CORESIGHT_WriteAPDPReg(AP reg 0x01, 0x80011120)
T5F00 000:765.250 - 0.308ms returns 0
T5F00 000:765.266 JLINK_CORESIGHT_WriteAPDPReg(AP reg 0x03, 0x4F010001)
T5F00 000:765.648 - 0.381ms returns 0
T5F00 000:765.665 JLINK_CORESIGHT_WriteAPDPReg(AP reg 0x00, 0x80000002)
T5F00 000:766.035 - 0.370ms returns 0
T5F00 000:766.050 JLINK_CORESIGHT_WriteAPDPReg(AP reg 0x01, 0x80011140)
T5F00 000:766.417 - 0.366ms returns 0
T5F00 000:766.434 JLINK_CORESIGHT_ReadAPDPReg(AP reg 0x03)
T5F00 000:766.930   Value=0x00000002
T5F00 000:766.963 - 0.528ms returns 0
T5F00 000:766.978 JLINK_CORESIGHT_WriteAPDPReg(AP reg 0x00, 0x80000002)
T5F00 000:767.362 - 0.383ms returns 0
T5F00 000:767.377 JLINK_CORESIGHT_WriteAPDPReg(AP reg 0x01, 0x80011120)
T5F00 000:767.736 - 0.359ms returns 0
T5F00 000:767.750 JLINK_CORESIGHT_WriteAPDPReg(AP reg 0x03, 0x000003B0)
T5F00 000:768.175 - 0.425ms returns 0
T5F00 000:768.191 JLINK_CORESIGHT_WriteAPDPReg(AP reg 0x00, 0x80000002)
T5F00 000:768.739 - 0.547ms returns 0
T5F00 000:768.753 JLINK_CORESIGHT_WriteAPDPReg(AP reg 0x01, 0x80011140)
T5F00 000:769.132 - 0.379ms returns 0
T5F00 000:769.146 JLINK_CORESIGHT_ReadAPDPReg(AP reg 0x03)
T5F00 000:769.611   Value=0x00000002
T5F00 000:769.631 - 0.485ms returns 0
T5F00 000:769.645 JLINK_CORESIGHT_ReadAPDPReg(AP reg 0x03)
T5F00 000:770.066   Value=0x00000002
T5F00 000:770.098 - 0.453ms returns 0
T5F00 000:770.114 JLINK_CORESIGHT_ReadAPDPReg(AP reg 0x03)
T5F00 000:770.661   Value=0x00000002
T5F00 000:770.690 - 0.575ms returns 0
T5F00 000:770.705 JLINK_CORESIGHT_ReadAPDPReg(AP reg 0x03)
T5F00 000:771.138   Value=0x00000002
T5F00 000:771.168 - 0.462ms returns 0
T5F00 000:771.183 JLINK_CORESIGHT_ReadAPDPReg(AP reg 0x03)
T5F00 000:771.614   Value=0x00000000
T5F00 000:771.647 - 0.464ms returns 0
T5F00 000:771.663 JLINK_CORESIGHT_WriteAPDPReg(AP reg 0x00, 0x80000002)
T5F00 000:772.076 - 0.413ms returns 0
T5F00 000:772.095 JLINK_CORESIGHT_WriteAPDPReg(AP reg 0x01, 0x80011130)
T5F00 000:772.530 - 0.433ms returns 0
T5F00 000:772.574 JLINK_CORESIGHT_ReadAPDPReg(AP reg 0x03)
T5F00 000:773.076   Value=0x4F0B0081
T5F00 000:773.111 - 0.537ms returns 0
T5F00 000:773.126 JLINK_CORESIGHT_WriteAPDPReg(AP reg 0x00, 0x80000002)
T5F00 000:773.508 - 0.382ms returns 0
T5F00 000:773.525 JLINK_CORESIGHT_WriteAPDPReg(AP reg 0x01, 0x80011140)
T5F00 000:773.972 - 0.447ms returns 0
T5F00 000:773.998 JLINK_CORESIGHT_ReadAPDPReg(AP reg 0x03)
T5F00 000:774.516   Value=0x00000000
T5F00 000:774.540 - 0.542ms returns 0
T5F00 000:774.556 JLINK_CORESIGHT_WriteAPDPReg(AP reg 0x00, 0x80000002)
T5F00 000:774.965 - 0.408ms returns 0
T5F00 000:774.986 JLINK_CORESIGHT_WriteAPDPReg(AP reg 0x01, 0x80011130)
T5F00 000:775.483 - 0.496ms returns 0
T5F00 000:775.509 JLINK_CORESIGHT_ReadAPDPReg(AP reg 0x03)
T5F00 000:775.972   Value=0xE03F0000
T5F00 000:775.996 - 0.487ms returns 0
T5F00 000:776.012 JLINK_CORESIGHT_WriteAPDPReg(AP reg 0x00, 0x80000002)
T5F00 000:776.386 - 0.374ms returns 0
T5F00 000:776.414 JLINK_CORESIGHT_WriteAPDPReg(AP reg 0x01, 0x80011140)
T5F00 000:776.742 - 0.328ms returns 0
T5F00 000:776.762 JLINK_CORESIGHT_ReadAPDPReg(AP reg 0x03)
T5F00 000:777.267   Value=0x00000000
T5F00 000:777.292 - 0.530ms returns 0
T5F00 000:777.308 JLINK_CORESIGHT_WriteAPDPReg(AP reg 0x00, 0x80000002)
T5F00 000:777.737 - 0.429ms returns 0
T5F00 000:777.755 JLINK_CORESIGHT_WriteAPDPReg(AP reg 0x01, 0x80011130)
T5F00 000:778.178 - 0.423ms returns 0
T5F00 000:778.197 JLINK_CORESIGHT_ReadAPDPReg(AP reg 0x03)
T5F00 000:778.698   Value=0x00003F00
T5F00 000:778.718 - 0.521ms returns 0
T5F00 000:778.733 JLINK_CORESIGHT_WriteAPDPReg(AP reg 0x00, 0x80000002)
T5F00 000:779.156 - 0.423ms returns 0
T5F00 000:779.174 JLINK_CORESIGHT_WriteAPDPReg(AP reg 0x01, 0x80011140)
T5F00 000:779.573 - 0.397ms returns 0
T5F00 000:779.594 JLINK_CORESIGHT_ReadAPDPReg(AP reg 0x03)
T5F00 000:780.035   Value=0x00000000
T5F00 000:780.057 - 0.462ms returns 0
T5F00 000:780.071 JLINK_CORESIGHT_WriteAPDPReg(AP reg 0x00, 0x80000002)
T5F00 000:780.470 - 0.399ms returns 0
T5F00 000:780.486 JLINK_CORESIGHT_WriteAPDPReg(AP reg 0x01, 0x80011130)
T5F00 000:780.791 - 0.304ms returns 0
T5F00 000:780.806 JLINK_CORESIGHT_ReadAPDPReg(AP reg 0x03)
T5F00 000:781.307   Value=0x03480000
T5F00 000:781.329 - 0.523ms returns 0
T5F00 000:781.416 JLINK_CORESIGHT_WriteAPDPReg(AP reg 0x00, 0x80000002)
T5F00 000:781.898 - 0.481ms returns 0
T5F00 000:781.934 JLINK_CORESIGHT_WriteAPDPReg(AP reg 0x01, 0x80011140)
T5F00 000:782.384 - 0.450ms returns 0
T5F00 000:782.403 JLINK_CORESIGHT_ReadAPDPReg(AP reg 0x03)
T5F00 000:782.839   Value=0x00000002
T5F00 000:782.860 - 0.457ms returns 0
T5F00 000:782.874 JLINK_CORESIGHT_WriteAPDPReg(AP reg 0x00, 0x80000002)
T5F00 000:783.499 - 0.624ms returns 0
T5F00 000:783.515 JLINK_CORESIGHT_WriteAPDPReg(AP reg 0x01, 0x80011120)
T5F00 000:783.887 - 0.372ms returns 0
T5F00 000:783.901 JLINK_CORESIGHT_WriteAPDPReg(AP reg 0x03, 0x2C010001)
T5F00 000:784.214 - 0.312ms returns 0
T5F00 000:784.228 JLINK_CORESIGHT_WriteAPDPReg(AP reg 0x00, 0x80000002)
T5F00 000:784.550 - 0.320ms returns 0
T5F00 000:784.584 JLINK_CORESIGHT_WriteAPDPReg(AP reg 0x01, 0x80011140)
T5F00 000:785.022 - 0.437ms returns 0
T5F00 000:785.068 JLINK_CORESIGHT_ReadAPDPReg(AP reg 0x03)
T5F00 000:785.531   Value=0x00000002
T5F00 000:785.557 - 0.488ms returns 0
T5F00 000:785.571 JLINK_CORESIGHT_WriteAPDPReg(AP reg 0x00, 0x80000002)
T5F00 000:785.998 - 0.426ms returns 0
T5F00 000:786.042 JLINK_CORESIGHT_WriteAPDPReg(AP reg 0x01, 0x80011120)
T5F00 000:786.498 - 0.454ms returns 0
T5F00 000:786.520 JLINK_CORESIGHT_WriteAPDPReg(AP reg 0x03, 0x000003D3)
T5F00 000:786.984 - 0.464ms returns 0
T5F00 000:786.998 JLINK_CORESIGHT_WriteAPDPReg(AP reg 0x00, 0x80000002)
T5F00 000:787.498 - 0.498ms returns 0
T5F00 000:787.521 JLINK_CORESIGHT_WriteAPDPReg(AP reg 0x01, 0x80011140)
T5F00 000:787.926 - 0.405ms returns 0
T5F00 000:787.942 JLINK_CORESIGHT_ReadAPDPReg(AP reg 0x03)
T5F00 000:788.591   Value=0x00000002
T5F00 000:788.630 - 0.689ms returns 0
T5F00 000:788.645 JLINK_CORESIGHT_ReadAPDPReg(AP reg 0x03)
T5F00 000:789.094   Value=0x00000002
T5F00 000:789.121 - 0.476ms returns 0
T5F00 000:789.138 JLINK_CORESIGHT_ReadAPDPReg(AP reg 0x03)
T5F00 000:789.612   Value=0x00000002
T5F00 000:789.640 - 0.502ms returns 0
T5F00 000:789.654 JLINK_CORESIGHT_ReadAPDPReg(AP reg 0x03)
T5F00 000:790.089   Value=0x00000000
T5F00 000:790.110 - 0.456ms returns 0
T5F00 000:790.124 JLINK_CORESIGHT_WriteAPDPReg(AP reg 0x00, 0x80000002)
T5F00 000:790.497 - 0.372ms returns 0
T5F00 000:790.525 JLINK_CORESIGHT_WriteAPDPReg(AP reg 0x01, 0x80011130)
T5F00 000:790.966 - 0.440ms returns 0
T5F00 000:790.983 JLINK_CORESIGHT_ReadAPDPReg(AP reg 0x03)
T5F00 000:791.364   Value=0x2C020081
T5F00 000:791.382 - 0.399ms returns 0
T5F00 000:791.395 JLINK_CORESIGHT_WriteAPDPReg(AP reg 0x00, 0x80000002)
T5F00 000:791.790 - 0.395ms returns 0
T5F00 000:791.804 JLINK_CORESIGHT_WriteAPDPReg(AP reg 0x01, 0x80011140)
T5F00 000:792.156 - 0.350ms returns 0
T5F00 000:792.178 JLINK_CORESIGHT_ReadAPDPReg(AP reg 0x03)
T5F00 000:792.653   Value=0x00000000
T5F00 000:792.671 - 0.493ms returns 0
T5F00 000:792.683 JLINK_CORESIGHT_WriteAPDPReg(AP reg 0x00, 0x80000002)
T5F00 000:793.115 - 0.431ms returns 0
T5F00 000:793.130 JLINK_CORESIGHT_WriteAPDPReg(AP reg 0x01, 0x80011130)
T5F00 000:793.617 - 0.487ms returns 0
T5F00 000:793.631 JLINK_CORESIGHT_ReadAPDPReg(AP reg 0x03)
T5F00 000:794.125   Value=0x0003CE04
T5F00 000:794.153 - 0.522ms returns 0
T5F00 000:794.174 JLINK_CORESIGHT_WriteAPDPReg(AP reg 0x00, 0x80000002)
T5F00 000:794.541 - 0.367ms returns 0
T5F00 000:794.555 JLINK_CORESIGHT_WriteAPDPReg(AP reg 0x01, 0x80011140)
T5F00 000:795.024 - 0.466ms returns 0
T5F00 000:795.052 JLINK_CORESIGHT_ReadAPDPReg(AP reg 0x03)
T5F00 000:795.616   Value=0x00000002
T5F00 000:795.635 - 0.583ms returns 0
T5F00 000:795.647 JLINK_CORESIGHT_WriteAPDPReg(AP reg 0x00, 0x80000002)
T5F00 000:796.040 - 0.392ms returns 0
T5F00 000:796.058 JLINK_CORESIGHT_WriteAPDPReg(AP reg 0x01, 0x80011120)
T5F00 000:796.476 - 0.418ms returns 0
T5F00 000:796.499 JLINK_CORESIGHT_WriteAPDPReg(AP reg 0x03, 0x73010001)
T5F00 000:796.840 - 0.341ms returns 0
T5F00 000:796.858 JLINK_CORESIGHT_WriteAPDPReg(AP reg 0x00, 0x80000002)
T5F00 000:797.280 - 0.422ms returns 0
T5F00 000:797.296 JLINK_CORESIGHT_WriteAPDPReg(AP reg 0x01, 0x80011140)
T5F00 000:797.663 - 0.367ms returns 0
T5F00 000:797.681 JLINK_CORESIGHT_ReadAPDPReg(AP reg 0x03)
T5F00 000:798.141   Value=0x00000002
T5F00 000:798.161 - 0.480ms returns 0
T5F00 000:798.174 JLINK_CORESIGHT_WriteAPDPReg(AP reg 0x00, 0x80000002)
T5F00 000:798.612 - 0.438ms returns 0
T5F00 000:798.626 JLINK_CORESIGHT_WriteAPDPReg(AP reg 0x01, 0x80011120)
T5F00 000:799.051 - 0.425ms returns 0
T5F00 000:799.064 JLINK_CORESIGHT_WriteAPDPReg(AP reg 0x03, 0x0000038C)
T5F00 000:799.611 - 0.547ms returns 0
T5F00 000:799.628 JLINK_CORESIGHT_WriteAPDPReg(AP reg 0x00, 0x80000002)
T5F00 000:800.039 - 0.411ms returns 0
T5F00 000:800.056 JLINK_CORESIGHT_WriteAPDPReg(AP reg 0x01, 0x80011140)
T5F00 000:800.389 - 0.333ms returns 0
T5F00 000:800.418 JLINK_CORESIGHT_ReadAPDPReg(AP reg 0x03)
T5F00 000:800.883   Value=0x00000000
T5F00 000:800.907 - 0.489ms returns 0
T5F00 000:800.921 JLINK_CORESIGHT_WriteAPDPReg(AP reg 0x00, 0x80000002)
T5F00 000:801.346 - 0.424ms returns 0
T5F00 000:801.368 JLINK_CORESIGHT_WriteAPDPReg(AP reg 0x01, 0x80011130)
T5F00 000:801.839 - 0.471ms returns 0
T5F00 000:801.853 JLINK_CORESIGHT_ReadAPDPReg(AP reg 0x03)
T5F00 000:802.333   Value=0x73020081
T5F00 000:802.351 - 0.498ms returns 0
T5F00 000:802.364 JLINK_CORESIGHT_WriteAPDPReg(AP reg 0x00, 0x80000002)
T5F00 000:802.779 - 0.415ms returns 0
T5F00 000:802.792 JLINK_CORESIGHT_WriteAPDPReg(AP reg 0x01, 0x80011140)
T5F00 000:803.165 - 0.373ms returns 0
T5F00 000:803.181 JLINK_CORESIGHT_ReadAPDPReg(AP reg 0x03)
T5F00 000:803.695   Value=0x00000000
T5F00 000:803.722 - 0.540ms returns 0
T5F00 000:803.737 JLINK_CORESIGHT_WriteAPDPReg(AP reg 0x00, 0x80000002)
T5F00 000:804.235 - 0.499ms returns 0
T5F00 000:804.251 JLINK_CORESIGHT_WriteAPDPReg(AP reg 0x01, 0x80011130)
T5F00 000:804.618 - 0.366ms returns 0
T5F00 000:804.632 JLINK_CORESIGHT_ReadAPDPReg(AP reg 0x03)
T5F00 000:805.079   Value=0x00038902
T5F00 000:805.104 - 0.472ms returns 0
T5F00 000:805.120 JLINK_CORESIGHT_WriteAPDPReg(AP reg 0x00, 0x80000002)
T5F00 000:805.621 - 0.500ms returns 0
T5F00 000:805.648 JLINK_CORESIGHT_WriteAPDPReg(AP reg 0x01, 0x80011140)
T5F00 000:806.041 - 0.393ms returns 0
T5F00 000:806.059 JLINK_CORESIGHT_ReadAPDPReg(AP reg 0x03)
T5F00 000:806.530   Value=0x00000002
T5F00 000:806.549 - 0.489ms returns 0
T5F00 000:806.562 JLINK_CORESIGHT_WriteAPDPReg(AP reg 0x00, 0x80000002)
T5F00 000:806.968 - 0.406ms returns 0
T5F00 000:806.999 JLINK_CORESIGHT_WriteAPDPReg(AP reg 0x01, 0x80011120)
T5F00 000:807.489 - 0.490ms returns 0
T5F00 000:807.508 JLINK_CORESIGHT_WriteAPDPReg(AP reg 0x03, 0x75010001)
T5F00 000:807.971 - 0.463ms returns 0
T5F00 000:807.988 JLINK_CORESIGHT_WriteAPDPReg(AP reg 0x00, 0x80000002)
T5F00 000:808.451 - 0.462ms returns 0
T5F00 000:808.476 JLINK_CORESIGHT_WriteAPDPReg(AP reg 0x01, 0x80011140)
T5F00 000:808.904 - 0.428ms returns 0
T5F00 000:808.920 JLINK_CORESIGHT_ReadAPDPReg(AP reg 0x03)
T5F00 000:809.340   Value=0x00000002
T5F00 000:809.358 - 0.438ms returns 0
T5F00 000:809.372 JLINK_CORESIGHT_WriteAPDPReg(AP reg 0x00, 0x80000002)
T5F00 000:809.747 - 0.375ms returns 0
T5F00 000:809.762 JLINK_CORESIGHT_WriteAPDPReg(AP reg 0x01, 0x80011120)
T5F00 000:810.218 - 0.455ms returns 0
T5F00 000:810.236 JLINK_CORESIGHT_WriteAPDPReg(AP reg 0x03, 0x0000038A)
T5F00 000:810.612 - 0.376ms returns 0
T5F00 000:810.629 JLINK_CORESIGHT_WriteAPDPReg(AP reg 0x00, 0x80000002)
T5F00 000:811.008 - 0.378ms returns 0
T5F00 000:811.025 JLINK_CORESIGHT_WriteAPDPReg(AP reg 0x01, 0x80011140)
T5F00 000:811.418 - 0.392ms returns 0
T5F00 000:811.435 JLINK_CORESIGHT_ReadAPDPReg(AP reg 0x03)
T5F00 000:811.883   Value=0x00000002
T5F00 000:811.902 - 0.467ms returns 0
T5F00 000:811.916 JLINK_CORESIGHT_ReadAPDPReg(AP reg 0x03)
T5F00 000:812.391   Value=0x00000002
T5F00 000:812.409 - 0.492ms returns 0
T5F00 000:812.422 JLINK_CORESIGHT_ReadAPDPReg(AP reg 0x03)
T5F00 000:812.848   Value=0x00000002
T5F00 000:812.874 - 0.451ms returns 0
T5F00 000:812.891 JLINK_CORESIGHT_ReadAPDPReg(AP reg 0x03)
T5F00 000:813.343   Value=0x00000002
T5F00 000:813.364 - 0.473ms returns 0
T5F00 000:813.377 JLINK_CORESIGHT_ReadAPDPReg(AP reg 0x03)
T5F00 000:813.844   Value=0x00000002
T5F00 000:813.861 - 0.483ms returns 0
T5F00 000:813.875 JLINK_CORESIGHT_ReadAPDPReg(AP reg 0x03)
T5F00 000:814.321   Value=0x00000002
T5F00 000:814.339 - 0.464ms returns 0
T5F00 000:814.352 JLINK_CORESIGHT_ReadAPDPReg(AP reg 0x03)
T5F00 000:814.803   Value=0x00000002
T5F00 000:814.821 - 0.469ms returns 0
T5F00 000:814.835 JLINK_CORESIGHT_ReadAPDPReg(AP reg 0x03)
T5F00 000:815.258   Value=0x00000000
T5F00 000:815.280 - 0.445ms returns 0
T5F00 000:815.295 JLINK_CORESIGHT_WriteAPDPReg(AP reg 0x00, 0x80000002)
T5F00 000:815.758 - 0.463ms returns 0
T5F00 000:815.777 JLINK_CORESIGHT_WriteAPDPReg(AP reg 0x01, 0x80011130)
T5F00 000:816.220 - 0.443ms returns 0
T5F00 000:816.235 JLINK_CORESIGHT_ReadAPDPReg(AP reg 0x03)
T5F00 000:816.784   Value=0x75020081
T5F00 000:816.804 - 0.568ms returns 0
T5F00 000:816.818 JLINK_CORESIGHT_WriteAPDPReg(AP reg 0x00, 0x80000002)
T5F00 000:817.190 - 0.371ms returns 0
T5F00 000:817.217 JLINK_CORESIGHT_WriteAPDPReg(AP reg 0x01, 0x80011140)
T5F00 000:817.667 - 0.450ms returns 0
T5F00 000:817.688 JLINK_CORESIGHT_ReadAPDPReg(AP reg 0x03)
T5F00 000:818.175   Value=0x00000000
T5F00 000:818.194 - 0.506ms returns 0
T5F00 000:818.207 JLINK_CORESIGHT_WriteAPDPReg(AP reg 0x00, 0x80000002)
T5F00 000:818.611 - 0.403ms returns 0
T5F00 000:818.625 JLINK_CORESIGHT_WriteAPDPReg(AP reg 0x01, 0x80011130)
T5F00 000:818.949 - 0.323ms returns 0
T5F00 000:818.965 JLINK_CORESIGHT_ReadAPDPReg(AP reg 0x03)
T5F00 000:819.496   Value=0x00038702
T5F00 000:819.515 - 0.549ms returns 0
T5F00 000:819.537 JLINK_CORESIGHT_WriteAPDPReg(AP reg 0x00, 0x80000002)
T5F00 000:819.943 - 0.406ms returns 0
T5F00 000:819.965 JLINK_CORESIGHT_WriteAPDPReg(AP reg 0x01, 0x80011140)
T5F00 000:820.420 - 0.454ms returns 0
T5F00 000:820.438 JLINK_CORESIGHT_ReadAPDPReg(AP reg 0x03)
T5F00 000:820.927   Value=0x00000002
T5F00 000:820.950 - 0.511ms returns 0
T5F00 000:820.965 JLINK_CORESIGHT_WriteAPDPReg(AP reg 0x00, 0x80000002)
T5F00 000:821.426 - 0.461ms returns 0
T5F00 000:821.445 JLINK_CORESIGHT_WriteAPDPReg(AP reg 0x01, 0x80011120)
T5F00 000:821.920 - 0.474ms returns 0
T5F00 000:821.979 JLINK_CORESIGHT_WriteAPDPReg(AP reg 0x03, 0x4E0B0001)
T5F00 000:822.536 - 0.563ms returns 0
T5F00 000:822.557 JLINK_CORESIGHT_WriteAPDPReg(AP reg 0x00, 0x80000002)
T5F00 000:823.028 - 0.472ms returns 0
T5F00 000:823.056 JLINK_CORESIGHT_WriteAPDPReg(AP reg 0x01, 0x80011140)
T5F00 000:823.508 - 0.452ms returns 0
T5F00 000:823.526 JLINK_CORESIGHT_ReadAPDPReg(AP reg 0x03)
T5F00 000:824.007   Value=0x00000002
T5F00 000:824.026 - 0.500ms returns 0
T5F00 000:824.041 JLINK_CORESIGHT_WriteAPDPReg(AP reg 0x00, 0x80000002)
T5F00 000:824.439 - 0.398ms returns 0
T5F00 000:824.453 JLINK_CORESIGHT_WriteAPDPReg(AP reg 0x01, 0x80011120)
T5F00 000:824.796 - 0.342ms returns 0
T5F00 000:824.812 JLINK_CORESIGHT_WriteAPDPReg(AP reg 0x03, 0xC0000000)
T5F00 000:825.238 - 0.425ms returns 0
T5F00 000:825.255 JLINK_CORESIGHT_WriteAPDPReg(AP reg 0x00, 0x80000002)
T5F00 000:825.615 - 0.359ms returns 0
T5F00 000:825.644 JLINK_CORESIGHT_WriteAPDPReg(AP reg 0x01, 0x80011140)
T5F00 000:826.088 - 0.443ms returns 0
T5F00 000:826.104 JLINK_CORESIGHT_ReadAPDPReg(AP reg 0x03)
T5F00 000:826.463   Value=0x00000002
T5F00 000:826.480 - 0.376ms returns 0
T5F00 000:826.495 JLINK_CORESIGHT_WriteAPDPReg(AP reg 0x00, 0x80000002)
T5F00 000:826.900 - 0.405ms returns 0
T5F00 000:826.914 JLINK_CORESIGHT_WriteAPDPReg(AP reg 0x01, 0x80011120)
T5F00 000:827.378 - 0.463ms returns 0
T5F00 000:827.392 JLINK_CORESIGHT_WriteAPDPReg(AP reg 0x03, 0x00000000)
T5F00 000:827.731 - 0.339ms returns 0
T5F00 000:827.746 JLINK_CORESIGHT_WriteAPDPReg(AP reg 0x00, 0x80000002)
T5F00 000:828.192 - 0.445ms returns 0
T5F00 000:828.207 JLINK_CORESIGHT_WriteAPDPReg(AP reg 0x01, 0x80011140)
T5F00 000:828.739 - 0.531ms returns 0
T5F00 000:828.754 JLINK_CORESIGHT_ReadAPDPReg(AP reg 0x03)
T5F00 000:829.201   Value=0x00000002
T5F00 000:829.218 - 0.464ms returns 0
T5F00 000:829.232 JLINK_CORESIGHT_WriteAPDPReg(AP reg 0x00, 0x80000002)
T5F00 000:829.641 - 0.409ms returns 0
T5F00 000:829.657 JLINK_CORESIGHT_WriteAPDPReg(AP reg 0x01, 0x80011120)
T5F00 000:830.130 - 0.473ms returns 0
T5F00 000:830.146 JLINK_CORESIGHT_WriteAPDPReg(AP reg 0x03, 0x03E70000)
T5F00 000:830.535 - 0.388ms returns 0
T5F00 000:830.550 JLINK_CORESIGHT_WriteAPDPReg(AP reg 0x00, 0x80000002)
T5F00 000:830.963 - 0.413ms returns 0
T5F00 000:830.982 JLINK_CORESIGHT_WriteAPDPReg(AP reg 0x01, 0x80011140)
T5F00 000:831.441 - 0.460ms returns 0
T5F00 000:831.456 JLINK_CORESIGHT_ReadAPDPReg(AP reg 0x03)
T5F00 000:831.818   Value=0x00000002
T5F00 000:831.836 - 0.379ms returns 0
T5F00 000:831.849 JLINK_CORESIGHT_ReadAPDPReg(AP reg 0x03)
T5F00 000:832.291   Value=0x00000002
T5F00 000:832.312 - 0.462ms returns 0
T5F00 000:832.326 JLINK_CORESIGHT_ReadAPDPReg(AP reg 0x03)
T5F00 000:832.779   Value=0x00000002
T5F00 000:832.798 - 0.472ms returns 0
T5F00 000:832.811 JLINK_CORESIGHT_ReadAPDPReg(AP reg 0x03)
T5F00 000:833.429   Value=0x00000002
T5F00 000:833.480 - 0.668ms returns 0
T5F00 000:833.503 JLINK_CORESIGHT_ReadAPDPReg(AP reg 0x03)
T5F00 000:833.973   Value=0x00000002
T5F00 000:834.017 - 0.513ms returns 0
T5F00 000:834.035 JLINK_CORESIGHT_ReadAPDPReg(AP reg 0x03)
T5F00 000:834.617   Value=0x00000002
T5F00 000:834.646 - 0.611ms returns 0
T5F00 000:834.662 JLINK_CORESIGHT_ReadAPDPReg(AP reg 0x03)
T5F00 000:835.282   Value=0x00000002
T5F00 000:835.311 - 0.648ms returns 0
T5F00 000:835.327 JLINK_CORESIGHT_ReadAPDPReg(AP reg 0x03)
T5F00 000:835.800   Value=0x00000002
T5F00 000:835.831 - 0.504ms returns 0
T5F00 000:835.847 JLINK_CORESIGHT_ReadAPDPReg(AP reg 0x03)
T5F00 000:836.263   Value=0x00000002
T5F00 000:836.288 - 0.441ms returns 0
T5F00 000:836.302 JLINK_CORESIGHT_ReadAPDPReg(AP reg 0x03)
T5F00 000:836.758   Value=0x00000002
T5F00 000:836.776 - 0.474ms returns 0
T5F00 000:836.798 JLINK_CORESIGHT_ReadAPDPReg(AP reg 0x03)
T5F00 000:837.385   Value=0x00000002
T5F00 000:837.404 - 0.606ms returns 0
T5F00 000:837.418 JLINK_CORESIGHT_ReadAPDPReg(AP reg 0x03)
T5F00 000:837.879   Value=0x00000002
T5F00 000:837.896 - 0.478ms returns 0
T5F00 000:837.909 JLINK_CORESIGHT_ReadAPDPReg(AP reg 0x03)
T5F00 000:838.382   Value=0x00000002
T5F00 000:838.399 - 0.490ms returns 0
T5F00 000:838.412 JLINK_CORESIGHT_ReadAPDPReg(AP reg 0x03)
T5F00 000:839.014   Value=0x00000002
T5F00 000:839.048 - 0.635ms returns 0
T5F00 000:839.065 JLINK_CORESIGHT_ReadAPDPReg(AP reg 0x03)
T5F00 000:839.507   Value=0x00000002
T5F00 000:839.532 - 0.467ms returns 0
T5F00 000:839.547 JLINK_CORESIGHT_ReadAPDPReg(AP reg 0x03)
T5F00 000:839.986   Value=0x00000002
T5F00 000:840.032 - 0.484ms returns 0
T5F00 000:840.062 JLINK_CORESIGHT_ReadAPDPReg(AP reg 0x03)
T5F00 000:840.436   Value=0x00000002
T5F00 000:840.463 - 0.401ms returns 0
T5F00 000:840.480 JLINK_CORESIGHT_ReadAPDPReg(AP reg 0x03)
T5F00 000:840.938   Value=0x00000002
T5F00 000:840.970 - 0.490ms returns 0
T5F00 000:840.989 JLINK_CORESIGHT_ReadAPDPReg(AP reg 0x03)
T5F00 000:841.425   Value=0x00000002
T5F00 000:841.446 - 0.457ms returns 0
T5F00 000:841.460 JLINK_CORESIGHT_ReadAPDPReg(AP reg 0x03)
T5F00 000:841.959   Value=0x00000002
T5F00 000:842.013 - 0.553ms returns 0
T5F00 000:842.025 JLINK_CORESIGHT_ReadAPDPReg(AP reg 0x03)
T5F00 000:842.641   Value=0x00000002
T5F00 000:842.670 - 0.644ms returns 0
T5F00 000:842.683 JLINK_CORESIGHT_ReadAPDPReg(AP reg 0x03)
T5F00 000:843.174   Value=0x00000002
T5F00 000:843.200 - 0.517ms returns 0
T5F00 000:843.215 JLINK_CORESIGHT_ReadAPDPReg(AP reg 0x03)
T5F00 000:843.650   Value=0x00000002
T5F00 000:843.667 - 0.452ms returns 0
T5F00 000:843.681 JLINK_CORESIGHT_ReadAPDPReg(AP reg 0x03)
T5F00 000:844.135   Value=0x00000002
T5F00 000:844.152 - 0.471ms returns 0
T5F00 000:844.165 JLINK_CORESIGHT_ReadAPDPReg(AP reg 0x03)
T5F00 000:844.651   Value=0x00000002
T5F00 000:844.672 - 0.506ms returns 0
T5F00 000:844.685 JLINK_CORESIGHT_ReadAPDPReg(AP reg 0x03)
T5F00 000:845.108   Value=0x00000000
T5F00 000:845.127 - 0.442ms returns 0
T5F00 000:845.142 JLINK_CORESIGHT_WriteAPDPReg(AP reg 0x00, 0x80000002)
T5F00 000:845.619 - 0.476ms returns 0
T5F00 000:845.641 JLINK_CORESIGHT_WriteAPDPReg(AP reg 0x01, 0x80011130)
T5F00 000:846.036 - 0.395ms returns 0
T5F00 000:846.057 JLINK_CORESIGHT_ReadAPDPReg(AP reg 0x03)
T5F00 000:846.609   Value=0x4E0A0081
T5F00 000:846.626 - 0.568ms returns 0
T5F00 000:846.640 JLINK_CORESIGHT_WriteAPDPReg(AP reg 0x00, 0x80000002)
T5F00 000:847.040 - 0.400ms returns 0
T5F00 000:847.083 JLINK_CORESIGHT_WriteAPDPReg(AP reg 0x01, 0x80011140)
T5F00 000:847.514 - 0.431ms returns 0
T5F00 000:847.541 JLINK_CORESIGHT_ReadAPDPReg(AP reg 0x03)
T5F00 000:848.005   Value=0x00000000
T5F00 000:848.027 - 0.486ms returns 0
T5F00 000:848.042 JLINK_CORESIGHT_WriteAPDPReg(AP reg 0x00, 0x80000002)
T5F00 000:848.448 - 0.405ms returns 0
T5F00 000:848.474 JLINK_CORESIGHT_WriteAPDPReg(AP reg 0x01, 0x80011130)
T5F00 000:848.790 - 0.316ms returns 0
T5F00 000:848.804 JLINK_CORESIGHT_ReadAPDPReg(AP reg 0x03)
T5F00 000:849.321   Value=0xFFFFFF00
T5F00 000:849.342 - 0.538ms returns 0
T5F00 000:849.357 JLINK_CORESIGHT_WriteAPDPReg(AP reg 0x00, 0x80000002)
T5F00 000:849.751 - 0.393ms returns 0
T5F00 000:849.765 JLINK_CORESIGHT_WriteAPDPReg(AP reg 0x01, 0x80011140)
T5F00 000:850.073 - 0.308ms returns 0
T5F00 000:850.094 JLINK_CORESIGHT_ReadAPDPReg(AP reg 0x03)
T5F00 000:850.461   Value=0x00000000
T5F00 000:850.478 - 0.384ms returns 0
T5F00 000:850.492 JLINK_CORESIGHT_WriteAPDPReg(AP reg 0x00, 0x80000002)
T5F00 000:850.929 - 0.436ms returns 0
T5F00 000:850.958 JLINK_CORESIGHT_WriteAPDPReg(AP reg 0x01, 0x80011130)
T5F00 000:851.406 - 0.446ms returns 0
T5F00 000:851.431 JLINK_CORESIGHT_ReadAPDPReg(AP reg 0x03)
T5F00 000:851.949   Value=0xFFFFFFFF
T5F00 000:851.978 - 0.546ms returns 0
T5F00 000:851.991 JLINK_CORESIGHT_WriteAPDPReg(AP reg 0x00, 0x80000002)
T5F00 000:852.353 - 0.360ms returns 0
T5F00 000:852.388 JLINK_CORESIGHT_WriteAPDPReg(AP reg 0x01, 0x80011140)
T5F00 000:852.868 - 0.478ms returns 0
T5F00 000:852.895 JLINK_CORESIGHT_ReadAPDPReg(AP reg 0x03)
T5F00 000:853.399   Value=0x00000000
T5F00 000:853.435 - 0.540ms returns 0
T5F00 000:853.448 JLINK_CORESIGHT_WriteAPDPReg(AP reg 0x00, 0x80000002)
T5F00 000:853.815 - 0.364ms returns 0
T5F00 000:853.842 JLINK_CORESIGHT_WriteAPDPReg(AP reg 0x01, 0x80011130)
T5F00 000:854.292 - 0.450ms returns 0
T5F00 000:854.306 JLINK_CORESIGHT_ReadAPDPReg(AP reg 0x03)
T5F00 000:854.714   Value=0x0003B0FF
T5F00 000:854.745 - 0.439ms returns 0
T5F00 000:854.789 JLINK_CORESIGHT_WriteAPDPReg(AP reg 0x00, 0x80000002)
T5F00 000:855.056 - 0.266ms returns 0
T5F00 000:855.071 JLINK_CORESIGHT_WriteAPDPReg(AP reg 0x01, 0x80011140)
T5F00 000:855.435 - 0.364ms returns 0
T5F00 000:855.461 JLINK_CORESIGHT_ReadAPDPReg(AP reg 0x03)
T5F00 000:855.935   Value=0x00000002
T5F00 000:855.954 - 0.493ms returns 0
T5F00 000:855.966 JLINK_CORESIGHT_WriteAPDPReg(AP reg 0x00, 0x80000002)
T5F00 000:856.388 - 0.421ms returns 0
T5F00 000:856.413 JLINK_CORESIGHT_WriteAPDPReg(AP reg 0x01, 0x80011120)
T5F00 000:856.756 - 0.341ms returns 0
T5F00 000:856.788 JLINK_CORESIGHT_WriteAPDPReg(AP reg 0x03, 0x4F010001)
T5F00 000:857.242 - 0.454ms returns 0
T5F00 000:857.257 JLINK_CORESIGHT_WriteAPDPReg(AP reg 0x00, 0x80000002)
T5F00 000:857.745 - 0.487ms returns 0
T5F00 000:857.758 JLINK_CORESIGHT_WriteAPDPReg(AP reg 0x01, 0x80011140)
T5F00 000:858.222 - 0.464ms returns 0
T5F00 000:858.235 JLINK_CORESIGHT_ReadAPDPReg(AP reg 0x03)
T5F00 000:858.813   Value=0x00000002
T5F00 000:858.847 - 0.611ms returns 0
T5F00 000:858.860 JLINK_CORESIGHT_WriteAPDPReg(AP reg 0x00, 0x80000002)
T5F00 000:859.246 - 0.385ms returns 0
T5F00 000:859.293 JLINK_CORESIGHT_WriteAPDPReg(AP reg 0x01, 0x80011120)
T5F00 000:859.747 - 0.452ms returns 0
T5F00 000:859.775 JLINK_CORESIGHT_WriteAPDPReg(AP reg 0x03, 0x000003B0)
T5F00 000:860.194 - 0.419ms returns 0
T5F00 000:860.206 JLINK_CORESIGHT_WriteAPDPReg(AP reg 0x00, 0x80000002)
T5F00 000:860.765 - 0.556ms returns 0
T5F00 000:860.791 JLINK_CORESIGHT_WriteAPDPReg(AP reg 0x01, 0x80011140)
T5F00 000:861.187 - 0.394ms returns 0
T5F00 000:861.213 JLINK_CORESIGHT_ReadAPDPReg(AP reg 0x03)
T5F00 000:861.723   Value=0x00000002
T5F00 000:861.754 - 0.540ms returns 0
T5F00 000:861.766 JLINK_CORESIGHT_ReadAPDPReg(AP reg 0x03)
T5F00 000:862.159   Value=0x00000000
T5F00 000:862.176 - 0.410ms returns 0
T5F00 000:862.188 JLINK_CORESIGHT_WriteAPDPReg(AP reg 0x00, 0x80000002)
T5F00 000:862.619 - 0.430ms returns 0
T5F00 000:862.632 JLINK_CORESIGHT_WriteAPDPReg(AP reg 0x01, 0x80011130)
T5F00 000:863.107 - 0.476ms returns 0
T5F00 000:863.122 JLINK_CORESIGHT_ReadAPDPReg(AP reg 0x03)
T5F00 000:863.644   Value=0x4F0B0081
T5F00 000:863.675 - 0.553ms returns 0
T5F00 000:863.688 JLINK_CORESIGHT_WriteAPDPReg(AP reg 0x00, 0x80000002)
T5F00 000:864.078 - 0.389ms returns 0
T5F00 000:864.107 JLINK_CORESIGHT_WriteAPDPReg(AP reg 0x01, 0x80011140)
T5F00 000:864.484 - 0.377ms returns 0
T5F00 000:864.499 JLINK_CORESIGHT_ReadAPDPReg(AP reg 0x03)
T5F00 000:864.864   Value=0x00000000
T5F00 000:864.881 - 0.381ms returns 0
T5F00 000:864.893 JLINK_CORESIGHT_WriteAPDPReg(AP reg 0x00, 0x80000002)
T5F00 000:865.301 - 0.407ms returns 0
T5F00 000:865.328 JLINK_CORESIGHT_WriteAPDPReg(AP reg 0x01, 0x80011130)
T5F00 000:865.798 - 0.470ms returns 0
T5F00 000:865.813 JLINK_CORESIGHT_ReadAPDPReg(AP reg 0x03)
T5F00 000:866.337   Value=0xC0000000
T5F00 000:866.353 - 0.540ms returns 0
T5F00 000:866.366 JLINK_CORESIGHT_WriteAPDPReg(AP reg 0x00, 0x80000002)
T5F00 000:866.767 - 0.401ms returns 0
T5F00 000:866.780 JLINK_CORESIGHT_WriteAPDPReg(AP reg 0x01, 0x80011140)
T5F00 000:867.161 - 0.381ms returns 0
T5F00 000:867.174 JLINK_CORESIGHT_ReadAPDPReg(AP reg 0x03)
T5F00 000:867.641   Value=0x00000000
T5F00 000:867.657 - 0.483ms returns 0
T5F00 000:867.669 JLINK_CORESIGHT_WriteAPDPReg(AP reg 0x00, 0x80000002)
T5F00 000:868.078 - 0.408ms returns 0
T5F00 000:868.094 JLINK_CORESIGHT_WriteAPDPReg(AP reg 0x01, 0x80011130)
T5F00 000:868.615 - 0.521ms returns 0
T5F00 000:868.628 JLINK_CORESIGHT_ReadAPDPReg(AP reg 0x03)
T5F00 000:869.078   Value=0x00000000
T5F00 000:869.094 - 0.466ms returns 0
T5F00 000:869.106 JLINK_CORESIGHT_WriteAPDPReg(AP reg 0x00, 0x80000002)
T5F00 000:869.513 - 0.407ms returns 0
T5F00 000:869.526 JLINK_CORESIGHT_WriteAPDPReg(AP reg 0x01, 0x80011140)
T5F00 000:869.909 - 0.383ms returns 0
T5F00 000:869.921 JLINK_CORESIGHT_ReadAPDPReg(AP reg 0x03)
T5F00 000:870.369   Value=0x00000000
T5F00 000:870.385 - 0.464ms returns 0
T5F00 000:870.397 JLINK_CORESIGHT_WriteAPDPReg(AP reg 0x00, 0x80000002)
T5F00 000:870.828 - 0.430ms returns 0
T5F00 000:870.841 JLINK_CORESIGHT_WriteAPDPReg(AP reg 0x01, 0x80011130)
T5F00 000:871.160 - 0.320ms returns 0
T5F00 000:871.173 JLINK_CORESIGHT_ReadAPDPReg(AP reg 0x03)
T5F00 000:871.695   Value=0x03E60000
T5F00 000:871.711 - 0.538ms returns 0
T5F00 000:871.858 JLINK_CORESIGHT_WriteAPDPReg(AP reg 0x00, 0x80000002)
T5F00 000:872.414 - 0.555ms returns 0
T5F00 000:872.446 JLINK_CORESIGHT_WriteAPDPReg(AP reg 0x01, 0x80011140)
T5F00 000:872.882 - 0.435ms returns 0
T5F00 000:872.912 JLINK_CORESIGHT_ReadAPDPReg(AP reg 0x03)
T5F00 000:873.337   Value=0x00000002
T5F00 000:873.362 - 0.449ms returns 0
T5F00 000:873.376 JLINK_CORESIGHT_WriteAPDPReg(AP reg 0x00, 0x80000002)
T5F00 000:873.746 - 0.370ms returns 0
T5F00 000:873.759 JLINK_CORESIGHT_WriteAPDPReg(AP reg 0x01, 0x80011120)
T5F00 000:874.196 - 0.437ms returns 0
T5F00 000:874.209 JLINK_CORESIGHT_WriteAPDPReg(AP reg 0x03, 0x4F010001)
T5F00 000:874.525 - 0.316ms returns 0
T5F00 000:874.538 JLINK_CORESIGHT_WriteAPDPReg(AP reg 0x00, 0x80000002)
T5F00 000:874.910 - 0.371ms returns 0
T5F00 000:874.922 JLINK_CORESIGHT_WriteAPDPReg(AP reg 0x01, 0x80011140)
T5F00 000:875.351 - 0.429ms returns 0
T5F00 000:875.372 JLINK_CORESIGHT_ReadAPDPReg(AP reg 0x03)
T5F00 000:875.879   Value=0x00000002
T5F00 000:875.896 - 0.525ms returns 0
T5F00 000:875.909 JLINK_CORESIGHT_WriteAPDPReg(AP reg 0x00, 0x80000002)
T5F00 000:876.336 - 0.426ms returns 0
T5F00 000:876.348 JLINK_CORESIGHT_WriteAPDPReg(AP reg 0x01, 0x80011120)
T5F00 000:876.651 - 0.303ms returns 0
T5F00 000:876.664 JLINK_CORESIGHT_WriteAPDPReg(AP reg 0x03, 0x000003B0)
T5F00 000:877.037 - 0.373ms returns 0
T5F00 000:877.050 JLINK_CORESIGHT_WriteAPDPReg(AP reg 0x00, 0x80000002)
T5F00 000:877.461 - 0.411ms returns 0
T5F00 000:877.474 JLINK_CORESIGHT_WriteAPDPReg(AP reg 0x01, 0x80011140)
T5F00 000:877.791 - 0.317ms returns 0
T5F00 000:877.804 JLINK_CORESIGHT_ReadAPDPReg(AP reg 0x03)
T5F00 000:878.211   Value=0x00000002
T5F00 000:878.227 - 0.423ms returns 0
T5F00 000:878.239 JLINK_CORESIGHT_ReadAPDPReg(AP reg 0x03)
T5F00 000:878.651   Value=0x00000002
T5F00 000:878.667 - 0.427ms returns 0
T5F00 000:878.679 JLINK_CORESIGHT_ReadAPDPReg(AP reg 0x03)
T5F00 000:879.138   Value=0x00000002
T5F00 000:879.154 - 0.475ms returns 0
T5F00 000:879.166 JLINK_CORESIGHT_ReadAPDPReg(AP reg 0x03)
T5F00 000:879.608   Value=0x00000002
T5F00 000:879.624 - 0.458ms returns 0
T5F00 000:879.636 JLINK_CORESIGHT_ReadAPDPReg(AP reg 0x03)
T5F00 000:880.093   Value=0x00000000
T5F00 000:880.113 - 0.477ms returns 0
T5F00 000:880.129 JLINK_CORESIGHT_WriteAPDPReg(AP reg 0x00, 0x80000002)
T5F00 000:880.534 - 0.405ms returns 0
T5F00 000:880.552 JLINK_CORESIGHT_WriteAPDPReg(AP reg 0x01, 0x80011130)
T5F00 000:881.004 - 0.453ms returns 0
T5F00 000:881.020 JLINK_CORESIGHT_ReadAPDPReg(AP reg 0x03)
T5F00 000:881.625   Value=0x4F0B0081
T5F00 000:881.652 - 0.631ms returns 0
T5F00 000:881.668 JLINK_CORESIGHT_WriteAPDPReg(AP reg 0x00, 0x80000002)
T5F00 000:882.170 - 0.501ms returns 0
T5F00 000:882.184 JLINK_CORESIGHT_WriteAPDPReg(AP reg 0x01, 0x80011140)
T5F00 000:882.826 - 0.641ms returns 0
T5F00 000:882.848 JLINK_CORESIGHT_ReadAPDPReg(AP reg 0x03)
T5F00 000:883.472   Value=0x00000000
T5F00 000:883.501 - 0.652ms returns 0
T5F00 000:883.515 JLINK_CORESIGHT_WriteAPDPReg(AP reg 0x00, 0x80000002)
T5F00 000:884.091 - 0.576ms returns 0
T5F00 000:884.108 JLINK_CORESIGHT_WriteAPDPReg(AP reg 0x01, 0x80011130)
T5F00 000:884.545 - 0.435ms returns 0
T5F00 000:884.571 JLINK_CORESIGHT_ReadAPDPReg(AP reg 0x03)
T5F00 000:885.115   Value=0xC0000000
T5F00 000:885.132 - 0.560ms returns 0
T5F00 000:885.145 JLINK_CORESIGHT_WriteAPDPReg(AP reg 0x00, 0x80000002)
T5F00 000:885.653 - 0.508ms returns 0
T5F00 000:885.668 JLINK_CORESIGHT_WriteAPDPReg(AP reg 0x01, 0x80011140)
T5F00 000:886.131 - 0.463ms returns 0
T5F00 000:886.146 JLINK_CORESIGHT_ReadAPDPReg(AP reg 0x03)
T5F00 000:886.636   Value=0x00000000
T5F00 000:886.668 - 0.522ms returns 0
T5F00 000:886.682 JLINK_CORESIGHT_WriteAPDPReg(AP reg 0x00, 0x80000002)
T5F00 000:887.158 - 0.474ms returns 0
T5F00 000:887.185 JLINK_CORESIGHT_WriteAPDPReg(AP reg 0x01, 0x80011130)
T5F00 000:887.636 - 0.449ms returns 0
T5F00 000:887.665 JLINK_CORESIGHT_ReadAPDPReg(AP reg 0x03)
T5F00 000:888.149   Value=0x00000000
T5F00 000:888.179 - 0.513ms returns 0
T5F00 000:888.192 JLINK_CORESIGHT_WriteAPDPReg(AP reg 0x00, 0x80000002)
T5F00 000:888.608 - 0.416ms returns 0
T5F00 000:888.623 JLINK_CORESIGHT_WriteAPDPReg(AP reg 0x01, 0x80011140)
T5F00 000:889.026 - 0.403ms returns 0
T5F00 000:889.041 JLINK_CORESIGHT_ReadAPDPReg(AP reg 0x03)
T5F00 000:889.448   Value=0x00000000
T5F00 000:889.465 - 0.424ms returns 0
T5F00 000:889.479 JLINK_CORESIGHT_WriteAPDPReg(AP reg 0x00, 0x80000002)
T5F00 000:889.861 - 0.382ms returns 0
T5F00 000:889.882 JLINK_CORESIGHT_WriteAPDPReg(AP reg 0x01, 0x80011130)
T5F00 000:890.369 - 0.484ms returns 0
T5F00 000:890.398 JLINK_CORESIGHT_ReadAPDPReg(AP reg 0x03)
T5F00 000:890.900   Value=0x03E60000
T5F00 000:890.933 - 0.534ms returns 0
T5F00 000:890.982 JLINK_CORESIGHT_ReadAPDPReg(DP reg 0x01)
T5F00 000:891.307   Value=0xF0000F40
T5F00 000:891.324 - 0.342ms returns 0
T5F00 000:891.337 JLINK_CORESIGHT_WriteAPDPReg(DP reg 0x01, 0xA0000F40)
T5F00 000:891.868 - 0.529ms returns 0
T5F00 000:891.891 JLINK_CORESIGHT_ReadAPDPReg(DP reg 0x01)
T5F00 000:892.333   Value=0x00000F40
T5F00 000:892.366 - 0.474ms returns 0
T5F00 000:892.378 JLINK_ClrRESET()
T5F00 000:892.887 - 0.508ms
T5F00 000:997.736 JLINK_Close()
T5F00 001:011.780 - 14.043ms
T5F00 001:011.840   
T5F00 001:011.856   Closed
