T7354 000:000.992   SEGGER J-Link V7.88d Log File
T7354 000:001.109   DLL Compiled: May 24 2023 15:18:11
T7354 000:001.124   Logging started @ 2023-07-07 08:10
T7354 000:001.139 - 1.147ms
T7354 000:001.161 JLINK_GetDLLVersion()
T7354 000:001.180 - 0.026ms returns 78804
T7354 000:001.963 JLINK_OpenEx(...)
T7354 000:016.466   Firmware: J-Link OB-S124 compiled May 10 2023 09:55:15
T7354 000:017.135   Firmware: J-Link OB-S124 compiled May 10 2023 09:55:15
T7354 000:044.567   Hardware: V1.00
T7354 000:044.802   S/N: 831110439
T7354 000:044.902   OEM: SEGGER
T7354 000:045.019   Feature(s): None
T7354 000:048.885   USB speed mode: Full speed (12 MBit/s)
T7354 000:050.801   TELNET listener socket opened on port 19021
T7354 000:051.913   WEBSRV WEBSRV_Init(): Starting webserver thread(s)
T7354 000:052.706   WEBSRV Webserver running on local port 19080
T7354 000:090.146 - 88.227ms returns "O.K."
T7354 000:090.274 JLINK_ExecCommand("ProjectFile=D:\my_workspace\fsp\06_working_with_board\15_check_usb\new_new\USBX_dfu_ek_ra6m5_ep\USBX_dfu_ek_ra6m5_ep\e2studio/USBX_dfu_ek_ra6m5_ep Debug_Flat.jlink", ...). 
T7354 000:106.697 - 16.455ms returns 0x00
T7354 000:107.308 JLINK_ExecCommand("device=R7FA6M5BH", ...). 
T7354 000:108.161   Flash bank @ 0x60000000: SFL: Parsing sectorization info from ELF file
T7354 000:108.196     FlashDevice.SectorInfo[0]: .SectorSize = 0x00010000, .SectorStartAddr = 0x00000000
T7354 000:111.709   Device "R7FA6M5BH" selected.
T7354 000:113.713 - 6.398ms returns 0x00
T7354 000:113.758 JLINK_ReadMem(0xE000EDF0, 0x4 Bytes, ...)
T7354 000:114.161   ConfigTargetSettings() start
T7354 000:114.199    J-Link Script File: Executing ConfigTargetSettings()
T7354 000:114.221   Configuring FlashDLNoRMWThreshold=0x200 in order to make sure that option bytes programming is done via read-modify-write
T7354 000:126.087   ConfigTargetSettings() end - Took 11.8ms
T7354 000:127.855   InitTarget() start
T7354 000:127.912    J-Link Script File: Executing InitTarget()
T7354 000:127.929   SWD selected. Executing JTAG -> SWD switching sequence.
T7354 000:135.843   DAP initialized successfully.
T7354 000:135.892   Determining TrustZone configuration...
T7354 000:139.963     Secure Debug: Enabled (SSD)
T7354 000:140.003   Determining currently configured transfer type by reading the AHB-AP CSW register.
T7354 000:143.159     --> Correct transfer type configured. Done.
T7354 000:143.197   InitTarget() end - Took 15.2ms
T7354 000:145.817   Found SW-DP with ID 0x6BA02477
T7354 000:154.693   DPIDR: 0x6BA02477
T7354 000:154.727   CoreSight SoC-400 or earlier
T7354 000:154.748   Scanning AP map to find all available APs
T7354 000:159.192   AP[2]: Stopped AP scan as end of AP map has been reached
T7354 000:159.244   AP[0]: AHB-AP (IDR: 0x84770001)
T7354 000:159.273   AP[1]: APB-AP (IDR: 0x54770002)
T7354 000:159.307   Iterating through AP map to find AHB-AP to use
T7354 000:163.643   AP[0]: Core found
T7354 000:163.678   AP[0]: AHB-AP ROM base: 0xE00FE000
T7354 000:166.127   CPUID register: 0x410FD214. Implementer code: 0x41 (ARM)
T7354 000:166.377   Feature set: Mainline
T7354 000:168.911   Cache: No cache
T7354 000:169.124   Found Cortex-M33 r0p4, Little endian.
T7354 000:170.604   -- Max. mem block: 0x00001618
T7354 000:174.027   CPU_ReadMem(4 bytes @ 0xE000EDF0)
T7354 000:176.854   CPU_ReadMem(4 bytes @ 0xE0002000)
T7354 000:179.706   FPUnit: 8 code (BP) slots and 0 literal slots
T7354 000:179.952   CPU_ReadMem(4 bytes @ 0xE000EDFC)
T7354 000:182.601   CPU_ReadMem(4 bytes @ 0xE0001000)
T7354 000:185.548   CPU_ReadMem(4 bytes @ 0xE0001000)
T7354 000:188.296   CPU_ReadMem(4 bytes @ 0xE0001028)
T7354 000:190.900   CPU_ReadMem(4 bytes @ 0xE0001038)
T7354 000:193.805   CPU_ReadMem(4 bytes @ 0xE0001048)
T7354 000:196.645   CPU_ReadMem(4 bytes @ 0xE0001058)
T7354 000:199.289   CPU_WriteMem(4 bytes @ 0xE0001000)
T7354 000:202.353   CPU_ReadMem(4 bytes @ 0xE000ED88)
T7354 000:205.296   CPU_WriteMem(4 bytes @ 0xE000ED88)
T7354 000:208.298   CPU_ReadMem(4 bytes @ 0xE000ED88)
T7354 000:211.179   CPU_WriteMem(4 bytes @ 0xE000ED88)
T7354 000:214.174   CPU_ReadMem(4 bytes @ 0xE000EFB8)
T7354 000:217.063   Security extension: implemented
T7354 000:217.300   Secure debug: enabled
T7354 000:217.399   CoreSight components:
T7354 000:217.535   ROMTbl[0] @ E00FE000
T7354 000:217.648   CPU_ReadMem(64 bytes @ 0xE00FE000)
T7354 000:224.239   CPU_ReadMem(32 bytes @ 0xE0044FE0)
T7354 000:229.135   CPU_ReadMem(4 bytes @ 0xE0044FBC)
T7354 000:232.066   CPU_ReadMem(4 bytes @ 0xE0044FCC)
T7354 000:234.699   [0][0]: E0044000 CID B105900D PID 005BB906 DEVARCH 00000000 DEVTYPE 14 CTI (?)
T7354 000:234.936   CPU_ReadMem(32 bytes @ 0xE0047FE0)
T7354 000:239.522   CPU_ReadMem(4 bytes @ 0xE0047FBC)
T7354 000:242.383   CPU_ReadMem(4 bytes @ 0xE0047FCC)
T7354 000:245.308   [0][1]: E0047000 CID B105900D PID 003BB908 DEVARCH 00000000 DEVTYPE 12 CSTF
T7354 000:245.545   CPU_ReadMem(32 bytes @ 0xE0048FE0)
T7354 000:249.927   CPU_ReadMem(4 bytes @ 0xE0048FBC)
T7354 000:252.859   CPU_ReadMem(4 bytes @ 0xE0048FCC)
T7354 000:255.688   [0][2]: E0048000 CID B105900D PID 001BB961 DEVARCH 00000000 DEVTYPE 21 ETB
T7354 000:255.931   CPU_ReadMem(32 bytes @ 0xE0049FE0)
T7354 000:260.506   [0][3]: E0049000 CID B105F00D PID 001BB101 TSG
T7354 000:260.755   CPU_ReadMem(32 bytes @ 0xE0040FE0)
T7354 000:265.469   CPU_ReadMem(4 bytes @ 0xE0040FBC)
T7354 000:268.328   CPU_ReadMem(4 bytes @ 0xE0040FCC)
T7354 000:271.093   [0][4]: E0040000 CID B105900D PID 000BBD21 DEVARCH 00000000 DEVTYPE 11 TPIU
T7354 000:271.344   CPU_ReadMem(32 bytes @ 0xE00FFFE0)
T7354 000:275.840   [0][5]: E00FF000 CID B105100D PID 000BB4C9 ROM Table
T7354 000:276.075   ROMTbl[1] @ E00FF000
T7354 000:276.187   CPU_ReadMem(64 bytes @ 0xE00FF000)
T7354 000:283.049   CPU_ReadMem(32 bytes @ 0xE000EFE0)
T7354 000:287.512   CPU_ReadMem(4 bytes @ 0xE000EFBC)
T7354 000:290.385   CPU_ReadMem(4 bytes @ 0xE000EFCC)
T7354 000:293.235   [1][0]: E000E000 CID B105900D PID 000BBD21 DEVARCH 47702A04 DEVTYPE 00 Cortex-M33
T7354 000:293.492   CPU_ReadMem(32 bytes @ 0xE0001FE0)
T7354 000:298.194   CPU_ReadMem(4 bytes @ 0xE0001FBC)
T7354 000:300.766   CPU_ReadMem(4 bytes @ 0xE0001FCC)
T7354 000:303.533   [1][1]: E0001000 CID B105900D PID 000BBD21 DEVARCH 47701A02 DEVTYPE 00 DWT
T7354 000:303.775   CPU_ReadMem(32 bytes @ 0xE0002FE0)
T7354 000:308.387   CPU_ReadMem(4 bytes @ 0xE0002FBC)
T7354 000:311.320   CPU_ReadMem(4 bytes @ 0xE0002FCC)
T7354 000:314.211   [1][2]: E0002000 CID B105900D PID 000BBD21 DEVARCH 47701A03 DEVTYPE 00 FPB
T7354 000:314.672   CPU_ReadMem(32 bytes @ 0xE0000FE0)
T7354 000:319.278   CPU_ReadMem(4 bytes @ 0xE0000FBC)
T7354 000:322.145   CPU_ReadMem(4 bytes @ 0xE0000FCC)
T7354 000:324.779   [1][3]: E0000000 CID B105900D PID 000BBD21 DEVARCH 47701A01 DEVTYPE 43 ITM
T7354 000:325.022   CPU_ReadMem(32 bytes @ 0xE0041FE0)
T7354 000:329.659   CPU_ReadMem(4 bytes @ 0xE0041FBC)
T7354 000:332.379   CPU_ReadMem(4 bytes @ 0xE0041FCC)
T7354 000:334.908   [1][5]: E0041000 CID B105900D PID 002BBD21 DEVARCH 47724A13 DEVTYPE 13 ETM
T7354 000:335.096   CPU_ReadMem(32 bytes @ 0xE0042FE0)
T7354 000:339.740   CPU_ReadMem(4 bytes @ 0xE0042FBC)
T7354 000:342.312   CPU_ReadMem(4 bytes @ 0xE0042FCC)
T7354 000:344.894   [1][6]: E0042000 CID B105900D PID 000BBD21 DEVARCH 47701A14 DEVTYPE 14 CSS600-CTI
T7354 000:345.072   CPU_ReadMem(4 bytes @ 0xE000EDF0)
T7354 000:347.602   Data:  03 00 13 00
T7354 000:347.675   Debug reg: DHCSR
T7354 000:347.698 - 233.947ms returns 0
T7354 000:347.729 JLINK_ReadMem(0x400E002C, 0x4 Bytes, ...)
T7354 000:347.759   CPU_ReadMem(4 bytes @ 0x400E002C)
T7354 000:350.326   Data:  02 00 00 00
T7354 000:350.397 - 2.678ms returns 0
T7354 000:350.458 JLINK_ReadMem(0xE000EDF0, 0x4 Bytes, ...)
T7354 000:350.505   CPU_ReadMem(4 bytes @ 0xE000EDF0)
T7354 000:353.070   Data:  03 00 13 00
T7354 000:353.143   Debug reg: DHCSR
T7354 000:353.171 - 2.721ms returns 0
T7354 000:353.317 JLINK_ReadMem(0xE000EDF0, 0x4 Bytes, ...)
T7354 000:353.367   CPU_ReadMem(4 bytes @ 0xE000EDF0)
T7354 000:355.916   Data:  03 00 13 00
T7354 000:355.995   Debug reg: DHCSR
T7354 000:356.031 - 2.722ms returns 0
T7354 000:356.056 JLINK_ReadMem(0x400E001C, 0x4 Bytes, ...)
T7354 000:356.084   CPU_ReadMem(4 bytes @ 0x400E001C)
T7354 000:358.582   Data:  00 00 20 00
T7354 000:358.653 - 2.606ms returns 0
T7354 000:358.687 JLINK_ReadMem(0xE000EDF0, 0x4 Bytes, ...)
T7354 000:358.717   CPU_ReadMem(4 bytes @ 0xE000EDF0)
T7354 000:360.882   Data:  03 00 13 00
T7354 000:360.958   Debug reg: DHCSR
T7354 000:360.983 - 2.305ms returns 0
T7354 000:361.009 JLINK_ReadMem(0x400E0018, 0x4 Bytes, ...)
T7354 000:361.038   CPU_ReadMem(4 bytes @ 0x400E0018)
T7354 000:363.581   Data:  00 00 20 00
T7354 000:363.652 - 2.651ms returns 0
T7354 000:363.685 JLINK_ReadMem(0xE000EDF0, 0x4 Bytes, ...)
T7354 000:363.714   CPU_ReadMem(4 bytes @ 0xE000EDF0)
T7354 000:366.309   Data:  03 00 13 00
T7354 000:366.381   Debug reg: DHCSR
T7354 000:366.403 - 2.725ms returns 0
T7354 000:366.429 JLINK_ReadMem(0x400E0020, 0x4 Bytes, ...)
T7354 000:366.457   CPU_ReadMem(4 bytes @ 0x400E0020)
T7354 000:368.709   Data:  00 20 00 00
T7354 000:368.782 - 2.361ms returns 0
T7354 000:368.817 JLINK_ReadMem(0xE000EDF0, 0x4 Bytes, ...)
T7354 000:368.847   CPU_ReadMem(4 bytes @ 0xE000EDF0)
T7354 000:371.335   Data:  03 00 13 00
T7354 000:371.411   Debug reg: DHCSR
T7354 000:371.438 - 2.630ms returns 0
T7354 000:371.464 JLINK_ReadMem(0x400E0028, 0x4 Bytes, ...)
T7354 000:371.493   CPU_ReadMem(4 bytes @ 0x400E0028)
T7354 000:374.046   Data:  00 C0 07 00
T7354 000:374.140 - 2.685ms returns 0
T7354 000:374.178 JLINK_ReadMem(0xE000EDF0, 0x4 Bytes, ...)
T7354 000:374.213   CPU_ReadMem(4 bytes @ 0xE000EDF0)
T7354 000:376.496   Data:  03 00 13 00
T7354 000:376.621   Debug reg: DHCSR
T7354 000:376.656 - 2.487ms returns 0
T7354 000:376.684 JLINK_ReadMem(0x400E0024, 0x4 Bytes, ...)
T7354 000:376.727   CPU_ReadMem(4 bytes @ 0x400E0024)
T7354 000:379.169   Data:  00 C0 07 00
T7354 000:379.262 - 2.588ms returns 0
T7354 000:379.305 JLINK_ReadMem(0xE000EDF0, 0x4 Bytes, ...)
T7354 000:379.339   CPU_ReadMem(4 bytes @ 0xE000EDF0)
T7354 000:381.872   Data:  03 00 13 00
T7354 000:381.953   Debug reg: DHCSR
T7354 000:381.982 - 2.686ms returns 0
T7354 000:382.019 JLINK_ReadMem(0x400E002C, 0x4 Bytes, ...)
T7354 000:382.054   CPU_ReadMem(4 bytes @ 0x400E002C)
T7354 000:384.584   Data:  02 00 00 00
T7354 000:384.669 - 2.660ms returns 0
T7354 000:384.712 JLINK_ReadMem(0xE000EDF0, 0x4 Bytes, ...)
T7354 000:384.752   CPU_ReadMem(4 bytes @ 0xE000EDF0)
T7354 000:386.949   Data:  03 00 13 00
T7354 000:387.030   Debug reg: DHCSR
T7354 000:387.062 - 2.360ms returns 0
T7354 000:387.096 JLINK_ReadMem(0x400E002C, 0x4 Bytes, ...)
T7354 000:387.134   CPU_ReadMem(4 bytes @ 0x400E002C)
T7354 000:389.651   Data:  02 00 00 00
T7354 000:389.742 - 2.657ms returns 0
T7354 000:397.395 JLINK_Close()
T7354 000:438.270 - 40.928ms
T7354 000:438.338   
T7354 000:438.363   Closed
