T4568 000:000.729   SEGGER J-Link V7.92j Log File
T4568 000:000.860   DLL Compiled: Oct 12 2023 14:38:59
T4568 000:000.873   Logging started @ 2023-12-05 07:53
T4568 000:000.885   Process: C:\Users\a5099044\.eclipse\com.renesas.platform_1437746368\DebugComp\RA\e2-server-gdb.exe
T4568 000:000.899 - 0.897ms
T4568 000:000.916 JLINK_GetDLLVersion()
T4568 000:000.930 - 0.013ms returns 79210
T4568 000:001.678 JLINK_OpenEx(...)
T4568 000:012.538   Firmware: J-Link OB-RA4M2 compiled Sep 13 2023 14:47:46
T4568 000:013.100   Firmware: J-Link OB-RA4M2 compiled Sep 13 2023 14:47:46
T4568 000:028.327   Hardware: V1.00
T4568 000:028.399   S/N: 1082859018
T4568 000:028.417   OEM: SEGGER
T4568 000:028.440   Feature(s): None
T4568 000:029.677   Bootloader: 2021 May 14
T4568 000:030.362   USB speed mode: Full speed (12 MBit/s)
T4568 000:031.024   TELNET listener socket opened on port 19021
T4568 000:031.263   WEBSRV WEBSRV_Init(): Starting webserver thread(s)
T4568 000:031.577   WEBSRV Webserver running on local port 19080
T4568 000:031.782   Looking for J-Link GUI Server exe at: C:\Users\a5099044\.eclipse\com.renesas.platform_1437746368\DebugComp\RA\ARM\Segger_v7.92.10\JLinkGUIServer.exe
T4568 000:031.942   Looking for J-Link GUI Server exe at: \JLinkGUIServer.exe
T4568 000:333.527   Failed to connect to J-Link GUI Server.
T4568 000:333.633 - 331.946ms returns "O.K."
T4568 000:333.952 JLINK_TIF_Select(JLINKARM_TIF_SWD)
T4568 000:335.310 - 1.357ms returns 0x00
T4568 000:335.374 JLINK_ClrRESET()
T4568 000:335.954 - 0.579ms
T4568 000:387.105 JLINK_SetSpeed(1500)
T4568 000:387.535 - 0.432ms
T4568 000:387.618 JLINK_CORESIGHT_Configure(PerformTIFInit=0)
T4568 000:388.131 - 0.517ms returns 0
T4568 000:388.191 JLINK_CORESIGHT_ReadAPDPReg(DP reg 0x00)
T4568 000:388.903   Value=0x6BA02477
T4568 000:388.980 - 0.788ms returns 0
T4568 000:389.002 JLINK_CORESIGHT_WriteAPDPReg(DP reg 0x00, 0x0000001F)
T4568 000:389.385 - 0.382ms returns 0
T4568 000:389.419 JLINK_CORESIGHT_ReadAPDPReg(DP reg 0x00)
T4568 000:389.799   Value=0x6BA02477
T4568 000:389.833 - 0.413ms returns 0
T4568 000:389.862 JLINK_CORESIGHT_WriteAPDPReg(DP reg 0x02, 0x00000000)
T4568 000:390.214 - 0.352ms returns 0
T4568 000:390.249 JLINK_CORESIGHT_WriteAPDPReg(DP reg 0x01, 0x50000000)
T4568 000:390.552 - 0.302ms returns 0
T4568 000:390.594 JLINK_CORESIGHT_ReadAPDPReg(DP reg 0x01)
T4568 000:390.977   Value=0xF0000040
T4568 000:391.012 - 0.417ms returns 0
T4568 000:391.029 JLINK_CORESIGHT_WriteAPDPReg(DP reg 0x00, 0x0000001F)
T4568 000:391.344 - 0.315ms returns 0
T4568 000:391.408 JLINK_CORESIGHT_ReadAPDPReg(DP reg 0x00)
T4568 000:391.675   Value=0x6BA02477
T4568 000:391.713 - 0.304ms returns 0
T4568 000:391.733 JLINK_CORESIGHT_WriteAPDPReg(DP reg 0x01, 0x54000000)
T4568 000:392.118 - 0.384ms returns 0
T4568 000:392.179 JLINK_CORESIGHT_WriteAPDPReg(DP reg 0x01, 0x50000F00)
T4568 000:392.530 - 0.350ms returns 0
T4568 000:392.584 JLINK_CORESIGHT_WriteAPDPReg(DP reg 0x02, 0x01000000)
T4568 000:392.931 - 0.346ms returns 0
T4568 000:392.950 JLINK_CORESIGHT_WriteAPDPReg(AP reg 0x00, 0x80000002)
T4568 000:393.264 - 0.313ms returns 0
T4568 000:393.282 JLINK_CORESIGHT_WriteAPDPReg(AP reg 0x01, 0x80011100)
T4568 000:393.592 - 0.309ms returns 0
T4568 000:393.609 JLINK_CORESIGHT_WriteAPDPReg(AP reg 0x03, 0x000000A5)
T4568 000:393.943 - 0.333ms returns 0
T4568 000:393.989 JLINK_CORESIGHT_WriteAPDPReg(AP reg 0x00, 0x80000002)
T4568 000:394.227 - 0.238ms returns 0
T4568 000:394.246 JLINK_CORESIGHT_WriteAPDPReg(AP reg 0x01, 0x80011100)
T4568 000:394.515 - 0.268ms returns 0
T4568 000:394.531 JLINK_CORESIGHT_ReadAPDPReg(AP reg 0x03)
T4568 000:394.923   Value=0x000000A5
T4568 000:394.944 - 0.413ms returns 0
T4568 000:394.970 JLINK_ClrTMS()
T4568 000:395.059 - 0.090ms
T4568 000:400.887 JLINK_SetTCK()
T4568 000:401.094 - 0.207ms returns 0
T4568 000:406.244 JLINK_SetRESET()
T4568 000:406.456 - 0.212ms
T4568 000:606.629 JLINK_CORESIGHT_WriteAPDPReg(AP reg 0x00, 0x80000002)
T4568 000:607.080 - 0.452ms returns 0
T4568 000:607.116 JLINK_CORESIGHT_WriteAPDPReg(AP reg 0x01, 0x80011100)
T4568 000:607.460 - 0.343ms returns 0
T4568 000:607.499 JLINK_CORESIGHT_ReadAPDPReg(AP reg 0x03)
T4568 000:607.814   Value=0x00000000
T4568 000:607.861 - 0.361ms returns 0
T4568 000:607.879 JLINK_CORESIGHT_WriteAPDPReg(AP reg 0x00, 0x80000002)
T4568 000:608.231 - 0.352ms returns 0
T4568 000:608.269 JLINK_CORESIGHT_WriteAPDPReg(AP reg 0x01, 0x80011140)
T4568 000:608.650 - 0.381ms returns 0
T4568 000:608.683 JLINK_CORESIGHT_ReadAPDPReg(AP reg 0x03)
T4568 000:609.131   Value=0x00000002
T4568 000:609.167 - 0.484ms returns 0
T4568 000:609.182 JLINK_CORESIGHT_WriteAPDPReg(AP reg 0x00, 0x80000002)
T4568 000:609.547 - 0.364ms returns 0
T4568 000:609.582 JLINK_CORESIGHT_WriteAPDPReg(AP reg 0x01, 0x80011120)
T4568 000:609.957 - 0.374ms returns 0
T4568 000:609.987 JLINK_CORESIGHT_WriteAPDPReg(AP reg 0x03, 0x00000055)
T4568 000:610.413 - 0.425ms returns 0
T4568 000:610.450 JLINK_CORESIGHT_WriteAPDPReg(AP reg 0x00, 0x80000002)
T4568 000:610.864 - 0.413ms returns 0
T4568 000:610.897 JLINK_CORESIGHT_WriteAPDPReg(AP reg 0x01, 0x80011140)
T4568 000:611.314 - 0.417ms returns 0
T4568 000:611.345 JLINK_CORESIGHT_ReadAPDPReg(AP reg 0x03)
T4568 000:611.780   Value=0x00000000
T4568 000:611.820 - 0.474ms returns 0
T4568 000:611.836 JLINK_CORESIGHT_WriteAPDPReg(AP reg 0x00, 0x80000002)
T4568 000:612.112 - 0.275ms returns 0
T4568 000:612.146 JLINK_CORESIGHT_WriteAPDPReg(AP reg 0x01, 0x80011130)
T4568 000:612.407 - 0.261ms returns 0
T4568 000:612.441 JLINK_CORESIGHT_ReadAPDPReg(AP reg 0x03)
T4568 000:612.758   Value=0x000000C6
T4568 000:612.796 - 0.354ms returns 0
T4568 000:612.818 JLINK_CORESIGHT_WriteAPDPReg(AP reg 0x00, 0x80000002)
T4568 000:613.085 - 0.267ms returns 0
T4568 000:613.120 JLINK_CORESIGHT_WriteAPDPReg(AP reg 0x01, 0x80011140)
T4568 000:613.386 - 0.266ms returns 0
T4568 000:613.424 JLINK_CORESIGHT_ReadAPDPReg(AP reg 0x03)
T4568 000:613.786   Value=0x00000002
T4568 000:613.828 - 0.403ms returns 0
T4568 000:613.845 JLINK_CORESIGHT_WriteAPDPReg(AP reg 0x00, 0x80000002)
T4568 000:614.120 - 0.274ms returns 0
T4568 000:614.154 JLINK_CORESIGHT_WriteAPDPReg(AP reg 0x01, 0x80011120)
T4568 000:614.414 - 0.259ms returns 0
T4568 000:614.448 JLINK_CORESIGHT_WriteAPDPReg(AP reg 0x03, 0x3A010001)
T4568 000:614.797 - 0.348ms returns 0
T4568 000:614.831 JLINK_CORESIGHT_WriteAPDPReg(AP reg 0x00, 0x80000002)
T4568 000:615.060 - 0.228ms returns 0
T4568 000:615.080 JLINK_CORESIGHT_WriteAPDPReg(AP reg 0x01, 0x80011140)
T4568 000:615.308 - 0.228ms returns 0
T4568 000:615.332 JLINK_CORESIGHT_ReadAPDPReg(AP reg 0x03)
T4568 000:615.604   Value=0x00000002
T4568 000:615.629 - 0.297ms returns 0
T4568 000:615.644 JLINK_CORESIGHT_WriteAPDPReg(AP reg 0x00, 0x80000002)
T4568 000:616.072 - 0.427ms returns 0
T4568 000:616.095 JLINK_CORESIGHT_WriteAPDPReg(AP reg 0x01, 0x80011120)
T4568 000:616.327 - 0.231ms returns 0
T4568 000:616.353 JLINK_CORESIGHT_WriteAPDPReg(AP reg 0x03, 0x000003C5)
T4568 000:616.635 - 0.280ms returns 0
T4568 000:616.710 JLINK_CORESIGHT_WriteAPDPReg(AP reg 0x00, 0x80000002)
T4568 000:617.067 - 0.356ms returns 0
T4568 000:617.097 JLINK_CORESIGHT_WriteAPDPReg(AP reg 0x01, 0x80011140)
T4568 000:617.384 - 0.286ms returns 0
T4568 000:617.406 JLINK_CORESIGHT_ReadAPDPReg(AP reg 0x03)
T4568 000:617.791   Value=0x00000002
T4568 000:617.832 - 0.425ms returns 0
T4568 000:617.852 JLINK_CORESIGHT_ReadAPDPReg(AP reg 0x03)
T4568 000:618.197   Value=0x00000002
T4568 000:618.225 - 0.372ms returns 0
T4568 000:618.243 JLINK_CORESIGHT_ReadAPDPReg(AP reg 0x03)
T4568 000:618.570   Value=0x00000002
T4568 000:618.594 - 0.351ms returns 0
T4568 000:618.609 JLINK_CORESIGHT_ReadAPDPReg(AP reg 0x03)
T4568 000:618.931   Value=0x00000002
T4568 000:618.954 - 0.344ms returns 0
T4568 000:618.968 JLINK_CORESIGHT_ReadAPDPReg(AP reg 0x03)
T4568 000:619.238   Value=0x00000002
T4568 000:619.259 - 0.291ms returns 0
T4568 000:619.274 JLINK_CORESIGHT_ReadAPDPReg(AP reg 0x03)
T4568 000:619.510   Value=0x00000002
T4568 000:619.532 - 0.258ms returns 0
T4568 000:619.546 JLINK_CORESIGHT_ReadAPDPReg(AP reg 0x03)
T4568 000:619.801   Value=0x00000002
T4568 000:619.825 - 0.279ms returns 0
T4568 000:619.841 JLINK_CORESIGHT_ReadAPDPReg(AP reg 0x03)
T4568 000:620.082   Value=0x00000002
T4568 000:620.103 - 0.262ms returns 0
T4568 000:620.117 JLINK_CORESIGHT_ReadAPDPReg(AP reg 0x03)
T4568 000:620.389   Value=0x00000002
T4568 000:620.413 - 0.295ms returns 0
T4568 000:620.427 JLINK_CORESIGHT_ReadAPDPReg(AP reg 0x03)
T4568 000:620.725   Value=0x00000000
T4568 000:620.778 - 0.351ms returns 0
T4568 000:620.797 JLINK_CORESIGHT_WriteAPDPReg(AP reg 0x00, 0x80000002)
T4568 000:621.024 - 0.226ms returns 0
T4568 000:621.067 JLINK_CORESIGHT_WriteAPDPReg(AP reg 0x01, 0x80011130)
T4568 000:621.286 - 0.218ms returns 0
T4568 000:621.308 JLINK_CORESIGHT_ReadAPDPReg(AP reg 0x03)
T4568 000:621.578   Value=0x3A2A0081
T4568 000:621.600 - 0.292ms returns 0
T4568 000:621.616 JLINK_CORESIGHT_WriteAPDPReg(AP reg 0x00, 0x80000002)
T4568 000:621.837 - 0.221ms returns 0
T4568 000:621.853 JLINK_CORESIGHT_WriteAPDPReg(AP reg 0x01, 0x80011140)
T4568 000:622.067 - 0.213ms returns 0
T4568 000:622.084 JLINK_CORESIGHT_ReadAPDPReg(AP reg 0x03)
T4568 000:622.348   Value=0x00000000
T4568 000:622.370 - 0.286ms returns 0
T4568 000:622.384 JLINK_CORESIGHT_WriteAPDPReg(AP reg 0x00, 0x80000002)
T4568 000:622.610 - 0.225ms returns 0
T4568 000:622.626 JLINK_CORESIGHT_WriteAPDPReg(AP reg 0x01, 0x80011130)
T4568 000:622.836 - 0.209ms returns 0
T4568 000:622.851 JLINK_CORESIGHT_ReadAPDPReg(AP reg 0x03)
T4568 000:623.111   Value=0x808D5B00
T4568 000:623.132 - 0.280ms returns 0
T4568 000:623.148 JLINK_CORESIGHT_WriteAPDPReg(AP reg 0x00, 0x80000002)
T4568 000:623.358 - 0.210ms returns 0
T4568 000:623.374 JLINK_CORESIGHT_WriteAPDPReg(AP reg 0x01, 0x80011140)
T4568 000:623.581 - 0.207ms returns 0
T4568 000:623.597 JLINK_CORESIGHT_ReadAPDPReg(AP reg 0x03)
T4568 000:623.890   Value=0x00000000
T4568 000:623.932 - 0.335ms returns 0
T4568 000:623.947 JLINK_CORESIGHT_WriteAPDPReg(AP reg 0x00, 0x80000002)
T4568 000:624.155 - 0.208ms returns 0
T4568 000:624.171 JLINK_CORESIGHT_WriteAPDPReg(AP reg 0x01, 0x80011130)
T4568 000:624.385 - 0.213ms returns 0
T4568 000:624.401 JLINK_CORESIGHT_ReadAPDPReg(AP reg 0x03)
T4568 000:624.746   Value=0x0603030B
T4568 000:624.770 - 0.368ms returns 0
T4568 000:624.785 JLINK_CORESIGHT_WriteAPDPReg(AP reg 0x00, 0x80000002)
T4568 000:624.999 - 0.214ms returns 0
T4568 000:625.016 JLINK_CORESIGHT_WriteAPDPReg(AP reg 0x01, 0x80011140)
T4568 000:625.434 - 0.417ms returns 0
T4568 000:625.520 JLINK_CORESIGHT_ReadAPDPReg(AP reg 0x03)
T4568 000:625.894   Value=0x00000000
T4568 000:625.930 - 0.411ms returns 0
T4568 000:625.947 JLINK_CORESIGHT_WriteAPDPReg(AP reg 0x00, 0x80000002)
T4568 000:626.168 - 0.220ms returns 0
T4568 000:626.185 JLINK_CORESIGHT_WriteAPDPReg(AP reg 0x01, 0x80011130)
T4568 000:626.394 - 0.208ms returns 0
T4568 000:626.410 JLINK_CORESIGHT_ReadAPDPReg(AP reg 0x03)
T4568 000:626.744   Value=0x2E4B4E20
T4568 000:626.779 - 0.368ms returns 0
T4568 000:626.796 JLINK_CORESIGHT_WriteAPDPReg(AP reg 0x00, 0x80000002)
T4568 000:627.025 - 0.229ms returns 0
T4568 000:627.045 JLINK_CORESIGHT_WriteAPDPReg(AP reg 0x01, 0x80011140)
T4568 000:627.276 - 0.231ms returns 0
T4568 000:627.294 JLINK_CORESIGHT_ReadAPDPReg(AP reg 0x03)
T4568 000:627.571   Value=0x00000000
T4568 000:627.594 - 0.300ms returns 0
T4568 000:627.610 JLINK_CORESIGHT_WriteAPDPReg(AP reg 0x00, 0x80000002)
T4568 000:627.841 - 0.231ms returns 0
T4568 000:627.859 JLINK_CORESIGHT_WriteAPDPReg(AP reg 0x01, 0x80011130)
T4568 000:628.076 - 0.216ms returns 0
T4568 000:628.094 JLINK_CORESIGHT_ReadAPDPReg(AP reg 0x03)
T4568 000:628.354   Value=0x4EEB4692
T4568 000:628.375 - 0.281ms returns 0
T4568 000:628.391 JLINK_CORESIGHT_WriteAPDPReg(AP reg 0x00, 0x80000002)
T4568 000:628.615 - 0.223ms returns 0
T4568 000:628.633 JLINK_CORESIGHT_WriteAPDPReg(AP reg 0x01, 0x80011140)
T4568 000:628.861 - 0.228ms returns 0
T4568 000:628.879 JLINK_CORESIGHT_ReadAPDPReg(AP reg 0x03)
T4568 000:629.152   Value=0x00000000
T4568 000:629.179 - 0.300ms returns 0
T4568 000:629.199 JLINK_CORESIGHT_WriteAPDPReg(AP reg 0x00, 0x80000002)
T4568 000:629.426 - 0.227ms returns 0
T4568 000:629.444 JLINK_CORESIGHT_WriteAPDPReg(AP reg 0x01, 0x80011130)
T4568 000:629.726 - 0.281ms returns 0
T4568 000:629.745 JLINK_CORESIGHT_ReadAPDPReg(AP reg 0x03)
T4568 000:630.016   Value=0x34503036
T4568 000:630.037 - 0.292ms returns 0
T4568 000:630.054 JLINK_CORESIGHT_WriteAPDPReg(AP reg 0x00, 0x80000002)
T4568 000:630.271 - 0.217ms returns 0
T4568 000:630.291 JLINK_CORESIGHT_WriteAPDPReg(AP reg 0x01, 0x80011140)
T4568 000:630.521 - 0.229ms returns 0
T4568 000:630.539 JLINK_CORESIGHT_ReadAPDPReg(AP reg 0x03)
T4568 000:630.820   Value=0x00000000
T4568 000:630.841 - 0.301ms returns 0
T4568 000:630.857 JLINK_CORESIGHT_WriteAPDPReg(AP reg 0x00, 0x80000002)
T4568 000:631.081 - 0.224ms returns 0
T4568 000:631.099 JLINK_CORESIGHT_WriteAPDPReg(AP reg 0x01, 0x80011130)
T4568 000:631.325 - 0.226ms returns 0
T4568 000:631.344 JLINK_CORESIGHT_ReadAPDPReg(AP reg 0x03)
T4568 000:631.611   Value=0x71142D36
T4568 000:631.632 - 0.288ms returns 0
T4568 000:631.648 JLINK_CORESIGHT_WriteAPDPReg(AP reg 0x00, 0x80000002)
T4568 000:631.873 - 0.224ms returns 0
T4568 000:631.891 JLINK_CORESIGHT_WriteAPDPReg(AP reg 0x01, 0x80011140)
T4568 000:632.110 - 0.218ms returns 0
T4568 000:632.128 JLINK_CORESIGHT_ReadAPDPReg(AP reg 0x03)
T4568 000:632.392   Value=0x00000000
T4568 000:632.413 - 0.285ms returns 0
T4568 000:632.429 JLINK_CORESIGHT_WriteAPDPReg(AP reg 0x00, 0x80000002)
T4568 000:632.720 - 0.291ms returns 0
T4568 000:632.738 JLINK_CORESIGHT_WriteAPDPReg(AP reg 0x01, 0x80011130)
T4568 000:632.963 - 0.224ms returns 0
T4568 000:632.981 JLINK_CORESIGHT_ReadAPDPReg(AP reg 0x03)
T4568 000:633.263   Value=0x4637528A
T4568 000:633.288 - 0.307ms returns 0
T4568 000:633.304 JLINK_CORESIGHT_WriteAPDPReg(AP reg 0x00, 0x80000002)
T4568 000:633.523 - 0.218ms returns 0
T4568 000:633.541 JLINK_CORESIGHT_WriteAPDPReg(AP reg 0x01, 0x80011140)
T4568 000:633.770 - 0.229ms returns 0
T4568 000:633.788 JLINK_CORESIGHT_ReadAPDPReg(AP reg 0x03)
T4568 000:634.057   Value=0x00000000
T4568 000:634.080 - 0.292ms returns 0
T4568 000:634.096 JLINK_CORESIGHT_WriteAPDPReg(AP reg 0x00, 0x80000002)
T4568 000:634.319 - 0.222ms returns 0
T4568 000:634.340 JLINK_CORESIGHT_WriteAPDPReg(AP reg 0x01, 0x80011130)
T4568 000:634.568 - 0.228ms returns 0
T4568 000:634.586 JLINK_CORESIGHT_ReadAPDPReg(AP reg 0x03)
T4568 000:634.889   Value=0x314D3841
T4568 000:634.934 - 0.347ms returns 0
T4568 000:634.950 JLINK_CORESIGHT_WriteAPDPReg(AP reg 0x00, 0x80000002)
T4568 000:635.172 - 0.222ms returns 0
T4568 000:635.190 JLINK_CORESIGHT_WriteAPDPReg(AP reg 0x01, 0x80011140)
T4568 000:635.415 - 0.225ms returns 0
T4568 000:635.434 JLINK_CORESIGHT_ReadAPDPReg(AP reg 0x03)
T4568 000:635.720   Value=0x00000000
T4568 000:635.742 - 0.307ms returns 0
T4568 000:635.759 JLINK_CORESIGHT_WriteAPDPReg(AP reg 0x00, 0x80000002)
T4568 000:635.974 - 0.214ms returns 0
T4568 000:635.992 JLINK_CORESIGHT_WriteAPDPReg(AP reg 0x01, 0x80011130)
T4568 000:636.254 - 0.261ms returns 0
T4568 000:636.326 JLINK_CORESIGHT_ReadAPDPReg(AP reg 0x03)
T4568 000:636.640   Value=0x43454841
T4568 000:636.680 - 0.354ms returns 0
T4568 000:636.718 JLINK_CORESIGHT_WriteAPDPReg(AP reg 0x00, 0x80000002)
T4568 000:636.961 - 0.244ms returns 0
T4568 000:636.988 JLINK_CORESIGHT_WriteAPDPReg(AP reg 0x01, 0x80011140)
T4568 000:637.211 - 0.222ms returns 0
T4568 000:637.245 JLINK_CORESIGHT_ReadAPDPReg(AP reg 0x03)
T4568 000:637.519   Value=0x00000000
T4568 000:637.551 - 0.306ms returns 0
T4568 000:637.569 JLINK_CORESIGHT_WriteAPDPReg(AP reg 0x00, 0x80000002)
T4568 000:637.841 - 0.272ms returns 0
T4568 000:637.863 JLINK_CORESIGHT_WriteAPDPReg(AP reg 0x01, 0x80011130)
T4568 000:638.074 - 0.211ms returns 0
T4568 000:638.092 JLINK_CORESIGHT_ReadAPDPReg(AP reg 0x03)
T4568 000:638.351   Value=0x20204442
T4568 000:638.373 - 0.280ms returns 0
T4568 000:638.390 JLINK_CORESIGHT_WriteAPDPReg(AP reg 0x00, 0x80000002)
T4568 000:638.605 - 0.214ms returns 0
T4568 000:638.666 JLINK_CORESIGHT_WriteAPDPReg(AP reg 0x01, 0x80011140)
T4568 000:638.890 - 0.223ms returns 0
T4568 000:638.909 JLINK_CORESIGHT_ReadAPDPReg(AP reg 0x03)
T4568 000:639.173   Value=0x00000000
T4568 000:639.195 - 0.286ms returns 0
T4568 000:639.213 JLINK_CORESIGHT_WriteAPDPReg(AP reg 0x00, 0x80000002)
T4568 000:639.422 - 0.209ms returns 0
T4568 000:639.440 JLINK_CORESIGHT_WriteAPDPReg(AP reg 0x01, 0x80011130)
T4568 000:639.719 - 0.278ms returns 0
T4568 000:639.739 JLINK_CORESIGHT_ReadAPDPReg(AP reg 0x03)
T4568 000:639.996   Value=0x00030C20
T4568 000:640.020 - 0.281ms returns 0
T4568 000:640.519 JLINK_CORESIGHT_WriteAPDPReg(AP reg 0x00, 0x80000002)
T4568 000:640.744 - 0.225ms returns 0
T4568 000:640.762 JLINK_CORESIGHT_WriteAPDPReg(AP reg 0x01, 0x80011140)
T4568 000:640.973 - 0.210ms returns 0
T4568 000:640.989 JLINK_CORESIGHT_ReadAPDPReg(AP reg 0x03)
T4568 000:641.252   Value=0x00000002
T4568 000:641.276 - 0.286ms returns 0
T4568 000:641.290 JLINK_CORESIGHT_WriteAPDPReg(AP reg 0x00, 0x80000002)
T4568 000:641.513 - 0.222ms returns 0
T4568 000:641.529 JLINK_CORESIGHT_WriteAPDPReg(AP reg 0x01, 0x80011120)
T4568 000:641.745 - 0.215ms returns 0
T4568 000:641.761 JLINK_CORESIGHT_WriteAPDPReg(AP reg 0x03, 0x3A010001)
T4568 000:641.970 - 0.209ms returns 0
T4568 000:641.986 JLINK_CORESIGHT_WriteAPDPReg(AP reg 0x00, 0x80000002)
T4568 000:642.199 - 0.213ms returns 0
T4568 000:642.215 JLINK_CORESIGHT_WriteAPDPReg(AP reg 0x01, 0x80011140)
T4568 000:642.423 - 0.208ms returns 0
T4568 000:642.439 JLINK_CORESIGHT_ReadAPDPReg(AP reg 0x03)
T4568 000:642.719   Value=0x00000002
T4568 000:642.740 - 0.301ms returns 0
T4568 000:642.755 JLINK_CORESIGHT_WriteAPDPReg(AP reg 0x00, 0x80000002)
T4568 000:642.972 - 0.217ms returns 0
T4568 000:642.988 JLINK_CORESIGHT_WriteAPDPReg(AP reg 0x01, 0x80011120)
T4568 000:643.202 - 0.214ms returns 0
T4568 000:643.218 JLINK_CORESIGHT_WriteAPDPReg(AP reg 0x03, 0x000003C5)
T4568 000:643.433 - 0.214ms returns 0
T4568 000:643.449 JLINK_CORESIGHT_WriteAPDPReg(AP reg 0x00, 0x80000002)
T4568 000:643.719 - 0.269ms returns 0
T4568 000:643.736 JLINK_CORESIGHT_WriteAPDPReg(AP reg 0x01, 0x80011140)
T4568 000:643.950 - 0.213ms returns 0
T4568 000:643.966 JLINK_CORESIGHT_ReadAPDPReg(AP reg 0x03)
T4568 000:644.231   Value=0x00000002
T4568 000:644.252 - 0.285ms returns 0
T4568 000:644.268 JLINK_CORESIGHT_ReadAPDPReg(AP reg 0x03)
T4568 000:644.511   Value=0x00000002
T4568 000:644.532 - 0.264ms returns 0
T4568 000:644.546 JLINK_CORESIGHT_ReadAPDPReg(AP reg 0x03)
T4568 000:644.804   Value=0x00000002
T4568 000:644.824 - 0.278ms returns 0
T4568 000:644.839 JLINK_CORESIGHT_ReadAPDPReg(AP reg 0x03)
T4568 000:645.074   Value=0x00000002
T4568 000:645.096 - 0.257ms returns 0
T4568 000:645.110 JLINK_CORESIGHT_ReadAPDPReg(AP reg 0x03)
T4568 000:645.374   Value=0x00000002
T4568 000:645.396 - 0.285ms returns 0
T4568 000:645.410 JLINK_CORESIGHT_ReadAPDPReg(AP reg 0x03)
T4568 000:645.783   Value=0x00000002
T4568 000:645.805 - 0.395ms returns 0
T4568 000:645.819 JLINK_CORESIGHT_ReadAPDPReg(AP reg 0x03)
T4568 000:646.087   Value=0x00000002
T4568 000:646.108 - 0.289ms returns 0
T4568 000:646.123 JLINK_CORESIGHT_ReadAPDPReg(AP reg 0x03)
T4568 000:646.363   Value=0x00000002
T4568 000:646.387 - 0.264ms returns 0
T4568 000:646.401 JLINK_CORESIGHT_ReadAPDPReg(AP reg 0x03)
T4568 000:646.641   Value=0x00000000
T4568 000:646.662 - 0.260ms returns 0
T4568 000:646.677 JLINK_CORESIGHT_WriteAPDPReg(AP reg 0x00, 0x80000002)
T4568 000:646.891 - 0.214ms returns 0
T4568 000:646.907 JLINK_CORESIGHT_WriteAPDPReg(AP reg 0x01, 0x80011130)
T4568 000:647.116 - 0.208ms returns 0
T4568 000:647.132 JLINK_CORESIGHT_ReadAPDPReg(AP reg 0x03)
T4568 000:647.391   Value=0x3A2A0081
T4568 000:647.414 - 0.282ms returns 0
T4568 000:647.428 JLINK_CORESIGHT_WriteAPDPReg(AP reg 0x00, 0x80000002)
T4568 000:647.641 - 0.212ms returns 0
T4568 000:647.658 JLINK_CORESIGHT_WriteAPDPReg(AP reg 0x01, 0x80011140)
T4568 000:647.873 - 0.214ms returns 0
T4568 000:647.889 JLINK_CORESIGHT_ReadAPDPReg(AP reg 0x03)
T4568 000:648.162   Value=0x00000000
T4568 000:648.185 - 0.295ms returns 0
T4568 000:648.199 JLINK_CORESIGHT_WriteAPDPReg(AP reg 0x00, 0x80000002)
T4568 000:648.408 - 0.208ms returns 0
T4568 000:648.424 JLINK_CORESIGHT_WriteAPDPReg(AP reg 0x01, 0x80011130)
T4568 000:648.638 - 0.214ms returns 0
T4568 000:648.654 JLINK_CORESIGHT_ReadAPDPReg(AP reg 0x03)
T4568 000:648.916   Value=0x808D5B00
T4568 000:648.937 - 0.283ms returns 0
T4568 000:648.952 JLINK_CORESIGHT_WriteAPDPReg(AP reg 0x00, 0x80000002)
T4568 000:649.170 - 0.217ms returns 0
T4568 000:649.186 JLINK_CORESIGHT_WriteAPDPReg(AP reg 0x01, 0x80011140)
T4568 000:649.397 - 0.211ms returns 0
T4568 000:649.415 JLINK_CORESIGHT_ReadAPDPReg(AP reg 0x03)
T4568 000:649.744   Value=0x00000000
T4568 000:649.765 - 0.349ms returns 0
T4568 000:649.779 JLINK_CORESIGHT_WriteAPDPReg(AP reg 0x00, 0x80000002)
T4568 000:649.998 - 0.218ms returns 0
T4568 000:650.014 JLINK_CORESIGHT_WriteAPDPReg(AP reg 0x01, 0x80011130)
T4568 000:650.234 - 0.219ms returns 0
T4568 000:650.250 JLINK_CORESIGHT_ReadAPDPReg(AP reg 0x03)
T4568 000:650.509   Value=0x0603030B
T4568 000:650.530 - 0.279ms returns 0
T4568 000:650.545 JLINK_CORESIGHT_WriteAPDPReg(AP reg 0x00, 0x80000002)
T4568 000:650.745 - 0.199ms returns 0
T4568 000:650.761 JLINK_CORESIGHT_WriteAPDPReg(AP reg 0x01, 0x80011140)
T4568 000:650.973 - 0.211ms returns 0
T4568 000:650.990 JLINK_CORESIGHT_ReadAPDPReg(AP reg 0x03)
T4568 000:651.253   Value=0x00000000
T4568 000:651.274 - 0.283ms returns 0
T4568 000:651.288 JLINK_CORESIGHT_WriteAPDPReg(AP reg 0x00, 0x80000002)
T4568 000:651.502 - 0.213ms returns 0
T4568 000:651.518 JLINK_CORESIGHT_WriteAPDPReg(AP reg 0x01, 0x80011130)
T4568 000:651.719 - 0.201ms returns 0
T4568 000:651.735 JLINK_CORESIGHT_ReadAPDPReg(AP reg 0x03)
T4568 000:652.014   Value=0x2E4B4E20
T4568 000:652.055 - 0.320ms returns 0
T4568 000:652.079 JLINK_CORESIGHT_WriteAPDPReg(AP reg 0x00, 0x80000002)
T4568 000:652.337 - 0.257ms returns 0
T4568 000:652.367 JLINK_CORESIGHT_WriteAPDPReg(AP reg 0x01, 0x80011140)
T4568 000:652.606 - 0.238ms returns 0
T4568 000:652.623 JLINK_CORESIGHT_ReadAPDPReg(AP reg 0x03)
T4568 000:652.893   Value=0x00000000
T4568 000:652.914 - 0.291ms returns 0
T4568 000:652.929 JLINK_CORESIGHT_WriteAPDPReg(AP reg 0x00, 0x80000002)
T4568 000:653.149 - 0.219ms returns 0
T4568 000:653.185 JLINK_CORESIGHT_WriteAPDPReg(AP reg 0x01, 0x80011130)
T4568 000:653.407 - 0.222ms returns 0
T4568 000:653.430 JLINK_CORESIGHT_ReadAPDPReg(AP reg 0x03)
T4568 000:653.720   Value=0x4EEB4692
T4568 000:653.765 - 0.335ms returns 0
T4568 000:653.780 JLINK_CORESIGHT_WriteAPDPReg(AP reg 0x00, 0x80000002)
T4568 000:653.994 - 0.214ms returns 0
T4568 000:654.035 JLINK_CORESIGHT_WriteAPDPReg(AP reg 0x01, 0x80011140)
T4568 000:654.254 - 0.218ms returns 0
T4568 000:654.279 JLINK_CORESIGHT_ReadAPDPReg(AP reg 0x03)
T4568 000:654.544   Value=0x00000000
T4568 000:654.565 - 0.286ms returns 0
T4568 000:654.580 JLINK_CORESIGHT_WriteAPDPReg(AP reg 0x00, 0x80000002)
T4568 000:654.795 - 0.215ms returns 0
T4568 000:654.812 JLINK_CORESIGHT_WriteAPDPReg(AP reg 0x01, 0x80011130)
T4568 000:655.021 - 0.209ms returns 0
T4568 000:655.038 JLINK_CORESIGHT_ReadAPDPReg(AP reg 0x03)
T4568 000:655.301   Value=0x34503036
T4568 000:655.323 - 0.285ms returns 0
T4568 000:655.337 JLINK_CORESIGHT_WriteAPDPReg(AP reg 0x00, 0x80000002)
T4568 000:655.550 - 0.213ms returns 0
T4568 000:655.567 JLINK_CORESIGHT_WriteAPDPReg(AP reg 0x01, 0x80011140)
T4568 000:655.841 - 0.273ms returns 0
T4568 000:655.857 JLINK_CORESIGHT_ReadAPDPReg(AP reg 0x03)
T4568 000:656.122   Value=0x00000000
T4568 000:656.143 - 0.286ms returns 0
T4568 000:656.157 JLINK_CORESIGHT_WriteAPDPReg(AP reg 0x00, 0x80000002)
T4568 000:656.373 - 0.215ms returns 0
T4568 000:656.390 JLINK_CORESIGHT_WriteAPDPReg(AP reg 0x01, 0x80011130)
T4568 000:656.604 - 0.214ms returns 0
T4568 000:656.620 JLINK_CORESIGHT_ReadAPDPReg(AP reg 0x03)
T4568 000:656.890   Value=0x71142D36
T4568 000:656.911 - 0.291ms returns 0
T4568 000:656.925 JLINK_CORESIGHT_WriteAPDPReg(AP reg 0x00, 0x80000002)
T4568 000:657.137 - 0.212ms returns 0
T4568 000:657.153 JLINK_CORESIGHT_WriteAPDPReg(AP reg 0x01, 0x80011140)
T4568 000:657.361 - 0.207ms returns 0
T4568 000:657.377 JLINK_CORESIGHT_ReadAPDPReg(AP reg 0x03)
T4568 000:657.652   Value=0x00000000
T4568 000:657.673 - 0.295ms returns 0
T4568 000:657.689 JLINK_CORESIGHT_WriteAPDPReg(AP reg 0x00, 0x80000002)
T4568 000:657.913 - 0.224ms returns 0
T4568 000:657.940 JLINK_CORESIGHT_WriteAPDPReg(AP reg 0x01, 0x80011130)
T4568 000:658.158 - 0.217ms returns 0
T4568 000:658.180 JLINK_CORESIGHT_ReadAPDPReg(AP reg 0x03)
T4568 000:658.444   Value=0x4637528A
T4568 000:658.465 - 0.285ms returns 0
T4568 000:658.480 JLINK_CORESIGHT_WriteAPDPReg(AP reg 0x00, 0x80000002)
T4568 000:658.719 - 0.239ms returns 0
T4568 000:658.735 JLINK_CORESIGHT_WriteAPDPReg(AP reg 0x01, 0x80011140)
T4568 000:658.955 - 0.219ms returns 0
T4568 000:658.971 JLINK_CORESIGHT_ReadAPDPReg(AP reg 0x03)
T4568 000:659.237   Value=0x00000000
T4568 000:659.258 - 0.287ms returns 0
T4568 000:659.273 JLINK_CORESIGHT_WriteAPDPReg(AP reg 0x00, 0x80000002)
T4568 000:659.486 - 0.213ms returns 0
T4568 000:659.502 JLINK_CORESIGHT_WriteAPDPReg(AP reg 0x01, 0x80011130)
T4568 000:659.719 - 0.217ms returns 0
T4568 000:659.735 JLINK_CORESIGHT_ReadAPDPReg(AP reg 0x03)
T4568 000:660.003   Value=0x314D3841
T4568 000:660.025 - 0.290ms returns 0
T4568 000:660.041 JLINK_CORESIGHT_WriteAPDPReg(AP reg 0x00, 0x80000002)
T4568 000:660.254 - 0.213ms returns 0
T4568 000:660.270 JLINK_CORESIGHT_WriteAPDPReg(AP reg 0x01, 0x80011140)
T4568 000:660.484 - 0.214ms returns 0
T4568 000:660.500 JLINK_CORESIGHT_ReadAPDPReg(AP reg 0x03)
T4568 000:660.744   Value=0x00000000
T4568 000:660.766 - 0.265ms returns 0
T4568 000:660.781 JLINK_CORESIGHT_WriteAPDPReg(AP reg 0x00, 0x80000002)
T4568 000:660.995 - 0.213ms returns 0
T4568 000:661.012 JLINK_CORESIGHT_WriteAPDPReg(AP reg 0x01, 0x80011130)
T4568 000:661.223 - 0.210ms returns 0
T4568 000:661.239 JLINK_CORESIGHT_ReadAPDPReg(AP reg 0x03)
T4568 000:661.497   Value=0x43454841
T4568 000:661.518 - 0.279ms returns 0
T4568 000:661.532 JLINK_CORESIGHT_WriteAPDPReg(AP reg 0x00, 0x80000002)
T4568 000:661.726 - 0.193ms returns 0
T4568 000:661.742 JLINK_CORESIGHT_WriteAPDPReg(AP reg 0x01, 0x80011140)
T4568 000:661.950 - 0.208ms returns 0
T4568 000:661.967 JLINK_CORESIGHT_ReadAPDPReg(AP reg 0x03)
T4568 000:662.237   Value=0x00000000
T4568 000:662.258 - 0.291ms returns 0
T4568 000:662.272 JLINK_CORESIGHT_WriteAPDPReg(AP reg 0x00, 0x80000002)
T4568 000:662.494 - 0.222ms returns 0
T4568 000:662.510 JLINK_CORESIGHT_WriteAPDPReg(AP reg 0x01, 0x80011130)
T4568 000:662.719 - 0.209ms returns 0
T4568 000:662.735 JLINK_CORESIGHT_ReadAPDPReg(AP reg 0x03)
T4568 000:662.998   Value=0x20204442
T4568 000:663.019 - 0.283ms returns 0
T4568 000:663.033 JLINK_CORESIGHT_WriteAPDPReg(AP reg 0x00, 0x80000002)
T4568 000:663.247 - 0.213ms returns 0
T4568 000:663.263 JLINK_CORESIGHT_WriteAPDPReg(AP reg 0x01, 0x80011140)
T4568 000:663.476 - 0.213ms returns 0
T4568 000:663.494 JLINK_CORESIGHT_ReadAPDPReg(AP reg 0x03)
T4568 000:663.770   Value=0x00000000
T4568 000:663.791 - 0.297ms returns 0
T4568 000:663.806 JLINK_CORESIGHT_WriteAPDPReg(AP reg 0x00, 0x80000002)
T4568 000:664.020 - 0.214ms returns 0
T4568 000:664.036 JLINK_CORESIGHT_WriteAPDPReg(AP reg 0x01, 0x80011130)
T4568 000:664.248 - 0.212ms returns 0
T4568 000:664.265 JLINK_CORESIGHT_ReadAPDPReg(AP reg 0x03)
T4568 000:664.529   Value=0x00030C20
T4568 000:664.550 - 0.284ms returns 0
T4568 000:664.576 JLINK_CORESIGHT_WriteAPDPReg(AP reg 0x00, 0x80000002)
T4568 000:664.840 - 0.264ms returns 0
T4568 000:664.857 JLINK_CORESIGHT_WriteAPDPReg(AP reg 0x01, 0x80011140)
T4568 000:665.071 - 0.214ms returns 0
T4568 000:665.087 JLINK_CORESIGHT_ReadAPDPReg(AP reg 0x03)
T4568 000:665.352   Value=0x00000002
T4568 000:665.373 - 0.285ms returns 0
T4568 000:665.387 JLINK_CORESIGHT_WriteAPDPReg(AP reg 0x00, 0x80000002)
T4568 000:665.602 - 0.214ms returns 0
T4568 000:665.621 JLINK_CORESIGHT_WriteAPDPReg(AP reg 0x01, 0x80011120)
T4568 000:665.846 - 0.225ms returns 0
T4568 000:665.865 JLINK_CORESIGHT_WriteAPDPReg(AP reg 0x03, 0x2C010001)
T4568 000:666.079 - 0.213ms returns 0
T4568 000:666.097 JLINK_CORESIGHT_WriteAPDPReg(AP reg 0x00, 0x80000002)
T4568 000:666.311 - 0.213ms returns 0
T4568 000:666.329 JLINK_CORESIGHT_WriteAPDPReg(AP reg 0x01, 0x80011140)
T4568 000:666.551 - 0.221ms returns 0
T4568 000:666.580 JLINK_CORESIGHT_ReadAPDPReg(AP reg 0x03)
T4568 000:666.894   Value=0x00000002
T4568 000:666.926 - 0.346ms returns 0
T4568 000:666.944 JLINK_CORESIGHT_WriteAPDPReg(AP reg 0x00, 0x80000002)
T4568 000:667.171 - 0.226ms returns 0
T4568 000:667.190 JLINK_CORESIGHT_WriteAPDPReg(AP reg 0x01, 0x80011120)
T4568 000:667.409 - 0.219ms returns 0
T4568 000:667.428 JLINK_CORESIGHT_WriteAPDPReg(AP reg 0x03, 0x000003D3)
T4568 000:667.720 - 0.292ms returns 0
T4568 000:667.738 JLINK_CORESIGHT_WriteAPDPReg(AP reg 0x00, 0x80000002)
T4568 000:667.951 - 0.212ms returns 0
T4568 000:667.969 JLINK_CORESIGHT_WriteAPDPReg(AP reg 0x01, 0x80011140)
T4568 000:668.188 - 0.219ms returns 0
T4568 000:668.208 JLINK_CORESIGHT_ReadAPDPReg(AP reg 0x03)
T4568 000:668.475   Value=0x00000002
T4568 000:668.497 - 0.288ms returns 0
T4568 000:668.513 JLINK_CORESIGHT_ReadAPDPReg(AP reg 0x03)
T4568 000:668.769   Value=0x00000002
T4568 000:668.790 - 0.277ms returns 0
T4568 000:668.806 JLINK_CORESIGHT_ReadAPDPReg(AP reg 0x03)
T4568 000:669.079   Value=0x00000002
T4568 000:669.101 - 0.294ms returns 0
T4568 000:669.117 JLINK_CORESIGHT_ReadAPDPReg(AP reg 0x03)
T4568 000:669.387   Value=0x00000002
T4568 000:669.408 - 0.291ms returns 0
T4568 000:669.424 JLINK_CORESIGHT_ReadAPDPReg(AP reg 0x03)
T4568 000:669.719   Value=0x00000002
T4568 000:669.763 - 0.338ms returns 0
T4568 000:669.779 JLINK_CORESIGHT_ReadAPDPReg(AP reg 0x03)
T4568 000:670.018   Value=0x00000002
T4568 000:670.039 - 0.260ms returns 0
T4568 000:670.056 JLINK_CORESIGHT_ReadAPDPReg(AP reg 0x03)
T4568 000:670.318   Value=0x00000002
T4568 000:670.340 - 0.284ms returns 0
T4568 000:670.356 JLINK_CORESIGHT_ReadAPDPReg(AP reg 0x03)
T4568 000:670.622   Value=0x00000002
T4568 000:670.644 - 0.287ms returns 0
T4568 000:670.660 JLINK_CORESIGHT_ReadAPDPReg(AP reg 0x03)
T4568 000:670.901   Value=0x00000002
T4568 000:670.923 - 0.262ms returns 0
T4568 000:670.939 JLINK_CORESIGHT_ReadAPDPReg(AP reg 0x03)
T4568 000:671.206   Value=0x00000002
T4568 000:671.227 - 0.287ms returns 0
T4568 000:671.242 JLINK_CORESIGHT_ReadAPDPReg(AP reg 0x03)
T4568 000:671.511   Value=0x00000002
T4568 000:671.532 - 0.290ms returns 0
T4568 000:671.549 JLINK_CORESIGHT_ReadAPDPReg(AP reg 0x03)
T4568 000:671.795   Value=0x00000002
T4568 000:671.816 - 0.267ms returns 0
T4568 000:671.832 JLINK_CORESIGHT_ReadAPDPReg(AP reg 0x03)
T4568 000:672.098   Value=0x00000002
T4568 000:672.119 - 0.287ms returns 0
T4568 000:672.135 JLINK_CORESIGHT_ReadAPDPReg(AP reg 0x03)
T4568 000:672.397   Value=0x00000000
T4568 000:672.418 - 0.282ms returns 0
T4568 000:672.434 JLINK_CORESIGHT_WriteAPDPReg(AP reg 0x00, 0x80000002)
T4568 000:672.720 - 0.286ms returns 0
T4568 000:672.738 JLINK_CORESIGHT_WriteAPDPReg(AP reg 0x01, 0x80011130)
T4568 000:672.955 - 0.216ms returns 0
T4568 000:672.974 JLINK_CORESIGHT_ReadAPDPReg(AP reg 0x03)
T4568 000:673.252   Value=0x2C020081
T4568 000:673.274 - 0.299ms returns 0
T4568 000:673.289 JLINK_CORESIGHT_WriteAPDPReg(AP reg 0x00, 0x80000002)
T4568 000:673.507 - 0.217ms returns 0
T4568 000:673.525 JLINK_CORESIGHT_WriteAPDPReg(AP reg 0x01, 0x80011140)
T4568 000:673.725 - 0.199ms returns 0
T4568 000:673.743 JLINK_CORESIGHT_ReadAPDPReg(AP reg 0x03)
T4568 000:674.012   Value=0x00000000
T4568 000:674.034 - 0.290ms returns 0
T4568 000:674.049 JLINK_CORESIGHT_WriteAPDPReg(AP reg 0x00, 0x80000002)
T4568 000:674.277 - 0.227ms returns 0
T4568 000:674.295 JLINK_CORESIGHT_WriteAPDPReg(AP reg 0x01, 0x80011130)
T4568 000:674.513 - 0.217ms returns 0
T4568 000:674.532 JLINK_CORESIGHT_ReadAPDPReg(AP reg 0x03)
T4568 000:674.796   Value=0x0003CE04
T4568 000:674.818 - 0.286ms returns 0
T4568 000:675.001 JLINK_CORESIGHT_WriteAPDPReg(AP reg 0x00, 0x80000002)
T4568 000:675.302 - 0.299ms returns 0
T4568 000:675.561 JLINK_CORESIGHT_WriteAPDPReg(AP reg 0x01, 0x80011140)
T4568 000:675.893 - 0.332ms returns 0
T4568 000:675.960 JLINK_CORESIGHT_ReadAPDPReg(AP reg 0x03)
T4568 000:676.244   Value=0x00000002
T4568 000:676.281 - 0.320ms returns 0
T4568 000:676.299 JLINK_CORESIGHT_WriteAPDPReg(AP reg 0x00, 0x80000002)
T4568 000:676.527 - 0.228ms returns 0
T4568 000:676.545 JLINK_CORESIGHT_WriteAPDPReg(AP reg 0x01, 0x80011120)
T4568 000:676.771 - 0.225ms returns 0
T4568 000:676.788 JLINK_CORESIGHT_WriteAPDPReg(AP reg 0x03, 0x73010001)
T4568 000:677.013 - 0.224ms returns 0
T4568 000:677.031 JLINK_CORESIGHT_WriteAPDPReg(AP reg 0x00, 0x80000002)
T4568 000:677.244 - 0.212ms returns 0
T4568 000:677.262 JLINK_CORESIGHT_WriteAPDPReg(AP reg 0x01, 0x80011140)
T4568 000:677.478 - 0.215ms returns 0
T4568 000:677.498 JLINK_CORESIGHT_ReadAPDPReg(AP reg 0x03)
T4568 000:677.770   Value=0x00000002
T4568 000:677.791 - 0.293ms returns 0
T4568 000:677.807 JLINK_CORESIGHT_WriteAPDPReg(AP reg 0x00, 0x80000002)
T4568 000:678.018 - 0.211ms returns 0
T4568 000:678.038 JLINK_CORESIGHT_WriteAPDPReg(AP reg 0x01, 0x80011120)
T4568 000:678.257 - 0.219ms returns 0
T4568 000:678.276 JLINK_CORESIGHT_WriteAPDPReg(AP reg 0x03, 0x0000038C)
T4568 000:678.494 - 0.217ms returns 0
T4568 000:678.513 JLINK_CORESIGHT_WriteAPDPReg(AP reg 0x00, 0x80000002)
T4568 000:678.719 - 0.206ms returns 0
T4568 000:678.738 JLINK_CORESIGHT_WriteAPDPReg(AP reg 0x01, 0x80011140)
T4568 000:678.946 - 0.208ms returns 0
T4568 000:678.964 JLINK_CORESIGHT_ReadAPDPReg(AP reg 0x03)
T4568 000:679.223   Value=0x00000002
T4568 000:679.244 - 0.279ms returns 0
T4568 000:679.260 JLINK_CORESIGHT_ReadAPDPReg(AP reg 0x03)
T4568 000:679.499   Value=0x00000002
T4568 000:679.520 - 0.259ms returns 0
T4568 000:679.538 JLINK_CORESIGHT_ReadAPDPReg(AP reg 0x03)
T4568 000:679.794   Value=0x00000000
T4568 000:679.815 - 0.277ms returns 0
T4568 000:679.833 JLINK_CORESIGHT_WriteAPDPReg(AP reg 0x00, 0x80000002)
T4568 000:680.047 - 0.213ms returns 0
T4568 000:680.064 JLINK_CORESIGHT_WriteAPDPReg(AP reg 0x01, 0x80011130)
T4568 000:680.273 - 0.208ms returns 0
T4568 000:680.290 JLINK_CORESIGHT_ReadAPDPReg(AP reg 0x03)
T4568 000:680.553   Value=0x73020081
T4568 000:680.574 - 0.283ms returns 0
T4568 000:680.590 JLINK_CORESIGHT_WriteAPDPReg(AP reg 0x00, 0x80000002)
T4568 000:680.835 - 0.244ms returns 0
T4568 000:680.852 JLINK_CORESIGHT_WriteAPDPReg(AP reg 0x01, 0x80011140)
T4568 000:681.061 - 0.208ms returns 0
T4568 000:681.080 JLINK_CORESIGHT_ReadAPDPReg(AP reg 0x03)
T4568 000:681.343   Value=0x00000000
T4568 000:681.364 - 0.283ms returns 0
T4568 000:681.381 JLINK_CORESIGHT_WriteAPDPReg(AP reg 0x00, 0x80000002)
T4568 000:681.590 - 0.208ms returns 0
T4568 000:681.608 JLINK_CORESIGHT_WriteAPDPReg(AP reg 0x01, 0x80011130)
T4568 000:681.841 - 0.232ms returns 0
T4568 000:681.858 JLINK_CORESIGHT_ReadAPDPReg(AP reg 0x03)
T4568 000:682.117   Value=0x00038902
T4568 000:682.138 - 0.280ms returns 0
T4568 000:682.159 JLINK_CORESIGHT_WriteAPDPReg(AP reg 0x00, 0x80000002)
T4568 000:682.374 - 0.215ms returns 0
T4568 000:682.393 JLINK_CORESIGHT_WriteAPDPReg(AP reg 0x01, 0x80011140)
T4568 000:682.612 - 0.219ms returns 0
T4568 000:682.649 JLINK_CORESIGHT_ReadAPDPReg(AP reg 0x03)
T4568 000:682.918   Value=0x00000002
T4568 000:682.956 - 0.306ms returns 0
T4568 000:682.974 JLINK_CORESIGHT_WriteAPDPReg(AP reg 0x00, 0x80000002)
T4568 000:683.206 - 0.231ms returns 0
T4568 000:683.239 JLINK_CORESIGHT_WriteAPDPReg(AP reg 0x01, 0x80011120)
T4568 000:683.472 - 0.232ms returns 0
T4568 000:683.491 JLINK_CORESIGHT_WriteAPDPReg(AP reg 0x03, 0x75010001)
T4568 000:683.720 - 0.228ms returns 0
T4568 000:683.738 JLINK_CORESIGHT_WriteAPDPReg(AP reg 0x00, 0x80000002)
T4568 000:683.953 - 0.214ms returns 0
T4568 000:683.972 JLINK_CORESIGHT_WriteAPDPReg(AP reg 0x01, 0x80011140)
T4568 000:684.182 - 0.209ms returns 0
T4568 000:684.200 JLINK_CORESIGHT_ReadAPDPReg(AP reg 0x03)
T4568 000:684.461   Value=0x00000002
T4568 000:684.485 - 0.285ms returns 0
T4568 000:684.503 JLINK_CORESIGHT_WriteAPDPReg(AP reg 0x00, 0x80000002)
T4568 000:684.719 - 0.215ms returns 0
T4568 000:684.737 JLINK_CORESIGHT_WriteAPDPReg(AP reg 0x01, 0x80011120)
T4568 000:684.946 - 0.208ms returns 0
T4568 000:684.965 JLINK_CORESIGHT_WriteAPDPReg(AP reg 0x03, 0x0000038A)
T4568 000:685.179 - 0.213ms returns 0
T4568 000:685.197 JLINK_CORESIGHT_WriteAPDPReg(AP reg 0x00, 0x80000002)
T4568 000:685.406 - 0.209ms returns 0
T4568 000:685.424 JLINK_CORESIGHT_WriteAPDPReg(AP reg 0x01, 0x80011140)
T4568 000:685.634 - 0.209ms returns 0
T4568 000:685.652 JLINK_CORESIGHT_ReadAPDPReg(AP reg 0x03)
T4568 000:685.911   Value=0x00000002
T4568 000:685.932 - 0.279ms returns 0
T4568 000:685.949 JLINK_CORESIGHT_ReadAPDPReg(AP reg 0x03)
T4568 000:686.208   Value=0x00000002
T4568 000:686.229 - 0.279ms returns 0
T4568 000:686.245 JLINK_CORESIGHT_ReadAPDPReg(AP reg 0x03)
T4568 000:686.511   Value=0x00000002
T4568 000:686.534 - 0.289ms returns 0
T4568 000:686.553 JLINK_CORESIGHT_ReadAPDPReg(AP reg 0x03)
T4568 000:686.801   Value=0x00000002
T4568 000:686.822 - 0.269ms returns 0
T4568 000:686.839 JLINK_CORESIGHT_ReadAPDPReg(AP reg 0x03)
T4568 000:687.097   Value=0x00000002
T4568 000:687.120 - 0.280ms returns 0
T4568 000:687.137 JLINK_CORESIGHT_ReadAPDPReg(AP reg 0x03)
T4568 000:687.377   Value=0x00000002
T4568 000:687.399 - 0.261ms returns 0
T4568 000:687.415 JLINK_CORESIGHT_ReadAPDPReg(AP reg 0x03)
T4568 000:687.742   Value=0x00000002
T4568 000:687.764 - 0.348ms returns 0
T4568 000:687.781 JLINK_CORESIGHT_ReadAPDPReg(AP reg 0x03)
T4568 000:688.080   Value=0x00000002
T4568 000:688.133 - 0.351ms returns 0
T4568 000:688.151 JLINK_CORESIGHT_ReadAPDPReg(AP reg 0x03)
T4568 000:688.411   Value=0x00000002
T4568 000:688.432 - 0.281ms returns 0
T4568 000:688.449 JLINK_CORESIGHT_ReadAPDPReg(AP reg 0x03)
T4568 000:688.719   Value=0x00000002
T4568 000:688.740 - 0.291ms returns 0
T4568 000:688.758 JLINK_CORESIGHT_ReadAPDPReg(AP reg 0x03)
T4568 000:689.003   Value=0x00000002
T4568 000:689.025 - 0.267ms returns 0
T4568 000:689.042 JLINK_CORESIGHT_ReadAPDPReg(AP reg 0x03)
T4568 000:689.281   Value=0x00000002
T4568 000:689.302 - 0.260ms returns 0
T4568 000:689.318 JLINK_CORESIGHT_ReadAPDPReg(AP reg 0x03)
T4568 000:689.557   Value=0x00000000
T4568 000:689.578 - 0.260ms returns 0
T4568 000:689.595 JLINK_CORESIGHT_WriteAPDPReg(AP reg 0x00, 0x80000002)
T4568 000:689.840 - 0.245ms returns 0
T4568 000:689.859 JLINK_CORESIGHT_WriteAPDPReg(AP reg 0x01, 0x80011130)
T4568 000:690.067 - 0.208ms returns 0
T4568 000:690.084 JLINK_CORESIGHT_ReadAPDPReg(AP reg 0x03)
T4568 000:690.352   Value=0x75020081
T4568 000:690.375 - 0.290ms returns 0
T4568 000:690.391 JLINK_CORESIGHT_WriteAPDPReg(AP reg 0x00, 0x80000002)
T4568 000:690.604 - 0.212ms returns 0
T4568 000:690.622 JLINK_CORESIGHT_WriteAPDPReg(AP reg 0x01, 0x80011140)
T4568 000:690.840 - 0.217ms returns 0
T4568 000:690.858 JLINK_CORESIGHT_ReadAPDPReg(AP reg 0x03)
T4568 000:691.125   Value=0x00000000
T4568 000:691.147 - 0.288ms returns 0
T4568 000:691.164 JLINK_CORESIGHT_WriteAPDPReg(AP reg 0x00, 0x80000002)
T4568 000:691.374 - 0.209ms returns 0
T4568 000:691.392 JLINK_CORESIGHT_WriteAPDPReg(AP reg 0x01, 0x80011130)
T4568 000:691.607 - 0.215ms returns 0
T4568 000:691.625 JLINK_CORESIGHT_ReadAPDPReg(AP reg 0x03)
T4568 000:691.891   Value=0x00038702
T4568 000:691.912 - 0.286ms returns 0
T4568 000:692.447 JLINK_CORESIGHT_WriteAPDPReg(AP reg 0x00, 0x80000002)
T4568 000:692.720 - 0.272ms returns 0
T4568 000:692.736 JLINK_CORESIGHT_WriteAPDPReg(AP reg 0x01, 0x80011140)
T4568 000:692.951 - 0.214ms returns 0
T4568 000:692.967 JLINK_CORESIGHT_ReadAPDPReg(AP reg 0x03)
T4568 000:693.232   Value=0x00000002
T4568 000:693.252 - 0.285ms returns 0
T4568 000:693.267 JLINK_CORESIGHT_WriteAPDPReg(AP reg 0x00, 0x80000002)
T4568 000:693.480 - 0.213ms returns 0
T4568 000:693.497 JLINK_CORESIGHT_WriteAPDPReg(AP reg 0x01, 0x80011120)
T4568 000:693.719 - 0.221ms returns 0
T4568 000:693.736 JLINK_CORESIGHT_WriteAPDPReg(AP reg 0x03, 0x4F010001)
T4568 000:693.946 - 0.209ms returns 0
T4568 000:693.962 JLINK_CORESIGHT_WriteAPDPReg(AP reg 0x00, 0x80000002)
T4568 000:694.176 - 0.213ms returns 0
T4568 000:694.191 JLINK_CORESIGHT_WriteAPDPReg(AP reg 0x01, 0x80011140)
T4568 000:694.407 - 0.215ms returns 0
T4568 000:694.423 JLINK_CORESIGHT_ReadAPDPReg(AP reg 0x03)
T4568 000:694.740   Value=0x00000002
T4568 000:694.761 - 0.337ms returns 0
T4568 000:694.775 JLINK_CORESIGHT_WriteAPDPReg(AP reg 0x00, 0x80000002)
T4568 000:694.990 - 0.215ms returns 0
T4568 000:695.006 JLINK_CORESIGHT_WriteAPDPReg(AP reg 0x01, 0x80011120)
T4568 000:695.215 - 0.209ms returns 0
T4568 000:695.231 JLINK_CORESIGHT_WriteAPDPReg(AP reg 0x03, 0x000003B0)
T4568 000:695.440 - 0.208ms returns 0
T4568 000:695.457 JLINK_CORESIGHT_WriteAPDPReg(AP reg 0x00, 0x80000002)
T4568 000:695.720 - 0.263ms returns 0
T4568 000:695.737 JLINK_CORESIGHT_WriteAPDPReg(AP reg 0x01, 0x80011140)
T4568 000:695.948 - 0.211ms returns 0
T4568 000:695.964 JLINK_CORESIGHT_ReadAPDPReg(AP reg 0x03)
T4568 000:696.227   Value=0x00000002
T4568 000:696.248 - 0.284ms returns 0
T4568 000:696.262 JLINK_CORESIGHT_ReadAPDPReg(AP reg 0x03)
T4568 000:696.525   Value=0x00000002
T4568 000:696.546 - 0.283ms returns 0
T4568 000:696.560 JLINK_CORESIGHT_ReadAPDPReg(AP reg 0x03)
T4568 000:696.918   Value=0x00000002
T4568 000:696.939 - 0.378ms returns 0
T4568 000:696.953 JLINK_CORESIGHT_ReadAPDPReg(AP reg 0x03)
T4568 000:697.192   Value=0x00000002
T4568 000:697.213 - 0.259ms returns 0
T4568 000:697.227 JLINK_CORESIGHT_ReadAPDPReg(AP reg 0x03)
T4568 000:697.467   Value=0x00000002
T4568 000:697.488 - 0.261ms returns 0
T4568 000:697.502 JLINK_CORESIGHT_ReadAPDPReg(AP reg 0x03)
T4568 000:697.745   Value=0x00000002
T4568 000:697.765 - 0.263ms returns 0
T4568 000:697.780 JLINK_CORESIGHT_ReadAPDPReg(AP reg 0x03)
T4568 000:698.013   Value=0x00000002
T4568 000:698.034 - 0.254ms returns 0
T4568 000:698.049 JLINK_CORESIGHT_ReadAPDPReg(AP reg 0x03)
T4568 000:698.290   Value=0x00000002
T4568 000:698.311 - 0.262ms returns 0
T4568 000:698.325 JLINK_CORESIGHT_ReadAPDPReg(AP reg 0x03)
T4568 000:698.591   Value=0x00000002
T4568 000:698.624 - 0.298ms returns 0
T4568 000:698.640 JLINK_CORESIGHT_ReadAPDPReg(AP reg 0x03)
T4568 000:698.909   Value=0x00000002
T4568 000:698.931 - 0.290ms returns 0
T4568 000:698.945 JLINK_CORESIGHT_ReadAPDPReg(AP reg 0x03)
T4568 000:699.188   Value=0x00000002
T4568 000:699.221 - 0.275ms returns 0
T4568 000:699.237 JLINK_CORESIGHT_ReadAPDPReg(AP reg 0x03)
T4568 000:699.504   Value=0x00000002
T4568 000:699.526 - 0.289ms returns 0
T4568 000:699.540 JLINK_CORESIGHT_ReadAPDPReg(AP reg 0x03)
T4568 000:699.799   Value=0x00000002
T4568 000:699.820 - 0.279ms returns 0
T4568 000:699.835 JLINK_CORESIGHT_ReadAPDPReg(AP reg 0x03)
T4568 000:700.094   Value=0x00000000
T4568 000:700.115 - 0.279ms returns 0
T4568 000:700.129 JLINK_CORESIGHT_WriteAPDPReg(AP reg 0x00, 0x80000002)
T4568 000:700.339 - 0.209ms returns 0
T4568 000:700.357 JLINK_CORESIGHT_WriteAPDPReg(AP reg 0x01, 0x80011130)
T4568 000:700.574 - 0.216ms returns 0
T4568 000:700.590 JLINK_CORESIGHT_ReadAPDPReg(AP reg 0x03)
T4568 000:700.920   Value=0x4F0B0081
T4568 000:700.941 - 0.350ms returns 0
T4568 000:700.955 JLINK_CORESIGHT_WriteAPDPReg(AP reg 0x00, 0x80000002)
T4568 000:701.169 - 0.213ms returns 0
T4568 000:701.185 JLINK_CORESIGHT_WriteAPDPReg(AP reg 0x01, 0x80011140)
T4568 000:701.397 - 0.211ms returns 0
T4568 000:701.413 JLINK_CORESIGHT_ReadAPDPReg(AP reg 0x03)
T4568 000:701.744   Value=0x00000000
T4568 000:701.765 - 0.352ms returns 0
T4568 000:701.780 JLINK_CORESIGHT_WriteAPDPReg(AP reg 0x00, 0x80000002)
T4568 000:702.002 - 0.222ms returns 0
T4568 000:702.018 JLINK_CORESIGHT_WriteAPDPReg(AP reg 0x01, 0x80011130)
T4568 000:702.231 - 0.212ms returns 0
T4568 000:702.247 JLINK_CORESIGHT_ReadAPDPReg(AP reg 0x03)
T4568 000:702.511   Value=0xE03F0000
T4568 000:702.532 - 0.284ms returns 0
T4568 000:702.546 JLINK_CORESIGHT_WriteAPDPReg(AP reg 0x00, 0x80000002)
T4568 000:702.745 - 0.198ms returns 0
T4568 000:702.762 JLINK_CORESIGHT_WriteAPDPReg(AP reg 0x01, 0x80011140)
T4568 000:702.971 - 0.208ms returns 0
T4568 000:702.987 JLINK_CORESIGHT_ReadAPDPReg(AP reg 0x03)
T4568 000:703.246   Value=0x00000000
T4568 000:703.267 - 0.280ms returns 0
T4568 000:703.282 JLINK_CORESIGHT_WriteAPDPReg(AP reg 0x00, 0x80000002)
T4568 000:703.497 - 0.215ms returns 0
T4568 000:703.514 JLINK_CORESIGHT_WriteAPDPReg(AP reg 0x01, 0x80011130)
T4568 000:703.719 - 0.205ms returns 0
T4568 000:703.735 JLINK_CORESIGHT_ReadAPDPReg(AP reg 0x03)
T4568 000:703.999   Value=0x00003F00
T4568 000:704.020 - 0.285ms returns 0
T4568 000:704.034 JLINK_CORESIGHT_WriteAPDPReg(AP reg 0x00, 0x80000002)
T4568 000:704.244 - 0.209ms returns 0
T4568 000:704.260 JLINK_CORESIGHT_WriteAPDPReg(AP reg 0x01, 0x80011140)
T4568 000:704.473 - 0.213ms returns 0
T4568 000:704.489 JLINK_CORESIGHT_ReadAPDPReg(AP reg 0x03)
T4568 000:704.744   Value=0x00000000
T4568 000:704.766 - 0.276ms returns 0
T4568 000:704.780 JLINK_CORESIGHT_WriteAPDPReg(AP reg 0x00, 0x80000002)
T4568 000:704.996 - 0.216ms returns 0
T4568 000:705.012 JLINK_CORESIGHT_WriteAPDPReg(AP reg 0x01, 0x80011130)
T4568 000:705.227 - 0.215ms returns 0
T4568 000:705.243 JLINK_CORESIGHT_ReadAPDPReg(AP reg 0x03)
T4568 000:705.508   Value=0x03480000
T4568 000:705.529 - 0.285ms returns 0
T4568 000:705.552 JLINK_CORESIGHT_ReadAPDPReg(DP reg 0x01)
T4568 000:705.840   Value=0xF0000F40
T4568 000:705.862 - 0.309ms returns 0
T4568 000:705.876 JLINK_CORESIGHT_WriteAPDPReg(DP reg 0x01, 0xA0000F40)
T4568 000:706.090 - 0.214ms returns 0
T4568 000:706.106 JLINK_CORESIGHT_ReadAPDPReg(DP reg 0x01)
T4568 000:706.321   Value=0x00000F40
T4568 000:706.342 - 0.235ms returns 0
T4568 000:706.357 JLINK_ClrRESET()
T4568 000:706.560 - 0.203ms
T4568 000:818.457 JLINK_Close()
T4568 000:830.588 - 12.127ms
T4568 000:830.706   
T4568 000:830.739   Closed
