T61B4 000:006.921   SEGGER J-Link V7.98g Log File
T61B4 000:007.472   DLL Compiled: Sep  5 2024 11:46:36
T61B4 000:007.494   Logging started @ 2024-10-25 09:33
T61B4 000:007.513   Process: C:\Users\a5123763\.eclipse\com.renesas.platform_15818172\DebugComp\RA\e2-server-gdb.exe
T61B4 000:007.531 - 7.529ms
T61B4 000:007.560 JLINK_GetDLLVersion()
T61B4 000:007.581 - 0.022ms returns 79807
T61B4 000:018.180 JLINK_OpenEx(...)
T61B4 000:037.116   Firmware: J-Link OB-RA4M2 compiled Jul  3 2024 17:03:13
T61B4 000:039.075   Firmware: J-Link OB-RA4M2 compiled Jul  3 2024 17:03:13
T61B4 000:053.942   Hardware: V1.00
T61B4 000:054.011   S/N: 1084050377
T61B4 000:054.034   OEM: SEGGER
T61B4 000:054.061   Feature(s): None
T61B4 000:055.393   Bootloader: 2021 May 14
T61B4 000:055.845   USB speed mode: Full speed (12 MBit/s)
T61B4 000:056.865   TELNET listener socket opened on port 19021
T61B4 000:057.226   WEBSRV WEBSRV_Init(): Starting webserver thread(s)
T61B4 000:057.495   WEBSRV Webserver running on local port 19080
T61B4 000:057.787   Looking for J-Link GUI Server exe at: C:\Users\a5123763\.eclipse\com.renesas.platform_15818172\DebugComp\RA\ARM\Segger_v7.98.7\JLinkGUIServer.exe
T61B4 000:058.461   Looking for J-Link GUI Server exe at: \JLinkGUIServer.exe
T61B4 000:367.232   Failed to connect to J-Link GUI Server.
T61B4 000:368.634 - 349.432ms returns "O.K."
T61B4 000:369.289 JLINK_TIF_Select(JLINKARM_TIF_SWD)
T61B4 000:370.021 - 0.731ms returns 0x00
T61B4 000:370.076 JLINK_ClrRESET()
T61B4 000:370.371 - 0.294ms
T61B4 000:421.353 JLINK_SetSpeed(1500)
T61B4 000:421.671 - 0.328ms
T61B4 000:421.784 JLINK_CORESIGHT_Configure(PerformTIFInit=0)
T61B4 000:422.817 - 1.044ms returns 0
T61B4 000:422.938 JLINK_CORESIGHT_ReadAPDPReg(DP reg 0x00)
T61B4 000:423.552   Value=0x6BA02477
T61B4 000:423.637 - 0.700ms returns 0
T61B4 000:423.674 JLINK_CORESIGHT_WriteAPDPReg(DP reg 0x00, 0x0000001F)
T61B4 000:423.955 - 0.281ms returns 0
T61B4 000:424.025 JLINK_CORESIGHT_ReadAPDPReg(DP reg 0x00)
T61B4 000:424.305   Value=0x6BA02477
T61B4 000:424.377 - 0.352ms returns 0
T61B4 000:424.415 JLINK_CORESIGHT_WriteAPDPReg(DP reg 0x02, 0x00000000)
T61B4 000:424.700 - 0.284ms returns 0
T61B4 000:424.762 JLINK_CORESIGHT_WriteAPDPReg(DP reg 0x01, 0x50000000)
T61B4 000:425.047 - 0.285ms returns 0
T61B4 000:425.110 JLINK_CORESIGHT_ReadAPDPReg(DP reg 0x01)
T61B4 000:425.404   Value=0xF0000000
T61B4 000:425.445 - 0.334ms returns 0
T61B4 000:425.470 JLINK_CORESIGHT_WriteAPDPReg(DP reg 0x00, 0x0000001F)
T61B4 000:425.749 - 0.278ms returns 0
T61B4 000:425.784 JLINK_CORESIGHT_ReadAPDPReg(DP reg 0x00)
T61B4 000:426.139   Value=0x6BA02477
T61B4 000:426.192 - 0.408ms returns 0
T61B4 000:426.218 JLINK_CORESIGHT_WriteAPDPReg(DP reg 0x01, 0x54000000)
T61B4 000:426.423 - 0.205ms returns 0
T61B4 000:426.458 JLINK_CORESIGHT_WriteAPDPReg(DP reg 0x01, 0x50000F00)
T61B4 000:426.706 - 0.248ms returns 0
T61B4 000:426.739 JLINK_CORESIGHT_WriteAPDPReg(DP reg 0x02, 0x01000000)
T61B4 000:426.988 - 0.248ms returns 0
T61B4 000:427.022 JLINK_CORESIGHT_WriteAPDPReg(AP reg 0x00, 0x80000002)
T61B4 000:427.329 - 0.307ms returns 0
T61B4 000:427.363 JLINK_CORESIGHT_WriteAPDPReg(AP reg 0x01, 0x80011100)
T61B4 000:427.665 - 0.301ms returns 0
T61B4 000:427.712 JLINK_CORESIGHT_WriteAPDPReg(AP reg 0x03, 0x000000A5)
T61B4 000:427.918 - 0.206ms returns 0
T61B4 000:427.952 JLINK_CORESIGHT_WriteAPDPReg(AP reg 0x00, 0x80000002)
T61B4 000:428.185 - 0.233ms returns 0
T61B4 000:428.220 JLINK_CORESIGHT_WriteAPDPReg(AP reg 0x01, 0x80011100)
T61B4 000:428.415 - 0.195ms returns 0
T61B4 000:428.449 JLINK_CORESIGHT_ReadAPDPReg(AP reg 0x03)
T61B4 000:428.754   Value=0x000000A5
T61B4 000:428.809 - 0.360ms returns 0
T61B4 000:428.840 JLINK_ClrTMS()
T61B4 000:428.910 - 0.075ms
T61B4 000:434.845 JLINK_SetTCK()
T61B4 000:435.006 - 0.160ms returns 0
T61B4 000:440.957 JLINK_SetRESET()
T61B4 000:441.107 - 0.149ms
T61B4 000:641.392 JLINK_CORESIGHT_WriteAPDPReg(AP reg 0x00, 0x80000002)
T61B4 000:641.920 - 0.528ms returns 0
T61B4 000:642.025 JLINK_CORESIGHT_WriteAPDPReg(AP reg 0x01, 0x80011100)
T61B4 000:642.502 - 0.475ms returns 0
T61B4 000:642.634 JLINK_CORESIGHT_ReadAPDPReg(AP reg 0x03)
T61B4 000:643.048   Value=0x00000000
T61B4 000:643.123 - 0.488ms returns 0
T61B4 000:643.161 JLINK_CORESIGHT_WriteAPDPReg(AP reg 0x00, 0x80000002)
T61B4 000:643.548 - 0.387ms returns 0
T61B4 000:643.645 JLINK_CORESIGHT_WriteAPDPReg(AP reg 0x01, 0x80011140)
T61B4 000:644.014 - 0.368ms returns 0
T61B4 000:644.089 JLINK_CORESIGHT_ReadAPDPReg(AP reg 0x03)
T61B4 000:644.506   Value=0x00000002
T61B4 000:644.595 - 0.505ms returns 0
T61B4 000:644.637 JLINK_CORESIGHT_WriteAPDPReg(AP reg 0x00, 0x80000002)
T61B4 000:644.999 - 0.361ms returns 0
T61B4 000:645.072 JLINK_CORESIGHT_WriteAPDPReg(AP reg 0x01, 0x80011120)
T61B4 000:645.447 - 0.374ms returns 0
T61B4 000:645.529 JLINK_CORESIGHT_WriteAPDPReg(AP reg 0x03, 0x00000055)
T61B4 000:645.946 - 0.416ms returns 0
T61B4 000:646.012 JLINK_CORESIGHT_WriteAPDPReg(AP reg 0x00, 0x80000002)
T61B4 000:646.387 - 0.374ms returns 0
T61B4 000:646.449 JLINK_CORESIGHT_WriteAPDPReg(AP reg 0x01, 0x80011140)
T61B4 000:646.844 - 0.395ms returns 0
T61B4 000:646.886 JLINK_CORESIGHT_ReadAPDPReg(AP reg 0x03)
T61B4 000:647.191   Value=0x00000000
T61B4 000:647.238 - 0.351ms returns 0
T61B4 000:647.263 JLINK_CORESIGHT_WriteAPDPReg(AP reg 0x00, 0x80000002)
T61B4 000:647.471 - 0.208ms returns 0
T61B4 000:647.513 JLINK_CORESIGHT_WriteAPDPReg(AP reg 0x01, 0x80011130)
T61B4 000:647.829 - 0.316ms returns 0
T61B4 000:647.876 JLINK_CORESIGHT_ReadAPDPReg(AP reg 0x03)
T61B4 000:648.235   Value=0x000000C6
T61B4 000:648.283 - 0.407ms returns 0
T61B4 000:648.312 JLINK_CORESIGHT_WriteAPDPReg(AP reg 0x00, 0x80000002)
T61B4 000:648.642 - 0.329ms returns 0
T61B4 000:648.684 JLINK_CORESIGHT_WriteAPDPReg(AP reg 0x01, 0x80011140)
T61B4 000:649.017 - 0.333ms returns 0
T61B4 000:649.067 JLINK_CORESIGHT_ReadAPDPReg(AP reg 0x03)
T61B4 000:649.430   Value=0x00000002
T61B4 000:649.485 - 0.417ms returns 0
T61B4 000:649.509 JLINK_CORESIGHT_WriteAPDPReg(AP reg 0x00, 0x80000002)
T61B4 000:649.844 - 0.334ms returns 0
T61B4 000:649.886 JLINK_CORESIGHT_WriteAPDPReg(AP reg 0x01, 0x80011120)
T61B4 000:650.181 - 0.295ms returns 0
T61B4 000:650.216 JLINK_CORESIGHT_WriteAPDPReg(AP reg 0x03, 0x3A010001)
T61B4 000:650.502 - 0.285ms returns 0
T61B4 000:650.560 JLINK_CORESIGHT_WriteAPDPReg(AP reg 0x00, 0x80000002)
T61B4 000:650.828 - 0.267ms returns 0
T61B4 000:650.867 JLINK_CORESIGHT_WriteAPDPReg(AP reg 0x01, 0x80011140)
T61B4 000:651.120 - 0.252ms returns 0
T61B4 000:651.156 JLINK_CORESIGHT_ReadAPDPReg(AP reg 0x03)
T61B4 000:651.432   Value=0x00000002
T61B4 000:651.484 - 0.328ms returns 0
T61B4 000:651.597 JLINK_CORESIGHT_WriteAPDPReg(AP reg 0x00, 0x80000002)
T61B4 000:651.872 - 0.275ms returns 0
T61B4 000:651.907 JLINK_CORESIGHT_WriteAPDPReg(AP reg 0x01, 0x80011120)
T61B4 000:652.223 - 0.316ms returns 0
T61B4 000:652.256 JLINK_CORESIGHT_WriteAPDPReg(AP reg 0x03, 0x000003C5)
T61B4 000:652.463 - 0.207ms returns 0
T61B4 000:652.513 JLINK_CORESIGHT_WriteAPDPReg(AP reg 0x00, 0x80000002)
T61B4 000:652.764 - 0.251ms returns 0
T61B4 000:652.798 JLINK_CORESIGHT_WriteAPDPReg(AP reg 0x01, 0x80011140)
T61B4 000:653.121 - 0.322ms returns 0
T61B4 000:653.154 JLINK_CORESIGHT_ReadAPDPReg(AP reg 0x03)
T61B4 000:653.454   Value=0x00000000
T61B4 000:653.494 - 0.339ms returns 0
T61B4 000:653.518 JLINK_CORESIGHT_WriteAPDPReg(AP reg 0x00, 0x80000002)
T61B4 000:653.742 - 0.223ms returns 0
T61B4 000:653.774 JLINK_CORESIGHT_WriteAPDPReg(AP reg 0x01, 0x80011130)
T61B4 000:654.004 - 0.230ms returns 0
T61B4 000:654.036 JLINK_CORESIGHT_ReadAPDPReg(AP reg 0x03)
T61B4 000:654.308   Value=0x3A2A0081
T61B4 000:654.358 - 0.321ms returns 0
T61B4 000:654.381 JLINK_CORESIGHT_WriteAPDPReg(AP reg 0x00, 0x80000002)
T61B4 000:654.636 - 0.254ms returns 0
T61B4 000:654.671 JLINK_CORESIGHT_WriteAPDPReg(AP reg 0x01, 0x80011140)
T61B4 000:654.979 - 0.307ms returns 0
T61B4 000:655.012 JLINK_CORESIGHT_ReadAPDPReg(AP reg 0x03)
T61B4 000:655.396   Value=0x00000000
T61B4 000:655.435 - 0.423ms returns 0
T61B4 000:655.466 JLINK_CORESIGHT_WriteAPDPReg(AP reg 0x00, 0x80000002)
T61B4 000:655.747 - 0.280ms returns 0
T61B4 000:655.804 JLINK_CORESIGHT_WriteAPDPReg(AP reg 0x01, 0x80011130)
T61B4 000:656.028 - 0.225ms returns 0
T61B4 000:656.065 JLINK_CORESIGHT_ReadAPDPReg(AP reg 0x03)
T61B4 000:656.352   Value=0x808D5B00
T61B4 000:656.392 - 0.327ms returns 0
T61B4 000:656.416 JLINK_CORESIGHT_WriteAPDPReg(AP reg 0x00, 0x80000002)
T61B4 000:656.650 - 0.234ms returns 0
T61B4 000:656.682 JLINK_CORESIGHT_WriteAPDPReg(AP reg 0x01, 0x80011140)
T61B4 000:656.975 - 0.292ms returns 0
T61B4 000:657.012 JLINK_CORESIGHT_ReadAPDPReg(AP reg 0x03)
T61B4 000:657.278   Value=0x00000000
T61B4 000:657.320 - 0.308ms returns 0
T61B4 000:657.343 JLINK_CORESIGHT_WriteAPDPReg(AP reg 0x00, 0x80000002)
T61B4 000:657.605 - 0.262ms returns 0
T61B4 000:657.638 JLINK_CORESIGHT_WriteAPDPReg(AP reg 0x01, 0x80011130)
T61B4 000:657.851 - 0.213ms returns 0
T61B4 000:657.883 JLINK_CORESIGHT_ReadAPDPReg(AP reg 0x03)
T61B4 000:658.143   Value=0x0603030B
T61B4 000:658.181 - 0.298ms returns 0
T61B4 000:658.205 JLINK_CORESIGHT_WriteAPDPReg(AP reg 0x00, 0x80000002)
T61B4 000:658.414 - 0.209ms returns 0
T61B4 000:658.450 JLINK_CORESIGHT_WriteAPDPReg(AP reg 0x01, 0x80011140)
T61B4 000:658.721 - 0.271ms returns 0
T61B4 000:658.756 JLINK_CORESIGHT_ReadAPDPReg(AP reg 0x03)
T61B4 000:659.029   Value=0x00000000
T61B4 000:659.071 - 0.315ms returns 0
T61B4 000:659.094 JLINK_CORESIGHT_WriteAPDPReg(AP reg 0x00, 0x80000002)
T61B4 000:659.299 - 0.205ms returns 0
T61B4 000:659.332 JLINK_CORESIGHT_WriteAPDPReg(AP reg 0x01, 0x80011130)
T61B4 000:659.604 - 0.272ms returns 0
T61B4 000:659.639 JLINK_CORESIGHT_ReadAPDPReg(AP reg 0x03)
T61B4 000:659.925   Value=0x2F4B4E20
T61B4 000:659.973 - 0.334ms returns 0
T61B4 000:659.997 JLINK_CORESIGHT_WriteAPDPReg(AP reg 0x00, 0x80000002)
T61B4 000:660.211 - 0.214ms returns 0
T61B4 000:660.245 JLINK_CORESIGHT_WriteAPDPReg(AP reg 0x01, 0x80011140)
T61B4 000:660.453 - 0.207ms returns 0
T61B4 000:660.485 JLINK_CORESIGHT_ReadAPDPReg(AP reg 0x03)
T61B4 000:660.768   Value=0x00000000
T61B4 000:660.821 - 0.335ms returns 0
T61B4 000:660.845 JLINK_CORESIGHT_WriteAPDPReg(AP reg 0x00, 0x80000002)
T61B4 000:661.055 - 0.210ms returns 0
T61B4 000:661.089 JLINK_CORESIGHT_WriteAPDPReg(AP reg 0x01, 0x80011130)
T61B4 000:661.280 - 0.191ms returns 0
T61B4 000:661.314 JLINK_CORESIGHT_ReadAPDPReg(AP reg 0x03)
T61B4 000:661.609   Value=0x4795230A
T61B4 000:661.649 - 0.334ms returns 0
T61B4 000:661.673 JLINK_CORESIGHT_WriteAPDPReg(AP reg 0x00, 0x80000002)
T61B4 000:661.879 - 0.207ms returns 0
T61B4 000:661.911 JLINK_CORESIGHT_WriteAPDPReg(AP reg 0x01, 0x80011140)
T61B4 000:662.222 - 0.311ms returns 0
T61B4 000:662.258 JLINK_CORESIGHT_ReadAPDPReg(AP reg 0x03)
T61B4 000:662.529   Value=0x00000000
T61B4 000:662.571 - 0.312ms returns 0
T61B4 000:662.593 JLINK_CORESIGHT_WriteAPDPReg(AP reg 0x00, 0x80000002)
T61B4 000:662.816 - 0.223ms returns 0
T61B4 000:662.850 JLINK_CORESIGHT_WriteAPDPReg(AP reg 0x01, 0x80011130)
T61B4 000:663.096 - 0.245ms returns 0
T61B4 000:663.129 JLINK_CORESIGHT_ReadAPDPReg(AP reg 0x03)
T61B4 000:663.387   Value=0x39353553
T61B4 000:663.434 - 0.305ms returns 0
T61B4 000:663.456 JLINK_CORESIGHT_WriteAPDPReg(AP reg 0x00, 0x80000002)
T61B4 000:663.725 - 0.269ms returns 0
T61B4 000:663.757 JLINK_CORESIGHT_WriteAPDPReg(AP reg 0x01, 0x80011140)
T61B4 000:663.997 - 0.240ms returns 0
T61B4 000:664.028 JLINK_CORESIGHT_ReadAPDPReg(AP reg 0x03)
T61B4 000:664.279   Value=0x00000000
T61B4 000:664.318 - 0.290ms returns 0
T61B4 000:664.342 JLINK_CORESIGHT_WriteAPDPReg(AP reg 0x00, 0x80000002)
T61B4 000:664.608 - 0.265ms returns 0
T61B4 000:664.649 JLINK_CORESIGHT_WriteAPDPReg(AP reg 0x01, 0x80011130)
T61B4 000:664.881 - 0.231ms returns 0
T61B4 000:664.914 JLINK_CORESIGHT_ReadAPDPReg(AP reg 0x03)
T61B4 000:665.179   Value=0x78144333
T61B4 000:665.222 - 0.307ms returns 0
T61B4 000:665.245 JLINK_CORESIGHT_WriteAPDPReg(AP reg 0x00, 0x80000002)
T61B4 000:665.452 - 0.207ms returns 0
T61B4 000:665.487 JLINK_CORESIGHT_WriteAPDPReg(AP reg 0x01, 0x80011140)
T61B4 000:665.720 - 0.232ms returns 0
T61B4 000:665.753 JLINK_CORESIGHT_ReadAPDPReg(AP reg 0x03)
T61B4 000:666.027   Value=0x00000000
T61B4 000:666.066 - 0.312ms returns 0
T61B4 000:666.088 JLINK_CORESIGHT_WriteAPDPReg(AP reg 0x00, 0x80000002)
T61B4 000:666.311 - 0.223ms returns 0
T61B4 000:666.341 JLINK_CORESIGHT_WriteAPDPReg(AP reg 0x01, 0x80011130)
T61B4 000:666.615 - 0.274ms returns 0
T61B4 000:666.653 JLINK_CORESIGHT_ReadAPDPReg(AP reg 0x03)
T61B4 000:666.933   Value=0x463752A2
T61B4 000:666.971 - 0.318ms returns 0
T61B4 000:666.992 JLINK_CORESIGHT_WriteAPDPReg(AP reg 0x00, 0x80000002)
T61B4 000:667.224 - 0.232ms returns 0
T61B4 000:667.264 JLINK_CORESIGHT_WriteAPDPReg(AP reg 0x01, 0x80011140)
T61B4 000:667.471 - 0.206ms returns 0
T61B4 000:667.506 JLINK_CORESIGHT_ReadAPDPReg(AP reg 0x03)
T61B4 000:667.784   Value=0x00000000
T61B4 000:667.820 - 0.314ms returns 0
T61B4 000:667.841 JLINK_CORESIGHT_WriteAPDPReg(AP reg 0x00, 0x80000002)
T61B4 000:668.050 - 0.209ms returns 0
T61B4 000:668.085 JLINK_CORESIGHT_WriteAPDPReg(AP reg 0x01, 0x80011130)
T61B4 000:668.307 - 0.222ms returns 0
T61B4 000:668.344 JLINK_CORESIGHT_ReadAPDPReg(AP reg 0x03)
T61B4 000:668.629   Value=0x314D3841
T61B4 000:668.664 - 0.320ms returns 0
T61B4 000:668.686 JLINK_CORESIGHT_WriteAPDPReg(AP reg 0x00, 0x80000002)
T61B4 000:668.971 - 0.284ms returns 0
T61B4 000:669.003 JLINK_CORESIGHT_WriteAPDPReg(AP reg 0x01, 0x80011140)
T61B4 000:669.208 - 0.205ms returns 0
T61B4 000:669.238 JLINK_CORESIGHT_ReadAPDPReg(AP reg 0x03)
T61B4 000:669.531   Value=0x00000000
T61B4 000:669.569 - 0.331ms returns 0
T61B4 000:669.593 JLINK_CORESIGHT_WriteAPDPReg(AP reg 0x00, 0x80000002)
T61B4 000:669.816 - 0.222ms returns 0
T61B4 000:669.850 JLINK_CORESIGHT_WriteAPDPReg(AP reg 0x01, 0x80011130)
T61B4 000:670.056 - 0.206ms returns 0
T61B4 000:670.088 JLINK_CORESIGHT_ReadAPDPReg(AP reg 0x03)
T61B4 000:670.353   Value=0x43454841
T61B4 000:670.392 - 0.304ms returns 0
T61B4 000:670.414 JLINK_CORESIGHT_WriteAPDPReg(AP reg 0x00, 0x80000002)
T61B4 000:670.632 - 0.217ms returns 0
T61B4 000:670.669 JLINK_CORESIGHT_WriteAPDPReg(AP reg 0x01, 0x80011140)
T61B4 000:670.983 - 0.315ms returns 0
T61B4 000:671.018 JLINK_CORESIGHT_ReadAPDPReg(AP reg 0x03)
T61B4 000:671.306   Value=0x00000000
T61B4 000:671.342 - 0.324ms returns 0
T61B4 000:671.365 JLINK_CORESIGHT_WriteAPDPReg(AP reg 0x00, 0x80000002)
T61B4 000:671.606 - 0.241ms returns 0
T61B4 000:671.639 JLINK_CORESIGHT_WriteAPDPReg(AP reg 0x01, 0x80011130)
T61B4 000:671.858 - 0.219ms returns 0
T61B4 000:671.887 JLINK_CORESIGHT_ReadAPDPReg(AP reg 0x03)
T61B4 000:672.143   Value=0x20204442
T61B4 000:672.180 - 0.292ms returns 0
T61B4 000:672.201 JLINK_CORESIGHT_WriteAPDPReg(AP reg 0x00, 0x80000002)
T61B4 000:672.404 - 0.203ms returns 0
T61B4 000:672.434 JLINK_CORESIGHT_WriteAPDPReg(AP reg 0x01, 0x80011140)
T61B4 000:672.672 - 0.237ms returns 0
T61B4 000:672.701 JLINK_CORESIGHT_ReadAPDPReg(AP reg 0x03)
T61B4 000:672.977   Value=0x00000000
T61B4 000:673.017 - 0.315ms returns 0
T61B4 000:673.038 JLINK_CORESIGHT_WriteAPDPReg(AP reg 0x00, 0x80000002)
T61B4 000:673.252 - 0.213ms returns 0
T61B4 000:673.286 JLINK_CORESIGHT_WriteAPDPReg(AP reg 0x01, 0x80011130)
T61B4 000:673.502 - 0.216ms returns 0
T61B4 000:673.533 JLINK_CORESIGHT_ReadAPDPReg(AP reg 0x03)
T61B4 000:673.792   Value=0x0003D520
T61B4 000:673.843 - 0.309ms returns 0
T61B4 000:673.969 JLINK_CORESIGHT_WriteAPDPReg(AP reg 0x00, 0x80000002)
T61B4 000:674.179 - 0.210ms returns 0
T61B4 000:674.212 JLINK_CORESIGHT_WriteAPDPReg(AP reg 0x01, 0x80011140)
T61B4 000:674.425 - 0.212ms returns 0
T61B4 000:674.465 JLINK_CORESIGHT_ReadAPDPReg(AP reg 0x03)
T61B4 000:674.775   Value=0x00000002
T61B4 000:674.829 - 0.364ms returns 0
T61B4 000:674.855 JLINK_CORESIGHT_WriteAPDPReg(AP reg 0x00, 0x80000002)
T61B4 000:675.095 - 0.239ms returns 0
T61B4 000:675.130 JLINK_CORESIGHT_WriteAPDPReg(AP reg 0x01, 0x80011120)
T61B4 000:675.348 - 0.218ms returns 0
T61B4 000:675.381 JLINK_CORESIGHT_WriteAPDPReg(AP reg 0x03, 0x2C010001)
T61B4 000:675.722 - 0.340ms returns 0
T61B4 000:675.757 JLINK_CORESIGHT_WriteAPDPReg(AP reg 0x00, 0x80000002)
T61B4 000:675.977 - 0.219ms returns 0
T61B4 000:676.015 JLINK_CORESIGHT_WriteAPDPReg(AP reg 0x01, 0x80011140)
T61B4 000:676.225 - 0.210ms returns 0
T61B4 000:676.261 JLINK_CORESIGHT_ReadAPDPReg(AP reg 0x03)
T61B4 000:676.523   Value=0x00000002
T61B4 000:676.564 - 0.303ms returns 0
T61B4 000:676.586 JLINK_CORESIGHT_WriteAPDPReg(AP reg 0x00, 0x80000002)
T61B4 000:676.806 - 0.220ms returns 0
T61B4 000:676.839 JLINK_CORESIGHT_WriteAPDPReg(AP reg 0x01, 0x80011120)
T61B4 000:677.048 - 0.209ms returns 0
T61B4 000:677.080 JLINK_CORESIGHT_WriteAPDPReg(AP reg 0x03, 0x000003D3)
T61B4 000:677.287 - 0.206ms returns 0
T61B4 000:677.325 JLINK_CORESIGHT_WriteAPDPReg(AP reg 0x00, 0x80000002)
T61B4 000:677.605 - 0.280ms returns 0
T61B4 000:677.639 JLINK_CORESIGHT_WriteAPDPReg(AP reg 0x01, 0x80011140)
T61B4 000:677.852 - 0.213ms returns 0
T61B4 000:677.886 JLINK_CORESIGHT_ReadAPDPReg(AP reg 0x03)
T61B4 000:678.135   Value=0x00000002
T61B4 000:678.174 - 0.287ms returns 0
T61B4 000:678.201 JLINK_CORESIGHT_ReadAPDPReg(AP reg 0x03)
T61B4 000:678.523   Value=0x00000002
T61B4 000:678.563 - 0.361ms returns 0
T61B4 000:678.587 JLINK_CORESIGHT_ReadAPDPReg(AP reg 0x03)
T61B4 000:678.855   Value=0x00000002
T61B4 000:678.900 - 0.312ms returns 0
T61B4 000:678.925 JLINK_CORESIGHT_ReadAPDPReg(AP reg 0x03)
T61B4 000:679.177   Value=0x00000002
T61B4 000:679.224 - 0.298ms returns 0
T61B4 000:679.252 JLINK_CORESIGHT_ReadAPDPReg(AP reg 0x03)
T61B4 000:679.514   Value=0x00000002
T61B4 000:679.556 - 0.303ms returns 0
T61B4 000:679.582 JLINK_CORESIGHT_ReadAPDPReg(AP reg 0x03)
T61B4 000:679.845   Value=0x00000002
T61B4 000:679.884 - 0.301ms returns 0
T61B4 000:679.907 JLINK_CORESIGHT_ReadAPDPReg(AP reg 0x03)
T61B4 000:680.154   Value=0x00000002
T61B4 000:680.194 - 0.286ms returns 0
T61B4 000:680.220 JLINK_CORESIGHT_ReadAPDPReg(AP reg 0x03)
T61B4 000:680.483   Value=0x00000002
T61B4 000:680.526 - 0.306ms returns 0
T61B4 000:680.551 JLINK_CORESIGHT_ReadAPDPReg(AP reg 0x03)
T61B4 000:680.821   Value=0x00000002
T61B4 000:680.863 - 0.312ms returns 0
T61B4 000:680.888 JLINK_CORESIGHT_ReadAPDPReg(AP reg 0x03)
T61B4 000:681.154   Value=0x00000000
T61B4 000:681.193 - 0.304ms returns 0
T61B4 000:681.219 JLINK_CORESIGHT_WriteAPDPReg(AP reg 0x00, 0x80000002)
T61B4 000:681.423 - 0.204ms returns 0
T61B4 000:681.503 JLINK_CORESIGHT_WriteAPDPReg(AP reg 0x01, 0x80011130)
T61B4 000:681.722 - 0.218ms returns 0
T61B4 000:681.758 JLINK_CORESIGHT_ReadAPDPReg(AP reg 0x03)
T61B4 000:682.030   Value=0x2C020081
T61B4 000:682.076 - 0.318ms returns 0
T61B4 000:682.102 JLINK_CORESIGHT_WriteAPDPReg(AP reg 0x00, 0x80000002)
T61B4 000:682.305 - 0.203ms returns 0
T61B4 000:682.341 JLINK_CORESIGHT_WriteAPDPReg(AP reg 0x01, 0x80011140)
T61B4 000:682.611 - 0.270ms returns 0
T61B4 000:682.658 JLINK_CORESIGHT_ReadAPDPReg(AP reg 0x03)
T61B4 000:682.953   Value=0x00000000
T61B4 000:682.994 - 0.335ms returns 0
T61B4 000:683.021 JLINK_CORESIGHT_WriteAPDPReg(AP reg 0x00, 0x80000002)
T61B4 000:683.259 - 0.237ms returns 0
T61B4 000:683.299 JLINK_CORESIGHT_WriteAPDPReg(AP reg 0x01, 0x80011130)
T61B4 000:683.609 - 0.309ms returns 0
T61B4 000:683.641 JLINK_CORESIGHT_ReadAPDPReg(AP reg 0x03)
T61B4 000:683.907   Value=0x0003CE04
T61B4 000:683.960 - 0.318ms returns 0
T61B4 000:684.024 JLINK_CORESIGHT_WriteAPDPReg(AP reg 0x00, 0x80000002)
T61B4 000:684.248 - 0.223ms returns 0
T61B4 000:684.289 JLINK_CORESIGHT_WriteAPDPReg(AP reg 0x01, 0x80011140)
T61B4 000:684.532 - 0.242ms returns 0
T61B4 000:684.567 JLINK_CORESIGHT_ReadAPDPReg(AP reg 0x03)
T61B4 000:684.843   Value=0x00000002
T61B4 000:684.880 - 0.312ms returns 0
T61B4 000:684.902 JLINK_CORESIGHT_WriteAPDPReg(AP reg 0x00, 0x80000002)
T61B4 000:685.110 - 0.208ms returns 0
T61B4 000:685.141 JLINK_CORESIGHT_WriteAPDPReg(AP reg 0x01, 0x80011120)
T61B4 000:685.356 - 0.215ms returns 0
T61B4 000:685.393 JLINK_CORESIGHT_WriteAPDPReg(AP reg 0x03, 0x73010001)
T61B4 000:685.609 - 0.215ms returns 0
T61B4 000:685.644 JLINK_CORESIGHT_WriteAPDPReg(AP reg 0x00, 0x80000002)
T61B4 000:685.878 - 0.234ms returns 0
T61B4 000:685.912 JLINK_CORESIGHT_WriteAPDPReg(AP reg 0x01, 0x80011140)
T61B4 000:686.129 - 0.217ms returns 0
T61B4 000:686.159 JLINK_CORESIGHT_ReadAPDPReg(AP reg 0x03)
T61B4 000:686.464   Value=0x00000002
T61B4 000:686.507 - 0.347ms returns 0
T61B4 000:686.530 JLINK_CORESIGHT_WriteAPDPReg(AP reg 0x00, 0x80000002)
T61B4 000:686.739 - 0.209ms returns 0
T61B4 000:686.777 JLINK_CORESIGHT_WriteAPDPReg(AP reg 0x01, 0x80011120)
T61B4 000:687.011 - 0.234ms returns 0
T61B4 000:687.040 JLINK_CORESIGHT_WriteAPDPReg(AP reg 0x03, 0x0000038C)
T61B4 000:687.256 - 0.216ms returns 0
T61B4 000:687.283 JLINK_CORESIGHT_WriteAPDPReg(AP reg 0x00, 0x80000002)
T61B4 000:687.609 - 0.325ms returns 0
T61B4 000:687.638 JLINK_CORESIGHT_WriteAPDPReg(AP reg 0x01, 0x80011140)
T61B4 000:687.858 - 0.220ms returns 0
T61B4 000:687.908 JLINK_CORESIGHT_ReadAPDPReg(AP reg 0x03)
T61B4 000:688.176   Value=0x00000002
T61B4 000:688.234 - 0.326ms returns 0
T61B4 000:688.255 JLINK_CORESIGHT_ReadAPDPReg(AP reg 0x03)
T61B4 000:688.527   Value=0x00000002
T61B4 000:688.570 - 0.315ms returns 0
T61B4 000:688.599 JLINK_CORESIGHT_ReadAPDPReg(AP reg 0x03)
T61B4 000:688.852   Value=0x00000000
T61B4 000:688.887 - 0.287ms returns 0
T61B4 000:688.911 JLINK_CORESIGHT_WriteAPDPReg(AP reg 0x00, 0x80000002)
T61B4 000:689.221 - 0.309ms returns 0
T61B4 000:689.252 JLINK_CORESIGHT_WriteAPDPReg(AP reg 0x01, 0x80011130)
T61B4 000:689.458 - 0.206ms returns 0
T61B4 000:689.489 JLINK_CORESIGHT_ReadAPDPReg(AP reg 0x03)
T61B4 000:689.782   Value=0x73020081
T61B4 000:689.817 - 0.328ms returns 0
T61B4 000:689.838 JLINK_CORESIGHT_WriteAPDPReg(AP reg 0x00, 0x80000002)
T61B4 000:690.045 - 0.207ms returns 0
T61B4 000:690.074 JLINK_CORESIGHT_WriteAPDPReg(AP reg 0x01, 0x80011140)
T61B4 000:690.285 - 0.210ms returns 0
T61B4 000:690.318 JLINK_CORESIGHT_ReadAPDPReg(AP reg 0x03)
T61B4 000:690.605   Value=0x00000000
T61B4 000:690.642 - 0.323ms returns 0
T61B4 000:690.663 JLINK_CORESIGHT_WriteAPDPReg(AP reg 0x00, 0x80000002)
T61B4 000:690.877 - 0.215ms returns 0
T61B4 000:690.909 JLINK_CORESIGHT_WriteAPDPReg(AP reg 0x01, 0x80011130)
T61B4 000:691.127 - 0.218ms returns 0
T61B4 000:691.157 JLINK_CORESIGHT_ReadAPDPReg(AP reg 0x03)
T61B4 000:691.424   Value=0x00038902
T61B4 000:691.462 - 0.305ms returns 0
T61B4 000:691.486 JLINK_CORESIGHT_WriteAPDPReg(AP reg 0x00, 0x80000002)
T61B4 000:691.721 - 0.235ms returns 0
T61B4 000:691.757 JLINK_CORESIGHT_WriteAPDPReg(AP reg 0x01, 0x80011140)
T61B4 000:691.977 - 0.220ms returns 0
T61B4 000:692.008 JLINK_CORESIGHT_ReadAPDPReg(AP reg 0x03)
T61B4 000:692.261   Value=0x00000002
T61B4 000:692.298 - 0.290ms returns 0
T61B4 000:692.323 JLINK_CORESIGHT_WriteAPDPReg(AP reg 0x00, 0x80000002)
T61B4 000:692.604 - 0.281ms returns 0
T61B4 000:692.634 JLINK_CORESIGHT_WriteAPDPReg(AP reg 0x01, 0x80011120)
T61B4 000:692.844 - 0.209ms returns 0
T61B4 000:692.879 JLINK_CORESIGHT_WriteAPDPReg(AP reg 0x03, 0x75010001)
T61B4 000:693.086 - 0.207ms returns 0
T61B4 000:693.117 JLINK_CORESIGHT_WriteAPDPReg(AP reg 0x00, 0x80000002)
T61B4 000:693.328 - 0.210ms returns 0
T61B4 000:693.360 JLINK_CORESIGHT_WriteAPDPReg(AP reg 0x01, 0x80011140)
T61B4 000:693.605 - 0.245ms returns 0
T61B4 000:693.637 JLINK_CORESIGHT_ReadAPDPReg(AP reg 0x03)
T61B4 000:693.898   Value=0x00000002
T61B4 000:693.940 - 0.303ms returns 0
T61B4 000:693.964 JLINK_CORESIGHT_WriteAPDPReg(AP reg 0x00, 0x80000002)
T61B4 000:694.174 - 0.211ms returns 0
T61B4 000:694.207 JLINK_CORESIGHT_WriteAPDPReg(AP reg 0x01, 0x80011120)
T61B4 000:694.414 - 0.207ms returns 0
T61B4 000:694.446 JLINK_CORESIGHT_WriteAPDPReg(AP reg 0x03, 0x0000038A)
T61B4 000:694.721 - 0.275ms returns 0
T61B4 000:694.753 JLINK_CORESIGHT_WriteAPDPReg(AP reg 0x00, 0x80000002)
T61B4 000:695.002 - 0.248ms returns 0
T61B4 000:695.032 JLINK_CORESIGHT_WriteAPDPReg(AP reg 0x01, 0x80011140)
T61B4 000:695.253 - 0.221ms returns 0
T61B4 000:695.288 JLINK_CORESIGHT_ReadAPDPReg(AP reg 0x03)
T61B4 000:695.609   Value=0x00000002
T61B4 000:695.651 - 0.362ms returns 0
T61B4 000:695.673 JLINK_CORESIGHT_ReadAPDPReg(AP reg 0x03)
T61B4 000:695.927   Value=0x00000002
T61B4 000:695.964 - 0.292ms returns 0
T61B4 000:695.988 JLINK_CORESIGHT_ReadAPDPReg(AP reg 0x03)
T61B4 000:696.256   Value=0x00000002
T61B4 000:696.294 - 0.305ms returns 0
T61B4 000:696.316 JLINK_CORESIGHT_ReadAPDPReg(AP reg 0x03)
T61B4 000:696.632   Value=0x00000002
T61B4 000:696.675 - 0.358ms returns 0
T61B4 000:696.697 JLINK_CORESIGHT_ReadAPDPReg(AP reg 0x03)
T61B4 000:697.023   Value=0x00000002
T61B4 000:697.065 - 0.367ms returns 0
T61B4 000:697.090 JLINK_CORESIGHT_ReadAPDPReg(AP reg 0x03)
T61B4 000:697.352   Value=0x00000000
T61B4 000:697.393 - 0.302ms returns 0
T61B4 000:697.416 JLINK_CORESIGHT_WriteAPDPReg(AP reg 0x00, 0x80000002)
T61B4 000:697.631 - 0.216ms returns 0
T61B4 000:697.666 JLINK_CORESIGHT_WriteAPDPReg(AP reg 0x01, 0x80011130)
T61B4 000:697.974 - 0.308ms returns 0
T61B4 000:698.007 JLINK_CORESIGHT_ReadAPDPReg(AP reg 0x03)
T61B4 000:698.295   Value=0x75020081
T61B4 000:698.363 - 0.355ms returns 0
T61B4 000:698.400 JLINK_CORESIGHT_WriteAPDPReg(AP reg 0x00, 0x80000002)
T61B4 000:698.633 - 0.232ms returns 0
T61B4 000:698.669 JLINK_CORESIGHT_WriteAPDPReg(AP reg 0x01, 0x80011140)
T61B4 000:698.972 - 0.303ms returns 0
T61B4 000:699.003 JLINK_CORESIGHT_ReadAPDPReg(AP reg 0x03)
T61B4 000:699.255   Value=0x00000000
T61B4 000:699.294 - 0.290ms returns 0
T61B4 000:699.318 JLINK_CORESIGHT_WriteAPDPReg(AP reg 0x00, 0x80000002)
T61B4 000:699.607 - 0.289ms returns 0
T61B4 000:699.642 JLINK_CORESIGHT_WriteAPDPReg(AP reg 0x01, 0x80011130)
T61B4 000:699.853 - 0.211ms returns 0
T61B4 000:699.889 JLINK_CORESIGHT_ReadAPDPReg(AP reg 0x03)
T61B4 000:700.153   Value=0x00038702
T61B4 000:700.191 - 0.302ms returns 0
T61B4 000:700.222 JLINK_CORESIGHT_WriteAPDPReg(AP reg 0x00, 0x80000002)
T61B4 000:700.441 - 0.220ms returns 0
T61B4 000:700.476 JLINK_CORESIGHT_WriteAPDPReg(AP reg 0x01, 0x80011140)
T61B4 000:700.721 - 0.245ms returns 0
T61B4 000:700.759 JLINK_CORESIGHT_ReadAPDPReg(AP reg 0x03)
T61B4 000:701.055   Value=0x00000002
T61B4 000:701.098 - 0.338ms returns 0
T61B4 000:701.121 JLINK_CORESIGHT_WriteAPDPReg(AP reg 0x00, 0x80000002)
T61B4 000:701.348 - 0.226ms returns 0
T61B4 000:701.383 JLINK_CORESIGHT_WriteAPDPReg(AP reg 0x01, 0x80011120)
T61B4 000:701.726 - 0.343ms returns 0
T61B4 000:701.766 JLINK_CORESIGHT_WriteAPDPReg(AP reg 0x03, 0x4F010001)
T61B4 000:702.010 - 0.243ms returns 0
T61B4 000:702.046 JLINK_CORESIGHT_WriteAPDPReg(AP reg 0x00, 0x80000002)
T61B4 000:702.355 - 0.308ms returns 0
T61B4 000:702.386 JLINK_CORESIGHT_WriteAPDPReg(AP reg 0x01, 0x80011140)
T61B4 000:702.634 - 0.247ms returns 0
T61B4 000:702.669 JLINK_CORESIGHT_ReadAPDPReg(AP reg 0x03)
T61B4 000:703.023   Value=0x00000002
T61B4 000:703.059 - 0.390ms returns 0
T61B4 000:703.079 JLINK_CORESIGHT_WriteAPDPReg(AP reg 0x00, 0x80000002)
T61B4 000:703.285 - 0.206ms returns 0
T61B4 000:703.314 JLINK_CORESIGHT_WriteAPDPReg(AP reg 0x01, 0x80011120)
T61B4 000:703.518 - 0.203ms returns 0
T61B4 000:703.553 JLINK_CORESIGHT_WriteAPDPReg(AP reg 0x03, 0x000003B0)
T61B4 000:703.777 - 0.223ms returns 0
T61B4 000:703.815 JLINK_CORESIGHT_WriteAPDPReg(AP reg 0x00, 0x80000002)
T61B4 000:704.097 - 0.282ms returns 0
T61B4 000:704.128 JLINK_CORESIGHT_WriteAPDPReg(AP reg 0x01, 0x80011140)
T61B4 000:704.329 - 0.200ms returns 0
T61B4 000:704.360 JLINK_CORESIGHT_ReadAPDPReg(AP reg 0x03)
T61B4 000:704.634   Value=0x00000002
T61B4 000:704.673 - 0.312ms returns 0
T61B4 000:704.695 JLINK_CORESIGHT_ReadAPDPReg(AP reg 0x03)
T61B4 000:705.030   Value=0x00000002
T61B4 000:705.067 - 0.372ms returns 0
T61B4 000:705.089 JLINK_CORESIGHT_ReadAPDPReg(AP reg 0x03)
T61B4 000:705.347   Value=0x00000002
T61B4 000:705.384 - 0.295ms returns 0
T61B4 000:705.405 JLINK_CORESIGHT_ReadAPDPReg(AP reg 0x03)
T61B4 000:705.669   Value=0x00000002
T61B4 000:705.705 - 0.300ms returns 0
T61B4 000:705.727 JLINK_CORESIGHT_ReadAPDPReg(AP reg 0x03)
T61B4 000:706.013   Value=0x00000002
T61B4 000:706.055 - 0.328ms returns 0
T61B4 000:706.076 JLINK_CORESIGHT_ReadAPDPReg(AP reg 0x03)
T61B4 000:706.396   Value=0x00000002
T61B4 000:706.434 - 0.357ms returns 0
T61B4 000:706.457 JLINK_CORESIGHT_ReadAPDPReg(AP reg 0x03)
T61B4 000:706.770   Value=0x00000002
T61B4 000:706.826 - 0.369ms returns 0
T61B4 000:706.850 JLINK_CORESIGHT_ReadAPDPReg(AP reg 0x03)
T61B4 000:707.111   Value=0x00000002
T61B4 000:707.149 - 0.299ms returns 0
T61B4 000:707.171 JLINK_CORESIGHT_ReadAPDPReg(AP reg 0x03)
T61B4 000:707.422   Value=0x00000002
T61B4 000:707.460 - 0.288ms returns 0
T61B4 000:707.481 JLINK_CORESIGHT_ReadAPDPReg(AP reg 0x03)
T61B4 000:707.769   Value=0x00000000
T61B4 000:707.821 - 0.339ms returns 0
T61B4 000:707.843 JLINK_CORESIGHT_WriteAPDPReg(AP reg 0x00, 0x80000002)
T61B4 000:708.057 - 0.213ms returns 0
T61B4 000:708.089 JLINK_CORESIGHT_WriteAPDPReg(AP reg 0x01, 0x80011130)
T61B4 000:708.300 - 0.210ms returns 0
T61B4 000:708.333 JLINK_CORESIGHT_ReadAPDPReg(AP reg 0x03)
T61B4 000:708.608   Value=0x4F0B0081
T61B4 000:708.651 - 0.318ms returns 0
T61B4 000:708.676 JLINK_CORESIGHT_WriteAPDPReg(AP reg 0x00, 0x80000002)
T61B4 000:708.905 - 0.229ms returns 0
T61B4 000:708.941 JLINK_CORESIGHT_WriteAPDPReg(AP reg 0x01, 0x80011140)
T61B4 000:709.157 - 0.216ms returns 0
T61B4 000:709.202 JLINK_CORESIGHT_ReadAPDPReg(AP reg 0x03)
T61B4 000:709.485   Value=0x00000000
T61B4 000:709.527 - 0.325ms returns 0
T61B4 000:709.554 JLINK_CORESIGHT_WriteAPDPReg(AP reg 0x00, 0x80000002)
T61B4 000:709.784 - 0.230ms returns 0
T61B4 000:709.819 JLINK_CORESIGHT_WriteAPDPReg(AP reg 0x01, 0x80011130)
T61B4 000:710.037 - 0.218ms returns 0
T61B4 000:710.070 JLINK_CORESIGHT_ReadAPDPReg(AP reg 0x03)
T61B4 000:710.332   Value=0xE03F0000
T61B4 000:710.369 - 0.299ms returns 0
T61B4 000:710.394 JLINK_CORESIGHT_WriteAPDPReg(AP reg 0x00, 0x80000002)
T61B4 000:710.607 - 0.214ms returns 0
T61B4 000:710.647 JLINK_CORESIGHT_WriteAPDPReg(AP reg 0x01, 0x80011140)
T61B4 000:710.853 - 0.206ms returns 0
T61B4 000:710.887 JLINK_CORESIGHT_ReadAPDPReg(AP reg 0x03)
T61B4 000:711.154   Value=0x00000000
T61B4 000:711.193 - 0.306ms returns 0
T61B4 000:711.223 JLINK_CORESIGHT_WriteAPDPReg(AP reg 0x00, 0x80000002)
T61B4 000:711.432 - 0.209ms returns 0
T61B4 000:711.467 JLINK_CORESIGHT_WriteAPDPReg(AP reg 0x01, 0x80011130)
T61B4 000:711.721 - 0.254ms returns 0
T61B4 000:711.755 JLINK_CORESIGHT_ReadAPDPReg(AP reg 0x03)
T61B4 000:712.029   Value=0x00003F00
T61B4 000:712.067 - 0.312ms returns 0
T61B4 000:712.095 JLINK_CORESIGHT_WriteAPDPReg(AP reg 0x00, 0x80000002)
T61B4 000:712.357 - 0.262ms returns 0
T61B4 000:712.396 JLINK_CORESIGHT_WriteAPDPReg(AP reg 0x01, 0x80011140)
T61B4 000:712.608 - 0.212ms returns 0
T61B4 000:712.641 JLINK_CORESIGHT_ReadAPDPReg(AP reg 0x03)
T61B4 000:712.904   Value=0x00000000
T61B4 000:712.947 - 0.306ms returns 0
T61B4 000:712.973 JLINK_CORESIGHT_WriteAPDPReg(AP reg 0x00, 0x80000002)
T61B4 000:713.190 - 0.216ms returns 0
T61B4 000:713.230 JLINK_CORESIGHT_WriteAPDPReg(AP reg 0x01, 0x80011130)
T61B4 000:713.451 - 0.221ms returns 0
T61B4 000:713.488 JLINK_CORESIGHT_ReadAPDPReg(AP reg 0x03)
T61B4 000:713.773   Value=0x03480000
T61B4 000:713.827 - 0.339ms returns 0
T61B4 000:713.967 JLINK_CORESIGHT_WriteAPDPReg(AP reg 0x00, 0x80000002)
T61B4 000:714.181 - 0.214ms returns 0
T61B4 000:714.218 JLINK_CORESIGHT_WriteAPDPReg(AP reg 0x01, 0x80011140)
T61B4 000:714.452 - 0.233ms returns 0
T61B4 000:714.520 JLINK_CORESIGHT_ReadAPDPReg(AP reg 0x03)
T61B4 000:714.809   Value=0x00000002
T61B4 000:714.855 - 0.335ms returns 0
T61B4 000:714.881 JLINK_CORESIGHT_WriteAPDPReg(AP reg 0x00, 0x80000002)
T61B4 000:715.109 - 0.227ms returns 0
T61B4 000:715.143 JLINK_CORESIGHT_WriteAPDPReg(AP reg 0x01, 0x80011120)
T61B4 000:715.355 - 0.212ms returns 0
T61B4 000:715.387 JLINK_CORESIGHT_WriteAPDPReg(AP reg 0x03, 0x2C010001)
T61B4 000:715.609 - 0.221ms returns 0
T61B4 000:715.641 JLINK_CORESIGHT_WriteAPDPReg(AP reg 0x00, 0x80000002)
T61B4 000:715.932 - 0.291ms returns 0
T61B4 000:715.975 JLINK_CORESIGHT_WriteAPDPReg(AP reg 0x01, 0x80011140)
T61B4 000:716.203 - 0.227ms returns 0
T61B4 000:716.239 JLINK_CORESIGHT_ReadAPDPReg(AP reg 0x03)
T61B4 000:716.502   Value=0x00000002
T61B4 000:716.544 - 0.304ms returns 0
T61B4 000:716.567 JLINK_CORESIGHT_WriteAPDPReg(AP reg 0x00, 0x80000002)
T61B4 000:716.790 - 0.210ms returns 0
T61B4 000:716.822 JLINK_CORESIGHT_WriteAPDPReg(AP reg 0x01, 0x80011120)
T61B4 000:717.049 - 0.227ms returns 0
T61B4 000:717.084 JLINK_CORESIGHT_WriteAPDPReg(AP reg 0x03, 0x000003D3)
T61B4 000:717.337 - 0.253ms returns 0
T61B4 000:717.378 JLINK_CORESIGHT_WriteAPDPReg(AP reg 0x00, 0x80000002)
T61B4 000:717.610 - 0.232ms returns 0
T61B4 000:717.648 JLINK_CORESIGHT_WriteAPDPReg(AP reg 0x01, 0x80011140)
T61B4 000:717.877 - 0.229ms returns 0
T61B4 000:717.909 JLINK_CORESIGHT_ReadAPDPReg(AP reg 0x03)
T61B4 000:718.179   Value=0x00000002
T61B4 000:718.219 - 0.309ms returns 0
T61B4 000:718.244 JLINK_CORESIGHT_ReadAPDPReg(AP reg 0x03)
T61B4 000:718.508   Value=0x00000002
T61B4 000:718.555 - 0.310ms returns 0
T61B4 000:718.577 JLINK_CORESIGHT_ReadAPDPReg(AP reg 0x03)
T61B4 000:718.837   Value=0x00000002
T61B4 000:718.874 - 0.296ms returns 0
T61B4 000:718.895 JLINK_CORESIGHT_ReadAPDPReg(AP reg 0x03)
T61B4 000:719.156   Value=0x00000002
T61B4 000:719.193 - 0.297ms returns 0
T61B4 000:719.218 JLINK_CORESIGHT_ReadAPDPReg(AP reg 0x03)
T61B4 000:719.501   Value=0x00000002
T61B4 000:719.541 - 0.322ms returns 0
T61B4 000:719.561 JLINK_CORESIGHT_ReadAPDPReg(AP reg 0x03)
T61B4 000:719.833   Value=0x00000002
T61B4 000:719.869 - 0.308ms returns 0
T61B4 000:719.889 JLINK_CORESIGHT_ReadAPDPReg(AP reg 0x03)
T61B4 000:720.153   Value=0x00000000
T61B4 000:720.187 - 0.298ms returns 0
T61B4 000:720.210 JLINK_CORESIGHT_WriteAPDPReg(AP reg 0x00, 0x80000002)
T61B4 000:720.414 - 0.203ms returns 0
T61B4 000:720.455 JLINK_CORESIGHT_WriteAPDPReg(AP reg 0x01, 0x80011130)
T61B4 000:720.722 - 0.267ms returns 0
T61B4 000:720.757 JLINK_CORESIGHT_ReadAPDPReg(AP reg 0x03)
T61B4 000:721.055   Value=0x2C020081
T61B4 000:721.099 - 0.342ms returns 0
T61B4 000:721.120 JLINK_CORESIGHT_WriteAPDPReg(AP reg 0x00, 0x80000002)
T61B4 000:721.354 - 0.234ms returns 0
T61B4 000:721.396 JLINK_CORESIGHT_WriteAPDPReg(AP reg 0x01, 0x80011140)
T61B4 000:721.623 - 0.227ms returns 0
T61B4 000:721.662 JLINK_CORESIGHT_ReadAPDPReg(AP reg 0x03)
T61B4 000:721.927   Value=0x00000000
T61B4 000:721.986 - 0.324ms returns 0
T61B4 000:722.009 JLINK_CORESIGHT_WriteAPDPReg(AP reg 0x00, 0x80000002)
T61B4 000:722.231 - 0.221ms returns 0
T61B4 000:722.260 JLINK_CORESIGHT_WriteAPDPReg(AP reg 0x01, 0x80011130)
T61B4 000:722.466 - 0.206ms returns 0
T61B4 000:722.498 JLINK_CORESIGHT_ReadAPDPReg(AP reg 0x03)
T61B4 000:722.769   Value=0x0003CE04
T61B4 000:722.810 - 0.309ms returns 0
T61B4 000:722.838 JLINK_CORESIGHT_WriteAPDPReg(AP reg 0x00, 0x80000002)
T61B4 000:723.057 - 0.219ms returns 0
T61B4 000:723.084 JLINK_CORESIGHT_WriteAPDPReg(AP reg 0x01, 0x80011140)
T61B4 000:723.292 - 0.207ms returns 0
T61B4 000:723.337 JLINK_CORESIGHT_ReadAPDPReg(AP reg 0x03)
T61B4 000:723.604   Value=0x00000002
T61B4 000:723.645 - 0.308ms returns 0
T61B4 000:723.664 JLINK_CORESIGHT_WriteAPDPReg(AP reg 0x00, 0x80000002)
T61B4 000:723.885 - 0.220ms returns 0
T61B4 000:723.911 JLINK_CORESIGHT_WriteAPDPReg(AP reg 0x01, 0x80011120)
T61B4 000:724.128 - 0.216ms returns 0
T61B4 000:724.157 JLINK_CORESIGHT_WriteAPDPReg(AP reg 0x03, 0x73010001)
T61B4 000:724.478 - 0.321ms returns 0
T61B4 000:724.506 JLINK_CORESIGHT_WriteAPDPReg(AP reg 0x00, 0x80000002)
T61B4 000:724.722 - 0.215ms returns 0
T61B4 000:724.754 JLINK_CORESIGHT_WriteAPDPReg(AP reg 0x01, 0x80011140)
T61B4 000:724.958 - 0.203ms returns 0
T61B4 000:724.986 JLINK_CORESIGHT_ReadAPDPReg(AP reg 0x03)
T61B4 000:725.238   Value=0x00000002
T61B4 000:725.272 - 0.285ms returns 0
T61B4 000:725.291 JLINK_CORESIGHT_WriteAPDPReg(AP reg 0x00, 0x80000002)
T61B4 000:725.498 - 0.206ms returns 0
T61B4 000:725.526 JLINK_CORESIGHT_WriteAPDPReg(AP reg 0x01, 0x80011120)
T61B4 000:725.790 - 0.264ms returns 0
T61B4 000:725.824 JLINK_CORESIGHT_WriteAPDPReg(AP reg 0x03, 0x0000038C)
T61B4 000:726.029 - 0.204ms returns 0
T61B4 000:726.056 JLINK_CORESIGHT_WriteAPDPReg(AP reg 0x00, 0x80000002)
T61B4 000:726.256 - 0.200ms returns 0
T61B4 000:726.283 JLINK_CORESIGHT_WriteAPDPReg(AP reg 0x01, 0x80011140)
T61B4 000:726.607 - 0.324ms returns 0
T61B4 000:726.634 JLINK_CORESIGHT_ReadAPDPReg(AP reg 0x03)
T61B4 000:726.888   Value=0x00000002
T61B4 000:726.924 - 0.290ms returns 0
T61B4 000:726.943 JLINK_CORESIGHT_ReadAPDPReg(AP reg 0x03)
T61B4 000:727.271   Value=0x00000000
T61B4 000:727.304 - 0.360ms returns 0
T61B4 000:727.326 JLINK_CORESIGHT_WriteAPDPReg(AP reg 0x00, 0x80000002)
T61B4 000:727.524 - 0.198ms returns 0
T61B4 000:727.555 JLINK_CORESIGHT_WriteAPDPReg(AP reg 0x01, 0x80011130)
T61B4 000:727.768 - 0.213ms returns 0
T61B4 000:727.797 JLINK_CORESIGHT_ReadAPDPReg(AP reg 0x03)
T61B4 000:728.048   Value=0x73020081
T61B4 000:728.082 - 0.285ms returns 0
T61B4 000:728.102 JLINK_CORESIGHT_WriteAPDPReg(AP reg 0x00, 0x80000002)
T61B4 000:728.302 - 0.200ms returns 0
T61B4 000:728.338 JLINK_CORESIGHT_WriteAPDPReg(AP reg 0x01, 0x80011140)
T61B4 000:728.605 - 0.267ms returns 0
T61B4 000:728.635 JLINK_CORESIGHT_ReadAPDPReg(AP reg 0x03)
T61B4 000:728.894   Value=0x00000000
T61B4 000:728.928 - 0.292ms returns 0
T61B4 000:728.948 JLINK_CORESIGHT_WriteAPDPReg(AP reg 0x00, 0x80000002)
T61B4 000:729.170 - 0.221ms returns 0
T61B4 000:729.215 JLINK_CORESIGHT_WriteAPDPReg(AP reg 0x01, 0x80011130)
T61B4 000:729.464 - 0.248ms returns 0
T61B4 000:729.500 JLINK_CORESIGHT_ReadAPDPReg(AP reg 0x03)
T61B4 000:730.068   Value=0x00038902
T61B4 000:730.111 - 0.610ms returns 0
T61B4 000:730.136 JLINK_CORESIGHT_WriteAPDPReg(AP reg 0x00, 0x80000002)
T61B4 000:730.326 - 0.190ms returns 0
T61B4 000:730.358 JLINK_CORESIGHT_WriteAPDPReg(AP reg 0x01, 0x80011140)
T61B4 000:730.598 - 0.240ms returns 0
T61B4 000:730.634 JLINK_CORESIGHT_ReadAPDPReg(AP reg 0x03)
T61B4 000:730.872   Value=0x00000002
T61B4 000:730.907 - 0.272ms returns 0
T61B4 000:730.927 JLINK_CORESIGHT_WriteAPDPReg(AP reg 0x00, 0x80000002)
T61B4 000:731.127 - 0.199ms returns 0
T61B4 000:731.162 JLINK_CORESIGHT_WriteAPDPReg(AP reg 0x01, 0x80011120)
T61B4 000:731.345 - 0.183ms returns 0
T61B4 000:731.375 JLINK_CORESIGHT_WriteAPDPReg(AP reg 0x03, 0x75010001)
T61B4 000:731.601 - 0.225ms returns 0
T61B4 000:731.642 JLINK_CORESIGHT_WriteAPDPReg(AP reg 0x00, 0x80000002)
T61B4 000:731.843 - 0.200ms returns 0
T61B4 000:731.878 JLINK_CORESIGHT_WriteAPDPReg(AP reg 0x01, 0x80011140)
T61B4 000:732.071 - 0.193ms returns 0
T61B4 000:732.105 JLINK_CORESIGHT_ReadAPDPReg(AP reg 0x03)
T61B4 000:732.340   Value=0x00000002
T61B4 000:732.375 - 0.270ms returns 0
T61B4 000:732.396 JLINK_CORESIGHT_WriteAPDPReg(AP reg 0x00, 0x80000002)
T61B4 000:732.598 - 0.202ms returns 0
T61B4 000:732.626 JLINK_CORESIGHT_WriteAPDPReg(AP reg 0x01, 0x80011120)
T61B4 000:732.805 - 0.178ms returns 0
T61B4 000:732.853 JLINK_CORESIGHT_WriteAPDPReg(AP reg 0x03, 0x0000038A)
T61B4 000:733.034 - 0.181ms returns 0
T61B4 000:733.064 JLINK_CORESIGHT_WriteAPDPReg(AP reg 0x00, 0x80000002)
T61B4 000:733.250 - 0.186ms returns 0
T61B4 000:733.281 JLINK_CORESIGHT_WriteAPDPReg(AP reg 0x01, 0x80011140)
T61B4 000:733.488 - 0.207ms returns 0
T61B4 000:733.517 JLINK_CORESIGHT_ReadAPDPReg(AP reg 0x03)
T61B4 000:733.762   Value=0x00000002
T61B4 000:733.831 - 0.313ms returns 0
T61B4 000:733.853 JLINK_CORESIGHT_ReadAPDPReg(AP reg 0x03)
T61B4 000:734.129   Value=0x00000000
T61B4 000:734.170 - 0.316ms returns 0
T61B4 000:734.194 JLINK_CORESIGHT_WriteAPDPReg(AP reg 0x00, 0x80000002)
T61B4 000:734.455 - 0.261ms returns 0
T61B4 000:734.497 JLINK_CORESIGHT_WriteAPDPReg(AP reg 0x01, 0x80011130)
T61B4 000:734.716 - 0.219ms returns 0
T61B4 000:734.755 JLINK_CORESIGHT_ReadAPDPReg(AP reg 0x03)
T61B4 000:734.994   Value=0x75020081
T61B4 000:735.030 - 0.275ms returns 0
T61B4 000:735.050 JLINK_CORESIGHT_WriteAPDPReg(AP reg 0x00, 0x80000002)
T61B4 000:735.315 - 0.264ms returns 0
T61B4 000:735.349 JLINK_CORESIGHT_WriteAPDPReg(AP reg 0x01, 0x80011140)
T61B4 000:735.597 - 0.248ms returns 0
T61B4 000:735.632 JLINK_CORESIGHT_ReadAPDPReg(AP reg 0x03)
T61B4 000:735.868   Value=0x00000000
T61B4 000:735.908 - 0.276ms returns 0
T61B4 000:735.930 JLINK_CORESIGHT_WriteAPDPReg(AP reg 0x00, 0x80000002)
T61B4 000:736.119 - 0.189ms returns 0
T61B4 000:736.151 JLINK_CORESIGHT_WriteAPDPReg(AP reg 0x01, 0x80011130)
T61B4 000:736.344 - 0.192ms returns 0
T61B4 000:736.374 JLINK_CORESIGHT_ReadAPDPReg(AP reg 0x03)
T61B4 000:736.649   Value=0x00038702
T61B4 000:736.691 - 0.316ms returns 0
T61B4 000:736.720 JLINK_CORESIGHT_WriteAPDPReg(AP reg 0x00, 0x80000002)
T61B4 000:736.921 - 0.200ms returns 0
T61B4 000:736.953 JLINK_CORESIGHT_WriteAPDPReg(AP reg 0x01, 0x80011140)
T61B4 000:737.138 - 0.184ms returns 0
T61B4 000:737.169 JLINK_CORESIGHT_ReadAPDPReg(AP reg 0x03)
T61B4 000:737.501   Value=0x00000002
T61B4 000:737.539 - 0.370ms returns 0
T61B4 000:737.561 JLINK_CORESIGHT_WriteAPDPReg(AP reg 0x00, 0x80000002)
T61B4 000:737.758 - 0.197ms returns 0
T61B4 000:737.789 JLINK_CORESIGHT_WriteAPDPReg(AP reg 0x01, 0x80011120)
T61B4 000:737.996 - 0.207ms returns 0
T61B4 000:738.031 JLINK_CORESIGHT_WriteAPDPReg(AP reg 0x03, 0x4E0B0001)
T61B4 000:738.220 - 0.189ms returns 0
T61B4 000:738.255 JLINK_CORESIGHT_WriteAPDPReg(AP reg 0x00, 0x80000002)
T61B4 000:738.438 - 0.183ms returns 0
T61B4 000:738.471 JLINK_CORESIGHT_WriteAPDPReg(AP reg 0x01, 0x80011140)
T61B4 000:738.707 - 0.235ms returns 0
T61B4 000:738.740 JLINK_CORESIGHT_ReadAPDPReg(AP reg 0x03)
T61B4 000:739.019   Value=0x00000002
T61B4 000:739.058 - 0.318ms returns 0
T61B4 000:739.080 JLINK_CORESIGHT_WriteAPDPReg(AP reg 0x00, 0x80000002)
T61B4 000:739.269 - 0.189ms returns 0
T61B4 000:739.305 JLINK_CORESIGHT_WriteAPDPReg(AP reg 0x01, 0x80011120)
T61B4 000:739.516 - 0.211ms returns 0
T61B4 000:739.552 JLINK_CORESIGHT_WriteAPDPReg(AP reg 0x03, 0x20000000)
T61B4 000:739.737 - 0.185ms returns 0
T61B4 000:739.770 JLINK_CORESIGHT_WriteAPDPReg(AP reg 0x00, 0x80000002)
T61B4 000:739.993 - 0.222ms returns 0
T61B4 000:740.025 JLINK_CORESIGHT_WriteAPDPReg(AP reg 0x01, 0x80011140)
T61B4 000:740.217 - 0.192ms returns 0
T61B4 000:740.249 JLINK_CORESIGHT_ReadAPDPReg(AP reg 0x03)
T61B4 000:740.483   Value=0x00000002
T61B4 000:740.532 - 0.283ms returns 0
T61B4 000:740.558 JLINK_CORESIGHT_WriteAPDPReg(AP reg 0x00, 0x80000002)
T61B4 000:740.745 - 0.187ms returns 0
T61B4 000:740.797 JLINK_CORESIGHT_WriteAPDPReg(AP reg 0x01, 0x80011120)
T61B4 000:740.993 - 0.196ms returns 0
T61B4 000:741.028 JLINK_CORESIGHT_WriteAPDPReg(AP reg 0x03, 0x00000000)
T61B4 000:741.220 - 0.192ms returns 0
T61B4 000:741.255 JLINK_CORESIGHT_WriteAPDPReg(AP reg 0x00, 0x80000002)
T61B4 000:741.465 - 0.210ms returns 0
T61B4 000:741.498 JLINK_CORESIGHT_WriteAPDPReg(AP reg 0x01, 0x80011140)
T61B4 000:741.735 - 0.236ms returns 0
T61B4 000:741.782 JLINK_CORESIGHT_ReadAPDPReg(AP reg 0x03)
T61B4 000:742.077   Value=0x00000002
T61B4 000:742.122 - 0.339ms returns 0
T61B4 000:742.150 JLINK_CORESIGHT_WriteAPDPReg(AP reg 0x00, 0x80000002)
T61B4 000:742.395 - 0.245ms returns 0
T61B4 000:742.438 JLINK_CORESIGHT_WriteAPDPReg(AP reg 0x01, 0x80011120)
T61B4 000:742.677 - 0.239ms returns 0
T61B4 000:742.719 JLINK_CORESIGHT_WriteAPDPReg(AP reg 0x03, 0x03870000)
T61B4 000:742.906 - 0.187ms returns 0
T61B4 000:742.942 JLINK_CORESIGHT_WriteAPDPReg(AP reg 0x00, 0x80000002)
T61B4 000:743.130 - 0.187ms returns 0
T61B4 000:743.163 JLINK_CORESIGHT_WriteAPDPReg(AP reg 0x01, 0x80011140)
T61B4 000:743.370 - 0.207ms returns 0
T61B4 000:743.411 JLINK_CORESIGHT_ReadAPDPReg(AP reg 0x03)
T61B4 000:743.646   Value=0x00000002
T61B4 000:743.685 - 0.274ms returns 0
T61B4 000:743.708 JLINK_CORESIGHT_ReadAPDPReg(AP reg 0x03)
T61B4 000:743.950   Value=0x00000002
T61B4 000:743.988 - 0.280ms returns 0
T61B4 000:744.011 JLINK_CORESIGHT_ReadAPDPReg(AP reg 0x03)
T61B4 000:744.253   Value=0x00000002
T61B4 000:744.317 - 0.306ms returns 0
T61B4 000:744.355 JLINK_CORESIGHT_ReadAPDPReg(AP reg 0x03)
T61B4 000:744.635   Value=0x00000002
T61B4 000:744.692 - 0.337ms returns 0
T61B4 000:744.719 JLINK_CORESIGHT_ReadAPDPReg(AP reg 0x03)
T61B4 000:744.975   Value=0x00000002
T61B4 000:745.025 - 0.306ms returns 0
T61B4 000:745.049 JLINK_CORESIGHT_ReadAPDPReg(AP reg 0x03)
T61B4 000:745.294   Value=0x00000002
T61B4 000:745.333 - 0.283ms returns 0
T61B4 000:745.356 JLINK_CORESIGHT_ReadAPDPReg(AP reg 0x03)
T61B4 000:745.627   Value=0x00000002
T61B4 000:745.676 - 0.319ms returns 0
T61B4 000:745.705 JLINK_CORESIGHT_ReadAPDPReg(AP reg 0x03)
T61B4 000:745.945   Value=0x00000002
T61B4 000:745.982 - 0.276ms returns 0
T61B4 000:746.005 JLINK_CORESIGHT_ReadAPDPReg(AP reg 0x03)
T61B4 000:746.238   Value=0x00000002
T61B4 000:746.275 - 0.270ms returns 0
T61B4 000:746.298 JLINK_CORESIGHT_ReadAPDPReg(AP reg 0x03)
T61B4 000:746.596   Value=0x00000002
T61B4 000:746.631 - 0.333ms returns 0
T61B4 000:746.654 JLINK_CORESIGHT_ReadAPDPReg(AP reg 0x03)
T61B4 000:746.897   Value=0x00000002
T61B4 000:746.938 - 0.284ms returns 0
T61B4 000:746.961 JLINK_CORESIGHT_ReadAPDPReg(AP reg 0x03)
T61B4 000:747.216   Value=0x00000002
T61B4 000:747.257 - 0.295ms returns 0
T61B4 000:747.283 JLINK_CORESIGHT_ReadAPDPReg(AP reg 0x03)
T61B4 000:747.518   Value=0x00000002
T61B4 000:747.557 - 0.274ms returns 0
T61B4 000:747.579 JLINK_CORESIGHT_ReadAPDPReg(AP reg 0x03)
T61B4 000:747.826   Value=0x00000002
T61B4 000:747.866 - 0.286ms returns 0
T61B4 000:747.888 JLINK_CORESIGHT_ReadAPDPReg(AP reg 0x03)
T61B4 000:748.123   Value=0x00000002
T61B4 000:748.162 - 0.274ms returns 0
T61B4 000:748.185 JLINK_CORESIGHT_ReadAPDPReg(AP reg 0x03)
T61B4 000:748.420   Value=0x00000002
T61B4 000:748.455 - 0.270ms returns 0
T61B4 000:748.477 JLINK_CORESIGHT_ReadAPDPReg(AP reg 0x03)
T61B4 000:748.754   Value=0x00000002
T61B4 000:748.788 - 0.311ms returns 0
T61B4 000:748.824 JLINK_CORESIGHT_ReadAPDPReg(AP reg 0x03)
T61B4 000:749.043   Value=0x00000002
T61B4 000:749.079 - 0.255ms returns 0
T61B4 000:749.103 JLINK_CORESIGHT_ReadAPDPReg(AP reg 0x03)
T61B4 000:749.343   Value=0x00000002
T61B4 000:749.386 - 0.282ms returns 0
T61B4 000:749.408 JLINK_CORESIGHT_ReadAPDPReg(AP reg 0x03)
T61B4 000:749.646   Value=0x00000002
T61B4 000:749.682 - 0.274ms returns 0
T61B4 000:749.703 JLINK_CORESIGHT_ReadAPDPReg(AP reg 0x03)
T61B4 000:749.937   Value=0x00000002
T61B4 000:749.973 - 0.270ms returns 0
T61B4 000:749.996 JLINK_CORESIGHT_ReadAPDPReg(AP reg 0x03)
T61B4 000:750.227   Value=0x00000002
T61B4 000:750.262 - 0.266ms returns 0
T61B4 000:750.284 JLINK_CORESIGHT_ReadAPDPReg(AP reg 0x03)
T61B4 000:750.601   Value=0x00000002
T61B4 000:750.647 - 0.363ms returns 0
T61B4 000:750.671 JLINK_CORESIGHT_ReadAPDPReg(AP reg 0x03)
T61B4 000:750.917   Value=0x00000002
T61B4 000:750.956 - 0.284ms returns 0
T61B4 000:750.979 JLINK_CORESIGHT_ReadAPDPReg(AP reg 0x03)
T61B4 000:751.208   Value=0x00000002
T61B4 000:751.243 - 0.264ms returns 0
T61B4 000:751.266 JLINK_CORESIGHT_ReadAPDPReg(AP reg 0x03)
T61B4 000:751.501   Value=0x00000002
T61B4 000:751.541 - 0.275ms returns 0
T61B4 000:751.566 JLINK_CORESIGHT_ReadAPDPReg(AP reg 0x03)
T61B4 000:751.864   Value=0x00000002
T61B4 000:751.906 - 0.339ms returns 0
T61B4 000:751.928 JLINK_CORESIGHT_ReadAPDPReg(AP reg 0x03)
T61B4 000:752.168   Value=0x00000002
T61B4 000:752.205 - 0.277ms returns 0
T61B4 000:752.227 JLINK_CORESIGHT_ReadAPDPReg(AP reg 0x03)
T61B4 000:752.496   Value=0x00000002
T61B4 000:752.537 - 0.309ms returns 0
T61B4 000:752.560 JLINK_CORESIGHT_ReadAPDPReg(AP reg 0x03)
T61B4 000:752.791   Value=0x00000002
T61B4 000:752.840 - 0.280ms returns 0
T61B4 000:752.865 JLINK_CORESIGHT_ReadAPDPReg(AP reg 0x03)
T61B4 000:753.094   Value=0x00000002
T61B4 000:753.130 - 0.265ms returns 0
T61B4 000:753.152 JLINK_CORESIGHT_ReadAPDPReg(AP reg 0x03)
T61B4 000:753.393   Value=0x00000002
T61B4 000:753.428 - 0.276ms returns 0
T61B4 000:753.449 JLINK_CORESIGHT_ReadAPDPReg(AP reg 0x03)
T61B4 000:753.672   Value=0x00000002
T61B4 000:753.713 - 0.263ms returns 0
T61B4 000:753.738 JLINK_CORESIGHT_ReadAPDPReg(AP reg 0x03)
T61B4 000:753.974   Value=0x00000002
T61B4 000:754.011 - 0.273ms returns 0
T61B4 000:754.033 JLINK_CORESIGHT_ReadAPDPReg(AP reg 0x03)
T61B4 000:754.308   Value=0x00000002
T61B4 000:754.351 - 0.317ms returns 0
T61B4 000:754.374 JLINK_CORESIGHT_ReadAPDPReg(AP reg 0x03)
T61B4 000:754.596   Value=0x00000002
T61B4 000:754.633 - 0.258ms returns 0
T61B4 000:754.655 JLINK_CORESIGHT_ReadAPDPReg(AP reg 0x03)
T61B4 000:754.893   Value=0x00000002
T61B4 000:754.927 - 0.272ms returns 0
T61B4 000:754.950 JLINK_CORESIGHT_ReadAPDPReg(AP reg 0x03)
T61B4 000:755.196   Value=0x00000002
T61B4 000:755.230 - 0.280ms returns 0
T61B4 000:755.251 JLINK_CORESIGHT_ReadAPDPReg(AP reg 0x03)
T61B4 000:755.486   Value=0x00000002
T61B4 000:755.522 - 0.271ms returns 0
T61B4 000:755.544 JLINK_CORESIGHT_ReadAPDPReg(AP reg 0x03)
T61B4 000:755.850   Value=0x00000002
T61B4 000:755.891 - 0.346ms returns 0
T61B4 000:755.914 JLINK_CORESIGHT_ReadAPDPReg(AP reg 0x03)
T61B4 000:756.165   Value=0x00000002
T61B4 000:756.205 - 0.290ms returns 0
T61B4 000:756.228 JLINK_CORESIGHT_ReadAPDPReg(AP reg 0x03)
T61B4 000:756.494   Value=0x00000002
T61B4 000:756.534 - 0.306ms returns 0
T61B4 000:756.556 JLINK_CORESIGHT_ReadAPDPReg(AP reg 0x03)
T61B4 000:756.803   Value=0x00000002
T61B4 000:756.844 - 0.287ms returns 0
T61B4 000:756.866 JLINK_CORESIGHT_ReadAPDPReg(AP reg 0x03)
T61B4 000:757.099   Value=0x00000002
T61B4 000:757.136 - 0.269ms returns 0
T61B4 000:757.161 JLINK_CORESIGHT_ReadAPDPReg(AP reg 0x03)
T61B4 000:757.393   Value=0x00000002
T61B4 000:757.438 - 0.277ms returns 0
T61B4 000:757.459 JLINK_CORESIGHT_ReadAPDPReg(AP reg 0x03)
T61B4 000:757.761   Value=0x00000002
T61B4 000:757.820 - 0.361ms returns 0
T61B4 000:757.845 JLINK_CORESIGHT_ReadAPDPReg(AP reg 0x03)
T61B4 000:758.071   Value=0x00000002
T61B4 000:758.107 - 0.262ms returns 0
T61B4 000:758.141 JLINK_CORESIGHT_ReadAPDPReg(AP reg 0x03)
T61B4 000:758.415   Value=0x00000002
T61B4 000:758.459 - 0.317ms returns 0
T61B4 000:758.491 JLINK_CORESIGHT_ReadAPDPReg(AP reg 0x03)
T61B4 000:758.835   Value=0x00000002
T61B4 000:758.879 - 0.387ms returns 0
T61B4 000:758.903 JLINK_CORESIGHT_ReadAPDPReg(AP reg 0x03)
T61B4 000:759.145   Value=0x00000002
T61B4 000:759.192 - 0.289ms returns 0
T61B4 000:759.217 JLINK_CORESIGHT_ReadAPDPReg(AP reg 0x03)
T61B4 000:759.453   Value=0x00000002
T61B4 000:759.491 - 0.274ms returns 0
T61B4 000:759.513 JLINK_CORESIGHT_ReadAPDPReg(AP reg 0x03)
T61B4 000:759.753   Value=0x00000002
T61B4 000:759.790 - 0.276ms returns 0
T61B4 000:759.828 JLINK_CORESIGHT_ReadAPDPReg(AP reg 0x03)
T61B4 000:760.071   Value=0x00000002
T61B4 000:760.108 - 0.280ms returns 0
T61B4 000:760.189 JLINK_CORESIGHT_ReadAPDPReg(AP reg 0x03)
T61B4 000:760.518   Value=0x00000002
T61B4 000:760.563 - 0.374ms returns 0
T61B4 000:760.586 JLINK_CORESIGHT_ReadAPDPReg(AP reg 0x03)
T61B4 000:760.863   Value=0x00000002
T61B4 000:760.907 - 0.321ms returns 0
T61B4 000:760.929 JLINK_CORESIGHT_ReadAPDPReg(AP reg 0x03)
T61B4 000:761.216   Value=0x00000000
T61B4 000:761.260 - 0.330ms returns 0
T61B4 000:761.282 JLINK_CORESIGHT_WriteAPDPReg(AP reg 0x00, 0x80000002)
T61B4 000:761.472 - 0.190ms returns 0
T61B4 000:761.509 JLINK_CORESIGHT_WriteAPDPReg(AP reg 0x01, 0x80011130)
T61B4 000:761.740 - 0.230ms returns 0
T61B4 000:761.778 JLINK_CORESIGHT_ReadAPDPReg(AP reg 0x03)
T61B4 000:762.111   Value=0x4E0A0081
T61B4 000:762.154 - 0.375ms returns 0
T61B4 000:762.175 JLINK_CORESIGHT_WriteAPDPReg(AP reg 0x00, 0x80000002)
T61B4 000:762.372 - 0.196ms returns 0
T61B4 000:762.408 JLINK_CORESIGHT_WriteAPDPReg(AP reg 0x01, 0x80011140)
T61B4 000:762.596 - 0.187ms returns 0
T61B4 000:762.626 JLINK_CORESIGHT_ReadAPDPReg(AP reg 0x03)
T61B4 000:762.853   Value=0x00000000
T61B4 000:762.900 - 0.274ms returns 0
T61B4 000:762.923 JLINK_CORESIGHT_WriteAPDPReg(AP reg 0x00, 0x80000002)
T61B4 000:763.124 - 0.201ms returns 0
T61B4 000:763.163 JLINK_CORESIGHT_WriteAPDPReg(AP reg 0x01, 0x80011130)
T61B4 000:763.369 - 0.206ms returns 0
T61B4 000:763.405 JLINK_CORESIGHT_ReadAPDPReg(AP reg 0x03)
T61B4 000:763.648   Value=0xFFFFFF00
T61B4 000:763.685 - 0.280ms returns 0
T61B4 000:763.707 JLINK_CORESIGHT_WriteAPDPReg(AP reg 0x00, 0x80000002)
T61B4 000:763.889 - 0.182ms returns 0
T61B4 000:763.920 JLINK_CORESIGHT_WriteAPDPReg(AP reg 0x01, 0x80011140)
T61B4 000:764.205 - 0.284ms returns 0
T61B4 000:764.239 JLINK_CORESIGHT_ReadAPDPReg(AP reg 0x03)
T61B4 000:764.478   Value=0x00000000
T61B4 000:764.521 - 0.282ms returns 0
T61B4 000:764.547 JLINK_CORESIGHT_WriteAPDPReg(AP reg 0x00, 0x80000002)
T61B4 000:764.772 - 0.224ms returns 0
T61B4 000:764.826 JLINK_CORESIGHT_WriteAPDPReg(AP reg 0x01, 0x80011130)
T61B4 000:765.082 - 0.256ms returns 0
T61B4 000:765.126 JLINK_CORESIGHT_ReadAPDPReg(AP reg 0x03)
T61B4 000:765.398   Value=0xFFFFFFFF
T61B4 000:765.442 - 0.315ms returns 0
T61B4 000:765.467 JLINK_CORESIGHT_WriteAPDPReg(AP reg 0x00, 0x80000002)
T61B4 000:765.753 - 0.286ms returns 0
T61B4 000:765.791 JLINK_CORESIGHT_WriteAPDPReg(AP reg 0x01, 0x80011140)
T61B4 000:766.039 - 0.247ms returns 0
T61B4 000:766.078 JLINK_CORESIGHT_ReadAPDPReg(AP reg 0x03)
T61B4 000:766.321   Value=0x00000000
T61B4 000:766.362 - 0.283ms returns 0
T61B4 000:766.384 JLINK_CORESIGHT_WriteAPDPReg(AP reg 0x00, 0x80000002)
T61B4 000:766.597 - 0.212ms returns 0
T61B4 000:766.628 JLINK_CORESIGHT_WriteAPDPReg(AP reg 0x01, 0x80011130)
T61B4 000:766.831 - 0.203ms returns 0
T61B4 000:766.863 JLINK_CORESIGHT_ReadAPDPReg(AP reg 0x03)
T61B4 000:767.098   Value=0x0003B0FF
T61B4 000:767.136 - 0.273ms returns 0
T61B4 000:767.161 JLINK_CORESIGHT_WriteAPDPReg(AP reg 0x00, 0x80000002)
T61B4 000:767.379 - 0.218ms returns 0
T61B4 000:767.414 JLINK_CORESIGHT_WriteAPDPReg(AP reg 0x01, 0x80011140)
T61B4 000:767.622 - 0.208ms returns 0
T61B4 000:767.653 JLINK_CORESIGHT_ReadAPDPReg(AP reg 0x03)
T61B4 000:767.895   Value=0x00000002
T61B4 000:767.934 - 0.280ms returns 0
T61B4 000:767.958 JLINK_CORESIGHT_WriteAPDPReg(AP reg 0x00, 0x80000002)
T61B4 000:768.166 - 0.207ms returns 0
T61B4 000:768.198 JLINK_CORESIGHT_WriteAPDPReg(AP reg 0x01, 0x80011120)
T61B4 000:768.454 - 0.256ms returns 0
T61B4 000:768.486 JLINK_CORESIGHT_WriteAPDPReg(AP reg 0x03, 0x4F010001)
T61B4 000:768.705 - 0.219ms returns 0
T61B4 000:768.735 JLINK_CORESIGHT_WriteAPDPReg(AP reg 0x00, 0x80000002)
T61B4 000:768.935 - 0.199ms returns 0
T61B4 000:768.965 JLINK_CORESIGHT_WriteAPDPReg(AP reg 0x01, 0x80011140)
T61B4 000:769.149 - 0.184ms returns 0
T61B4 000:769.181 JLINK_CORESIGHT_ReadAPDPReg(AP reg 0x03)
T61B4 000:769.418   Value=0x00000002
T61B4 000:769.461 - 0.280ms returns 0
T61B4 000:769.489 JLINK_CORESIGHT_WriteAPDPReg(AP reg 0x00, 0x80000002)
T61B4 000:769.709 - 0.220ms returns 0
T61B4 000:769.742 JLINK_CORESIGHT_WriteAPDPReg(AP reg 0x01, 0x80011120)
T61B4 000:769.941 - 0.199ms returns 0
T61B4 000:769.975 JLINK_CORESIGHT_WriteAPDPReg(AP reg 0x03, 0x000003B0)
T61B4 000:770.155 - 0.180ms returns 0
T61B4 000:770.188 JLINK_CORESIGHT_WriteAPDPReg(AP reg 0x00, 0x80000002)
T61B4 000:770.371 - 0.183ms returns 0
T61B4 000:770.413 JLINK_CORESIGHT_WriteAPDPReg(AP reg 0x01, 0x80011140)
T61B4 000:770.623 - 0.210ms returns 0
T61B4 000:770.659 JLINK_CORESIGHT_ReadAPDPReg(AP reg 0x03)
T61B4 000:770.947   Value=0x00000002
T61B4 000:770.987 - 0.327ms returns 0
T61B4 000:771.013 JLINK_CORESIGHT_ReadAPDPReg(AP reg 0x03)
T61B4 000:771.245   Value=0x00000002
T61B4 000:771.285 - 0.272ms returns 0
T61B4 000:771.307 JLINK_CORESIGHT_ReadAPDPReg(AP reg 0x03)
T61B4 000:771.599   Value=0x00000002
T61B4 000:771.639 - 0.331ms returns 0
T61B4 000:771.665 JLINK_CORESIGHT_ReadAPDPReg(AP reg 0x03)
T61B4 000:771.895   Value=0x00000002
T61B4 000:771.939 - 0.274ms returns 0
T61B4 000:771.962 JLINK_CORESIGHT_ReadAPDPReg(AP reg 0x03)
T61B4 000:772.200   Value=0x00000002
T61B4 000:772.239 - 0.277ms returns 0
T61B4 000:772.261 JLINK_CORESIGHT_ReadAPDPReg(AP reg 0x03)
T61B4 000:772.494   Value=0x00000002
T61B4 000:772.534 - 0.273ms returns 0
T61B4 000:772.557 JLINK_CORESIGHT_ReadAPDPReg(AP reg 0x03)
T61B4 000:772.803   Value=0x00000002
T61B4 000:772.852 - 0.295ms returns 0
T61B4 000:772.875 JLINK_CORESIGHT_ReadAPDPReg(AP reg 0x03)
T61B4 000:773.113   Value=0x00000002
T61B4 000:773.154 - 0.278ms returns 0
T61B4 000:773.179 JLINK_CORESIGHT_ReadAPDPReg(AP reg 0x03)
T61B4 000:773.419   Value=0x00000000
T61B4 000:773.463 - 0.284ms returns 0
T61B4 000:773.487 JLINK_CORESIGHT_WriteAPDPReg(AP reg 0x00, 0x80000002)
T61B4 000:773.704 - 0.217ms returns 0
T61B4 000:773.740 JLINK_CORESIGHT_WriteAPDPReg(AP reg 0x01, 0x80011130)
T61B4 000:773.925 - 0.184ms returns 0
T61B4 000:773.956 JLINK_CORESIGHT_ReadAPDPReg(AP reg 0x03)
T61B4 000:774.214   Value=0x4F0B0081
T61B4 000:774.260 - 0.304ms returns 0
T61B4 000:774.283 JLINK_CORESIGHT_WriteAPDPReg(AP reg 0x00, 0x80000002)
T61B4 000:774.477 - 0.194ms returns 0
T61B4 000:774.513 JLINK_CORESIGHT_WriteAPDPReg(AP reg 0x01, 0x80011140)
T61B4 000:774.707 - 0.193ms returns 0
T61B4 000:774.744 JLINK_CORESIGHT_ReadAPDPReg(AP reg 0x03)
T61B4 000:774.994   Value=0x00000000
T61B4 000:775.035 - 0.290ms returns 0
T61B4 000:775.056 JLINK_CORESIGHT_WriteAPDPReg(AP reg 0x00, 0x80000002)
T61B4 000:775.244 - 0.187ms returns 0
T61B4 000:775.276 JLINK_CORESIGHT_WriteAPDPReg(AP reg 0x01, 0x80011130)
T61B4 000:775.473 - 0.197ms returns 0
T61B4 000:775.538 JLINK_CORESIGHT_ReadAPDPReg(AP reg 0x03)
T61B4 000:775.789   Value=0x20000000
T61B4 000:775.842 - 0.304ms returns 0
T61B4 000:775.871 JLINK_CORESIGHT_WriteAPDPReg(AP reg 0x00, 0x80000002)
T61B4 000:776.055 - 0.183ms returns 0
T61B4 000:776.085 JLINK_CORESIGHT_WriteAPDPReg(AP reg 0x01, 0x80011140)
T61B4 000:776.272 - 0.186ms returns 0
T61B4 000:776.310 JLINK_CORESIGHT_ReadAPDPReg(AP reg 0x03)
T61B4 000:776.601   Value=0x00000000
T61B4 000:776.637 - 0.327ms returns 0
T61B4 000:776.658 JLINK_CORESIGHT_WriteAPDPReg(AP reg 0x00, 0x80000002)
T61B4 000:776.845 - 0.186ms returns 0
T61B4 000:776.878 JLINK_CORESIGHT_WriteAPDPReg(AP reg 0x01, 0x80011130)
T61B4 000:777.092 - 0.213ms returns 0
T61B4 000:777.124 JLINK_CORESIGHT_ReadAPDPReg(AP reg 0x03)
T61B4 000:777.356   Value=0x00000000
T61B4 000:777.392 - 0.268ms returns 0
T61B4 000:777.414 JLINK_CORESIGHT_WriteAPDPReg(AP reg 0x00, 0x80000002)
T61B4 000:777.594 - 0.180ms returns 0
T61B4 000:777.624 JLINK_CORESIGHT_WriteAPDPReg(AP reg 0x01, 0x80011140)
T61B4 000:777.838 - 0.215ms returns 0
T61B4 000:777.867 JLINK_CORESIGHT_ReadAPDPReg(AP reg 0x03)
T61B4 000:778.114   Value=0x00000000
T61B4 000:778.152 - 0.284ms returns 0
T61B4 000:778.172 JLINK_CORESIGHT_WriteAPDPReg(AP reg 0x00, 0x80000002)
T61B4 000:778.389 - 0.217ms returns 0
T61B4 000:778.420 JLINK_CORESIGHT_WriteAPDPReg(AP reg 0x01, 0x80011130)
T61B4 000:778.742 - 0.322ms returns 0
T61B4 000:778.778 JLINK_CORESIGHT_ReadAPDPReg(AP reg 0x03)
T61B4 000:779.145   Value=0x03860000
T61B4 000:779.182 - 0.404ms returns 0
T61B4 000:779.360 JLINK_CORESIGHT_WriteAPDPReg(AP reg 0x00, 0x80000002)
T61B4 000:779.607 - 0.247ms returns 0
T61B4 000:779.636 JLINK_CORESIGHT_WriteAPDPReg(AP reg 0x01, 0x80011140)
T61B4 000:779.852 - 0.216ms returns 0
T61B4 000:779.885 JLINK_CORESIGHT_ReadAPDPReg(AP reg 0x03)
T61B4 000:780.159   Value=0x00000002
T61B4 000:780.196 - 0.311ms returns 0
T61B4 000:780.217 JLINK_CORESIGHT_WriteAPDPReg(AP reg 0x00, 0x80000002)
T61B4 000:780.429 - 0.212ms returns 0
T61B4 000:780.459 JLINK_CORESIGHT_WriteAPDPReg(AP reg 0x01, 0x80011120)
T61B4 000:780.718 - 0.259ms returns 0
T61B4 000:780.759 JLINK_CORESIGHT_WriteAPDPReg(AP reg 0x03, 0x4F010001)
T61B4 000:780.964 - 0.204ms returns 0
T61B4 000:780.995 JLINK_CORESIGHT_WriteAPDPReg(AP reg 0x00, 0x80000002)
T61B4 000:781.211 - 0.216ms returns 0
T61B4 000:781.240 JLINK_CORESIGHT_WriteAPDPReg(AP reg 0x01, 0x80011140)
T61B4 000:781.476 - 0.235ms returns 0
T61B4 000:781.510 JLINK_CORESIGHT_ReadAPDPReg(AP reg 0x03)
T61B4 000:781.814   Value=0x00000002
T61B4 000:781.854 - 0.343ms returns 0
T61B4 000:781.875 JLINK_CORESIGHT_WriteAPDPReg(AP reg 0x00, 0x80000002)
T61B4 000:782.096 - 0.221ms returns 0
T61B4 000:782.140 JLINK_CORESIGHT_WriteAPDPReg(AP reg 0x01, 0x80011120)
T61B4 000:782.351 - 0.211ms returns 0
T61B4 000:782.387 JLINK_CORESIGHT_WriteAPDPReg(AP reg 0x03, 0x000003B0)
T61B4 000:782.607 - 0.220ms returns 0
T61B4 000:782.644 JLINK_CORESIGHT_WriteAPDPReg(AP reg 0x00, 0x80000002)
T61B4 000:782.853 - 0.209ms returns 0
T61B4 000:782.882 JLINK_CORESIGHT_WriteAPDPReg(AP reg 0x01, 0x80011140)
T61B4 000:783.086 - 0.203ms returns 0
T61B4 000:783.114 JLINK_CORESIGHT_ReadAPDPReg(AP reg 0x03)
T61B4 000:783.379   Value=0x00000002
T61B4 000:783.415 - 0.301ms returns 0
T61B4 000:783.439 JLINK_CORESIGHT_ReadAPDPReg(AP reg 0x03)
T61B4 000:783.698   Value=0x00000002
T61B4 000:783.740 - 0.300ms returns 0
T61B4 000:783.761 JLINK_CORESIGHT_ReadAPDPReg(AP reg 0x03)
T61B4 000:784.028   Value=0x00000002
T61B4 000:784.067 - 0.305ms returns 0
T61B4 000:784.087 JLINK_CORESIGHT_ReadAPDPReg(AP reg 0x03)
T61B4 000:784.336   Value=0x00000002
T61B4 000:784.371 - 0.284ms returns 0
T61B4 000:784.394 JLINK_CORESIGHT_ReadAPDPReg(AP reg 0x03)
T61B4 000:784.658   Value=0x00000000
T61B4 000:784.695 - 0.301ms returns 0
T61B4 000:784.716 JLINK_CORESIGHT_WriteAPDPReg(AP reg 0x00, 0x80000002)
T61B4 000:784.927 - 0.211ms returns 0
T61B4 000:784.956 JLINK_CORESIGHT_WriteAPDPReg(AP reg 0x01, 0x80011130)
T61B4 000:785.156 - 0.200ms returns 0
T61B4 000:785.184 JLINK_CORESIGHT_ReadAPDPReg(AP reg 0x03)
T61B4 000:785.431   Value=0x4F0B0081
T61B4 000:785.466 - 0.282ms returns 0
T61B4 000:785.488 JLINK_CORESIGHT_WriteAPDPReg(AP reg 0x00, 0x80000002)
T61B4 000:785.718 - 0.230ms returns 0
T61B4 000:785.750 JLINK_CORESIGHT_WriteAPDPReg(AP reg 0x01, 0x80011140)
T61B4 000:785.954 - 0.204ms returns 0
T61B4 000:785.983 JLINK_CORESIGHT_ReadAPDPReg(AP reg 0x03)
T61B4 000:786.236   Value=0x00000000
T61B4 000:786.268 - 0.285ms returns 0
T61B4 000:786.288 JLINK_CORESIGHT_WriteAPDPReg(AP reg 0x00, 0x80000002)
T61B4 000:786.521 - 0.232ms returns 0
T61B4 000:786.549 JLINK_CORESIGHT_WriteAPDPReg(AP reg 0x01, 0x80011130)
T61B4 000:786.756 - 0.206ms returns 0
T61B4 000:786.785 JLINK_CORESIGHT_ReadAPDPReg(AP reg 0x03)
T61B4 000:787.145   Value=0x20000000
T61B4 000:787.177 - 0.391ms returns 0
T61B4 000:787.198 JLINK_CORESIGHT_WriteAPDPReg(AP reg 0x00, 0x80000002)
T61B4 000:787.403 - 0.205ms returns 0
T61B4 000:787.430 JLINK_CORESIGHT_WriteAPDPReg(AP reg 0x01, 0x80011140)
T61B4 000:787.631 - 0.201ms returns 0
T61B4 000:787.660 JLINK_CORESIGHT_ReadAPDPReg(AP reg 0x03)
T61B4 000:788.022   Value=0x00000000
T61B4 000:788.056 - 0.395ms returns 0
T61B4 000:788.076 JLINK_CORESIGHT_WriteAPDPReg(AP reg 0x00, 0x80000002)
T61B4 000:788.282 - 0.205ms returns 0
T61B4 000:788.318 JLINK_CORESIGHT_WriteAPDPReg(AP reg 0x01, 0x80011130)
T61B4 000:788.518 - 0.199ms returns 0
T61B4 000:788.547 JLINK_CORESIGHT_ReadAPDPReg(AP reg 0x03)
T61B4 000:788.801   Value=0x00000000
T61B4 000:788.835 - 0.287ms returns 0
T61B4 000:788.856 JLINK_CORESIGHT_WriteAPDPReg(AP reg 0x00, 0x80000002)
T61B4 000:789.072 - 0.216ms returns 0
T61B4 000:789.101 JLINK_CORESIGHT_WriteAPDPReg(AP reg 0x01, 0x80011140)
T61B4 000:789.299 - 0.198ms returns 0
T61B4 000:789.331 JLINK_CORESIGHT_ReadAPDPReg(AP reg 0x03)
T61B4 000:789.620   Value=0x00000000
T61B4 000:789.657 - 0.326ms returns 0
T61B4 000:789.680 JLINK_CORESIGHT_WriteAPDPReg(AP reg 0x00, 0x80000002)
T61B4 000:789.902 - 0.221ms returns 0
T61B4 000:789.940 JLINK_CORESIGHT_WriteAPDPReg(AP reg 0x01, 0x80011130)
T61B4 000:790.152 - 0.212ms returns 0
T61B4 000:790.183 JLINK_CORESIGHT_ReadAPDPReg(AP reg 0x03)
T61B4 000:790.436   Value=0x03860000
T61B4 000:790.469 - 0.286ms returns 0
T61B4 000:790.553 JLINK_CORESIGHT_ReadAPDPReg(DP reg 0x01)
T61B4 000:790.916   Value=0xF0000F40
T61B4 000:791.106 - 0.553ms returns 0
T61B4 000:791.157 JLINK_CORESIGHT_WriteAPDPReg(DP reg 0x01, 0xA0000F40)
T61B4 000:791.405 - 0.248ms returns 0
T61B4 000:791.440 JLINK_CORESIGHT_ReadAPDPReg(DP reg 0x01)
T61B4 000:791.722   Value=0x00000F40
T61B4 000:791.774 - 0.334ms returns 0
T61B4 000:791.798 JLINK_ClrRESET()
T61B4 000:792.053 - 0.254ms
T61B4 000:900.940 JLINK_Close()
T61B4 000:911.380 - 10.438ms
T61B4 000:911.449   
T61B4 000:911.468   Closed
