T8284 000:001.226   SEGGER J-Link V7.98b Log File
T8284 000:001.419   DLL Compiled: Jul 31 2024 16:10:46
T8284 000:001.432   Logging started @ 2024-09-05 02:30
T8284 000:001.445   Process: C:\Users\trung.tran-quoc\.eclipse\com.renesas.platform_32995968\DebugComp\RA\e2-server-gdb.exe
T8284 000:001.459 - 1.457ms
T8284 000:001.481 JLINK_GetDLLVersion()
T8284 000:001.495 - 0.013ms returns 79802
T8284 000:047.591 JLINK_OpenEx(...)
T8284 000:055.994   Firmware: J-Link OB-RA4M2 compiled Jul  3 2024 17:03:13
T8284 000:057.112   Firmware: J-Link OB-RA4M2 compiled Jul  3 2024 17:03:13
T8284 000:073.234   Hardware: V1.00
T8284 000:073.292   S/N: 1088800661
T8284 000:073.317   OEM: SEGGER
T8284 000:073.343   Feature(s): None
T8284 000:074.913   Bootloader: 2021 May 14
T8284 000:075.907   USB speed mode: Full speed (12 MBit/s)
T8284 000:076.676   TELNET listener socket opened on port 19021
T8284 000:076.905   WEBSRV WEBSRV_Init(): Starting webserver thread(s)
T8284 000:077.142   WEBSRV Webserver running on local port 19080
T8284 000:077.313   Looking for J-Link GUI Server exe at: C:\Users\trung.tran-quoc\.eclipse\com.renesas.platform_32995968\DebugComp\RA\ARM\Segger_v7.98.2\JLinkGUIServer.exe
T8284 000:077.477   Looking for J-Link GUI Server exe at: C:\Users\trung.tran-quoc\SEGGER\JLink\JLinkGUIServer.exe
T8284 000:380.690   Failed to connect to J-Link GUI Server.
T8284 000:380.768 - 333.172ms returns "O.K."
T8284 000:380.856 JLINK_TIF_Select(JLINKARM_TIF_SWD)
T8284 000:382.208 - 1.351ms returns 0x00
T8284 000:382.244 JLINK_ClrRESET()
T8284 000:382.807 - 0.562ms
T8284 000:433.156 JLINK_SetSpeed(1500)
T8284 000:433.822 - 0.683ms
T8284 000:433.911 JLINK_CORESIGHT_Configure(PerformTIFInit=0)
T8284 000:434.854 - 0.943ms returns 0
T8284 000:434.951 JLINK_CORESIGHT_ReadAPDPReg(DP reg 0x00)
T8284 000:435.807   Value=0x6BA02477
T8284 000:435.888 - 0.936ms returns 0
T8284 000:435.948 JLINK_CORESIGHT_WriteAPDPReg(DP reg 0x00, 0x0000001F)
T8284 000:436.598 - 0.654ms returns 0
T8284 000:436.671 JLINK_CORESIGHT_ReadAPDPReg(DP reg 0x00)
T8284 000:437.196   Value=0x6BA02477
T8284 000:437.242 - 0.572ms returns 0
T8284 000:437.276 JLINK_CORESIGHT_WriteAPDPReg(DP reg 0x02, 0x00000000)
T8284 000:437.661 - 0.385ms returns 0
T8284 000:437.696 JLINK_CORESIGHT_WriteAPDPReg(DP reg 0x01, 0x50000000)
T8284 000:438.199 - 0.503ms returns 0
T8284 000:438.255 JLINK_CORESIGHT_ReadAPDPReg(DP reg 0x01)
T8284 000:438.632   Value=0xF0000000
T8284 000:438.674 - 0.419ms returns 0
T8284 000:438.705 JLINK_CORESIGHT_WriteAPDPReg(DP reg 0x00, 0x0000001F)
T8284 000:439.123 - 0.418ms returns 0
T8284 000:439.156 JLINK_CORESIGHT_ReadAPDPReg(DP reg 0x00)
T8284 000:439.606   Value=0x6BA02477
T8284 000:439.644 - 0.488ms returns 0
T8284 000:439.673 JLINK_CORESIGHT_WriteAPDPReg(DP reg 0x01, 0x54000000)
T8284 000:440.081 - 0.408ms returns 0
T8284 000:440.112 JLINK_CORESIGHT_WriteAPDPReg(DP reg 0x01, 0x50000F00)
T8284 000:440.606 - 0.494ms returns 0
T8284 000:440.639 JLINK_CORESIGHT_WriteAPDPReg(DP reg 0x02, 0x01000000)
T8284 000:441.040 - 0.401ms returns 0
T8284 000:441.071 JLINK_CORESIGHT_WriteAPDPReg(AP reg 0x00, 0x80000002)
T8284 000:441.519 - 0.448ms returns 0
T8284 000:441.550 JLINK_CORESIGHT_WriteAPDPReg(AP reg 0x01, 0x80011100)
T8284 000:442.074 - 0.523ms returns 0
T8284 000:442.177 JLINK_CORESIGHT_WriteAPDPReg(AP reg 0x03, 0x000000A5)
T8284 000:442.707 - 0.530ms returns 0
T8284 000:442.784 JLINK_CORESIGHT_WriteAPDPReg(AP reg 0x00, 0x80000002)
T8284 000:443.274 - 0.491ms returns 0
T8284 000:443.321 JLINK_CORESIGHT_WriteAPDPReg(AP reg 0x01, 0x80011100)
T8284 000:443.862 - 0.541ms returns 0
T8284 000:443.956 JLINK_CORESIGHT_ReadAPDPReg(AP reg 0x03)
T8284 000:444.515   Value=0x000000A5
T8284 000:444.597 - 0.640ms returns 0
T8284 000:444.657 JLINK_ClrTMS()
T8284 000:444.976 - 0.318ms
T8284 000:450.851 JLINK_SetTCK()
T8284 000:451.161 - 0.311ms returns 0
T8284 000:456.999 JLINK_SetRESET()
T8284 000:457.294 - 0.296ms
T8284 000:657.861 JLINK_CORESIGHT_WriteAPDPReg(AP reg 0x00, 0x80000002)
T8284 000:658.468 - 0.607ms returns 0
T8284 000:658.571 JLINK_CORESIGHT_WriteAPDPReg(AP reg 0x01, 0x80011100)
T8284 000:658.892 - 0.321ms returns 0
T8284 000:658.919 JLINK_CORESIGHT_ReadAPDPReg(AP reg 0x03)
T8284 000:659.469   Value=0x00000000
T8284 000:659.494 - 0.574ms returns 0
T8284 000:659.508 JLINK_CORESIGHT_WriteAPDPReg(AP reg 0x00, 0x80000002)
T8284 000:659.889 - 0.381ms returns 0
T8284 000:659.909 JLINK_CORESIGHT_WriteAPDPReg(AP reg 0x01, 0x80011140)
T8284 000:660.231 - 0.322ms returns 0
T8284 000:660.249 JLINK_CORESIGHT_ReadAPDPReg(AP reg 0x03)
T8284 000:660.730   Value=0x00000002
T8284 000:660.746 - 0.497ms returns 0
T8284 000:660.758 JLINK_CORESIGHT_WriteAPDPReg(AP reg 0x00, 0x80000002)
T8284 000:661.335 - 0.576ms returns 0
T8284 000:661.352 JLINK_CORESIGHT_WriteAPDPReg(AP reg 0x01, 0x80011120)
T8284 000:661.817 - 0.465ms returns 0
T8284 000:661.830 JLINK_CORESIGHT_WriteAPDPReg(AP reg 0x03, 0x00000055)
T8284 000:662.313 - 0.481ms returns 0
T8284 000:662.334 JLINK_CORESIGHT_WriteAPDPReg(AP reg 0x00, 0x80000002)
T8284 000:662.785 - 0.450ms returns 0
T8284 000:662.798 JLINK_CORESIGHT_WriteAPDPReg(AP reg 0x01, 0x80011140)
T8284 000:663.291 - 0.493ms returns 0
T8284 000:663.304 JLINK_CORESIGHT_ReadAPDPReg(AP reg 0x03)
T8284 000:663.729   Value=0x00000000
T8284 000:663.748 - 0.444ms returns 0
T8284 000:663.760 JLINK_CORESIGHT_WriteAPDPReg(AP reg 0x00, 0x80000002)
T8284 000:664.152 - 0.391ms returns 0
T8284 000:664.176 JLINK_CORESIGHT_WriteAPDPReg(AP reg 0x01, 0x80011130)
T8284 000:664.607 - 0.431ms returns 0
T8284 000:664.626 JLINK_CORESIGHT_ReadAPDPReg(AP reg 0x03)
T8284 000:665.149   Value=0x000000C6
T8284 000:665.164 - 0.538ms returns 0
T8284 000:665.182 JLINK_CORESIGHT_WriteAPDPReg(AP reg 0x00, 0x80000002)
T8284 000:665.597 - 0.415ms returns 0
T8284 000:665.609 JLINK_CORESIGHT_WriteAPDPReg(AP reg 0x01, 0x80011140)
T8284 000:666.048 - 0.439ms returns 0
T8284 000:666.063 JLINK_CORESIGHT_ReadAPDPReg(AP reg 0x03)
T8284 000:666.460   Value=0x00000002
T8284 000:666.478 - 0.414ms returns 0
T8284 000:666.489 JLINK_CORESIGHT_WriteAPDPReg(AP reg 0x00, 0x80000002)
T8284 000:666.897 - 0.405ms returns 0
T8284 000:666.917 JLINK_CORESIGHT_WriteAPDPReg(AP reg 0x01, 0x80011120)
T8284 000:667.356 - 0.439ms returns 0
T8284 000:667.369 JLINK_CORESIGHT_WriteAPDPReg(AP reg 0x03, 0x3A010001)
T8284 000:667.689 - 0.320ms returns 0
T8284 000:667.702 JLINK_CORESIGHT_WriteAPDPReg(AP reg 0x00, 0x80000002)
T8284 000:668.016 - 0.314ms returns 0
T8284 000:668.028 JLINK_CORESIGHT_WriteAPDPReg(AP reg 0x01, 0x80011140)
T8284 000:668.505 - 0.476ms returns 0
T8284 000:668.522 JLINK_CORESIGHT_ReadAPDPReg(AP reg 0x03)
T8284 000:669.023   Value=0x00000002
T8284 000:669.039 - 0.518ms returns 0
T8284 000:669.052 JLINK_CORESIGHT_WriteAPDPReg(AP reg 0x00, 0x80000002)
T8284 000:669.459 - 0.406ms returns 0
T8284 000:669.475 JLINK_CORESIGHT_WriteAPDPReg(AP reg 0x01, 0x80011120)
T8284 000:669.793 - 0.318ms returns 0
T8284 000:669.808 JLINK_CORESIGHT_WriteAPDPReg(AP reg 0x03, 0x000003C5)
T8284 000:670.133 - 0.325ms returns 0
T8284 000:670.145 JLINK_CORESIGHT_WriteAPDPReg(AP reg 0x00, 0x80000002)
T8284 000:670.607 - 0.461ms returns 0
T8284 000:670.625 JLINK_CORESIGHT_WriteAPDPReg(AP reg 0x01, 0x80011140)
T8284 000:671.106 - 0.481ms returns 0
T8284 000:671.119 JLINK_CORESIGHT_ReadAPDPReg(AP reg 0x03)
T8284 000:671.542   Value=0x00000002
T8284 000:671.576 - 0.457ms returns 0
T8284 000:671.586 JLINK_CORESIGHT_ReadAPDPReg(AP reg 0x03)
T8284 000:672.090   Value=0x00000000
T8284 000:672.107 - 0.520ms returns 0
T8284 000:672.118 JLINK_CORESIGHT_WriteAPDPReg(AP reg 0x00, 0x80000002)
T8284 000:672.600 - 0.479ms returns 0
T8284 000:672.625 JLINK_CORESIGHT_WriteAPDPReg(AP reg 0x01, 0x80011130)
T8284 000:673.043 - 0.417ms returns 0
T8284 000:673.062 JLINK_CORESIGHT_ReadAPDPReg(AP reg 0x03)
T8284 000:673.577   Value=0x3A2A0081
T8284 000:673.600 - 0.538ms returns 0
T8284 000:673.611 JLINK_CORESIGHT_WriteAPDPReg(AP reg 0x00, 0x80000002)
T8284 000:673.957 - 0.345ms returns 0
T8284 000:673.969 JLINK_CORESIGHT_WriteAPDPReg(AP reg 0x01, 0x80011140)
T8284 000:674.313 - 0.343ms returns 0
T8284 000:674.334 JLINK_CORESIGHT_ReadAPDPReg(AP reg 0x03)
T8284 000:674.859   Value=0x00000000
T8284 000:674.875 - 0.541ms returns 0
T8284 000:674.887 JLINK_CORESIGHT_WriteAPDPReg(AP reg 0x00, 0x80000002)
T8284 000:675.315 - 0.427ms returns 0
T8284 000:675.330 JLINK_CORESIGHT_WriteAPDPReg(AP reg 0x01, 0x80011130)
T8284 000:675.780 - 0.449ms returns 0
T8284 000:675.811 JLINK_CORESIGHT_ReadAPDPReg(AP reg 0x03)
T8284 000:676.347   Value=0x808D5B00
T8284 000:676.376 - 0.565ms returns 0
T8284 000:676.394 JLINK_CORESIGHT_WriteAPDPReg(AP reg 0x00, 0x80000002)
T8284 000:676.794 - 0.400ms returns 0
T8284 000:676.808 JLINK_CORESIGHT_WriteAPDPReg(AP reg 0x01, 0x80011140)
T8284 000:677.253 - 0.445ms returns 0
T8284 000:677.268 JLINK_CORESIGHT_ReadAPDPReg(AP reg 0x03)
T8284 000:677.806   Value=0x00000000
T8284 000:677.830 - 0.561ms returns 0
T8284 000:677.842 JLINK_CORESIGHT_WriteAPDPReg(AP reg 0x00, 0x80000002)
T8284 000:678.208 - 0.365ms returns 0
T8284 000:678.230 JLINK_CORESIGHT_WriteAPDPReg(AP reg 0x01, 0x80011130)
T8284 000:678.709 - 0.477ms returns 0
T8284 000:678.729 JLINK_CORESIGHT_ReadAPDPReg(AP reg 0x03)
T8284 000:679.254   Value=0x0503030B
T8284 000:679.280 - 0.551ms returns 0
T8284 000:679.291 JLINK_CORESIGHT_WriteAPDPReg(AP reg 0x00, 0x80000002)
T8284 000:679.642 - 0.351ms returns 0
T8284 000:679.655 JLINK_CORESIGHT_WriteAPDPReg(AP reg 0x01, 0x80011140)
T8284 000:680.012 - 0.357ms returns 0
T8284 000:680.026 JLINK_CORESIGHT_ReadAPDPReg(AP reg 0x03)
T8284 000:680.534   Value=0x00000000
T8284 000:680.571 - 0.544ms returns 0
T8284 000:680.583 JLINK_CORESIGHT_WriteAPDPReg(AP reg 0x00, 0x80000002)
T8284 000:680.922 - 0.338ms returns 0
T8284 000:680.936 JLINK_CORESIGHT_WriteAPDPReg(AP reg 0x01, 0x80011130)
T8284 000:681.294 - 0.357ms returns 0
T8284 000:681.307 JLINK_CORESIGHT_ReadAPDPReg(AP reg 0x03)
T8284 000:681.846   Value=0x2E4B4E1C
T8284 000:681.861 - 0.554ms returns 0
T8284 000:681.872 JLINK_CORESIGHT_WriteAPDPReg(AP reg 0x00, 0x80000002)
T8284 000:682.232 - 0.360ms returns 0
T8284 000:682.245 JLINK_CORESIGHT_WriteAPDPReg(AP reg 0x01, 0x80011140)
T8284 000:682.583 - 0.338ms returns 0
T8284 000:682.596 JLINK_CORESIGHT_ReadAPDPReg(AP reg 0x03)
T8284 000:682.944   Value=0x00000000
T8284 000:682.961 - 0.364ms returns 0
T8284 000:682.973 JLINK_CORESIGHT_WriteAPDPReg(AP reg 0x00, 0x80000002)
T8284 000:683.369 - 0.396ms returns 0
T8284 000:683.384 JLINK_CORESIGHT_WriteAPDPReg(AP reg 0x01, 0x80011130)
T8284 000:683.764 - 0.377ms returns 0
T8284 000:683.784 JLINK_CORESIGHT_ReadAPDPReg(AP reg 0x03)
T8284 000:684.276   Value=0x4EF9D73F
T8284 000:684.296 - 0.512ms returns 0
T8284 000:684.308 JLINK_CORESIGHT_WriteAPDPReg(AP reg 0x00, 0x80000002)
T8284 000:684.677 - 0.369ms returns 0
T8284 000:684.696 JLINK_CORESIGHT_WriteAPDPReg(AP reg 0x01, 0x80011140)
T8284 000:685.053 - 0.354ms returns 0
T8284 000:685.074 JLINK_CORESIGHT_ReadAPDPReg(AP reg 0x03)
T8284 000:685.548   Value=0x00000000
T8284 000:685.564 - 0.490ms returns 0
T8284 000:685.575 JLINK_CORESIGHT_WriteAPDPReg(AP reg 0x00, 0x80000002)
T8284 000:686.004 - 0.428ms returns 0
T8284 000:686.018 JLINK_CORESIGHT_WriteAPDPReg(AP reg 0x01, 0x80011130)
T8284 000:686.389 - 0.371ms returns 0
T8284 000:686.404 JLINK_CORESIGHT_ReadAPDPReg(AP reg 0x03)
T8284 000:686.888   Value=0x34503036
T8284 000:686.913 - 0.508ms returns 0
T8284 000:686.925 JLINK_CORESIGHT_WriteAPDPReg(AP reg 0x00, 0x80000002)
T8284 000:687.267 - 0.342ms returns 0
T8284 000:687.281 JLINK_CORESIGHT_WriteAPDPReg(AP reg 0x01, 0x80011140)
T8284 000:687.640 - 0.359ms returns 0
T8284 000:687.653 JLINK_CORESIGHT_ReadAPDPReg(AP reg 0x03)
T8284 000:688.149   Value=0x00000000
T8284 000:688.164 - 0.511ms returns 0
T8284 000:688.176 JLINK_CORESIGHT_WriteAPDPReg(AP reg 0x00, 0x80000002)
T8284 000:688.605 - 0.429ms returns 0
T8284 000:688.618 JLINK_CORESIGHT_WriteAPDPReg(AP reg 0x01, 0x80011130)
T8284 000:689.072 - 0.453ms returns 0
T8284 000:689.099 JLINK_CORESIGHT_ReadAPDPReg(AP reg 0x03)
T8284 000:689.682   Value=0x78052D35
T8284 000:689.713 - 0.614ms returns 0
T8284 000:689.726 JLINK_CORESIGHT_WriteAPDPReg(AP reg 0x00, 0x80000002)
T8284 000:690.047 - 0.321ms returns 0
T8284 000:690.067 JLINK_CORESIGHT_WriteAPDPReg(AP reg 0x01, 0x80011140)
T8284 000:690.583 - 0.515ms returns 0
T8284 000:690.606 JLINK_CORESIGHT_ReadAPDPReg(AP reg 0x03)
T8284 000:691.027   Value=0x00000000
T8284 000:691.049 - 0.443ms returns 0
T8284 000:691.063 JLINK_CORESIGHT_WriteAPDPReg(AP reg 0x00, 0x80000002)
T8284 000:691.502 - 0.439ms returns 0
T8284 000:691.520 JLINK_CORESIGHT_WriteAPDPReg(AP reg 0x01, 0x80011130)
T8284 000:692.030 - 0.509ms returns 0
T8284 000:692.076 JLINK_CORESIGHT_ReadAPDPReg(AP reg 0x03)
T8284 000:692.531   Value=0x4637529B
T8284 000:692.565 - 0.488ms returns 0
T8284 000:692.587 JLINK_CORESIGHT_WriteAPDPReg(AP reg 0x00, 0x80000002)
T8284 000:692.937 - 0.350ms returns 0
T8284 000:692.977 JLINK_CORESIGHT_WriteAPDPReg(AP reg 0x01, 0x80011140)
T8284 000:693.476 - 0.499ms returns 0
T8284 000:693.514 JLINK_CORESIGHT_ReadAPDPReg(AP reg 0x03)
T8284 000:693.972   Value=0x00000000
T8284 000:693.987 - 0.474ms returns 0
T8284 000:694.000 JLINK_CORESIGHT_WriteAPDPReg(AP reg 0x00, 0x80000002)
T8284 000:694.378 - 0.378ms returns 0
T8284 000:694.394 JLINK_CORESIGHT_WriteAPDPReg(AP reg 0x01, 0x80011130)
T8284 000:694.794 - 0.398ms returns 0
T8284 000:694.816 JLINK_CORESIGHT_ReadAPDPReg(AP reg 0x03)
T8284 000:695.254   Value=0x314D3841
T8284 000:695.272 - 0.456ms returns 0
T8284 000:695.284 JLINK_CORESIGHT_WriteAPDPReg(AP reg 0x00, 0x80000002)
T8284 000:695.751 - 0.466ms returns 0
T8284 000:695.767 JLINK_CORESIGHT_WriteAPDPReg(AP reg 0x01, 0x80011140)
T8284 000:696.178 - 0.411ms returns 0
T8284 000:696.193 JLINK_CORESIGHT_ReadAPDPReg(AP reg 0x03)
T8284 000:696.572   Value=0x00000000
T8284 000:696.596 - 0.402ms returns 0
T8284 000:696.608 JLINK_CORESIGHT_WriteAPDPReg(AP reg 0x00, 0x80000002)
T8284 000:697.001 - 0.392ms returns 0
T8284 000:697.036 JLINK_CORESIGHT_WriteAPDPReg(AP reg 0x01, 0x80011130)
T8284 000:697.461 - 0.425ms returns 0
T8284 000:697.479 JLINK_CORESIGHT_ReadAPDPReg(AP reg 0x03)
T8284 000:697.857   Value=0x43454841
T8284 000:697.873 - 0.393ms returns 0
T8284 000:697.885 JLINK_CORESIGHT_WriteAPDPReg(AP reg 0x00, 0x80000002)
T8284 000:698.262 - 0.377ms returns 0
T8284 000:698.276 JLINK_CORESIGHT_WriteAPDPReg(AP reg 0x01, 0x80011140)
T8284 000:698.644 - 0.366ms returns 0
T8284 000:698.664 JLINK_CORESIGHT_ReadAPDPReg(AP reg 0x03)
T8284 000:699.181   Value=0x00000000
T8284 000:699.213 - 0.548ms returns 0
T8284 000:699.224 JLINK_CORESIGHT_WriteAPDPReg(AP reg 0x00, 0x80000002)
T8284 000:699.592 - 0.367ms returns 0
T8284 000:699.609 JLINK_CORESIGHT_WriteAPDPReg(AP reg 0x01, 0x80011130)
T8284 000:700.075 - 0.466ms returns 0
T8284 000:700.097 JLINK_CORESIGHT_ReadAPDPReg(AP reg 0x03)
T8284 000:700.672   Value=0x20204442
T8284 000:700.689 - 0.592ms returns 0
T8284 000:700.701 JLINK_CORESIGHT_WriteAPDPReg(AP reg 0x00, 0x80000002)
T8284 000:701.065 - 0.362ms returns 0
T8284 000:701.088 JLINK_CORESIGHT_WriteAPDPReg(AP reg 0x01, 0x80011140)
T8284 000:701.585 - 0.496ms returns 0
T8284 000:701.608 JLINK_CORESIGHT_ReadAPDPReg(AP reg 0x03)
T8284 000:702.069   Value=0x00000000
T8284 000:702.093 - 0.484ms returns 0
T8284 000:702.105 JLINK_CORESIGHT_WriteAPDPReg(AP reg 0x00, 0x80000002)
T8284 000:702.620 - 0.513ms returns 0
T8284 000:702.642 JLINK_CORESIGHT_WriteAPDPReg(AP reg 0x01, 0x80011130)
T8284 000:703.042 - 0.398ms returns 0
T8284 000:703.063 JLINK_CORESIGHT_ReadAPDPReg(AP reg 0x03)
T8284 000:703.584   Value=0x0003BD20
T8284 000:703.612 - 0.549ms returns 0
T8284 000:703.688 JLINK_CORESIGHT_WriteAPDPReg(AP reg 0x00, 0x80000002)
T8284 000:704.106 - 0.418ms returns 0
T8284 000:704.118 JLINK_CORESIGHT_WriteAPDPReg(AP reg 0x01, 0x80011140)
T8284 000:704.459 - 0.341ms returns 0
T8284 000:704.474 JLINK_CORESIGHT_ReadAPDPReg(AP reg 0x03)
T8284 000:704.838   Value=0x00000002
T8284 000:704.852 - 0.378ms returns 0
T8284 000:704.863 JLINK_CORESIGHT_WriteAPDPReg(AP reg 0x00, 0x80000002)
T8284 000:705.280 - 0.417ms returns 0
T8284 000:705.296 JLINK_CORESIGHT_WriteAPDPReg(AP reg 0x01, 0x80011120)
T8284 000:705.592 - 0.296ms returns 0
T8284 000:705.603 JLINK_CORESIGHT_WriteAPDPReg(AP reg 0x03, 0x2C010001)
T8284 000:705.952 - 0.347ms returns 0
T8284 000:705.971 JLINK_CORESIGHT_WriteAPDPReg(AP reg 0x00, 0x80000002)
T8284 000:706.492 - 0.519ms returns 0
T8284 000:706.516 JLINK_CORESIGHT_WriteAPDPReg(AP reg 0x01, 0x80011140)
T8284 000:706.918 - 0.400ms returns 0
T8284 000:706.937 JLINK_CORESIGHT_ReadAPDPReg(AP reg 0x03)
T8284 000:707.312   Value=0x00000002
T8284 000:707.329 - 0.392ms returns 0
T8284 000:707.340 JLINK_CORESIGHT_WriteAPDPReg(AP reg 0x00, 0x80000002)
T8284 000:707.747 - 0.404ms returns 0
T8284 000:707.768 JLINK_CORESIGHT_WriteAPDPReg(AP reg 0x01, 0x80011120)
T8284 000:708.252 - 0.482ms returns 0
T8284 000:708.290 JLINK_CORESIGHT_WriteAPDPReg(AP reg 0x03, 0x000003D3)
T8284 000:708.752 - 0.461ms returns 0
T8284 000:708.787 JLINK_CORESIGHT_WriteAPDPReg(AP reg 0x00, 0x80000002)
T8284 000:709.168 - 0.380ms returns 0
T8284 000:709.205 JLINK_CORESIGHT_WriteAPDPReg(AP reg 0x01, 0x80011140)
T8284 000:709.631 - 0.426ms returns 0
T8284 000:709.657 JLINK_CORESIGHT_ReadAPDPReg(AP reg 0x03)
T8284 000:710.063   Value=0x00000002
T8284 000:710.080 - 0.423ms returns 0
T8284 000:710.091 JLINK_CORESIGHT_ReadAPDPReg(AP reg 0x03)
T8284 000:710.566   Value=0x00000002
T8284 000:710.613 - 0.522ms returns 0
T8284 000:710.624 JLINK_CORESIGHT_ReadAPDPReg(AP reg 0x03)
T8284 000:711.065   Value=0x00000002
T8284 000:711.086 - 0.462ms returns 0
T8284 000:711.098 JLINK_CORESIGHT_ReadAPDPReg(AP reg 0x03)
T8284 000:711.459   Value=0x00000002
T8284 000:711.475 - 0.376ms returns 0
T8284 000:711.486 JLINK_CORESIGHT_ReadAPDPReg(AP reg 0x03)
T8284 000:711.939   Value=0x00000002
T8284 000:711.957 - 0.472ms returns 0
T8284 000:711.968 JLINK_CORESIGHT_ReadAPDPReg(AP reg 0x03)
T8284 000:712.466   Value=0x00000002
T8284 000:712.487 - 0.518ms returns 0
T8284 000:712.498 JLINK_CORESIGHT_ReadAPDPReg(AP reg 0x03)
T8284 000:712.928   Value=0x00000002
T8284 000:712.944 - 0.446ms returns 0
T8284 000:712.955 JLINK_CORESIGHT_ReadAPDPReg(AP reg 0x03)
T8284 000:713.461   Value=0x00000000
T8284 000:713.485 - 0.530ms returns 0
T8284 000:713.498 JLINK_CORESIGHT_WriteAPDPReg(AP reg 0x00, 0x80000002)
T8284 000:713.939 - 0.440ms returns 0
T8284 000:713.982 JLINK_CORESIGHT_WriteAPDPReg(AP reg 0x01, 0x80011130)
T8284 000:714.540 - 0.557ms returns 0
T8284 000:714.559 JLINK_CORESIGHT_ReadAPDPReg(AP reg 0x03)
T8284 000:715.007   Value=0x2C020081
T8284 000:715.021 - 0.462ms returns 0
T8284 000:715.032 JLINK_CORESIGHT_WriteAPDPReg(AP reg 0x00, 0x80000002)
T8284 000:715.470 - 0.438ms returns 0
T8284 000:715.481 JLINK_CORESIGHT_WriteAPDPReg(AP reg 0x01, 0x80011140)
T8284 000:715.937 - 0.456ms returns 0
T8284 000:715.949 JLINK_CORESIGHT_ReadAPDPReg(AP reg 0x03)
T8284 000:716.356   Value=0x00000000
T8284 000:716.374 - 0.424ms returns 0
T8284 000:716.386 JLINK_CORESIGHT_WriteAPDPReg(AP reg 0x00, 0x80000002)
T8284 000:716.796 - 0.407ms returns 0
T8284 000:716.812 JLINK_CORESIGHT_WriteAPDPReg(AP reg 0x01, 0x80011130)
T8284 000:717.261 - 0.448ms returns 0
T8284 000:717.280 JLINK_CORESIGHT_ReadAPDPReg(AP reg 0x03)
T8284 000:717.817   Value=0x0003CE04
T8284 000:717.859 - 0.579ms returns 0
T8284 000:717.879 JLINK_CORESIGHT_WriteAPDPReg(AP reg 0x00, 0x80000002)
T8284 000:718.221 - 0.342ms returns 0
T8284 000:718.233 JLINK_CORESIGHT_WriteAPDPReg(AP reg 0x01, 0x80011140)
T8284 000:718.689 - 0.455ms returns 0
T8284 000:718.703 JLINK_CORESIGHT_ReadAPDPReg(AP reg 0x03)
T8284 000:719.092   Value=0x00000002
T8284 000:719.118 - 0.415ms returns 0
T8284 000:719.128 JLINK_CORESIGHT_WriteAPDPReg(AP reg 0x00, 0x80000002)
T8284 000:719.505 - 0.376ms returns 0
T8284 000:719.523 JLINK_CORESIGHT_WriteAPDPReg(AP reg 0x01, 0x80011120)
T8284 000:719.839 - 0.316ms returns 0
T8284 000:719.851 JLINK_CORESIGHT_WriteAPDPReg(AP reg 0x03, 0x73010001)
T8284 000:720.318 - 0.467ms returns 0
T8284 000:720.333 JLINK_CORESIGHT_WriteAPDPReg(AP reg 0x00, 0x80000002)
T8284 000:720.823 - 0.490ms returns 0
T8284 000:720.837 JLINK_CORESIGHT_WriteAPDPReg(AP reg 0x01, 0x80011140)
T8284 000:721.294 - 0.456ms returns 0
T8284 000:721.310 JLINK_CORESIGHT_ReadAPDPReg(AP reg 0x03)
T8284 000:721.843   Value=0x00000002
T8284 000:721.869 - 0.559ms returns 0
T8284 000:721.879 JLINK_CORESIGHT_WriteAPDPReg(AP reg 0x00, 0x80000002)
T8284 000:722.293 - 0.411ms returns 0
T8284 000:722.318 JLINK_CORESIGHT_WriteAPDPReg(AP reg 0x01, 0x80011120)
T8284 000:722.730 - 0.412ms returns 0
T8284 000:722.741 JLINK_CORESIGHT_WriteAPDPReg(AP reg 0x03, 0x0000038C)
T8284 000:723.099 - 0.357ms returns 0
T8284 000:723.141 JLINK_CORESIGHT_WriteAPDPReg(AP reg 0x00, 0x80000002)
T8284 000:723.642 - 0.500ms returns 0
T8284 000:723.678 JLINK_CORESIGHT_WriteAPDPReg(AP reg 0x01, 0x80011140)
T8284 000:724.065 - 0.387ms returns 0
T8284 000:724.088 JLINK_CORESIGHT_ReadAPDPReg(AP reg 0x03)
T8284 000:724.667   Value=0x00000002
T8284 000:724.697 - 0.609ms returns 0
T8284 000:724.711 JLINK_CORESIGHT_ReadAPDPReg(AP reg 0x03)
T8284 000:725.299   Value=0x00000002
T8284 000:725.328 - 0.617ms returns 0
T8284 000:725.341 JLINK_CORESIGHT_ReadAPDPReg(AP reg 0x03)
T8284 000:725.907   Value=0x00000002
T8284 000:725.943 - 0.601ms returns 0
T8284 000:725.955 JLINK_CORESIGHT_ReadAPDPReg(AP reg 0x03)
T8284 000:726.663   Value=0x00000002
T8284 000:726.711 - 0.756ms returns 0
T8284 000:726.735 JLINK_CORESIGHT_ReadAPDPReg(AP reg 0x03)
T8284 000:727.391   Value=0x00000002
T8284 000:727.439 - 0.704ms returns 0
T8284 000:727.464 JLINK_CORESIGHT_ReadAPDPReg(AP reg 0x03)
T8284 000:727.902   Value=0x00000000
T8284 000:727.930 - 0.466ms returns 0
T8284 000:727.944 JLINK_CORESIGHT_WriteAPDPReg(AP reg 0x00, 0x80000002)
T8284 000:728.322 - 0.378ms returns 0
T8284 000:728.341 JLINK_CORESIGHT_WriteAPDPReg(AP reg 0x01, 0x80011130)
T8284 000:728.653 - 0.311ms returns 0
T8284 000:728.703 JLINK_CORESIGHT_ReadAPDPReg(AP reg 0x03)
T8284 000:729.191   Value=0x73020081
T8284 000:729.210 - 0.507ms returns 0
T8284 000:729.223 JLINK_CORESIGHT_WriteAPDPReg(AP reg 0x00, 0x80000002)
T8284 000:729.626 - 0.402ms returns 0
T8284 000:729.640 JLINK_CORESIGHT_WriteAPDPReg(AP reg 0x01, 0x80011140)
T8284 000:730.109 - 0.468ms returns 0
T8284 000:730.137 JLINK_CORESIGHT_ReadAPDPReg(AP reg 0x03)
T8284 000:730.650   Value=0x00000000
T8284 000:730.666 - 0.529ms returns 0
T8284 000:730.679 JLINK_CORESIGHT_WriteAPDPReg(AP reg 0x00, 0x80000002)
T8284 000:731.063 - 0.385ms returns 0
T8284 000:731.079 JLINK_CORESIGHT_WriteAPDPReg(AP reg 0x01, 0x80011130)
T8284 000:731.466 - 0.387ms returns 0
T8284 000:731.485 JLINK_CORESIGHT_ReadAPDPReg(AP reg 0x03)
T8284 000:731.945   Value=0x00038902
T8284 000:731.964 - 0.478ms returns 0
T8284 000:732.008 JLINK_CORESIGHT_WriteAPDPReg(AP reg 0x00, 0x80000002)
T8284 000:732.388 - 0.381ms returns 0
T8284 000:732.404 JLINK_CORESIGHT_WriteAPDPReg(AP reg 0x01, 0x80011140)
T8284 000:732.732 - 0.327ms returns 0
T8284 000:732.748 JLINK_CORESIGHT_ReadAPDPReg(AP reg 0x03)
T8284 000:733.251   Value=0x00000002
T8284 000:733.283 - 0.534ms returns 0
T8284 000:733.296 JLINK_CORESIGHT_WriteAPDPReg(AP reg 0x00, 0x80000002)
T8284 000:733.688 - 0.392ms returns 0
T8284 000:733.702 JLINK_CORESIGHT_WriteAPDPReg(AP reg 0x01, 0x80011120)
T8284 000:734.160 - 0.457ms returns 0
T8284 000:734.198 JLINK_CORESIGHT_WriteAPDPReg(AP reg 0x03, 0x75010001)
T8284 000:734.631 - 0.433ms returns 0
T8284 000:734.651 JLINK_CORESIGHT_WriteAPDPReg(AP reg 0x00, 0x80000002)
T8284 000:735.023 - 0.371ms returns 0
T8284 000:735.036 JLINK_CORESIGHT_WriteAPDPReg(AP reg 0x01, 0x80011140)
T8284 000:735.502 - 0.464ms returns 0
T8284 000:735.522 JLINK_CORESIGHT_ReadAPDPReg(AP reg 0x03)
T8284 000:735.983   Value=0x00000002
T8284 000:736.004 - 0.481ms returns 0
T8284 000:736.016 JLINK_CORESIGHT_WriteAPDPReg(AP reg 0x00, 0x80000002)
T8284 000:736.461 - 0.445ms returns 0
T8284 000:736.476 JLINK_CORESIGHT_WriteAPDPReg(AP reg 0x01, 0x80011120)
T8284 000:736.885 - 0.409ms returns 0
T8284 000:736.902 JLINK_CORESIGHT_WriteAPDPReg(AP reg 0x03, 0x0000038A)
T8284 000:737.263 - 0.359ms returns 0
T8284 000:737.289 JLINK_CORESIGHT_WriteAPDPReg(AP reg 0x00, 0x80000002)
T8284 000:737.766 - 0.474ms returns 0
T8284 000:737.785 JLINK_CORESIGHT_WriteAPDPReg(AP reg 0x01, 0x80011140)
T8284 000:738.263 - 0.477ms returns 0
T8284 000:738.284 JLINK_CORESIGHT_ReadAPDPReg(AP reg 0x03)
T8284 000:738.763   Value=0x00000000
T8284 000:738.787 - 0.503ms returns 0
T8284 000:738.798 JLINK_CORESIGHT_WriteAPDPReg(AP reg 0x00, 0x80000002)
T8284 000:739.230 - 0.431ms returns 0
T8284 000:739.270 JLINK_CORESIGHT_WriteAPDPReg(AP reg 0x01, 0x80011130)
T8284 000:739.689 - 0.418ms returns 0
T8284 000:739.707 JLINK_CORESIGHT_ReadAPDPReg(AP reg 0x03)
T8284 000:740.103   Value=0x75020081
T8284 000:740.127 - 0.420ms returns 0
T8284 000:740.137 JLINK_CORESIGHT_WriteAPDPReg(AP reg 0x00, 0x80000002)
T8284 000:740.524 - 0.385ms returns 0
T8284 000:740.545 JLINK_CORESIGHT_WriteAPDPReg(AP reg 0x01, 0x80011140)
T8284 000:741.012 - 0.465ms returns 0
T8284 000:741.035 JLINK_CORESIGHT_ReadAPDPReg(AP reg 0x03)
T8284 000:741.575   Value=0x00000000
T8284 000:741.601 - 0.566ms returns 0
T8284 000:741.612 JLINK_CORESIGHT_WriteAPDPReg(AP reg 0x00, 0x80000002)
T8284 000:741.975 - 0.362ms returns 0
T8284 000:742.013 JLINK_CORESIGHT_WriteAPDPReg(AP reg 0x01, 0x80011130)
T8284 000:742.461 - 0.448ms returns 0
T8284 000:742.480 JLINK_CORESIGHT_ReadAPDPReg(AP reg 0x03)
T8284 000:743.155   Value=0x00038702
T8284 000:743.175 - 0.695ms returns 0
T8284 000:743.195 JLINK_CORESIGHT_WriteAPDPReg(AP reg 0x00, 0x80000002)
T8284 000:743.622 - 0.425ms returns 0
T8284 000:743.642 JLINK_CORESIGHT_WriteAPDPReg(AP reg 0x01, 0x80011140)
T8284 000:744.139 - 0.496ms returns 0
T8284 000:744.181 JLINK_CORESIGHT_ReadAPDPReg(AP reg 0x03)
T8284 000:744.772   Value=0x00000002
T8284 000:744.793 - 0.612ms returns 0
T8284 000:744.805 JLINK_CORESIGHT_WriteAPDPReg(AP reg 0x00, 0x80000002)
T8284 000:745.183 - 0.377ms returns 0
T8284 000:745.207 JLINK_CORESIGHT_WriteAPDPReg(AP reg 0x01, 0x80011120)
T8284 000:745.638 - 0.431ms returns 0
T8284 000:745.651 JLINK_CORESIGHT_WriteAPDPReg(AP reg 0x03, 0x4F010001)
T8284 000:746.044 - 0.391ms returns 0
T8284 000:746.070 JLINK_CORESIGHT_WriteAPDPReg(AP reg 0x00, 0x80000002)
T8284 000:746.488 - 0.417ms returns 0
T8284 000:746.508 JLINK_CORESIGHT_WriteAPDPReg(AP reg 0x01, 0x80011140)
T8284 000:746.942 - 0.433ms returns 0
T8284 000:746.953 JLINK_CORESIGHT_ReadAPDPReg(AP reg 0x03)
T8284 000:747.313   Value=0x00000002
T8284 000:747.329 - 0.376ms returns 0
T8284 000:747.340 JLINK_CORESIGHT_WriteAPDPReg(AP reg 0x00, 0x80000002)
T8284 000:747.794 - 0.451ms returns 0
T8284 000:747.811 JLINK_CORESIGHT_WriteAPDPReg(AP reg 0x01, 0x80011120)
T8284 000:748.267 - 0.456ms returns 0
T8284 000:748.278 JLINK_CORESIGHT_WriteAPDPReg(AP reg 0x03, 0x000003B0)
T8284 000:748.667 - 0.387ms returns 0
T8284 000:748.685 JLINK_CORESIGHT_WriteAPDPReg(AP reg 0x00, 0x80000002)
T8284 000:749.096 - 0.409ms returns 0
T8284 000:749.114 JLINK_CORESIGHT_WriteAPDPReg(AP reg 0x01, 0x80011140)
T8284 000:749.588 - 0.474ms returns 0
T8284 000:749.601 JLINK_CORESIGHT_ReadAPDPReg(AP reg 0x03)
T8284 000:750.071   Value=0x00000000
T8284 000:750.085 - 0.483ms returns 0
T8284 000:750.096 JLINK_CORESIGHT_WriteAPDPReg(AP reg 0x00, 0x80000002)
T8284 000:750.535 - 0.436ms returns 0
T8284 000:750.556 JLINK_CORESIGHT_WriteAPDPReg(AP reg 0x01, 0x80011130)
T8284 000:751.011 - 0.453ms returns 0
T8284 000:751.031 JLINK_CORESIGHT_ReadAPDPReg(AP reg 0x03)
T8284 000:751.588   Value=0x4F0B0081
T8284 000:751.603 - 0.572ms returns 0
T8284 000:751.614 JLINK_CORESIGHT_WriteAPDPReg(AP reg 0x00, 0x80000002)
T8284 000:751.966 - 0.352ms returns 0
T8284 000:751.977 JLINK_CORESIGHT_WriteAPDPReg(AP reg 0x01, 0x80011140)
T8284 000:752.335 - 0.356ms returns 0
T8284 000:752.359 JLINK_CORESIGHT_ReadAPDPReg(AP reg 0x03)
T8284 000:752.845   Value=0x00000000
T8284 000:752.859 - 0.499ms returns 0
T8284 000:752.869 JLINK_CORESIGHT_WriteAPDPReg(AP reg 0x00, 0x80000002)
T8284 000:753.275 - 0.404ms returns 0
T8284 000:753.298 JLINK_CORESIGHT_WriteAPDPReg(AP reg 0x01, 0x80011130)
T8284 000:753.730 - 0.431ms returns 0
T8284 000:753.740 JLINK_CORESIGHT_ReadAPDPReg(AP reg 0x03)
T8284 000:754.148   Value=0xE03F0000
T8284 000:754.167 - 0.426ms returns 0
T8284 000:754.178 JLINK_CORESIGHT_WriteAPDPReg(AP reg 0x00, 0x80000002)
T8284 000:754.638 - 0.457ms returns 0
T8284 000:754.657 JLINK_CORESIGHT_WriteAPDPReg(AP reg 0x01, 0x80011140)
T8284 000:755.011 - 0.354ms returns 0
T8284 000:755.026 JLINK_CORESIGHT_ReadAPDPReg(AP reg 0x03)
T8284 000:755.451   Value=0x00000000
T8284 000:755.471 - 0.445ms returns 0
T8284 000:755.483 JLINK_CORESIGHT_WriteAPDPReg(AP reg 0x00, 0x80000002)
T8284 000:755.856 - 0.373ms returns 0
T8284 000:755.869 JLINK_CORESIGHT_WriteAPDPReg(AP reg 0x01, 0x80011130)
T8284 000:756.283 - 0.414ms returns 0
T8284 000:756.294 JLINK_CORESIGHT_ReadAPDPReg(AP reg 0x03)
T8284 000:756.937   Value=0x00003F00
T8284 000:756.951 - 0.657ms returns 0
T8284 000:756.964 JLINK_CORESIGHT_WriteAPDPReg(AP reg 0x00, 0x80000002)
T8284 000:757.326 - 0.360ms returns 0
T8284 000:757.348 JLINK_CORESIGHT_WriteAPDPReg(AP reg 0x01, 0x80011140)
T8284 000:757.844 - 0.495ms returns 0
T8284 000:757.856 JLINK_CORESIGHT_ReadAPDPReg(AP reg 0x03)
T8284 000:758.343   Value=0x00000000
T8284 000:758.368 - 0.512ms returns 0
T8284 000:758.379 JLINK_CORESIGHT_WriteAPDPReg(AP reg 0x00, 0x80000002)
T8284 000:758.900 - 0.520ms returns 0
T8284 000:758.920 JLINK_CORESIGHT_WriteAPDPReg(AP reg 0x01, 0x80011130)
T8284 000:759.502 - 0.580ms returns 0
T8284 000:759.519 JLINK_CORESIGHT_ReadAPDPReg(AP reg 0x03)
T8284 000:760.127   Value=0x03480000
T8284 000:760.142 - 0.622ms returns 0
T8284 000:760.214 JLINK_CORESIGHT_WriteAPDPReg(AP reg 0x00, 0x80000002)
T8284 000:760.616 - 0.400ms returns 0
T8284 000:760.632 JLINK_CORESIGHT_WriteAPDPReg(AP reg 0x01, 0x80011140)
T8284 000:761.012 - 0.380ms returns 0
T8284 000:761.025 JLINK_CORESIGHT_ReadAPDPReg(AP reg 0x03)
T8284 000:761.424   Value=0x00000002
T8284 000:761.438 - 0.412ms returns 0
T8284 000:761.448 JLINK_CORESIGHT_WriteAPDPReg(AP reg 0x00, 0x80000002)
T8284 000:761.811 - 0.363ms returns 0
T8284 000:761.822 JLINK_CORESIGHT_WriteAPDPReg(AP reg 0x01, 0x80011120)
T8284 000:762.154 - 0.330ms returns 0
T8284 000:762.183 JLINK_CORESIGHT_WriteAPDPReg(AP reg 0x03, 0x2C010001)
T8284 000:762.669 - 0.485ms returns 0
T8284 000:762.689 JLINK_CORESIGHT_WriteAPDPReg(AP reg 0x00, 0x80000002)
T8284 000:763.116 - 0.427ms returns 0
T8284 000:763.128 JLINK_CORESIGHT_WriteAPDPReg(AP reg 0x01, 0x80011140)
T8284 000:763.527 - 0.397ms returns 0
T8284 000:763.548 JLINK_CORESIGHT_ReadAPDPReg(AP reg 0x03)
T8284 000:763.973   Value=0x00000002
T8284 000:763.991 - 0.443ms returns 0
T8284 000:764.004 JLINK_CORESIGHT_WriteAPDPReg(AP reg 0x00, 0x80000002)
T8284 000:764.594 - 0.590ms returns 0
T8284 000:764.615 JLINK_CORESIGHT_WriteAPDPReg(AP reg 0x01, 0x80011120)
T8284 000:765.097 - 0.478ms returns 0
T8284 000:765.114 JLINK_CORESIGHT_WriteAPDPReg(AP reg 0x03, 0x000003D3)
T8284 000:765.603 - 0.486ms returns 0
T8284 000:765.621 JLINK_CORESIGHT_WriteAPDPReg(AP reg 0x00, 0x80000002)
T8284 000:766.021 - 0.400ms returns 0
T8284 000:766.036 JLINK_CORESIGHT_WriteAPDPReg(AP reg 0x01, 0x80011140)
T8284 000:766.419 - 0.381ms returns 0
T8284 000:766.440 JLINK_CORESIGHT_ReadAPDPReg(AP reg 0x03)
T8284 000:766.890   Value=0x00000002
T8284 000:766.920 - 0.479ms returns 0
T8284 000:766.932 JLINK_CORESIGHT_ReadAPDPReg(AP reg 0x03)
T8284 000:767.387   Value=0x00000002
T8284 000:767.425 - 0.493ms returns 0
T8284 000:767.438 JLINK_CORESIGHT_ReadAPDPReg(AP reg 0x03)
T8284 000:767.869   Value=0x00000002
T8284 000:767.893 - 0.455ms returns 0
T8284 000:767.905 JLINK_CORESIGHT_ReadAPDPReg(AP reg 0x03)
T8284 000:768.509   Value=0x00000002
T8284 000:768.528 - 0.622ms returns 0
T8284 000:768.540 JLINK_CORESIGHT_ReadAPDPReg(AP reg 0x03)
T8284 000:768.998   Value=0x00000000
T8284 000:769.024 - 0.483ms returns 0
T8284 000:769.037 JLINK_CORESIGHT_WriteAPDPReg(AP reg 0x00, 0x80000002)
T8284 000:769.492 - 0.453ms returns 0
T8284 000:769.519 JLINK_CORESIGHT_WriteAPDPReg(AP reg 0x01, 0x80011130)
T8284 000:769.925 - 0.404ms returns 0
T8284 000:769.939 JLINK_CORESIGHT_ReadAPDPReg(AP reg 0x03)
T8284 000:770.499   Value=0x2C020081
T8284 000:770.528 - 0.588ms returns 0
T8284 000:770.541 JLINK_CORESIGHT_WriteAPDPReg(AP reg 0x00, 0x80000002)
T8284 000:770.860 - 0.319ms returns 0
T8284 000:770.874 JLINK_CORESIGHT_WriteAPDPReg(AP reg 0x01, 0x80011140)
T8284 000:771.266 - 0.391ms returns 0
T8284 000:771.291 JLINK_CORESIGHT_ReadAPDPReg(AP reg 0x03)
T8284 000:771.735   Value=0x00000000
T8284 000:771.763 - 0.472ms returns 0
T8284 000:771.778 JLINK_CORESIGHT_WriteAPDPReg(AP reg 0x00, 0x80000002)
T8284 000:772.142 - 0.363ms returns 0
T8284 000:772.158 JLINK_CORESIGHT_WriteAPDPReg(AP reg 0x01, 0x80011130)
T8284 000:772.459 - 0.301ms returns 0
T8284 000:772.473 JLINK_CORESIGHT_ReadAPDPReg(AP reg 0x03)
T8284 000:772.888   Value=0x0003CE04
T8284 000:772.915 - 0.441ms returns 0
T8284 000:772.932 JLINK_CORESIGHT_WriteAPDPReg(AP reg 0x00, 0x80000002)
T8284 000:773.334 - 0.400ms returns 0
T8284 000:773.358 JLINK_CORESIGHT_WriteAPDPReg(AP reg 0x01, 0x80011140)
T8284 000:773.808 - 0.448ms returns 0
T8284 000:773.829 JLINK_CORESIGHT_ReadAPDPReg(AP reg 0x03)
T8284 000:774.316   Value=0x00000002
T8284 000:774.337 - 0.508ms returns 0
T8284 000:774.353 JLINK_CORESIGHT_WriteAPDPReg(AP reg 0x00, 0x80000002)
T8284 000:774.765 - 0.409ms returns 0
T8284 000:774.785 JLINK_CORESIGHT_WriteAPDPReg(AP reg 0x01, 0x80011120)
T8284 000:775.333 - 0.548ms returns 0
T8284 000:775.357 JLINK_CORESIGHT_WriteAPDPReg(AP reg 0x03, 0x73010001)
T8284 000:775.860 - 0.503ms returns 0
T8284 000:775.877 JLINK_CORESIGHT_WriteAPDPReg(AP reg 0x00, 0x80000002)
T8284 000:776.265 - 0.387ms returns 0
T8284 000:776.280 JLINK_CORESIGHT_WriteAPDPReg(AP reg 0x01, 0x80011140)
T8284 000:776.723 - 0.441ms returns 0
T8284 000:776.748 JLINK_CORESIGHT_ReadAPDPReg(AP reg 0x03)
T8284 000:777.233   Value=0x00000002
T8284 000:777.254 - 0.506ms returns 0
T8284 000:777.272 JLINK_CORESIGHT_WriteAPDPReg(AP reg 0x00, 0x80000002)
T8284 000:777.682 - 0.410ms returns 0
T8284 000:777.697 JLINK_CORESIGHT_WriteAPDPReg(AP reg 0x01, 0x80011120)
T8284 000:778.021 - 0.324ms returns 0
T8284 000:778.037 JLINK_CORESIGHT_WriteAPDPReg(AP reg 0x03, 0x0000038C)
T8284 000:778.389 - 0.352ms returns 0
T8284 000:778.406 JLINK_CORESIGHT_WriteAPDPReg(AP reg 0x00, 0x80000002)
T8284 000:778.853 - 0.445ms returns 0
T8284 000:778.873 JLINK_CORESIGHT_WriteAPDPReg(AP reg 0x01, 0x80011140)
T8284 000:779.316 - 0.442ms returns 0
T8284 000:779.334 JLINK_CORESIGHT_ReadAPDPReg(AP reg 0x03)
T8284 000:779.692   Value=0x00000002
T8284 000:779.713 - 0.378ms returns 0
T8284 000:779.728 JLINK_CORESIGHT_ReadAPDPReg(AP reg 0x03)
T8284 000:780.190   Value=0x00000002
T8284 000:780.211 - 0.482ms returns 0
T8284 000:780.226 JLINK_CORESIGHT_ReadAPDPReg(AP reg 0x03)
T8284 000:780.681   Value=0x00000002
T8284 000:780.710 - 0.484ms returns 0
T8284 000:780.726 JLINK_CORESIGHT_ReadAPDPReg(AP reg 0x03)
T8284 000:781.152   Value=0x00000002
T8284 000:781.174 - 0.448ms returns 0
T8284 000:781.189 JLINK_CORESIGHT_ReadAPDPReg(AP reg 0x03)
T8284 000:781.660   Value=0x00000000
T8284 000:781.690 - 0.501ms returns 0
T8284 000:781.706 JLINK_CORESIGHT_WriteAPDPReg(AP reg 0x00, 0x80000002)
T8284 000:782.176 - 0.469ms returns 0
T8284 000:782.220 JLINK_CORESIGHT_WriteAPDPReg(AP reg 0x01, 0x80011130)
T8284 000:782.692 - 0.472ms returns 0
T8284 000:782.710 JLINK_CORESIGHT_ReadAPDPReg(AP reg 0x03)
T8284 000:783.235   Value=0x73020081
T8284 000:783.261 - 0.550ms returns 0
T8284 000:783.278 JLINK_CORESIGHT_WriteAPDPReg(AP reg 0x00, 0x80000002)
T8284 000:783.674 - 0.396ms returns 0
T8284 000:783.694 JLINK_CORESIGHT_WriteAPDPReg(AP reg 0x01, 0x80011140)
T8284 000:784.218 - 0.523ms returns 0
T8284 000:784.272 JLINK_CORESIGHT_ReadAPDPReg(AP reg 0x03)
T8284 000:784.885   Value=0x00000000
T8284 000:784.923 - 0.651ms returns 0
T8284 000:784.936 JLINK_CORESIGHT_WriteAPDPReg(AP reg 0x00, 0x80000002)
T8284 000:785.462 - 0.526ms returns 0
T8284 000:785.476 JLINK_CORESIGHT_WriteAPDPReg(AP reg 0x01, 0x80011130)
T8284 000:785.966 - 0.490ms returns 0
T8284 000:786.001 JLINK_CORESIGHT_ReadAPDPReg(AP reg 0x03)
T8284 000:786.711   Value=0x00038902
T8284 000:786.760 - 0.759ms returns 0
T8284 000:786.785 JLINK_CORESIGHT_WriteAPDPReg(AP reg 0x00, 0x80000002)
T8284 000:787.355 - 0.570ms returns 0
T8284 000:787.377 JLINK_CORESIGHT_WriteAPDPReg(AP reg 0x01, 0x80011140)
T8284 000:787.818 - 0.441ms returns 0
T8284 000:787.834 JLINK_CORESIGHT_ReadAPDPReg(AP reg 0x03)
T8284 000:788.333   Value=0x00000002
T8284 000:788.350 - 0.515ms returns 0
T8284 000:788.361 JLINK_CORESIGHT_WriteAPDPReg(AP reg 0x00, 0x80000002)
T8284 000:788.783 - 0.421ms returns 0
T8284 000:788.797 JLINK_CORESIGHT_WriteAPDPReg(AP reg 0x01, 0x80011120)
T8284 000:789.286 - 0.489ms returns 0
T8284 000:789.301 JLINK_CORESIGHT_WriteAPDPReg(AP reg 0x03, 0x75010001)
T8284 000:789.796 - 0.494ms returns 0
T8284 000:789.822 JLINK_CORESIGHT_WriteAPDPReg(AP reg 0x00, 0x80000002)
T8284 000:790.301 - 0.476ms returns 0
T8284 000:790.323 JLINK_CORESIGHT_WriteAPDPReg(AP reg 0x01, 0x80011140)
T8284 000:790.734 - 0.411ms returns 0
T8284 000:790.752 JLINK_CORESIGHT_ReadAPDPReg(AP reg 0x03)
T8284 000:791.231   Value=0x00000002
T8284 000:791.248 - 0.495ms returns 0
T8284 000:791.259 JLINK_CORESIGHT_WriteAPDPReg(AP reg 0x00, 0x80000002)
T8284 000:791.719 - 0.457ms returns 0
T8284 000:791.736 JLINK_CORESIGHT_WriteAPDPReg(AP reg 0x01, 0x80011120)
T8284 000:792.161 - 0.425ms returns 0
T8284 000:792.178 JLINK_CORESIGHT_WriteAPDPReg(AP reg 0x03, 0x0000038A)
T8284 000:792.659 - 0.481ms returns 0
T8284 000:792.685 JLINK_CORESIGHT_WriteAPDPReg(AP reg 0x00, 0x80000002)
T8284 000:793.142 - 0.457ms returns 0
T8284 000:793.154 JLINK_CORESIGHT_WriteAPDPReg(AP reg 0x01, 0x80011140)
T8284 000:793.638 - 0.482ms returns 0
T8284 000:793.662 JLINK_CORESIGHT_ReadAPDPReg(AP reg 0x03)
T8284 000:794.107   Value=0x00000002
T8284 000:794.131 - 0.468ms returns 0
T8284 000:794.144 JLINK_CORESIGHT_ReadAPDPReg(AP reg 0x03)
T8284 000:794.648   Value=0x00000002
T8284 000:794.667 - 0.523ms returns 0
T8284 000:794.680 JLINK_CORESIGHT_ReadAPDPReg(AP reg 0x03)
T8284 000:795.180   Value=0x00000002
T8284 000:795.206 - 0.526ms returns 0
T8284 000:795.217 JLINK_CORESIGHT_ReadAPDPReg(AP reg 0x03)
T8284 000:795.735   Value=0x00000002
T8284 000:795.751 - 0.533ms returns 0
T8284 000:795.762 JLINK_CORESIGHT_ReadAPDPReg(AP reg 0x03)
T8284 000:796.231   Value=0x00000002
T8284 000:796.248 - 0.486ms returns 0
T8284 000:796.260 JLINK_CORESIGHT_ReadAPDPReg(AP reg 0x03)
T8284 000:796.753   Value=0x00000000
T8284 000:796.774 - 0.514ms returns 0
T8284 000:796.785 JLINK_CORESIGHT_WriteAPDPReg(AP reg 0x00, 0x80000002)
T8284 000:797.139 - 0.354ms returns 0
T8284 000:797.153 JLINK_CORESIGHT_WriteAPDPReg(AP reg 0x01, 0x80011130)
T8284 000:797.468 - 0.314ms returns 0
T8284 000:797.516 JLINK_CORESIGHT_ReadAPDPReg(AP reg 0x03)
T8284 000:797.933   Value=0x75020081
T8284 000:797.954 - 0.437ms returns 0
T8284 000:797.965 JLINK_CORESIGHT_WriteAPDPReg(AP reg 0x00, 0x80000002)
T8284 000:798.298 - 0.332ms returns 0
T8284 000:798.315 JLINK_CORESIGHT_WriteAPDPReg(AP reg 0x01, 0x80011140)
T8284 000:798.785 - 0.470ms returns 0
T8284 000:798.808 JLINK_CORESIGHT_ReadAPDPReg(AP reg 0x03)
T8284 000:799.179   Value=0x00000000
T8284 000:799.196 - 0.387ms returns 0
T8284 000:799.208 JLINK_CORESIGHT_WriteAPDPReg(AP reg 0x00, 0x80000002)
T8284 000:799.619 - 0.408ms returns 0
T8284 000:799.641 JLINK_CORESIGHT_WriteAPDPReg(AP reg 0x01, 0x80011130)
T8284 000:800.062 - 0.421ms returns 0
T8284 000:800.075 JLINK_CORESIGHT_ReadAPDPReg(AP reg 0x03)
T8284 000:800.509   Value=0x00038702
T8284 000:800.535 - 0.459ms returns 0
T8284 000:800.584 JLINK_CORESIGHT_WriteAPDPReg(AP reg 0x00, 0x80000002)
T8284 000:800.893 - 0.309ms returns 0
T8284 000:800.906 JLINK_CORESIGHT_WriteAPDPReg(AP reg 0x01, 0x80011140)
T8284 000:801.263 - 0.357ms returns 0
T8284 000:801.279 JLINK_CORESIGHT_ReadAPDPReg(AP reg 0x03)
T8284 000:801.790   Value=0x00000002
T8284 000:801.815 - 0.536ms returns 0
T8284 000:801.825 JLINK_CORESIGHT_WriteAPDPReg(AP reg 0x00, 0x80000002)
T8284 000:802.233 - 0.406ms returns 0
T8284 000:802.275 JLINK_CORESIGHT_WriteAPDPReg(AP reg 0x01, 0x80011120)
T8284 000:802.736 - 0.460ms returns 0
T8284 000:802.773 JLINK_CORESIGHT_WriteAPDPReg(AP reg 0x03, 0x4E0B0001)
T8284 000:803.197 - 0.423ms returns 0
T8284 000:803.252 JLINK_CORESIGHT_WriteAPDPReg(AP reg 0x00, 0x80000002)
T8284 000:803.940 - 0.687ms returns 0
T8284 000:803.981 JLINK_CORESIGHT_WriteAPDPReg(AP reg 0x01, 0x80011140)
T8284 000:804.469 - 0.487ms returns 0
T8284 000:804.492 JLINK_CORESIGHT_ReadAPDPReg(AP reg 0x03)
T8284 000:805.023   Value=0x00000002
T8284 000:805.044 - 0.551ms returns 0
T8284 000:805.056 JLINK_CORESIGHT_WriteAPDPReg(AP reg 0x00, 0x80000002)
T8284 000:805.390 - 0.334ms returns 0
T8284 000:805.405 JLINK_CORESIGHT_WriteAPDPReg(AP reg 0x01, 0x80011120)
T8284 000:805.718 - 0.313ms returns 0
T8284 000:805.729 JLINK_CORESIGHT_WriteAPDPReg(AP reg 0x03, 0x00010000)
T8284 000:806.046 - 0.317ms returns 0
T8284 000:806.057 JLINK_CORESIGHT_WriteAPDPReg(AP reg 0x00, 0x80000002)
T8284 000:806.462 - 0.404ms returns 0
T8284 000:806.474 JLINK_CORESIGHT_WriteAPDPReg(AP reg 0x01, 0x80011140)
T8284 000:806.886 - 0.411ms returns 0
T8284 000:806.897 JLINK_CORESIGHT_ReadAPDPReg(AP reg 0x03)
T8284 000:807.313   Value=0x00000002
T8284 000:807.327 - 0.429ms returns 0
T8284 000:807.337 JLINK_CORESIGHT_WriteAPDPReg(AP reg 0x00, 0x80000002)
T8284 000:807.716 - 0.379ms returns 0
T8284 000:807.727 JLINK_CORESIGHT_WriteAPDPReg(AP reg 0x01, 0x80011120)
T8284 000:808.187 - 0.460ms returns 0
T8284 000:808.198 JLINK_CORESIGHT_WriteAPDPReg(AP reg 0x03, 0x00000000)
T8284 000:808.492 - 0.294ms returns 0
T8284 000:808.503 JLINK_CORESIGHT_WriteAPDPReg(AP reg 0x00, 0x80000002)
T8284 000:808.892 - 0.388ms returns 0
T8284 000:808.930 JLINK_CORESIGHT_WriteAPDPReg(AP reg 0x01, 0x80011140)
T8284 000:809.314 - 0.383ms returns 0
T8284 000:809.335 JLINK_CORESIGHT_ReadAPDPReg(AP reg 0x03)
T8284 000:809.686   Value=0x00000002
T8284 000:809.700 - 0.364ms returns 0
T8284 000:809.710 JLINK_CORESIGHT_WriteAPDPReg(AP reg 0x00, 0x80000002)
T8284 000:810.116 - 0.406ms returns 0
T8284 000:810.127 JLINK_CORESIGHT_WriteAPDPReg(AP reg 0x01, 0x80011120)
T8284 000:810.604 - 0.477ms returns 0
T8284 000:810.615 JLINK_CORESIGHT_WriteAPDPReg(AP reg 0x03, 0x03A60000)
T8284 000:810.936 - 0.321ms returns 0
T8284 000:810.947 JLINK_CORESIGHT_WriteAPDPReg(AP reg 0x00, 0x80000002)
T8284 000:811.310 - 0.363ms returns 0
T8284 000:811.321 JLINK_CORESIGHT_WriteAPDPReg(AP reg 0x01, 0x80011140)
T8284 000:811.626 - 0.305ms returns 0
T8284 000:811.636 JLINK_CORESIGHT_ReadAPDPReg(AP reg 0x03)
T8284 000:812.060   Value=0x00000002
T8284 000:812.076 - 0.440ms returns 0
T8284 000:812.086 JLINK_CORESIGHT_ReadAPDPReg(AP reg 0x03)
T8284 000:812.502   Value=0x00000002
T8284 000:812.517 - 0.431ms returns 0
T8284 000:812.528 JLINK_CORESIGHT_ReadAPDPReg(AP reg 0x03)
T8284 000:812.977   Value=0x00000002
T8284 000:812.993 - 0.465ms returns 0
T8284 000:813.003 JLINK_CORESIGHT_ReadAPDPReg(AP reg 0x03)
T8284 000:813.457   Value=0x00000002
T8284 000:813.473 - 0.469ms returns 0
T8284 000:813.484 JLINK_CORESIGHT_ReadAPDPReg(AP reg 0x03)
T8284 000:813.927   Value=0x00000002
T8284 000:813.957 - 0.473ms returns 0
T8284 000:813.976 JLINK_CORESIGHT_ReadAPDPReg(AP reg 0x03)
T8284 000:814.467   Value=0x00000002
T8284 000:814.486 - 0.510ms returns 0
T8284 000:814.499 JLINK_CORESIGHT_ReadAPDPReg(AP reg 0x03)
T8284 000:814.930   Value=0x00000002
T8284 000:814.952 - 0.452ms returns 0
T8284 000:814.963 JLINK_CORESIGHT_ReadAPDPReg(AP reg 0x03)
T8284 000:815.381   Value=0x00000002
T8284 000:815.402 - 0.438ms returns 0
T8284 000:815.413 JLINK_CORESIGHT_ReadAPDPReg(AP reg 0x03)
T8284 000:815.903   Value=0x00000002
T8284 000:815.917 - 0.503ms returns 0
T8284 000:815.927 JLINK_CORESIGHT_ReadAPDPReg(AP reg 0x03)
T8284 000:816.493   Value=0x00000002
T8284 000:816.518 - 0.591ms returns 0
T8284 000:816.532 JLINK_CORESIGHT_ReadAPDPReg(AP reg 0x03)
T8284 000:817.016   Value=0x00000002
T8284 000:817.029 - 0.496ms returns 0
T8284 000:817.039 JLINK_CORESIGHT_ReadAPDPReg(AP reg 0x03)
T8284 000:817.509   Value=0x00000002
T8284 000:817.525 - 0.486ms returns 0
T8284 000:817.536 JLINK_CORESIGHT_ReadAPDPReg(AP reg 0x03)
T8284 000:817.985   Value=0x00000002
T8284 000:817.999 - 0.463ms returns 0
T8284 000:818.009 JLINK_CORESIGHT_ReadAPDPReg(AP reg 0x03)
T8284 000:818.465   Value=0x00000002
T8284 000:818.504 - 0.495ms returns 0
T8284 000:818.515 JLINK_CORESIGHT_ReadAPDPReg(AP reg 0x03)
T8284 000:818.938   Value=0x00000002
T8284 000:818.955 - 0.439ms returns 0
T8284 000:818.966 JLINK_CORESIGHT_ReadAPDPReg(AP reg 0x03)
T8284 000:819.451   Value=0x00000002
T8284 000:819.465 - 0.498ms returns 0
T8284 000:819.474 JLINK_CORESIGHT_ReadAPDPReg(AP reg 0x03)
T8284 000:819.921   Value=0x00000002
T8284 000:819.937 - 0.462ms returns 0
T8284 000:819.948 JLINK_CORESIGHT_ReadAPDPReg(AP reg 0x03)
T8284 000:820.463   Value=0x00000002
T8284 000:820.478 - 0.530ms returns 0
T8284 000:820.488 JLINK_CORESIGHT_ReadAPDPReg(AP reg 0x03)
T8284 000:820.898   Value=0x00000002
T8284 000:820.914 - 0.426ms returns 0
T8284 000:820.925 JLINK_CORESIGHT_ReadAPDPReg(AP reg 0x03)
T8284 000:821.463   Value=0x00000002
T8284 000:821.478 - 0.553ms returns 0
T8284 000:821.489 JLINK_CORESIGHT_ReadAPDPReg(AP reg 0x03)
T8284 000:821.886   Value=0x00000002
T8284 000:821.902 - 0.413ms returns 0
T8284 000:821.912 JLINK_CORESIGHT_ReadAPDPReg(AP reg 0x03)
T8284 000:822.381   Value=0x00000002
T8284 000:822.436 - 0.523ms returns 0
T8284 000:822.455 JLINK_CORESIGHT_ReadAPDPReg(AP reg 0x03)
T8284 000:822.838   Value=0x00000002
T8284 000:822.862 - 0.407ms returns 0
T8284 000:822.873 JLINK_CORESIGHT_ReadAPDPReg(AP reg 0x03)
T8284 000:823.315   Value=0x00000002
T8284 000:823.331 - 0.457ms returns 0
T8284 000:823.341 JLINK_CORESIGHT_ReadAPDPReg(AP reg 0x03)
T8284 000:823.772   Value=0x00000002
T8284 000:823.786 - 0.444ms returns 0
T8284 000:823.796 JLINK_CORESIGHT_ReadAPDPReg(AP reg 0x03)
T8284 000:824.312   Value=0x00000000
T8284 000:824.332 - 0.535ms returns 0
T8284 000:824.344 JLINK_CORESIGHT_WriteAPDPReg(AP reg 0x00, 0x80000002)
T8284 000:824.731 - 0.386ms returns 0
T8284 000:824.744 JLINK_CORESIGHT_WriteAPDPReg(AP reg 0x01, 0x80011130)
T8284 000:825.043 - 0.299ms returns 0
T8284 000:825.054 JLINK_CORESIGHT_ReadAPDPReg(AP reg 0x03)
T8284 000:825.471   Value=0x4E0A0081
T8284 000:825.499 - 0.445ms returns 0
T8284 000:825.518 JLINK_CORESIGHT_WriteAPDPReg(AP reg 0x00, 0x80000002)
T8284 000:825.883 - 0.364ms returns 0
T8284 000:825.900 JLINK_CORESIGHT_WriteAPDPReg(AP reg 0x01, 0x80011140)
T8284 000:826.354 - 0.454ms returns 0
T8284 000:826.368 JLINK_CORESIGHT_ReadAPDPReg(AP reg 0x03)
T8284 000:826.730   Value=0x00000000
T8284 000:826.743 - 0.374ms returns 0
T8284 000:826.754 JLINK_CORESIGHT_WriteAPDPReg(AP reg 0x00, 0x80000002)
T8284 000:827.155 - 0.400ms returns 0
T8284 000:827.166 JLINK_CORESIGHT_WriteAPDPReg(AP reg 0x01, 0x80011130)
T8284 000:827.501 - 0.335ms returns 0
T8284 000:827.515 JLINK_CORESIGHT_ReadAPDPReg(AP reg 0x03)
T8284 000:827.925   Value=0xFFFFFF00
T8284 000:827.941 - 0.426ms returns 0
T8284 000:827.953 JLINK_CORESIGHT_WriteAPDPReg(AP reg 0x00, 0x80000002)
T8284 000:828.296 - 0.343ms returns 0
T8284 000:828.310 JLINK_CORESIGHT_WriteAPDPReg(AP reg 0x01, 0x80011140)
T8284 000:828.627 - 0.317ms returns 0
T8284 000:828.640 JLINK_CORESIGHT_ReadAPDPReg(AP reg 0x03)
T8284 000:829.060   Value=0x00000000
T8284 000:829.076 - 0.436ms returns 0
T8284 000:829.087 JLINK_CORESIGHT_WriteAPDPReg(AP reg 0x00, 0x80000002)
T8284 000:829.457 - 0.370ms returns 0
T8284 000:829.471 JLINK_CORESIGHT_WriteAPDPReg(AP reg 0x01, 0x80011130)
T8284 000:829.782 - 0.311ms returns 0
T8284 000:829.798 JLINK_CORESIGHT_ReadAPDPReg(AP reg 0x03)
T8284 000:830.345   Value=0xFFFFFFFF
T8284 000:830.364 - 0.566ms returns 0
T8284 000:830.376 JLINK_CORESIGHT_WriteAPDPReg(AP reg 0x00, 0x80000002)
T8284 000:830.764 - 0.387ms returns 0
T8284 000:830.778 JLINK_CORESIGHT_WriteAPDPReg(AP reg 0x01, 0x80011140)
T8284 000:831.229 - 0.451ms returns 0
T8284 000:831.243 JLINK_CORESIGHT_ReadAPDPReg(AP reg 0x03)
T8284 000:831.630   Value=0x00000000
T8284 000:831.645 - 0.401ms returns 0
T8284 000:831.656 JLINK_CORESIGHT_WriteAPDPReg(AP reg 0x00, 0x80000002)
T8284 000:832.193 - 0.536ms returns 0
T8284 000:832.206 JLINK_CORESIGHT_WriteAPDPReg(AP reg 0x01, 0x80011130)
T8284 000:832.568 - 0.362ms returns 0
T8284 000:832.581 JLINK_CORESIGHT_ReadAPDPReg(AP reg 0x03)
T8284 000:833.074   Value=0x0003B0FF
T8284 000:833.090 - 0.508ms returns 0
T8284 000:833.103 JLINK_CORESIGHT_WriteAPDPReg(AP reg 0x00, 0x80000002)
T8284 000:833.515 - 0.411ms returns 0
T8284 000:833.549 JLINK_CORESIGHT_WriteAPDPReg(AP reg 0x01, 0x80011140)
T8284 000:833.960 - 0.410ms returns 0
T8284 000:833.995 JLINK_CORESIGHT_ReadAPDPReg(AP reg 0x03)
T8284 000:834.509   Value=0x00000002
T8284 000:834.547 - 0.551ms returns 0
T8284 000:834.570 JLINK_CORESIGHT_WriteAPDPReg(AP reg 0x00, 0x80000002)
T8284 000:834.963 - 0.393ms returns 0
T8284 000:834.991 JLINK_CORESIGHT_WriteAPDPReg(AP reg 0x01, 0x80011120)
T8284 000:835.466 - 0.474ms returns 0
T8284 000:835.493 JLINK_CORESIGHT_WriteAPDPReg(AP reg 0x03, 0x4F010001)
T8284 000:835.966 - 0.473ms returns 0
T8284 000:835.990 JLINK_CORESIGHT_WriteAPDPReg(AP reg 0x00, 0x80000002)
T8284 000:836.390 - 0.399ms returns 0
T8284 000:836.414 JLINK_CORESIGHT_WriteAPDPReg(AP reg 0x01, 0x80011140)
T8284 000:836.825 - 0.410ms returns 0
T8284 000:836.856 JLINK_CORESIGHT_ReadAPDPReg(AP reg 0x03)
T8284 000:837.254   Value=0x00000002
T8284 000:837.278 - 0.422ms returns 0
T8284 000:837.291 JLINK_CORESIGHT_WriteAPDPReg(AP reg 0x00, 0x80000002)
T8284 000:837.686 - 0.395ms returns 0
T8284 000:837.699 JLINK_CORESIGHT_WriteAPDPReg(AP reg 0x01, 0x80011120)
T8284 000:838.013 - 0.314ms returns 0
T8284 000:838.024 JLINK_CORESIGHT_WriteAPDPReg(AP reg 0x03, 0x000003B0)
T8284 000:838.376 - 0.352ms returns 0
T8284 000:838.388 JLINK_CORESIGHT_WriteAPDPReg(AP reg 0x00, 0x80000002)
T8284 000:838.757 - 0.369ms returns 0
T8284 000:838.769 JLINK_CORESIGHT_WriteAPDPReg(AP reg 0x01, 0x80011140)
T8284 000:839.167 - 0.397ms returns 0
T8284 000:839.179 JLINK_CORESIGHT_ReadAPDPReg(AP reg 0x03)
T8284 000:839.721   Value=0x00000002
T8284 000:839.737 - 0.557ms returns 0
T8284 000:839.748 JLINK_CORESIGHT_ReadAPDPReg(AP reg 0x03)
T8284 000:840.195   Value=0x00000002
T8284 000:840.211 - 0.462ms returns 0
T8284 000:840.222 JLINK_CORESIGHT_ReadAPDPReg(AP reg 0x03)
T8284 000:840.687   Value=0x00000002
T8284 000:840.703 - 0.481ms returns 0
T8284 000:840.715 JLINK_CORESIGHT_ReadAPDPReg(AP reg 0x03)
T8284 000:841.170   Value=0x00000002
T8284 000:841.186 - 0.471ms returns 0
T8284 000:841.197 JLINK_CORESIGHT_ReadAPDPReg(AP reg 0x03)
T8284 000:841.625   Value=0x00000002
T8284 000:841.642 - 0.445ms returns 0
T8284 000:841.654 JLINK_CORESIGHT_ReadAPDPReg(AP reg 0x03)
T8284 000:842.251   Value=0x00000002
T8284 000:842.292 - 0.637ms returns 0
T8284 000:842.317 JLINK_CORESIGHT_ReadAPDPReg(AP reg 0x03)
T8284 000:842.780   Value=0x00000000
T8284 000:842.811 - 0.492ms returns 0
T8284 000:842.825 JLINK_CORESIGHT_WriteAPDPReg(AP reg 0x00, 0x80000002)
T8284 000:843.197 - 0.372ms returns 0
T8284 000:843.231 JLINK_CORESIGHT_WriteAPDPReg(AP reg 0x01, 0x80011130)
T8284 000:843.686 - 0.455ms returns 0
T8284 000:843.699 JLINK_CORESIGHT_ReadAPDPReg(AP reg 0x03)
T8284 000:844.107   Value=0x4F0B0081
T8284 000:844.139 - 0.439ms returns 0
T8284 000:844.160 JLINK_CORESIGHT_WriteAPDPReg(AP reg 0x00, 0x80000002)
T8284 000:844.511 - 0.351ms returns 0
T8284 000:844.533 JLINK_CORESIGHT_WriteAPDPReg(AP reg 0x01, 0x80011140)
T8284 000:844.979 - 0.446ms returns 0
T8284 000:844.991 JLINK_CORESIGHT_ReadAPDPReg(AP reg 0x03)
T8284 000:845.354   Value=0x00000000
T8284 000:845.368 - 0.377ms returns 0
T8284 000:845.379 JLINK_CORESIGHT_WriteAPDPReg(AP reg 0x00, 0x80000002)
T8284 000:845.812 - 0.432ms returns 0
T8284 000:845.823 JLINK_CORESIGHT_WriteAPDPReg(AP reg 0x01, 0x80011130)
T8284 000:846.126 - 0.303ms returns 0
T8284 000:846.140 JLINK_CORESIGHT_ReadAPDPReg(AP reg 0x03)
T8284 000:846.536   Value=0x00010000
T8284 000:846.550 - 0.409ms returns 0
T8284 000:846.562 JLINK_CORESIGHT_WriteAPDPReg(AP reg 0x00, 0x80000002)
T8284 000:846.946 - 0.383ms returns 0
T8284 000:846.957 JLINK_CORESIGHT_WriteAPDPReg(AP reg 0x01, 0x80011140)
T8284 000:847.266 - 0.308ms returns 0
T8284 000:847.279 JLINK_CORESIGHT_ReadAPDPReg(AP reg 0x03)
T8284 000:847.652   Value=0x00000000
T8284 000:847.667 - 0.388ms returns 0
T8284 000:847.679 JLINK_CORESIGHT_WriteAPDPReg(AP reg 0x00, 0x80000002)
T8284 000:848.083 - 0.403ms returns 0
T8284 000:848.097 JLINK_CORESIGHT_WriteAPDPReg(AP reg 0x01, 0x80011130)
T8284 000:848.458 - 0.361ms returns 0
T8284 000:848.472 JLINK_CORESIGHT_ReadAPDPReg(AP reg 0x03)
T8284 000:848.961   Value=0x00000000
T8284 000:848.977 - 0.504ms returns 0
T8284 000:848.988 JLINK_CORESIGHT_WriteAPDPReg(AP reg 0x00, 0x80000002)
T8284 000:849.456 - 0.467ms returns 0
T8284 000:849.479 JLINK_CORESIGHT_WriteAPDPReg(AP reg 0x01, 0x80011140)
T8284 000:850.115 - 0.635ms returns 0
T8284 000:850.155 JLINK_CORESIGHT_ReadAPDPReg(AP reg 0x03)
T8284 000:851.126   Value=0x00000000
T8284 000:851.147 - 0.992ms returns 0
T8284 000:851.159 JLINK_CORESIGHT_WriteAPDPReg(AP reg 0x00, 0x80000002)
T8284 000:851.605 - 0.445ms returns 0
T8284 000:851.619 JLINK_CORESIGHT_WriteAPDPReg(AP reg 0x01, 0x80011130)
T8284 000:851.936 - 0.317ms returns 0
T8284 000:851.948 JLINK_CORESIGHT_ReadAPDPReg(AP reg 0x03)
T8284 000:852.316   Value=0x03A50000
T8284 000:852.330 - 0.381ms returns 0
T8284 000:852.459 JLINK_CORESIGHT_WriteAPDPReg(AP reg 0x00, 0x80000002)
T8284 000:852.773 - 0.313ms returns 0
T8284 000:852.785 JLINK_CORESIGHT_WriteAPDPReg(AP reg 0x01, 0x80011140)
T8284 000:853.269 - 0.483ms returns 0
T8284 000:853.283 JLINK_CORESIGHT_ReadAPDPReg(AP reg 0x03)
T8284 000:853.687   Value=0x00000002
T8284 000:853.701 - 0.418ms returns 0
T8284 000:853.711 JLINK_CORESIGHT_WriteAPDPReg(AP reg 0x00, 0x80000002)
T8284 000:854.119 - 0.407ms returns 0
T8284 000:854.152 JLINK_CORESIGHT_WriteAPDPReg(AP reg 0x01, 0x80011120)
T8284 000:854.609 - 0.456ms returns 0
T8284 000:854.626 JLINK_CORESIGHT_WriteAPDPReg(AP reg 0x03, 0x4F010001)
T8284 000:855.061 - 0.434ms returns 0
T8284 000:855.072 JLINK_CORESIGHT_WriteAPDPReg(AP reg 0x00, 0x80000002)
T8284 000:855.459 - 0.387ms returns 0
T8284 000:855.470 JLINK_CORESIGHT_WriteAPDPReg(AP reg 0x01, 0x80011140)
T8284 000:855.861 - 0.390ms returns 0
T8284 000:855.874 JLINK_CORESIGHT_ReadAPDPReg(AP reg 0x03)
T8284 000:856.311   Value=0x00000002
T8284 000:856.326 - 0.452ms returns 0
T8284 000:856.336 JLINK_CORESIGHT_WriteAPDPReg(AP reg 0x00, 0x80000002)
T8284 000:856.677 - 0.340ms returns 0
T8284 000:856.690 JLINK_CORESIGHT_WriteAPDPReg(AP reg 0x01, 0x80011120)
T8284 000:857.010 - 0.320ms returns 0
T8284 000:857.022 JLINK_CORESIGHT_WriteAPDPReg(AP reg 0x03, 0x000003B0)
T8284 000:857.384 - 0.361ms returns 0
T8284 000:857.396 JLINK_CORESIGHT_WriteAPDPReg(AP reg 0x00, 0x80000002)
T8284 000:857.811 - 0.414ms returns 0
T8284 000:857.823 JLINK_CORESIGHT_WriteAPDPReg(AP reg 0x01, 0x80011140)
T8284 000:858.167 - 0.344ms returns 0
T8284 000:858.181 JLINK_CORESIGHT_ReadAPDPReg(AP reg 0x03)
T8284 000:858.674   Value=0x00000002
T8284 000:858.698 - 0.517ms returns 0
T8284 000:858.711 JLINK_CORESIGHT_ReadAPDPReg(AP reg 0x03)
T8284 000:859.176   Value=0x00000002
T8284 000:859.211 - 0.500ms returns 0
T8284 000:859.238 JLINK_CORESIGHT_ReadAPDPReg(AP reg 0x03)
T8284 000:859.625   Value=0x00000002
T8284 000:859.639 - 0.401ms returns 0
T8284 000:859.649 JLINK_CORESIGHT_ReadAPDPReg(AP reg 0x03)
T8284 000:860.136   Value=0x00000002
T8284 000:860.150 - 0.500ms returns 0
T8284 000:860.160 JLINK_CORESIGHT_ReadAPDPReg(AP reg 0x03)
T8284 000:860.647   Value=0x00000002
T8284 000:860.662 - 0.502ms returns 0
T8284 000:860.672 JLINK_CORESIGHT_ReadAPDPReg(AP reg 0x03)
T8284 000:861.153   Value=0x00000002
T8284 000:861.169 - 0.496ms returns 0
T8284 000:861.183 JLINK_CORESIGHT_ReadAPDPReg(AP reg 0x03)
T8284 000:861.739   Value=0x00000002
T8284 000:861.764 - 0.581ms returns 0
T8284 000:861.775 JLINK_CORESIGHT_ReadAPDPReg(AP reg 0x03)
T8284 000:862.222   Value=0x00000000
T8284 000:862.238 - 0.463ms returns 0
T8284 000:862.250 JLINK_CORESIGHT_WriteAPDPReg(AP reg 0x00, 0x80000002)
T8284 000:862.683 - 0.433ms returns 0
T8284 000:862.702 JLINK_CORESIGHT_WriteAPDPReg(AP reg 0x01, 0x80011130)
T8284 000:863.153 - 0.450ms returns 0
T8284 000:863.170 JLINK_CORESIGHT_ReadAPDPReg(AP reg 0x03)
T8284 000:863.534   Value=0x4F0B0081
T8284 000:863.547 - 0.377ms returns 0
T8284 000:863.558 JLINK_CORESIGHT_WriteAPDPReg(AP reg 0x00, 0x80000002)
T8284 000:863.920 - 0.362ms returns 0
T8284 000:863.944 JLINK_CORESIGHT_WriteAPDPReg(AP reg 0x01, 0x80011140)
T8284 000:864.356 - 0.411ms returns 0
T8284 000:864.394 JLINK_CORESIGHT_ReadAPDPReg(AP reg 0x03)
T8284 000:864.980   Value=0x00000000
T8284 000:865.009 - 0.615ms returns 0
T8284 000:865.022 JLINK_CORESIGHT_WriteAPDPReg(AP reg 0x00, 0x80000002)
T8284 000:865.468 - 0.446ms returns 0
T8284 000:865.481 JLINK_CORESIGHT_WriteAPDPReg(AP reg 0x01, 0x80011130)
T8284 000:865.890 - 0.409ms returns 0
T8284 000:865.903 JLINK_CORESIGHT_ReadAPDPReg(AP reg 0x03)
T8284 000:866.310   Value=0x00010000
T8284 000:866.326 - 0.423ms returns 0
T8284 000:866.339 JLINK_CORESIGHT_WriteAPDPReg(AP reg 0x00, 0x80000002)
T8284 000:866.731 - 0.392ms returns 0
T8284 000:866.750 JLINK_CORESIGHT_WriteAPDPReg(AP reg 0x01, 0x80011140)
T8284 000:867.188 - 0.437ms returns 0
T8284 000:867.204 JLINK_CORESIGHT_ReadAPDPReg(AP reg 0x03)
T8284 000:867.610   Value=0x00000000
T8284 000:867.623 - 0.419ms returns 0
T8284 000:867.633 JLINK_CORESIGHT_WriteAPDPReg(AP reg 0x00, 0x80000002)
T8284 000:868.197 - 0.563ms returns 0
T8284 000:868.209 JLINK_CORESIGHT_WriteAPDPReg(AP reg 0x01, 0x80011130)
T8284 000:868.642 - 0.433ms returns 0
T8284 000:868.655 JLINK_CORESIGHT_ReadAPDPReg(AP reg 0x03)
T8284 000:869.029   Value=0x00000000
T8284 000:869.045 - 0.389ms returns 0
T8284 000:869.055 JLINK_CORESIGHT_WriteAPDPReg(AP reg 0x00, 0x80000002)
T8284 000:869.464 - 0.409ms returns 0
T8284 000:869.478 JLINK_CORESIGHT_WriteAPDPReg(AP reg 0x01, 0x80011140)
T8284 000:869.795 - 0.317ms returns 0
T8284 000:869.807 JLINK_CORESIGHT_ReadAPDPReg(AP reg 0x03)
T8284 000:870.168   Value=0x00000000
T8284 000:870.184 - 0.377ms returns 0
T8284 000:870.195 JLINK_CORESIGHT_WriteAPDPReg(AP reg 0x00, 0x80000002)
T8284 000:870.611 - 0.416ms returns 0
T8284 000:870.625 JLINK_CORESIGHT_WriteAPDPReg(AP reg 0x01, 0x80011130)
T8284 000:871.104 - 0.479ms returns 0
T8284 000:871.116 JLINK_CORESIGHT_ReadAPDPReg(AP reg 0x03)
T8284 000:871.461   Value=0x03A50000
T8284 000:871.475 - 0.359ms returns 0
T8284 000:871.493 JLINK_CORESIGHT_ReadAPDPReg(DP reg 0x01)
T8284 000:871.900   Value=0xF0000F40
T8284 000:871.914 - 0.421ms returns 0
T8284 000:871.923 JLINK_CORESIGHT_WriteAPDPReg(DP reg 0x01, 0xA0000F40)
T8284 000:872.232 - 0.308ms returns 0
T8284 000:872.246 JLINK_CORESIGHT_ReadAPDPReg(DP reg 0x01)
T8284 000:872.581   Value=0x00000F40
T8284 000:872.596 - 0.350ms returns 0
T8284 000:872.607 JLINK_ClrRESET()
T8284 000:873.158 - 0.551ms
T8284 000:977.484 JLINK_Close()
T8284 000:990.503 - 13.017ms
T8284 000:990.575   
T8284 000:990.602   Closed
