T45EC 000:001.975   SEGGER J-Link V7.94g Log File
T45EC 000:002.377   DLL Compiled: Jan 24 2024 15:48:08
T45EC 000:002.414   Logging started @ 2024-03-27 04:47
T45EC 000:002.452   Process: C:\Users\a5123763\.eclipse\com.renesas.platform_766387387\DebugComp\RA\e2-server-gdb.exe
T45EC 000:002.500 - 2.493ms
T45EC 000:002.565 JLINK_GetDLLVersion()
T45EC 000:002.612 - 0.045ms returns 79407
T45EC 000:004.301 JLINK_OpenEx(...)
T45EC 000:030.039   Firmware: J-Link OB-S124 compiled Dec 13 2023 14:39:54
T45EC 000:031.334   Firmware: J-Link OB-S124 compiled Dec 13 2023 14:39:54
T45EC 000:056.430   Hardware: V1.00
T45EC 000:056.517   S/N: 831358877
T45EC 000:056.567   OEM: SEGGER
T45EC 000:056.610   Feature(s): None
T45EC 000:058.107   Bootloader: 2019 Oct 15
T45EC 000:059.089   USB speed mode: Full speed (12 MBit/s)
T45EC 000:059.985   TELNET listener socket opened on port 19021
T45EC 000:060.467   WEBSRV WEBSRV_Init(): Starting webserver thread(s)
T45EC 000:060.933   WEBSRV Webserver running on local port 19080
T45EC 000:061.394   Looking for J-Link GUI Server exe at: C:\Users\a5123763\.eclipse\com.renesas.platform_766387387\DebugComp\RA\ARM\Segger_v7.94.7\JLinkGUIServer.exe
T45EC 000:062.472   Looking for J-Link GUI Server exe at: \JLinkGUIServer.exe
T45EC 000:366.585   Failed to connect to J-Link GUI Server.
T45EC 000:366.661 - 362.355ms returns "O.K."
T45EC 000:367.006 JLINK_ExecCommand("ProjectFile=C:\Workspace\01_repo\ra-solutions-rvc\application_projects\r11an0567_RA4M3\MCUboot_Encryption_QSPI_Solution\app_ra4m3_primary_enc_xmodem/app_ra4m3_primary_enc_xmodem Debug_Flat.jlink", ...).
T45EC 000:409.407 - 42.398ms returns 0x00
T45EC 000:410.100 JLINK_ExecCommand("device=R7FA4M3AF", ...).
T45EC 000:411.577   Flash bank @ 0x0100A100: SFL: Parsing sectorization info from ELF file
T45EC 000:411.660     FlashDevice.SectorInfo[0]: .SectorSize = 0x00000010, .SectorStartAddr = 0x00000000
T45EC 000:411.699   FlashBank @0x0100A100: Sectorization info from SFL ELF file ignored because sectorization override from DLL / XML file is active.
T45EC 000:412.295   Flash bank @ 0x60000000: SFL: Parsing sectorization info from ELF file
T45EC 000:412.375     FlashDevice.SectorInfo[0]: .SectorSize = 0x00010000, .SectorStartAddr = 0x00000000
T45EC 000:416.651   Device "R7FA4M3AF" selected.
T45EC 000:418.162 - 8.016ms returns 0x00
T45EC 000:418.239 JLINK_ReadMem(0xE000EDF0, 0x4 Bytes, ...)
T45EC 000:418.583   ConfigTargetSettings() start
T45EC 000:418.641    J-Link Script File: Executing ConfigTargetSettings()
T45EC 000:418.676   Configuring FlashDLNoRMWThreshold=0x200 in order to make sure that option bytes programming is done via read-modify-write
T45EC 000:464.397   ConfigTargetSettings() end - Took 45.7ms
T45EC 000:465.657   InitTarget() start
T45EC 000:465.733    J-Link Script File: Executing InitTarget()
T45EC 000:465.769   SWD selected. Executing JTAG -> SWD switching sequence.
T45EC 000:472.568   DAP initialized successfully.
T45EC 000:472.647   Determining TrustZone configuration...
T45EC 000:475.918     Secure Debug: Enabled (SSD)
T45EC 000:475.989   Determining currently configured transfer type by reading the AHB-AP CSW register.
T45EC 000:478.413     --> Correct transfer type configured. Done.
T45EC 000:478.551   InitTarget() end - Took 12.8ms
T45EC 000:480.975   Found SW-DP with ID 0x6BA02477
T45EC 000:488.881   DPIDR: 0x6BA02477
T45EC 000:488.951   CoreSight SoC-400 or earlier
T45EC 000:488.997   Scanning AP map to find all available APs
T45EC 000:492.834   AP[2]: Stopped AP scan as end of AP map has been reached
T45EC 000:492.896   AP[0]: AHB-AP (IDR: 0x84770001)
T45EC 000:492.944   AP[1]: APB-AP (IDR: 0x54770002)
T45EC 000:492.987   Iterating through AP map to find AHB-AP to use
T45EC 000:496.836   AP[0]: Core found
T45EC 000:496.947   AP[0]: AHB-AP ROM base: 0xE00FE000
T45EC 000:498.976   CPUID register: 0x410FD214. Implementer code: 0x41 (ARM)
T45EC 000:499.050   Feature set: Mainline
T45EC 000:501.065   Cache: No cache
T45EC 000:501.159   Found Cortex-M33 r0p4, Little endian.
T45EC 000:502.112   -- Max. mem block: 0x00001948
T45EC 000:504.380   CPU_ReadMem(4 bytes @ 0xE000EDF0)
T45EC 000:508.044   CPU_WriteMem(4 bytes @ 0xE000EDF0)
T45EC 000:510.104   CPU_ReadMem(4 bytes @ 0xE0002000)
T45EC 000:512.352   FPUnit: 8 code (BP) slots and 0 literal slots
T45EC 000:512.450   CPU_ReadMem(4 bytes @ 0xE000EDFC)
T45EC 000:514.471   CPU_WriteMem(4 bytes @ 0xE000EDFC)
T45EC 000:516.453   CPU_ReadMem(4 bytes @ 0xE0001000)
T45EC 000:518.450   CPU_ReadMem(4 bytes @ 0xE0001000)
T45EC 000:520.407   CPU_ReadMem(4 bytes @ 0xE0001028)
T45EC 000:522.471   CPU_ReadMem(4 bytes @ 0xE0001038)
T45EC 000:524.487   CPU_ReadMem(4 bytes @ 0xE0001048)
T45EC 000:526.546   CPU_ReadMem(4 bytes @ 0xE0001058)
T45EC 000:528.689   CPU_WriteMem(4 bytes @ 0xE0001000)
T45EC 000:530.814   CPU_ReadMem(4 bytes @ 0xE000ED88)
T45EC 000:532.807   CPU_WriteMem(4 bytes @ 0xE000ED88)
T45EC 000:534.781   CPU_ReadMem(4 bytes @ 0xE000ED88)
T45EC 000:536.755   CPU_WriteMem(4 bytes @ 0xE000ED88)
T45EC 000:538.758   CPU_ReadMem(4 bytes @ 0xE000EFB8)
T45EC 000:540.754   Security extension: implemented
T45EC 000:540.821   Secure debug: enabled
T45EC 000:540.865   CoreSight components:
T45EC 000:540.915   ROMTbl[0] @ E00FE000
T45EC 000:540.965   CPU_ReadMem(64 bytes @ 0xE00FE000)
T45EC 000:547.022   CPU_ReadMem(32 bytes @ 0xE0044FE0)
T45EC 000:550.991   CPU_ReadMem(4 bytes @ 0xE0044FBC)
T45EC 000:552.966   CPU_ReadMem(4 bytes @ 0xE0044FCC)
T45EC 000:554.923   [0][0]: E0044000 CID B105900D PID 005BB906 DEVARCH 00000000 DEVTYPE 14 CTI (?)
T45EC 000:554.982   CPU_ReadMem(32 bytes @ 0xE0047FE0)
T45EC 000:558.870   CPU_ReadMem(4 bytes @ 0xE0047FBC)
T45EC 000:560.943   CPU_ReadMem(4 bytes @ 0xE0047FCC)
T45EC 000:562.981   [0][1]: E0047000 CID B105900D PID 003BB908 DEVARCH 00000000 DEVTYPE 12 CSTF
T45EC 000:563.073   CPU_ReadMem(32 bytes @ 0xE0048FE0)
T45EC 000:566.965   CPU_ReadMem(4 bytes @ 0xE0048FBC)
T45EC 000:569.016   CPU_ReadMem(4 bytes @ 0xE0048FCC)
T45EC 000:571.004   [0][2]: E0048000 CID B105900D PID 001BB961 DEVARCH 00000000 DEVTYPE 21 ETB
T45EC 000:571.064   CPU_ReadMem(32 bytes @ 0xE0049FE0)
T45EC 000:574.988   [0][3]: E0049000 CID B105F00D PID 001BB101 TSG
T45EC 000:575.068   CPU_ReadMem(32 bytes @ 0xE0040FE0)
T45EC 000:579.015   CPU_ReadMem(4 bytes @ 0xE0040FBC)
T45EC 000:581.087   CPU_ReadMem(4 bytes @ 0xE0040FCC)
T45EC 000:583.265   [0][4]: E0040000 CID B105900D PID 000BBD21 DEVARCH 00000000 DEVTYPE 11 TPIU
T45EC 000:583.331   CPU_ReadMem(32 bytes @ 0xE00FFFE0)
T45EC 000:587.197   [0][5]: E00FF000 CID B105100D PID 000BB4C9 ROM Table
T45EC 000:587.258   ROMTbl[1] @ E00FF000
T45EC 000:587.297   CPU_ReadMem(64 bytes @ 0xE00FF000)
T45EC 000:593.441   CPU_ReadMem(32 bytes @ 0xE000EFE0)
T45EC 000:597.519   CPU_ReadMem(4 bytes @ 0xE000EFBC)
T45EC 000:599.617   CPU_ReadMem(4 bytes @ 0xE000EFCC)
T45EC 000:601.680   [1][0]: E000E000 CID B105900D PID 000BBD21 DEVARCH 47702A04 DEVTYPE 00 Cortex-M33
T45EC 000:601.770   CPU_ReadMem(32 bytes @ 0xE0001FE0)
T45EC 000:605.724   CPU_ReadMem(4 bytes @ 0xE0001FBC)
T45EC 000:607.830   CPU_ReadMem(4 bytes @ 0xE0001FCC)
T45EC 000:609.807   [1][1]: E0001000 CID B105900D PID 000BBD21 DEVARCH 47701A02 DEVTYPE 00 DWT
T45EC 000:609.932   CPU_ReadMem(32 bytes @ 0xE0002FE0)
T45EC 000:613.906   CPU_ReadMem(4 bytes @ 0xE0002FBC)
T45EC 000:616.000   CPU_ReadMem(4 bytes @ 0xE0002FCC)
T45EC 000:618.047   [1][2]: E0002000 CID B105900D PID 000BBD21 DEVARCH 47701A03 DEVTYPE 00 FPB
T45EC 000:618.107   CPU_ReadMem(32 bytes @ 0xE0000FE0)
T45EC 000:622.048   CPU_ReadMem(4 bytes @ 0xE0000FBC)
T45EC 000:624.094   CPU_ReadMem(4 bytes @ 0xE0000FCC)
T45EC 000:626.157   [1][3]: E0000000 CID B105900D PID 000BBD21 DEVARCH 47701A01 DEVTYPE 43 ITM
T45EC 000:626.224   CPU_ReadMem(32 bytes @ 0xE0041FE0)
T45EC 000:630.157   CPU_ReadMem(4 bytes @ 0xE0041FBC)
T45EC 000:632.245   CPU_ReadMem(4 bytes @ 0xE0041FCC)
T45EC 000:634.300   [1][5]: E0041000 CID B105900D PID 002BBD21 DEVARCH 47724A13 DEVTYPE 13 ETM
T45EC 000:634.363   CPU_ReadMem(32 bytes @ 0xE0042FE0)
T45EC 000:638.309   CPU_ReadMem(4 bytes @ 0xE0042FBC)
T45EC 000:640.389   CPU_ReadMem(4 bytes @ 0xE0042FCC)
T45EC 000:642.423   [1][6]: E0042000 CID B105900D PID 000BBD21 DEVARCH 47701A14 DEVTYPE 14 CSS600-CTI
T45EC 000:642.540   CPU_ReadMem(4 bytes @ 0xE000EDF0)
T45EC 000:644.725   Data:  01 00 18 00
T45EC 000:644.817   Debug reg: DHCSR
T45EC 000:644.858 - 226.618ms returns 0
T45EC 000:644.898 JLINK_ReadMem(0x400E002C, 0x4 Bytes, ...)
T45EC 000:644.937   CPU_ReadMem(4 bytes @ 0x400E002C)
T45EC 000:647.007   Data:  02 00 00 00
T45EC 000:647.074 - 2.176ms returns 0
T45EC 000:647.128 JLINK_ReadMem(0xE000EDF0, 0x4 Bytes, ...)
T45EC 000:647.169   CPU_ReadMem(4 bytes @ 0xE000EDF0)
T45EC 000:649.207   Data:  01 00 18 00
T45EC 000:649.262   Debug reg: DHCSR
T45EC 000:649.300 - 2.172ms returns 0
T45EC 000:649.341 JLINK_ReadMem(0xE000EDF0, 0x4 Bytes, ...)
T45EC 000:649.383   CPU_ReadMem(4 bytes @ 0xE000EDF0)
T45EC 000:651.345   Data:  01 00 18 00
T45EC 000:651.435   Debug reg: DHCSR
T45EC 000:651.499 - 2.157ms returns 0
T45EC 000:651.548 JLINK_ReadMem(0x400E001C, 0x4 Bytes, ...)
T45EC 000:651.587   CPU_ReadMem(4 bytes @ 0x400E001C)
T45EC 000:653.648   Data:  00 FC FF 00
T45EC 000:653.713 - 2.165ms returns 0
T45EC 000:653.753 JLINK_ReadMem(0xE000EDF0, 0x4 Bytes, ...)
T45EC 000:653.788   CPU_ReadMem(4 bytes @ 0xE000EDF0)
T45EC 000:655.836   Data:  01 00 18 00
T45EC 000:655.896   Debug reg: DHCSR
T45EC 000:655.931 - 2.177ms returns 0
T45EC 000:655.965 JLINK_ReadMem(0x400E0018, 0x4 Bytes, ...)
T45EC 000:655.999   CPU_ReadMem(4 bytes @ 0x400E0018)
T45EC 000:658.127   Data:  00 80 FF 00
T45EC 000:658.189 - 2.224ms returns 0
T45EC 000:658.226 JLINK_ReadMem(0xE000EDF0, 0x4 Bytes, ...)
T45EC 000:658.262   CPU_ReadMem(4 bytes @ 0xE000EDF0)
T45EC 000:660.232   Data:  01 00 18 00
T45EC 000:660.323   Debug reg: DHCSR
T45EC 000:660.380 - 2.154ms returns 0
T45EC 000:660.436 JLINK_ReadMem(0x400E0020, 0x4 Bytes, ...)
T45EC 000:660.495   CPU_ReadMem(4 bytes @ 0x400E0020)
T45EC 000:662.570   Data:  00 FC 00 00
T45EC 000:662.646 - 2.208ms returns 0
T45EC 000:662.693 JLINK_ReadMem(0xE000EDF0, 0x4 Bytes, ...)
T45EC 000:662.729   CPU_ReadMem(4 bytes @ 0xE000EDF0)
T45EC 000:664.800   Data:  01 00 18 00
T45EC 000:664.865   Debug reg: DHCSR
T45EC 000:664.904 - 2.211ms returns 0
T45EC 000:664.936 JLINK_ReadMem(0x400E0028, 0x4 Bytes, ...)
T45EC 000:664.972   CPU_ReadMem(4 bytes @ 0x400E0028)
T45EC 000:667.051   Data:  00 FC 1F 00
T45EC 000:667.122 - 2.185ms returns 0
T45EC 000:667.167 JLINK_ReadMem(0xE000EDF0, 0x4 Bytes, ...)
T45EC 000:667.207   CPU_ReadMem(4 bytes @ 0xE000EDF0)
T45EC 000:669.253   Data:  01 00 18 00
T45EC 000:669.321   Debug reg: DHCSR
T45EC 000:669.365 - 2.198ms returns 0
T45EC 000:669.414 JLINK_ReadMem(0x400E0024, 0x4 Bytes, ...)
T45EC 000:669.466   CPU_ReadMem(4 bytes @ 0x400E0024)
T45EC 000:671.495   Data:  00 E0 1F 00
T45EC 000:671.566 - 2.152ms returns 0
T45EC 000:671.607 JLINK_ReadMem(0xE000EDF0, 0x4 Bytes, ...)
T45EC 000:671.645   CPU_ReadMem(4 bytes @ 0xE000EDF0)
T45EC 000:673.689   Data:  01 00 18 00
T45EC 000:673.747   Debug reg: DHCSR
T45EC 000:673.781 - 2.174ms returns 0
T45EC 000:673.815 JLINK_ReadMem(0x400E002C, 0x4 Bytes, ...)
T45EC 000:673.849   CPU_ReadMem(4 bytes @ 0x400E002C)
T45EC 000:675.900   Data:  02 00 00 00
T45EC 000:675.963 - 2.147ms returns 0
T45EC 000:676.000 JLINK_ReadMem(0xE000EDF0, 0x4 Bytes, ...)
T45EC 000:676.037   CPU_ReadMem(4 bytes @ 0xE000EDF0)
T45EC 000:678.060   Data:  01 00 18 00
T45EC 000:678.141   Debug reg: DHCSR
T45EC 000:678.175 - 2.175ms returns 0
T45EC 000:678.215 JLINK_ReadMem(0x400E002C, 0x4 Bytes, ...)
T45EC 000:678.251   CPU_ReadMem(4 bytes @ 0x400E002C)
T45EC 000:680.292   Data:  02 00 00 00
T45EC 000:680.375 - 2.160ms returns 0
T45EC 000:684.608 JLINK_Close()
T45EC 000:711.351 - 26.742ms
T45EC 000:711.428
T45EC 000:711.454   Closed
