T3F34 000:001.130   SEGGER J-Link V7.86b Log File
T3F34 000:001.282   DLL Compiled: Mar  1 2023 16:53:12
T3F34 000:001.306   Logging started @ 2023-03-27 09:24
T3F34 000:001.329 - 1.341ms
T3F34 000:001.358 JLINK_GetDLLVersion()
T3F34 000:001.384 - 0.037ms returns 78602
T3F34 000:002.223 JLINK_OpenEx(...)
T3F34 000:022.627   Firmware: J-Link OB-RA4M2 compiled Feb 20 2023 12:24:26
T3F34 000:022.950   Firmware: J-Link OB-RA4M2 compiled Feb 20 2023 12:24:26
T3F34 000:037.182   Hardware: V1.00
T3F34 000:037.266   S/N: 1082346944
T3F34 000:037.300   OEM: SEGGER
T3F34 000:037.330   Feature(s): None
T3F34 000:038.663   USB speed mode: Full speed (12 MBit/s)
T3F34 000:039.239   TELNET listener socket opened on port 19021
T3F34 000:039.501   WEBSRV WEBSRV_Init(): Starting webserver thread(s)
T3F34 000:039.790   WEBSRV Webserver running on local port 19080
T3F34 000:061.466 - 59.279ms returns "O.K."
T3F34 000:061.720 JLINK_ExecCommand("ProjectFile=C:\Users\dnyaneshwar.h\ra_solutions\example_projects\mck_ra6t3\lpm\lpm_mck_ra6t3_ep\e2studio/lpm_mck_ra6t3_ep Debug_Flat.jlink", ...). 
T3F34 000:252.506 - 190.817ms returns 0x00
T3F34 000:253.384 JLINK_ExecCommand("device=R7FA6T3BB", ...). 
T3F34 000:253.855   Device "R7FA6T3BB" selected.
T3F34 000:255.129 - 1.727ms returns 0x00
T3F34 000:255.233 JLINK_ExecCommand("SetCPUConnectIDCODE = FFFFFFFFFFFFFFFFFFFFFFFFFFFFFFFF", ...). 
T3F34 000:255.284 - 0.026ms returns 0x00
T3F34 000:255.327 JLINK_TIF_GetAvailable(...)
T3F34 000:255.617 - 0.315ms
T3F34 000:255.658 JLINK_TIF_Select(JLINKARM_TIF_SWD)
T3F34 000:256.295 - 0.663ms returns 0x00
T3F34 000:256.340 JLINK_SetSpeed(4000)
T3F34 000:256.450 - 0.136ms
T3F34 000:256.493 JLINK_SetEndian(ARM_ENDIAN_LITTLE)
T3F34 000:256.517 - 0.034ms returns 0
T3F34 000:256.542 JLINK_SetInitRegsOnReset(OFF)
T3F34 000:256.570 - 0.038ms returns 1
T3F34 000:256.593 JLINK_SetResetType(JLINKARM_RESET_TYPE_NO_RESET)
T3F34 000:256.616 - 0.033ms returns JLINKARM_RESET_TYPE_NORMAL
T3F34 000:256.638 JLINK_ExecCommand("EnableFlashBPs", ...). 
T3F34 000:256.660 - 0.012ms returns 0x00
T3F34 000:256.687 JLINK_ExecCommand("SetAllowFlashCache = 1", ...). 
T3F34 000:256.713 - 0.013ms returns 0x01
T3F34 000:256.738 JLINK_ExecCommand("SetRestartOnClose = 0", ...). 
T3F34 000:256.760 - 0.013ms returns 0x01
T3F34 000:256.786 JLINK_EnableSoftBPs(ON)
T3F34 000:256.810 - 0.035ms
T3F34 000:256.853 JLINK_Connect()
T3F34 000:257.088   ConfigTargetSettings() start
T3F34 000:257.141    J-Link Script File: Executing ConfigTargetSettings()
T3F34 000:257.168   Configuring FlashDLNoRMWThreshold=0x200 in order to make sure that option bytes programming is done via read-modify-write
T3F34 000:274.731   ConfigTargetSettings() end - Took 17ms
T3F34 000:274.779   InitTarget() start
T3F34 000:274.810    J-Link Script File: Executing InitTarget()
T3F34 000:274.831   SWD selected. Executing JTAG -> SWD switching sequence.
T3F34 000:276.713   DAP initialized successfully.
T3F34 000:277.736   Authentication not required. Skipping authentication process.
T3F34 000:277.786   Determining TrustZone configuration...
T3F34 000:278.606     Secure Debug: Enabled (SSD)
T3F34 000:278.658   Determining currently configured transfer type by reading the AHB-AP CSW register.
T3F34 000:279.328     --> Correct transfer type configured. Done.
T3F34 000:279.378   InitTarget() end - Took 5ms
T3F34 000:279.927   Found SW-DP with ID 0x6BA02477
T3F34 000:281.639   DPIDR: 0x6BA02477
T3F34 000:281.709   CoreSight SoC-400 or earlier
T3F34 000:281.742   Scanning AP map to find all available APs
T3F34 000:282.355   AP[2]: Stopped AP scan as end of AP map has been reached
T3F34 000:282.403   AP[0]: AHB-AP (IDR: 0x84770001)
T3F34 000:282.433   AP[1]: APB-AP (IDR: 0x54770002)
T3F34 000:282.466   Iterating through AP map to find AHB-AP to use
T3F34 000:283.159   AP[0]: Core found
T3F34 000:283.242   AP[0]: AHB-AP ROM base: 0xE00FE000
T3F34 000:283.592   CPUID register: 0x410FD214. Implementer code: 0x41 (ARM)
T3F34 000:283.635   Feature set: Mainline
T3F34 000:283.988   Cache: No cache
T3F34 000:284.069   Found Cortex-M33 r0p4, Little endian.
T3F34 000:284.310   -- Max. mem block: 0x0001D928
T3F34 000:284.737   CPU_ReadMem(4 bytes @ 0xE000EDF0)
T3F34 000:284.994   CPU_WriteMem(4 bytes @ 0xE000EDF0)
T3F34 000:285.247   CPU_ReadMem(4 bytes @ 0xE0002000)
T3F34 000:285.550   FPUnit: 8 code (BP) slots and 0 literal slots
T3F34 000:285.591   CPU_ReadMem(4 bytes @ 0xE000EDFC)
T3F34 000:285.839   CPU_WriteMem(4 bytes @ 0xE000EDFC)
T3F34 000:286.096   CPU_ReadMem(4 bytes @ 0xE0001000)
T3F34 000:286.356   CPU_ReadMem(4 bytes @ 0xE0001000)
T3F34 000:286.600   CPU_ReadMem(4 bytes @ 0xE0001028)
T3F34 000:286.853   CPU_ReadMem(4 bytes @ 0xE0001038)
T3F34 000:287.105   CPU_ReadMem(4 bytes @ 0xE0001048)
T3F34 000:287.356   CPU_ReadMem(4 bytes @ 0xE0001058)
T3F34 000:287.601   CPU_WriteMem(4 bytes @ 0xE0001000)
T3F34 000:287.859   CPU_ReadMem(4 bytes @ 0xE000ED88)
T3F34 000:288.126   CPU_WriteMem(4 bytes @ 0xE000ED88)
T3F34 000:288.378   CPU_ReadMem(4 bytes @ 0xE000ED88)
T3F34 000:288.626   CPU_WriteMem(4 bytes @ 0xE000ED88)
T3F34 000:288.877   CPU_ReadMem(4 bytes @ 0xE000EFB8)
T3F34 000:289.128   Security extension: implemented
T3F34 000:289.168   Secure debug: enabled
T3F34 000:289.197   CoreSight components:
T3F34 000:289.231   ROMTbl[0] @ E00FE000
T3F34 000:289.266   CPU_ReadMem(64 bytes @ 0xE00FE000)
T3F34 000:289.896   CPU_ReadMem(32 bytes @ 0xE0044FE0)
T3F34 000:290.383   CPU_ReadMem(4 bytes @ 0xE0044FBC)
T3F34 000:290.726   CPU_ReadMem(4 bytes @ 0xE0044FCC)
T3F34 000:290.978   [0][0]: E0044000 CID B105900D PID 005BB906 DEVARCH 00000000 DEVTYPE 14 CTI (?)
T3F34 000:291.019   CPU_ReadMem(32 bytes @ 0xE0047FE0)
T3F34 000:291.471   CPU_ReadMem(4 bytes @ 0xE0047FBC)
T3F34 000:291.750   CPU_ReadMem(4 bytes @ 0xE0047FCC)
T3F34 000:292.003   [0][1]: E0047000 CID B105900D PID 003BB908 DEVARCH 00000000 DEVTYPE 12 CSTF
T3F34 000:292.043   CPU_ReadMem(32 bytes @ 0xE0048FE0)
T3F34 000:292.492   CPU_ReadMem(4 bytes @ 0xE0048FBC)
T3F34 000:292.777   CPU_ReadMem(4 bytes @ 0xE0048FCC)
T3F34 000:293.030   [0][2]: E0048000 CID B105900D PID 001BB961 DEVARCH 00000000 DEVTYPE 21 ETB
T3F34 000:293.074   CPU_ReadMem(32 bytes @ 0xE0049FE0)
T3F34 000:293.524   [0][3]: E0049000 CID B105F00D PID 001BB101 TSG
T3F34 000:293.592   CPU_ReadMem(32 bytes @ 0xE0040FE0)
T3F34 000:294.026   CPU_ReadMem(4 bytes @ 0xE0040FBC)
T3F34 000:294.281   CPU_ReadMem(4 bytes @ 0xE0040FCC)
T3F34 000:294.550   [0][4]: E0040000 CID B105900D PID 000BBD21 DEVARCH 00000000 DEVTYPE 11 TPIU
T3F34 000:294.591   CPU_ReadMem(32 bytes @ 0xE00FFFE0)
T3F34 000:295.043   [0][5]: E00FF000 CID B105100D PID 000BB4C9 ROM Table
T3F34 000:295.098   ROMTbl[1] @ E00FF000
T3F34 000:295.128   CPU_ReadMem(64 bytes @ 0xE00FF000)
T3F34 000:295.769   CPU_ReadMem(32 bytes @ 0xE000EFE0)
T3F34 000:296.262   CPU_ReadMem(4 bytes @ 0xE000EFBC)
T3F34 000:296.551   CPU_ReadMem(4 bytes @ 0xE000EFCC)
T3F34 000:296.804   [1][0]: E000E000 CID B105900D PID 000BBD21 DEVARCH 47702A04 DEVTYPE 00 Cortex-M33
T3F34 000:296.846   CPU_ReadMem(32 bytes @ 0xE0001FE0)
T3F34 000:297.297   CPU_ReadMem(4 bytes @ 0xE0001FBC)
T3F34 000:297.575   CPU_ReadMem(4 bytes @ 0xE0001FCC)
T3F34 000:297.861   [1][1]: E0001000 CID B105900D PID 000BBD21 DEVARCH 47701A02 DEVTYPE 00 DWT
T3F34 000:297.964   CPU_ReadMem(32 bytes @ 0xE0002FE0)
T3F34 000:298.484   CPU_ReadMem(4 bytes @ 0xE0002FBC)
T3F34 000:298.864   CPU_ReadMem(4 bytes @ 0xE0002FCC)
T3F34 000:299.161   [1][2]: E0002000 CID B105900D PID 000BBD21 DEVARCH 47701A03 DEVTYPE 00 FPB
T3F34 000:299.204   CPU_ReadMem(32 bytes @ 0xE0000FE0)
T3F34 000:299.669   CPU_ReadMem(4 bytes @ 0xE0000FBC)
T3F34 000:299.957   CPU_ReadMem(4 bytes @ 0xE0000FCC)
T3F34 000:300.244   [1][3]: E0000000 CID B105900D PID 000BBD21 DEVARCH 47701A01 DEVTYPE 43 ITM
T3F34 000:300.290   CPU_ReadMem(32 bytes @ 0xE0041FE0)
T3F34 000:300.766   CPU_ReadMem(4 bytes @ 0xE0041FBC)
T3F34 000:301.051   CPU_ReadMem(4 bytes @ 0xE0041FCC)
T3F34 000:301.333   [1][5]: E0041000 CID B105900D PID 002BBD21 DEVARCH 47724A13 DEVTYPE 13 ETM
T3F34 000:301.376   CPU_ReadMem(32 bytes @ 0xE0042FE0)
T3F34 000:301.835   CPU_ReadMem(4 bytes @ 0xE0042FBC)
T3F34 000:302.117   CPU_ReadMem(4 bytes @ 0xE0042FCC)
T3F34 000:302.375   [1][6]: E0042000 CID B105900D PID 000BBD21 DEVARCH 47701A14 DEVTYPE 14 CSS600-CTI
T3F34 000:302.432 - 45.594ms returns 0x00
T3F34 000:302.513 JLINK_ResetPullsRESET(ON)
T3F34 000:302.543 - 0.040ms
T3F34 000:302.565 JLINK_Halt()
T3F34 000:305.798 - 3.259ms returns 0x00
T3F34 000:305.839 JLINK_IsHalted()
T3F34 000:305.867 - 0.038ms returns TRUE
T3F34 000:305.890 JLINK_Reset()
T3F34 000:305.926   CPU_WriteMem(4 bytes @ 0xE000EDF0)
T3F34 000:306.249   CPU_ReadMem(4 bytes @ 0xE000ED44)
T3F34 000:306.582   CPU_ReadMem(4 bytes @ 0xE000EE08)
T3F34 000:306.913   CPU_WriteMem(4 bytes @ 0xE000EE08)
T3F34 000:307.251   Reset: ARMv8M core with Security Extension enabled detected.
T3F34 000:307.302   CPU_WriteMem(4 bytes @ 0xE000EDFC)
T3F34 000:307.628   Reset: Halt core after reset via DEMCR.VC_CORERESET.
T3F34 000:308.003   Reset: Reset device via AIRCR.SYSRESETREQ.
T3F34 000:308.054   CPU_WriteMem(4 bytes @ 0xE000ED0C)
T3F34 000:361.312   CPU_ReadMem(4 bytes @ 0xE000EDF0)
T3F34 000:361.678   CPU_ReadMem(4 bytes @ 0xE000EDF0)
T3F34 000:361.994   CPU_WriteMem(4 bytes @ 0xE000EDFC)
T3F34 000:367.540   CPU_ReadMem(4 bytes @ 0xE000EDF0)
T3F34 000:371.954   CPU_WriteMem(4 bytes @ 0xE0002000)
T3F34 000:372.545   CPU_ReadMem(4 bytes @ 0xE000EDFC)
T3F34 000:373.106   CPU_ReadMem(4 bytes @ 0xE0001000)
T3F34 000:373.698   CPU_ReadMem(4 bytes @ 0xE000EE08)
T3F34 000:374.322 - 68.465ms
T3F34 000:374.381 JLINK_SetEndian(ARM_ENDIAN_LITTLE)
T3F34 000:374.409 - 0.040ms returns 0
T3F34 000:374.568 JLINK_ReadMem(0x010080F0, 0x10 Bytes, ...)
T3F34 000:374.631   CPU_ReadMem(16 bytes @ 0x010080F0)
T3F34 000:375.134   Data:  52 37 46 41 36 54 33 42 42 33 43 46 4D 20 20 20
T3F34 000:375.188 - 0.630ms returns 0
T3F34 000:375.227 JLINK_IsHalted()
T3F34 000:375.256 - 0.040ms returns TRUE
T3F34 000:375.554 JLINK_MeasureCPUSpeed(RAMAddr = 0x20000000)
T3F34 000:375.593   CPU_ReadMem(16 bytes @ 0x20000000)
T3F34 000:376.219   CPU_ReadMem(6 bytes @ 0x20000000)
T3F34 000:376.825   CPU_ReadMem(4 bytes @ 0xE000ED90)
T3F34 000:377.427   CPU_ReadMem(4 bytes @ 0xE000ED94)
T3F34 000:378.021   CPU_WriteMem(16 bytes @ 0x20000000)
T3F34 000:378.599   CPU_WriteMem(6 bytes @ 0x20000000)
T3F34 000:379.069   CPU_ReadMem(6 bytes @ 0x20000000)
T3F34 000:379.429   CPU_ReadMem(4 bytes @ 0xE000EE08)
T3F34 000:379.779   CPU_WriteMem(4 bytes @ 0xE0002008)
T3F34 000:379.837   CPU_WriteMem(4 bytes @ 0xE000200C)
T3F34 000:379.870   CPU_WriteMem(4 bytes @ 0xE0002010)
T3F34 000:379.900   CPU_WriteMem(4 bytes @ 0xE0002014)
T3F34 000:379.935   CPU_WriteMem(4 bytes @ 0xE0002018)
T3F34 000:379.966   CPU_WriteMem(4 bytes @ 0xE000201C)
T3F34 000:379.996   CPU_WriteMem(4 bytes @ 0xE0002020)
T3F34 000:380.031   CPU_WriteMem(4 bytes @ 0xE0002024)
T3F34 000:381.636   CPU_WriteMem(4 bytes @ 0xE0001004)
T3F34 000:387.918   CPU_ReadMem(4 bytes @ 0xE0001004)
T3F34 000:388.295   CPU_ReadMem(4 bytes @ 0xE000EE08)
T3F34 000:388.663   CPU_WriteMem(4 bytes @ 0xE0002008)
T3F34 000:388.990   CPU_WriteMem(4 bytes @ 0xE000200C)
T3F34 000:389.346   CPU_WriteMem(4 bytes @ 0xE0002010)
T3F34 000:389.654   CPU_WriteMem(4 bytes @ 0xE0002014)
T3F34 000:389.979   CPU_WriteMem(4 bytes @ 0xE0002018)
T3F34 000:390.304   CPU_WriteMem(4 bytes @ 0xE000201C)
T3F34 000:390.604   CPU_WriteMem(4 bytes @ 0xE0002020)
T3F34 000:390.927   CPU_WriteMem(4 bytes @ 0xE0002024)
T3F34 000:391.249   CPU_ReadMem(4 bytes @ 0xE000EE08)
T3F34 000:391.585   CPU_ReadMem(4 bytes @ 0xE000EE08)
T3F34 000:391.892   CPU_WriteMem(4 bytes @ 0xE0001004)
T3F34 000:418.533   CPU_ReadMem(4 bytes @ 0xE0001004)
T3F34 000:419.148   CPU_WriteMem(6 bytes @ 0x20000000)
T3F34 000:419.880   ClockFreq: 2088000 Hz
T3F34 000:419.952 - 44.408ms returns 2088000
T3F34 000:419.988 JLINK_ReadReg(XPSR)
T3F34 000:420.023   CPU_ReadMem(4 bytes @ 0xE000EE08)
T3F34 000:420.435 - 0.474ms returns 0xF9000000
T28F0 000:644.150 JLINK_SetEndian(ARM_ENDIAN_LITTLE)
T28F0 000:644.218 - 0.080ms returns 0
T28F0 000:644.402 JLINK_BeginDownload(Flags = 0x00000000)
T28F0 000:644.438 - 0.047ms
T28F0 000:662.095 JLINK_WriteMem(0x00000000, 0xBD0 Bytes, ...)
T28F0 000:662.154   Data:  A8 0A 00 20 E1 17 00 00 51 16 00 00 DD 17 00 00 ...
T28F0 000:662.431   completely In flash
T28F0 000:662.478 - 0.396ms returns 0xBD0
T28F0 000:662.884 JLINK_WriteMem(0x00000BD0, 0xBB0 Bytes, ...)
T28F0 000:662.929   Data:  80 B1 08 B5 02 68 08 4B 9A 42 09 D1 31 B1 4B 68 ...
T28F0 000:662.969   completely In flash
T28F0 000:663.007 - 0.134ms returns 0xBB0
T28F0 000:663.255 JLINK_WriteMem(0x00001780, 0x498 Bytes, ...)
T28F0 000:663.300   Data:  00 E0 01 40 00 1C 00 00 30 B4 EF F3 10 81 01 23 ...
T28F0 000:663.339   completely In flash
T28F0 000:663.374 - 0.130ms returns 0x498
T28F0 000:663.701 JLINK_WriteMem(0x00001C18, 0x10 Bytes, ...)
T28F0 000:663.765   Data:  00 01 02 03 04 00 00 00 25 02 00 00 01 02 00 00
T28F0 000:663.801   completely In flash
T28F0 000:663.833 - 0.145ms returns 0x10
T28F0 000:664.276 JLINK_WriteMem(0x0100A100, 0x10 Bytes, ...)
T28F0 000:664.319   Data:  FF FF FF FF FF FF FF FF FF FF FF FF FF FF FF FF
T28F0 000:664.578   completely In flash
T28F0 000:664.622 - 0.358ms returns 0x10
T28F0 000:664.982 JLINK_WriteMem(0x0100A120, 0x10 Bytes, ...)
T28F0 000:665.025   Data:  FF FF FF FF FF FF FF FF FF FF FF FF FF FF FF FF
T28F0 000:665.065   completely In flash
T28F0 000:665.099 - 0.127ms returns 0x10
T28F0 000:665.453 JLINK_WriteMem(0x0100A134, 0x4 Bytes, ...)
T28F0 000:665.488   Data:  FF FF FF FF
T28F0 000:665.522   completely In flash
T28F0 000:665.558 - 0.118ms returns 0x4
T28F0 000:665.916 JLINK_WriteMem(0x0100A200, 0xCC Bytes, ...)
T28F0 000:665.952   Data:  FF FD FF FF FF FF FF FF FF FF FF FF FF FF FF FF ...
T28F0 000:665.988   completely In flash
T28F0 000:666.020 - 0.118ms returns 0xCC
T28F0 000:689.188 JLINK_EndDownload()
T28F0 000:689.425   CPU_ReadMem(4 bytes @ 0xE000ED90)
T28F0 000:689.730   CPU_ReadMem(4 bytes @ 0xE000ED94)
T28F0 000:690.016    -- --------------------------------------
T28F0 000:690.069   Flash bank @ 0x0100A100: Default: L2 verify disabled because algorithm performs L1 verify
T28F0 000:690.104    -- Start of determining dirty areas in flash cache
T28F0 000:690.144    -- Filling invalid ranges in sector buffer (flash cache) for sector @ 0x0100A100 if necessary
T28F0 000:690.187    -- Filling invalid ranges in sector buffer (flash cache) for sector @ 0x0100A120 if necessary
T28F0 000:690.229    -- Filling invalid ranges in sector buffer (flash cache) for sector @ 0x0100A130 if necessary
T28F0 000:690.264    -- Filling invalid ranges in sector buffer (flash cache) for sector @ 0x0100A200 if necessary
T28F0 000:690.301    -- Filling invalid ranges in sector buffer (flash cache) for sector @ 0x0100A210 if necessary
T28F0 000:690.335    -- Filling invalid ranges in sector buffer (flash cache) for sector @ 0x0100A220 if necessary
T28F0 000:690.370    -- Filling invalid ranges in sector buffer (flash cache) for sector @ 0x0100A230 if necessary
T28F0 000:690.409    -- Filling invalid ranges in sector buffer (flash cache) for sector @ 0x0100A240 if necessary
T28F0 000:690.442    -- Filling invalid ranges in sector buffer (flash cache) for sector @ 0x0100A250 if necessary
T28F0 000:690.477    -- Filling invalid ranges in sector buffer (flash cache) for sector @ 0x0100A260 if necessary
T28F0 000:690.512    -- Filling invalid ranges in sector buffer (flash cache) for sector @ 0x0100A270 if necessary
T28F0 000:690.546    -- Filling invalid ranges in sector buffer (flash cache) for sector @ 0x0100A280 if necessary
T28F0 000:690.585    -- Filling invalid ranges in sector buffer (flash cache) for sector @ 0x0100A290 if necessary
T28F0 000:690.621    -- Filling invalid ranges in sector buffer (flash cache) for sector @ 0x0100A2A0 if necessary
T28F0 000:690.656    -- Filling invalid ranges in sector buffer (flash cache) for sector @ 0x0100A2B0 if necessary
T28F0 000:690.694    -- Filling invalid ranges in sector buffer (flash cache) for sector @ 0x0100A2C0 if necessary
T28F0 000:690.791    -- End of determining dirty areas
T28F0 000:690.828    -- Start of preparing flash programming
T28F0 000:690.864    -- Calculating RAM usage
T28F0 000:690.981    -- RAM usage = 3476 Bytes
T28F0 000:691.020    -- Preserving CPU registers
T28F0 000:697.731    -- Determining CPU clock frequency
T28F0 000:737.167    -- Preparing target
T28F0 000:737.231    -- Preserving target RAM temporarily used for programming
T28F0 000:755.098    -- Downloading RAMCode
T28F0 000:774.470    -- Preparing RAMCode
T28F0 000:783.007    -- CPU frequency = 100000 kHz
T28F0 000:783.066    -- End of preparing flash programming
T28F0 000:783.303   Looking for J-Link GUI Server exe at: C:\Users\dnyaneshwar.h\.eclipse\com.renesas.platform_1692830470\DebugComp\RA\ARM\Segger_v7.86.2\JLinkGUIServer.exe
T28F0 000:783.553   Looking for J-Link GUI Server exe at: C:\Program Files (x86)\SEGGER\JLink_V784d\JLinkGUIServer.exe
T28F0 000:783.637   Forking J-Link GUI Server: C:\Program Files (x86)\SEGGER\JLink_V784d\JLinkGUIServer.exe
T28F0 001:861.640   J-Link GUI Server info: "J-Link GUI server V7.84d "
T28F0 001:870.540    -- CPU is running at 100000 kHz.
T28F0 001:870.596    -- Start of comparing flash
T28F0 001:870.633    -- CRC check was estimated as fastest method
T28F0 001:896.396    -- Comparing range 0x100A100 - 0x100A10F (1 Sector, 16 Bytes), using multi-block CRC calculation
T28F0 001:901.495    -- All CRCs match
T28F0 001:901.780    -- Comparing range 0x100A120 - 0x100A13F (2 Sectors, 32 Bytes), using multi-block CRC calculation
T28F0 001:904.678    -- All CRCs match
T28F0 001:904.971    -- Comparing range 0x100A200 - 0x100A2CF (13 Sectors, 208 Bytes), using multi-block CRC calculation
T28F0 001:908.800    -- All CRCs match
T28F0 001:909.082    -- Comparing range 0x100A100 - 0x100A10F (1 Sector, 16 Bytes), using alternative multi-block CRC calculation
T28F0 001:911.847    -- All CRCs match
T28F0 001:912.116    -- Comparing range 0x100A120 - 0x100A13F (2 Sectors, 32 Bytes), using alternative multi-block CRC calculation
T28F0 001:914.618    -- All CRCs match
T28F0 001:914.881    -- Comparing range 0x100A200 - 0x100A2CF (13 Sectors, 208 Bytes), using alternative multi-block CRC calculation
T28F0 001:918.378    -- All CRCs match
T28F0 001:918.426    -- End of comparing flash
T28F0 001:918.458    -- Start of erasing sectors
T28F0 001:918.496    -- End of erasing sectors
T28F0 001:918.532    -- Start of flash programming
T28F0 001:918.563    -- End of flash programming
T28F0 001:918.600    -- Start of restoring
T28F0 001:918.632    -- Restoring RAMCode
T28F0 001:923.079    -- Restoring target memory
T28F0 001:937.727    -- Restore target
T28F0 001:937.819    -- Restoring CPU registers
T28F0 001:938.331    -- End of restoring
T28F0 001:938.426    -- Bank 0 @ 0x0100A100: Skipped. Contents already match
T28F0 001:938.463    -- Bank 0 @ 0x0100A100: Skipped. Contents already match
T28F0 001:942.362    -- --------------------------------------
T28F0 001:942.433   Flash bank @ 0x00000000: Default: L2 verify disabled because algorithm performs L1 verify
T28F0 001:942.467    -- Start of determining dirty areas in flash cache
T28F0 001:942.502    -- Filling invalid ranges in sector buffer (flash cache) for sector @ 0x00000000 if necessary
T28F0 001:942.575    -- End of determining dirty areas
T28F0 001:942.613    -- Start of preparing flash programming
T28F0 001:942.647    -- Calculating RAM usage
T28F0 001:942.687    -- RAM usage = 3492 Bytes
T28F0 001:942.724    -- Preserving CPU registers
T28F0 001:942.785    -- Determining CPU clock frequency
T28F0 001:980.525    -- Preparing target
T28F0 001:980.615    -- Preserving target RAM temporarily used for programming
T28F0 001:998.671    -- Downloading RAMCode
T28F0 002:019.157    -- Preparing RAMCode
T28F0 002:028.672    -- CPU frequency = 100000 kHz
T28F0 002:028.749    -- End of preparing flash programming
T28F0 002:030.792    -- CPU is running at 100000 kHz.
T28F0 002:030.851    -- Start of comparing flash
T28F0 002:030.888    -- CRC check was estimated as fastest method
T28F0 002:040.703    -- Comparing range 0x0000 - 0x1FFF (1 Sector, 8 KB), using multi-block CRC calculation
T28F0 002:043.682    -- CRC does not match for sector 0
T28F0 002:043.755    -- End of comparing flash
T28F0 002:043.792    -- Start of erasing sectors
T28F0 002:043.830    -- Erasing range 0x00000000 - 0x00001FFF (  1 Sector, 8 KB)
T28F0 002:084.434    -- End of erasing sectors
T28F0 002:084.499    -- Start of flash programming
T28F0 002:084.536    -- Programming range 0x00000000 - 0x00001FFF (  1 Sector, 8 KB)
T28F0 002:148.805    -- End of flash programming
T28F0 002:148.864    -- 0x0000 - 0x1FFF (  1 Sector, 8 KiB)
T28F0 002:148.899    -- Start of restoring
T28F0 002:148.932    -- Restoring RAMCode
T28F0 002:160.192    -- Restoring target memory
T28F0 002:174.838    -- Restore target
T28F0 002:174.908    -- Restoring CPU registers
T28F0 002:175.299    -- End of restoring
T28F0 002:175.356    -- Bank 1 @ 0x00000000: 1 range affected (8192 bytes)
T28F0 002:175.394    -- Total: 0.232s (Prepare: 0.088s, Compare: 0.012s, Erase: 0.040s, Program & Verify: 0.070s, Restore: 0.020s)
T28F0 002:175.426    -- Program & Verify speed: 114 KB/s
T28F0 002:179.680 - 1490.538ms returns 8192 (0x2000)
T28F0 002:180.153 JLINK_WriteReg(R15 (PC), 0x000017E0)
T28F0 002:180.198 - 0.058ms returns 0
T28F0 002:180.226 JLINK_WriteReg(XPSR, 0x01000000)
T28F0 002:180.251 - 0.037ms returns 0
T28F0 002:180.283 JLINK_ResetPullsRESET(ON)
T28F0 002:180.310 - 0.037ms
T28F0 002:180.333 JLINK_Halt()
T28F0 002:180.377 - 0.055ms returns 0x00
T28F0 002:180.402 JLINK_IsHalted()
T28F0 002:180.426 - 0.036ms returns TRUE
T28F0 002:180.450 JLINK_Reset()
T28F0 002:180.477   CPU_WriteMem(4 bytes @ 0xE000EDF0)
T28F0 002:180.761   CPU_ReadMem(4 bytes @ 0xE000ED44)
T28F0 002:181.030   CPU_ReadMem(4 bytes @ 0xE000EE08)
T28F0 002:181.318   CPU_WriteMem(4 bytes @ 0xE000EE08)
T28F0 002:181.626   Reset: ARMv8M core with Security Extension enabled detected.
T28F0 002:181.679   CPU_WriteMem(4 bytes @ 0xE000EDFC)
T28F0 002:181.963   Reset: Halt core after reset via DEMCR.VC_CORERESET.
T28F0 002:182.271   Reset: Reset device via AIRCR.SYSRESETREQ.
T28F0 002:182.320   CPU_WriteMem(4 bytes @ 0xE000ED0C)
T28F0 002:235.443   CPU_ReadMem(4 bytes @ 0xE000EDF0)
T28F0 002:235.796   CPU_ReadMem(4 bytes @ 0xE000EDF0)
T28F0 002:236.124   CPU_WriteMem(4 bytes @ 0xE000EDFC)
T28F0 002:241.688   CPU_ReadMem(4 bytes @ 0xE000EDF0)
T28F0 002:246.114   CPU_WriteMem(4 bytes @ 0xE0002000)
T28F0 002:246.772   CPU_ReadMem(4 bytes @ 0xE000EDFC)
T28F0 002:247.357   CPU_ReadMem(4 bytes @ 0xE0001000)
T28F0 002:247.795   CPU_ReadMem(4 bytes @ 0xE000EE08)
T28F0 002:248.251 - 67.831ms
T28F0 002:248.306 JLINK_SetEndian(ARM_ENDIAN_LITTLE)
T28F0 002:248.332 - 0.037ms returns 0
T28F0 002:249.248 JLINK_ResetPullsRESET(ON)
T28F0 002:249.316 - 0.082ms
T28F0 002:249.347 JLINK_Halt()
T28F0 002:249.372 - 0.035ms returns 0x00
T28F0 002:249.394 JLINK_IsHalted()
T28F0 002:249.421 - 0.037ms returns TRUE
T28F0 002:249.444 JLINK_Reset()
T28F0 002:249.478   CPU_WriteMem(4 bytes @ 0xE000EDF0)
T28F0 002:249.863   CPU_ReadMem(4 bytes @ 0xE000ED44)
T28F0 002:250.215   CPU_ReadMem(4 bytes @ 0xE000EE08)
T28F0 002:250.582   CPU_WriteMem(4 bytes @ 0xE000EE08)
T28F0 002:250.946   Reset: ARMv8M core with Security Extension enabled detected.
T28F0 002:251.000   CPU_WriteMem(4 bytes @ 0xE000EDFC)
T28F0 002:251.333   Reset: Halt core after reset via DEMCR.VC_CORERESET.
T28F0 002:251.765   Reset: Reset device via AIRCR.SYSRESETREQ.
T28F0 002:251.818   CPU_WriteMem(4 bytes @ 0xE000ED0C)
T28F0 002:306.100   CPU_ReadMem(4 bytes @ 0xE000EDF0)
T28F0 002:306.683   CPU_ReadMem(4 bytes @ 0xE000EDF0)
T28F0 002:307.282   CPU_WriteMem(4 bytes @ 0xE000EDFC)
T28F0 002:313.222   CPU_ReadMem(4 bytes @ 0xE000EDF0)
T28F0 002:317.376   CPU_WriteMem(4 bytes @ 0xE0002000)
T28F0 002:317.883   CPU_ReadMem(4 bytes @ 0xE000EDFC)
T28F0 002:318.339   CPU_ReadMem(4 bytes @ 0xE0001000)
T28F0 002:318.832   CPU_ReadMem(4 bytes @ 0xE000EE08)
T28F0 002:319.289 - 69.883ms
T28F0 002:319.351 JLINK_SetEndian(ARM_ENDIAN_LITTLE)
T28F0 002:319.377 - 0.038ms returns 0
T28F0 002:342.509 JLINK_ReadMem(0x000017E0, 0x4 Bytes, ...)
T28F0 002:342.567    -- Read from flash cache (4 bytes @ 0x000017E0)
T28F0 002:342.601   Data:  08 B5 00 F0
T28F0 002:342.640 - 0.141ms returns 0
T28F0 002:417.708 JLINK_GetNumBPUnits(Type = 0xFFFFFF00)
T28F0 002:417.770 - 0.074ms returns 0x08
T28F0 002:417.795 JLINK_GetNumWPUnits()
T28F0 002:417.816 - 0.034ms returns 4
T28F0 002:417.842 JLINK_GetNumWPUnits()
T28F0 002:417.864 - 0.032ms returns 4
T28F0 002:417.895 JLINK_GetNumBPUnits(Type = 0xFFFFFF00)
T28F0 002:417.923 - 0.041ms returns 0x08
T28F0 002:417.948 JLINK_GetNumWPUnits()
T28F0 002:417.972 - 0.035ms returns 4
T28F0 002:417.995 JLINK_GetNumWPUnits()
T28F0 002:418.015 - 0.033ms returns 4
T28F0 002:418.048 JLINK_GetNumBPUnits(Type = 0xFFFFFF00)
T28F0 002:418.075 - 0.037ms returns 0x08
T28F0 002:418.097 JLINK_GetNumWPUnits()
T28F0 002:418.122 - 0.036ms returns 4
T28F0 002:418.145 JLINK_GetNumWPUnits()
T28F0 002:418.170 - 0.035ms returns 4
T28F0 002:418.235 JLINK_SetBPEx(Addr = 0x000006C0, Type = 0xFFFFFF00)
T28F0 002:418.275 - 0.052ms returns 0x00000001
T28F0 002:418.306 JLINK_ClrBPEx(BPHandle = 0x00000001)
T28F0 002:418.332 - 0.036ms returns 0x00
T28F0 002:431.209 JLINK_SetBPEx(Addr = 0x000006C0, Type = 0xFFFFFF00)
T28F0 002:431.270 - 0.073ms returns 0x00000002
T28F0 002:506.530 JLINK_ReadRegs(NumRegs = 22, Indexes: 0, 1, 2, 3, 4, 5, 6, 7, 8, 9, 10, 11, 12, 13, 14, 15, 16, 17, 18, 86, 87, 20)
T28F0 002:506.698   CPU_ReadMem(4 bytes @ 0xE000EE08)
T28F0 002:507.084    -- R0=0x00, R1=0x00, R2=0x00, R3=0x00, R4=0x00, R5=0x00, R6=0x00, R7=0x00, R8=0x2998, R9=0x2988, R10=0x4A283A2E, R11=0x6E3B121E, R12=0x20007898, R13 (SP)=0x20000AA8, R14=0xFFFFFFFF, R15 (PC)=0x17E0, XPSR=0xF9000000, MSP=0x20000AA8, PSP=0x00, MSPLIM=0x00, PSPLIM=0x00, CFBP=0x00
T28F0 002:507.195 - 0.676ms returns 0x00
T28F0 002:507.701 JLINK_ReadMem(0x000017E0, 0x4 Bytes, ...)
T28F0 002:507.769    -- Read from flash cache (4 bytes @ 0x000017E0)
T28F0 002:507.805   Data:  08 B5 00 F0
T28F0 002:507.838 - 0.147ms returns 0
T1C18 002:566.637 JLINK_GetNumBPUnits(Type = 0xFFFFFF00)
T1C18 002:566.692 - 0.069ms returns 0x08
T1C18 002:566.720 JLINK_GetNumWPUnits()
T1C18 002:566.742 - 0.032ms returns 4
T1C18 002:566.765 JLINK_GetNumWPUnits()
T1C18 002:566.791 - 0.037ms returns 4
T1C18 002:566.965 JLINK_GetNumBPUnits(Type = 0xFFFFFF00)
T1C18 002:567.003 - 0.049ms returns 0x08
T1C18 002:567.026 JLINK_GetNumWPUnits()
T1C18 002:567.050 - 0.036ms returns 4
T1C18 002:567.077 JLINK_GetNumWPUnits()
T1C18 002:567.103 - 0.037ms returns 4
T1C18 002:567.302 JLINK_GetNumBPUnits(Type = 0xFFFFFF00)
T1C18 002:567.341 - 0.050ms returns 0x08
T1C18 002:567.365 JLINK_GetNumWPUnits()
T1C18 002:567.393 - 0.039ms returns 4
T1C18 002:567.417 JLINK_GetNumWPUnits()
T1C18 002:567.441 - 0.037ms returns 4
T1C18 002:568.198 JLINK_GetNumBPUnits(Type = 0xFFFFFF00)
T1C18 002:568.252 - 0.065ms returns 0x08
T1C18 002:568.276 JLINK_GetNumWPUnits()
T1C18 002:568.301 - 0.039ms returns 4
T1C18 002:568.329 JLINK_GetNumWPUnits()
T1C18 002:568.351 - 0.033ms returns 4
T1C18 002:568.844 JLINK_ReadReg(XPSR)
T1C18 002:568.904 - 0.073ms returns 0xF9000000
T1C18 002:568.931 JLINK_ReadReg(R15 (PC))
T1C18 002:568.957 - 0.041ms returns 0x000017E0
T1C18 002:569.153 JLINK_GetNumBPUnits(Type = 0xFFFFFF00)
T1C18 002:569.200 - 0.060ms returns 0x08
T1C18 002:569.227 JLINK_GetNumWPUnits()
T1C18 002:569.252 - 0.037ms returns 4
T1C18 002:569.277 JLINK_GetNumWPUnits()
T1C18 002:569.302 - 0.052ms returns 4
T1C18 002:569.490 JLINK_GetNumBPUnits(Type = 0xFFFFFF00)
T1C18 002:569.549 - 0.073ms returns 0x08
T1C18 002:569.595 JLINK_GetNumWPUnits()
T1C18 002:569.634 - 0.049ms returns 4
T1C18 002:569.656 JLINK_GetNumWPUnits()
T1C18 002:569.681 - 0.037ms returns 4
T1C18 002:569.913 JLINK_GetNumBPUnits(Type = 0xFFFFFF00)
T1C18 002:569.992 - 0.091ms returns 0x08
T1C18 002:570.027 JLINK_GetNumWPUnits()
T1C18 002:570.055 - 0.059ms returns 4
T1C18 002:570.100 JLINK_GetNumWPUnits()
T1C18 002:570.121 - 0.031ms returns 4
T1C18 002:570.468 JLINK_GetNumBPUnits(Type = 0xFFFFFF00)
T1C18 002:570.524 - 0.067ms returns 0x08
T1C18 002:570.547 JLINK_GetNumWPUnits()
T1C18 002:570.575 - 0.040ms returns 4
T1C18 002:570.621 JLINK_GetNumWPUnits()
T1C18 002:570.645 - 0.055ms returns 4
T28F0 004:050.432 JLINK_STRACE_Read(..., NumItems = 0x10000)
T28F0 004:050.744 - 0.359ms NumItemsRead = 0x00
T28F0 004:050.821 JLINK_IsHalted()
T28F0 004:051.173 - 0.380ms returns TRUE
T28F0 004:051.233 JLINK_GoEx(MaxEmulInsts = 0, Flags = 0x01)
T28F0 004:051.322   CPU_WriteMem(4 bytes @ 0xE0002000)
T28F0 004:051.727   CPU_ReadMem(4 bytes @ 0xE0001000)
T28F0 004:052.167   CPU_WriteMem(4 bytes @ 0xE0002008)
T28F0 004:052.260   CPU_WriteMem(4 bytes @ 0xE000200C)
T28F0 004:052.352   CPU_WriteMem(4 bytes @ 0xE0002010)
T28F0 004:052.399   CPU_WriteMem(4 bytes @ 0xE0002014)
T28F0 004:052.464   CPU_WriteMem(4 bytes @ 0xE0002018)
T28F0 004:052.506   CPU_WriteMem(4 bytes @ 0xE000201C)
T28F0 004:052.576   CPU_WriteMem(4 bytes @ 0xE0002020)
T28F0 004:052.642   CPU_WriteMem(4 bytes @ 0xE0002024)
T28F0 004:054.211   CPU_WriteMem(4 bytes @ 0xE0001004)
T28F0 004:055.046 - 3.841ms
T28F0 004:155.928 JLINK_IsHalted()
T28F0 004:159.352 - 3.453ms returns TRUE
T28F0 004:159.401 JLINK_ReadReg(XPSR)
T28F0 004:159.433   CPU_ReadMem(4 bytes @ 0xE000EE08)
T28F0 004:159.787 - 0.417ms returns 0x69000000
T28F0 004:159.835 JLINK_ReadReg(R15 (PC))
T28F0 004:159.865 - 0.042ms returns 0x000006C0
T28F0 004:159.895 JLINK_ReadReg(XPSR)
T28F0 004:159.924 - 0.041ms returns 0x69000000
T28F0 004:159.949 JLINK_ReadReg(XPSR)
T28F0 004:159.972 - 0.037ms returns 0x69000000
T28F0 004:160.000 JLINK_ReadReg(R15 (PC))
T28F0 004:160.024 - 0.035ms returns 0x000006C0
T28F0 004:160.049 JLINK_ReadReg(XPSR)
T28F0 004:160.077 - 0.040ms returns 0x69000000
T28F0 004:160.102 JLINK_ReadReg(XPSR)
T28F0 004:160.129 - 0.038ms returns 0x69000000
T28F0 004:160.153 JLINK_ReadMem(0x000006C0, 0x1 Bytes, ...)
T28F0 004:160.178    -- Read from flash cache (1 bytes @ 0x000006C0)
T28F0 004:160.215   Data:  08
T28F0 004:160.247 - 0.104ms returns 0
T28F0 004:160.271 JLINK_IsHalted()
T28F0 004:160.296 - 0.037ms returns TRUE
T28F0 004:160.321 JLINK_ReadReg(XPSR)
T28F0 004:160.347 - 0.037ms returns 0x69000000
T28F0 004:160.370 JLINK_ReadReg(XPSR)
T28F0 004:160.393 - 0.036ms returns 0x69000000
T28F0 004:160.421 JLINK_ReadReg(R15 (PC))
T28F0 004:160.446 - 0.036ms returns 0x000006C0
T28F0 004:160.470 JLINK_ReadReg(XPSR)
T28F0 004:160.498 - 0.040ms returns 0x69000000
T28F0 004:160.524 JLINK_ReadReg(XPSR)
T28F0 004:160.551 - 0.038ms returns 0x69000000
T28F0 004:160.575 JLINK_ReadMem(0x000006C0, 0x1 Bytes, ...)
T28F0 004:160.597    -- Read from flash cache (1 bytes @ 0x000006C0)
T28F0 004:160.633   Data:  08
T28F0 004:160.664 - 0.099ms returns 0
T28F0 004:161.366 JLINK_ReadRegs(NumRegs = 22, Indexes: 0, 1, 2, 3, 4, 5, 6, 7, 8, 9, 10, 11, 12, 13, 14, 15, 16, 17, 18, 86, 87, 20)
T28F0 004:161.428    -- R0=0x00, R1=0x00, R2=0x11F, R3=0x60, R4=0x00, R5=0x00, R6=0x00, R7=0x00, R8=0x2998, R9=0x2988, R10=0x4A283A2E, R11=0x6E3B121E, R12=0x02, R13 (SP)=0x20000AA0, R14=0x17EB, R15 (PC)=0x6C0, XPSR=0x69000000, MSP=0x20000AA0, PSP=0x00, MSPLIM=0x200006A8, PSPLIM=0x00, CFBP=0x00
T28F0 004:161.463 - 0.108ms returns 0x00
T28F0 004:161.760 JLINK_ReadMem(0x000006C0, 0x4 Bytes, ...)
T28F0 004:161.808    -- Read from flash cache (4 bytes @ 0x000006C0)
T28F0 004:161.841   Data:  08 B5 FF F7
T28F0 004:161.874 - 0.127ms returns 0
T28F0 004:163.265 JLINK_ClrBPEx(BPHandle = 0x00000002)
T28F0 004:163.359 - 0.121ms returns 0x00
T28F0 004:956.172 JLINK_STRACE_Read(..., NumItems = 0x10000)
T28F0 004:956.245 - 0.085ms NumItemsRead = 0x00
T28F0 004:956.290 JLINK_IsHalted()
T28F0 004:956.719 - 0.492ms returns TRUE
T28F0 004:956.819 JLINK_GoEx(MaxEmulInsts = 0, Flags = 0x01)
T28F0 004:956.901   CPU_ReadMem(4 bytes @ 0xE0001000)
T28F0 004:957.248   CPU_WriteMem(4 bytes @ 0xE0002008)
T28F0 004:958.157 - 1.379ms
T28F0 005:062.049 JLINK_IsHalted()
T28F0 005:062.486 - 0.465ms returns FALSE
T28F0 005:062.531 JLINK_IsHalted()
T28F0 005:062.825 - 0.322ms returns FALSE
T1C18 005:164.358 JLINK_ReadReg(XPSR)
T1C18 005:164.946   CPU is running
T1C18 005:165.034   
  ***** Error: 
T1C18 005:165.066   Cannot read register 16 (XPSR) while CPU is running
T1C18 005:165.101 - 0.753ms returns 0x00000000
T1C18 005:165.128 JLINK_ReadReg(R15 (PC))
T1C18 005:165.641   CPU is running
T1C18 005:165.727   
  ***** Error: 
T1C18 005:165.759   Cannot read register 15 (R15) while CPU is running
T1C18 005:165.793 - 0.675ms returns 0x00000000
T28F0 005:171.163 JLINK_IsHalted()
T28F0 005:171.580 - 0.436ms returns FALSE
T28F0 005:171.614 JLINK_IsHalted()
T28F0 005:171.935 - 0.338ms returns FALSE
T28F0 005:280.476 JLINK_IsHalted()
T28F0 005:280.829 - 0.380ms returns FALSE
T28F0 005:280.872 JLINK_IsHalted()
T28F0 005:281.166 - 0.313ms returns FALSE
T28F0 005:389.718 JLINK_IsHalted()
T28F0 005:390.277 - 0.623ms returns FALSE
T28F0 005:390.361 JLINK_IsHalted()
T28F0 005:390.877 - 0.580ms returns FALSE
T28F0 005:499.617 JLINK_IsHalted()
T28F0 005:500.185 - 0.634ms returns FALSE
T28F0 005:500.271 JLINK_IsHalted()
T28F0 005:500.593 - 0.384ms returns FALSE
T28F0 005:609.320 JLINK_IsHalted()
T28F0 005:609.832 - 0.559ms returns FALSE
T28F0 005:609.897 JLINK_IsHalted()
T28F0 005:610.415 - 0.582ms returns FALSE
T28F0 005:717.839 JLINK_IsHalted()
T28F0 005:718.406 - 0.632ms returns FALSE
T28F0 005:718.490 JLINK_IsHalted()
T28F0 005:718.989 - 0.578ms returns FALSE
T28F0 005:827.866 JLINK_IsHalted()
T28F0 005:828.365 - 0.562ms returns FALSE
T28F0 005:828.447 JLINK_IsHalted()
T28F0 005:828.962 - 0.581ms returns FALSE
T28F0 005:937.442 JLINK_IsHalted()
T28F0 005:938.011 - 0.632ms returns FALSE
T28F0 005:938.096 JLINK_IsHalted()
T28F0 005:938.409 - 0.426ms returns FALSE
T28F0 006:046.252 JLINK_IsHalted()
T28F0 006:046.833 - 0.644ms returns FALSE
T28F0 006:046.919 JLINK_IsHalted()
T28F0 006:047.261 - 0.375ms returns FALSE
T28F0 006:156.032 JLINK_IsHalted()
T28F0 006:156.485 - 0.491ms returns FALSE
T28F0 006:156.540 JLINK_IsHalted()
T28F0 006:156.869 - 0.359ms returns FALSE
T1C18 006:166.895 JLINK_IsHalted()
T1C18 006:167.307 - 0.482ms returns FALSE
T1C18 006:167.397 JLINK_IsHalted()
T1C18 006:167.845 - 0.475ms returns FALSE
T1C18 006:168.093 JLINK_IsHalted()
T1C18 006:168.497 - 0.431ms returns FALSE
T1C18 006:168.542 JLINK_IsHalted()
T1C18 006:168.966 - 0.451ms returns FALSE
T28F0 006:265.215 JLINK_IsHalted()
T28F0 006:265.775 - 0.626ms returns FALSE
T28F0 006:265.861 JLINK_IsHalted()
T28F0 006:266.348 - 0.551ms returns FALSE
T28F0 006:374.690 JLINK_IsHalted()
T28F0 006:375.031 - 0.362ms returns FALSE
T28F0 006:375.066 JLINK_IsHalted()
T28F0 006:375.325 - 0.278ms returns FALSE
T28F0 006:483.525 JLINK_IsHalted()
T28F0 006:484.026 - 0.565ms returns FALSE
T28F0 006:484.109 JLINK_IsHalted()
T28F0 006:484.622 - 0.575ms returns FALSE
T28F0 006:593.743 JLINK_IsHalted()
T28F0 006:594.319 - 0.640ms returns FALSE
T28F0 006:594.404 JLINK_IsHalted()
T28F0 006:594.819 - 0.447ms returns FALSE
T28F0 006:702.578 JLINK_IsHalted()
T28F0 006:703.144 - 0.629ms returns FALSE
T28F0 006:703.227 JLINK_IsHalted()
T28F0 006:703.757 - 0.593ms returns FALSE
T28F0 006:811.574 JLINK_IsHalted()
T28F0 006:811.997 - 0.461ms returns FALSE
T28F0 006:812.053 JLINK_IsHalted()
T28F0 006:812.353 - 0.332ms returns FALSE
T28F0 006:921.820 JLINK_IsHalted()
T28F0 006:922.386 - 0.630ms returns FALSE
T28F0 006:922.470 JLINK_IsHalted()
T28F0 006:922.971 - 0.565ms returns FALSE
T28F0 007:030.530 JLINK_IsHalted()
T28F0 007:031.103 - 0.638ms returns FALSE
T28F0 007:031.188 JLINK_IsHalted()
T28F0 007:031.700 - 0.575ms returns FALSE
T28F0 007:140.018 JLINK_IsHalted()
T28F0 007:140.583 - 0.630ms returns FALSE
T28F0 007:140.668 JLINK_IsHalted()
T28F0 007:141.180 - 0.575ms returns FALSE
T1C18 007:167.510 JLINK_IsHalted()
T1C18 007:167.979 - 0.496ms returns FALSE
T1C18 007:168.024 JLINK_IsHalted()
T1C18 007:168.398 - 0.416ms returns FALSE
T28F0 007:249.980 JLINK_IsHalted()
T28F0 007:250.542 - 0.626ms returns FALSE
T28F0 007:250.626 JLINK_IsHalted()
T28F0 007:251.155 - 0.593ms returns FALSE
T28F0 007:358.666 JLINK_IsHalted()
T28F0 007:359.148 - 0.539ms returns FALSE
T28F0 007:359.223 JLINK_IsHalted()
T28F0 007:359.635 - 0.444ms returns FALSE
T28F0 007:468.465 JLINK_IsHalted()
T28F0 007:469.030 - 0.644ms returns FALSE
T28F0 007:469.130 JLINK_IsHalted()
T28F0 007:469.619 - 0.552ms returns FALSE
T28F0 007:577.576 JLINK_IsHalted()
T28F0 007:578.137 - 0.625ms returns FALSE
T28F0 007:578.223 JLINK_IsHalted()
T28F0 007:578.771 - 0.611ms returns FALSE
T28F0 007:686.975 JLINK_IsHalted()
T28F0 007:687.471 - 0.559ms returns FALSE
T28F0 007:687.554 JLINK_IsHalted()
T28F0 007:688.070 - 0.580ms returns FALSE
T28F0 007:795.969 JLINK_IsHalted()
T28F0 007:796.457 - 0.552ms returns FALSE
T28F0 007:796.540 JLINK_IsHalted()
T28F0 007:797.057 - 0.579ms returns FALSE
T28F0 007:905.637 JLINK_IsHalted()
T28F0 007:906.218 - 0.644ms returns FALSE
T28F0 007:906.301 JLINK_IsHalted()
T28F0 007:906.964 - 0.728ms returns FALSE
T28F0 008:015.174 JLINK_IsHalted()
T28F0 008:015.750 - 0.646ms returns FALSE
T28F0 008:015.843 JLINK_IsHalted()
T28F0 008:016.266 - 0.471ms returns FALSE
T28F0 008:124.435 JLINK_IsHalted()
T28F0 008:124.999 - 0.629ms returns FALSE
T28F0 008:125.083 JLINK_IsHalted()
T28F0 008:125.580 - 0.561ms returns FALSE
T1C18 008:169.541 JLINK_IsHalted()
T1C18 008:169.940 - 0.433ms returns FALSE
T1C18 008:169.991 JLINK_IsHalted()
T1C18 008:170.482 - 0.555ms returns FALSE
T28F0 008:233.958 JLINK_IsHalted()
T28F0 008:234.461 - 0.566ms returns FALSE
T28F0 008:234.543 JLINK_IsHalted()
T28F0 008:235.059 - 0.579ms returns FALSE
T28F0 008:342.781 JLINK_IsHalted()
T28F0 008:343.343 - 0.628ms returns FALSE
T28F0 008:343.429 JLINK_IsHalted()
T28F0 008:343.773 - 0.380ms returns FALSE
T28F0 008:452.753 JLINK_IsHalted()
T28F0 008:453.316 - 0.627ms returns FALSE
T28F0 008:453.400 JLINK_IsHalted()
T28F0 008:453.766 - 0.457ms returns FALSE
T28F0 008:562.143 JLINK_IsHalted()
T28F0 008:562.910 - 0.832ms returns FALSE
T28F0 008:562.995 JLINK_IsHalted()
T28F0 008:563.495 - 0.565ms returns FALSE
T28F0 008:671.744 JLINK_IsHalted()
T28F0 008:672.296 - 0.616ms returns FALSE
T28F0 008:672.380 JLINK_IsHalted()
T28F0 008:672.820 - 0.503ms returns FALSE
T28F0 008:781.259 JLINK_IsHalted()
T28F0 008:781.741 - 0.540ms returns FALSE
T28F0 008:781.820 JLINK_IsHalted()
T28F0 008:782.242 - 0.486ms returns FALSE
T28F0 008:890.765 JLINK_IsHalted()
T28F0 008:891.321 - 0.620ms returns FALSE
T28F0 008:891.405 JLINK_IsHalted()
T28F0 008:891.815 - 0.455ms returns FALSE
T28F0 008:999.768 JLINK_IsHalted()
T28F0 009:000.105 - 0.366ms returns FALSE
T28F0 009:000.151 JLINK_IsHalted()
T28F0 009:000.460 - 0.337ms returns FALSE
T28F0 009:108.705 JLINK_IsHalted()
T28F0 009:109.263 - 0.622ms returns FALSE
T28F0 009:109.349 JLINK_IsHalted()
T28F0 009:109.850 - 0.565ms returns FALSE
T1C18 009:171.001 JLINK_IsHalted()
T1C18 009:171.429 - 0.458ms returns FALSE
T1C18 009:171.476 JLINK_IsHalted()
T1C18 009:171.879 - 0.456ms returns FALSE
T28F0 009:217.891 JLINK_IsHalted()
T28F0 009:218.366 - 0.535ms returns FALSE
T28F0 009:218.444 JLINK_IsHalted()
T28F0 009:218.964 - 0.583ms returns FALSE
T28F0 009:327.182 JLINK_IsHalted()
T28F0 009:327.764 - 0.655ms returns FALSE
T28F0 009:327.860 JLINK_IsHalted()
T28F0 009:328.219 - 0.405ms returns FALSE
T28F0 009:437.587 JLINK_IsHalted()
T28F0 009:438.182 - 0.660ms returns FALSE
T28F0 009:438.266 JLINK_IsHalted()
T28F0 009:438.660 - 0.438ms returns FALSE
T28F0 009:545.915 JLINK_IsHalted()
T28F0 009:546.482 - 0.631ms returns FALSE
T28F0 009:546.567 JLINK_IsHalted()
T28F0 009:547.103 - 0.601ms returns FALSE
T28F0 009:655.479 JLINK_IsHalted()
T28F0 009:655.889 - 0.455ms returns FALSE
T28F0 009:655.956 JLINK_IsHalted()
T28F0 009:656.386 - 0.494ms returns FALSE
T28F0 009:764.636 JLINK_IsHalted()
T28F0 009:765.210 - 0.638ms returns FALSE
T28F0 009:765.347 JLINK_IsHalted()
T28F0 009:765.756 - 0.450ms returns FALSE
T28F0 009:874.070 JLINK_IsHalted()
T28F0 009:874.634 - 0.628ms returns FALSE
T28F0 009:874.721 JLINK_IsHalted()
T28F0 009:875.247 - 0.592ms returns FALSE
T28F0 009:983.581 JLINK_IsHalted()
T28F0 009:983.944 - 0.391ms returns FALSE
T28F0 009:983.988 JLINK_IsHalted()
T28F0 009:984.322 - 0.361ms returns FALSE
T28F0 010:093.304 JLINK_IsHalted()
T28F0 010:093.653 - 0.376ms returns FALSE
T28F0 010:093.697 JLINK_IsHalted()
T28F0 010:093.990 - 0.320ms returns FALSE
T1C18 010:172.530 JLINK_IsHalted()
T1C18 010:173.097 - 0.638ms returns FALSE
T1C18 010:173.191 JLINK_IsHalted()
T1C18 010:173.617 - 0.457ms returns FALSE
T28F0 010:202.985 JLINK_IsHalted()
T28F0 010:203.546 - 0.626ms returns FALSE
T28F0 010:203.631 JLINK_IsHalted()
T28F0 010:204.059 - 0.492ms returns FALSE
T28F0 010:312.517 JLINK_IsHalted()
T28F0 010:312.891 - 0.402ms returns FALSE
T28F0 010:312.935 JLINK_IsHalted()
T28F0 010:313.244 - 0.336ms returns FALSE
T28F0 010:421.169 JLINK_IsHalted()
T28F0 010:421.577 - 0.438ms returns FALSE
T28F0 010:421.626 JLINK_IsHalted()
T28F0 010:421.902 - 0.294ms returns FALSE
T28F0 010:531.067 JLINK_IsHalted()
T28F0 010:531.409 - 0.374ms returns FALSE
T28F0 010:531.459 JLINK_IsHalted()
T28F0 010:531.753 - 0.314ms returns FALSE
T28F0 010:640.584 JLINK_IsHalted()
T28F0 010:640.876 - 0.315ms returns FALSE
T28F0 010:640.915 JLINK_IsHalted()
T28F0 010:641.152 - 0.258ms returns FALSE
T28F0 010:749.918 JLINK_IsHalted()
T28F0 010:750.476 - 0.623ms returns FALSE
T28F0 010:750.561 JLINK_IsHalted()
T28F0 010:751.059 - 0.563ms returns FALSE
T28F0 010:858.796 JLINK_IsHalted()
T28F0 010:859.364 - 0.635ms returns FALSE
T28F0 010:859.453 JLINK_IsHalted()
T28F0 010:859.958 - 0.569ms returns FALSE
T28F0 010:968.380 JLINK_IsHalted()
T28F0 010:968.737 - 0.379ms returns FALSE
T28F0 010:968.774 JLINK_IsHalted()
T28F0 010:969.084 - 0.356ms returns FALSE
T28F0 011:077.460 JLINK_IsHalted()
T28F0 011:077.831 - 0.400ms returns FALSE
T28F0 011:077.877 JLINK_IsHalted()
T28F0 011:078.204 - 0.353ms returns FALSE
T1C18 011:173.558 JLINK_IsHalted()
T1C18 011:173.900 - 0.367ms returns FALSE
T1C18 011:173.941 JLINK_IsHalted()
T1C18 011:174.238 - 0.322ms returns FALSE
T28F0 011:187.397 JLINK_IsHalted()
T28F0 011:187.743 - 0.373ms returns FALSE
T28F0 011:187.787 JLINK_IsHalted()
T28F0 011:188.090 - 0.329ms returns FALSE
T28F0 011:296.860 JLINK_IsHalted()
T28F0 011:297.201 - 0.370ms returns FALSE
T28F0 011:297.247 JLINK_IsHalted()
T28F0 011:297.575 - 0.356ms returns FALSE
T28F0 011:405.654 JLINK_IsHalted()
T28F0 011:406.023 - 0.402ms returns FALSE
T28F0 011:406.075 JLINK_IsHalted()
T28F0 011:406.374 - 0.327ms returns FALSE
T28F0 011:515.285 JLINK_IsHalted()
T28F0 011:515.629 - 0.375ms returns FALSE
T28F0 011:515.678 JLINK_IsHalted()
T28F0 011:515.951 - 0.301ms returns FALSE
T28F0 011:624.041 JLINK_IsHalted()
T28F0 011:624.379 - 0.367ms returns FALSE
T28F0 011:624.425 JLINK_IsHalted()
T28F0 011:624.741 - 0.343ms returns FALSE
T28F0 011:733.808 JLINK_IsHalted()
T28F0 011:734.161 - 0.381ms returns FALSE
T28F0 011:734.205 JLINK_IsHalted()
T28F0 011:734.508 - 0.329ms returns FALSE
T28F0 011:843.220 JLINK_IsHalted()
T28F0 011:843.746 - 0.591ms returns FALSE
T28F0 011:843.830 JLINK_IsHalted()
T28F0 011:844.179 - 0.381ms returns FALSE
T28F0 011:952.414 JLINK_IsHalted()
T28F0 011:952.863 - 0.497ms returns FALSE
T28F0 011:952.932 JLINK_IsHalted()
T28F0 011:953.446 - 0.578ms returns FALSE
T28F0 012:062.241 JLINK_IsHalted()
T28F0 012:062.808 - 0.632ms returns FALSE
T28F0 012:062.892 JLINK_IsHalted()
T28F0 012:063.412 - 0.584ms returns FALSE
T28F0 012:171.207 JLINK_IsHalted()
T28F0 012:171.644 - 0.481ms returns FALSE
T28F0 012:171.707 JLINK_IsHalted()
T28F0 012:172.001 - 0.362ms returns FALSE
T1C18 012:175.353 JLINK_IsHalted()
T1C18 012:175.787 - 0.477ms returns FALSE
T1C18 012:175.853 JLINK_IsHalted()
T1C18 012:176.175 - 0.361ms returns FALSE
T28F0 012:280.691 JLINK_IsHalted()
T28F0 012:281.083 - 0.418ms returns FALSE
T28F0 012:281.184 JLINK_IsHalted()
T28F0 012:281.515 - 0.358ms returns FALSE
T28F0 012:390.110 JLINK_IsHalted()
T28F0 012:390.492 - 0.411ms returns FALSE
T28F0 012:390.537 JLINK_IsHalted()
T28F0 012:390.860 - 0.350ms returns FALSE
T28F0 012:499.087 JLINK_IsHalted()
T28F0 012:499.645 - 0.622ms returns FALSE
T28F0 012:499.729 JLINK_IsHalted()
T28F0 012:500.079 - 0.378ms returns FALSE
T28F0 012:608.762 JLINK_IsHalted()
T28F0 012:609.327 - 0.629ms returns FALSE
T28F0 012:609.412 JLINK_IsHalted()
T28F0 012:609.925 - 0.577ms returns FALSE
T28F0 012:717.784 JLINK_IsHalted()
T28F0 012:718.183 - 0.425ms returns FALSE
T28F0 012:718.227 JLINK_IsHalted()
T28F0 012:718.777 - 0.616ms returns FALSE
T28F0 012:827.958 JLINK_IsHalted()
T28F0 012:828.352 - 0.429ms returns FALSE
T28F0 012:828.413 JLINK_IsHalted()
T28F0 012:828.746 - 0.366ms returns FALSE
T28F0 012:936.784 JLINK_IsHalted()
T28F0 012:937.147 - 0.398ms returns FALSE
T28F0 012:937.198 JLINK_IsHalted()
T28F0 012:937.578 - 0.414ms returns FALSE
T28F0 013:046.180 JLINK_IsHalted()
T28F0 013:046.579 - 0.434ms returns FALSE
T28F0 013:046.632 JLINK_IsHalted()
T28F0 013:046.959 - 0.393ms returns FALSE
T28F0 013:155.665 JLINK_IsHalted()
T28F0 013:156.216 - 0.615ms returns FALSE
T28F0 013:156.301 JLINK_IsHalted()
T28F0 013:156.631 - 0.364ms returns FALSE
T1C18 013:176.819 JLINK_IsHalted()
T1C18 013:177.183 - 0.399ms returns FALSE
T1C18 013:177.235 JLINK_IsHalted()
T1C18 013:177.576 - 0.371ms returns FALSE
T28F0 013:265.172 JLINK_IsHalted()
T28F0 013:265.774 - 0.664ms returns FALSE
T28F0 013:265.856 JLINK_IsHalted()
T28F0 013:266.248 - 0.439ms returns FALSE
T28F0 013:374.622 JLINK_IsHalted()
T28F0 013:375.055 - 0.468ms returns FALSE
T28F0 013:375.108 JLINK_IsHalted()
T28F0 013:375.406 - 0.330ms returns FALSE
T28F0 013:483.466 JLINK_IsHalted()
T28F0 013:484.035 - 0.633ms returns FALSE
T28F0 013:484.118 JLINK_IsHalted()
T28F0 013:484.456 - 0.371ms returns FALSE
T28F0 013:593.321 JLINK_IsHalted()
T28F0 013:593.834 - 0.554ms returns FALSE
T28F0 013:593.891 JLINK_IsHalted()
T28F0 013:594.204 - 0.344ms returns FALSE
T28F0 013:702.664 JLINK_IsHalted()
T28F0 013:703.161 - 0.561ms returns FALSE
T28F0 013:703.244 JLINK_IsHalted()
T28F0 013:703.769 - 0.596ms returns FALSE
T28F0 013:812.258 JLINK_IsHalted()
T28F0 013:812.816 - 0.621ms returns FALSE
T28F0 013:812.899 JLINK_IsHalted()
T28F0 013:813.402 - 0.567ms returns FALSE
T28F0 013:921.408 JLINK_IsHalted()
T28F0 013:921.985 - 0.641ms returns FALSE
T28F0 013:922.069 JLINK_IsHalted()
T28F0 013:922.505 - 0.500ms returns FALSE
T28F0 014:030.309 JLINK_IsHalted()
T28F0 014:030.778 - 0.533ms returns FALSE
T28F0 014:030.862 JLINK_IsHalted()
T28F0 014:031.364 - 0.569ms returns FALSE
T28F0 014:140.304 JLINK_IsHalted()
T28F0 014:140.877 - 0.635ms returns FALSE
T28F0 014:140.960 JLINK_IsHalted()
T28F0 014:141.448 - 0.553ms returns FALSE
T1C18 014:177.919 JLINK_IsHalted()
T1C18 014:178.382 - 0.520ms returns FALSE
T1C18 014:178.456 JLINK_IsHalted()
T1C18 014:178.759 - 0.334ms returns FALSE
T28F0 014:249.460 JLINK_IsHalted()
T28F0 014:250.021 - 0.624ms returns FALSE
T28F0 014:250.104 JLINK_IsHalted()
T28F0 014:250.532 - 0.491ms returns FALSE
T28F0 014:358.578 JLINK_IsHalted()
T28F0 014:359.131 - 0.617ms returns FALSE
T28F0 014:359.215 JLINK_IsHalted()
T28F0 014:359.760 - 0.607ms returns FALSE
T28F0 014:468.437 JLINK_IsHalted()
T28F0 014:468.807 - 0.396ms returns FALSE
T28F0 014:468.851 JLINK_IsHalted()
T28F0 014:469.129 - 0.328ms returns FALSE
T28F0 014:577.744 JLINK_IsHalted()
T28F0 014:578.212 - 0.505ms returns FALSE
T28F0 014:578.265 JLINK_IsHalted()
T28F0 014:578.689 - 0.481ms returns FALSE
T28F0 014:687.052 JLINK_IsHalted()
T28F0 014:687.620 - 0.636ms returns FALSE
T28F0 014:687.708 JLINK_IsHalted()
T28F0 014:688.060 - 0.398ms returns FALSE
T28F0 014:796.304 JLINK_IsHalted()
T28F0 014:796.895 - 0.654ms returns FALSE
T28F0 014:796.980 JLINK_IsHalted()
T28F0 014:797.492 - 0.575ms returns FALSE
T28F0 014:905.594 JLINK_IsHalted()
T28F0 014:906.161 - 0.634ms returns FALSE
T28F0 014:906.252 JLINK_IsHalted()
T28F0 014:906.768 - 0.581ms returns FALSE
T28F0 015:015.691 JLINK_IsHalted()
T28F0 015:016.178 - 0.550ms returns FALSE
T28F0 015:016.261 JLINK_IsHalted()
T28F0 015:016.578 - 0.345ms returns FALSE
T28F0 015:124.249 JLINK_IsHalted()
T28F0 015:124.824 - 0.639ms returns FALSE
T28F0 015:124.907 JLINK_IsHalted()
T28F0 015:125.396 - 0.552ms returns FALSE
T1C18 015:179.657 JLINK_IsHalted()
T1C18 015:180.229 - 0.644ms returns FALSE
T1C18 015:180.323 JLINK_IsHalted()
T1C18 015:180.824 - 0.562ms returns FALSE
T28F0 015:233.737 JLINK_IsHalted()
T28F0 015:234.307 - 0.633ms returns FALSE
T28F0 015:234.389 JLINK_IsHalted()
T28F0 015:234.857 - 0.516ms returns FALSE
T28F0 015:343.379 JLINK_IsHalted()
T28F0 015:343.857 - 0.535ms returns FALSE
T28F0 015:343.932 JLINK_IsHalted()
T28F0 015:344.293 - 0.453ms returns FALSE
T28F0 015:452.786 JLINK_IsHalted()
T28F0 015:453.171 - 0.412ms returns FALSE
T28F0 015:453.214 JLINK_IsHalted()
T28F0 015:453.609 - 0.421ms returns FALSE
T28F0 015:561.817 JLINK_IsHalted()
T28F0 015:562.380 - 0.628ms returns FALSE
T28F0 015:562.464 JLINK_IsHalted()
T28F0 015:563.013 - 0.614ms returns FALSE
T28F0 015:671.699 JLINK_IsHalted()
T28F0 015:672.261 - 0.625ms returns FALSE
T28F0 015:672.344 JLINK_IsHalted()
T28F0 015:672.854 - 0.573ms returns FALSE
T28F0 015:780.391 JLINK_IsHalted()
T28F0 015:780.876 - 0.548ms returns FALSE
T28F0 015:780.961 JLINK_IsHalted()
T28F0 015:781.399 - 0.502ms returns FALSE
T28F0 015:890.040 JLINK_IsHalted()
T28F0 015:890.606 - 0.628ms returns FALSE
T28F0 015:890.688 JLINK_IsHalted()
T28F0 015:891.179 - 0.555ms returns FALSE
T28F0 015:999.064 JLINK_IsHalted()
T28F0 015:999.619 - 0.619ms returns FALSE
T28F0 015:999.702 JLINK_IsHalted()
T28F0 016:000.219 - 0.581ms returns FALSE
T28F0 016:108.794 JLINK_IsHalted()
T28F0 016:109.358 - 0.629ms returns FALSE
T28F0 016:109.443 JLINK_IsHalted()
T28F0 016:109.884 - 0.504ms returns FALSE
T1C18 016:181.032 JLINK_IsHalted()
T1C18 016:181.477 - 0.483ms returns FALSE
T1C18 016:181.534 JLINK_IsHalted()
T1C18 016:182.019 - 0.547ms returns FALSE
T28F0 016:218.206 JLINK_IsHalted()
T28F0 016:218.767 - 0.625ms returns FALSE
T28F0 016:218.851 JLINK_IsHalted()
T28F0 016:219.167 - 0.353ms returns FALSE
T28F0 016:327.377 JLINK_IsHalted()
T28F0 016:327.808 - 0.464ms returns FALSE
T28F0 016:327.858 JLINK_IsHalted()
T28F0 016:328.367 - 0.572ms returns FALSE
T28F0 016:437.443 JLINK_IsHalted()
T28F0 016:438.006 - 0.627ms returns FALSE
T28F0 016:438.089 JLINK_IsHalted()
T28F0 016:438.583 - 0.556ms returns FALSE
T28F0 016:546.781 JLINK_IsHalted()
T28F0 016:547.164 - 0.410ms returns FALSE
T28F0 016:547.207 JLINK_IsHalted()
T28F0 016:547.536 - 0.355ms returns FALSE
T28F0 016:655.524 JLINK_IsHalted()
T28F0 016:655.929 - 0.449ms returns FALSE
T28F0 016:655.993 JLINK_IsHalted()
T28F0 016:656.392 - 0.445ms returns FALSE
T28F0 016:765.469 JLINK_IsHalted()
T28F0 016:765.858 - 0.417ms returns FALSE
T28F0 016:765.901 JLINK_IsHalted()
T28F0 016:766.223 - 0.348ms returns FALSE
T28F0 016:874.675 JLINK_IsHalted()
T28F0 016:875.237 - 0.627ms returns FALSE
T28F0 016:875.322 JLINK_IsHalted()
T28F0 016:875.838 - 0.580ms returns FALSE
T28F0 016:983.796 JLINK_IsHalted()
T28F0 016:984.217 - 0.469ms returns FALSE
T28F0 016:984.285 JLINK_IsHalted()
T28F0 016:984.622 - 0.372ms returns FALSE
T28F0 017:093.244 JLINK_IsHalted()
T28F0 017:093.808 - 0.627ms returns FALSE
T28F0 017:093.891 JLINK_IsHalted()
T28F0 017:094.440 - 0.612ms returns FALSE
T1C18 017:181.935 JLINK_IsHalted()
T1C18 017:182.511 - 0.643ms returns FALSE
T1C18 017:182.597 JLINK_IsHalted()
T1C18 017:183.005 - 0.457ms returns FALSE
T28F0 017:202.243 JLINK_IsHalted()
T28F0 017:202.661 - 0.454ms returns FALSE
T28F0 017:202.714 JLINK_IsHalted()
T28F0 017:203.038 - 0.382ms returns FALSE
T28F0 017:312.012 JLINK_IsHalted()
T28F0 017:312.578 - 0.630ms returns FALSE
T28F0 017:312.661 JLINK_IsHalted()
T28F0 017:313.158 - 0.561ms returns FALSE
T28F0 017:421.203 JLINK_IsHalted()
T28F0 017:421.576 - 0.403ms returns FALSE
T28F0 017:421.625 JLINK_IsHalted()
T28F0 017:421.862 - 0.264ms returns FALSE
T28F0 017:530.522 JLINK_IsHalted()
T28F0 017:530.911 - 0.418ms returns FALSE
T28F0 017:530.958 JLINK_IsHalted()
T28F0 017:531.263 - 0.332ms returns FALSE
T28F0 017:640.348 JLINK_IsHalted()
T28F0 017:640.773 - 0.464ms returns FALSE
T28F0 017:640.832 JLINK_IsHalted()
T28F0 017:641.140 - 0.342ms returns FALSE
T28F0 017:749.728 JLINK_IsHalted()
T28F0 017:750.054 - 0.355ms returns FALSE
T28F0 017:750.099 JLINK_IsHalted()
T28F0 017:750.380 - 0.308ms returns FALSE
T28F0 017:858.763 JLINK_IsHalted()
T28F0 017:859.103 - 0.367ms returns FALSE
T28F0 017:859.146 JLINK_IsHalted()
T28F0 017:859.440 - 0.314ms returns FALSE
T28F0 017:968.084 JLINK_IsHalted()
T28F0 017:968.652 - 0.630ms returns FALSE
T28F0 017:968.736 JLINK_IsHalted()
T28F0 017:969.246 - 0.574ms returns FALSE
T28F0 018:078.124 JLINK_IsHalted()
T28F0 018:078.510 - 0.421ms returns FALSE
T28F0 018:078.562 JLINK_IsHalted()
T28F0 018:078.892 - 0.360ms returns FALSE
T1C18 018:182.997 JLINK_IsHalted()
T1C18 018:183.555 - 0.656ms returns FALSE
T1C18 018:183.693 JLINK_IsHalted()
T1C18 018:184.120 - 0.469ms returns FALSE
T28F0 018:186.731 JLINK_IsHalted()
T28F0 018:187.184 - 0.480ms returns FALSE
T28F0 018:187.227 JLINK_IsHalted()
T28F0 018:187.817 - 0.609ms returns FALSE
T28F0 018:296.271 JLINK_IsHalted()
T28F0 018:296.716 - 0.472ms returns FALSE
T28F0 018:296.759 JLINK_IsHalted()
T28F0 018:297.152 - 0.418ms returns FALSE
T28F0 018:406.217 JLINK_IsHalted()
T28F0 018:406.722 - 0.570ms returns FALSE
T28F0 018:406.808 JLINK_IsHalted()
T28F0 018:407.236 - 0.492ms returns FALSE
T28F0 018:514.802 JLINK_IsHalted()
T28F0 018:515.368 - 0.631ms returns FALSE
T28F0 018:515.452 JLINK_IsHalted()
T28F0 018:515.880 - 0.491ms returns FALSE
T28F0 018:624.917 JLINK_IsHalted()
T28F0 018:625.309 - 0.418ms returns FALSE
T28F0 018:625.352 JLINK_IsHalted()
T28F0 018:625.657 - 0.334ms returns FALSE
T28F0 018:734.314 JLINK_IsHalted()
T28F0 018:734.826 - 0.554ms returns FALSE
T28F0 018:734.885 JLINK_IsHalted()
T28F0 018:735.221 - 0.366ms returns FALSE
T28F0 018:843.671 JLINK_IsHalted()
T28F0 018:844.147 - 0.508ms returns FALSE
T28F0 018:844.195 JLINK_IsHalted()
T28F0 018:844.590 - 0.422ms returns FALSE
T28F0 018:952.878 JLINK_IsHalted()
T28F0 018:953.269 - 0.420ms returns FALSE
T28F0 018:953.315 JLINK_IsHalted()
T28F0 018:953.657 - 0.369ms returns FALSE
T28F0 019:061.508 JLINK_IsHalted()
T28F0 019:062.063 - 0.619ms returns FALSE
T28F0 019:062.146 JLINK_IsHalted()
T28F0 019:062.499 - 0.408ms returns FALSE
T28F0 019:171.535 JLINK_IsHalted()
T28F0 019:172.021 - 0.550ms returns FALSE
T28F0 019:172.106 JLINK_IsHalted()
T28F0 019:172.605 - 0.562ms returns FALSE
T1C18 019:184.065 JLINK_IsHalted()
T1C18 019:184.424 - 0.393ms returns FALSE
T1C18 019:184.477 JLINK_IsHalted()
T1C18 019:184.901 - 0.487ms returns FALSE
T28F0 019:281.142 JLINK_IsHalted()
T28F0 019:281.755 - 0.676ms returns FALSE
T28F0 019:281.838 JLINK_IsHalted()
T28F0 019:282.280 - 0.504ms returns FALSE
T28F0 019:389.691 JLINK_IsHalted()
T28F0 019:390.258 - 0.630ms returns FALSE
T28F0 019:390.342 JLINK_IsHalted()
T28F0 019:390.867 - 0.588ms returns FALSE
T28F0 019:499.125 JLINK_IsHalted()
T28F0 019:499.675 - 0.613ms returns FALSE
T28F0 019:499.757 JLINK_IsHalted()
T28F0 019:500.138 - 0.469ms returns FALSE
T28F0 019:608.860 JLINK_IsHalted()
T28F0 019:609.230 - 0.396ms returns FALSE
T28F0 019:609.274 JLINK_IsHalted()
T28F0 019:609.604 - 0.359ms returns FALSE
T28F0 019:718.592 JLINK_IsHalted()
T28F0 019:718.925 - 0.361ms returns FALSE
T28F0 019:718.970 JLINK_IsHalted()
T28F0 019:719.239 - 0.295ms returns FALSE
T28F0 019:827.280 JLINK_IsHalted()
T28F0 019:827.680 - 0.443ms returns FALSE
T28F0 019:827.744 JLINK_IsHalted()
T28F0 019:828.057 - 0.357ms returns FALSE
T28F0 019:937.071 JLINK_IsHalted()
T28F0 019:937.448 - 0.407ms returns FALSE
T28F0 019:937.497 JLINK_IsHalted()
T28F0 019:937.811 - 0.341ms returns FALSE
T28F0 020:046.416 JLINK_IsHalted()
T28F0 020:046.908 - 0.559ms returns FALSE
T28F0 020:046.997 JLINK_IsHalted()
T28F0 020:047.510 - 0.577ms returns FALSE
T28F0 020:155.319 JLINK_IsHalted()
T28F0 020:155.799 - 0.544ms returns FALSE
T28F0 020:155.883 JLINK_IsHalted()
T28F0 020:156.313 - 0.494ms returns FALSE
T1C18 020:184.988 JLINK_IsHalted()
T1C18 020:185.379 - 0.417ms returns FALSE
T1C18 020:185.420 JLINK_IsHalted()
T1C18 020:185.798 - 0.403ms returns FALSE
T28F0 020:265.489 JLINK_IsHalted()
T28F0 020:265.978 - 0.553ms returns FALSE
T28F0 020:266.062 JLINK_IsHalted()
T28F0 020:266.583 - 0.584ms returns FALSE
T28F0 020:374.836 JLINK_IsHalted()
T28F0 020:375.405 - 0.633ms returns FALSE
T28F0 020:375.489 JLINK_IsHalted()
T28F0 020:375.852 - 0.407ms returns FALSE
T28F0 020:483.531 JLINK_IsHalted()
T28F0 020:484.082 - 0.616ms returns FALSE
T28F0 020:484.166 JLINK_IsHalted()
T28F0 020:484.684 - 0.582ms returns FALSE
T28F0 020:593.465 JLINK_IsHalted()
T28F0 020:594.029 - 0.629ms returns FALSE
T28F0 020:594.113 JLINK_IsHalted()
T28F0 020:594.617 - 0.567ms returns FALSE
T28F0 020:702.670 JLINK_IsHalted()
T28F0 020:703.211 - 0.604ms returns FALSE
T28F0 020:703.293 JLINK_IsHalted()
T28F0 020:703.797 - 0.566ms returns FALSE
T28F0 020:811.759 JLINK_IsHalted()
T28F0 020:812.324 - 0.629ms returns FALSE
T28F0 020:812.409 JLINK_IsHalted()
T28F0 020:812.939 - 0.593ms returns FALSE
T28F0 020:921.073 JLINK_IsHalted()
T28F0 020:921.524 - 0.490ms returns FALSE
T28F0 020:921.581 JLINK_IsHalted()
T28F0 020:921.993 - 0.466ms returns FALSE
T28F0 021:030.513 JLINK_IsHalted()
T28F0 021:031.087 - 0.639ms returns FALSE
T28F0 021:031.172 JLINK_IsHalted()
T28F0 021:031.512 - 0.370ms returns FALSE
T28F0 021:139.940 JLINK_IsHalted()
T28F0 021:140.502 - 0.626ms returns FALSE
T28F0 021:140.585 JLINK_IsHalted()
T28F0 021:141.087 - 0.565ms returns FALSE
T1C18 021:186.282 JLINK_IsHalted()
T1C18 021:186.742 - 0.485ms returns FALSE
T1C18 021:186.783 JLINK_IsHalted()
T1C18 021:187.134 - 0.376ms returns FALSE
T28F0 021:249.096 JLINK_IsHalted()
T28F0 021:249.662 - 0.629ms returns FALSE
T28F0 021:249.746 JLINK_IsHalted()
T28F0 021:250.266 - 0.583ms returns FALSE
T28F0 021:358.559 JLINK_IsHalted()
T28F0 021:359.053 - 0.557ms returns FALSE
T28F0 021:359.137 JLINK_IsHalted()
T28F0 021:359.563 - 0.489ms returns FALSE
T28F0 021:468.092 JLINK_IsHalted()
T28F0 021:468.542 - 0.488ms returns FALSE
T28F0 021:468.598 JLINK_IsHalted()
T28F0 021:469.013 - 0.489ms returns FALSE
T28F0 021:577.142 JLINK_IsHalted()
T28F0 021:577.755 - 0.679ms returns FALSE
T28F0 021:577.840 JLINK_IsHalted()
T28F0 021:578.360 - 0.583ms returns FALSE
T28F0 021:687.447 JLINK_IsHalted()
T28F0 021:687.855 - 0.450ms returns FALSE
T28F0 021:687.917 JLINK_IsHalted()
T28F0 021:688.413 - 0.559ms returns FALSE
T28F0 021:796.666 JLINK_IsHalted()
T28F0 021:797.160 - 0.557ms returns FALSE
T28F0 021:797.243 JLINK_IsHalted()
T28F0 021:797.783 - 0.605ms returns FALSE
T28F0 021:905.688 JLINK_IsHalted()
T28F0 021:906.263 - 0.638ms returns FALSE
T28F0 021:906.346 JLINK_IsHalted()
T28F0 021:906.734 - 0.467ms returns FALSE
T28F0 022:015.457 JLINK_IsHalted()
T28F0 022:015.857 - 0.441ms returns FALSE
T28F0 022:015.919 JLINK_IsHalted()
T28F0 022:016.232 - 0.346ms returns FALSE
T28F0 022:124.502 JLINK_IsHalted()
T28F0 022:125.006 - 0.567ms returns FALSE
T28F0 022:125.088 JLINK_IsHalted()
T28F0 022:125.611 - 0.585ms returns FALSE
T1C18 022:187.582 JLINK_IsHalted()
T1C18 022:188.132 - 0.613ms returns FALSE
T1C18 022:188.214 JLINK_IsHalted()
T1C18 022:188.751 - 0.599ms returns FALSE
T28F0 022:234.230 JLINK_IsHalted()
T28F0 022:234.791 - 0.625ms returns FALSE
T28F0 022:234.874 JLINK_IsHalted()
T28F0 022:235.383 - 0.575ms returns FALSE
T28F0 022:342.960 JLINK_IsHalted()
T28F0 022:343.524 - 0.627ms returns FALSE
T28F0 022:343.608 JLINK_IsHalted()
T28F0 022:344.007 - 0.443ms returns FALSE
T28F0 022:452.503 JLINK_IsHalted()
T28F0 022:453.070 - 0.644ms returns FALSE
T28F0 022:453.173 JLINK_IsHalted()
T28F0 022:453.484 - 0.347ms returns FALSE
T28F0 022:562.002 JLINK_IsHalted()
T28F0 022:562.507 - 0.568ms returns FALSE
T28F0 022:562.590 JLINK_IsHalted()
T28F0 022:563.076 - 0.550ms returns FALSE
T28F0 022:671.381 JLINK_IsHalted()
T28F0 022:671.959 - 0.643ms returns FALSE
T28F0 022:672.042 JLINK_IsHalted()
T28F0 022:672.460 - 0.481ms returns FALSE
T28F0 022:781.007 JLINK_IsHalted()
T28F0 022:781.571 - 0.630ms returns FALSE
T28F0 022:781.657 JLINK_IsHalted()
T28F0 022:782.171 - 0.578ms returns FALSE
T28F0 022:889.709 JLINK_IsHalted()
T28F0 022:890.290 - 0.645ms returns FALSE
T28F0 022:890.374 JLINK_IsHalted()
T28F0 022:890.785 - 0.475ms returns FALSE
T28F0 022:999.200 JLINK_IsHalted()
T28F0 022:999.547 - 0.376ms returns FALSE
T28F0 022:999.592 JLINK_IsHalted()
T28F0 022:999.849 - 0.276ms returns FALSE
T28F0 023:108.861 JLINK_IsHalted()
T28F0 023:109.259 - 0.425ms returns FALSE
T28F0 023:109.302 JLINK_IsHalted()
T28F0 023:109.629 - 0.353ms returns FALSE
T1C18 023:188.831 JLINK_IsHalted()
T1C18 023:189.401 - 0.638ms returns FALSE
T1C18 023:189.488 JLINK_IsHalted()
T1C18 023:190.006 - 0.580ms returns FALSE
T28F0 023:218.158 JLINK_IsHalted()
T28F0 023:218.758 - 0.664ms returns FALSE
T28F0 023:218.840 JLINK_IsHalted()
T28F0 023:219.221 - 0.450ms returns FALSE
T28F0 023:327.713 JLINK_IsHalted()
T28F0 023:328.274 - 0.625ms returns FALSE
T28F0 023:328.359 JLINK_IsHalted()
T28F0 023:328.871 - 0.575ms returns FALSE
T28F0 023:436.792 JLINK_IsHalted()
T28F0 023:437.250 - 0.484ms returns FALSE
T28F0 023:437.294 JLINK_IsHalted()
T28F0 023:437.710 - 0.468ms returns FALSE
T28F0 023:546.016 JLINK_IsHalted()
T28F0 023:546.414 - 0.448ms returns FALSE
T28F0 023:546.514 JLINK_IsHalted()
T28F0 023:547.044 - 0.595ms returns FALSE
T28F0 023:655.880 JLINK_IsHalted()
T28F0 023:656.273 - 0.440ms returns FALSE
T28F0 023:656.340 JLINK_IsHalted()
T28F0 023:656.678 - 0.419ms returns FALSE
T28F0 023:765.663 JLINK_IsHalted()
T28F0 023:766.228 - 0.628ms returns FALSE
T28F0 023:766.313 JLINK_IsHalted()
T28F0 023:766.807 - 0.557ms returns FALSE
T28F0 023:874.294 JLINK_IsHalted()
T28F0 023:874.885 - 0.653ms returns FALSE
T28F0 023:874.967 JLINK_IsHalted()
T28F0 023:875.491 - 0.588ms returns FALSE
T28F0 023:983.576 JLINK_IsHalted()
T28F0 023:984.148 - 0.687ms returns FALSE
T28F0 023:984.313 JLINK_IsHalted()
T28F0 023:984.762 - 0.517ms returns FALSE
T28F0 024:093.002 JLINK_IsHalted()
T28F0 024:093.561 - 0.624ms returns FALSE
T28F0 024:093.646 JLINK_IsHalted()
T28F0 024:094.150 - 0.568ms returns FALSE
T1C18 024:190.527 JLINK_IsHalted()
T1C18 024:190.918 - 0.418ms returns FALSE
T1C18 024:190.963 JLINK_IsHalted()
T1C18 024:191.260 - 0.324ms returns FALSE
T28F0 024:202.691 JLINK_IsHalted()
T28F0 024:203.231 - 0.603ms returns FALSE
T28F0 024:203.313 JLINK_IsHalted()
T28F0 024:203.645 - 0.417ms returns FALSE
T28F0 024:311.726 JLINK_IsHalted()
T28F0 024:312.283 - 0.621ms returns FALSE
T28F0 024:312.366 JLINK_IsHalted()
T28F0 024:312.879 - 0.576ms returns FALSE
T28F0 024:421.536 JLINK_IsHalted()
T28F0 024:421.941 - 0.433ms returns FALSE
T28F0 024:421.986 JLINK_IsHalted()
T28F0 024:422.275 - 0.315ms returns FALSE
T28F0 024:531.450 JLINK_IsHalted()
T28F0 024:532.001 - 0.616ms returns FALSE
T28F0 024:532.086 JLINK_IsHalted()
T28F0 024:532.483 - 0.443ms returns FALSE
T28F0 024:639.886 JLINK_IsHalted()
T28F0 024:640.303 - 0.459ms returns FALSE
T28F0 024:640.363 JLINK_IsHalted()
T28F0 024:640.880 - 0.582ms returns FALSE
T28F0 024:749.531 JLINK_IsHalted()
T28F0 024:749.903 - 0.399ms returns FALSE
T28F0 024:749.947 JLINK_IsHalted()
T28F0 024:750.241 - 0.320ms returns FALSE
T28F0 024:858.418 JLINK_IsHalted()
T28F0 024:858.983 - 0.630ms returns FALSE
T28F0 024:859.070 JLINK_IsHalted()
T28F0 024:859.569 - 0.564ms returns FALSE
T28F0 024:967.979 JLINK_IsHalted()
T28F0 024:968.556 - 0.642ms returns FALSE
T28F0 024:968.643 JLINK_IsHalted()
T28F0 024:969.180 - 0.600ms returns FALSE
T28F0 025:078.038 JLINK_IsHalted()
T28F0 025:078.390 - 0.379ms returns FALSE
T28F0 025:078.433 JLINK_IsHalted()
T28F0 025:078.736 - 0.329ms returns FALSE
T28F0 025:187.113 JLINK_IsHalted()
T28F0 025:187.629 - 0.556ms returns FALSE
T28F0 025:187.691 JLINK_IsHalted()
T28F0 025:188.044 - 0.401ms returns FALSE
T1C18 025:191.998 JLINK_IsHalted()
T1C18 025:192.351 - 0.379ms returns FALSE
T1C18 025:192.392 JLINK_IsHalted()
T1C18 025:192.703 - 0.338ms returns FALSE
T28F0 025:296.156 JLINK_IsHalted()
T28F0 025:296.908 - 0.818ms returns FALSE
T28F0 025:296.996 JLINK_IsHalted()
T28F0 025:297.527 - 0.595ms returns FALSE
T28F0 025:405.327 JLINK_IsHalted()
T28F0 025:405.853 - 0.582ms returns FALSE
T28F0 025:405.927 JLINK_IsHalted()
T28F0 025:406.354 - 0.490ms returns FALSE
T28F0 025:514.811 JLINK_IsHalted()
T28F0 025:515.368 - 0.618ms returns FALSE
T28F0 025:515.449 JLINK_IsHalted()
T28F0 025:515.950 - 0.564ms returns FALSE
T28F0 025:624.126 JLINK_IsHalted()
T28F0 025:624.611 - 0.547ms returns FALSE
T28F0 025:624.692 JLINK_IsHalted()
T28F0 025:625.207 - 0.578ms returns FALSE
T28F0 025:734.082 JLINK_IsHalted()
T28F0 025:734.634 - 0.615ms returns FALSE
T28F0 025:734.718 JLINK_IsHalted()
T28F0 025:735.211 - 0.555ms returns FALSE
T28F0 025:843.509 JLINK_IsHalted()
T28F0 025:843.940 - 0.479ms returns FALSE
T28F0 025:844.008 JLINK_IsHalted()
T28F0 025:844.345 - 0.387ms returns FALSE
T28F0 025:952.598 JLINK_IsHalted()
T28F0 025:953.186 - 0.650ms returns FALSE
T28F0 025:953.268 JLINK_IsHalted()
T28F0 025:953.751 - 0.547ms returns FALSE
T28F0 026:062.327 JLINK_IsHalted()
T28F0 026:062.790 - 0.527ms returns FALSE
T28F0 026:062.874 JLINK_IsHalted()
T28F0 026:063.352 - 0.549ms returns FALSE
T28F0 026:171.576 JLINK_IsHalted()
T28F0 026:172.054 - 0.506ms returns FALSE
T28F0 026:172.100 JLINK_IsHalted()
T28F0 026:172.614 - 0.578ms returns FALSE
T1C18 026:193.743 JLINK_IsHalted()
T1C18 026:194.317 - 0.686ms returns FALSE
T1C18 026:194.466 JLINK_IsHalted()
T1C18 026:194.902 - 0.497ms returns FALSE
T28F0 026:280.328 JLINK_IsHalted()
T28F0 026:280.841 - 0.557ms returns FALSE
T28F0 026:280.903 JLINK_IsHalted()
T28F0 026:281.279 - 0.406ms returns FALSE
T28F0 026:389.714 JLINK_IsHalted()
T28F0 026:390.276 - 0.625ms returns FALSE
T28F0 026:390.362 JLINK_IsHalted()
T28F0 026:390.862 - 0.565ms returns FALSE
T28F0 026:499.308 JLINK_IsHalted()
T28F0 026:499.798 - 0.554ms returns FALSE
T28F0 026:499.880 JLINK_IsHalted()
T28F0 026:500.308 - 0.491ms returns FALSE
T28F0 026:608.997 JLINK_IsHalted()
T28F0 026:609.484 - 0.550ms returns FALSE
T28F0 026:609.566 JLINK_IsHalted()
T28F0 026:610.082 - 0.579ms returns FALSE
T28F0 026:718.171 JLINK_IsHalted()
T28F0 026:718.605 - 0.462ms returns FALSE
T28F0 026:718.651 JLINK_IsHalted()
T28F0 026:718.972 - 0.347ms returns FALSE
T28F0 026:827.332 JLINK_IsHalted()
T28F0 026:827.750 - 0.449ms returns FALSE
T28F0 026:827.804 JLINK_IsHalted()
T28F0 026:828.092 - 0.318ms returns FALSE
T28F0 026:937.344 JLINK_IsHalted()
T28F0 026:937.800 - 0.494ms returns FALSE
T28F0 026:937.856 JLINK_IsHalted()
T28F0 026:938.158 - 0.338ms returns FALSE
T28F0 027:046.631 JLINK_IsHalted()
T28F0 027:047.194 - 0.626ms returns FALSE
T28F0 027:047.277 JLINK_IsHalted()
T28F0 027:047.790 - 0.576ms returns FALSE
T28F0 027:155.633 JLINK_IsHalted()
T28F0 027:156.020 - 0.416ms returns FALSE
T28F0 027:156.066 JLINK_IsHalted()
T28F0 027:156.390 - 0.350ms returns FALSE
T1C18 027:195.112 JLINK_IsHalted()
T1C18 027:195.510 - 0.422ms returns FALSE
T1C18 027:195.550 JLINK_IsHalted()
T1C18 027:195.908 - 0.399ms returns FALSE
T28F0 027:264.708 JLINK_IsHalted()
T28F0 027:265.206 - 0.561ms returns FALSE
T28F0 027:265.288 JLINK_IsHalted()
T28F0 027:265.727 - 0.501ms returns FALSE
T28F0 027:374.591 JLINK_IsHalted()
T28F0 027:375.063 - 0.525ms returns FALSE
T28F0 027:375.134 JLINK_IsHalted()
T28F0 027:375.649 - 0.579ms returns FALSE
T28F0 027:483.563 JLINK_IsHalted()
T28F0 027:483.975 - 0.445ms returns FALSE
T28F0 027:484.026 JLINK_IsHalted()
T28F0 027:484.363 - 0.366ms returns FALSE
T28F0 027:593.765 JLINK_IsHalted()
T28F0 027:594.332 - 0.630ms returns FALSE
T28F0 027:594.415 JLINK_IsHalted()
T28F0 027:594.947 - 0.596ms returns FALSE
T28F0 027:702.409 JLINK_IsHalted()
T28F0 027:702.985 - 0.640ms returns FALSE
T28F0 027:703.068 JLINK_IsHalted()
T28F0 027:703.603 - 0.599ms returns FALSE
T28F0 027:811.673 JLINK_IsHalted()
T28F0 027:812.229 - 0.622ms returns FALSE
T28F0 027:812.314 JLINK_IsHalted()
T28F0 027:812.838 - 0.587ms returns FALSE
T28F0 027:921.406 JLINK_IsHalted()
T28F0 027:921.965 - 0.622ms returns FALSE
T28F0 027:922.047 JLINK_IsHalted()
T28F0 027:922.479 - 0.495ms returns FALSE
T28F0 028:030.852 JLINK_IsHalted()
T28F0 028:031.325 - 0.522ms returns FALSE
T28F0 028:031.392 JLINK_IsHalted()
T28F0 028:031.958 - 0.630ms returns FALSE
T28F0 028:140.443 JLINK_IsHalted()
T28F0 028:141.014 - 0.635ms returns FALSE
T28F0 028:141.101 JLINK_IsHalted()
T28F0 028:141.601 - 0.564ms returns FALSE
T1C18 028:196.309 JLINK_IsHalted()
T1C18 028:196.686 - 0.402ms returns FALSE
T1C18 028:196.727 JLINK_IsHalted()
T1C18 028:197.051 - 0.349ms returns FALSE
T28F0 028:249.114 JLINK_IsHalted()
T28F0 028:249.477 - 0.390ms returns FALSE
T28F0 028:249.521 JLINK_IsHalted()
T28F0 028:249.871 - 0.378ms returns FALSE
T28F0 028:359.386 JLINK_IsHalted()
T28F0 028:359.968 - 0.645ms returns FALSE
T28F0 028:360.053 JLINK_IsHalted()
T28F0 028:360.558 - 0.568ms returns FALSE
T28F0 028:468.108 JLINK_IsHalted()
T28F0 028:468.657 - 0.613ms returns FALSE
T28F0 028:468.740 JLINK_IsHalted()
T28F0 028:469.252 - 0.574ms returns FALSE
T28F0 028:578.004 JLINK_IsHalted()
T28F0 028:578.370 - 0.396ms returns FALSE
T28F0 028:578.417 JLINK_IsHalted()
T28F0 028:578.747 - 0.356ms returns FALSE
T28F0 028:687.397 JLINK_IsHalted()
T28F0 028:687.966 - 0.633ms returns FALSE
T28F0 028:688.049 JLINK_IsHalted()
T28F0 028:688.548 - 0.562ms returns FALSE
T28F0 028:796.772 JLINK_IsHalted()
T28F0 028:797.330 - 0.622ms returns FALSE
T28F0 028:797.413 JLINK_IsHalted()
T28F0 028:797.865 - 0.514ms returns FALSE
T28F0 028:905.468 JLINK_IsHalted()
T28F0 028:905.852 - 0.412ms returns FALSE
T28F0 028:905.897 JLINK_IsHalted()
T28F0 028:906.218 - 0.347ms returns FALSE
T28F0 029:015.251 JLINK_IsHalted()
T28F0 029:015.804 - 0.617ms returns FALSE
T28F0 029:015.889 JLINK_IsHalted()
T28F0 029:016.385 - 0.559ms returns FALSE
T28F0 029:124.025 JLINK_IsHalted()
T28F0 029:124.598 - 0.638ms returns FALSE
T28F0 029:124.682 JLINK_IsHalted()
T28F0 029:125.206 - 0.587ms returns FALSE
T1C18 029:198.062 JLINK_IsHalted()
T1C18 029:198.494 - 0.495ms returns FALSE
T1C18 029:198.607 JLINK_IsHalted()
T1C18 029:199.060 - 0.497ms returns FALSE
T28F0 029:233.968 JLINK_IsHalted()
T28F0 029:234.538 - 0.634ms returns FALSE
T28F0 029:234.622 JLINK_IsHalted()
T28F0 029:234.970 - 0.383ms returns FALSE
T28F0 029:343.244 JLINK_IsHalted()
T28F0 029:343.801 - 0.622ms returns FALSE
T28F0 029:343.886 JLINK_IsHalted()
T28F0 029:344.233 - 0.378ms returns FALSE
T28F0 029:453.048 JLINK_IsHalted()
T28F0 029:453.614 - 0.628ms returns FALSE
T28F0 029:453.696 JLINK_IsHalted()
T28F0 029:454.058 - 0.394ms returns FALSE
T28F0 029:561.644 JLINK_IsHalted()
T28F0 029:562.060 - 0.452ms returns FALSE
T28F0 029:562.113 JLINK_IsHalted()
T28F0 029:562.476 - 0.395ms returns FALSE
T28F0 029:671.481 JLINK_IsHalted()
T28F0 029:672.038 - 0.621ms returns FALSE
T28F0 029:672.121 JLINK_IsHalted()
T28F0 029:672.608 - 0.552ms returns FALSE
T28F0 029:780.643 JLINK_IsHalted()
T28F0 029:781.141 - 0.562ms returns FALSE
T28F0 029:781.223 JLINK_IsHalted()
T28F0 029:781.904 - 0.745ms returns FALSE
T28F0 029:890.443 JLINK_IsHalted()
T28F0 029:996.175 - 105.769ms returns FALSE
T28F0 029:996.234 JLINK_IsHalted()
T28F0 029:996.785 - 0.628ms returns FALSE
T28F0 030:093.264 JLINK_IsHalted()
T28F0 030:093.825 - 0.624ms returns FALSE
T28F0 030:093.908 JLINK_IsHalted()
T28F0 030:094.257 - 0.429ms returns FALSE
T1C18 030:199.433 JLINK_IsHalted()
T1C18 030:199.832 - 0.429ms returns FALSE
T1C18 030:199.880 JLINK_IsHalted()
T1C18 030:200.376 - 0.557ms returns FALSE
T28F0 030:203.034 JLINK_IsHalted()
T28F0 030:203.364 - 0.350ms returns FALSE
T28F0 030:203.399 JLINK_IsHalted()
T28F0 030:203.674 - 0.294ms returns FALSE
T28F0 030:311.737 JLINK_IsHalted()
T28F0 030:312.326 - 0.652ms returns FALSE
T28F0 030:312.408 JLINK_IsHalted()
T28F0 030:312.811 - 0.445ms returns FALSE
T28F0 030:421.838 JLINK_IsHalted()
T28F0 030:422.321 - 0.544ms returns FALSE
T28F0 030:422.402 JLINK_IsHalted()
T28F0 030:422.979 - 0.640ms returns FALSE
T28F0 030:531.070 JLINK_IsHalted()
T28F0 030:531.559 - 0.554ms returns FALSE
T28F0 030:531.644 JLINK_IsHalted()
T28F0 030:532.161 - 0.581ms returns FALSE
T28F0 030:640.433 JLINK_IsHalted()
T28F0 030:640.929 - 0.561ms returns FALSE
T28F0 030:641.015 JLINK_IsHalted()
T28F0 030:641.357 - 0.377ms returns FALSE
T28F0 030:749.450 JLINK_IsHalted()
T28F0 030:750.011 - 0.625ms returns FALSE
T28F0 030:750.095 JLINK_IsHalted()
T28F0 030:750.551 - 0.520ms returns FALSE
T28F0 030:858.784 JLINK_IsHalted()
T28F0 030:859.350 - 0.629ms returns FALSE
T28F0 030:859.433 JLINK_IsHalted()
T28F0 030:859.961 - 0.593ms returns FALSE
T28F0 030:968.240 JLINK_IsHalted()
T28F0 030:968.633 - 0.421ms returns FALSE
T28F0 030:968.680 JLINK_IsHalted()
T28F0 030:969.000 - 0.347ms returns FALSE
T28F0 031:077.624 JLINK_IsHalted()
T28F0 031:078.104 - 0.537ms returns FALSE
T28F0 031:078.181 JLINK_IsHalted()
T28F0 031:078.535 - 0.383ms returns FALSE
T28F0 031:186.758 JLINK_IsHalted()
T28F0 031:187.321 - 0.626ms returns FALSE
T28F0 031:187.403 JLINK_IsHalted()
T28F0 031:187.929 - 0.588ms returns FALSE
T1C18 031:200.517 JLINK_IsHalted()
T1C18 031:201.063 - 0.706ms returns FALSE
T1C18 031:201.304 JLINK_IsHalted()
T1C18 031:201.703 - 0.434ms returns FALSE
T28F0 031:296.178 JLINK_IsHalted()
T28F0 031:459.016 - 162.871ms returns FALSE
T28F0 031:459.070 JLINK_IsHalted()
T28F0 031:459.454 - 0.416ms returns FALSE
T28F0 031:561.592 JLINK_IsHalted()
T28F0 031:562.069 - 0.538ms returns FALSE
T28F0 031:562.149 JLINK_IsHalted()
T28F0 031:562.485 - 0.367ms returns FALSE
T28F0 031:671.291 JLINK_IsHalted()
T28F0 031:671.875 - 0.648ms returns FALSE
T28F0 031:671.958 JLINK_IsHalted()
T28F0 031:672.486 - 0.591ms returns FALSE
T28F0 031:780.784 JLINK_IsHalted()
T28F0 031:781.342 - 0.620ms returns FALSE
T28F0 031:781.424 JLINK_IsHalted()
T28F0 031:781.944 - 0.582ms returns FALSE
T28F0 031:890.093 JLINK_IsHalted()
T28F0 031:890.678 - 0.649ms returns FALSE
T28F0 031:890.762 JLINK_IsHalted()
T28F0 031:891.286 - 0.587ms returns FALSE
T28F0 031:999.284 JLINK_IsHalted()
T28F0 031:999.760 - 0.505ms returns FALSE
T28F0 031:999.806 JLINK_IsHalted()
T28F0 032:000.108 - 0.326ms returns FALSE
T28F0 032:109.292 JLINK_IsHalted()
T28F0 032:109.854 - 0.626ms returns FALSE
T28F0 032:109.938 JLINK_IsHalted()
T28F0 032:110.435 - 0.561ms returns FALSE
T1C18 032:202.752 JLINK_IsHalted()
T1C18 032:203.198 - 0.489ms returns FALSE
T1C18 032:203.259 JLINK_IsHalted()
T1C18 032:203.584 - 0.352ms returns FALSE
T28F0 032:218.640 JLINK_IsHalted()
T28F0 032:219.162 - 0.587ms returns FALSE
T28F0 032:219.248 JLINK_IsHalted()
T28F0 032:219.771 - 0.586ms returns FALSE
T28F0 032:327.674 JLINK_IsHalted()
T28F0 032:328.254 - 0.642ms returns FALSE
T28F0 032:328.336 JLINK_IsHalted()
T28F0 032:328.845 - 0.571ms returns FALSE
T28F0 032:436.728 JLINK_IsHalted()
T28F0 032:437.128 - 0.431ms returns FALSE
T28F0 032:437.177 JLINK_IsHalted()
T28F0 032:437.475 - 0.328ms returns FALSE
T28F0 032:546.373 JLINK_IsHalted()
T28F0 032:546.779 - 0.440ms returns FALSE
T28F0 032:546.830 JLINK_IsHalted()
T28F0 032:547.167 - 0.383ms returns FALSE
T28F0 032:655.499 JLINK_IsHalted()
T28F0 032:655.945 - 0.480ms returns FALSE
T28F0 032:655.999 JLINK_IsHalted()
T28F0 032:656.385 - 0.412ms returns FALSE
T28F0 032:765.099 JLINK_IsHalted()
T28F0 032:765.472 - 0.402ms returns FALSE
T28F0 032:765.518 JLINK_IsHalted()
T28F0 032:765.850 - 0.358ms returns FALSE
T28F0 032:874.368 JLINK_IsHalted()
T28F0 032:874.930 - 0.625ms returns FALSE
T28F0 032:875.012 JLINK_IsHalted()
T28F0 032:875.364 - 0.391ms returns FALSE
T28F0 032:984.123 JLINK_IsHalted()
T28F0 032:984.560 - 0.468ms returns FALSE
T28F0 032:984.607 JLINK_IsHalted()
T28F0 032:985.116 - 0.575ms returns FALSE
T28F0 033:092.781 JLINK_IsHalted()
T28F0 033:093.347 - 0.630ms returns FALSE
T28F0 033:093.431 JLINK_IsHalted()
T28F0 033:093.822 - 0.427ms returns FALSE
T28F0 033:202.751 JLINK_IsHalted()
T28F0 033:203.116 - 0.395ms returns FALSE
T28F0 033:203.165 JLINK_IsHalted()
T28F0 033:203.456 - 0.319ms returns FALSE
T1C18 033:203.875 JLINK_IsHalted()
T1C18 033:204.187 - 0.338ms returns FALSE
T1C18 033:204.228 JLINK_IsHalted()
T1C18 033:204.571 - 0.368ms returns FALSE
T28F0 033:312.048 JLINK_IsHalted()
T28F0 033:312.535 - 0.552ms returns FALSE
T28F0 033:312.621 JLINK_IsHalted()
T28F0 033:312.995 - 0.406ms returns FALSE
T28F0 033:421.573 JLINK_IsHalted()
T28F0 033:422.069 - 0.559ms returns FALSE
T28F0 033:422.153 JLINK_IsHalted()
T28F0 033:422.656 - 0.566ms returns FALSE
T28F0 033:530.548 JLINK_IsHalted()
T28F0 033:531.105 - 0.620ms returns FALSE
T28F0 033:531.190 JLINK_IsHalted()
T28F0 033:531.702 - 0.576ms returns FALSE
T28F0 033:640.611 JLINK_IsHalted()
T28F0 033:641.174 - 0.626ms returns FALSE
T28F0 033:641.256 JLINK_IsHalted()
T28F0 033:641.751 - 0.557ms returns FALSE
T28F0 033:749.285 JLINK_IsHalted()
T28F0 033:749.704 - 0.450ms returns FALSE
T28F0 033:749.752 JLINK_IsHalted()
T28F0 033:750.082 - 0.358ms returns FALSE
T28F0 033:859.312 JLINK_IsHalted()
T28F0 033:859.811 - 0.560ms returns FALSE
T28F0 033:859.890 JLINK_IsHalted()
T28F0 033:860.230 - 0.370ms returns FALSE
T28F0 033:968.804 JLINK_IsHalted()
T28F0 033:969.208 - 0.434ms returns FALSE
T28F0 033:969.257 JLINK_IsHalted()
T28F0 033:969.604 - 0.376ms returns FALSE
T28F0 034:077.787 JLINK_IsHalted()
T28F0 034:078.087 - 0.328ms returns FALSE
T28F0 034:078.131 JLINK_IsHalted()
T28F0 034:078.374 - 0.262ms returns FALSE
T28F0 034:187.092 JLINK_IsHalted()
T28F0 034:187.567 - 0.534ms returns FALSE
T28F0 034:187.646 JLINK_IsHalted()
T28F0 034:188.077 - 0.495ms returns FALSE
T1C18 034:205.748 JLINK_IsHalted()
T1C18 034:206.320 - 0.635ms returns FALSE
T1C18 034:206.402 JLINK_IsHalted()
T1C18 034:206.954 - 0.614ms returns FALSE
T28F0 034:296.979 JLINK_IsHalted()
T28F0 034:297.556 - 0.638ms returns FALSE
T28F0 034:297.637 JLINK_IsHalted()
T28F0 034:298.157 - 0.583ms returns FALSE
T28F0 034:405.455 JLINK_IsHalted()
T28F0 034:406.016 - 0.632ms returns FALSE
T28F0 034:406.109 JLINK_IsHalted()
T28F0 034:406.615 - 0.569ms returns FALSE
T28F0 034:514.899 JLINK_IsHalted()
T28F0 034:515.468 - 0.633ms returns FALSE
T28F0 034:515.552 JLINK_IsHalted()
T28F0 034:515.976 - 0.488ms returns FALSE
T28F0 034:624.619 JLINK_IsHalted()
T28F0 034:625.195 - 0.639ms returns FALSE
T28F0 034:625.279 JLINK_IsHalted()
T28F0 034:625.776 - 0.561ms returns FALSE
T28F0 034:734.149 JLINK_IsHalted()
T28F0 034:734.916 - 0.915ms returns FALSE
T28F0 034:735.085 JLINK_IsHalted()
T28F0 034:735.591 - 0.569ms returns FALSE
T28F0 034:843.696 JLINK_IsHalted()
T28F0 034:844.275 - 0.646ms returns FALSE
T28F0 034:844.364 JLINK_IsHalted()
T28F0 034:844.872 - 0.574ms returns FALSE
T28F0 034:952.294 JLINK_IsHalted()
T28F0 034:952.761 - 0.495ms returns FALSE
T28F0 034:952.805 JLINK_IsHalted()
T28F0 034:953.216 - 0.464ms returns FALSE
T28F0 035:062.490 JLINK_IsHalted()
T28F0 035:062.908 - 0.455ms returns FALSE
T28F0 035:062.968 JLINK_IsHalted()
T28F0 035:063.228 - 0.289ms returns FALSE
T28F0 035:171.614 JLINK_IsHalted()
T28F0 035:171.951 - 0.355ms returns FALSE
T28F0 035:171.986 JLINK_IsHalted()
T28F0 035:172.282 - 0.313ms returns FALSE
T1C18 035:207.032 JLINK_IsHalted()
T1C18 035:207.565 - 0.596ms returns FALSE
T1C18 035:207.649 JLINK_IsHalted()
T1C18 035:208.101 - 0.515ms returns FALSE
T28F0 035:281.011 JLINK_IsHalted()
T28F0 035:281.408 - 0.482ms returns FALSE
T28F0 035:281.511 JLINK_IsHalted()
T28F0 035:281.839 - 0.354ms returns FALSE
T28F0 035:390.358 JLINK_IsHalted()
T28F0 035:390.939 - 0.646ms returns FALSE
T28F0 035:391.026 JLINK_IsHalted()
T28F0 035:391.554 - 0.590ms returns FALSE
T28F0 035:499.071 JLINK_IsHalted()
T28F0 035:499.648 - 0.641ms returns FALSE
T28F0 035:499.733 JLINK_IsHalted()
T28F0 035:500.169 - 0.502ms returns FALSE
T28F0 035:608.768 JLINK_IsHalted()
T28F0 035:609.184 - 0.445ms returns FALSE
T28F0 035:609.230 JLINK_IsHalted()
T28F0 035:609.595 - 0.394ms returns FALSE
T28F0 035:717.872 JLINK_IsHalted()
T28F0 035:718.437 - 0.629ms returns FALSE
T28F0 035:718.520 JLINK_IsHalted()
T28F0 035:718.884 - 0.395ms returns FALSE
T28F0 035:827.224 JLINK_IsHalted()
T28F0 035:827.792 - 0.632ms returns FALSE
T28F0 035:827.876 JLINK_IsHalted()
T28F0 035:828.299 - 0.453ms returns FALSE
T28F0 035:937.285 JLINK_IsHalted()
T28F0 035:937.845 - 0.625ms returns FALSE
T28F0 035:937.930 JLINK_IsHalted()
T28F0 035:938.427 - 0.560ms returns FALSE
T28F0 036:046.659 JLINK_IsHalted()
T28F0 036:047.214 - 0.618ms returns FALSE
T28F0 036:047.298 JLINK_IsHalted()
T28F0 036:047.802 - 0.567ms returns FALSE
T28F0 036:156.323 JLINK_IsHalted()
T28F0 036:156.780 - 0.497ms returns FALSE
T28F0 036:156.838 JLINK_IsHalted()
T28F0 036:157.256 - 0.478ms returns FALSE
T1C18 036:208.515 JLINK_IsHalted()
T1C18 036:209.087 - 0.639ms returns FALSE
T1C18 036:209.177 JLINK_IsHalted()
T1C18 036:209.676 - 0.562ms returns FALSE
T28F0 036:265.630 JLINK_IsHalted()
T28F0 036:266.084 - 0.484ms returns FALSE
T28F0 036:266.131 JLINK_IsHalted()
T28F0 036:266.533 - 0.451ms returns FALSE
T28F0 036:374.781 JLINK_IsHalted()
T28F0 036:375.341 - 0.623ms returns FALSE
T28F0 036:375.424 JLINK_IsHalted()
T28F0 036:375.931 - 0.571ms returns FALSE
T28F0 036:483.621 JLINK_IsHalted()
T28F0 036:484.185 - 0.628ms returns FALSE
T28F0 036:484.268 JLINK_IsHalted()
T28F0 036:484.780 - 0.576ms returns FALSE
T28F0 036:593.390 JLINK_IsHalted()
T28F0 036:593.929 - 0.603ms returns FALSE
T28F0 036:594.012 JLINK_IsHalted()
T28F0 036:594.371 - 0.391ms returns FALSE
T28F0 036:702.729 JLINK_IsHalted()
T28F0 036:703.275 - 0.608ms returns FALSE
T28F0 036:703.357 JLINK_IsHalted()
T28F0 036:703.704 - 0.374ms returns FALSE
T28F0 036:812.501 JLINK_IsHalted()
T28F0 036:813.058 - 0.622ms returns FALSE
T28F0 036:813.142 JLINK_IsHalted()
T28F0 036:813.628 - 0.548ms returns FALSE
T28F0 036:921.360 JLINK_IsHalted()
T28F0 036:921.868 - 0.571ms returns FALSE
T28F0 036:921.950 JLINK_IsHalted()
T28F0 036:922.469 - 0.582ms returns FALSE
T28F0 037:030.280 JLINK_IsHalted()
T28F0 037:030.836 - 0.621ms returns FALSE
T28F0 037:030.923 JLINK_IsHalted()
T28F0 037:031.432 - 0.573ms returns FALSE
T28F0 037:140.186 JLINK_IsHalted()
T28F0 037:140.603 - 0.458ms returns FALSE
T28F0 037:140.647 JLINK_IsHalted()
T28F0 037:140.925 - 0.305ms returns FALSE
T1C18 037:209.653 JLINK_IsHalted()
T1C18 037:210.018 - 0.390ms returns FALSE
T1C18 037:210.059 JLINK_IsHalted()
T1C18 037:210.409 - 0.374ms returns FALSE
T28F0 037:249.766 JLINK_IsHalted()
T28F0 037:250.325 - 0.624ms returns FALSE
T28F0 037:250.409 JLINK_IsHalted()
T28F0 037:250.799 - 0.419ms returns FALSE
T28F0 037:359.318 JLINK_IsHalted()
T28F0 037:359.845 - 0.578ms returns FALSE
T28F0 037:359.917 JLINK_IsHalted()
T28F0 037:360.290 - 0.406ms returns FALSE
T28F0 037:468.564 JLINK_IsHalted()
T28F0 037:469.151 - 0.651ms returns FALSE
T28F0 037:469.236 JLINK_IsHalted()
T28F0 037:469.639 - 0.447ms returns FALSE
T28F0 037:578.075 JLINK_IsHalted()
T28F0 037:578.633 - 0.622ms returns FALSE
T28F0 037:578.717 JLINK_IsHalted()
T28F0 037:579.234 - 0.580ms returns FALSE
T28F0 037:686.853 JLINK_IsHalted()
T28F0 037:687.411 - 0.621ms returns FALSE
T28F0 037:687.494 JLINK_IsHalted()
T28F0 037:688.014 - 0.582ms returns FALSE
T28F0 037:796.070 JLINK_IsHalted()
T28F0 037:796.645 - 0.638ms returns FALSE
T28F0 037:796.728 JLINK_IsHalted()
T28F0 037:797.072 - 0.374ms returns FALSE
T28F0 037:906.014 JLINK_IsHalted()
T28F0 037:906.471 - 0.501ms returns FALSE
T28F0 037:906.535 JLINK_IsHalted()
T28F0 037:906.866 - 0.362ms returns FALSE
T28F0 038:015.022 JLINK_IsHalted()
T28F0 038:015.593 - 0.635ms returns FALSE
T28F0 038:015.678 JLINK_IsHalted()
T28F0 038:016.020 - 0.372ms returns FALSE
T28F0 038:124.260 JLINK_IsHalted()
T28F0 038:213.942 - 89.747ms returns FALSE
T28F0 038:214.029 JLINK_IsHalted()
T28F0 038:214.446 - 0.459ms returns FALSE
T1C18 038:214.811 JLINK_IsHalted()
T1C18 038:215.158 - 0.414ms returns FALSE
T1C18 038:215.242 JLINK_IsHalted()
T1C18 038:215.705 - 0.522ms returns FALSE
T28F0 038:311.839 JLINK_IsHalted()
T28F0 038:312.406 - 0.631ms returns FALSE
T28F0 038:312.490 JLINK_IsHalted()
T28F0 038:313.008 - 0.583ms returns FALSE
T28F0 038:421.530 JLINK_IsHalted()
T28F0 038:422.090 - 0.624ms returns FALSE
T28F0 038:422.173 JLINK_IsHalted()
T28F0 038:422.580 - 0.462ms returns FALSE
T28F0 038:531.227 JLINK_IsHalted()
T28F0 038:531.798 - 0.634ms returns FALSE
T28F0 038:531.880 JLINK_IsHalted()
T28F0 038:532.247 - 0.403ms returns FALSE
T28F0 038:639.760 JLINK_IsHalted()
T28F0 038:640.126 - 0.393ms returns FALSE
T28F0 038:640.169 JLINK_IsHalted()
T28F0 038:640.512 - 0.369ms returns FALSE
T28F0 038:749.133 JLINK_IsHalted()
T28F0 038:749.684 - 0.615ms returns FALSE
T28F0 038:749.767 JLINK_IsHalted()
T28F0 038:750.294 - 0.589ms returns FALSE
T28F0 038:859.214 JLINK_IsHalted()
T28F0 038:859.803 - 0.653ms returns FALSE
T28F0 038:859.887 JLINK_IsHalted()
T28F0 038:860.403 - 0.580ms returns FALSE
T28F0 038:968.359 JLINK_IsHalted()
T28F0 038:968.841 - 0.538ms returns FALSE
T28F0 038:968.916 JLINK_IsHalted()
T28F0 038:969.285 - 0.400ms returns FALSE
T28F0 039:077.498 JLINK_IsHalted()
T28F0 039:078.066 - 0.632ms returns FALSE
T28F0 039:078.149 JLINK_IsHalted()
T28F0 039:078.658 - 0.572ms returns FALSE
T28F0 039:187.268 JLINK_IsHalted()
T28F0 039:187.828 - 0.624ms returns FALSE
T28F0 039:187.911 JLINK_IsHalted()
T28F0 039:188.415 - 0.566ms returns FALSE
T1C18 039:216.131 JLINK_IsHalted()
T1C18 039:216.517 - 0.412ms returns FALSE
T1C18 039:216.559 JLINK_IsHalted()
T1C18 039:216.883 - 0.349ms returns FALSE
T28F0 039:295.996 JLINK_IsHalted()
T28F0 039:296.490 - 0.558ms returns FALSE
T28F0 039:296.574 JLINK_IsHalted()
T28F0 039:297.100 - 0.589ms returns FALSE
T28F0 039:405.560 JLINK_IsHalted()
T28F0 039:406.124 - 0.627ms returns FALSE
T28F0 039:406.206 JLINK_IsHalted()
T28F0 039:406.752 - 0.609ms returns FALSE
T28F0 039:514.690 JLINK_IsHalted()
T28F0 039:551.131 - 36.483ms returns FALSE
T28F0 039:551.194 JLINK_IsHalted()
T28F0 039:551.757 - 0.628ms returns FALSE
T28F0 039:655.994 JLINK_IsHalted()
T28F0 039:656.308 - 0.335ms returns FALSE
T28F0 039:656.344 JLINK_IsHalted()
T28F0 039:656.616 - 0.290ms returns FALSE
T28F0 039:764.716 JLINK_IsHalted()
T28F0 039:765.208 - 0.556ms returns FALSE
T28F0 039:765.293 JLINK_IsHalted()
T28F0 039:765.815 - 0.586ms returns FALSE
T28F0 039:874.245 JLINK_IsHalted()
T28F0 039:874.746 - 0.564ms returns FALSE
T28F0 039:874.829 JLINK_IsHalted()
T28F0 039:875.351 - 0.586ms returns FALSE
T28F0 039:983.531 JLINK_IsHalted()
T28F0 039:983.983 - 0.481ms returns FALSE
T28F0 039:984.029 JLINK_IsHalted()
T28F0 039:984.513 - 0.552ms returns FALSE
T28F0 040:093.425 JLINK_IsHalted()
T28F0 040:093.984 - 0.622ms returns FALSE
T28F0 040:094.066 JLINK_IsHalted()
T28F0 040:094.417 - 0.384ms returns FALSE
T28F0 040:202.368 JLINK_IsHalted()
T28F0 040:202.938 - 0.633ms returns FALSE
T28F0 040:203.020 JLINK_IsHalted()
T28F0 040:203.519 - 0.561ms returns FALSE
T1C18 040:217.283 JLINK_IsHalted()
T1C18 040:217.677 - 0.419ms returns FALSE
T1C18 040:217.717 JLINK_IsHalted()
T1C18 040:218.039 - 0.349ms returns FALSE
T28F0 040:312.047 JLINK_IsHalted()
T28F0 040:312.618 - 0.635ms returns FALSE
T28F0 040:312.701 JLINK_IsHalted()
T28F0 040:313.216 - 0.578ms returns FALSE
T28F0 040:421.554 JLINK_IsHalted()
T28F0 040:422.108 - 0.618ms returns FALSE
T28F0 040:422.191 JLINK_IsHalted()
T28F0 040:422.496 - 0.347ms returns FALSE
T28F0 040:530.875 JLINK_IsHalted()
T28F0 040:531.430 - 0.618ms returns FALSE
T28F0 040:531.512 JLINK_IsHalted()
T28F0 040:532.034 - 0.585ms returns FALSE
T28F0 040:640.238 JLINK_IsHalted()
T28F0 040:640.805 - 0.630ms returns FALSE
T28F0 040:640.887 JLINK_IsHalted()
T28F0 040:641.408 - 0.583ms returns FALSE
T28F0 040:749.925 JLINK_IsHalted()
T28F0 040:750.325 - 0.428ms returns FALSE
T28F0 040:750.371 JLINK_IsHalted()
T28F0 040:750.702 - 0.357ms returns FALSE
T28F0 040:859.219 JLINK_IsHalted()
T28F0 040:859.775 - 0.620ms returns FALSE
T28F0 040:859.858 JLINK_IsHalted()
T28F0 040:860.387 - 0.592ms returns FALSE
T28F0 040:968.242 JLINK_IsHalted()
T28F0 040:968.805 - 0.630ms returns FALSE
T28F0 040:968.894 JLINK_IsHalted()
T28F0 040:969.387 - 0.557ms returns FALSE
T28F0 041:078.012 JLINK_IsHalted()
T28F0 041:078.571 - 0.622ms returns FALSE
T28F0 041:078.656 JLINK_IsHalted()
T28F0 041:079.158 - 0.565ms returns FALSE
T28F0 041:187.569 JLINK_IsHalted()
T28F0 041:187.952 - 0.419ms returns FALSE
T28F0 041:188.006 JLINK_IsHalted()
T28F0 041:188.342 - 0.366ms returns FALSE
T1C18 041:218.354 JLINK_IsHalted()
T1C18 041:218.854 - 0.560ms returns FALSE
T1C18 041:218.933 JLINK_IsHalted()
T1C18 041:219.272 - 0.369ms returns FALSE
T28F0 041:296.069 JLINK_IsHalted()
T28F0 041:296.465 - 0.423ms returns FALSE
T28F0 041:296.508 JLINK_IsHalted()
T28F0 041:296.835 - 0.354ms returns FALSE
T28F0 041:406.245 JLINK_IsHalted()
T28F0 041:406.806 - 0.625ms returns FALSE
T28F0 041:406.889 JLINK_IsHalted()
T28F0 041:407.404 - 0.579ms returns FALSE
T28F0 041:514.766 JLINK_IsHalted()
T28F0 041:515.321 - 0.618ms returns FALSE
T28F0 041:515.403 JLINK_IsHalted()
T28F0 041:515.934 - 0.593ms returns FALSE
T28F0 041:624.098 JLINK_IsHalted()
T28F0 041:624.667 - 0.632ms returns FALSE
T28F0 041:624.750 JLINK_IsHalted()
T28F0 041:625.178 - 0.476ms returns FALSE
T28F0 041:733.914 JLINK_IsHalted()
T28F0 041:734.475 - 0.624ms returns FALSE
T28F0 041:734.557 JLINK_IsHalted()
T28F0 041:735.088 - 0.594ms returns FALSE
T28F0 041:843.271 JLINK_IsHalted()
T28F0 041:843.828 - 0.621ms returns FALSE
T28F0 041:843.933 JLINK_IsHalted()
T28F0 041:844.445 - 0.575ms returns FALSE
T28F0 041:952.875 JLINK_IsHalted()
T28F0 041:953.438 - 0.627ms returns FALSE
T28F0 041:953.524 JLINK_IsHalted()
T28F0 041:954.025 - 0.566ms returns FALSE
T28F0 042:061.983 JLINK_IsHalted()
T28F0 042:062.568 - 0.648ms returns FALSE
T28F0 042:062.650 JLINK_IsHalted()
T28F0 042:063.169 - 0.582ms returns FALSE
T28F0 042:171.567 JLINK_IsHalted()
T28F0 042:172.128 - 0.626ms returns FALSE
T28F0 042:172.212 JLINK_IsHalted()
T28F0 042:172.747 - 0.598ms returns FALSE
T1C18 042:220.070 JLINK_IsHalted()
T1C18 042:220.518 - 0.475ms returns FALSE
T1C18 042:220.561 JLINK_IsHalted()
T1C18 042:220.884 - 0.348ms returns FALSE
T28F0 042:280.471 JLINK_IsHalted()
T28F0 042:280.877 - 0.438ms returns FALSE
T28F0 042:280.926 JLINK_IsHalted()
T28F0 042:281.221 - 0.321ms returns FALSE
T28F0 042:390.907 JLINK_IsHalted()
T28F0 042:391.280 - 0.404ms returns FALSE
T28F0 042:391.327 JLINK_IsHalted()
T28F0 042:391.823 - 0.559ms returns FALSE
T28F0 042:499.134 JLINK_IsHalted()
T28F0 042:499.914 - 0.848ms returns FALSE
T28F0 042:500.002 JLINK_IsHalted()
T28F0 042:500.502 - 0.564ms returns FALSE
T28F0 042:608.603 JLINK_IsHalted()
T28F0 042:609.177 - 0.636ms returns FALSE
T28F0 042:609.260 JLINK_IsHalted()
T28F0 042:609.786 - 0.589ms returns FALSE
T28F0 042:717.907 JLINK_IsHalted()
T28F0 042:718.367 - 0.489ms returns FALSE
T28F0 042:718.411 JLINK_IsHalted()
T28F0 042:718.825 - 0.454ms returns FALSE
T28F0 042:827.729 JLINK_IsHalted()
T28F0 042:828.289 - 0.623ms returns FALSE
T28F0 042:828.372 JLINK_IsHalted()
T28F0 042:828.780 - 0.462ms returns FALSE
T28F0 042:937.445 JLINK_IsHalted()
T28F0 042:938.026 - 0.644ms returns FALSE
T28F0 042:938.110 JLINK_IsHalted()
T28F0 042:938.633 - 0.586ms returns FALSE
T28F0 043:046.373 JLINK_IsHalted()
T28F0 043:046.965 - 0.655ms returns FALSE
T28F0 043:047.050 JLINK_IsHalted()
T28F0 043:047.573 - 0.585ms returns FALSE
T28F0 043:155.803 JLINK_IsHalted()
T28F0 043:156.176 - 0.409ms returns FALSE
T28F0 043:156.231 JLINK_IsHalted()
T28F0 043:156.577 - 0.380ms returns FALSE
T1C18 043:221.113 JLINK_IsHalted()
T1C18 043:221.663 - 0.618ms returns FALSE
T1C18 043:221.752 JLINK_IsHalted()
T1C18 043:222.265 - 0.577ms returns FALSE
T28F0 043:264.845 JLINK_IsHalted()
T28F0 043:265.420 - 0.638ms returns FALSE
T28F0 043:265.507 JLINK_IsHalted()
T28F0 043:266.012 - 0.569ms returns FALSE
T28F0 043:374.062 JLINK_IsHalted()
T28F0 043:374.433 - 0.400ms returns FALSE
T28F0 043:374.484 JLINK_IsHalted()
T28F0 043:374.870 - 0.419ms returns FALSE
T28F0 043:484.176 JLINK_IsHalted()
T28F0 043:484.751 - 0.639ms returns FALSE
T28F0 043:484.835 JLINK_IsHalted()
T28F0 043:485.268 - 0.498ms returns FALSE
T28F0 043:593.538 JLINK_IsHalted()
T28F0 043:594.100 - 0.626ms returns FALSE
T28F0 043:594.185 JLINK_IsHalted()
T28F0 043:594.535 - 0.383ms returns FALSE
T28F0 043:702.965 JLINK_IsHalted()
T28F0 043:703.530 - 0.628ms returns FALSE
T28F0 043:703.613 JLINK_IsHalted()
T28F0 043:704.131 - 0.582ms returns FALSE
T28F0 043:811.801 JLINK_IsHalted()
T28F0 043:812.365 - 0.626ms returns FALSE
T28F0 043:812.446 JLINK_IsHalted()
T28F0 043:812.951 - 0.568ms returns FALSE
T28F0 043:921.810 JLINK_IsHalted()
T28F0 043:922.376 - 0.631ms returns FALSE
T28F0 043:922.462 JLINK_IsHalted()
T28F0 043:922.811 - 0.385ms returns FALSE
T28F0 044:030.693 JLINK_IsHalted()
T28F0 044:031.069 - 0.403ms returns FALSE
T28F0 044:031.112 JLINK_IsHalted()
T28F0 044:031.434 - 0.349ms returns FALSE
T28F0 044:139.691 JLINK_IsHalted()
T28F0 044:140.244 - 0.617ms returns FALSE
T28F0 044:140.328 JLINK_IsHalted()
T28F0 044:140.845 - 0.580ms returns FALSE
T1C18 044:222.114 JLINK_IsHalted()
T1C18 044:222.590 - 0.535ms returns FALSE
T1C18 044:222.669 JLINK_IsHalted()
T1C18 044:223.144 - 0.539ms returns FALSE
T28F0 044:249.120 JLINK_IsHalted()
T28F0 044:249.616 - 0.558ms returns FALSE
T28F0 044:249.699 JLINK_IsHalted()
T28F0 044:250.213 - 0.578ms returns FALSE
T28F0 044:359.347 JLINK_IsHalted()
T28F0 044:359.951 - 0.667ms returns FALSE
T28F0 044:360.034 JLINK_IsHalted()
T28F0 044:360.534 - 0.563ms returns FALSE
T28F0 044:467.996 JLINK_IsHalted()
T28F0 045:368.185 - 900.254ms returns ERROR
T28F0 045:368.273 JLINK_IsHalted()
T28F0 046:468.178 - 1099.971ms returns ERROR
T3F34 046:469.146 JLINK_Halt()
T3F34 046:968.772   CPU could not be halted
T3F34 046:968.880 - 499.746ms returns 0x01
T3F34 046:968.912 JLINK_ReadReg(XPSR)
T3F34 048:068.749   CPU is running
T3F34 048:068.835   
  ***** Error: 
T3F34 048:068.869   Cannot read register 16 (XPSR) while CPU is running
T3F34 048:068.901 - 1099.999ms returns 0x00000000
T3F34 048:074.598 JLINK_Close()
T3F34 048:075.023   CPU is running
T3F34 048:075.084   CPU_WriteMem(4 bytes @ 0xE0002008)
T3F34 048:275.030   CPU is running
T3F34 048:275.119   CPU_WriteMem(4 bytes @ 0xE000200C)
T3F34 048:474.718   CPU is running
T3F34 048:474.799   CPU_WriteMem(4 bytes @ 0xE0002010)
T3F34 048:674.727   CPU is running
T3F34 048:674.819   CPU_WriteMem(4 bytes @ 0xE0002014)
T3F34 048:875.019   CPU is running
T3F34 048:875.107   CPU_WriteMem(4 bytes @ 0xE0002018)
T3F34 049:074.848   CPU is running
T3F34 049:074.943   CPU_WriteMem(4 bytes @ 0xE000201C)
T3F34 049:274.870   CPU is running
T3F34 049:274.959   CPU_WriteMem(4 bytes @ 0xE0002020)
T3F34 049:474.761   CPU is running
T3F34 049:474.848   CPU_WriteMem(4 bytes @ 0xE0002024)
T3F34 052:099.365 - 4024.850ms
T3F34 052:099.464   
T3F34 052:099.487   Closed
