T68D8 000:001.441   SEGGER J-Link V8.44a Log File
T68D8 000:001.631   DLL Compiled: Jun 18 2025 16:28:32
T68D8 000:001.644   Logging started @ 2025-08-25 06:37
T68D8 000:001.656   Process: C:\Users\trung.tran-quoc\.eclipse\com.renesas.platform_1403626421\DebugComp\RA\e2-server-gdb.exe
T68D8 000:001.674 - 1.668ms 
T68D8 000:001.697 JLINK_GetDLLVersion()
T68D8 000:001.711 - 0.013ms returns 84401
T68D8 000:007.771 JLINK_OpenEx(...)
T68D8 000:019.704   Firmware: J-Link OB-RA4M2 compiled Jul  8 2025 10:15:56
T68D8 000:021.298   Firmware: J-Link OB-RA4M2 compiled Jul  8 2025 10:15:56
T68D8 000:035.110   Hardware: V1.00
T68D8 000:035.155   S/N: 1083493736
T68D8 000:035.173   OEM: SEGGER
T68D8 000:035.197   Feature(s): None
T68D8 000:036.577   Bootloader: 2021 May 14
T68D8 000:037.512   USB speed mode: Full speed (12 MBit/s)
T68D8 000:038.145   TELNET listener socket opened on port 19021
T68D8 000:038.317   WEBSRV WEBSRV_Init(): Starting webserver thread(s)
T68D8 000:038.682   WEBSRV Webserver running on local port 19080
T68D8 000:038.883   Looking for J-Link GUI Server exe at: C:\Users\trung.tran-quoc\.eclipse\com.renesas.platform_1403626421\DebugComp\RA\ARM\Segger_v8.44.1\JLinkGUIServer.exe
T68D8 000:039.145   Looking for J-Link GUI Server exe at: C:\Users\trung.tran-quoc\SEGGER\JLink_V852\JLinkGUIServer.exe
T68D8 000:039.203   Forking J-Link GUI Server: C:\Users\trung.tran-quoc\SEGGER\JLink_V852\JLinkGUIServer.exe
T68D8 000:089.947   J-Link GUI Server info: "J-Link GUI server V8.52 "
T68D8 000:092.759 - 84.983ms returns "O.K."
T68D8 000:092.879 JLINK_TIF_Select(JLINKARM_TIF_SWD)
T68D8 000:094.539 - 1.659ms returns 0x00
T68D8 000:094.601 JLINK_ClrRESET()
T68D8 000:095.236 - 0.633ms 
T68D8 000:145.886 JLINK_SetSpeed(1500)
T68D8 000:146.213 - 0.333ms 
T68D8 000:146.237 JLINK_CORESIGHT_Configure(PerformTIFInit=0)
T68D8 000:146.895 - 0.658ms returns 0
T68D8 000:146.918 JLINK_CORESIGHT_ReadAPDPReg(DP reg 0x00)
T68D8 000:147.506   Value=0x6BA02477
T68D8 000:147.526 - 0.609ms returns 0
T68D8 000:147.544 JLINK_CORESIGHT_WriteAPDPReg(DP reg 0x00, 0x0000001F)
T68D8 000:147.986 - 0.441ms returns 0
T68D8 000:148.004 JLINK_CORESIGHT_ReadAPDPReg(DP reg 0x00)
T68D8 000:148.474   Value=0x6BA02477
T68D8 000:148.495 - 0.491ms returns 0
T68D8 000:148.512 JLINK_CORESIGHT_WriteAPDPReg(DP reg 0x02, 0x00000000)
T68D8 000:148.989 - 0.477ms returns 0
T68D8 000:149.010 JLINK_CORESIGHT_WriteAPDPReg(DP reg 0x01, 0x50000000)
T68D8 000:149.458 - 0.447ms returns 0
T68D8 000:149.564 JLINK_CORESIGHT_ReadAPDPReg(DP reg 0x01)
T68D8 000:149.991   Value=0xF0000040
T68D8 000:150.015 - 0.451ms returns 0
T68D8 000:150.031 JLINK_CORESIGHT_WriteAPDPReg(DP reg 0x00, 0x0000001F)
T68D8 000:150.464 - 0.433ms returns 0
T68D8 000:150.483 JLINK_CORESIGHT_ReadAPDPReg(DP reg 0x00)
T68D8 000:150.986   Value=0x6BA02477
T68D8 000:151.008 - 0.525ms returns 0
T68D8 000:151.023 JLINK_CORESIGHT_WriteAPDPReg(DP reg 0x01, 0x54000000)
T68D8 000:151.423 - 0.400ms returns 0
T68D8 000:151.442 JLINK_CORESIGHT_WriteAPDPReg(DP reg 0x01, 0x50000F00)
T68D8 000:151.990 - 0.548ms returns 0
T68D8 000:152.010 JLINK_CORESIGHT_WriteAPDPReg(DP reg 0x02, 0x01000000)
T68D8 000:152.582 - 0.572ms returns 0
T68D8 000:152.611 JLINK_CORESIGHT_WriteAPDPReg(AP reg 0x00, 0x80000002)
T68D8 000:153.139 - 0.527ms returns 0
T68D8 000:153.158 JLINK_CORESIGHT_WriteAPDPReg(AP reg 0x01, 0x80011100)
T68D8 000:153.538 - 0.379ms returns 0
T68D8 000:153.559 JLINK_CORESIGHT_WriteAPDPReg(AP reg 0x03, 0x000000A5)
T68D8 000:153.986 - 0.426ms returns 0
T68D8 000:154.002 JLINK_CORESIGHT_WriteAPDPReg(AP reg 0x00, 0x80000002)
T68D8 000:154.383 - 0.380ms returns 0
T68D8 000:154.403 JLINK_CORESIGHT_WriteAPDPReg(AP reg 0x01, 0x80011100)
T68D8 000:154.939 - 0.536ms returns 0
T68D8 000:154.961 JLINK_CORESIGHT_ReadAPDPReg(AP reg 0x03)
T68D8 000:155.519   Value=0x000000A5
T68D8 000:155.540 - 0.579ms returns 0
T68D8 000:155.556 JLINK_ClrTMS()
T68D8 000:155.893 - 0.336ms 
T68D8 000:161.885 JLINK_SetTCK()
T68D8 000:162.129 - 0.244ms returns 0
T68D8 000:167.838 JLINK_SetRESET()
T68D8 000:168.238 - 0.399ms 
T68D8 000:369.175 JLINK_CORESIGHT_WriteAPDPReg(AP reg 0x00, 0x80000002)
T68D8 000:370.149 - 0.972ms returns 0
T68D8 000:370.261 JLINK_CORESIGHT_WriteAPDPReg(AP reg 0x01, 0x80011100)
T68D8 000:371.128 - 0.865ms returns 0
T68D8 000:371.242 JLINK_CORESIGHT_ReadAPDPReg(AP reg 0x03)
T68D8 000:372.073   Value=0x00000000
T68D8 000:372.158 - 0.916ms returns 0
T68D8 000:372.210 JLINK_CORESIGHT_WriteAPDPReg(AP reg 0x00, 0x80000002)
T68D8 000:372.894 - 0.683ms returns 0
T68D8 000:372.967 JLINK_CORESIGHT_WriteAPDPReg(AP reg 0x01, 0x80011140)
T68D8 000:373.762 - 0.795ms returns 0
T68D8 000:373.837 JLINK_CORESIGHT_ReadAPDPReg(AP reg 0x03)
T68D8 000:374.429   Value=0x00000002
T68D8 000:374.505 - 0.668ms returns 0
T68D8 000:374.560 JLINK_CORESIGHT_WriteAPDPReg(AP reg 0x00, 0x80000002)
T68D8 000:375.168 - 0.608ms returns 0
T68D8 000:375.235 JLINK_CORESIGHT_WriteAPDPReg(AP reg 0x01, 0x80011120)
T68D8 000:375.898 - 0.662ms returns 0
T68D8 000:375.988 JLINK_CORESIGHT_WriteAPDPReg(AP reg 0x03, 0x00000055)
T68D8 000:376.556 - 0.568ms returns 0
T68D8 000:376.625 JLINK_CORESIGHT_WriteAPDPReg(AP reg 0x00, 0x80000002)
T68D8 000:377.276 - 0.651ms returns 0
T68D8 000:377.333 JLINK_CORESIGHT_WriteAPDPReg(AP reg 0x01, 0x80011140)
T68D8 000:377.836 - 0.503ms returns 0
T68D8 000:377.893 JLINK_CORESIGHT_ReadAPDPReg(AP reg 0x03)
T68D8 000:378.859   Value=0x00000000
T68D8 000:378.957 - 1.064ms returns 0
T68D8 000:379.015 JLINK_CORESIGHT_WriteAPDPReg(AP reg 0x00, 0x80000002)
T68D8 000:379.587 - 0.571ms returns 0
T68D8 000:379.696 JLINK_CORESIGHT_WriteAPDPReg(AP reg 0x01, 0x80011130)
T68D8 000:380.362 - 0.666ms returns 0
T68D8 000:380.442 JLINK_CORESIGHT_ReadAPDPReg(AP reg 0x03)
T68D8 000:381.144   Value=0x000000C6
T68D8 000:381.222 - 0.780ms returns 0
T68D8 000:381.291 JLINK_CORESIGHT_WriteAPDPReg(AP reg 0x00, 0x80000002)
T68D8 000:381.949 - 0.658ms returns 0
T68D8 000:382.012 JLINK_CORESIGHT_WriteAPDPReg(AP reg 0x01, 0x80011140)
T68D8 000:382.759 - 0.747ms returns 0
T68D8 000:382.827 JLINK_CORESIGHT_ReadAPDPReg(AP reg 0x03)
T68D8 000:383.635   Value=0x00000002
T68D8 000:383.708 - 0.881ms returns 0
T68D8 000:383.768 JLINK_CORESIGHT_WriteAPDPReg(AP reg 0x00, 0x80000002)
T68D8 000:384.502 - 0.734ms returns 0
T68D8 000:384.576 JLINK_CORESIGHT_WriteAPDPReg(AP reg 0x01, 0x80011120)
T68D8 000:385.250 - 0.672ms returns 0
T68D8 000:385.383 JLINK_CORESIGHT_WriteAPDPReg(AP reg 0x03, 0x3A010001)
T68D8 000:386.078 - 0.694ms returns 0
T68D8 000:386.195 JLINK_CORESIGHT_WriteAPDPReg(AP reg 0x00, 0x80000002)
T68D8 000:386.787 - 0.591ms returns 0
T68D8 000:386.902 JLINK_CORESIGHT_WriteAPDPReg(AP reg 0x01, 0x80011140)
T68D8 000:387.606 - 0.703ms returns 0
T68D8 000:387.685 JLINK_CORESIGHT_ReadAPDPReg(AP reg 0x03)
T68D8 000:388.308   Value=0x00000002
T68D8 000:388.359 - 0.675ms returns 0
T68D8 000:388.400 JLINK_CORESIGHT_WriteAPDPReg(AP reg 0x00, 0x80000002)
T68D8 000:389.053 - 0.652ms returns 0
T68D8 000:389.102 JLINK_CORESIGHT_WriteAPDPReg(AP reg 0x01, 0x80011120)
T68D8 000:389.610 - 0.508ms returns 0
T68D8 000:389.658 JLINK_CORESIGHT_WriteAPDPReg(AP reg 0x03, 0x000003C5)
T68D8 000:390.296 - 0.633ms returns 0
T68D8 000:390.346 JLINK_CORESIGHT_WriteAPDPReg(AP reg 0x00, 0x80000002)
T68D8 000:391.004 - 0.658ms returns 0
T68D8 000:391.055 JLINK_CORESIGHT_WriteAPDPReg(AP reg 0x01, 0x80011140)
T68D8 000:391.654 - 0.598ms returns 0
T68D8 000:391.706 JLINK_CORESIGHT_ReadAPDPReg(AP reg 0x03)
T68D8 000:392.351   Value=0x00000002
T68D8 000:392.409 - 0.703ms returns 0
T68D8 000:392.456 JLINK_CORESIGHT_ReadAPDPReg(AP reg 0x03)
T68D8 000:393.100   Value=0x00000002
T68D8 000:393.158 - 0.701ms returns 0
T68D8 000:393.205 JLINK_CORESIGHT_ReadAPDPReg(AP reg 0x03)
T68D8 000:393.897   Value=0x00000002
T68D8 000:393.955 - 0.750ms returns 0
T68D8 000:394.002 JLINK_CORESIGHT_ReadAPDPReg(AP reg 0x03)
T68D8 000:394.815   Value=0x00000000
T68D8 000:394.904 - 0.902ms returns 0
T68D8 000:394.964 JLINK_CORESIGHT_WriteAPDPReg(AP reg 0x00, 0x80000002)
T68D8 000:395.608 - 0.643ms returns 0
T68D8 000:395.713 JLINK_CORESIGHT_WriteAPDPReg(AP reg 0x01, 0x80011130)
T68D8 000:396.311 - 0.597ms returns 0
T68D8 000:396.367 JLINK_CORESIGHT_ReadAPDPReg(AP reg 0x03)
T68D8 000:397.055   Value=0x3A2A0081
T68D8 000:397.105 - 0.738ms returns 0
T68D8 000:397.145 JLINK_CORESIGHT_WriteAPDPReg(AP reg 0x00, 0x80000002)
T68D8 000:397.780 - 0.635ms returns 0
T68D8 000:397.826 JLINK_CORESIGHT_WriteAPDPReg(AP reg 0x01, 0x80011140)
T68D8 000:398.437 - 0.611ms returns 0
T68D8 000:398.484 JLINK_CORESIGHT_ReadAPDPReg(AP reg 0x03)
T68D8 000:399.022   Value=0x00000000
T68D8 000:399.074 - 0.589ms returns 0
T68D8 000:399.116 JLINK_CORESIGHT_WriteAPDPReg(AP reg 0x00, 0x80000002)
T68D8 000:399.725 - 0.609ms returns 0
T68D8 000:399.773 JLINK_CORESIGHT_WriteAPDPReg(AP reg 0x01, 0x80011130)
T68D8 000:400.393 - 0.619ms returns 0
T68D8 000:400.446 JLINK_CORESIGHT_ReadAPDPReg(AP reg 0x03)
T68D8 000:401.053   Value=0x808D5B00
T68D8 000:401.108 - 0.661ms returns 0
T68D8 000:401.152 JLINK_CORESIGHT_WriteAPDPReg(AP reg 0x00, 0x80000002)
T68D8 000:401.787 - 0.634ms returns 0
T68D8 000:401.860 JLINK_CORESIGHT_WriteAPDPReg(AP reg 0x01, 0x80011140)
T68D8 000:402.560 - 0.699ms returns 0
T68D8 000:402.636 JLINK_CORESIGHT_ReadAPDPReg(AP reg 0x03)
T68D8 000:403.344   Value=0x00000000
T68D8 000:403.398 - 0.763ms returns 0
T68D8 000:403.442 JLINK_CORESIGHT_WriteAPDPReg(AP reg 0x00, 0x80000002)
T68D8 000:403.979 - 0.537ms returns 0
T68D8 000:404.027 JLINK_CORESIGHT_WriteAPDPReg(AP reg 0x01, 0x80011130)
T68D8 000:404.597 - 0.569ms returns 0
T68D8 000:404.644 JLINK_CORESIGHT_ReadAPDPReg(AP reg 0x03)
T68D8 000:405.075   Value=0x0603030B
T68D8 000:405.125 - 0.481ms returns 0
T68D8 000:405.165 JLINK_CORESIGHT_WriteAPDPReg(AP reg 0x00, 0x80000002)
T68D8 000:405.683 - 0.518ms returns 0
T68D8 000:405.726 JLINK_CORESIGHT_WriteAPDPReg(AP reg 0x01, 0x80011140)
T68D8 000:406.251 - 0.524ms returns 0
T68D8 000:406.302 JLINK_CORESIGHT_ReadAPDPReg(AP reg 0x03)
T68D8 000:407.118   Value=0x00000000
T68D8 000:407.161 - 0.859ms returns 0
T68D8 000:407.187 JLINK_CORESIGHT_WriteAPDPReg(AP reg 0x00, 0x80000002)
T68D8 000:407.744 - 0.557ms returns 0
T68D8 000:407.790 JLINK_CORESIGHT_WriteAPDPReg(AP reg 0x01, 0x80011130)
T68D8 000:408.346 - 0.556ms returns 0
T68D8 000:408.392 JLINK_CORESIGHT_ReadAPDPReg(AP reg 0x03)
T68D8 000:408.820   Value=0x2E4B4E20
T68D8 000:408.847 - 0.456ms returns 0
T68D8 000:408.869 JLINK_CORESIGHT_WriteAPDPReg(AP reg 0x00, 0x80000002)
T68D8 000:409.354 - 0.484ms returns 0
T68D8 000:409.384 JLINK_CORESIGHT_WriteAPDPReg(AP reg 0x01, 0x80011140)
T68D8 000:409.736 - 0.351ms returns 0
T68D8 000:409.762 JLINK_CORESIGHT_ReadAPDPReg(AP reg 0x03)
T68D8 000:410.367   Value=0x00000000
T68D8 000:410.454 - 0.691ms returns 0
T68D8 000:410.480 JLINK_CORESIGHT_WriteAPDPReg(AP reg 0x00, 0x80000002)
T68D8 000:411.011 - 0.530ms returns 0
T68D8 000:411.071 JLINK_CORESIGHT_WriteAPDPReg(AP reg 0x01, 0x80011130)
T68D8 000:411.644 - 0.574ms returns 0
T68D8 000:411.683 JLINK_CORESIGHT_ReadAPDPReg(AP reg 0x03)
T68D8 000:412.157   Value=0x4EE4CD92
T68D8 000:412.184 - 0.501ms returns 0
T68D8 000:412.207 JLINK_CORESIGHT_WriteAPDPReg(AP reg 0x00, 0x80000002)
T68D8 000:412.720 - 0.513ms returns 0
T68D8 000:412.747 JLINK_CORESIGHT_WriteAPDPReg(AP reg 0x01, 0x80011140)
T68D8 000:413.250 - 0.503ms returns 0
T68D8 000:413.278 JLINK_CORESIGHT_ReadAPDPReg(AP reg 0x03)
T68D8 000:413.832   Value=0x00000000
T68D8 000:413.862 - 0.583ms returns 0
T68D8 000:413.887 JLINK_CORESIGHT_WriteAPDPReg(AP reg 0x00, 0x80000002)
T68D8 000:414.471 - 0.583ms returns 0
T68D8 000:414.535 JLINK_CORESIGHT_WriteAPDPReg(AP reg 0x01, 0x80011130)
T68D8 000:415.111 - 0.576ms returns 0
T68D8 000:415.153 JLINK_CORESIGHT_ReadAPDPReg(AP reg 0x03)
T68D8 000:415.678   Value=0x34503036
T68D8 000:415.708 - 0.554ms returns 0
T68D8 000:415.734 JLINK_CORESIGHT_WriteAPDPReg(AP reg 0x00, 0x80000002)
T68D8 000:416.198 - 0.465ms returns 0
T68D8 000:416.228 JLINK_CORESIGHT_WriteAPDPReg(AP reg 0x01, 0x80011140)
T68D8 000:416.711 - 0.483ms returns 0
T68D8 000:416.740 JLINK_CORESIGHT_ReadAPDPReg(AP reg 0x03)
T68D8 000:417.245   Value=0x00000000
T68D8 000:417.276 - 0.535ms returns 0
T68D8 000:417.301 JLINK_CORESIGHT_WriteAPDPReg(AP reg 0x00, 0x80000002)
T68D8 000:417.746 - 0.445ms returns 0
T68D8 000:417.778 JLINK_CORESIGHT_WriteAPDPReg(AP reg 0x01, 0x80011130)
T68D8 000:418.327 - 0.549ms returns 0
T68D8 000:418.358 JLINK_CORESIGHT_ReadAPDPReg(AP reg 0x03)
T68D8 000:418.928   Value=0x77142D36
T68D8 000:419.025 - 0.666ms returns 0
T68D8 000:419.062 JLINK_CORESIGHT_WriteAPDPReg(AP reg 0x00, 0x80000002)
T68D8 000:419.551 - 0.488ms returns 0
T68D8 000:419.590 JLINK_CORESIGHT_WriteAPDPReg(AP reg 0x01, 0x80011140)
T68D8 000:420.150 - 0.560ms returns 0
T68D8 000:420.180 JLINK_CORESIGHT_ReadAPDPReg(AP reg 0x03)
T68D8 000:420.647   Value=0x00000000
T68D8 000:420.677 - 0.497ms returns 0
T68D8 000:420.703 JLINK_CORESIGHT_WriteAPDPReg(AP reg 0x00, 0x80000002)
T68D8 000:421.267 - 0.564ms returns 0
T68D8 000:421.299 JLINK_CORESIGHT_WriteAPDPReg(AP reg 0x01, 0x80011130)
T68D8 000:421.824 - 0.526ms returns 0
T68D8 000:421.856 JLINK_CORESIGHT_ReadAPDPReg(AP reg 0x03)
T68D8 000:422.488   Value=0x46375280
T68D8 000:422.520 - 0.664ms returns 0
T68D8 000:422.547 JLINK_CORESIGHT_WriteAPDPReg(AP reg 0x00, 0x80000002)
T68D8 000:423.060 - 0.512ms returns 0
T68D8 000:423.091 JLINK_CORESIGHT_WriteAPDPReg(AP reg 0x01, 0x80011140)
T68D8 000:423.556 - 0.465ms returns 0
T68D8 000:423.588 JLINK_CORESIGHT_ReadAPDPReg(AP reg 0x03)
T68D8 000:424.021   Value=0x00000000
T68D8 000:424.057 - 0.468ms returns 0
T68D8 000:424.085 JLINK_CORESIGHT_WriteAPDPReg(AP reg 0x00, 0x80000002)
T68D8 000:424.662 - 0.576ms returns 0
T68D8 000:424.741 JLINK_CORESIGHT_WriteAPDPReg(AP reg 0x01, 0x80011130)
T68D8 000:425.314 - 0.573ms returns 0
T68D8 000:425.352 JLINK_CORESIGHT_ReadAPDPReg(AP reg 0x03)
T68D8 000:425.821   Value=0x314D3841
T68D8 000:425.850 - 0.497ms returns 0
T68D8 000:425.874 JLINK_CORESIGHT_WriteAPDPReg(AP reg 0x00, 0x80000002)
T68D8 000:426.290 - 0.415ms returns 0
T68D8 000:426.339 JLINK_CORESIGHT_WriteAPDPReg(AP reg 0x01, 0x80011140)
T68D8 000:426.828 - 0.488ms returns 0
T68D8 000:426.857 JLINK_CORESIGHT_ReadAPDPReg(AP reg 0x03)
T68D8 000:427.554   Value=0x00000000
T68D8 000:427.582 - 0.726ms returns 0
T68D8 000:427.607 JLINK_CORESIGHT_WriteAPDPReg(AP reg 0x00, 0x80000002)
T68D8 000:428.083 - 0.476ms returns 0
T68D8 000:428.108 JLINK_CORESIGHT_WriteAPDPReg(AP reg 0x01, 0x80011130)
T68D8 000:428.648 - 0.541ms returns 0
T68D8 000:428.672 JLINK_CORESIGHT_ReadAPDPReg(AP reg 0x03)
T68D8 000:429.057   Value=0x43454841
T68D8 000:429.082 - 0.410ms returns 0
T68D8 000:429.104 JLINK_CORESIGHT_WriteAPDPReg(AP reg 0x00, 0x80000002)
T68D8 000:429.591 - 0.488ms returns 0
T68D8 000:429.616 JLINK_CORESIGHT_WriteAPDPReg(AP reg 0x01, 0x80011140)
T68D8 000:430.127 - 0.512ms returns 0
T68D8 000:430.152 JLINK_CORESIGHT_ReadAPDPReg(AP reg 0x03)
T68D8 000:430.601   Value=0x00000000
T68D8 000:430.627 - 0.475ms returns 0
T68D8 000:430.649 JLINK_CORESIGHT_WriteAPDPReg(AP reg 0x00, 0x80000002)
T68D8 000:431.047 - 0.398ms returns 0
T68D8 000:431.076 JLINK_CORESIGHT_WriteAPDPReg(AP reg 0x01, 0x80011130)
T68D8 000:431.510 - 0.434ms returns 0
T68D8 000:431.535 JLINK_CORESIGHT_ReadAPDPReg(AP reg 0x03)
T68D8 000:432.093   Value=0x20204442
T68D8 000:432.118 - 0.583ms returns 0
T68D8 000:432.139 JLINK_CORESIGHT_WriteAPDPReg(AP reg 0x00, 0x80000002)
T68D8 000:432.584 - 0.444ms returns 0
T68D8 000:432.608 JLINK_CORESIGHT_WriteAPDPReg(AP reg 0x01, 0x80011140)
T68D8 000:433.090 - 0.482ms returns 0
T68D8 000:433.115 JLINK_CORESIGHT_ReadAPDPReg(AP reg 0x03)
T68D8 000:433.615   Value=0x00000000
T68D8 000:433.640 - 0.525ms returns 0
T68D8 000:433.661 JLINK_CORESIGHT_WriteAPDPReg(AP reg 0x00, 0x80000002)
T68D8 000:434.277 - 0.615ms returns 0
T68D8 000:434.347 JLINK_CORESIGHT_WriteAPDPReg(AP reg 0x01, 0x80011130)
T68D8 000:435.000 - 0.653ms returns 0
T68D8 000:435.037 JLINK_CORESIGHT_ReadAPDPReg(AP reg 0x03)
T68D8 000:435.694   Value=0x00039020
T68D8 000:435.764 - 0.727ms returns 0
T68D8 000:436.070 JLINK_CORESIGHT_WriteAPDPReg(AP reg 0x00, 0x80000002)
T68D8 000:436.637 - 0.567ms returns 0
T68D8 000:436.655 JLINK_CORESIGHT_WriteAPDPReg(AP reg 0x01, 0x80011140)
T68D8 000:437.051 - 0.396ms returns 0
T68D8 000:437.068 JLINK_CORESIGHT_ReadAPDPReg(AP reg 0x03)
T68D8 000:437.599   Value=0x00000002
T68D8 000:437.618 - 0.550ms returns 0
T68D8 000:437.632 JLINK_CORESIGHT_WriteAPDPReg(AP reg 0x00, 0x80000002)
T68D8 000:438.099 - 0.467ms returns 0
T68D8 000:438.116 JLINK_CORESIGHT_WriteAPDPReg(AP reg 0x01, 0x80011120)
T68D8 000:438.535 - 0.419ms returns 0
T68D8 000:438.551 JLINK_CORESIGHT_WriteAPDPReg(AP reg 0x03, 0x2C010001)
T68D8 000:439.032 - 0.480ms returns 0
T68D8 000:439.049 JLINK_CORESIGHT_WriteAPDPReg(AP reg 0x00, 0x80000002)
T68D8 000:439.518 - 0.469ms returns 0
T68D8 000:439.535 JLINK_CORESIGHT_WriteAPDPReg(AP reg 0x01, 0x80011140)
T68D8 000:440.063 - 0.528ms returns 0
T68D8 000:440.081 JLINK_CORESIGHT_ReadAPDPReg(AP reg 0x03)
T68D8 000:440.611   Value=0x00000002
T68D8 000:440.631 - 0.550ms returns 0
T68D8 000:440.646 JLINK_CORESIGHT_WriteAPDPReg(AP reg 0x00, 0x80000002)
T68D8 000:440.970 - 0.323ms returns 0
T68D8 000:440.988 JLINK_CORESIGHT_WriteAPDPReg(AP reg 0x01, 0x80011120)
T68D8 000:441.461 - 0.473ms returns 0
T68D8 000:441.479 JLINK_CORESIGHT_WriteAPDPReg(AP reg 0x03, 0x000003D3)
T68D8 000:441.981 - 0.502ms returns 0
T68D8 000:442.044 JLINK_CORESIGHT_WriteAPDPReg(AP reg 0x00, 0x80000002)
T68D8 000:442.543 - 0.498ms returns 0
T68D8 000:442.585 JLINK_CORESIGHT_WriteAPDPReg(AP reg 0x01, 0x80011140)
T68D8 000:443.098 - 0.512ms returns 0
T68D8 000:443.119 JLINK_CORESIGHT_ReadAPDPReg(AP reg 0x03)
T68D8 000:443.597   Value=0x00000002
T68D8 000:443.616 - 0.496ms returns 0
T68D8 000:443.629 JLINK_CORESIGHT_ReadAPDPReg(AP reg 0x03)
T68D8 000:444.018   Value=0x00000002
T68D8 000:444.036 - 0.406ms returns 0
T68D8 000:444.048 JLINK_CORESIGHT_ReadAPDPReg(AP reg 0x03)
T68D8 000:444.572   Value=0x00000002
T68D8 000:444.613 - 0.565ms returns 0
T68D8 000:444.640 JLINK_CORESIGHT_ReadAPDPReg(AP reg 0x03)
T68D8 000:445.269   Value=0x00000002
T68D8 000:445.291 - 0.651ms returns 0
T68D8 000:445.306 JLINK_CORESIGHT_ReadAPDPReg(AP reg 0x03)
T68D8 000:445.912   Value=0x00000002
T68D8 000:445.930 - 0.624ms returns 0
T68D8 000:445.942 JLINK_CORESIGHT_ReadAPDPReg(AP reg 0x03)
T68D8 000:446.359   Value=0x00000000
T68D8 000:446.376 - 0.434ms returns 0
T68D8 000:446.389 JLINK_CORESIGHT_WriteAPDPReg(AP reg 0x00, 0x80000002)
T68D8 000:446.817 - 0.428ms returns 0
T68D8 000:446.830 JLINK_CORESIGHT_WriteAPDPReg(AP reg 0x01, 0x80011130)
T68D8 000:447.311 - 0.482ms returns 0
T68D8 000:447.325 JLINK_CORESIGHT_ReadAPDPReg(AP reg 0x03)
T68D8 000:447.889   Value=0x2C020081
T68D8 000:447.905 - 0.579ms returns 0
T68D8 000:447.916 JLINK_CORESIGHT_WriteAPDPReg(AP reg 0x00, 0x80000002)
T68D8 000:448.288 - 0.371ms returns 0
T68D8 000:448.300 JLINK_CORESIGHT_WriteAPDPReg(AP reg 0x01, 0x80011140)
T68D8 000:448.811 - 0.510ms returns 0
T68D8 000:448.823 JLINK_CORESIGHT_ReadAPDPReg(AP reg 0x03)
T68D8 000:449.332   Value=0x00000000
T68D8 000:449.346 - 0.523ms returns 0
T68D8 000:449.357 JLINK_CORESIGHT_WriteAPDPReg(AP reg 0x00, 0x80000002)
T68D8 000:449.735 - 0.377ms returns 0
T68D8 000:449.748 JLINK_CORESIGHT_WriteAPDPReg(AP reg 0x01, 0x80011130)
T68D8 000:450.115 - 0.367ms returns 0
T68D8 000:450.127 JLINK_CORESIGHT_ReadAPDPReg(AP reg 0x03)
T68D8 000:450.697   Value=0x0003CE04
T68D8 000:450.713 - 0.585ms returns 0
T68D8 000:450.730 JLINK_CORESIGHT_WriteAPDPReg(AP reg 0x00, 0x80000002)
T68D8 000:451.158 - 0.428ms returns 0
T68D8 000:451.171 JLINK_CORESIGHT_WriteAPDPReg(AP reg 0x01, 0x80011140)
T68D8 000:451.652 - 0.481ms returns 0
T68D8 000:451.666 JLINK_CORESIGHT_ReadAPDPReg(AP reg 0x03)
T68D8 000:452.120   Value=0x00000002
T68D8 000:452.165 - 0.498ms returns 0
T68D8 000:452.191 JLINK_CORESIGHT_WriteAPDPReg(AP reg 0x00, 0x80000002)
T68D8 000:452.675 - 0.484ms returns 0
T68D8 000:452.695 JLINK_CORESIGHT_WriteAPDPReg(AP reg 0x01, 0x80011120)
T68D8 000:453.078 - 0.382ms returns 0
T68D8 000:453.094 JLINK_CORESIGHT_WriteAPDPReg(AP reg 0x03, 0x73010001)
T68D8 000:453.617 - 0.523ms returns 0
T68D8 000:453.630 JLINK_CORESIGHT_WriteAPDPReg(AP reg 0x00, 0x80000002)
T68D8 000:454.186 - 0.556ms returns 0
T68D8 000:454.216 JLINK_CORESIGHT_WriteAPDPReg(AP reg 0x01, 0x80011140)
T68D8 000:454.710 - 0.494ms returns 0
T68D8 000:454.744 JLINK_CORESIGHT_ReadAPDPReg(AP reg 0x03)
T68D8 000:455.259   Value=0x00000002
T68D8 000:455.275 - 0.531ms returns 0
T68D8 000:455.287 JLINK_CORESIGHT_WriteAPDPReg(AP reg 0x00, 0x80000002)
T68D8 000:455.651 - 0.364ms returns 0
T68D8 000:455.664 JLINK_CORESIGHT_WriteAPDPReg(AP reg 0x01, 0x80011120)
T68D8 000:456.037 - 0.373ms returns 0
T68D8 000:456.051 JLINK_CORESIGHT_WriteAPDPReg(AP reg 0x03, 0x0000038C)
T68D8 000:456.593 - 0.542ms returns 0
T68D8 000:456.605 JLINK_CORESIGHT_WriteAPDPReg(AP reg 0x00, 0x80000002)
T68D8 000:456.980 - 0.374ms returns 0
T68D8 000:456.993 JLINK_CORESIGHT_WriteAPDPReg(AP reg 0x01, 0x80011140)
T68D8 000:457.363 - 0.371ms returns 0
T68D8 000:457.376 JLINK_CORESIGHT_ReadAPDPReg(AP reg 0x03)
T68D8 000:458.018   Value=0x00000002
T68D8 000:458.062 - 0.685ms returns 0
T68D8 000:458.083 JLINK_CORESIGHT_ReadAPDPReg(AP reg 0x03)
T68D8 000:458.656   Value=0x00000002
T68D8 000:458.725 - 0.641ms returns 0
T68D8 000:458.762 JLINK_CORESIGHT_ReadAPDPReg(AP reg 0x03)
T68D8 000:459.357   Value=0x00000000
T68D8 000:459.380 - 0.618ms returns 0
T68D8 000:459.392 JLINK_CORESIGHT_WriteAPDPReg(AP reg 0x00, 0x80000002)
T68D8 000:459.809 - 0.417ms returns 0
T68D8 000:459.822 JLINK_CORESIGHT_WriteAPDPReg(AP reg 0x01, 0x80011130)
T68D8 000:460.276 - 0.454ms returns 0
T68D8 000:460.288 JLINK_CORESIGHT_ReadAPDPReg(AP reg 0x03)
T68D8 000:460.809   Value=0x73020081
T68D8 000:460.824 - 0.535ms returns 0
T68D8 000:460.834 JLINK_CORESIGHT_WriteAPDPReg(AP reg 0x00, 0x80000002)
T68D8 000:461.314 - 0.479ms returns 0
T68D8 000:461.329 JLINK_CORESIGHT_WriteAPDPReg(AP reg 0x01, 0x80011140)
T68D8 000:461.821 - 0.492ms returns 0
T68D8 000:461.835 JLINK_CORESIGHT_ReadAPDPReg(AP reg 0x03)
T68D8 000:462.364   Value=0x00000000
T68D8 000:462.379 - 0.543ms returns 0
T68D8 000:462.391 JLINK_CORESIGHT_WriteAPDPReg(AP reg 0x00, 0x80000002)
T68D8 000:462.809 - 0.418ms returns 0
T68D8 000:462.823 JLINK_CORESIGHT_WriteAPDPReg(AP reg 0x01, 0x80011130)
T68D8 000:463.230 - 0.407ms returns 0
T68D8 000:463.244 JLINK_CORESIGHT_ReadAPDPReg(AP reg 0x03)
T68D8 000:463.666   Value=0x00038902
T68D8 000:463.680 - 0.436ms returns 0
T68D8 000:463.696 JLINK_CORESIGHT_WriteAPDPReg(AP reg 0x00, 0x80000002)
T68D8 000:464.180 - 0.484ms returns 0
T68D8 000:464.215 JLINK_CORESIGHT_WriteAPDPReg(AP reg 0x01, 0x80011140)
T68D8 000:464.741 - 0.526ms returns 0
T68D8 000:464.761 JLINK_CORESIGHT_ReadAPDPReg(AP reg 0x03)
T68D8 000:465.343   Value=0x00000002
T68D8 000:465.358 - 0.597ms returns 0
T68D8 000:465.371 JLINK_CORESIGHT_WriteAPDPReg(AP reg 0x00, 0x80000002)
T68D8 000:465.707 - 0.336ms returns 0
T68D8 000:465.722 JLINK_CORESIGHT_WriteAPDPReg(AP reg 0x01, 0x80011120)
T68D8 000:466.240 - 0.518ms returns 0
T68D8 000:466.255 JLINK_CORESIGHT_WriteAPDPReg(AP reg 0x03, 0x75010001)
T68D8 000:466.735 - 0.480ms returns 0
T68D8 000:466.750 JLINK_CORESIGHT_WriteAPDPReg(AP reg 0x00, 0x80000002)
T68D8 000:467.176 - 0.426ms returns 0
T68D8 000:467.191 JLINK_CORESIGHT_WriteAPDPReg(AP reg 0x01, 0x80011140)
T68D8 000:467.594 - 0.403ms returns 0
T68D8 000:467.609 JLINK_CORESIGHT_ReadAPDPReg(AP reg 0x03)
T68D8 000:468.201   Value=0x00000002
T68D8 000:468.217 - 0.608ms returns 0
T68D8 000:468.230 JLINK_CORESIGHT_WriteAPDPReg(AP reg 0x00, 0x80000002)
T68D8 000:468.832 - 0.601ms returns 0
T68D8 000:468.874 JLINK_CORESIGHT_WriteAPDPReg(AP reg 0x01, 0x80011120)
T68D8 000:469.366 - 0.492ms returns 0
T68D8 000:469.391 JLINK_CORESIGHT_WriteAPDPReg(AP reg 0x03, 0x0000038A)
T68D8 000:469.865 - 0.474ms returns 0
T68D8 000:469.880 JLINK_CORESIGHT_WriteAPDPReg(AP reg 0x00, 0x80000002)
T68D8 000:470.343 - 0.463ms returns 0
T68D8 000:470.358 JLINK_CORESIGHT_WriteAPDPReg(AP reg 0x01, 0x80011140)
T68D8 000:470.966 - 0.608ms returns 0
T68D8 000:470.984 JLINK_CORESIGHT_ReadAPDPReg(AP reg 0x03)
T68D8 000:471.529   Value=0x00000002
T68D8 000:471.545 - 0.560ms returns 0
T68D8 000:471.558 JLINK_CORESIGHT_ReadAPDPReg(AP reg 0x03)
T68D8 000:472.039   Value=0x00000002
T68D8 000:472.054 - 0.496ms returns 0
T68D8 000:472.068 JLINK_CORESIGHT_ReadAPDPReg(AP reg 0x03)
T68D8 000:472.531   Value=0x00000002
T68D8 000:472.547 - 0.479ms returns 0
T68D8 000:472.560 JLINK_CORESIGHT_ReadAPDPReg(AP reg 0x03)
T68D8 000:473.039   Value=0x00000002
T68D8 000:473.055 - 0.494ms returns 0
T68D8 000:473.068 JLINK_CORESIGHT_ReadAPDPReg(AP reg 0x03)
T68D8 000:473.556   Value=0x00000002
T68D8 000:473.576 - 0.507ms returns 0
T68D8 000:473.590 JLINK_CORESIGHT_ReadAPDPReg(AP reg 0x03)
T68D8 000:474.043   Value=0x00000002
T68D8 000:474.062 - 0.472ms returns 0
T68D8 000:474.077 JLINK_CORESIGHT_ReadAPDPReg(AP reg 0x03)
T68D8 000:474.420   Value=0x00000000
T68D8 000:474.463 - 0.386ms returns 0
T68D8 000:474.492 JLINK_CORESIGHT_WriteAPDPReg(AP reg 0x00, 0x80000002)
T68D8 000:475.143 - 0.651ms returns 0
T68D8 000:475.164 JLINK_CORESIGHT_WriteAPDPReg(AP reg 0x01, 0x80011130)
T68D8 000:475.633 - 0.469ms returns 0
T68D8 000:475.647 JLINK_CORESIGHT_ReadAPDPReg(AP reg 0x03)
T68D8 000:476.179   Value=0x75020081
T68D8 000:476.193 - 0.546ms returns 0
T68D8 000:476.206 JLINK_CORESIGHT_WriteAPDPReg(AP reg 0x00, 0x80000002)
T68D8 000:476.594 - 0.388ms returns 0
T68D8 000:476.608 JLINK_CORESIGHT_WriteAPDPReg(AP reg 0x01, 0x80011140)
T68D8 000:477.095 - 0.487ms returns 0
T68D8 000:477.109 JLINK_CORESIGHT_ReadAPDPReg(AP reg 0x03)
T68D8 000:477.611   Value=0x00000000
T68D8 000:477.626 - 0.517ms returns 0
T68D8 000:477.638 JLINK_CORESIGHT_WriteAPDPReg(AP reg 0x00, 0x80000002)
T68D8 000:478.082 - 0.444ms returns 0
T68D8 000:478.096 JLINK_CORESIGHT_WriteAPDPReg(AP reg 0x01, 0x80011130)
T68D8 000:478.562 - 0.466ms returns 0
T68D8 000:478.576 JLINK_CORESIGHT_ReadAPDPReg(AP reg 0x03)
T68D8 000:479.134   Value=0x00038702
T68D8 000:479.149 - 0.572ms returns 0
T68D8 000:479.169 JLINK_CORESIGHT_WriteAPDPReg(AP reg 0x00, 0x80000002)
T68D8 000:479.629 - 0.460ms returns 0
T68D8 000:479.643 JLINK_CORESIGHT_WriteAPDPReg(AP reg 0x01, 0x80011140)
T68D8 000:480.086 - 0.442ms returns 0
T68D8 000:480.101 JLINK_CORESIGHT_ReadAPDPReg(AP reg 0x03)
T68D8 000:480.637   Value=0x00000002
T68D8 000:480.655 - 0.554ms returns 0
T68D8 000:480.669 JLINK_CORESIGHT_WriteAPDPReg(AP reg 0x00, 0x80000002)
T68D8 000:481.039 - 0.369ms returns 0
T68D8 000:481.054 JLINK_CORESIGHT_WriteAPDPReg(AP reg 0x01, 0x80011120)
T68D8 000:481.540 - 0.486ms returns 0
T68D8 000:481.556 JLINK_CORESIGHT_WriteAPDPReg(AP reg 0x03, 0x4F010001)
T68D8 000:482.048 - 0.492ms returns 0
T68D8 000:482.064 JLINK_CORESIGHT_WriteAPDPReg(AP reg 0x00, 0x80000002)
T68D8 000:482.585 - 0.520ms returns 0
T68D8 000:482.600 JLINK_CORESIGHT_WriteAPDPReg(AP reg 0x01, 0x80011140)
T68D8 000:483.084 - 0.484ms returns 0
T68D8 000:483.100 JLINK_CORESIGHT_ReadAPDPReg(AP reg 0x03)
T68D8 000:483.630   Value=0x00000002
T68D8 000:483.647 - 0.546ms returns 0
T68D8 000:483.661 JLINK_CORESIGHT_WriteAPDPReg(AP reg 0x00, 0x80000002)
T68D8 000:484.090 - 0.428ms returns 0
T68D8 000:484.128 JLINK_CORESIGHT_WriteAPDPReg(AP reg 0x01, 0x80011120)
T68D8 000:484.705 - 0.576ms returns 0
T68D8 000:484.729 JLINK_CORESIGHT_WriteAPDPReg(AP reg 0x03, 0x000003B0)
T68D8 000:485.144 - 0.414ms returns 0
T68D8 000:485.187 JLINK_CORESIGHT_WriteAPDPReg(AP reg 0x00, 0x80000002)
T68D8 000:485.671 - 0.484ms returns 0
T68D8 000:485.707 JLINK_CORESIGHT_WriteAPDPReg(AP reg 0x01, 0x80011140)
T68D8 000:486.314 - 0.607ms returns 0
T68D8 000:486.339 JLINK_CORESIGHT_ReadAPDPReg(AP reg 0x03)
T68D8 000:486.809   Value=0x00000002
T68D8 000:486.823 - 0.484ms returns 0
T68D8 000:486.836 JLINK_CORESIGHT_ReadAPDPReg(AP reg 0x03)
T68D8 000:487.356   Value=0x00000002
T68D8 000:487.370 - 0.534ms returns 0
T68D8 000:487.383 JLINK_CORESIGHT_ReadAPDPReg(AP reg 0x03)
T68D8 000:487.809   Value=0x00000002
T68D8 000:487.823 - 0.440ms returns 0
T68D8 000:487.840 JLINK_CORESIGHT_ReadAPDPReg(AP reg 0x03)
T68D8 000:488.277   Value=0x00000000
T68D8 000:488.291 - 0.451ms returns 0
T68D8 000:488.304 JLINK_CORESIGHT_WriteAPDPReg(AP reg 0x00, 0x80000002)
T68D8 000:488.809 - 0.505ms returns 0
T68D8 000:488.823 JLINK_CORESIGHT_WriteAPDPReg(AP reg 0x01, 0x80011130)
T68D8 000:489.300 - 0.475ms returns 0
T68D8 000:489.340 JLINK_CORESIGHT_ReadAPDPReg(AP reg 0x03)
T68D8 000:489.824   Value=0x4F0B0081
T68D8 000:489.844 - 0.504ms returns 0
T68D8 000:489.857 JLINK_CORESIGHT_WriteAPDPReg(AP reg 0x00, 0x80000002)
T68D8 000:490.285 - 0.428ms returns 0
T68D8 000:490.299 JLINK_CORESIGHT_WriteAPDPReg(AP reg 0x01, 0x80011140)
T68D8 000:490.687 - 0.388ms returns 0
T68D8 000:490.701 JLINK_CORESIGHT_ReadAPDPReg(AP reg 0x03)
T68D8 000:491.139   Value=0x00000000
T68D8 000:491.153 - 0.452ms returns 0
T68D8 000:491.166 JLINK_CORESIGHT_WriteAPDPReg(AP reg 0x00, 0x80000002)
T68D8 000:491.580 - 0.414ms returns 0
T68D8 000:491.594 JLINK_CORESIGHT_WriteAPDPReg(AP reg 0x01, 0x80011130)
T68D8 000:492.126 - 0.531ms returns 0
T68D8 000:492.139 JLINK_CORESIGHT_ReadAPDPReg(AP reg 0x03)
T68D8 000:492.638   Value=0xE0070000
T68D8 000:492.652 - 0.513ms returns 0
T68D8 000:492.665 JLINK_CORESIGHT_WriteAPDPReg(AP reg 0x00, 0x80000002)
T68D8 000:493.082 - 0.416ms returns 0
T68D8 000:493.096 JLINK_CORESIGHT_WriteAPDPReg(AP reg 0x01, 0x80011140)
T68D8 000:493.554 - 0.458ms returns 0
T68D8 000:493.569 JLINK_CORESIGHT_ReadAPDPReg(AP reg 0x03)
T68D8 000:494.132   Value=0x00000000
T68D8 000:494.147 - 0.578ms returns 0
T68D8 000:494.160 JLINK_CORESIGHT_WriteAPDPReg(AP reg 0x00, 0x80000002)
T68D8 000:494.621 - 0.461ms returns 0
T68D8 000:494.656 JLINK_CORESIGHT_WriteAPDPReg(AP reg 0x01, 0x80011130)
T68D8 000:495.255 - 0.599ms returns 0
T68D8 000:495.276 JLINK_CORESIGHT_ReadAPDPReg(AP reg 0x03)
T68D8 000:495.749   Value=0x00000C00
T68D8 000:495.764 - 0.488ms returns 0
T68D8 000:495.777 JLINK_CORESIGHT_WriteAPDPReg(AP reg 0x00, 0x80000002)
T68D8 000:496.179 - 0.403ms returns 0
T68D8 000:496.194 JLINK_CORESIGHT_WriteAPDPReg(AP reg 0x01, 0x80011140)
T68D8 000:496.698 - 0.504ms returns 0
T68D8 000:496.713 JLINK_CORESIGHT_ReadAPDPReg(AP reg 0x03)
T68D8 000:497.279   Value=0x00000000
T68D8 000:497.299 - 0.586ms returns 0
T68D8 000:497.312 JLINK_CORESIGHT_WriteAPDPReg(AP reg 0x00, 0x80000002)
T68D8 000:497.672 - 0.360ms returns 0
T68D8 000:497.687 JLINK_CORESIGHT_WriteAPDPReg(AP reg 0x01, 0x80011130)
T68D8 000:498.187 - 0.500ms returns 0
T68D8 000:498.202 JLINK_CORESIGHT_ReadAPDPReg(AP reg 0x03)
T68D8 000:498.722   Value=0x03B30000
T68D8 000:498.738 - 0.536ms returns 0
T68D8 000:498.882 JLINK_CORESIGHT_ReadAPDPReg(DP reg 0x01)
T68D8 000:499.311   Value=0xF0000F40
T68D8 000:499.327 - 0.445ms returns 0
T68D8 000:499.339 JLINK_CORESIGHT_WriteAPDPReg(DP reg 0x01, 0xA0000F40)
T68D8 000:499.818 - 0.479ms returns 0
T68D8 000:499.832 JLINK_CORESIGHT_ReadAPDPReg(DP reg 0x01)
T68D8 000:500.313   Value=0x00000F40
T68D8 000:500.330 - 0.497ms returns 0
T68D8 000:500.342 JLINK_ClrRESET()
T68D8 000:500.942 - 0.600ms 
T68D8 000:604.589 JLINK_Close()
T68D8 000:620.523 - 15.931ms
T68D8 000:620.662   
T68D8 000:620.704   Closed
