T62EC 000:002.212   SEGGER J-Link V8.44a Log File
T62EC 000:002.465   DLL Compiled: Jun 18 2025 16:28:32
T62EC 000:002.494   Logging started @ 2025-06-24 11:00
T62EC 000:002.522   Process: C:\Users\a5148723\.eclipse\com.renesas.platform_170476184\DebugComp\RA\e2-server-gdb.exe
T62EC 000:002.557 - 2.550ms 
T62EC 000:002.600 JLINK_GetDLLVersion()
T62EC 000:002.630 - 0.030ms returns 84401
T62EC 000:012.041 JLINK_OpenEx(...)
T62EC 000:027.176   Firmware: J-Link OB-RA4M2 compiled Apr  1 2025 10:13:55
T62EC 000:027.934   Firmware: J-Link OB-RA4M2 compiled Apr  1 2025 10:13:55
T62EC 000:042.097   Hardware: V1.00
T62EC 000:042.196   S/N: 1086477584
T62EC 000:042.236   OEM: SEGGER
T62EC 000:042.289   Feature(s): None
T62EC 000:043.366   Bootloader: 2021 May 14
T62EC 000:043.905   USB speed mode: Full speed (12 MBit/s)
T62EC 000:044.560   TELNET listener socket opened on port 19021
T62EC 000:044.943   WEBSRV WEBSRV_Init(): Starting webserver thread(s)
T62EC 000:045.329   WEBSRV Webserver running on local port 19080
T62EC 000:045.722   Looking for J-Link GUI Server exe at: C:\Users\a5148723\.eclipse\com.renesas.platform_170476184\DebugComp\RA\ARM\Segger_v8.44.1\JLinkGUIServer.exe
T62EC 000:046.142   Looking for J-Link GUI Server exe at: C:\Users\a5148723\SEGGER\JLink_V798g\JLinkGUIServer.exe
T62EC 000:349.313   Failed to connect to J-Link GUI Server.
T62EC 000:349.463 - 337.405ms returns "O.K."
T62EC 000:349.949 JLINK_ExecCommand("ProjectFile=C:\GIANGUYEN\GIT\pilot\ra-solutions-rvc\example_projects\fpb_ra2t1\_quickstart\quickstart_fpb_ra2t1_ep\e2studio/quickstart_fpb_ra2t1_ep Debug_Flat.jlink", ...). 
T62EC 000:378.786 - 28.839ms returns 0x00
T62EC 000:379.301 JLINK_ExecCommand("device=R7FA2T107", ...). 
T62EC 000:380.143   Flash bank @ 0x00000000: SFL: Parsing sectorization info from ELF file
T62EC 000:380.198     FlashDevice.SectorInfo[0]: .SectorSize = 0x00000800, .SectorStartAddr = 0x00000000
T62EC 000:380.224   FlashBank @0x00000000: Sectorization info from SFL ELF file ignored because sectorization override from DLL / XML file is active.
T62EC 000:380.346   Flash bank @ 0x01010010: SFL: Parsing sectorization info from ELF file
T62EC 000:380.372     FlashDevice.SectorInfo[0]: .SectorSize = 0x00000024, .SectorStartAddr = 0x00000000
T62EC 000:380.396   FlashBank @0x01010010: Sectorization info from SFL ELF file ignored because sectorization override from DLL / XML file is active.
T62EC 000:380.433   Flash bank @ 0x40100000: SFL: Parsing sectorization info from ELF file
T62EC 000:380.457     FlashDevice.SectorInfo[0]: .SectorSize = 0x00000400, .SectorStartAddr = 0x00000000
T62EC 000:380.480   FlashBank @0x40100000: Sectorization info from SFL ELF file ignored because sectorization override from DLL / XML file is active.
T62EC 000:380.509   Device "R7FA2T107" selected.
T62EC 000:382.651 - 3.322ms returns 0x00
T62EC 000:382.718 JLINK_ExecCommand("SetCPUConnectIDCODE = FFFFFFFFFFFFFFFFFFFFFFFFFFFFFFFF", ...). 
T62EC 000:382.741 - 0.003ms returns 0x00
T62EC 000:382.761 JLINK_TIF_GetAvailable(...)
T62EC 000:383.101 - 0.340ms 
T62EC 000:383.138 JLINK_TIF_Select(JLINKARM_TIF_SWD)
T62EC 000:384.249 - 1.110ms returns 0x00
T62EC 000:384.292 JLINK_SetSpeed(4000)
T62EC 000:384.470 - 0.181ms 
T62EC 000:384.506 JLINK_SetEndian(ARM_ENDIAN_LITTLE)
T62EC 000:384.521 - 0.015ms returns 0
T62EC 000:384.536 JLINK_SetInitRegsOnReset(OFF)
T62EC 000:384.550 - 0.014ms returns 1
T62EC 000:384.565 JLINK_SetResetType(JLINKARM_RESET_TYPE_NO_RESET)
T62EC 000:384.579 - 0.014ms returns JLINKARM_RESET_TYPE_NORMAL
T62EC 000:384.594 JLINK_ExecCommand("EnableFlashBPs", ...). 
T62EC 000:384.613 - 0.003ms returns 0x00
T62EC 000:384.630 JLINK_ExecCommand("SetAllowFlashCache = 1", ...). 
T62EC 000:384.647 - 0.001ms returns 0x01
T62EC 000:384.667 JLINK_ExecCommand("SetRestartOnClose = 0", ...). 
T62EC 000:384.683 - 0.001ms returns 0x01
T62EC 000:384.699 JLINK_ExecCommand("SetAllowSimulation = 0", ...). 
T62EC 000:384.716 - 0.001ms returns 0x01
T62EC 000:384.734 JLINK_EnableSoftBPs(ON)
T62EC 000:384.748 - 0.016ms 
T62EC 000:384.764 JLINK_Connect()
T62EC 000:385.794   InitTarget() start
T62EC 000:385.834    J-Link Script File: Executing InitTarget()
T62EC 000:385.854   Identifying target device...
T62EC 000:385.878   SWD selected. Executing JTAG -> SWD switching sequence...
T62EC 000:386.615   Initializing DAP...
T62EC 000:389.791   DAP initialized successfully.
T62EC 000:392.864   Low power mode detected. Waking device from low power mode.
T62EC 000:397.888   InitTarget() end - Took 12.0ms
T62EC 000:398.886   Found SW-DP with ID 0x5BA02477
T62EC 000:401.173   DPIDR: 0x5BA02477
T62EC 000:401.215   CoreSight SoC-400 or earlier
T62EC 000:401.238   Scanning AP map to find all available APs
T62EC 000:402.266   AP[2]: Stopped AP scan as end of AP map has been reached
T62EC 000:402.309   AP[0]: AHB-AP (IDR: 0x74770001, ADDR: 0x00000000)
T62EC 000:402.332   AP[1]: APB-AP (IDR: 0x44770002, ADDR: 0x01000000)
T62EC 000:402.357   Iterating through AP map to find AHB-AP to use
T62EC 000:403.394   AP[0]: Core found
T62EC 000:403.438   AP[0]: AHB-AP ROM base: 0x4001A000
T62EC 000:403.923   CPUID register: 0x411CD200. Implementer code: 0x41 (ARM)
T62EC 000:403.968   Feature set: Baseline
T62EC 000:404.413   Cache: No cache
T62EC 000:404.466   Found Cortex-M23 r1p0, Little endian.
T62EC 000:404.842   -- Max. mem block: 0x0001D4E8
T62EC 000:405.561   CPU_ReadMem(4 bytes @ 0xE000EDF0)
T62EC 000:406.117   CPU_ReadMem(4 bytes @ 0xE0002000)
T62EC 000:406.496   FPUnit: 4 code (BP) slots and 0 literal slots
T62EC 000:406.542   CPU_ReadMem(4 bytes @ 0xE000EDFC)
T62EC 000:406.913   CPU_ReadMem(4 bytes @ 0xE0001000)
T62EC 000:407.235   CPU_ReadMem(4 bytes @ 0xE0001000)
T62EC 000:407.565   CPU_ReadMem(4 bytes @ 0xE0001028)
T62EC 000:407.885   CPU_ReadMem(4 bytes @ 0xE0001038)
T62EC 000:408.377   CPU_WriteMem(4 bytes @ 0xE0001000)
T62EC 000:408.777   CPU_ReadMem(4 bytes @ 0xE000ED88)
T62EC 000:409.155   CPU_WriteMem(4 bytes @ 0xE000ED88)
T62EC 000:409.598   CPU_ReadMem(4 bytes @ 0xE000ED88)
T62EC 000:409.976   CPU_WriteMem(4 bytes @ 0xE000ED88)
T62EC 000:410.346   CPU_ReadMem(4 bytes @ 0xE000EFB8)
T62EC 000:410.801   Security extension: not implemented
T62EC 000:410.844   CoreSight components:
T62EC 000:410.871   ROMTbl[0] @ 4001A000
T62EC 000:410.896   CPU_ReadMem(64 bytes @ 0x4001A000)
T62EC 000:411.607   CPU_ReadMem(32 bytes @ 0xE000EFE0)
T62EC 000:412.142   CPU_ReadMem(4 bytes @ 0xE000EFBC)
T62EC 000:412.599   CPU_ReadMem(4 bytes @ 0xE000EFCC)
T62EC 000:412.972   [0][0]: E000E000 CID B105900D PID 000BBD20 DEVARCH 47702A04 DEVTYPE 00 Cortex-M23
T62EC 000:413.015   CPU_ReadMem(32 bytes @ 0xE0001FE0)
T62EC 000:413.543   CPU_ReadMem(4 bytes @ 0xE0001FBC)
T62EC 000:413.917   CPU_ReadMem(4 bytes @ 0xE0001FCC)
T62EC 000:414.288   [0][1]: E0001000 CID B105900D PID 000BBD20 DEVARCH 47701A02 DEVTYPE 00 DWT
T62EC 000:414.335   CPU_ReadMem(32 bytes @ 0xE0002FE0)
T62EC 000:414.886   CPU_ReadMem(4 bytes @ 0xE0002FBC)
T62EC 000:415.273   CPU_ReadMem(4 bytes @ 0xE0002FCC)
T62EC 000:415.635   [0][2]: E0002000 CID B105900D PID 000BBD20 DEVARCH 47701A03 DEVTYPE 00 FPB
T62EC 000:415.679   CPU_ReadMem(32 bytes @ 0x40019FE0)
T62EC 000:416.247   CPU_ReadMem(4 bytes @ 0x40019FBC)
T62EC 000:416.616   CPU_ReadMem(4 bytes @ 0x40019FCC)
T62EC 000:416.984   [0][3]: 40019000 CID B105900D PID 000BBD20 DEVARCH 47710A31 DEVTYPE 31 MTB
T62EC 000:417.056 - 32.291ms returns 0x00
T62EC 000:417.085 JLINK_Halt()
T62EC 000:419.778 - 2.693ms returns 0x00
T62EC 000:419.817 JLINK_IsHalted()
T62EC 000:419.840 - 0.022ms returns TRUE
T62EC 000:419.858 JLINK_ResetPullsRESET(ON)
T62EC 000:419.876 - 0.018ms 
T62EC 000:419.897 JLINK_Reset()
T62EC 000:419.924   JLINK_GetResetTypeDesc
T62EC 000:419.942   - 0.018ms 
T62EC 000:419.959   Reset type: CONNECT UNDER RESET (https://wiki.segger.com/J-Link_Reset_Strategies)
T62EC 000:419.978   CPU_WriteMem(4 bytes @ 0xE000EDF0)
T62EC 000:420.347   CPU_ReadMem(4 bytes @ 0xE000ED44)
T62EC 000:420.804   CPU_WriteMem(4 bytes @ 0xE000EDFC)
T62EC 000:421.227   Reset: Halt core after reset via DEMCR.VC_CORERESET.
T62EC 000:421.672   Reset: Reset device via AIRCR.SYSRESETREQ.
T62EC 000:421.715   CPU_WriteMem(4 bytes @ 0xE000ED0C)
T62EC 000:477.723   CPU_ReadMem(4 bytes @ 0xE000EDF0)
T62EC 000:478.228   CPU_ReadMem(4 bytes @ 0xE000EDF0)
T62EC 000:478.716   CPU_WriteMem(4 bytes @ 0xE000EDFC)
T62EC 000:485.621   CPU_ReadMem(4 bytes @ 0xE000EDF0)
T62EC 000:489.206   CPU_WriteMem(4 bytes @ 0xE0002000)
T62EC 000:489.706   CPU_ReadMem(4 bytes @ 0xE000EDFC)
T62EC 000:490.261   CPU_ReadMem(4 bytes @ 0xE0001000)
T62EC 000:490.738   CPU_WriteMem(4 bytes @ 0xE0001000)
T62EC 000:491.286   CPU_ReadMem(4 bytes @ 0xE000EE08)
T62EC 000:491.793 - 71.896ms 
T62EC 000:492.733 JLINK_IsHalted()
T62EC 000:492.775 - 0.041ms returns TRUE
T62EC 000:493.079 JLINK_MeasureCPUSpeed(RAMAddr = 0xFFFFFFFF)
T62EC 000:493.113   CPU_ReadMem(16 bytes @ 0x20004000)
T62EC 000:493.658   CPU_ReadMem(64 bytes @ 0x20004000)
T62EC 000:494.751    -- Updating C cache (64 bytes @ 0x20004000)
T62EC 000:494.794    -- Read from C cache (6 bytes @ 0x20004000)
T62EC 000:494.819   CPU_ReadMem(4 bytes @ 0x40019004)
T62EC 000:495.167   CPU_ReadMem(4 bytes @ 0xE000ED90)
T62EC 000:495.658   CPU_ReadMem(4 bytes @ 0xE000ED94)
T62EC 000:496.106   CPU_WriteMem(16 bytes @ 0x20004000)
T62EC 000:496.657   CPU_WriteMem(6 bytes @ 0x20004000)
T62EC 000:497.243   CPU_ReadMem(64 bytes @ 0x20004000)
T62EC 000:498.181    -- Updating C cache (64 bytes @ 0x20004000)
T62EC 000:498.239    -- Read from C cache (6 bytes @ 0x20004000)
T62EC 000:498.271   CPU_ReadMem(4 bytes @ 0xE000EE08)
T62EC 000:498.676   CPU_WriteMem(4 bytes @ 0xE0002008)
T62EC 000:498.707   CPU_WriteMem(4 bytes @ 0xE000200C)
T62EC 000:498.728   CPU_WriteMem(4 bytes @ 0xE0002010)
T62EC 000:498.750   CPU_WriteMem(4 bytes @ 0xE0002014)
T62EC 000:506.230   CPU_WriteMem(4 bytes @ 0xE0002008)
T62EC 000:506.809   CPU_WriteMem(4 bytes @ 0xE000200C)
T62EC 000:507.336   CPU_WriteMem(4 bytes @ 0xE0002010)
T62EC 000:507.823   CPU_WriteMem(4 bytes @ 0xE0002014)
T62EC 000:508.256   CPU_ReadMem(4 bytes @ 0xE000EE08)
T62EC 000:508.676   CPU_ReadMem(4 bytes @ 0xE000EE08)
T62EC 000:509.129   CPU_ReadMem(4 bytes @ 0xE000EE08)
T62EC 000:535.125   CPU_WriteMem(6 bytes @ 0x20004000)
T62EC 000:535.641   ClockFreq: 663000 Hz
T62EC 000:535.680 - 42.600ms returns 663000
T62EC 000:535.705 JLINK_ReadReg(XPSR)
T62EC 000:535.725   CPU_ReadMem(4 bytes @ 0xE000EE08)
T62EC 000:536.158 - 0.452ms returns 0x21000000
T3C20 002:631.054 JLINK_ReadReg(XPSR)
T3C20 002:631.512   CPU_ReadMem(4 bytes @ 0xE000EE08)
T3C20 002:631.845 - 0.790ms returns 0x21000000
T3C20 002:654.416 JLINK_ReadReg(XPSR)
T3C20 002:654.514 - 0.097ms returns 0x21000000
T3C20 002:762.415 JLINK_ReadReg(XPSR)
T3C20 002:762.505 - 0.090ms returns 0x21000000
T3C20 002:886.515 JLINK_ResetPullsRESET(ON)
T3C20 002:886.570 - 0.055ms 
T3C20 002:886.607 JLINK_Halt()
T3C20 002:886.631 - 0.023ms returns 0x00
T3C20 002:886.655 JLINK_IsHalted()
T3C20 002:886.679 - 0.024ms returns TRUE
T3C20 002:886.706 JLINK_Reset()
T3C20 002:886.759   CPU_ReadMem(4 bytes @ 0x20004000)
T3C20 002:887.187   CPU_WriteMem(4 bytes @ 0x20004000)
T3C20 002:887.650   JLINK_GetResetTypeDesc
T3C20 002:887.684   - 0.033ms 
T3C20 002:887.700   Reset type: CONNECT UNDER RESET (https://wiki.segger.com/J-Link_Reset_Strategies)
T3C20 002:887.717   CPU_WriteMem(4 bytes @ 0xE000EDF0)
T3C20 002:888.177   CPU_ReadMem(4 bytes @ 0xE000ED44)
T3C20 002:888.615   CPU_WriteMem(4 bytes @ 0xE000EDFC)
T3C20 002:889.066   Reset: Halt core after reset via DEMCR.VC_CORERESET.
T3C20 002:889.594   Reset: Reset device via AIRCR.SYSRESETREQ.
T3C20 002:889.650   CPU_WriteMem(4 bytes @ 0xE000ED0C)
T3C20 002:943.713   CPU_ReadMem(4 bytes @ 0xE000EDF0)
T3C20 002:944.188   CPU_ReadMem(4 bytes @ 0xE000EDF0)
T3C20 002:944.640   CPU_WriteMem(4 bytes @ 0xE000EDFC)
T3C20 002:950.842   CPU_ReadMem(4 bytes @ 0xE000EDF0)
T3C20 002:954.502   CPU_WriteMem(4 bytes @ 0xE0002000)
T3C20 002:954.931   CPU_ReadMem(4 bytes @ 0xE000EDFC)
T3C20 002:955.453   CPU_ReadMem(4 bytes @ 0xE0001000)
T3C20 002:956.098   CPU_WriteMem(4 bytes @ 0xE0001000)
T3C20 002:956.651   CPU_ReadMem(4 bytes @ 0xE000EE08)
T3C20 002:957.226 - 70.520ms 
T3C20 002:957.266 JLINK_SetEndian(ARM_ENDIAN_LITTLE)
T3C20 002:957.284 - 0.019ms returns 0
T3C20 002:958.164 JLINK_BeginDownload(Flags = 0x00000000)
T3C20 002:958.208 - 0.044ms 
T3C20 002:982.344 JLINK_WriteMem(0x00000000, 0x40 Bytes, ...)
T3C20 002:982.420   Data:  08 44 00 20 7D 00 00 00 89 08 00 00 E1 08 00 00 ...
T3C20 002:982.680   completely In flash
T3C20 002:982.717 - 0.372ms returns 0x40
T3C20 002:983.231 JLINK_WriteMem(0x00000040, 0x138 Bytes, ...)
T3C20 002:983.326   Data:  01 00 00 00 70 00 00 00 02 00 00 00 50 00 00 00 ...
T3C20 002:983.395   completely In flash
T3C20 002:983.458 - 0.227ms returns 0x138
T3C20 002:984.942 JLINK_WriteMem(0x00000400, 0x4 Bytes, ...)
T3C20 002:984.993   Data:  FF FF FF FF
T3C20 002:985.021   completely In flash
T3C20 002:985.046 - 0.103ms returns 0x4
T3C20 002:985.709 JLINK_WriteMem(0x00000404, 0x4 Bytes, ...)
T3C20 002:985.762   Data:  DF DF FF FF
T3C20 002:985.789   completely In flash
T3C20 002:985.812 - 0.103ms returns 0x4
T3C20 002:986.223 JLINK_WriteMem(0x00000440, 0x4 Bytes, ...)
T3C20 002:986.257   Data:  F4 01 00 00
T3C20 002:986.283   completely In flash
T3C20 002:986.306 - 0.083ms returns 0x4
T3C20 002:986.861 JLINK_WriteMem(0x00000444, 0x6D0 Bytes, ...)
T3C20 002:986.895   Data:  44 F2 04 00 44 F2 04 03 C2 F2 00 00 C2 F2 00 03 ...
T3C20 002:986.923   completely In flash
T3C20 002:986.949 - 0.088ms returns 0x6D0
T3C20 002:987.272 JLINK_WriteMem(0x00000B14, 0x4 Bytes, ...)
T3C20 002:987.323   Data:  F8 B5 C0 46
T3C20 002:987.348   completely In flash
T3C20 002:987.389 - 0.116ms returns 0x4
T3C20 002:987.722 JLINK_WriteMem(0x00000B18, 0x4 Bytes, ...)
T3C20 002:987.756   Data:  F8 B5 C0 46
T3C20 002:987.784   completely In flash
T3C20 002:987.807 - 0.085ms returns 0x4
T3C20 002:988.138 JLINK_WriteMem(0x00000B1C, 0x4 Bytes, ...)
T3C20 002:988.188   Data:  C5 04 00 00
T3C20 002:988.230   completely In flash
T3C20 002:988.255 - 0.117ms returns 0x4
T3C20 002:988.675 JLINK_WriteMem(0x00000B20, 0x4 Bytes, ...)
T3C20 002:988.723   Data:  95 04 00 00
T3C20 002:988.759   completely In flash
T3C20 002:988.795 - 0.119ms returns 0x4
T3C20 003:011.374 JLINK_EndDownload()
T3C20 003:011.655   HandleBeforeFlashProg() start
T3C20 003:011.712    J-Link Script File: Executing HandleBeforeFlashProg()
T3C20 003:011.737   CPU_ReadMem(2 bytes @ 0x40000D04)
T3C20 003:012.083   CPU_ReadMem(2 bytes @ 0x40000D14)
T3C20 003:012.427   HandleBeforeFlashProg() end - Took 713us
T3C20 003:012.472   CPU_ReadMem(4 bytes @ 0x40019004)
T3C20 003:012.817   CPU_ReadMem(4 bytes @ 0xE000ED90)
T3C20 003:013.179   CPU_ReadMem(4 bytes @ 0xE000ED94)
T3C20 003:013.572    -- --------------------------------------
T3C20 003:013.620    -- Start of determining flash info (Bank @ 0x00000000)
T3C20 003:013.650    -- End of determining flash info
T3C20 003:013.677    -- Start of determining dirty areas in flash cache
T3C20 003:013.703    -- Filling invalid ranges in sector buffer (flash cache) for sector @ 0x00000000 if necessary
T3C20 003:013.729    -- Filling invalid ranges in sector buffer (flash cache) for sector @ 0x00000800 if necessary
T3C20 003:013.765    -- End of determining dirty areas
T3C20 003:013.798    -- Start of preparing flash programming
T3C20 003:013.823    -- Preparing RAMCode
T3C20 003:013.850    -- Calculating RAM usage
T3C20 003:013.875    -- RAM usage = 4728 Bytes
T3C20 003:013.900    -- Preserving CPU registers
T3C20 003:014.252    -- Preparing memory
T3C20 003:014.313    -- Preparing target
T3C20 003:014.349    -- Preserving target RAM temporarily used for programming
T3C20 003:038.748    -- Downloading RAMCode
T3C20 003:061.327    -- Initializing RAMCode (InitType: 3 = Verify)
T3C20 003:061.394   CPU_ReadMem(2 bytes @ 0x40000D04)
T3C20 003:062.116   CPU_ReadMem(2 bytes @ 0x40000D14)
T3C20 003:062.595    -- Executing SEGGER_FL_Prepare(3)
T3C20 003:067.383    -- SEGGER_FL_Prepare() changed clock speed to 8000000Hz
T3C20 003:067.474    -- End of preparing flash programming
T3C20 003:067.501   
  ***** Warning: 
T3C20 003:067.521   CPU is running at low speed (8000 kHz).
T3C20 003:067.542    -- CPU is running at 8000 kHz.
T3C20 003:067.564    -- Start of comparing flash
T3C20 003:067.586    -- CRC check was estimated as fastest method
T3C20 003:067.610    -- Comparing range 0x0000 - 0x0FFF (2 Sectors, 4 KB), using single-block CRC calculation
T3C20 003:081.262    -- CRC matches
T3C20 003:081.330    -- Comparing range 0x0000 - 0x0FFF (2 Sectors, 4 KB), using alternative single-block CRC calculation
T3C20 003:094.534    -- CRC matches
T3C20 003:094.597    -- End of comparing flash
T3C20 003:094.624    -- Start of erasing sectors
T3C20 003:094.652    -- End of erasing sectors
T3C20 003:094.679    -- Start of flash programming
T3C20 003:094.704    -- End of flash programming
T3C20 003:094.727    -- Start of verifying flash
T3C20 003:094.751    -- End of verifying flash
T3C20 003:094.774    -- Start of restoring
T3C20 003:094.800    -- Executing SEGGER_FL_Restore()
T3C20 003:098.301    -- Restoring target memory
T3C20 003:120.151    -- Restoring CPU registers
T3C20 003:120.702    -- End of restoring
T3C20 003:120.753    -- Bank 0 @ 0x00000000: Skipped. Contents already match
T3C20 003:120.775    -- Bank 0 @ 0x00000000: Skipped. Contents already match
T3C20 003:120.801   HandleAfterFlashProg() start
T3C20 003:120.827    J-Link Script File: Executing HandleAfterFlashProg()
T3C20 003:120.844   HandleAfterFlashProg() end - Took 17us
T3C20 003:121.255 - 109.881ms returns 0 (0x0)
T3C20 003:123.329 JLINK_WriteReg(R15 (PC), 0x0000007C)
T3C20 003:123.400 - 0.070ms returns 0
T3C20 003:123.425 JLINK_WriteReg(XPSR, 0x01000000)
T3C20 003:123.448 - 0.022ms returns 0
T3C20 003:124.069 JLINK_ResetPullsRESET(ON)
T3C20 003:124.124 - 0.056ms 
T3C20 003:124.142 JLINK_Halt()
T3C20 003:124.162 - 0.019ms returns 0x00
T3C20 003:124.179 JLINK_IsHalted()
T3C20 003:124.197 - 0.017ms returns TRUE
T3C20 003:124.213 JLINK_Reset()
T3C20 003:124.234   CPU_ReadMem(4 bytes @ 0x20004000)
T3C20 003:124.610   CPU_WriteMem(4 bytes @ 0x20004000)
T3C20 003:124.995   JLINK_GetResetTypeDesc
T3C20 003:125.031   - 0.035ms 
T3C20 003:125.049   Reset type: CONNECT UNDER RESET (https://wiki.segger.com/J-Link_Reset_Strategies)
T3C20 003:125.067   CPU_WriteMem(4 bytes @ 0xE000EDF0)
T3C20 003:125.407   CPU_ReadMem(4 bytes @ 0xE000ED44)
T3C20 003:125.730   CPU_WriteMem(4 bytes @ 0xE000EDFC)
T3C20 003:126.076   Reset: Halt core after reset via DEMCR.VC_CORERESET.
T3C20 003:126.568   Reset: Reset device via AIRCR.SYSRESETREQ.
T3C20 003:126.614   CPU_WriteMem(4 bytes @ 0xE000ED0C)
T3C20 003:181.441   CPU_ReadMem(4 bytes @ 0xE000EDF0)
T3C20 003:181.989   CPU_ReadMem(4 bytes @ 0xE000EDF0)
T3C20 003:182.391   CPU_WriteMem(4 bytes @ 0xE000EDFC)
T3C20 003:188.893   CPU_ReadMem(4 bytes @ 0xE000EDF0)
T3C20 003:192.406   CPU_WriteMem(4 bytes @ 0xE0002000)
T3C20 003:192.985   CPU_ReadMem(4 bytes @ 0xE000EDFC)
T3C20 003:193.492   CPU_ReadMem(4 bytes @ 0xE0001000)
T3C20 003:194.018   CPU_WriteMem(4 bytes @ 0xE0001000)
T3C20 003:194.644   CPU_ReadMem(4 bytes @ 0xE000EE08)
T3C20 003:195.242 - 71.027ms 
T3C20 003:195.299 JLINK_SetEndian(ARM_ENDIAN_LITTLE)
T3C20 003:195.323 - 0.024ms returns 0
T3C20 003:221.906 JLINK_ReadReg(XPSR)
T3C20 003:221.997   CPU_ReadMem(4 bytes @ 0xE000EE08)
T3C20 003:222.471 - 0.564ms returns 0x61000000
T3C20 003:223.456 JLINK_ReadMem(0x0000007C, 0x4 Bytes, ...)
T3C20 003:223.524    -- Read from flash cache (4 bytes @ 0x0000007C)
T3C20 003:223.570   Data:  10 B5 00 F0
T3C20 003:223.599 - 0.139ms returns 0
T3C20 003:224.278 JLINK_ReadMem(0x00000000, 0x4 Bytes, ...)
T3C20 003:224.337    -- Read from flash cache (4 bytes @ 0x00000000)
T3C20 003:224.373   Data:  08 44 00 20
T3C20 003:224.401 - 0.124ms returns 0
T3C20 003:227.826 JLINK_ReadReg(XPSR)
T3C20 003:227.918 - 0.091ms returns 0x61000000
T3C20 003:228.588 JLINK_ReadMem(0x0000007C, 0x4 Bytes, ...)
T3C20 003:228.656    -- Read from flash cache (4 bytes @ 0x0000007C)
T3C20 003:228.708   Data:  10 B5 00 F0
T3C20 003:228.750 - 0.162ms returns 0
T3C20 003:229.299 JLINK_ReadMem(0x00000000, 0x4 Bytes, ...)
T3C20 003:229.364    -- Read from flash cache (4 bytes @ 0x00000000)
T3C20 003:229.388   Data:  08 44 00 20
T3C20 003:229.414 - 0.114ms returns 0
T3C20 003:293.167 JLINK_ReadReg(XPSR)
T3C20 003:293.241 - 0.074ms returns 0x61000000
T3C20 003:294.107 JLINK_GetNumBPUnits(Type = 0xFFFFFF00)
T3C20 003:294.154 - 0.047ms returns 0x04
T3C20 003:294.175 JLINK_GetNumWPUnits()
T3C20 003:294.191 - 0.016ms returns 2
T3C20 003:294.209 JLINK_GetNumWPUnits()
T3C20 003:294.226 - 0.016ms returns 2
T3C20 003:294.246 JLINK_GetNumBPUnits(Type = 0xFFFFFF00)
T3C20 003:294.262 - 0.016ms returns 0x04
T3C20 003:294.278 JLINK_GetNumWPUnits()
T3C20 003:294.294 - 0.015ms returns 2
T3C20 003:294.310 JLINK_GetNumWPUnits()
T3C20 003:294.325 - 0.015ms returns 2
T3C20 003:294.345 JLINK_GetNumBPUnits(Type = 0xFFFFFF00)
T3C20 003:294.361 - 0.016ms returns 0x04
T3C20 003:294.377 JLINK_GetNumWPUnits()
T3C20 003:294.393 - 0.015ms returns 2
T3C20 003:294.410 JLINK_GetNumWPUnits()
T3C20 003:294.428 - 0.017ms returns 2
T3C20 003:294.478 JLINK_SetBPEx(Addr = 0x00000628, Type = 0xFFFFFF00)
T3C20 003:294.502 - 0.024ms returns 0x00000001
T3C20 003:294.541 JLINK_ClrBPEx(BPHandle = 0x00000001)
T3C20 003:294.560 - 0.018ms returns 0x00
T3C20 003:308.159 JLINK_ReadMem(0x00000600, 0x40 Bytes, ...)
T3C20 003:308.226    -- Read from flash cache (64 bytes @ 0x00000600)
T3C20 003:308.251   Data:  E8 31 18 68 00 F0 02 F9 C6 E7 C0 46 B8 0A 00 00 ...
T3C20 003:308.276 - 0.117ms returns 0
T3C20 003:309.174 JLINK_ReadMem(0x00000628, 0x2 Bytes, ...)
T3C20 003:309.239    -- Read from flash cache (2 bytes @ 0x00000628)
T3C20 003:309.278   Data:  10 B5
T3C20 003:309.314 - 0.141ms returns 0
T3C20 003:309.744 JLINK_SetBPEx(Addr = 0x00000628, Type = 0xFFFFFF00)
T3C20 003:309.808 - 0.064ms returns 0x00000002
T3C20 003:416.781 JLINK_ReadRegs(NumRegs = 22)
T3C20 003:416.913   
  R0 (0)        = 0x00                 R1 (1)        = 0x40044400           R2 (2)        = 0x00                 R3 (3)        = 0x20004115        
  R4 (4)        = 0x20005208           R5 (5)        = 0x200045A0           R6 (6)        = 0x00                 R7 (7)        = 0x20005268        
  R8 (8)        = 0x850D6284           R9 (9)        = 0x40008634           R10 (10)      = 0x20456A06           R11 (11)      = 0x8CB00624        
  R12 (12)      = 0x40044400           R13 (SP) (13) = 0x20004408           R14 (14)      = 0x200044FB           R15 (PC) (15) = 0x7C              
  XPSR (16)     = 0x61000000           MSP (17)      = 0x20004408           PSP (18)      = 0xA7408              MSPLIM (86)   = 0x00              
  PSPLIM (87)   = 0x00                 CFBP (20)     = 0x00              
T3C20 003:416.952 - 0.171ms returns 0x00
T3C20 003:417.285 JLINK_ReadReg(XPSR)
T3C20 003:417.342 - 0.056ms returns 0x61000000
T3C20 003:418.092 JLINK_ReadMem(0x0000007C, 0x4 Bytes, ...)
T3C20 003:418.157    -- Read from flash cache (4 bytes @ 0x0000007C)
T3C20 003:418.189   Data:  10 B5 00 F0
T3C20 003:418.220 - 0.128ms returns 0
T3C20 003:418.780 JLINK_ReadMem(0x200044FA, 0x4 Bytes, ...)
T3C20 003:418.896   CPU_ReadMem(64 bytes @ 0x200044C0)
T3C20 003:419.738    -- Updating C cache (64 bytes @ 0x200044C0)
T3C20 003:419.823    -- Read from C cache (4 bytes @ 0x200044FA)
T3C20 003:419.861   Data:  46 53 50 20
T3C20 003:419.902 - 1.122ms returns 0
T3C20 003:420.332 JLINK_ReadMem(0x200044FA, 0x2 Bytes, ...)
T3C20 003:420.408    -- Read from C cache (2 bytes @ 0x200044FA)
T3C20 003:420.452   Data:  46 53
T3C20 003:420.503 - 0.171ms returns 0
T415C 003:488.100 JLINK_GetNumBPUnits(Type = 0xFFFFFF00)
T415C 003:488.220 - 0.120ms returns 0x04
T415C 003:488.255 JLINK_GetNumWPUnits()
T415C 003:488.280 - 0.025ms returns 2
T415C 003:488.307 JLINK_GetNumWPUnits()
T415C 003:488.334 - 0.026ms returns 2
T415C 003:488.666 JLINK_GetNumBPUnits(Type = 0xFFFFFF00)
T415C 003:488.718 - 0.052ms returns 0x04
T415C 003:488.747 JLINK_GetNumWPUnits()
T415C 003:488.793 - 0.045ms returns 2
T415C 003:488.824 JLINK_GetNumWPUnits()
T415C 003:488.853 - 0.029ms returns 2
T415C 003:489.131 JLINK_GetNumBPUnits(Type = 0xFFFFFF00)
T415C 003:489.175 - 0.044ms returns 0x04
T415C 003:489.198 JLINK_GetNumWPUnits()
T415C 003:489.217 - 0.019ms returns 2
T415C 003:489.238 JLINK_GetNumWPUnits()
T415C 003:489.256 - 0.018ms returns 2
T415C 003:489.476 JLINK_GetNumBPUnits(Type = 0xFFFFFF00)
T415C 003:489.536 - 0.059ms returns 0x04
T415C 003:489.570 JLINK_GetNumWPUnits()
T415C 003:489.608 - 0.036ms returns 2
T415C 003:489.643 JLINK_GetNumWPUnits()
T415C 003:489.675 - 0.031ms returns 2
T415C 003:490.195 JLINK_GetNumBPUnits(Type = 0xFFFFFF00)
T415C 003:490.249 - 0.054ms returns 0x04
T415C 003:490.278 JLINK_GetNumWPUnits()
T415C 003:490.307 - 0.028ms returns 2
T415C 003:490.336 JLINK_GetNumWPUnits()
T415C 003:490.363 - 0.027ms returns 2
T415C 003:490.978 JLINK_GetNumBPUnits(Type = 0xFFFFFF00)
T415C 003:491.035 - 0.057ms returns 0x04
T415C 003:491.066 JLINK_GetNumWPUnits()
T415C 003:491.096 - 0.029ms returns 2
T415C 003:491.128 JLINK_GetNumWPUnits()
T415C 003:491.155 - 0.027ms returns 2
T415C 003:491.662 JLINK_GetNumBPUnits(Type = 0xFFFFFF00)
T415C 003:491.727 - 0.065ms returns 0x04
T415C 003:491.760 JLINK_GetNumWPUnits()
T415C 003:491.789 - 0.029ms returns 2
T415C 003:491.819 JLINK_GetNumWPUnits()
T415C 003:491.848 - 0.029ms returns 2
T415C 003:492.117 JLINK_GetNumBPUnits(Type = 0xFFFFFF00)
T415C 003:492.182 - 0.065ms returns 0x04
T415C 003:492.223 JLINK_GetNumWPUnits()
T415C 003:492.252 - 0.028ms returns 2
T415C 003:492.280 JLINK_GetNumWPUnits()
T415C 003:492.307 - 0.026ms returns 2
T3C20 003:493.499 JLINK_ReadReg(XPSR)
T3C20 003:493.563 - 0.064ms returns 0x61000000
T3C20 003:494.259 JLINK_ReadMem(0x0000007C, 0x4 Bytes, ...)
T3C20 003:494.294    -- Read from flash cache (4 bytes @ 0x0000007C)
T3C20 003:494.323   Data:  10 B5 00 F0
T3C20 003:494.351 - 0.092ms returns 0
T3C20 003:494.731 JLINK_ReadMem(0x200044FA, 0x4 Bytes, ...)
T3C20 003:494.766    -- Read from C cache (4 bytes @ 0x200044FA)
T3C20 003:494.796   Data:  46 53 50 20
T3C20 003:494.824 - 0.092ms returns 0
T3C20 003:494.934 JLINK_ReadMem(0x200044FA, 0x2 Bytes, ...)
T3C20 003:494.964    -- Read from C cache (2 bytes @ 0x200044FA)
T3C20 003:494.998   Data:  46 53
T3C20 003:495.028 - 0.093ms returns 0
T3C20 003:523.930 JLINK_ReadMem(0x200044FA, 0x4 Bytes, ...)
T3C20 003:524.000    -- Read from C cache (4 bytes @ 0x200044FA)
T3C20 003:524.025   Data:  46 53 50 20
T3C20 003:524.052 - 0.122ms returns 0
T3C20 003:524.168 JLINK_ReadMem(0x200044FA, 0x2 Bytes, ...)
T3C20 003:524.190    -- Read from C cache (2 bytes @ 0x200044FA)
T3C20 003:524.215   Data:  46 53
T3C20 003:524.238 - 0.071ms returns 0
T3C20 003:539.762 JLINK_ReadReg(XPSR)
T3C20 003:539.887 - 0.129ms returns 0x61000000
T3C20 005:716.949 JLINK_STRACE_Read(..., NumItems = 0x10000)
T3C20 005:717.037   Initializing trace type buffer with configured Coresight trace components (* indicates set/detected address):
T3C20 005:717.056     TF:   0x00000000
T3C20 005:717.072     TMC:  0x00000000
T3C20 005:717.088     ETB:  0x00000000
T3C20 005:717.104    *MTB:  0x40019000
T3C20 005:717.119     TPIU: 0x00000000
T3C20 005:717.135     ETM:  0x00000000
T3C20 005:717.154     STM:  0x00000000
T3C20 005:717.177     PTM:  0x00000000
T3C20 005:717.421 - 0.473ms NumItemsRead = 0x00
T3C20 005:717.465 JLINK_IsHalted()
T3C20 005:717.815 - 0.350ms returns TRUE
T3C20 005:717.866 JLINK_STRACE_Read(..., NumItems = 0x10000)
T3C20 005:717.890 - 0.024ms NumItemsRead = 0x00
T3C20 005:717.914 JLINK_GoEx(MaxEmulInsts = 0, Flags = 0x01)
T3C20 005:717.959   CPU_WriteMem(4 bytes @ 0xE0002000)
T3C20 005:718.333   CPU_ReadMem(4 bytes @ 0xE0001000)
T3C20 005:718.766   CPU_WriteMem(4 bytes @ 0xE0001000)
T3C20 005:719.143   CPU_WriteMem(4 bytes @ 0xE0002008)
T3C20 005:719.204   CPU_WriteMem(4 bytes @ 0xE000200C)
T3C20 005:719.228   CPU_WriteMem(4 bytes @ 0xE0002010)
T3C20 005:719.254   CPU_WriteMem(4 bytes @ 0xE0002014)
T3C20 005:720.152   CPU_WriteMem(4 bytes @ 0xE0001004)
T3C20 005:721.240   Memory map 'after startup completion point' is active
T3C20 005:721.299 - 3.385ms 
T3C20 005:819.730 JLINK_IsHalted()
T3C20 005:822.692 - 2.961ms returns TRUE
T3C20 005:822.749 JLINK_ReadReg(XPSR)
T3C20 005:822.770   CPU_ReadMem(4 bytes @ 0xE000EE08)
T3C20 005:823.157 - 0.408ms returns 0x61000000
T3C20 005:823.193 JLINK_ReadReg(R15 (PC))
T3C20 005:823.210 - 0.017ms returns 0x00000628
T3C20 005:823.230 JLINK_ReadReg(XPSR)
T3C20 005:823.246 - 0.016ms returns 0x61000000
T3C20 005:823.262 JLINK_ReadReg(XPSR)
T3C20 005:823.279 - 0.017ms returns 0x61000000
T3C20 005:823.296 JLINK_ReadReg(R15 (PC))
T3C20 005:823.312 - 0.015ms returns 0x00000628
T3C20 005:823.329 JLINK_ReadReg(XPSR)
T3C20 005:823.345 - 0.016ms returns 0x61000000
T3C20 005:823.362 JLINK_ReadReg(XPSR)
T3C20 005:823.377 - 0.015ms returns 0x61000000
T3C20 005:823.394 JLINK_ReadMem(0x00000628, 0x1 Bytes, ...)
T3C20 005:823.411    -- Read from flash cache (1 bytes @ 0x00000628)
T3C20 005:823.432   Data:  10
T3C20 005:823.453 - 0.059ms returns 0
T3C20 005:823.468 JLINK_IsHalted()
T3C20 005:823.482 - 0.013ms returns TRUE
T3C20 005:823.497 JLINK_ReadReg(XPSR)
T3C20 005:823.511 - 0.014ms returns 0x61000000
T3C20 005:823.529 JLINK_ReadReg(XPSR)
T3C20 005:823.543 - 0.014ms returns 0x61000000
T3C20 005:823.558 JLINK_ReadReg(R15 (PC))
T3C20 005:823.573 - 0.014ms returns 0x00000628
T3C20 005:823.588 JLINK_ReadReg(XPSR)
T3C20 005:823.603 - 0.014ms returns 0x61000000
T3C20 005:823.619 JLINK_ReadReg(XPSR)
T3C20 005:823.634 - 0.015ms returns 0x61000000
T3C20 005:823.649 JLINK_ReadMem(0x00000628, 0x1 Bytes, ...)
T3C20 005:823.664    -- Read from flash cache (1 bytes @ 0x00000628)
T3C20 005:823.686   Data:  10
T3C20 005:823.707 - 0.058ms returns 0
T3C20 005:823.781 JLINK_IsHalted()
T3C20 005:823.797 - 0.016ms returns TRUE
T3C20 005:823.813 JLINK_ReadReg(XPSR)
T3C20 005:823.828 - 0.014ms returns 0x61000000
T3C20 005:823.843 JLINK_ReadReg(R15 (PC))
T3C20 005:823.859 - 0.015ms returns 0x00000628
T3C20 005:823.874 JLINK_ReadReg(XPSR)
T3C20 005:823.889 - 0.015ms returns 0x61000000
T3C20 005:823.905 JLINK_ReadReg(XPSR)
T3C20 005:823.921 - 0.016ms returns 0x61000000
T3C20 005:823.936 JLINK_ReadReg(R15 (PC))
T3C20 005:823.951 - 0.014ms returns 0x00000628
T3C20 005:823.966 JLINK_ReadReg(XPSR)
T3C20 005:823.984 - 0.018ms returns 0x61000000
T3C20 005:823.999 JLINK_ReadReg(XPSR)
T3C20 005:824.014 - 0.014ms returns 0x61000000
T3C20 005:824.029 JLINK_ReadMem(0x00000628, 0x1 Bytes, ...)
T3C20 005:824.044    -- Read from flash cache (1 bytes @ 0x00000628)
T3C20 005:824.065   Data:  10
T3C20 005:824.085 - 0.056ms returns 0
T3C20 005:824.100 JLINK_IsHalted()
T3C20 005:824.115 - 0.014ms returns TRUE
T3C20 005:824.130 JLINK_ReadReg(XPSR)
T3C20 005:824.146 - 0.015ms returns 0x61000000
T3C20 005:824.161 JLINK_ReadReg(XPSR)
T3C20 005:824.175 - 0.014ms returns 0x61000000
T3C20 005:824.191 JLINK_ReadReg(R15 (PC))
T3C20 005:824.206 - 0.014ms returns 0x00000628
T3C20 005:824.221 JLINK_ReadReg(XPSR)
T3C20 005:824.237 - 0.015ms returns 0x61000000
T3C20 005:824.251 JLINK_ReadReg(XPSR)
T3C20 005:824.273 - 0.022ms returns 0x61000000
T3C20 005:824.289 JLINK_ReadMem(0x00000628, 0x1 Bytes, ...)
T3C20 005:824.305    -- Read from flash cache (1 bytes @ 0x00000628)
T3C20 005:824.326   Data:  10
T3C20 005:824.347 - 0.058ms returns 0
T3C20 005:825.210 JLINK_ReadRegs(NumRegs = 22)
T3C20 005:825.281   
  R0 (0)        = 0x00                 R1 (1)        = 0x00                 R2 (2)        = 0x00                 R3 (3)        = 0x00              
  R4 (4)        = 0x20005208           R5 (5)        = 0x200045A0           R6 (6)        = 0x00                 R7 (7)        = 0x20005268        
  R8 (8)        = 0x850D6284           R9 (9)        = 0x40008634           R10 (10)      = 0x20456A06           R11 (11)      = 0x8CB00624        
  R12 (12)      = 0x40044400           R13 (SP) (13) = 0x20004400           R14 (14)      = 0x87                 R15 (PC) (15) = 0x628             
  XPSR (16)     = 0x61000000           MSP (17)      = 0x20004400           PSP (18)      = 0xA7408              MSPLIM (86)   = 0x00              
  PSPLIM (87)   = 0x00                 CFBP (20)     = 0x00              
T3C20 005:825.356 - 0.145ms returns 0x00
T3C20 005:826.019 JLINK_ReadReg(XPSR)
T3C20 005:826.079 - 0.060ms returns 0x61000000
T3C20 005:827.127 JLINK_ReadMem(0x00000628, 0x4 Bytes, ...)
T3C20 005:827.182    -- Read from flash cache (4 bytes @ 0x00000628)
T3C20 005:827.207   Data:  10 B5 FF F7
T3C20 005:827.239 - 0.112ms returns 0
T3C20 005:828.404 JLINK_ClrBPEx(BPHandle = 0x00000002)
T3C20 005:828.473 - 0.069ms returns 0x00
T3C20 005:840.928 JLINK_ReadMem(0x00000628, 0x4 Bytes, ...)
T3C20 005:841.004    -- Read from flash cache (4 bytes @ 0x00000628)
T3C20 005:841.044   Data:  10 B5 FF F7
T3C20 005:841.073 - 0.145ms returns 0
T3C20 005:887.121 JLINK_ReadReg(XPSR)
T3C20 005:887.220 - 0.098ms returns 0x61000000
T3C20 005:888.347 JLINK_ReadReg(XPSR)
T3C20 005:888.447 - 0.100ms returns 0x61000000
T3C20 006:209.268 JLINK_STRACE_Read(..., NumItems = 0x10000)
T3C20 006:209.341 - 0.074ms NumItemsRead = 0x00
T3C20 006:209.408 JLINK_IsHalted()
T3C20 006:209.439 - 0.031ms returns TRUE
T3C20 006:209.465 JLINK_STRACE_Read(..., NumItems = 0x10000)
T3C20 006:209.486 - 0.021ms NumItemsRead = 0x00
T3C20 006:209.509 JLINK_GoEx(MaxEmulInsts = 0, Flags = 0x01)
T3C20 006:209.550   CPU_ReadMem(4 bytes @ 0xE0001000)
T3C20 006:210.009   CPU_WriteMem(4 bytes @ 0xE0002008)
T3C20 006:210.967 - 1.457ms 
T3C20 006:319.434 JLINK_IsHalted()
T3C20 006:319.887 - 0.453ms returns FALSE
T3C20 006:319.929 JLINK_IsHalted()
T3C20 006:320.425 - 0.495ms returns FALSE
T3C20 006:428.582 JLINK_IsHalted()
T3C20 006:429.005 - 0.421ms returns FALSE
T3C20 006:429.059 JLINK_IsHalted()
T3C20 006:429.579 - 0.518ms returns FALSE
T3C20 006:538.156 JLINK_IsHalted()
T3C20 006:538.625 - 0.468ms returns FALSE
T3C20 006:538.675 JLINK_IsHalted()
T3C20 006:539.107 - 0.431ms returns FALSE
T3C20 006:647.689 JLINK_IsHalted()
T3C20 006:648.081 - 0.392ms returns FALSE
T3C20 006:648.140 JLINK_IsHalted()
T3C20 006:648.447 - 0.306ms returns FALSE
T3C20 006:756.917 JLINK_IsHalted()
T3C20 006:757.355 - 0.435ms returns FALSE
T3C20 006:757.393 JLINK_IsHalted()
T3C20 006:757.753 - 0.359ms returns FALSE
T415C 006:830.076 JLINK_IsHalted()
T415C 006:830.599 - 0.522ms returns FALSE
T415C 006:830.670 JLINK_IsHalted()
T415C 006:831.054 - 0.383ms returns FALSE
T3C20 006:866.480 JLINK_IsHalted()
T3C20 006:866.864 - 0.383ms returns FALSE
T3C20 006:866.904 JLINK_IsHalted()
T3C20 006:867.305 - 0.400ms returns FALSE
T3C20 006:976.083 JLINK_IsHalted()
T3C20 006:976.597 - 0.514ms returns FALSE
T3C20 006:976.640 JLINK_IsHalted()
T3C20 006:977.057 - 0.416ms returns FALSE
T3C20 007:085.194 JLINK_IsHalted()
T3C20 007:085.690 - 0.495ms returns FALSE
T3C20 007:085.736 JLINK_IsHalted()
T3C20 007:086.153 - 0.416ms returns FALSE
T3C20 007:194.887 JLINK_IsHalted()
T3C20 007:195.421 - 0.533ms returns FALSE
T3C20 007:195.468 JLINK_IsHalted()
T3C20 007:195.874 - 0.405ms returns FALSE
T415C 007:211.742 JLINK_IsHalted()
T415C 007:212.238 - 0.495ms returns FALSE
T415C 007:212.278 JLINK_IsHalted()
T415C 007:212.885 - 0.605ms returns FALSE
T3C20 007:303.896 JLINK_IsHalted()
T3C20 007:304.501 - 0.603ms returns FALSE
T3C20 007:304.553 JLINK_IsHalted()
T3C20 007:305.067 - 0.514ms returns FALSE
T3C20 007:413.995 JLINK_IsHalted()
T3C20 007:414.447 - 0.451ms returns FALSE
T3C20 007:414.496 JLINK_IsHalted()
T3C20 007:414.879 - 0.382ms returns FALSE
T3C20 007:522.741 JLINK_IsHalted()
T3C20 007:523.250 - 0.508ms returns FALSE
T3C20 007:523.317 JLINK_IsHalted()
T3C20 007:523.750 - 0.432ms returns FALSE
T3C20 007:631.906 JLINK_IsHalted()
T3C20 007:632.393 - 0.487ms returns FALSE
T3C20 007:632.437 JLINK_IsHalted()
T3C20 007:632.816 - 0.377ms returns FALSE
T3C20 007:741.326 JLINK_IsHalted()
T3C20 007:741.776 - 0.449ms returns FALSE
T3C20 007:741.821 JLINK_IsHalted()
T3C20 007:742.321 - 0.500ms returns FALSE
T3C20 007:850.880 JLINK_IsHalted()
T3C20 007:851.621 - 0.739ms returns FALSE
T3C20 007:851.779 JLINK_IsHalted()
T3C20 007:852.133 - 0.354ms returns FALSE
T3C20 007:961.889 JLINK_IsHalted()
T3C20 007:962.441 - 0.550ms returns FALSE
T3C20 007:962.555 JLINK_IsHalted()
T3C20 007:963.001 - 0.445ms returns FALSE
T3C20 008:070.038 JLINK_IsHalted()
T3C20 008:070.574 - 0.536ms returns FALSE
T3C20 008:070.632 JLINK_IsHalted()
T3C20 008:070.965 - 0.332ms returns FALSE
T3C20 008:179.347 JLINK_IsHalted()
T3C20 008:179.893 - 0.544ms returns FALSE
T3C20 008:180.007 JLINK_IsHalted()
T3C20 008:180.531 - 0.523ms returns FALSE
T415C 008:213.808 JLINK_IsHalted()
T415C 008:214.299 - 0.491ms returns FALSE
T415C 008:214.346 JLINK_IsHalted()
T415C 008:214.628 - 0.281ms returns FALSE
T3C20 008:288.374 JLINK_IsHalted()
T3C20 008:288.841 - 0.466ms returns FALSE
T3C20 008:288.907 JLINK_IsHalted()
T3C20 008:289.409 - 0.500ms returns FALSE
T62EC 008:825.800 JLINK_Halt()
T62EC 008:828.650 - 2.850ms returns 0x00
T62EC 008:828.720 JLINK_ReadReg(XPSR)
T62EC 008:829.055   CPU_ReadMem(4 bytes @ 0xE000EE08)
T62EC 008:829.391 - 0.670ms returns 0x21000000
T62EC 008:835.963 JLINK_Close()
T62EC 008:837.453   OnDisconnectTarget() start
T62EC 008:837.524    J-Link Script File: Executing OnDisconnectTarget()
T62EC 008:837.557   Restoring low power mode settings.
T62EC 008:838.817   OnDisconnectTarget() end - Took 1.29ms
T62EC 008:849.340 - 13.375ms
T62EC 008:849.402   
T62EC 008:849.418   Closed
